python3-rpm-1:4.14.1-1.mga7.x86_64 1516259877 188814 1b723e6b55f5466d06e4a9ed7fa51aa7 installed
python-rpm-macros-3-5.mga7.noarch 1502797638 3278 aadb3c7bcfb7a2cf6da62300e6f8cf13 installed
cronie-1.5.1-1.mga6.x86_64 1470931335 231559 cd522215a5ecc020324f320c6a76fca7 installed
dnf-conf-2.7.5-1.mga7.noarch 1508941590 37002 02e98483137daa005b95d776d0677fac installed
lib64gpgme11-1.9.0-1.mga7.x86_64 1509525302 337752 667c6a1f103983610aa1e9519f99081f installed
mageia-dnf-conf-1.0-1.mga6.noarch 1461537916 29 ebe7ee8039a6b5ed2a8f4cd1ee1cf046 installed
python3-librepo-1.7.20-3.mga7.x86_64 1501875745 216220 fcf1f0539b92c0efefadcebde7463b7a installed
python2-rpm-macros-3-5.mga7.noarch 1502797638 1495 af515d58ca8cf4d5cee44c10a2bfccc3 installed
python3-hawkey-0.11.1-1.mga7.x86_64 1508939546 175811 1713dc51dbf245fae51065765ac28584 installed
icu59-data-1:59.1-5.mga7.noarch 1514477184 26290848 47c4f20ceb6ff1c522e9172d20403313 installed
python3-dnf-2.7.5-1.mga7.noarch 1508941590 1906196 05a10dd06a1ca6b0d014fb8b87145837 installed
kernel-userspace-headers-4.14.14-2.mga7.x86_64 1516358715 4364248 d7a586c0d274f7af84ee56eb93a9bf65 installed
python3-dnf-plugins-core-2.1.5-1.mga7.noarch 1508942412 179837 dadae30c5212c9375ccdbad0081d1f15 installed
mageia-repos-keys-7-0.0.1.mga6.noarch 1500235408 1666 2e54f5ee602a430a0265583fd3ffb1ab installed
dnf-utils-2.1.5-1.mga7.noarch 1508942412 3844 7ae0479b0a6327b4f6a0591f214e85e1 installed
passwd-0.79-6.mga6.x86_64 1455253903 395731 f4336b99eeb54b719bba079b8a6f537c installed
popt-data-1:1.16-13.mga6.noarch 1456060419 60192 e2f0bbc20efb9468c20917ebbcaed90f installed
lib64hunspell1.6_0-1.6.2-2.mga7.x86_64 1513695971 465760 8916f4328fd400e70934ca43e8fef9d8 installed
rust-srpm-macros-5-2.mga7.noarch 1515883584 1136 4140d23da5fdcc3543daccae129064b0 installed
lib64glibmm2.4_1-2.52.1-1.mga7.x86_64 1513618276 2470021 920d4aeb895e53adbae402e0cd63f8eb installed
cmake-rpm-macros-1:3.10.1-1.mga7.x86_64 1514825298 4534 3d4cf3469cf1b105eb7866043f93e89d installed
lib64hfstospell10-0.4.5-1.mga7.x86_64 1514582568 248688 2c01b437838cf897bf66c7723e9361aa installed
rootfiles-11.0-14.mga6.noarch 1455897202 14813 d308f7699a1f3454de2d1b5371095355 installed
enchant-1.6.0-14.mga7.x86_64 1501944165 34932 138af6fc54b0da10ad98c295ae65139a installed
run-parts-1:4.4-7.mga6.x86_64 1455301833 93729 a8d8c564e895e3049e0aee4d6b372cba installed
python3-enchant-1.6.10-1.mga7.noarch 1505460982 443571 970642693b22d9dff04eaa2745b0dec0 installed
filesystem-2.1.9-28.mga6.x86_64 1455178462 0 45b49454b231e86ab72c4fa32b62dc84 installed
rpmlint-mageia-policy-0.2.29-3.mga7.noarch 1501191269 11898 2b103f51afa363e7b0f6b85c568d5e77 installed
libgomp1-7.3.0-0.rc.20180117.1.mga7.x86_64 1516234135 397780 9c4cc2e4a42aa1596e5658d78b365d3a installed
lib64zlib1-1.2.11-4.mga6.x86_64 1490774438 120355 a6f2878af6f9341c02292fab608027f9 installed
spec-helper-0.31.11-1.mga6.noarch 1452376089 32435 2b14d3f147f0951754a0275a05968565 installed
lib64lzma5-5.2.3-2.mga7.x86_64 1504715941 238006 222cbd13b43f8f0078d64e8a6c11231a installed
rpm-build-1:4.14.1-1.mga7.x86_64 1516259877 275105 c8fe0dee70f0c3a20cb5b45038834057 installed
lib64popt0-1:1.16-13.mga6.x86_64 1456060419 54457 e1101a4814f951cbc5c337e52f7e59f5 installed
glibc-6:2.22-27.mga7.x86_64 1516479354 27402943 507e0ff7ee8088cac757d5209423cc5d installed
lib64gmp10-6.1.2-2.mga7.x86_64 1516266597 535367 ce65554e2fb7fadb7e7490d9ea3f77fa installed
rootcerts-1:20180104.00-1.mga7.noarch 1516471053 2953667 47c235adbe4621637cb3f0eb9d8465ac installed
lib64xml2_2-2.9.7-2.mga7.x86_64 1514395653 1487208 34a2f306c22b45e1bc893f161168ba77 installed
yasm-1.3.0-2.mga6.x86_64 1455717936 2058405 13a153cc0e95bd8ea2fd319bd9ade635 installed
lib64gpg-error0-1.27-1.mga7.x86_64 1509489084 83440 607c29b7c519192dde5610695162b052 installed
lib64uuid1-2.30.1-2.mga7.x86_64 1505645837 20152 a1850709e9ae1e872e33d649d8023325 installed
lib64ffi6-3.2.1-5.mga6.x86_64 1455209060 53623 193f7267b19db640409187a51e0026e0 installed
lib64unistring2-0.9.8-1.mga7.x86_64 1515251331 1620699 6abb89320ea625622ac5d7d40326cb10 installed
lib64idn2_0-2.0.4-1.mga7.x86_64 1507729794 144319 f4d2fc48a6c2808a4772d3c3ffe0055f installed
lib64intl8-0.19.8.1-1.mga6.x86_64 1465844977 234489 83950cd2c4431e7e62cd840eb18324f9 installed
lib64assuan0-2.4.3-1.mga6.x86_64 1470926306 78864 c574e1725e0cb38c4189d0109700aab5 installed
info-install-6.1-1.mga6.x86_64 1462821644 51402 373ae2a1345a813f1d1a4e30fdad28e6 installed
file-5.32-1.mga7.x86_64 1508361504 5993468 09f38e2e5fbbc39f6abe9431f4232f1c installed
lib64acl1-2.2.52-7.mga6.x86_64 1455119789 204951 8147b9e0c8a600b36d305376931a30e0 installed
bzip2-1.0.6-11.mga7.x86_64 1515081866 141310 f701c08ce40dde58b05b83cb1f081c92 installed
lib64devmapper1.02-1.02.137-3.mga7.x86_64 1514666474 343008 45cfc964c5c8a7355f5399ed1a27e9d1 installed
lib64nettle6-1:3.3-1.mga6.x86_64 1475498006 1003216 5758d37931b2ecb7a99f217beb29abe0 installed
perl-2:5.26.1-2.mga7.x86_64 1516303054 45236572 0eca8fb6585b083a5b95da1fac81785d installed
which-2.21-3.mga6.x86_64 1455308603 50534 744d1c75d1640178f7fe94bc9c775fdc installed
pkgconfig-0.29.2-1.mga7.x86_64 1509630090 165390 5b57edd905f04aa6c52fb4fb0f7d7392 installed
p11-kit-0.23.2-2.mga6.x86_64 1463186562 62480 ba7e0e93102dfaaaad6456c7d5070d7d installed
lib64crack2-2.9.6-5.mga6.x86_64 1481570481 44736 fb551ea493a955f0974443211907ef7c installed
lib64cap-ng0-0.7.8-2.mga7.x86_64 1501938029 50470 baff33d56fba6c20c9a97a0d9472da92 installed
lib64pam0-1.3.0-6.mga7.x86_64 1504615160 714288 293746bf7804485ae272725ca4e34fda installed
lib64systemd0-236-4.mga7.x86_64 1515525474 524544 f032fc5fc61ba0382cc749cc9323b6b6 installed
lib64pam_userpass1-1.0.2-13.mga7.x86_64 1504202208 15371 057512d30bb082bf04c43a61aaa9a2e7 installed
cracklib-dicts-2.9.6-5.mga6.x86_64 1481570481 9994892 0e53ab3d9db2591fd64741b3987e95e0 installed
nikto-2.1.5-9.mga6.noarch 1454893526 2066530 6abb058ba24b5da3a05fff5e1b9b5922 installed
perl-File-Slurp-9999.190.0-8.mga6.noarch 1466296652 49678 42e71e36674d265d5226ec06fc832615 installed
perl-List-MoreUtils-0.428.0-1.mga7.noarch 1513075712 110554 fa6bac10302116e28c45cfcb8bc98c0e installed
lib64hogweed4-1:3.3-1.mga6.x86_64 1475498006 834680 987bb8bb7d414bb2c5dc22df9689aa6e installed
lib64devmapper-event1.02-1.02.137-3.mga7.x86_64 1514666474 24056 111ed555932436518ca69d3d0cb5a40b installed
lib64psl5-0.19.1-1.mga7.x86_64 1510404463 56648 a3ff68b9e3eb1f925132fecb99d61754 installed
lib64croco0.6_3-0.6.12-2.mga6.x86_64 1492961795 577875 14a4a369a5078b106b31e19d9b782636 installed
lib64ksba8-1.3.5-1.mga6.x86_64 1471867840 232304 60b6d0ec33be3c2039b318786d9c3faf installed
lib64natspec0-0.3.1-2.mga6.x86_64 1455540844 244713 200b98f3afb9567cb647e2f49415e32d installed
lib64kmod2-24-2.mga6.x86_64 1495518618 91680 9543075d50a5d919433e3eb3b6c6fd7b installed
perl-File-Sync-0.110.0-22.mga7.x86_64 1506979134 18634 7bf1194e5fab1e247316ff2e248c0472 installed
multiarch-utils-1.0.13-7.mga6.noarch 1455896961 12031 3cc0c1ce186edb678fe4b5fc716e0b53 installed
patch-2.7.5-2.mga6.x86_64 1455254537 232560 fc8fa6e11ec7b200bde2b359156c1271 installed
ethtool-1:4.13-1.mga7.x86_64 1512026844 320657 55ff56aae09027dcfb40254f1ebad40f installed
ipcalc-0.2.0-4.mga7.x86_64 1514664687 58479 bbe889e7405a88e3b02127c24af4f098 installed
lib64ipt1-1.4.4-2.mga6.x86_64 1460584767 74813 47759b245bf67d4a77f52697f9e9defc installed
lib64pcre32_0-8.41-3.mga7.x86_64 1513263578 406512 66b76f7cdfd5851bea523b01aa06a8ad installed
lib64ip4tc0-1.6.1-3.mga7.x86_64 1514846438 32872 d91966a8d88534296fd3c5d38713fd57 installed
lib64seccomp2-2.3.2-1.mga6.x86_64 1488782177 270760 54d425b8e310cc6c5024188f4320439e installed
lib64daemon0-0.14-10.mga6.x86_64 1455208973 28088 571ae182431fb1dcf4e96a6294323b2f installed
traceroute-2.1.0-1.mga6.x86_64 1462555580 74099 e342987823b0e420831742e48510d352 installed
lib64ltdl7-2.4.6-6.mga7.x86_64 1505148014 41981 56ddbba77f87198ec6ac197bf63b9c2c installed
lib64tasn1_6-4.12-1.mga6.x86_64 1496851685 78056 7f0fa433dae2b4c5cc5bf19d658972f3 installed
lib64microhttpd12-0.9.58-1.mga7.x86_64 1512749475 244432 fb29a9a007ba25925217af2c117aca67 installed
lib64brotlicommon1-1.0.2-1.mga7.x86_64 1512738609 131036 e5c53cb38329866bbf0df8c8f97d3961 installed
lib64verto1-0.2.6-7.mga7.x86_64 1505461537 23060 08bfbafe8dd213969c81b511aeda5868 installed
lib64npth0-1.5-1.mga6.x86_64 1497360148 42509 b39609b948f03386b1d1816386f245bb installed
crontabs-1.10-22.mga6.noarch 1455896779 677 cc30a7963a2bdc8c2a7e26bb3b2a6ff0 installed
libgcc1-7.3.0-0.rc.20180117.1.mga7.x86_64 1516234135 320908 e8445fb3bdcad09c026d856bb9b77ed5 installed
bash-4.4-12.1.mga7.x86_64 1508531107 4984928 fdbe0cce500dc4c53948148397f483ab installed
shadow-utils-2:4.4-2.mga7.x86_64 1513866833 3626198 177a3d1f5a93cc35d9eadb7ea77f6886 installed
lib64ncursesw6-6.0-20171223.2.mga7.x86_64 1515311877 447880 365f2afba7c9e2b163c24e99a8b085b0 installed
gawk-4.2.0-1.mga7.x86_64 1509109269 2418923 4cb40da7380f5a86769ca2bbce28e3ef installed
mageia-release-common-7-0.4.mga7.x86_64 1515337584 143016 b72e196cac97047f8ef9eb914f365e24 installed
mageia-repos-cauldron-7-0.0.1.mga6.x86_64 1500235173 37746 ecbdd9905e74fbc8fe308b9db65d28ee installed
lib64lua5.3-5.3.4-3.mga7.x86_64 1512249100 235936 8c03f6d9e35ab11cc662574bbcbb240b installed
e2fsprogs-1.43.6-1.mga7.x86_64 1504972815 4442955 4038ce9a30c1cf311d1540f81c65307d installed
lib64user1-0.62-12.mga7.x86_64 1515510938 125000 0b7a98a604fe8c1ca2ef5fa5afce9b39 installed
crypto-policies-20170606-2.mga7.noarch 1503748540 41853 fcd289d6ca12713916c7ea20e7e79e18 installed
lib64rpm8-1:4.14.1-1.mga7.x86_64 1516259877 678584 b401aec745078d0a89a14d0b7e5c724e installed
lib64archive13-3.3.2-3.mga7.x86_64 1504817719 772808 d20171d8e476e7cc65402700fa62302f installed
tar-1.29-4.mga7.x86_64 1504805539 2816314 968170782e6938d4c8144648a9e4f55e installed
less-487-2.mga7.x86_64 1504717854 567098 5ceb9ab91539d32fbe5cde8d47d16199 installed
psmisc-22.21-7.mga6.x86_64 1455297226 479566 4182fe9f38ccee0d48ca76c8ebb050d8 installed
lib64guile2.0_22-2.0.14-2.mga7.x86_64 1514908096 1582616 bfc0678c75f88876762edc64c702159f installed
lib64solv0-0.6.30-1.mga7.x86_64 1508936051 872371 b0d5b0d3783db0845d9e74105a25208e installed
lib64rpmsign8-1:4.14.1-1.mga7.x86_64 1516259877 19912 aae435956fbb7e0081dd3be154490d4e installed
rmt-0.4b46-4.mga7.x86_64 1514905844 41251 eaf1846dd2a36989e73987446e149073 installed
lib64ssh2_1-1.8.0-1.mga7.x86_64 1502010569 386377 bb37d08ec39933cac916d52cd517515d installed
lib64krb53-1.16-1.mga7.x86_64 1516303251 2127504 ee5d7475a97ed4a0da4a6401deedc73e installed
lib64fdisk1-2.30.1-2.mga7.x86_64 1505645837 384424 4761b6599719a1888eed322006944694 installed
makedev-4.4-21.mga6.noarch 1455897082 285810 3166dff6169a210b4c2ec1685fc6daba installed
lib64ldap2.4_2-2.4.45-3.mga7.x86_64 1501710364 746880 3a00240ec0d8856547d4a3fb9664a2c9 installed
libtool-base-2.4.6-6.mga7.x86_64 1505148014 1929518 3f0ec4897f284f2d343912e015c85482 installed
logrotate-3.12.2-1.mga6.x86_64 1495518817 123127 c006df14190b7696fddf8d3a71fbf950 installed
timezone-6:2017b-1.mga6.x86_64 1490470548 1344702 7c86443e3e0a8c3a5d79e6584702c85f installed
diffutils-3.6-1.mga7.x86_64 1504104894 1299541 739aa3b578be7f489d27d21fbd635c87 installed
autoconf-1:2.69-9.mga7.noarch 1504534326 2211216 b4920951dd3dbd18137ca445d7701217 installed
lib64idn11-1.33-3.mga7.x86_64 1507120831 252044 a45b7579a4e894f2a16888cbcc927a51 installed
iproute2-4.14.1-1.mga7.x86_64 1511705858 1773628 d6d988d4dc03a108447f0b0b92a69378 installed
lib64gio2.0_0-2.54.3-1.mga7.x86_64 1515447294 1696216 a193e2eaf15b9fe5c1a46fe93495586c installed
libsecret-tools-0.18.5-2.mga6.x86_64 1497173859 21744 0cb6789af5d7f7be0e87214c6353d7e1 installed
desktop-file-utils-0.23-2.mga6.x86_64 1471486494 328020 9676a035e4a8dbcb96dcbafdd3027b2d installed
ncurses-6.0-20171223.2.mga7.x86_64 1515311877 483770 0c3bb579faadcd612f796f9452c85826 installed
groff-for-man-1.22.3-1.mga6.x86_64 1448985700 2712980 13b9c014c20f68dbc7d239aaba2bbcf7 installed
lib64sqlite3_0-3.21.0-2.mga7.x86_64 1514553896 1029192 782ae987959358d8d47f679a33e2c628 installed
python3-pkg-resources-36.2.4-6.mga7.noarch 1506931547 840129 b1038fbe39eebe455a9215808bf09954 installed
python3-3.6.2-4.mga7.x86_64 1514912703 17000 2ae551fc1500792ec567efe4c751355b installed
lib64python3.6-stdlib-3.6.2-4.mga7.x86_64 1514912703 30186459 95542d20e2b6c9f66884f09d7f2eab59 installed
gobject-introspection-1.54.1-1.mga7.x86_64 1506948404 2003550 26cd548870fa1ba1259c80a64aca4c36 installed
python3-libcomps-0.1.8-3.mga7.x86_64 1501826474 143562 2c237eba9903440ce938aee2e4581c09 installed
isl-0.16.1-1.mga6.x86_64 1453661691 16646 230e57f36d6703f4a7652e76c6f77070 installed
gcc-cpp-7.3.0-0.rc.20180117.1.mga7.x86_64 1516234135 23869096 343cd8847cde522c763384c373b17683 installed
gcc-c++-7.3.0-0.rc.20180117.1.mga7.x86_64 1516234135 25004614 8b7246eccc87c135c28a3e4df3bd88a6 installed
python3-six-1.10.0-3.mga7.noarch 1501763932 119471 96a02f326db8044d535ca7709b0bb47b installed
python-2.7.14-1.mga7.x86_64 1512514289 273357 236e33921e046b12e4b413e498ee47e9 installed
lib64python2.7-stdlib-2.7.14-1.mga7.x86_64 1512514289 20886590 d72e87d0315cd4ec1129a7cf5c5e9b2a installed
dbus-1.10.16-1.mga6.x86_64 1487347310 520614 804a0d8d0bd9426cfe23f0880e093ccb installed
procps-ng-3.3.12-1.mga6.x86_64 1471034217 1188740 a3db0f3e7db01bd0115cb6b05d1bec39 installed
rpm-helper-0.24.17-4.mga6.noarch 1455897261 42353 55e8ce673ce10a1585e768e0f94b2960 installed
nss_tcb-1.1-7.mga6.x86_64 1455304952 11208 b25dfe34dcb5fedeb8d49af486d4a03b installed
resolvconf-1.79-1.mga6.noarch 1464209425 69744 25253ceda5f48e51af4761bf85342de7 installed
systemd-units-236-4.mga7.x86_64 1515525474 491505 e0b7bd4a4585c787ddaeab668ac41da9 installed
dmsetup-1.02.137-3.mga7.x86_64 1514666474 267990 3ffa62aac0dfb3de67931f4571636531 installed
rpm-1:4.14.1-1.mga7.x86_64 1516259877 2023479 a52f9a667b103897c3898a76bbbec82f installed
gpg-pubkey-80420f66-4d4fe123 1297080611 0 (none) installed
python3-rpm-generators-4.13.0.1-2.6.mga7.noarch 1502063982 65745 3d0b5758fa8ce5d048e64eb02db290cc installed
libsecret-i18n-0.18.5-2.mga6.noarch 1497173869 76954 0a18a627e5ca592a5604ba9d56a7b574 installed
gnupg2-2.1.22-2.mga7.x86_64 1514902652 10929080 b00eda79226ed8845a8ab127d7eff4cc installed
rpm-mageia-setup-2.25-2.mga7.x86_64 1505097451 7519 e363229dbabf943f3213105bc7d80c8b installed
lib64repo0-1.7.20-3.mga7.x86_64 1501875745 168904 df9a128c5ca1365e061b7529caff10be installed
python3-rpm-macros-3-5.mga7.noarch 1502797638 1509 415cf583725fc4b0ef89a19f2bed276a installed
lib64dnf1-0.11.1-1.mga7.x86_64 1508939546 312089 74fc5af1402c32355f8ff007ca5b6672 installed
hawkey-man-0.11.1-1.mga7.noarch 1508939546 14996 935e6ceab6c7723566594cbd497c0695 installed
python3-gpg-1.9.0-1.mga7.x86_64 1509525302 1252610 4863bbd95d0a2375dcda725efe960e78 installed
dnf-2.7.5-1.mga7.noarch 1508941590 1388586 2de15a0b277cc5f5c063af1bbd98f705 installed
mageia-repos-pkgprefs-7-0.0.1.mga6.noarch 1500235408 0 f37eb5898948e055f1f0e9e80f82b4ab installed
dnf-plugins-core-2.1.5-1.mga7.noarch 1508942412 238914 a5657b137c5a4e78a4a2693b5567c8c0 installed
libgpg-error-common-1.27-1.mga7.noarch 1509489084 422805 66ded465ccfdb4d97dd341fe193b062f installed
gdb-headless-8.0.50.20171213-1.mga7.x86_64 1514620166 7775014 d8efd822bcccc2ac524dbf9e6b6d2978 installed
guile-runtime-2.0.14-2.mga7.x86_64 1514908096 9408506 a2d9e8229e2af66d34574ba73bb3c4dc installed
rpm-plugin-systemd-inhibit-1:4.14.1-1.mga7.x86_64 1516259877 12180 f6dac30c4813c1bf6162eac84e858f3d installed
dash-static-0.5.9-2.mga7.x86_64 1504379672 132963 fbc73310aa121964bf2bb247f394c8e4 installed
lib64sigc++2.0_0-2.10.0-1.mga6.x86_64 1474720461 81145 0500f98a5ae39bb306871ace10825cea installed
python-srpm-macros-3-5.mga7.noarch 1502797638 621 87343683ca6ab6e94e7b1232d8f88160 installed
lib64xml++2.6_2-2.40.1-2.mga6.x86_64 1448795881 216368 ce47596e73949eca28f3a24cd817175e installed
sash-3.8-6.mga6.x86_64 1455302300 996788 c18a24d8c9f8951a6c7fcf9c2a84e5eb installed
lib64voikko1-4.1.1-3.mga7.x86_64 1514903435 288521 6e2767316f4e57d72faedb97303847a3 installed
common-licenses-1.1-8.mga6.noarch 1455896735 167218 c6035793ecaec8366a181fa988e54405 installed
lib64enchant1-1.6.0-14.mga7.x86_64 1501944165 84928 1806c7aa33693c0935a4cdfb067dbfe8 installed
setup-2.7.24-1.mga6.noarch 1472710689 702922 db4e26b38ea982361479a37bf17416f8 installed
rpmlint-1.10-2.mga7.noarch 1510496455 1092356 212919633866d89156853b2105edb8ee installed
grep-3.1-1.mga7.x86_64 1504106597 667265 0e59b4e6447afeb783c52eda2c2cca71 installed
elfutils-0.170-1.mga7.x86_64 1505978332 1954144 ab7204d7b2b475005898d8d60824a2ef installed
lib64pcre1-8.41-3.mga7.x86_64 1513263578 468032 8dd5dd653be7b7aa4c7408f244f9ece8 installed
gettext-0.19.8.1-1.mga6.x86_64 1465844977 1641775 7c49cef108a7217368dea80af0ff694c installed
perl-base-2:5.26.1-2.mga7.x86_64 1516303054 6226292 dafa10e70d6bf29b9dcd743fc28e48a8 installed
rpm-mageia-setup-build-2.25-2.mga7.x86_64 1505097451 142980 b0009ca661060d58ef55163838d917fc installed
lib64bz2_1-1.0.6-11.mga7.x86_64 1515081866 70165 d76161a9dc86d1e9d952568efaef7083 installed
basesystem-minimal-1:7-0.1.mga7.x86_64 1502718147 0 b9a2c7b5c934c182ce4bd681b8a73e6a installed
chkconfig-1.10-1.mga7.x86_64 1508027479 763425 fdd81b38a1fca61b24aa6d366f1900d4 installed
glibc-devel-6:2.22-27.mga7.x86_64 1516479354 5909290 61090995358704a309cc93086c4a8482 installed
lib64elfutils1-0.170-1.mga7.x86_64 1505978332 840431 46e796c124953f53024a68c80381d818 installed
publicsuffix-list-dafsa-20180111-1.mga7.noarch 1516472428 54580 78f2e86097c76d8a8176784d39abaf80 installed
lib64cap2-2.25-1.mga6.x86_64 1460387733 71216 0b8534a73aeabf685c76a1bac063adec installed
lib64db5.3-5.3.28-14.mga7.x86_64 1515161363 2333798 cffc1c98db18cefcd02bcbe3aa3f7b1d installed
lib64expat1-2.2.5-1.mga7.x86_64 1509563979 206424 3a771e6bf3b4998893f165c4b8219304 installed
lib64glib2.0_0-2.54.3-1.mga7.x86_64 1515447294 1523882 02e242c15498118ea2cfa84842ceee10 installed
lib64gcrypt20-1.8.1-1.mga7.x86_64 1509527223 1274794 e60d87ae7111acd871d2d8641dbd0f87 installed
lib64mpfr4-0:3.1.5-2.mga7.x86_64 1516266801 402128 f6364939a494835b8906d4fb17a5b967 installed
lib64mpc3-1.0.3-2.mga7.x86_64 1516266740 108477 5af5404f8327cd78565e977fd70cef94 installed
xz-5.2.3-2.mga7.x86_64 1504715941 506967 a5cb6d0ae322e0ecf5e082a975d3c4ca installed
lib64magic1-5.32-1.mga7.x86_64 1508361504 149880 ce7004ce05fccc2529ccf48f1dc9377f installed
lib64attr1-2.4.48-1.mga7.x86_64 1516178326 19960 076be52ab49fbf9566eee5e582c92708 installed
coreutils-8.28-1.mga7.x86_64 1505152406 14438756 941ad53c2f154c4b4a845942f8aa8c76 installed
lib64udev1-236-4.mga7.x86_64 1515525474 124032 b9e2fa614250a45a8c7292b88c353172 installed
lib64sigsegv2-2.10-7.mga6.x86_64 1455214956 68787 f7bcb407d23e09f9fff70d01b1c81c1f installed
lib64gdbm4-1.13-1.mga7.x86_64 1512139345 86049 68ffb25c84abd7bedfa9a307cfd16e38 installed
lib64tcb0-1.1-7.mga6.x86_64 1455304952 25160 3a33ecf358decda0ce4d75a815343093 installed
gettext-base-0.19.8.1-1.mga6.x86_64 1465844977 3429413 d7a4e341a05dc64eef437d09f689a006 installed
lib64p11-kit0-0.23.2-2.mga6.x86_64 1463186562 422254 5e5097ce2f8d213c38c02914bb9d0fee installed
kmod-24-2.mga6.x86_64 1495518618 196553 42a2af9eed0855c4502a39a0c0d75741 installed
hostname-3.18-1.mga6.x86_64 1470925066 37619 9d85525953b414224933f7ad6bd610fe installed
lib64audit1-2.8.2-1.mga7.x86_64 1513726185 115675 a4b133347f7f6a39e4721f4aa984c3f0 installed
lib64lz4_1-1.8.0-2.mga7.x86_64 1513017078 86128 72431eb58165b61c47875c8b0bf341e6 installed
lib64procps6-3.3.12-1.mga6.x86_64 1471034217 99389 7163687c66559c87d52727fb39d5a01d installed
pam_tcb-1.1-7.mga6.x86_64 1455304952 40132 ac50aab20b6267d8bb252a47f3f0a4b4 installed
perl-YAML-Tiny-1.700.0-1.mga7.noarch 1500762979 172401 296b2791ba7aa313b14a13175da711bd installed
perl-JSON-2.970.10-1.mga7.noarch 1514072229 253670 9a9db94d0e3cce4ff9701cf3e5b8adff installed
perl-Exporter-Tiny-1.0.0-1.mga7.noarch 1500650345 91285 6e4366c47c0bee0f9caa17ba3b664a85 installed
perl-List-MoreUtils-XS-0.426-1.mga7.x86_64 1507015898 159853 da3a44bfa3be71402407d8376531d7a7 installed
lib64cryptsetup4-1.7.5-1.mga6.x86_64 1493634028 166720 dc4ce80d81baf2f5d92145831bcfd5a2 installed
lib64usb1.0_0-1.0.21-1.mga6.x86_64 1478193234 143540 b72779d0aab170441f806ea394b77b25 installed
lib64babeltrace1-1.5.3-3.mga7.x86_64 1512031857 563091 8074cd96f4d92d6393c6be41873cd74d installed
lib64comps0-0.1.8-3.mga7.x86_64 1501826474 206784 fca14d4f9302432e39002152d569e09b installed
dwz-0.12-2.mga6.x86_64 1455174740 225249 98b6fdf928f9a85196a3bd897b783894 installed
unzip-6.0-18.mga7.x86_64 1513804348 738662 3b0e1c3eaf5dd37629b8cbce4628b6cf installed
perl-YAML-1.240.0-1.mga7.noarch 1509467431 190910 1ef825c76351089de0a3e3d89ff49fa3 installed
perl-MDK-Common-1.2.34-1.mga7.noarch 1509151121 122580 9f908e4173dd08c0cb6e46776a96f82c installed
lib64pcreposix1-8.41-3.mga7.x86_64 1513263578 11240 f037cb206cc0f27b357f2d7c1bde7bb4 installed
lib64fuse2-2.9.7-3.mga7.x86_64 1507356443 288890 ba41c91371b56d98c26a542c3f1cd8c8 installed
ifmetric-0.3-17.mga6.x86_64 1455503911 16448 e979cd8efa3ae96ede6b157433f79a31 installed
lib64smartcols1-2.30.1-2.mga7.x86_64 1505645837 185328 7a07a21832fbfb67b7fe7e4bced85bb0 installed
lib64pcre16_0-8.41-3.mga7.x86_64 1513263578 426968 2db3623137352da581b94629fb035c74 installed
pcre-8.41-3.mga7.x86_64 1513263578 240175 6f5f1a8411e8efe91cffc6d5b94efd02 installed
lib64qrencode4-4.0.0-1.mga7.x86_64 1507398084 649360 fcf886896298ff85064691d200e7b883 installed
nss-myhostname-236-4.mga7.x86_64 1515525474 807832 f93bd977a12fb615b26aaaca0291753b installed
ifplugd-0.28-20.mga6.x86_64 1455504116 114560 0853a7561355f4d848a3e83ae7570c4f installed
lib64atomic_ops1-7.6.2-1.mga7.x86_64 1515217929 6904 ace678c62d7843b1087d5e9604bd4277 installed
lib64nghttp2_14-1.25.0-1.mga7.x86_64 1504881070 159028 0fb6b9c85f7d22071c6ccf2c7ef69853 installed
lib64gnutls30-3.6.1-3.mga7.x86_64 1509119225 1417336 8be158aee4c86e37907339312a308f89 installed
lib64lockdev1-1.0.4-0.120111007git.12.mga6.x86_64 1455235590 29727 e89ab7fb01128f798fb70d2086235765 installed
lib64brotlidec1-1.0.2-1.mga7.x86_64 1512738609 49620 89fb93dd2bda381a509843223a5d3edb installed
lib64sasl2_3-2.1.26-14.mga7.x86_64 1514029257 125280 0a60d5e8d06f8428c110fa798b0c3cc3 installed
lsb-release-2.0-53.mga7.noarch 1500236526 19261 2b597d45c9b96a401fcd6db89930b98c installed
libstdc++6-7.3.0-0.rc.20180117.1.mga7.x86_64 1516234135 3139684 fc4a1d5450e1737d91595506ada5c972 installed
lib64ncurses6-6.0-20171223.2.mga7.x86_64 1515311877 655040 4401841ca25f98e448b46cd26090139a installed
sed-4.4-1.mga7.x86_64 1508034718 978495 8f53b4538f2469f0176df41ef93901f2 installed
lib64blkid1-2.30.1-2.mga7.x86_64 1505645837 290856 6de152caae4cfd8956ae63570054f9ef installed
lib64readline7-7.0-1.mga7.x86_64 1508422595 355512 d9c3c6cf27b1db112c5d4543a9b96a05 installed
findutils-4.6.0-1.mga6.x86_64 1451426987 1682205 af9979ee197ced62509b3d3d69c14636 installed
mageia-release-Default-7-0.4.mga7.x86_64 1515337584 819 65d2e3a3c13e9485997afb42c0608ab6 installed
mageia-repos-7-0.0.1.mga6.x86_64 1500235173 38571 e265fca52471f9cdd80644ec6f8e6cd0 installed
lib64ext2fs2-1.43.6-1.mga7.x86_64 1504972815 430823 46020c92c0e062f3a0c87ca9bca94ca2 installed
lib64mount1-2.30.1-2.mga7.x86_64 1505645837 328504 7c504bd6de5aa9b573b480af75b16f72 installed
libuser-0.62-12.mga7.x86_64 1515510938 1675098 c2c6fe887ca18a571f7dfb2f2f3d9be6 installed
lib64openssl1.1-1.1.0g-1.mga7.x86_64 1509956404 3419099 e011485df1e6fb171f6463e33e80f90a installed
lib64rpmbuild8-1:4.14.1-1.mga7.x86_64 1516259877 172472 b08fd80f96cbd96b6f947acd89a180b8 installed
kbd-2.0.3-1.mga6.x86_64 1451607906 3354235 d5adad64f340f3a9fb266596715af861 installed
binutils-1:2.29.1-8.mga7.x86_64 1516267714 27092550 88b33e355c4fb4bbc38162027c4655db installed
gzip-1.9-2.mga7.x86_64 1515695801 265252 d14f2cae01bbd724ff4269d9ced25b87 installed
lib64gc1-7.4.2-8.mga6.x86_64 1496600903 204901 9de5e7bd7af147f6fa3639a0f656c9c7 installed
libsolv-tools-0.6.30-1.mga7.x86_64 1508936051 325239 09e8915937d87d677b3e0b497c86be86 installed
rpm-plugin-syslog-1:4.14.1-1.mga7.x86_64 1516259877 11304 89eb5eb7099ce340b6b600abcaa487d2 installed
deltarpm-3.6.1-6.mga7.x86_64 1504204393 841532 78abdac72f78eb945758584725f74321 installed
cpio-2.12-3.mga6.x86_64 1458058612 909720 dd1b933f25ec685464835e967fcfb499 installed
krb5-1.16-1.mga7.x86_64 1516303251 229886 672a9a2f50824e312cd74f1d91cc4302 installed
libutempter-1.1.6-5.mga6.x86_64 1455215518 39893 21c29c359d56ff79b975cb67aab26837 installed
openldap-2.4.45-3.mga7.x86_64 1501710364 15507 73bf493cd2bcf7dbe8ac82c9842c77de installed
lib64curl4-1:7.57.0-2.mga7.x86_64 1512741055 553584 bb8576e715905e29fc15710713fedd7f installed
etcskel-1.63-34.mga6.noarch 1455896840 4609 c0908ca80e979be1bd0c6405f7ca011b installed
time-1.7-45.mga6.x86_64 1455305815 22414 f7115f3406ca61ec1b0a63c5e3bc6692 installed
make-1:4.2.1-1.mga7.x86_64 1505505940 1477713 0dba2065a4d32b7aa34a7001675c1dca installed
m4-1.4.18-1.mga6.x86_64 1483272404 293307 4695c9954f4849a07497c819f5d39bc0 installed
automake-1.15.1-1.mga7.noarch 1508027706 2468865 30a780734e4131151d373d02a0de4897 installed
iputils-20161105-2.mga6.x86_64 1480335214 323382 53be525563c805ca3947d6935b59fa76 installed
shared-mime-info-1.8-2.mga7.x86_64 1505266429 2351729 538550cdbb487c7044f8126294b59811 installed
lib64secret1_0-0.18.5-2.mga6.x86_64 1497173859 336248 1d434189d1655503ca0bf257234553be installed
pinentry-1.1.0-1.mga7.x86_64 1515218917 234578 dfc9ea197d6ccde63403ab68fa56c2ed installed
vim-minimal-8.0.1428-2.mga7.x86_64 1515188120 886602 69a3055afde21cacfba98910aeb310f2 installed
lib64gettextmisc-0.19.8.1-1.mga6.x86_64 1465844977 980193 b32d2ebfe4e8d967810ced20187f8c85 installed
lib64icu59-1:59.1-5.mga7.x86_64 1514477185 4607600 ace9ed9d4ddd9b6eba25e45d9f45d89f installed
python3-setuptools-36.2.4-6.mga7.noarch 1506931547 1322120 b5c0baab1e39a17b81661f6c8327def6 installed
python3-pip-9.0.1-2.mga7.noarch 1501347836 9373485 3fcc885df78db794a07503bc4edd6ed6 installed
lib64python3.6-3.6.2-4.mga7.x86_64 1514912703 2801688 f4b579dd64cd5410f0e79ff52713d960 installed
lib64girepository1.0_1-1.54.1-1.mga7.x86_64 1506948404 217064 04cb5d7e5074c46ceb692c2d5891dee7 installed
libstdc++-devel-7.3.0-0.rc.20180117.1.mga7.x86_64 1516234135 11277975 e5b39276d587e6c0086a1c819e358d3d installed
python2-pkg-resources-36.2.4-6.mga7.noarch 1506931547 924201 f31015f3ad5c48d77bce5a8336f789ac installed
lib64isl15-0.16.1-1.mga6.x86_64 1453661691 1694056 feec0ee8b973be4503705a4ab591befd installed
gcc-7.3.0-0.rc.20180117.1.mga7.x86_64 1516234135 51625610 b6ce665cbebd43933e3299890dcd7df8 installed
python3-magic-5.32-1.mga7.noarch 1508361504 17965 7a9f7480e4554341712233dc1083c7b7 installed
python3-iniparse-0.4-15.mga7.noarch 1501797718 146627 192802484d68fc12b96da5bf59c16e83 installed
lib64python2.7-2.7.14-1.mga7.x86_64 1512514289 1825960 94de4034407b825469718c94980e1e69 installed
lib64dbus1_3-1.10.16-1.mga6.x86_64 1487347310 333344 ea27da666355c11ea7dce763c90c78d5 installed
lockdev-1.0.4-0.120111007git.12.mga6.x86_64 1455235590 8004 dc37189ee820fec85f88cd61aaa62966 installed
tcb-1.1-7.mga6.x86_64 1455304952 46677 b8b75a1c4262fecfa7ea4c29bbf70759 installed
pam-1.3.0-6.mga7.x86_64 1504615160 930805 a0f98bef7cae7f0616f9ae50eef15f30 installed
util-linux-2.30.1-2.mga7.x86_64 1505645837 11304700 9f901e2a1aeab5f877e097b96245b887 installed
systemd-236-4.mga7.x86_64 1515525474 19027105 d0df39d0a4e453c5240fca753a6e00d4 installed
net-tools-2.0-0.20150915git.4.mga6.x86_64 1481358697 934275 d76b6f6826c41aef91398e42bfe28f1b installed
initscripts-9.78-5.mga7.x86_64 1515038429 6717658 ccb71334108d4d7f5fd75f52c45aabf7 installed
