2018-01-21 00:29:26,438 - Mock Version: 1.4.8
2018-01-21 00:29:28,244 - Start: dnf update
2018-01-21 00:29:49,292 - Finish: dnf update
2018-01-21 00:29:49,314 - Finish: chroot init
2018-01-21 00:29:49,317 - Start: build phase for freecell-solver-4.16.0-1.src.rpm
2018-01-21 00:29:49,319 - Start: build setup for freecell-solver-4.16.0-1.src.rpm
2018-01-21 00:30:20,203 - Start: clean chroot
2018-01-21 00:30:24,188 - Finish: clean chroot
2018-01-21 00:35:51,170 - Mock Version: 1.4.8
2018-01-21 00:35:54,140 - Start: dnf update
2018-01-21 00:36:14,842 - Finish: dnf update
2018-01-21 00:36:14,868 - Finish: chroot init
2018-01-21 00:36:14,871 - Start: build phase for freecell-solver-4.16.0-1.src.rpm
2018-01-21 00:36:14,873 - Start: build setup for freecell-solver-4.16.0-1.src.rpm
2018-01-21 00:36:42,532 - Start: clean chroot
2018-01-21 00:36:46,251 - Finish: clean chroot
2018-01-21 00:40:42,938 - Mock Version: 1.4.8
2018-01-21 00:40:44,733 - Start: dnf update
2018-01-21 00:41:06,044 - Finish: dnf update
2018-01-21 00:41:06,068 - Finish: chroot init
2018-01-21 00:41:06,071 - Start: build phase for freecell-solver-4.16.0-1.src.rpm
2018-01-21 00:41:06,074 - Start: build setup for freecell-solver-4.16.0-1.src.rpm
2018-01-21 00:42:00,754 - Finish: build setup for freecell-solver-4.16.0-1.src.rpm
2018-01-21 00:42:00,755 - Start: rpmbuild freecell-solver-4.16.0-1.src.rpm
2018-01-21 00:42:00,757 - Start: Outputting list of installed packages
2018-01-21 00:42:00,824 - Finish: Outputting list of installed packages
2018-01-21 00:42:02,010 - Start: clean chroot
2018-01-21 00:42:06,469 - Finish: clean chroot
2018-01-21 00:43:30,902 - Mock Version: 1.4.8
2018-01-21 00:43:34,241 - Start: dnf update
2018-01-21 00:43:42,173 - Finish: dnf update
2018-01-21 00:43:42,198 - Finish: chroot init
2018-01-21 00:43:42,201 - Start: build phase for freecell-solver-4.16.0-1.src.rpm
2018-01-21 00:43:42,203 - Start: build setup for freecell-solver-4.16.0-1.src.rpm
2018-01-21 00:44:30,564 - Finish: build setup for freecell-solver-4.16.0-1.src.rpm
2018-01-21 00:44:30,565 - Start: rpmbuild freecell-solver-4.16.0-1.src.rpm
2018-01-21 00:44:30,567 - Start: Outputting list of installed packages
2018-01-21 00:44:30,636 - Finish: Outputting list of installed packages
2018-01-21 00:44:32,751 - Start: clean chroot
2018-01-21 00:44:37,249 - Finish: clean chroot
2018-01-21 00:46:20,032 - Mock Version: 1.4.8
2018-01-21 00:46:21,830 - Start: dnf update
2018-01-21 00:46:43,713 - Finish: dnf update
2018-01-21 00:46:43,737 - Finish: chroot init
2018-01-21 00:46:43,740 - Start: build phase for freecell-solver-4.16.0-1.src.rpm
2018-01-21 00:46:43,742 - Start: build setup for freecell-solver-4.16.0-1.src.rpm
2018-01-21 00:48:29,595 - Finish: build setup for freecell-solver-4.16.0-1.src.rpm
2018-01-21 00:48:29,595 - Start: rpmbuild freecell-solver-4.16.0-1.src.rpm
2018-01-21 00:48:29,598 - Start: Outputting list of installed packages
2018-01-21 00:48:29,676 - Finish: Outputting list of installed packages
2018-01-21 00:49:35,340 - Start: clean chroot
2018-01-21 00:49:41,182 - Finish: clean chroot
2018-01-21 00:53:32,857 - Mock Version: 1.4.8
2018-01-21 00:53:34,722 - Start: dnf update
2018-01-21 00:54:02,821 - Start: clean chroot
2018-01-21 00:54:06,554 - Finish: clean chroot
