Mock Version: 1.4.8
ENTER ['do'](['bash', '--login', '-c', '/usr/bin/rpmbuild -bs --target x86_64 --nodeps /builddir/build/SPECS/freecell-solver.spec'], nspawn_args=[]logger=<mockbuild.trace_decorator.getLog object at 0x7faff1502c88>env={'HOME': '/builddir', 'PATH': '/usr/bin:/bin:/usr/sbin:/sbin', 'HOSTNAME': 'mock', 'TERM': 'vt100', 'PROMPT_COMMAND': 'printf "\\033]0;<mock-chroot>\\007"', 'LANG': 'en_US.UTF-8', 'SHELL': '/bin/bash', 'PS1': '<mock-chroot> \\s-\\v\\$ '}chrootPath='/share/dev/mock'printOutput=Trueunshare_net=Trueuid=1000gid=135user='mockbuild'shell=Falsetimeout=0)
Executing command: ['/usr/bin/systemd-nspawn', '-q', '-M', 'f673969abfdf427a91d0fb5ad1d2c042', '-D', '/share/dev/mock', '-a', '--setenv=HOME=/builddir', '--setenv=PATH=/usr/bin:/bin:/usr/sbin:/sbin', '--setenv=HOSTNAME=mock', '--setenv=TERM=vt100', '--setenv=PROMPT_COMMAND=printf "\\033]0;<mock-chroot>\\007"', '--setenv=LANG=en_US.UTF-8', '--setenv=SHELL=/bin/bash', '--setenv=PS1=<mock-chroot> \\s-\\v\\$ ', '-u', 'mockbuild', 'bash', '--login', '-c', '/usr/bin/rpmbuild -bs --target x86_64 --nodeps /builddir/build/SPECS/freecell-solver.spec'] with env {'HOME': '/builddir', 'PATH': '/usr/bin:/bin:/usr/sbin:/sbin', 'HOSTNAME': 'mock', 'TERM': 'vt100', 'PROMPT_COMMAND': 'printf "\\033]0;<mock-chroot>\\007"', 'LANG': 'en_US.UTF-8', 'SHELL': '/bin/bash', 'PS1': '<mock-chroot> \\s-\\v\\$ '} and shell False
/etc/profile.d/lang.sh: line 28: warning: setlocale: LC_CTYPE: cannot change locale (en_US.UTF-8): No such file or directory
/etc/profile.d/lang.sh: line 29: warning: setlocale: LC_COLLATE: cannot change locale (en_US.UTF-8): No such file or directory
/etc/profile.d/lang.sh: line 32: warning: setlocale: LC_MESSAGES: cannot change locale (en_US.UTF-8): No such file or directory
/etc/profile.d/lang.sh: line 35: warning: setlocale: LC_NUMERIC: cannot change locale (en_US.UTF-8): No such file or directory
/etc/profile.d/lang.sh: line 38: warning: setlocale: LC_TIME: cannot change locale (en_US.UTF-8): No such file or directory
Building target platforms: x86_64
Building for target x86_64
Wrote: /builddir/build/SRPMS/freecell-solver-4.16.0-1.mga7.src.rpm
Child return code was: 0
ENTER ['do'](['bash', '--login', '-c', '/usr/bin/rpmbuild -bb --target x86_64 --nodeps /builddir/build/SPECS/freecell-solver.spec'], nspawn_args=[]logger=<mockbuild.trace_decorator.getLog object at 0x7faff1502c88>env={'HOME': '/builddir', 'PATH': '/usr/bin:/bin:/usr/sbin:/sbin', 'HOSTNAME': 'mock', 'TERM': 'vt100', 'PROMPT_COMMAND': 'printf "\\033]0;<mock-chroot>\\007"', 'LANG': 'en_US.UTF-8', 'SHELL': '/bin/bash', 'PS1': '<mock-chroot> \\s-\\v\\$ '}chrootPath='/share/dev/mock'printOutput=Trueunshare_net=Trueuid=1000gid=135user='mockbuild'shell=Falsetimeout=0)
Executing command: ['/usr/bin/systemd-nspawn', '-q', '-M', '7406999e7d2049c3b15b16d0acefa77d', '-D', '/share/dev/mock', '-a', '--setenv=HOME=/builddir', '--setenv=PATH=/usr/bin:/bin:/usr/sbin:/sbin', '--setenv=HOSTNAME=mock', '--setenv=TERM=vt100', '--setenv=PROMPT_COMMAND=printf "\\033]0;<mock-chroot>\\007"', '--setenv=LANG=en_US.UTF-8', '--setenv=SHELL=/bin/bash', '--setenv=PS1=<mock-chroot> \\s-\\v\\$ ', '-u', 'mockbuild', 'bash', '--login', '-c', '/usr/bin/rpmbuild -bb --target x86_64 --nodeps /builddir/build/SPECS/freecell-solver.spec'] with env {'HOME': '/builddir', 'PATH': '/usr/bin:/bin:/usr/sbin:/sbin', 'HOSTNAME': 'mock', 'TERM': 'vt100', 'PROMPT_COMMAND': 'printf "\\033]0;<mock-chroot>\\007"', 'LANG': 'en_US.UTF-8', 'SHELL': '/bin/bash', 'PS1': '<mock-chroot> \\s-\\v\\$ '} and shell False
/etc/profile.d/lang.sh: line 28: warning: setlocale: LC_CTYPE: cannot change locale (en_US.UTF-8): No such file or directory
/etc/profile.d/lang.sh: line 29: warning: setlocale: LC_COLLATE: cannot change locale (en_US.UTF-8): No such file or directory
/etc/profile.d/lang.sh: line 32: warning: setlocale: LC_MESSAGES: cannot change locale (en_US.UTF-8): No such file or directory
/etc/profile.d/lang.sh: line 35: warning: setlocale: LC_NUMERIC: cannot change locale (en_US.UTF-8): No such file or directory
/etc/profile.d/lang.sh: line 38: warning: setlocale: LC_TIME: cannot change locale (en_US.UTF-8): No such file or directory
Building target platforms: x86_64
Building for target x86_64
Executing(%prep): /bin/sh -e /var/tmp/rpm-tmp.wlzQfF
+ umask 022
+ cd /builddir/build/BUILD
+ '[' 1 -eq 1 ']'
+ '[' 1 -eq 1 ']'
+ '[' 1 -eq 1 ']'
+ cd /builddir/build/BUILD
+ rm -rf freecell-solver-4.16.0
+ /usr/bin/tar -xof -
+ /usr/bin/xz -dc /builddir/build/SOURCES/freecell-solver-4.16.0.tar.xz
+ STATUS=0
+ '[' 0 -ne 0 ']'
+ cd freecell-solver-4.16.0
+ /usr/bin/chmod -Rf a+rX,u+w,g-w,o-w .
+ cd board_gen
+ mkdir doc
+ cd doc
+ mkdir board_gen
+ cd board_gen
+ cp ../../README .
+ exit 0
Executing(%build): /bin/sh -e /var/tmp/rpm-tmp.vYIuZz
+ umask 022
+ cd /builddir/build/BUILD
+ cd freecell-solver-4.16.0
+ '[' 1 -eq 1 ']'
+ '[' 1 -eq 1 ']'
+ CFLAGS='-O2 -g -pipe -Wformat -Werror=format-security -Wp,-D_FORTIFY_SOURCE=2 -fstack-protector --param=ssp-buffer-size=4'
+ export CFLAGS
+ CXXFLAGS='-O2 -g -pipe -Wformat -Werror=format-security -Wp,-D_FORTIFY_SOURCE=2 -fstack-protector --param=ssp-buffer-size=4'
+ export CXXFLAGS
+ FFLAGS='-O2 -g -pipe -Wformat -Werror=format-security -Wp,-D_FORTIFY_SOURCE=2 -fstack-protector --param=ssp-buffer-size=4'
+ export FFLAGS
+ LDFLAGS=' -Wl,--as-needed -Wl,--no-undefined -Wl,-z,relro -Wl,-O1 -Wl,--build-id -Wl,--enable-new-dtags'
+ export LDFLAGS
+ mkdir -p build
+ cd build
+ /usr/bin/cmake .. -DCMAKE_INSTALL_PREFIX:PATH=/usr -DCMAKE_INSTALL_LIBDIR:PATH=/usr/lib64 -DCMAKE_INSTALL_LIBEXECDIR:PATH=/usr/libexec -DCMAKE_INSTALL_SYSCONFDIR:PATH=/etc -DINCLUDE_INSTALL_DIR:PATH=/usr/include -DLIB_INSTALL_DIR:PATH=/usr/lib64 -DSYSCONF_INSTALL_DIR:PATH=/etc -DSHARE_INSTALL_PREFIX:PATH=/usr/share -DCMAKE_BUILD_TYPE=RelWithDebInfo -DCMAKE_CXX_FLAGS_RELWITHDEBINFO:STRING=-DNDEBUG -DCMAKE_C_FLAGS_RELWITHDEBINFO:STRING=-DNDEBUG -DLIB_SUFFIX=64 -DCMAKE_SKIP_RPATH:BOOL=ON -DCMAKE_VERBOSE_MAKEFILE:BOOL=ON '-DCMAKE_MODULE_LINKER_FLAGS=-Wl,--as-needed  -Wl,-z,relro -Wl,-O1 -Wl,--build-id -Wl,--enable-new-dtags' -DBUILD_SHARED_LIBS:BOOL=ON -DBUILD_STATIC_LIBS:BOOL=OFF -DLOCALE_INSTALL_DIR=/usr/share/locale -DLIB_INSTALL_DIR=/usr/lib64 -DMAX_NUM_FREECELLS=8 -DMAX_NUM_STACKS=20 -DMAX_NUM_INITIAL_CARDS_IN_A_STACK=60
-- The C compiler identification is GNU 7.3.0
-- The CXX compiler identification is GNU 7.3.0
-- Check for working C compiler: /usr/bin/cc
-- Check for working C compiler: /usr/bin/cc -- works
-- Detecting C compiler ABI info
-- Detecting C compiler ABI info - done
-- Detecting C compile features
-- Detecting C compile features - done
-- Check for working CXX compiler: /usr/bin/c++
-- Check for working CXX compiler: /usr/bin/c++ -- works
-- Detecting CXX compiler ABI info
-- Detecting CXX compiler ABI info - done
-- Detecting CXX compile features
-- Detecting CXX compile features - done
-- Found Perl: /usr/bin/perl (found version "5.26.1") 
-- Looking for vasprintf
-- Looking for vasprintf - found
-- Looking for pthread.h
-- Looking for pthread.h - found
-- Looking for pthread_create
-- Looking for pthread_create - not found
-- Looking for pthread_create in pthreads
-- Looking for pthread_create in pthreads - not found
-- Looking for pthread_create in pthread
-- Looking for pthread_create in pthread - found
-- Found Threads: TRUE  
-- Performing Test FLAG_EXISTS_1
-- Performing Test FLAG_EXISTS_1 - Success
-- Performing Test FLAG_EXISTS_2
-- Performing Test FLAG_EXISTS_2 - Success
-- Performing Test FLAG_EXISTS_3
-- Performing Test FLAG_EXISTS_3 - Success
-- Looking for sys/types.h
-- Looking for sys/types.h - found
-- Looking for stdint.h
-- Looking for stdint.h - found
-- Looking for stddef.h
-- Looking for stddef.h - found
-- Check size of __int128
-- Check size of __int128 - done
-- Looking for pow
-- Looking for pow - not found
-- Looking for strncasecmp
-- Looking for strncasecmp - found
-- Check size of int
-- Check size of int - done
-- Check size of void*
-- Check size of void* - done
-- Configuring done
-- Generating done
CMake Warning:
  Manually-specified variables were not used by the project:
    BUILD_STATIC_LIBS
    CMAKE_CXX_FLAGS_RELWITHDEBINFO
    CMAKE_INSTALL_LIBDIR
    CMAKE_INSTALL_LIBEXECDIR
    CMAKE_INSTALL_SYSCONFDIR
    INCLUDE_INSTALL_DIR
    LOCALE_INSTALL_DIR
    SHARE_INSTALL_PREFIX
    SYSCONF_INSTALL_DIR
-- Build files have been written to: /builddir/build/BUILD/freecell-solver-4.16.0/build
+ /usr/bin/make -O -j8
/usr/bin/cmake -H/builddir/build/BUILD/freecell-solver-4.16.0 -B/builddir/build/BUILD/freecell-solver-4.16.0/build --check-build-system CMakeFiles/Makefile.cmake 0
/usr/bin/cmake -E cmake_progress_start /builddir/build/BUILD/freecell-solver-4.16.0/build/CMakeFiles /builddir/build/BUILD/freecell-solver-4.16.0/build/CMakeFiles/progress.marks
/usr/bin/make -f CMakeFiles/Makefile2 all
/usr/bin/make -f CMakeFiles/freecell-solver.dir/build.make CMakeFiles/freecell-solver.dir/depend
/usr/bin/make -f CMakeFiles/fcs_gen_ms_freecell_boards.dir/build.make CMakeFiles/fcs_gen_ms_freecell_boards.dir/depend
/usr/bin/make -f CMakeFiles/freecell-solver-static.dir/build.make CMakeFiles/freecell-solver-static.dir/depend
/usr/bin/make -f CMakeFiles/pseudo_dfs_fc_solver__target.dir/build.make CMakeFiles/pseudo_dfs_fc_solver__target.dir/depend
/usr/bin/make -f CMakeFiles/depth_dbm_fc_solver__target.dir/build.make CMakeFiles/depth_dbm_fc_solver__target.dir/depend
/usr/bin/make -f CMakeFiles/dbm_fc_solver__target.dir/build.make CMakeFiles/dbm_fc_solver__target.dir/depend
/usr/bin/make -f CMakeFiles/asciidoc_man_pages_base.dir/build.make CMakeFiles/asciidoc_man_pages_base.dir/depend
/usr/bin/make -f CMakeFiles/split_fcc_fc_solver__target.dir/build.make CMakeFiles/split_fcc_fc_solver__target.dir/depend
make[2]: Entering directory '/builddir/build/BUILD/freecell-solver-4.16.0/build'
cd /builddir/build/BUILD/freecell-solver-4.16.0/build && /usr/bin/cmake -E cmake_depends "Unix Makefiles" /builddir/build/BUILD/freecell-solver-4.16.0 /builddir/build/BUILD/freecell-solver-4.16.0 /builddir/build/BUILD/freecell-solver-4.16.0/build /builddir/build/BUILD/freecell-solver-4.16.0/build /builddir/build/BUILD/freecell-solver-4.16.0/build/CMakeFiles/depth_dbm_fc_solver__target.dir/DependInfo.cmake --color=
Scanning dependencies of target depth_dbm_fc_solver__target
make[2]: Leaving directory '/builddir/build/BUILD/freecell-solver-4.16.0/build'
make[2]: Entering directory '/builddir/build/BUILD/freecell-solver-4.16.0/build'
cd /builddir/build/BUILD/freecell-solver-4.16.0/build && /usr/bin/cmake -E cmake_depends "Unix Makefiles" /builddir/build/BUILD/freecell-solver-4.16.0 /builddir/build/BUILD/freecell-solver-4.16.0 /builddir/build/BUILD/freecell-solver-4.16.0/build /builddir/build/BUILD/freecell-solver-4.16.0/build /builddir/build/BUILD/freecell-solver-4.16.0/build/CMakeFiles/pseudo_dfs_fc_solver__target.dir/DependInfo.cmake --color=
Scanning dependencies of target pseudo_dfs_fc_solver__target
make[2]: Leaving directory '/builddir/build/BUILD/freecell-solver-4.16.0/build'
/usr/bin/make -f CMakeFiles/pseudo_dfs_fc_solver__target.dir/build.make CMakeFiles/pseudo_dfs_fc_solver__target.dir/build
/usr/bin/make -f CMakeFiles/depth_dbm_fc_solver__target.dir/build.make CMakeFiles/depth_dbm_fc_solver__target.dir/build
make[2]: Entering directory '/builddir/build/BUILD/freecell-solver-4.16.0/build'
cd /builddir/build/BUILD/freecell-solver-4.16.0/build && /usr/bin/cmake -E cmake_depends "Unix Makefiles" /builddir/build/BUILD/freecell-solver-4.16.0 /builddir/build/BUILD/freecell-solver-4.16.0 /builddir/build/BUILD/freecell-solver-4.16.0/build /builddir/build/BUILD/freecell-solver-4.16.0/build /builddir/build/BUILD/freecell-solver-4.16.0/build/CMakeFiles/asciidoc_man_pages_base.dir/DependInfo.cmake --color=
Scanning dependencies of target asciidoc_man_pages_base
make[2]: Leaving directory '/builddir/build/BUILD/freecell-solver-4.16.0/build'
/usr/bin/make -f CMakeFiles/asciidoc_man_pages_base.dir/build.make CMakeFiles/asciidoc_man_pages_base.dir/build
make[2]: Entering directory '/builddir/build/BUILD/freecell-solver-4.16.0/build'
cd /builddir/build/BUILD/freecell-solver-4.16.0/build && /usr/bin/cmake -E cmake_depends "Unix Makefiles" /builddir/build/BUILD/freecell-solver-4.16.0 /builddir/build/BUILD/freecell-solver-4.16.0 /builddir/build/BUILD/freecell-solver-4.16.0/build /builddir/build/BUILD/freecell-solver-4.16.0/build /builddir/build/BUILD/freecell-solver-4.16.0/build/CMakeFiles/dbm_fc_solver__target.dir/DependInfo.cmake --color=
Scanning dependencies of target dbm_fc_solver__target
make[2]: Leaving directory '/builddir/build/BUILD/freecell-solver-4.16.0/build'
/usr/bin/make -f CMakeFiles/dbm_fc_solver__target.dir/build.make CMakeFiles/dbm_fc_solver__target.dir/build
make[2]: Entering directory '/builddir/build/BUILD/freecell-solver-4.16.0/build'
cd /builddir/build/BUILD/freecell-solver-4.16.0/build && /usr/bin/cmake -E cmake_depends "Unix Makefiles" /builddir/build/BUILD/freecell-solver-4.16.0 /builddir/build/BUILD/freecell-solver-4.16.0 /builddir/build/BUILD/freecell-solver-4.16.0/build /builddir/build/BUILD/freecell-solver-4.16.0/build /builddir/build/BUILD/freecell-solver-4.16.0/build/CMakeFiles/fcs_gen_ms_freecell_boards.dir/DependInfo.cmake --color=
Scanning dependencies of target fcs_gen_ms_freecell_boards
make[2]: Leaving directory '/builddir/build/BUILD/freecell-solver-4.16.0/build'
/usr/bin/make -f CMakeFiles/fcs_gen_ms_freecell_boards.dir/build.make CMakeFiles/fcs_gen_ms_freecell_boards.dir/build
make[2]: Nothing to be done for 'CMakeFiles/asciidoc_man_pages_base.dir/build'.
make[2]: Entering directory '/builddir/build/BUILD/freecell-solver-4.16.0/build'
cd /builddir/build/BUILD/freecell-solver-4.16.0/build && /usr/bin/cmake -E cmake_depends "Unix Makefiles" /builddir/build/BUILD/freecell-solver-4.16.0 /builddir/build/BUILD/freecell-solver-4.16.0 /builddir/build/BUILD/freecell-solver-4.16.0/build /builddir/build/BUILD/freecell-solver-4.16.0/build /builddir/build/BUILD/freecell-solver-4.16.0/build/CMakeFiles/split_fcc_fc_solver__target.dir/DependInfo.cmake --color=
Scanning dependencies of target split_fcc_fc_solver__target
make[2]: Leaving directory '/builddir/build/BUILD/freecell-solver-4.16.0/build'
/usr/bin/make -f CMakeFiles/split_fcc_fc_solver__target.dir/build.make CMakeFiles/split_fcc_fc_solver__target.dir/build
make[1]: Entering directory '/builddir/build/BUILD/freecell-solver-4.16.0/build'
[  4%] Built target asciidoc_man_pages_base
make[1]: Leaving directory '/builddir/build/BUILD/freecell-solver-4.16.0/build'
/usr/bin/make -f t/CMakeFiles/dbm-kaztree-compare-records-test.t.exe.dir/build.make t/CMakeFiles/dbm-kaztree-compare-records-test.t.exe.dir/depend
make[2]: Entering directory '/builddir/build/BUILD/freecell-solver-4.16.0/build'
[  4%] Generating depth_dbm_fc_solver
/usr/bin/cmake -E copy /builddir/build/BUILD/freecell-solver-4.16.0/scripts/err-on-unbuilt-executable.pl /builddir/build/BUILD/freecell-solver-4.16.0/build/depth_dbm_fc_solver
make[2]: Leaving directory '/builddir/build/BUILD/freecell-solver-4.16.0/build'
make[2]: Entering directory '/builddir/build/BUILD/freecell-solver-4.16.0/build'
[  4%] Generating pseudo_dfs_fc_solver
/usr/bin/cmake -E copy /builddir/build/BUILD/freecell-solver-4.16.0/scripts/err-on-unbuilt-executable.pl /builddir/build/BUILD/freecell-solver-4.16.0/build/pseudo_dfs_fc_solver
make[2]: Leaving directory '/builddir/build/BUILD/freecell-solver-4.16.0/build'
make[2]: Entering directory '/builddir/build/BUILD/freecell-solver-4.16.0/build'
[  6%] Generating dbm_fc_solver
/usr/bin/cmake -E copy /builddir/build/BUILD/freecell-solver-4.16.0/scripts/err-on-unbuilt-executable.pl /builddir/build/BUILD/freecell-solver-4.16.0/build/dbm_fc_solver
make[2]: Leaving directory '/builddir/build/BUILD/freecell-solver-4.16.0/build'
make[2]: Entering directory '/builddir/build/BUILD/freecell-solver-4.16.0/build'
[  7%] Generating split_fcc_fc_solver
/usr/bin/cmake -E copy /builddir/build/BUILD/freecell-solver-4.16.0/scripts/err-on-unbuilt-executable.pl /builddir/build/BUILD/freecell-solver-4.16.0/build/split_fcc_fc_solver
make[2]: Leaving directory '/builddir/build/BUILD/freecell-solver-4.16.0/build'
make[1]: Entering directory '/builddir/build/BUILD/freecell-solver-4.16.0/build'
[  7%] Built target pseudo_dfs_fc_solver__target
make[1]: Leaving directory '/builddir/build/BUILD/freecell-solver-4.16.0/build'
/usr/bin/make -f t/CMakeFiles/delta-states-test.t.exe.dir/build.make t/CMakeFiles/delta-states-test.t.exe.dir/depend
make[1]: Entering directory '/builddir/build/BUILD/freecell-solver-4.16.0/build'
[  7%] Built target depth_dbm_fc_solver__target
make[1]: Leaving directory '/builddir/build/BUILD/freecell-solver-4.16.0/build'
/usr/bin/make -f t/CMakeFiles/generate_valgrind_tests.dir/build.make t/CMakeFiles/generate_valgrind_tests.dir/depend
make[2]: Entering directory '/builddir/build/BUILD/freecell-solver-4.16.0/build'
cd /builddir/build/BUILD/freecell-solver-4.16.0/build && /usr/bin/cmake -E cmake_depends "Unix Makefiles" /builddir/build/BUILD/freecell-solver-4.16.0 /builddir/build/BUILD/freecell-solver-4.16.0/t /builddir/build/BUILD/freecell-solver-4.16.0/build /builddir/build/BUILD/freecell-solver-4.16.0/build/t /builddir/build/BUILD/freecell-solver-4.16.0/build/t/CMakeFiles/dbm-kaztree-compare-records-test.t.exe.dir/DependInfo.cmake --color=
Scanning dependencies of target dbm-kaztree-compare-records-test.t.exe
make[2]: Leaving directory '/builddir/build/BUILD/freecell-solver-4.16.0/build'
/usr/bin/make -f t/CMakeFiles/dbm-kaztree-compare-records-test.t.exe.dir/build.make t/CMakeFiles/dbm-kaztree-compare-records-test.t.exe.dir/build
make[1]: Entering directory '/builddir/build/BUILD/freecell-solver-4.16.0/build'
[  7%] Built target split_fcc_fc_solver__target
make[1]: Leaving directory '/builddir/build/BUILD/freecell-solver-4.16.0/build'
/usr/bin/make -f t/CMakeFiles/card-test-parse.t.exe.dir/build.make t/CMakeFiles/card-test-parse.t.exe.dir/depend
make[1]: Entering directory '/builddir/build/BUILD/freecell-solver-4.16.0/build'
[  7%] Built target dbm_fc_solver__target
make[1]: Leaving directory '/builddir/build/BUILD/freecell-solver-4.16.0/build'
/usr/bin/make -f t/CMakeFiles/bit-reader-and-writer-test.t.exe.dir/build.make t/CMakeFiles/bit-reader-and-writer-test.t.exe.dir/depend
make[2]: Entering directory '/builddir/build/BUILD/freecell-solver-4.16.0/build'
cd /builddir/build/BUILD/freecell-solver-4.16.0/build && /usr/bin/cmake -E cmake_depends "Unix Makefiles" /builddir/build/BUILD/freecell-solver-4.16.0 /builddir/build/BUILD/freecell-solver-4.16.0/t /builddir/build/BUILD/freecell-solver-4.16.0/build /builddir/build/BUILD/freecell-solver-4.16.0/build/t /builddir/build/BUILD/freecell-solver-4.16.0/build/t/CMakeFiles/generate_valgrind_tests.dir/DependInfo.cmake --color=
Scanning dependencies of target generate_valgrind_tests
make[2]: Leaving directory '/builddir/build/BUILD/freecell-solver-4.16.0/build'
/usr/bin/make -f t/CMakeFiles/generate_valgrind_tests.dir/build.make t/CMakeFiles/generate_valgrind_tests.dir/build
make[2]: Entering directory '/builddir/build/BUILD/freecell-solver-4.16.0/build'
cd /builddir/build/BUILD/freecell-solver-4.16.0/build && /usr/bin/cmake -E cmake_depends "Unix Makefiles" /builddir/build/BUILD/freecell-solver-4.16.0 /builddir/build/BUILD/freecell-solver-4.16.0/t /builddir/build/BUILD/freecell-solver-4.16.0/build /builddir/build/BUILD/freecell-solver-4.16.0/build/t /builddir/build/BUILD/freecell-solver-4.16.0/build/t/CMakeFiles/bit-reader-and-writer-test.t.exe.dir/DependInfo.cmake --color=
Scanning dependencies of target bit-reader-and-writer-test.t.exe
make[2]: Leaving directory '/builddir/build/BUILD/freecell-solver-4.16.0/build'
/usr/bin/make -f t/CMakeFiles/bit-reader-and-writer-test.t.exe.dir/build.make t/CMakeFiles/bit-reader-and-writer-test.t.exe.dir/build
make[2]: Entering directory '/builddir/build/BUILD/freecell-solver-4.16.0/build'
cd /builddir/build/BUILD/freecell-solver-4.16.0/build && /usr/bin/cmake -E cmake_depends "Unix Makefiles" /builddir/build/BUILD/freecell-solver-4.16.0 /builddir/build/BUILD/freecell-solver-4.16.0/t /builddir/build/BUILD/freecell-solver-4.16.0/build /builddir/build/BUILD/freecell-solver-4.16.0/build/t /builddir/build/BUILD/freecell-solver-4.16.0/build/t/CMakeFiles/delta-states-test.t.exe.dir/DependInfo.cmake --color=
Scanning dependencies of target delta-states-test.t.exe
make[2]: Leaving directory '/builddir/build/BUILD/freecell-solver-4.16.0/build'
/usr/bin/make -f t/CMakeFiles/delta-states-test.t.exe.dir/build.make t/CMakeFiles/delta-states-test.t.exe.dir/build
make[2]: Entering directory '/builddir/build/BUILD/freecell-solver-4.16.0/build'
[  9%] Building C object t/CMakeFiles/dbm-kaztree-compare-records-test.t.exe.dir/dbm-kaztree-compare-records-test.c.o
cd /builddir/build/BUILD/freecell-solver-4.16.0/build/t && /usr/bin/cc -DFCS_COMPILE_DEBUG_FUNCTIONS=1 -DFCS_DBM_USE_LIBAVL=1 -D_GNU_SOURCE=1 -I/builddir/build/BUILD/freecell-solver-4.16.0/build -I/builddir/build/BUILD/freecell-solver-4.16.0 -I/builddir/build/BUILD/freecell-solver-4.16.0/patsolve-shlomif/patsolve  -O2 -g -pipe -Wformat -Werror=format-security -Wp,-D_FORTIFY_SOURCE=2 -fstack-protector --param=ssp-buffer-size=4 -std=gnu11 -DNDEBUG   -Wall -Werror=implicit-function-declaration -Wold-style-declaration -Wmissing-prototypes -Wformat-nonliteral -Wcast-align -Wpointer-arith -Wbad-function-cast -Wstrict-prototypes -Wmissing-declarations -Wundef -Wnested-externs -Wcast-qual -Wshadow -Wwrite-strings -Wunused -Wold-style-definition -fvisibility=hidden -I/builddir/build/BUILD/freecell-solver-4.16.0/t/.. -I/builddir/build/BUILD/freecell-solver-4.16.0/t/../libavl/ -o CMakeFiles/dbm-kaztree-compare-records-test.t.exe.dir/dbm-kaztree-compare-records-test.c.o   -c /builddir/build/BUILD/freecell-solver-4.16.0/t/dbm-kaztree-compare-records-test.c
make[2]: Leaving directory '/builddir/build/BUILD/freecell-solver-4.16.0/build'
In file included from /builddir/build/BUILD/freecell-solver-4.16.0/t/../dbm_common.h:17:0,
                 from /builddir/build/BUILD/freecell-solver-4.16.0/t/../delta_states.h:20,
                 from /builddir/build/BUILD/freecell-solver-4.16.0/t/../dbm_kaztree_compare.h:22,
                 from /builddir/build/BUILD/freecell-solver-4.16.0/t/dbm-kaztree-compare-records-test.c:24:
/builddir/build/BUILD/freecell-solver-4.16.0/t/../state.h:200:10: fatal error: is_king.h: No such file or directory
 #include "is_king.h"
          ^~~~~~~~~~~
compilation terminated.
make[2]: *** [t/CMakeFiles/dbm-kaztree-compare-records-test.t.exe.dir/build.make:66: t/CMakeFiles/dbm-kaztree-compare-records-test.t.exe.dir/dbm-kaztree-compare-records-test.c.o] Error 1
make[1]: *** [CMakeFiles/Makefile2:887: t/CMakeFiles/dbm-kaztree-compare-records-test.t.exe.dir/all] Error 2
make[1]: *** Waiting for unfinished jobs....
make[2]: Entering directory '/builddir/build/BUILD/freecell-solver-4.16.0/build'
[ 13%] Building C object t/CMakeFiles/delta-states-test.t.exe.dir/delta-states-test.c.o
cd /builddir/build/BUILD/freecell-solver-4.16.0/build/t && /usr/bin/cc -DFCS_COMPILE_DEBUG_FUNCTIONS=1 -DFCS_DBM_USE_LIBAVL=1 -D_GNU_SOURCE=1 -I/builddir/build/BUILD/freecell-solver-4.16.0/build -I/builddir/build/BUILD/freecell-solver-4.16.0 -I/builddir/build/BUILD/freecell-solver-4.16.0/patsolve-shlomif/patsolve  -O2 -g -pipe -Wformat -Werror=format-security -Wp,-D_FORTIFY_SOURCE=2 -fstack-protector --param=ssp-buffer-size=4 -std=gnu11 -DNDEBUG   -Wall -Werror=implicit-function-declaration -Wold-style-declaration -Wmissing-prototypes -Wformat-nonliteral -Wcast-align -Wpointer-arith -Wbad-function-cast -Wstrict-prototypes -Wmissing-declarations -Wundef -Wnested-externs -Wcast-qual -Wshadow -Wwrite-strings -Wunused -Wold-style-definition -fvisibility=hidden -I/builddir/build/BUILD/freecell-solver-4.16.0/t/.. -I/builddir/build/BUILD/freecell-solver-4.16.0/t/../libavl/ -o CMakeFiles/delta-states-test.t.exe.dir/delta-states-test.c.o   -c /builddir/build/BUILD/freecell-solver-4.16.0/t/delta-states-test.c
make[2]: Leaving directory '/builddir/build/BUILD/freecell-solver-4.16.0/build'
In file included from /builddir/build/BUILD/freecell-solver-4.16.0/t/../card.c:12:0,
                 from /builddir/build/BUILD/freecell-solver-4.16.0/t/delta-states-test.c:16:
/builddir/build/BUILD/freecell-solver-4.16.0/t/../state.h:200:10: fatal error: is_king.h: No such file or directory
 #include "is_king.h"
          ^~~~~~~~~~~
compilation terminated.
make[2]: *** [t/CMakeFiles/delta-states-test.t.exe.dir/build.make:67: t/CMakeFiles/delta-states-test.t.exe.dir/delta-states-test.c.o] Error 1
make[1]: *** [CMakeFiles/Makefile2:924: t/CMakeFiles/delta-states-test.t.exe.dir/all] Error 2
make[2]: Entering directory '/builddir/build/BUILD/freecell-solver-4.16.0/build'
[  5%] Building C object CMakeFiles/fcs_gen_ms_freecell_boards.dir/gen_boards_lib.c.o
/usr/bin/cc -DFCS_COMPILE_DEBUG_FUNCTIONS=1 -D_GNU_SOURCE=1 -Dfcs_gen_ms_freecell_boards_EXPORTS -I/builddir/build/BUILD/freecell-solver-4.16.0/build -I/builddir/build/BUILD/freecell-solver-4.16.0 -I/builddir/build/BUILD/freecell-solver-4.16.0/patsolve-shlomif/patsolve  -O2 -g -pipe -Wformat -Werror=format-security -Wp,-D_FORTIFY_SOURCE=2 -fstack-protector --param=ssp-buffer-size=4 -std=gnu11 -DNDEBUG -fPIC   -Wall -Werror=implicit-function-declaration -Wold-style-declaration -Wmissing-prototypes -Wformat-nonliteral -Wcast-align -Wpointer-arith -Wbad-function-cast -Wstrict-prototypes -Wmissing-declarations -Wundef -Wnested-externs -Wcast-qual -Wshadow -Wwrite-strings -Wunused -Wold-style-definition -fvisibility=hidden -o CMakeFiles/fcs_gen_ms_freecell_boards.dir/gen_boards_lib.c.o   -c /builddir/build/BUILD/freecell-solver-4.16.0/gen_boards_lib.c
make[2]: Leaving directory '/builddir/build/BUILD/freecell-solver-4.16.0/build'
make[2]: Entering directory '/builddir/build/BUILD/freecell-solver-4.16.0/build'
[ 13%] Building C object t/CMakeFiles/bit-reader-and-writer-test.t.exe.dir/bit-reader-and-writer-test.c.o
cd /builddir/build/BUILD/freecell-solver-4.16.0/build/t && /usr/bin/cc -DFCS_COMPILE_DEBUG_FUNCTIONS=1 -DFCS_DBM_USE_LIBAVL=1 -D_GNU_SOURCE=1 -I/builddir/build/BUILD/freecell-solver-4.16.0/build -I/builddir/build/BUILD/freecell-solver-4.16.0 -I/builddir/build/BUILD/freecell-solver-4.16.0/patsolve-shlomif/patsolve  -O2 -g -pipe -Wformat -Werror=format-security -Wp,-D_FORTIFY_SOURCE=2 -fstack-protector --param=ssp-buffer-size=4 -std=gnu11 -DNDEBUG   -Wall -Werror=implicit-function-declaration -Wold-style-declaration -Wmissing-prototypes -Wformat-nonliteral -Wcast-align -Wpointer-arith -Wbad-function-cast -Wstrict-prototypes -Wmissing-declarations -Wundef -Wnested-externs -Wcast-qual -Wshadow -Wwrite-strings -Wunused -Wold-style-definition -fvisibility=hidden -I/builddir/build/BUILD/freecell-solver-4.16.0/t/.. -I/builddir/build/BUILD/freecell-solver-4.16.0/t/../libavl/ -o CMakeFiles/bit-reader-and-writer-test.t.exe.dir/bit-reader-and-writer-test.c.o   -c /builddir/build/BUILD/freecell-solver-4.16.0/t/bit-reader-and-writer-test.c
make[2]: Leaving directory '/builddir/build/BUILD/freecell-solver-4.16.0/build'
make[2]: Entering directory '/builddir/build/BUILD/freecell-solver-4.16.0/build'
[ 16%] Linking C shared library libfcs_gen_ms_freecell_boards.so
/usr/bin/cmake -E cmake_link_script CMakeFiles/fcs_gen_ms_freecell_boards.dir/link.txt --verbose=1
/usr/bin/cc -fPIC -O2 -g -pipe -Wformat -Werror=format-security -Wp,-D_FORTIFY_SOURCE=2 -fstack-protector --param=ssp-buffer-size=4 -std=gnu11 -DNDEBUG -Wl,--as-needed -Wl,--no-undefined -Wl,-z,relro -Wl,-O1 -Wl,--build-id -Wl,--enable-new-dtags -shared -Wl,-soname,libfcs_gen_ms_freecell_boards.so -o libfcs_gen_ms_freecell_boards.so CMakeFiles/fcs_gen_ms_freecell_boards.dir/gen_boards_lib.c.o 
make[2]: Leaving directory '/builddir/build/BUILD/freecell-solver-4.16.0/build'
make[1]: Entering directory '/builddir/build/BUILD/freecell-solver-4.16.0/build'
[ 17%] Built target fcs_gen_ms_freecell_boards
make[1]: Leaving directory '/builddir/build/BUILD/freecell-solver-4.16.0/build'
make[2]: Entering directory '/builddir/build/BUILD/freecell-solver-4.16.0/build'
[ 15%] Generating move_funcs_maps.c, move_funcs_maps.h
/usr/bin/perl /builddir/build/BUILD/freecell-solver-4.16.0/scripts/gen_move_funcs.pl
make[2]: Leaving directory '/builddir/build/BUILD/freecell-solver-4.16.0/build'
make[2]: Entering directory '/builddir/build/BUILD/freecell-solver-4.16.0/build'
[ 14%] Generating debondt__card_pos.c, debondt__card_pos.h, debondt__state_pos.c, debondt__state_pos.h, is_king.c, is_king.h, is_parent.c, is_parent.h, pos_by_rank__freecell.c, pos_by_rank__freecell.h, rate_state.c, rate_state.h
/usr/bin/perl /builddir/build/BUILD/freecell-solver-4.16.0/scripts/gen_is_parent_lookup_c.pl
make[2]: Leaving directory '/builddir/build/BUILD/freecell-solver-4.16.0/build'
make[2]: Entering directory '/builddir/build/BUILD/freecell-solver-4.16.0/build'
[ 17%] Linking C executable bit-reader-and-writer-test.t.exe
cd /builddir/build/BUILD/freecell-solver-4.16.0/build/t && /usr/bin/cmake -E cmake_link_script CMakeFiles/bit-reader-and-writer-test.t.exe.dir/link.txt --verbose=1
/usr/bin/cc -O2 -g -pipe -Wformat -Werror=format-security -Wp,-D_FORTIFY_SOURCE=2 -fstack-protector --param=ssp-buffer-size=4 -std=gnu11 -DNDEBUG  -Wl,--as-needed -Wl,--no-undefined -Wl,-z,relro -Wl,-O1 -Wl,--build-id -Wl,--enable-new-dtags -rdynamic CMakeFiles/bit-reader-and-writer-test.t.exe.dir/bit-reader-and-writer-test.c.o  -o bit-reader-and-writer-test.t.exe -ltap 
make[2]: Leaving directory '/builddir/build/BUILD/freecell-solver-4.16.0/build'
make[2]: Entering directory '/builddir/build/BUILD/freecell-solver-4.16.0/build'
[  1%] Generating fcs_presets_generated.h
/usr/bin/perl /builddir/build/BUILD/freecell-solver-4.16.0/scripts/gen_presets.pl --mode=c --output /builddir/build/BUILD/freecell-solver-4.16.0/build/fcs_presets_generated.h
make[2]: Leaving directory '/builddir/build/BUILD/freecell-solver-4.16.0/build'
make[2]: Entering directory '/builddir/build/BUILD/freecell-solver-4.16.0/build'
[  2%] Generating fcs_presets_generated.h
/usr/bin/perl /builddir/build/BUILD/freecell-solver-4.16.0/scripts/gen_presets.pl --mode=c --output /builddir/build/BUILD/freecell-solver-4.16.0/build/fcs_presets_generated.h
make[2]: Leaving directory '/builddir/build/BUILD/freecell-solver-4.16.0/build'
make[1]: Entering directory '/builddir/build/BUILD/freecell-solver-4.16.0/build'
[ 19%] Built target bit-reader-and-writer-test.t.exe
make[1]: Leaving directory '/builddir/build/BUILD/freecell-solver-4.16.0/build'
make[2]: Entering directory '/builddir/build/BUILD/freecell-solver-4.16.0/build'
[  8%] Generating card-test-parse.c
cd /builddir/build/BUILD/freecell-solver-4.16.0/build/t && perl /builddir/build/BUILD/freecell-solver-4.16.0/t/generate-card-tests.pl
make[2]: Leaving directory '/builddir/build/BUILD/freecell-solver-4.16.0/build'
make[2]: Entering directory '/builddir/build/BUILD/freecell-solver-4.16.0/build'
cd /builddir/build/BUILD/freecell-solver-4.16.0/build && /usr/bin/cmake -E cmake_depends "Unix Makefiles" /builddir/build/BUILD/freecell-solver-4.16.0 /builddir/build/BUILD/freecell-solver-4.16.0/t /builddir/build/BUILD/freecell-solver-4.16.0/build /builddir/build/BUILD/freecell-solver-4.16.0/build/t /builddir/build/BUILD/freecell-solver-4.16.0/build/t/CMakeFiles/card-test-parse.t.exe.dir/DependInfo.cmake --color=
Scanning dependencies of target card-test-parse.t.exe
make[2]: Leaving directory '/builddir/build/BUILD/freecell-solver-4.16.0/build'
/usr/bin/make -f t/CMakeFiles/card-test-parse.t.exe.dir/build.make t/CMakeFiles/card-test-parse.t.exe.dir/build
make[2]: Entering directory '/builddir/build/BUILD/freecell-solver-4.16.0/build'
[ 18%] Generating debondt__card_pos.c, debondt__card_pos.h, debondt__state_pos.c, debondt__state_pos.h, is_king.c, is_king.h, is_parent.c, is_parent.h, pos_by_rank__freecell.c, pos_by_rank__freecell.h, rate_state.c, rate_state.h
/usr/bin/perl /builddir/build/BUILD/freecell-solver-4.16.0/scripts/gen_is_parent_lookup_c.pl
make[2]: Leaving directory '/builddir/build/BUILD/freecell-solver-4.16.0/build'
make[2]: Entering directory '/builddir/build/BUILD/freecell-solver-4.16.0/build'
[ 19%] Generating move_funcs_maps.c, move_funcs_maps.h
/usr/bin/perl /builddir/build/BUILD/freecell-solver-4.16.0/scripts/gen_move_funcs.pl
make[2]: Leaving directory '/builddir/build/BUILD/freecell-solver-4.16.0/build'
make[2]: Entering directory '/builddir/build/BUILD/freecell-solver-4.16.0/build'
[ 19%] Generating cmd_line_inc.h, cmd_line_enum.h
/usr/bin/perl /builddir/build/BUILD/freecell-solver-4.16.0/scripts/gen-cmd-line-radix-tree.pl
make[2]: Leaving directory '/builddir/build/BUILD/freecell-solver-4.16.0/build'
make[2]: Entering directory '/builddir/build/BUILD/freecell-solver-4.16.0/build'
[ 10%] Generating t/valgrind--range_parallel_solve__11982_opt.t
cd /builddir/build/BUILD/freecell-solver-4.16.0/build/t && perl /builddir/build/BUILD/freecell-solver-4.16.0/scripts/generate-individual-valgrind-test-scripts.pl
make[2]: Leaving directory '/builddir/build/BUILD/freecell-solver-4.16.0/build'
make[1]: Entering directory '/builddir/build/BUILD/freecell-solver-4.16.0/build'
[ 21%] Built target generate_valgrind_tests
make[1]: Leaving directory '/builddir/build/BUILD/freecell-solver-4.16.0/build'
make[2]: Entering directory '/builddir/build/BUILD/freecell-solver-4.16.0/build'
[ 20%] Generating cmd_line_inc.h, cmd_line_enum.h
/usr/bin/perl /builddir/build/BUILD/freecell-solver-4.16.0/scripts/gen-cmd-line-radix-tree.pl
make[2]: Leaving directory '/builddir/build/BUILD/freecell-solver-4.16.0/build'
make[2]: Entering directory '/builddir/build/BUILD/freecell-solver-4.16.0/build'
cd /builddir/build/BUILD/freecell-solver-4.16.0/build && /usr/bin/cmake -E cmake_depends "Unix Makefiles" /builddir/build/BUILD/freecell-solver-4.16.0 /builddir/build/BUILD/freecell-solver-4.16.0 /builddir/build/BUILD/freecell-solver-4.16.0/build /builddir/build/BUILD/freecell-solver-4.16.0/build /builddir/build/BUILD/freecell-solver-4.16.0/build/CMakeFiles/freecell-solver.dir/DependInfo.cmake --color=
Scanning dependencies of target freecell-solver
make[2]: Leaving directory '/builddir/build/BUILD/freecell-solver-4.16.0/build'
/usr/bin/make -f CMakeFiles/freecell-solver.dir/build.make CMakeFiles/freecell-solver.dir/build
make[2]: Entering directory '/builddir/build/BUILD/freecell-solver-4.16.0/build'
cd /builddir/build/BUILD/freecell-solver-4.16.0/build && /usr/bin/cmake -E cmake_depends "Unix Makefiles" /builddir/build/BUILD/freecell-solver-4.16.0 /builddir/build/BUILD/freecell-solver-4.16.0 /builddir/build/BUILD/freecell-solver-4.16.0/build /builddir/build/BUILD/freecell-solver-4.16.0/build /builddir/build/BUILD/freecell-solver-4.16.0/build/CMakeFiles/freecell-solver-static.dir/DependInfo.cmake --color=
Scanning dependencies of target freecell-solver-static
make[2]: Leaving directory '/builddir/build/BUILD/freecell-solver-4.16.0/build'
/usr/bin/make -f CMakeFiles/freecell-solver-static.dir/build.make CMakeFiles/freecell-solver-static.dir/build
make[2]: Entering directory '/builddir/build/BUILD/freecell-solver-4.16.0/build'
[ 26%] Building C object CMakeFiles/freecell-solver.dir/is_king.c.o
/usr/bin/cc -DFCS_COMPILE_DEBUG_FUNCTIONS=1 -D_GNU_SOURCE=1 -Dfreecell_solver_EXPORTS -I/builddir/build/BUILD/freecell-solver-4.16.0/build -I/builddir/build/BUILD/freecell-solver-4.16.0 -I/builddir/build/BUILD/freecell-solver-4.16.0/patsolve-shlomif/patsolve  -O2 -g -pipe -Wformat -Werror=format-security -Wp,-D_FORTIFY_SOURCE=2 -fstack-protector --param=ssp-buffer-size=4 -std=gnu11 -DNDEBUG -fPIC   -Wall -Werror=implicit-function-declaration -Wold-style-declaration -Wmissing-prototypes -Wformat-nonliteral -Wcast-align -Wpointer-arith -Wbad-function-cast -Wstrict-prototypes -Wmissing-declarations -Wundef -Wnested-externs -Wcast-qual -Wshadow -Wwrite-strings -Wunused -Wold-style-definition -fvisibility=hidden -o CMakeFiles/freecell-solver.dir/is_king.c.o   -c /builddir/build/BUILD/freecell-solver-4.16.0/build/is_king.c
make[2]: Leaving directory '/builddir/build/BUILD/freecell-solver-4.16.0/build'
make[2]: Entering directory '/builddir/build/BUILD/freecell-solver-4.16.0/build'
[ 25%] Building C object CMakeFiles/freecell-solver.dir/is_parent.c.o
/usr/bin/cc -DFCS_COMPILE_DEBUG_FUNCTIONS=1 -D_GNU_SOURCE=1 -Dfreecell_solver_EXPORTS -I/builddir/build/BUILD/freecell-solver-4.16.0/build -I/builddir/build/BUILD/freecell-solver-4.16.0 -I/builddir/build/BUILD/freecell-solver-4.16.0/patsolve-shlomif/patsolve  -O2 -g -pipe -Wformat -Werror=format-security -Wp,-D_FORTIFY_SOURCE=2 -fstack-protector --param=ssp-buffer-size=4 -std=gnu11 -DNDEBUG -fPIC   -Wall -Werror=implicit-function-declaration -Wold-style-declaration -Wmissing-prototypes -Wformat-nonliteral -Wcast-align -Wpointer-arith -Wbad-function-cast -Wstrict-prototypes -Wmissing-declarations -Wundef -Wnested-externs -Wcast-qual -Wshadow -Wwrite-strings -Wunused -Wold-style-definition -fvisibility=hidden -o CMakeFiles/freecell-solver.dir/is_parent.c.o   -c /builddir/build/BUILD/freecell-solver-4.16.0/build/is_parent.c
make[2]: Leaving directory '/builddir/build/BUILD/freecell-solver-4.16.0/build'
make[2]: Entering directory '/builddir/build/BUILD/freecell-solver-4.16.0/build'
[ 28%] Building C object CMakeFiles/freecell-solver.dir/meta_alloc.c.o
/usr/bin/cc -DFCS_COMPILE_DEBUG_FUNCTIONS=1 -D_GNU_SOURCE=1 -Dfreecell_solver_EXPORTS -I/builddir/build/BUILD/freecell-solver-4.16.0/build -I/builddir/build/BUILD/freecell-solver-4.16.0 -I/builddir/build/BUILD/freecell-solver-4.16.0/patsolve-shlomif/patsolve  -O2 -g -pipe -Wformat -Werror=format-security -Wp,-D_FORTIFY_SOURCE=2 -fstack-protector --param=ssp-buffer-size=4 -std=gnu11 -DNDEBUG -fPIC   -Wall -Werror=implicit-function-declaration -Wold-style-declaration -Wmissing-prototypes -Wformat-nonliteral -Wcast-align -Wpointer-arith -Wbad-function-cast -Wstrict-prototypes -Wmissing-declarations -Wundef -Wnested-externs -Wcast-qual -Wshadow -Wwrite-strings -Wunused -Wold-style-definition -fvisibility=hidden -o CMakeFiles/freecell-solver.dir/meta_alloc.c.o   -c /builddir/build/BUILD/freecell-solver-4.16.0/meta_alloc.c
make[2]: Leaving directory '/builddir/build/BUILD/freecell-solver-4.16.0/build'
make[2]: Entering directory '/builddir/build/BUILD/freecell-solver-4.16.0/build'
[ 30%] Building C object CMakeFiles/freecell-solver.dir/move.c.o
/usr/bin/cc -DFCS_COMPILE_DEBUG_FUNCTIONS=1 -D_GNU_SOURCE=1 -Dfreecell_solver_EXPORTS -I/builddir/build/BUILD/freecell-solver-4.16.0/build -I/builddir/build/BUILD/freecell-solver-4.16.0 -I/builddir/build/BUILD/freecell-solver-4.16.0/patsolve-shlomif/patsolve  -O2 -g -pipe -Wformat -Werror=format-security -Wp,-D_FORTIFY_SOURCE=2 -fstack-protector --param=ssp-buffer-size=4 -std=gnu11 -DNDEBUG -fPIC   -Wall -Werror=implicit-function-declaration -Wold-style-declaration -Wmissing-prototypes -Wformat-nonliteral -Wcast-align -Wpointer-arith -Wbad-function-cast -Wstrict-prototypes -Wmissing-declarations -Wundef -Wnested-externs -Wcast-qual -Wshadow -Wwrite-strings -Wunused -Wold-style-definition -fvisibility=hidden -o CMakeFiles/freecell-solver.dir/move.c.o   -c /builddir/build/BUILD/freecell-solver-4.16.0/move.c
make[2]: Leaving directory '/builddir/build/BUILD/freecell-solver-4.16.0/build'
make[2]: Entering directory '/builddir/build/BUILD/freecell-solver-4.16.0/build'
[ 24%] Building C object CMakeFiles/freecell-solver.dir/check_and_add_state.c.o
/usr/bin/cc -DFCS_COMPILE_DEBUG_FUNCTIONS=1 -D_GNU_SOURCE=1 -Dfreecell_solver_EXPORTS -I/builddir/build/BUILD/freecell-solver-4.16.0/build -I/builddir/build/BUILD/freecell-solver-4.16.0 -I/builddir/build/BUILD/freecell-solver-4.16.0/patsolve-shlomif/patsolve  -O2 -g -pipe -Wformat -Werror=format-security -Wp,-D_FORTIFY_SOURCE=2 -fstack-protector --param=ssp-buffer-size=4 -std=gnu11 -DNDEBUG -fPIC   -Wall -Werror=implicit-function-declaration -Wold-style-declaration -Wmissing-prototypes -Wformat-nonliteral -Wcast-align -Wpointer-arith -Wbad-function-cast -Wstrict-prototypes -Wmissing-declarations -Wundef -Wnested-externs -Wcast-qual -Wshadow -Wwrite-strings -Wunused -Wold-style-definition -fvisibility=hidden -o CMakeFiles/freecell-solver.dir/check_and_add_state.c.o   -c /builddir/build/BUILD/freecell-solver-4.16.0/check_and_add_state.c
make[2]: Leaving directory '/builddir/build/BUILD/freecell-solver-4.16.0/build'
make[2]: Entering directory '/builddir/build/BUILD/freecell-solver-4.16.0/build'
[ 29%] Building C object CMakeFiles/freecell-solver-static.dir/check_and_add_state.c.o
/usr/bin/cc -DFCS_COMPILE_DEBUG_FUNCTIONS=1 -D_GNU_SOURCE=1 -I/builddir/build/BUILD/freecell-solver-4.16.0/build -I/builddir/build/BUILD/freecell-solver-4.16.0 -I/builddir/build/BUILD/freecell-solver-4.16.0/patsolve-shlomif/patsolve  -O2 -g -pipe -Wformat -Werror=format-security -Wp,-D_FORTIFY_SOURCE=2 -fstack-protector --param=ssp-buffer-size=4 -std=gnu11 -DNDEBUG   -Wall -Werror=implicit-function-declaration -Wold-style-declaration -Wmissing-prototypes -Wformat-nonliteral -Wcast-align -Wpointer-arith -Wbad-function-cast -Wstrict-prototypes -Wmissing-declarations -Wundef -Wnested-externs -Wcast-qual -Wshadow -Wwrite-strings -Wunused -Wold-style-definition -fvisibility=hidden -o CMakeFiles/freecell-solver-static.dir/check_and_add_state.c.o   -c /builddir/build/BUILD/freecell-solver-4.16.0/check_and_add_state.c
make[2]: Leaving directory '/builddir/build/BUILD/freecell-solver-4.16.0/build'
make[2]: Entering directory '/builddir/build/BUILD/freecell-solver-4.16.0/build'
[ 32%] Building C object CMakeFiles/freecell-solver.dir/pos_by_rank__freecell.c.o
/usr/bin/cc -DFCS_COMPILE_DEBUG_FUNCTIONS=1 -D_GNU_SOURCE=1 -Dfreecell_solver_EXPORTS -I/builddir/build/BUILD/freecell-solver-4.16.0/build -I/builddir/build/BUILD/freecell-solver-4.16.0 -I/builddir/build/BUILD/freecell-solver-4.16.0/patsolve-shlomif/patsolve  -O2 -g -pipe -Wformat -Werror=format-security -Wp,-D_FORTIFY_SOURCE=2 -fstack-protector --param=ssp-buffer-size=4 -std=gnu11 -DNDEBUG -fPIC   -Wall -Werror=implicit-function-declaration -Wold-style-declaration -Wmissing-prototypes -Wformat-nonliteral -Wcast-align -Wpointer-arith -Wbad-function-cast -Wstrict-prototypes -Wmissing-declarations -Wundef -Wnested-externs -Wcast-qual -Wshadow -Wwrite-strings -Wunused -Wold-style-definition -fvisibility=hidden -o CMakeFiles/freecell-solver.dir/pos_by_rank__freecell.c.o   -c /builddir/build/BUILD/freecell-solver-4.16.0/build/pos_by_rank__freecell.c
make[2]: Leaving directory '/builddir/build/BUILD/freecell-solver-4.16.0/build'
make[2]: Entering directory '/builddir/build/BUILD/freecell-solver-4.16.0/build'
[ 35%] Building C object CMakeFiles/freecell-solver.dir/rate_state.c.o
/usr/bin/cc -DFCS_COMPILE_DEBUG_FUNCTIONS=1 -D_GNU_SOURCE=1 -Dfreecell_solver_EXPORTS -I/builddir/build/BUILD/freecell-solver-4.16.0/build -I/builddir/build/BUILD/freecell-solver-4.16.0 -I/builddir/build/BUILD/freecell-solver-4.16.0/patsolve-shlomif/patsolve  -O2 -g -pipe -Wformat -Werror=format-security -Wp,-D_FORTIFY_SOURCE=2 -fstack-protector --param=ssp-buffer-size=4 -std=gnu11 -DNDEBUG -fPIC   -Wall -Werror=implicit-function-declaration -Wold-style-declaration -Wmissing-prototypes -Wformat-nonliteral -Wcast-align -Wpointer-arith -Wbad-function-cast -Wstrict-prototypes -Wmissing-declarations -Wundef -Wnested-externs -Wcast-qual -Wshadow -Wwrite-strings -Wunused -Wold-style-definition -fvisibility=hidden -o CMakeFiles/freecell-solver.dir/rate_state.c.o   -c /builddir/build/BUILD/freecell-solver-4.16.0/build/rate_state.c
make[2]: Leaving directory '/builddir/build/BUILD/freecell-solver-4.16.0/build'
make[2]: Entering directory '/builddir/build/BUILD/freecell-solver-4.16.0/build'
[ 30%] Building C object CMakeFiles/freecell-solver.dir/move_funcs_order.c.o
/usr/bin/cc -DFCS_COMPILE_DEBUG_FUNCTIONS=1 -D_GNU_SOURCE=1 -Dfreecell_solver_EXPORTS -I/builddir/build/BUILD/freecell-solver-4.16.0/build -I/builddir/build/BUILD/freecell-solver-4.16.0 -I/builddir/build/BUILD/freecell-solver-4.16.0/patsolve-shlomif/patsolve  -O2 -g -pipe -Wformat -Werror=format-security -Wp,-D_FORTIFY_SOURCE=2 -fstack-protector --param=ssp-buffer-size=4 -std=gnu11 -DNDEBUG -fPIC   -Wall -Werror=implicit-function-declaration -Wold-style-declaration -Wmissing-prototypes -Wformat-nonliteral -Wcast-align -Wpointer-arith -Wbad-function-cast -Wstrict-prototypes -Wmissing-declarations -Wundef -Wnested-externs -Wcast-qual -Wshadow -Wwrite-strings -Wunused -Wold-style-definition -fvisibility=hidden -o CMakeFiles/freecell-solver.dir/move_funcs_order.c.o   -c /builddir/build/BUILD/freecell-solver-4.16.0/move_funcs_order.c
make[2]: Leaving directory '/builddir/build/BUILD/freecell-solver-4.16.0/build'
make[2]: Entering directory '/builddir/build/BUILD/freecell-solver-4.16.0/build'
[ 31%] Building C object CMakeFiles/freecell-solver.dir/preset.c.o
/usr/bin/cc -DFCS_COMPILE_DEBUG_FUNCTIONS=1 -D_GNU_SOURCE=1 -Dfreecell_solver_EXPORTS -I/builddir/build/BUILD/freecell-solver-4.16.0/build -I/builddir/build/BUILD/freecell-solver-4.16.0 -I/builddir/build/BUILD/freecell-solver-4.16.0/patsolve-shlomif/patsolve  -O2 -g -pipe -Wformat -Werror=format-security -Wp,-D_FORTIFY_SOURCE=2 -fstack-protector --param=ssp-buffer-size=4 -std=gnu11 -DNDEBUG -fPIC   -Wall -Werror=implicit-function-declaration -Wold-style-declaration -Wmissing-prototypes -Wformat-nonliteral -Wcast-align -Wpointer-arith -Wbad-function-cast -Wstrict-prototypes -Wmissing-declarations -Wundef -Wnested-externs -Wcast-qual -Wshadow -Wwrite-strings -Wunused -Wold-style-definition -fvisibility=hidden -o CMakeFiles/freecell-solver.dir/preset.c.o   -c /builddir/build/BUILD/freecell-solver-4.16.0/preset.c
make[2]: Leaving directory '/builddir/build/BUILD/freecell-solver-4.16.0/build'
make[2]: Entering directory '/builddir/build/BUILD/freecell-solver-4.16.0/build'
[ 24%] Building C object CMakeFiles/freecell-solver.dir/instance.c.o
/usr/bin/cc -DFCS_COMPILE_DEBUG_FUNCTIONS=1 -D_GNU_SOURCE=1 -Dfreecell_solver_EXPORTS -I/builddir/build/BUILD/freecell-solver-4.16.0/build -I/builddir/build/BUILD/freecell-solver-4.16.0 -I/builddir/build/BUILD/freecell-solver-4.16.0/patsolve-shlomif/patsolve  -O2 -g -pipe -Wformat -Werror=format-security -Wp,-D_FORTIFY_SOURCE=2 -fstack-protector --param=ssp-buffer-size=4 -std=gnu11 -DNDEBUG -fPIC   -Wall -Werror=implicit-function-declaration -Wold-style-declaration -Wmissing-prototypes -Wformat-nonliteral -Wcast-align -Wpointer-arith -Wbad-function-cast -Wstrict-prototypes -Wmissing-declarations -Wundef -Wnested-externs -Wcast-qual -Wshadow -Wwrite-strings -Wunused -Wold-style-definition -fvisibility=hidden -o CMakeFiles/freecell-solver.dir/instance.c.o   -c /builddir/build/BUILD/freecell-solver-4.16.0/instance.c
make[2]: Leaving directory '/builddir/build/BUILD/freecell-solver-4.16.0/build'
make[2]: Entering directory '/builddir/build/BUILD/freecell-solver-4.16.0/build'
[ 38%] Building C object CMakeFiles/freecell-solver.dir/move_funcs_maps.c.o
/usr/bin/cc -DFCS_COMPILE_DEBUG_FUNCTIONS=1 -D_GNU_SOURCE=1 -Dfreecell_solver_EXPORTS -I/builddir/build/BUILD/freecell-solver-4.16.0/build -I/builddir/build/BUILD/freecell-solver-4.16.0 -I/builddir/build/BUILD/freecell-solver-4.16.0/patsolve-shlomif/patsolve  -O2 -g -pipe -Wformat -Werror=format-security -Wp,-D_FORTIFY_SOURCE=2 -fstack-protector --param=ssp-buffer-size=4 -std=gnu11 -DNDEBUG -fPIC   -Wall -Werror=implicit-function-declaration -Wold-style-declaration -Wmissing-prototypes -Wformat-nonliteral -Wcast-align -Wpointer-arith -Wbad-function-cast -Wstrict-prototypes -Wmissing-declarations -Wundef -Wnested-externs -Wcast-qual -Wshadow -Wwrite-strings -Wunused -Wold-style-definition -fvisibility=hidden -o CMakeFiles/freecell-solver.dir/move_funcs_maps.c.o   -c /builddir/build/BUILD/freecell-solver-4.16.0/build/move_funcs_maps.c
make[2]: Leaving directory '/builddir/build/BUILD/freecell-solver-4.16.0/build'
make[2]: Entering directory '/builddir/build/BUILD/freecell-solver-4.16.0/build'
[ 21%] Building C object t/CMakeFiles/card-test-parse.t.exe.dir/card-test-parse.c.o
cd /builddir/build/BUILD/freecell-solver-4.16.0/build/t && /usr/bin/cc -DFCS_COMPILE_DEBUG_FUNCTIONS=1 -DFCS_DBM_USE_LIBAVL=1 -D_GNU_SOURCE=1 -I/builddir/build/BUILD/freecell-solver-4.16.0/build -I/builddir/build/BUILD/freecell-solver-4.16.0 -I/builddir/build/BUILD/freecell-solver-4.16.0/patsolve-shlomif/patsolve  -O2 -g -pipe -Wformat -Werror=format-security -Wp,-D_FORTIFY_SOURCE=2 -fstack-protector --param=ssp-buffer-size=4 -std=gnu11 -DNDEBUG   -Wall -Werror=implicit-function-declaration -Wold-style-declaration -Wmissing-prototypes -Wformat-nonliteral -Wcast-align -Wpointer-arith -Wbad-function-cast -Wstrict-prototypes -Wmissing-declarations -Wundef -Wnested-externs -Wcast-qual -Wshadow -Wwrite-strings -Wunused -Wold-style-definition -fvisibility=hidden -I/builddir/build/BUILD/freecell-solver-4.16.0/t/.. -I/builddir/build/BUILD/freecell-solver-4.16.0/t/../libavl/ -o CMakeFiles/card-test-parse.t.exe.dir/card-test-parse.c.o   -c /builddir/build/BUILD/freecell-solver-4.16.0/build/t/card-test-parse.c
make[2]: Leaving directory '/builddir/build/BUILD/freecell-solver-4.16.0/build'
make[2]: Entering directory '/builddir/build/BUILD/freecell-solver-4.16.0/build'
[ 40%] Linking C executable card-test-parse.t.exe
cd /builddir/build/BUILD/freecell-solver-4.16.0/build/t && /usr/bin/cmake -E cmake_link_script CMakeFiles/card-test-parse.t.exe.dir/link.txt --verbose=1
/usr/bin/cc -O2 -g -pipe -Wformat -Werror=format-security -Wp,-D_FORTIFY_SOURCE=2 -fstack-protector --param=ssp-buffer-size=4 -std=gnu11 -DNDEBUG  -Wl,--as-needed -Wl,--no-undefined -Wl,-z,relro -Wl,-O1 -Wl,--build-id -Wl,--enable-new-dtags -rdynamic CMakeFiles/card-test-parse.t.exe.dir/card-test-parse.c.o  -o card-test-parse.t.exe -ltap 
make[2]: Leaving directory '/builddir/build/BUILD/freecell-solver-4.16.0/build'
make[1]: Entering directory '/builddir/build/BUILD/freecell-solver-4.16.0/build'
[ 40%] Built target card-test-parse.t.exe
make[1]: Leaving directory '/builddir/build/BUILD/freecell-solver-4.16.0/build'
make[2]: Entering directory '/builddir/build/BUILD/freecell-solver-4.16.0/build'
[ 41%] Building C object CMakeFiles/freecell-solver.dir/patsolve-shlomif/patsolve/param.c.o
/usr/bin/cc -DFCS_COMPILE_DEBUG_FUNCTIONS=1 -D_GNU_SOURCE=1 -Dfreecell_solver_EXPORTS -I/builddir/build/BUILD/freecell-solver-4.16.0/build -I/builddir/build/BUILD/freecell-solver-4.16.0 -I/builddir/build/BUILD/freecell-solver-4.16.0/patsolve-shlomif/patsolve  -O2 -g -pipe -Wformat -Werror=format-security -Wp,-D_FORTIFY_SOURCE=2 -fstack-protector --param=ssp-buffer-size=4 -std=gnu11 -DNDEBUG -fPIC   -Wall -Werror=implicit-function-declaration -Wold-style-declaration -Wmissing-prototypes -Wformat-nonliteral -Wcast-align -Wpointer-arith -Wbad-function-cast -Wstrict-prototypes -Wmissing-declarations -Wundef -Wnested-externs -Wcast-qual -Wshadow -Wwrite-strings -Wunused -Wold-style-definition -fvisibility=hidden -o CMakeFiles/freecell-solver.dir/patsolve-shlomif/patsolve/param.c.o   -c /builddir/build/BUILD/freecell-solver-4.16.0/patsolve-shlomif/patsolve/param.c
make[2]: Leaving directory '/builddir/build/BUILD/freecell-solver-4.16.0/build'
make[2]: Entering directory '/builddir/build/BUILD/freecell-solver-4.16.0/build'
[ 40%] Building C object CMakeFiles/freecell-solver.dir/card.c.o
/usr/bin/cc -DFCS_COMPILE_DEBUG_FUNCTIONS=1 -D_GNU_SOURCE=1 -Dfreecell_solver_EXPORTS -I/builddir/build/BUILD/freecell-solver-4.16.0/build -I/builddir/build/BUILD/freecell-solver-4.16.0 -I/builddir/build/BUILD/freecell-solver-4.16.0/patsolve-shlomif/patsolve  -O2 -g -pipe -Wformat -Werror=format-security -Wp,-D_FORTIFY_SOURCE=2 -fstack-protector --param=ssp-buffer-size=4 -std=gnu11 -DNDEBUG -fPIC   -Wall -Werror=implicit-function-declaration -Wold-style-declaration -Wmissing-prototypes -Wformat-nonliteral -Wcast-align -Wpointer-arith -Wbad-function-cast -Wstrict-prototypes -Wmissing-declarations -Wundef -Wnested-externs -Wcast-qual -Wshadow -Wwrite-strings -Wunused -Wold-style-definition -fvisibility=hidden -o CMakeFiles/freecell-solver.dir/card.c.o   -c /builddir/build/BUILD/freecell-solver-4.16.0/card.c
make[2]: Leaving directory '/builddir/build/BUILD/freecell-solver-4.16.0/build'
make[2]: Entering directory '/builddir/build/BUILD/freecell-solver-4.16.0/build'
[ 38%] Building C object CMakeFiles/freecell-solver.dir/state.c.o
/usr/bin/cc -DFCS_COMPILE_DEBUG_FUNCTIONS=1 -D_GNU_SOURCE=1 -Dfreecell_solver_EXPORTS -I/builddir/build/BUILD/freecell-solver-4.16.0/build -I/builddir/build/BUILD/freecell-solver-4.16.0 -I/builddir/build/BUILD/freecell-solver-4.16.0/patsolve-shlomif/patsolve  -O2 -g -pipe -Wformat -Werror=format-security -Wp,-D_FORTIFY_SOURCE=2 -fstack-protector --param=ssp-buffer-size=4 -std=gnu11 -DNDEBUG -fPIC   -Wall -Werror=implicit-function-declaration -Wold-style-declaration -Wmissing-prototypes -Wformat-nonliteral -Wcast-align -Wpointer-arith -Wbad-function-cast -Wstrict-prototypes -Wmissing-declarations -Wundef -Wnested-externs -Wcast-qual -Wshadow -Wwrite-strings -Wunused -Wold-style-definition -fvisibility=hidden -o CMakeFiles/freecell-solver.dir/state.c.o   -c /builddir/build/BUILD/freecell-solver-4.16.0/state.c
make[2]: Leaving directory '/builddir/build/BUILD/freecell-solver-4.16.0/build'
make[2]: Entering directory '/builddir/build/BUILD/freecell-solver-4.16.0/build'
[ 45%] Building C object CMakeFiles/freecell-solver.dir/patsolve-shlomif/patsolve/tree.c.o
/usr/bin/cc -DFCS_COMPILE_DEBUG_FUNCTIONS=1 -D_GNU_SOURCE=1 -Dfreecell_solver_EXPORTS -I/builddir/build/BUILD/freecell-solver-4.16.0/build -I/builddir/build/BUILD/freecell-solver-4.16.0 -I/builddir/build/BUILD/freecell-solver-4.16.0/patsolve-shlomif/patsolve  -O2 -g -pipe -Wformat -Werror=format-security -Wp,-D_FORTIFY_SOURCE=2 -fstack-protector --param=ssp-buffer-size=4 -std=gnu11 -DNDEBUG -fPIC   -Wall -Werror=implicit-function-declaration -Wold-style-declaration -Wmissing-prototypes -Wformat-nonliteral -Wcast-align -Wpointer-arith -Wbad-function-cast -Wstrict-prototypes -Wmissing-declarations -Wundef -Wnested-externs -Wcast-qual -Wshadow -Wwrite-strings -Wunused -Wold-style-definition -fvisibility=hidden -o CMakeFiles/freecell-solver.dir/patsolve-shlomif/patsolve/tree.c.o   -c /builddir/build/BUILD/freecell-solver-4.16.0/patsolve-shlomif/patsolve/tree.c
make[2]: Leaving directory '/builddir/build/BUILD/freecell-solver-4.16.0/build'
make[2]: Entering directory '/builddir/build/BUILD/freecell-solver-4.16.0/build'
[ 36%] Building C object CMakeFiles/freecell-solver.dir/scans.c.o
/usr/bin/cc -DFCS_COMPILE_DEBUG_FUNCTIONS=1 -D_GNU_SOURCE=1 -Dfreecell_solver_EXPORTS -I/builddir/build/BUILD/freecell-solver-4.16.0/build -I/builddir/build/BUILD/freecell-solver-4.16.0 -I/builddir/build/BUILD/freecell-solver-4.16.0/patsolve-shlomif/patsolve  -O2 -g -pipe -Wformat -Werror=format-security -Wp,-D_FORTIFY_SOURCE=2 -fstack-protector --param=ssp-buffer-size=4 -std=gnu11 -DNDEBUG -fPIC   -Wall -Werror=implicit-function-declaration -Wold-style-declaration -Wmissing-prototypes -Wformat-nonliteral -Wcast-align -Wpointer-arith -Wbad-function-cast -Wstrict-prototypes -Wmissing-declarations -Wundef -Wnested-externs -Wcast-qual -Wshadow -Wwrite-strings -Wunused -Wold-style-definition -fvisibility=hidden -o CMakeFiles/freecell-solver.dir/scans.c.o   -c /builddir/build/BUILD/freecell-solver-4.16.0/scans.c
make[2]: Leaving directory '/builddir/build/BUILD/freecell-solver-4.16.0/build'
make[2]: Entering directory '/builddir/build/BUILD/freecell-solver-4.16.0/build'
[ 43%] Building C object CMakeFiles/freecell-solver.dir/patsolve-shlomif/patsolve/patsolve.c.o
/usr/bin/cc -DFCS_COMPILE_DEBUG_FUNCTIONS=1 -D_GNU_SOURCE=1 -Dfreecell_solver_EXPORTS -I/builddir/build/BUILD/freecell-solver-4.16.0/build -I/builddir/build/BUILD/freecell-solver-4.16.0 -I/builddir/build/BUILD/freecell-solver-4.16.0/patsolve-shlomif/patsolve  -O2 -g -pipe -Wformat -Werror=format-security -Wp,-D_FORTIFY_SOURCE=2 -fstack-protector --param=ssp-buffer-size=4 -std=gnu11 -DNDEBUG -fPIC   -Wall -Werror=implicit-function-declaration -Wold-style-declaration -Wmissing-prototypes -Wformat-nonliteral -Wcast-align -Wpointer-arith -Wbad-function-cast -Wstrict-prototypes -Wmissing-declarations -Wundef -Wnested-externs -Wcast-qual -Wshadow -Wwrite-strings -Wunused -Wold-style-definition -fvisibility=hidden -o CMakeFiles/freecell-solver.dir/patsolve-shlomif/patsolve/patsolve.c.o   -c /builddir/build/BUILD/freecell-solver-4.16.0/patsolve-shlomif/patsolve/patsolve.c
make[2]: Leaving directory '/builddir/build/BUILD/freecell-solver-4.16.0/build'
make[2]: Entering directory '/builddir/build/BUILD/freecell-solver-4.16.0/build'
[ 46%] Building C object CMakeFiles/freecell-solver.dir/split_cmd_line.c.o
/usr/bin/cc -DFCS_COMPILE_DEBUG_FUNCTIONS=1 -D_GNU_SOURCE=1 -Dfreecell_solver_EXPORTS -I/builddir/build/BUILD/freecell-solver-4.16.0/build -I/builddir/build/BUILD/freecell-solver-4.16.0 -I/builddir/build/BUILD/freecell-solver-4.16.0/patsolve-shlomif/patsolve  -O2 -g -pipe -Wformat -Werror=format-security -Wp,-D_FORTIFY_SOURCE=2 -fstack-protector --param=ssp-buffer-size=4 -std=gnu11 -DNDEBUG -fPIC   -Wall -Werror=implicit-function-declaration -Wold-style-declaration -Wmissing-prototypes -Wformat-nonliteral -Wcast-align -Wpointer-arith -Wbad-function-cast -Wstrict-prototypes -Wmissing-declarations -Wundef -Wnested-externs -Wcast-qual -Wshadow -Wwrite-strings -Wunused -Wold-style-definition -fvisibility=hidden -o CMakeFiles/freecell-solver.dir/split_cmd_line.c.o   -c /builddir/build/BUILD/freecell-solver-4.16.0/split_cmd_line.c
make[2]: Leaving directory '/builddir/build/BUILD/freecell-solver-4.16.0/build'
make[2]: Entering directory '/builddir/build/BUILD/freecell-solver-4.16.0/build'
[ 42%] Building C object CMakeFiles/freecell-solver.dir/patsolve-shlomif/patsolve/pat.c.o
/usr/bin/cc -DFCS_COMPILE_DEBUG_FUNCTIONS=1 -D_GNU_SOURCE=1 -Dfreecell_solver_EXPORTS -I/builddir/build/BUILD/freecell-solver-4.16.0/build -I/builddir/build/BUILD/freecell-solver-4.16.0 -I/builddir/build/BUILD/freecell-solver-4.16.0/patsolve-shlomif/patsolve  -O2 -g -pipe -Wformat -Werror=format-security -Wp,-D_FORTIFY_SOURCE=2 -fstack-protector --param=ssp-buffer-size=4 -std=gnu11 -DNDEBUG -fPIC   -Wall -Werror=implicit-function-declaration -Wold-style-declaration -Wmissing-prototypes -Wformat-nonliteral -Wcast-align -Wpointer-arith -Wbad-function-cast -Wstrict-prototypes -Wmissing-declarations -Wundef -Wnested-externs -Wcast-qual -Wshadow -Wwrite-strings -Wunused -Wold-style-definition -fvisibility=hidden -o CMakeFiles/freecell-solver.dir/patsolve-shlomif/patsolve/pat.c.o   -c /builddir/build/BUILD/freecell-solver-4.16.0/patsolve-shlomif/patsolve/pat.c
make[2]: Leaving directory '/builddir/build/BUILD/freecell-solver-4.16.0/build'
make[2]: Entering directory '/builddir/build/BUILD/freecell-solver-4.16.0/build'
[ 48%] Building C object CMakeFiles/freecell-solver-static.dir/is_king.c.o
/usr/bin/cc -DFCS_COMPILE_DEBUG_FUNCTIONS=1 -D_GNU_SOURCE=1 -I/builddir/build/BUILD/freecell-solver-4.16.0/build -I/builddir/build/BUILD/freecell-solver-4.16.0 -I/builddir/build/BUILD/freecell-solver-4.16.0/patsolve-shlomif/patsolve  -O2 -g -pipe -Wformat -Werror=format-security -Wp,-D_FORTIFY_SOURCE=2 -fstack-protector --param=ssp-buffer-size=4 -std=gnu11 -DNDEBUG   -Wall -Werror=implicit-function-declaration -Wold-style-declaration -Wmissing-prototypes -Wformat-nonliteral -Wcast-align -Wpointer-arith -Wbad-function-cast -Wstrict-prototypes -Wmissing-declarations -Wundef -Wnested-externs -Wcast-qual -Wshadow -Wwrite-strings -Wunused -Wold-style-definition -fvisibility=hidden -o CMakeFiles/freecell-solver-static.dir/is_king.c.o   -c /builddir/build/BUILD/freecell-solver-4.16.0/build/is_king.c
make[2]: Leaving directory '/builddir/build/BUILD/freecell-solver-4.16.0/build'
make[2]: Entering directory '/builddir/build/BUILD/freecell-solver-4.16.0/build'
[ 49%] Building C object CMakeFiles/freecell-solver-static.dir/is_parent.c.o
/usr/bin/cc -DFCS_COMPILE_DEBUG_FUNCTIONS=1 -D_GNU_SOURCE=1 -I/builddir/build/BUILD/freecell-solver-4.16.0/build -I/builddir/build/BUILD/freecell-solver-4.16.0 -I/builddir/build/BUILD/freecell-solver-4.16.0/patsolve-shlomif/patsolve  -O2 -g -pipe -Wformat -Werror=format-security -Wp,-D_FORTIFY_SOURCE=2 -fstack-protector --param=ssp-buffer-size=4 -std=gnu11 -DNDEBUG   -Wall -Werror=implicit-function-declaration -Wold-style-declaration -Wmissing-prototypes -Wformat-nonliteral -Wcast-align -Wpointer-arith -Wbad-function-cast -Wstrict-prototypes -Wmissing-declarations -Wundef -Wnested-externs -Wcast-qual -Wshadow -Wwrite-strings -Wunused -Wold-style-definition -fvisibility=hidden -o CMakeFiles/freecell-solver-static.dir/is_parent.c.o   -c /builddir/build/BUILD/freecell-solver-4.16.0/build/is_parent.c
make[2]: Leaving directory '/builddir/build/BUILD/freecell-solver-4.16.0/build'
make[2]: Entering directory '/builddir/build/BUILD/freecell-solver-4.16.0/build'
[ 47%] Building C object CMakeFiles/freecell-solver.dir/fc_pro_iface.c.o
/usr/bin/cc -DFCS_COMPILE_DEBUG_FUNCTIONS=1 -D_GNU_SOURCE=1 -Dfreecell_solver_EXPORTS -I/builddir/build/BUILD/freecell-solver-4.16.0/build -I/builddir/build/BUILD/freecell-solver-4.16.0 -I/builddir/build/BUILD/freecell-solver-4.16.0/patsolve-shlomif/patsolve  -O2 -g -pipe -Wformat -Werror=format-security -Wp,-D_FORTIFY_SOURCE=2 -fstack-protector --param=ssp-buffer-size=4 -std=gnu11 -DNDEBUG -fPIC   -Wall -Werror=implicit-function-declaration -Wold-style-declaration -Wmissing-prototypes -Wformat-nonliteral -Wcast-align -Wpointer-arith -Wbad-function-cast -Wstrict-prototypes -Wmissing-declarations -Wundef -Wnested-externs -Wcast-qual -Wshadow -Wwrite-strings -Wunused -Wold-style-definition -fvisibility=hidden -o CMakeFiles/freecell-solver.dir/fc_pro_iface.c.o   -c /builddir/build/BUILD/freecell-solver-4.16.0/fc_pro_iface.c
make[2]: Leaving directory '/builddir/build/BUILD/freecell-solver-4.16.0/build'
make[2]: Entering directory '/builddir/build/BUILD/freecell-solver-4.16.0/build'
[ 46%] Building C object CMakeFiles/freecell-solver.dir/cmd_line.c.o
/usr/bin/cc -DFCS_COMPILE_DEBUG_FUNCTIONS=1 -D_GNU_SOURCE=1 -Dfreecell_solver_EXPORTS -I/builddir/build/BUILD/freecell-solver-4.16.0/build -I/builddir/build/BUILD/freecell-solver-4.16.0 -I/builddir/build/BUILD/freecell-solver-4.16.0/patsolve-shlomif/patsolve  -O2 -g -pipe -Wformat -Werror=format-security -Wp,-D_FORTIFY_SOURCE=2 -fstack-protector --param=ssp-buffer-size=4 -std=gnu11 -DNDEBUG -fPIC   -Wall -Werror=implicit-function-declaration -Wold-style-declaration -Wmissing-prototypes -Wformat-nonliteral -Wcast-align -Wpointer-arith -Wbad-function-cast -Wstrict-prototypes -Wmissing-declarations -Wundef -Wnested-externs -Wcast-qual -Wshadow -Wwrite-strings -Wunused -Wold-style-definition -fvisibility=hidden -o CMakeFiles/freecell-solver.dir/cmd_line.c.o   -c /builddir/build/BUILD/freecell-solver-4.16.0/cmd_line.c
make[2]: Leaving directory '/builddir/build/BUILD/freecell-solver-4.16.0/build'
/builddir/build/BUILD/freecell-solver-4.16.0/cmd_line.c: In function 'calc_errstr_s':
/builddir/build/BUILD/freecell-solver-4.16.0/cmd_line.c:168:5: warning: ignoring return value of 'vasprintf', declared with attribute warn_unused_result [-Wunused-result]
     vasprintf(&errstr, format, my_va_list);
     ^~~~~~~~~~~~~~~~~~~~~~~~~~~~~~~~~~~~~~
make[2]: Entering directory '/builddir/build/BUILD/freecell-solver-4.16.0/build'
[ 51%] Building C object CMakeFiles/freecell-solver-static.dir/meta_alloc.c.o
/usr/bin/cc -DFCS_COMPILE_DEBUG_FUNCTIONS=1 -D_GNU_SOURCE=1 -I/builddir/build/BUILD/freecell-solver-4.16.0/build -I/builddir/build/BUILD/freecell-solver-4.16.0 -I/builddir/build/BUILD/freecell-solver-4.16.0/patsolve-shlomif/patsolve  -O2 -g -pipe -Wformat -Werror=format-security -Wp,-D_FORTIFY_SOURCE=2 -fstack-protector --param=ssp-buffer-size=4 -std=gnu11 -DNDEBUG   -Wall -Werror=implicit-function-declaration -Wold-style-declaration -Wmissing-prototypes -Wformat-nonliteral -Wcast-align -Wpointer-arith -Wbad-function-cast -Wstrict-prototypes -Wmissing-declarations -Wundef -Wnested-externs -Wcast-qual -Wshadow -Wwrite-strings -Wunused -Wold-style-definition -fvisibility=hidden -o CMakeFiles/freecell-solver-static.dir/meta_alloc.c.o   -c /builddir/build/BUILD/freecell-solver-4.16.0/meta_alloc.c
make[2]: Leaving directory '/builddir/build/BUILD/freecell-solver-4.16.0/build'
make[2]: Entering directory '/builddir/build/BUILD/freecell-solver-4.16.0/build'
[ 52%] Building C object CMakeFiles/freecell-solver-static.dir/move.c.o
/usr/bin/cc -DFCS_COMPILE_DEBUG_FUNCTIONS=1 -D_GNU_SOURCE=1 -I/builddir/build/BUILD/freecell-solver-4.16.0/build -I/builddir/build/BUILD/freecell-solver-4.16.0 -I/builddir/build/BUILD/freecell-solver-4.16.0/patsolve-shlomif/patsolve  -O2 -g -pipe -Wformat -Werror=format-security -Wp,-D_FORTIFY_SOURCE=2 -fstack-protector --param=ssp-buffer-size=4 -std=gnu11 -DNDEBUG   -Wall -Werror=implicit-function-declaration -Wold-style-declaration -Wmissing-prototypes -Wformat-nonliteral -Wcast-align -Wpointer-arith -Wbad-function-cast -Wstrict-prototypes -Wmissing-declarations -Wundef -Wnested-externs -Wcast-qual -Wshadow -Wwrite-strings -Wunused -Wold-style-definition -fvisibility=hidden -o CMakeFiles/freecell-solver-static.dir/move.c.o   -c /builddir/build/BUILD/freecell-solver-4.16.0/move.c
make[2]: Leaving directory '/builddir/build/BUILD/freecell-solver-4.16.0/build'
make[2]: Entering directory '/builddir/build/BUILD/freecell-solver-4.16.0/build'
[ 48%] Building C object CMakeFiles/freecell-solver-static.dir/instance.c.o
/usr/bin/cc -DFCS_COMPILE_DEBUG_FUNCTIONS=1 -D_GNU_SOURCE=1 -I/builddir/build/BUILD/freecell-solver-4.16.0/build -I/builddir/build/BUILD/freecell-solver-4.16.0 -I/builddir/build/BUILD/freecell-solver-4.16.0/patsolve-shlomif/patsolve  -O2 -g -pipe -Wformat -Werror=format-security -Wp,-D_FORTIFY_SOURCE=2 -fstack-protector --param=ssp-buffer-size=4 -std=gnu11 -DNDEBUG   -Wall -Werror=implicit-function-declaration -Wold-style-declaration -Wmissing-prototypes -Wformat-nonliteral -Wcast-align -Wpointer-arith -Wbad-function-cast -Wstrict-prototypes -Wmissing-declarations -Wundef -Wnested-externs -Wcast-qual -Wshadow -Wwrite-strings -Wunused -Wold-style-definition -fvisibility=hidden -o CMakeFiles/freecell-solver-static.dir/instance.c.o   -c /builddir/build/BUILD/freecell-solver-4.16.0/instance.c
make[2]: Leaving directory '/builddir/build/BUILD/freecell-solver-4.16.0/build'
make[2]: Entering directory '/builddir/build/BUILD/freecell-solver-4.16.0/build'
[ 54%] Building C object CMakeFiles/freecell-solver-static.dir/pos_by_rank__freecell.c.o
/usr/bin/cc -DFCS_COMPILE_DEBUG_FUNCTIONS=1 -D_GNU_SOURCE=1 -I/builddir/build/BUILD/freecell-solver-4.16.0/build -I/builddir/build/BUILD/freecell-solver-4.16.0 -I/builddir/build/BUILD/freecell-solver-4.16.0/patsolve-shlomif/patsolve  -O2 -g -pipe -Wformat -Werror=format-security -Wp,-D_FORTIFY_SOURCE=2 -fstack-protector --param=ssp-buffer-size=4 -std=gnu11 -DNDEBUG   -Wall -Werror=implicit-function-declaration -Wold-style-declaration -Wmissing-prototypes -Wformat-nonliteral -Wcast-align -Wpointer-arith -Wbad-function-cast -Wstrict-prototypes -Wmissing-declarations -Wundef -Wnested-externs -Wcast-qual -Wshadow -Wwrite-strings -Wunused -Wold-style-definition -fvisibility=hidden -o CMakeFiles/freecell-solver-static.dir/pos_by_rank__freecell.c.o   -c /builddir/build/BUILD/freecell-solver-4.16.0/build/pos_by_rank__freecell.c
make[2]: Leaving directory '/builddir/build/BUILD/freecell-solver-4.16.0/build'
make[2]: Entering directory '/builddir/build/BUILD/freecell-solver-4.16.0/build'
[ 56%] Building C object CMakeFiles/freecell-solver-static.dir/rate_state.c.o
/usr/bin/cc -DFCS_COMPILE_DEBUG_FUNCTIONS=1 -D_GNU_SOURCE=1 -I/builddir/build/BUILD/freecell-solver-4.16.0/build -I/builddir/build/BUILD/freecell-solver-4.16.0 -I/builddir/build/BUILD/freecell-solver-4.16.0/patsolve-shlomif/patsolve  -O2 -g -pipe -Wformat -Werror=format-security -Wp,-D_FORTIFY_SOURCE=2 -fstack-protector --param=ssp-buffer-size=4 -std=gnu11 -DNDEBUG   -Wall -Werror=implicit-function-declaration -Wold-style-declaration -Wmissing-prototypes -Wformat-nonliteral -Wcast-align -Wpointer-arith -Wbad-function-cast -Wstrict-prototypes -Wmissing-declarations -Wundef -Wnested-externs -Wcast-qual -Wshadow -Wwrite-strings -Wunused -Wold-style-definition -fvisibility=hidden -o CMakeFiles/freecell-solver-static.dir/rate_state.c.o   -c /builddir/build/BUILD/freecell-solver-4.16.0/build/rate_state.c
make[2]: Leaving directory '/builddir/build/BUILD/freecell-solver-4.16.0/build'
make[2]: Entering directory '/builddir/build/BUILD/freecell-solver-4.16.0/build'
[ 53%] Building C object CMakeFiles/freecell-solver-static.dir/move_funcs_order.c.o
/usr/bin/cc -DFCS_COMPILE_DEBUG_FUNCTIONS=1 -D_GNU_SOURCE=1 -I/builddir/build/BUILD/freecell-solver-4.16.0/build -I/builddir/build/BUILD/freecell-solver-4.16.0 -I/builddir/build/BUILD/freecell-solver-4.16.0/patsolve-shlomif/patsolve  -O2 -g -pipe -Wformat -Werror=format-security -Wp,-D_FORTIFY_SOURCE=2 -fstack-protector --param=ssp-buffer-size=4 -std=gnu11 -DNDEBUG   -Wall -Werror=implicit-function-declaration -Wold-style-declaration -Wmissing-prototypes -Wformat-nonliteral -Wcast-align -Wpointer-arith -Wbad-function-cast -Wstrict-prototypes -Wmissing-declarations -Wundef -Wnested-externs -Wcast-qual -Wshadow -Wwrite-strings -Wunused -Wold-style-definition -fvisibility=hidden -o CMakeFiles/freecell-solver-static.dir/move_funcs_order.c.o   -c /builddir/build/BUILD/freecell-solver-4.16.0/move_funcs_order.c
make[2]: Leaving directory '/builddir/build/BUILD/freecell-solver-4.16.0/build'
make[2]: Entering directory '/builddir/build/BUILD/freecell-solver-4.16.0/build'
[ 54%] Building C object CMakeFiles/freecell-solver-static.dir/preset.c.o
/usr/bin/cc -DFCS_COMPILE_DEBUG_FUNCTIONS=1 -D_GNU_SOURCE=1 -I/builddir/build/BUILD/freecell-solver-4.16.0/build -I/builddir/build/BUILD/freecell-solver-4.16.0 -I/builddir/build/BUILD/freecell-solver-4.16.0/patsolve-shlomif/patsolve  -O2 -g -pipe -Wformat -Werror=format-security -Wp,-D_FORTIFY_SOURCE=2 -fstack-protector --param=ssp-buffer-size=4 -std=gnu11 -DNDEBUG   -Wall -Werror=implicit-function-declaration -Wold-style-declaration -Wmissing-prototypes -Wformat-nonliteral -Wcast-align -Wpointer-arith -Wbad-function-cast -Wstrict-prototypes -Wmissing-declarations -Wundef -Wnested-externs -Wcast-qual -Wshadow -Wwrite-strings -Wunused -Wold-style-definition -fvisibility=hidden -o CMakeFiles/freecell-solver-static.dir/preset.c.o   -c /builddir/build/BUILD/freecell-solver-4.16.0/preset.c
make[2]: Leaving directory '/builddir/build/BUILD/freecell-solver-4.16.0/build'
make[2]: Entering directory '/builddir/build/BUILD/freecell-solver-4.16.0/build'
[ 37%] Building C object CMakeFiles/freecell-solver.dir/simpsim.c.o
/usr/bin/cc -DFCS_COMPILE_DEBUG_FUNCTIONS=1 -D_GNU_SOURCE=1 -Dfreecell_solver_EXPORTS -I/builddir/build/BUILD/freecell-solver-4.16.0/build -I/builddir/build/BUILD/freecell-solver-4.16.0 -I/builddir/build/BUILD/freecell-solver-4.16.0/patsolve-shlomif/patsolve  -O2 -g -pipe -Wformat -Werror=format-security -Wp,-D_FORTIFY_SOURCE=2 -fstack-protector --param=ssp-buffer-size=4 -std=gnu11 -DNDEBUG -fPIC   -Wall -Werror=implicit-function-declaration -Wold-style-declaration -Wmissing-prototypes -Wformat-nonliteral -Wcast-align -Wpointer-arith -Wbad-function-cast -Wstrict-prototypes -Wmissing-declarations -Wundef -Wnested-externs -Wcast-qual -Wshadow -Wwrite-strings -Wunused -Wold-style-definition -fvisibility=hidden -o CMakeFiles/freecell-solver.dir/simpsim.c.o   -c /builddir/build/BUILD/freecell-solver-4.16.0/simpsim.c
make[2]: Leaving directory '/builddir/build/BUILD/freecell-solver-4.16.0/build'
make[2]: Entering directory '/builddir/build/BUILD/freecell-solver-4.16.0/build'
[ 60%] Building C object CMakeFiles/freecell-solver-static.dir/move_funcs_maps.c.o
/usr/bin/cc -DFCS_COMPILE_DEBUG_FUNCTIONS=1 -D_GNU_SOURCE=1 -I/builddir/build/BUILD/freecell-solver-4.16.0/build -I/builddir/build/BUILD/freecell-solver-4.16.0 -I/builddir/build/BUILD/freecell-solver-4.16.0/patsolve-shlomif/patsolve  -O2 -g -pipe -Wformat -Werror=format-security -Wp,-D_FORTIFY_SOURCE=2 -fstack-protector --param=ssp-buffer-size=4 -std=gnu11 -DNDEBUG   -Wall -Werror=implicit-function-declaration -Wold-style-declaration -Wmissing-prototypes -Wformat-nonliteral -Wcast-align -Wpointer-arith -Wbad-function-cast -Wstrict-prototypes -Wmissing-declarations -Wundef -Wnested-externs -Wcast-qual -Wshadow -Wwrite-strings -Wunused -Wold-style-definition -fvisibility=hidden -o CMakeFiles/freecell-solver-static.dir/move_funcs_maps.c.o   -c /builddir/build/BUILD/freecell-solver-4.16.0/build/move_funcs_maps.c
make[2]: Leaving directory '/builddir/build/BUILD/freecell-solver-4.16.0/build'
make[2]: Entering directory '/builddir/build/BUILD/freecell-solver-4.16.0/build'
[ 59%] Building C object CMakeFiles/freecell-solver-static.dir/state.c.o
/usr/bin/cc -DFCS_COMPILE_DEBUG_FUNCTIONS=1 -D_GNU_SOURCE=1 -I/builddir/build/BUILD/freecell-solver-4.16.0/build -I/builddir/build/BUILD/freecell-solver-4.16.0 -I/builddir/build/BUILD/freecell-solver-4.16.0/patsolve-shlomif/patsolve  -O2 -g -pipe -Wformat -Werror=format-security -Wp,-D_FORTIFY_SOURCE=2 -fstack-protector --param=ssp-buffer-size=4 -std=gnu11 -DNDEBUG   -Wall -Werror=implicit-function-declaration -Wold-style-declaration -Wmissing-prototypes -Wformat-nonliteral -Wcast-align -Wpointer-arith -Wbad-function-cast -Wstrict-prototypes -Wmissing-declarations -Wundef -Wnested-externs -Wcast-qual -Wshadow -Wwrite-strings -Wunused -Wold-style-definition -fvisibility=hidden -o CMakeFiles/freecell-solver-static.dir/state.c.o   -c /builddir/build/BUILD/freecell-solver-4.16.0/state.c
make[2]: Leaving directory '/builddir/build/BUILD/freecell-solver-4.16.0/build'
make[2]: Entering directory '/builddir/build/BUILD/freecell-solver-4.16.0/build'
[ 60%] Building C object CMakeFiles/freecell-solver-static.dir/card.c.o
/usr/bin/cc -DFCS_COMPILE_DEBUG_FUNCTIONS=1 -D_GNU_SOURCE=1 -I/builddir/build/BUILD/freecell-solver-4.16.0/build -I/builddir/build/BUILD/freecell-solver-4.16.0 -I/builddir/build/BUILD/freecell-solver-4.16.0/patsolve-shlomif/patsolve  -O2 -g -pipe -Wformat -Werror=format-security -Wp,-D_FORTIFY_SOURCE=2 -fstack-protector --param=ssp-buffer-size=4 -std=gnu11 -DNDEBUG   -Wall -Werror=implicit-function-declaration -Wold-style-declaration -Wmissing-prototypes -Wformat-nonliteral -Wcast-align -Wpointer-arith -Wbad-function-cast -Wstrict-prototypes -Wmissing-declarations -Wundef -Wnested-externs -Wcast-qual -Wshadow -Wwrite-strings -Wunused -Wold-style-definition -fvisibility=hidden -o CMakeFiles/freecell-solver-static.dir/card.c.o   -c /builddir/build/BUILD/freecell-solver-4.16.0/card.c
make[2]: Leaving directory '/builddir/build/BUILD/freecell-solver-4.16.0/build'
make[2]: Entering directory '/builddir/build/BUILD/freecell-solver-4.16.0/build'
[ 61%] Building C object CMakeFiles/freecell-solver-static.dir/patsolve-shlomif/patsolve/param.c.o
/usr/bin/cc -DFCS_COMPILE_DEBUG_FUNCTIONS=1 -D_GNU_SOURCE=1 -I/builddir/build/BUILD/freecell-solver-4.16.0/build -I/builddir/build/BUILD/freecell-solver-4.16.0 -I/builddir/build/BUILD/freecell-solver-4.16.0/patsolve-shlomif/patsolve  -O2 -g -pipe -Wformat -Werror=format-security -Wp,-D_FORTIFY_SOURCE=2 -fstack-protector --param=ssp-buffer-size=4 -std=gnu11 -DNDEBUG   -Wall -Werror=implicit-function-declaration -Wold-style-declaration -Wmissing-prototypes -Wformat-nonliteral -Wcast-align -Wpointer-arith -Wbad-function-cast -Wstrict-prototypes -Wmissing-declarations -Wundef -Wnested-externs -Wcast-qual -Wshadow -Wwrite-strings -Wunused -Wold-style-definition -fvisibility=hidden -o CMakeFiles/freecell-solver-static.dir/patsolve-shlomif/patsolve/param.c.o   -c /builddir/build/BUILD/freecell-solver-4.16.0/patsolve-shlomif/patsolve/param.c
make[2]: Leaving directory '/builddir/build/BUILD/freecell-solver-4.16.0/build'
make[2]: Entering directory '/builddir/build/BUILD/freecell-solver-4.16.0/build'
[ 57%] Building C object CMakeFiles/freecell-solver-static.dir/scans.c.o
/usr/bin/cc -DFCS_COMPILE_DEBUG_FUNCTIONS=1 -D_GNU_SOURCE=1 -I/builddir/build/BUILD/freecell-solver-4.16.0/build -I/builddir/build/BUILD/freecell-solver-4.16.0 -I/builddir/build/BUILD/freecell-solver-4.16.0/patsolve-shlomif/patsolve  -O2 -g -pipe -Wformat -Werror=format-security -Wp,-D_FORTIFY_SOURCE=2 -fstack-protector --param=ssp-buffer-size=4 -std=gnu11 -DNDEBUG   -Wall -Werror=implicit-function-declaration -Wold-style-declaration -Wmissing-prototypes -Wformat-nonliteral -Wcast-align -Wpointer-arith -Wbad-function-cast -Wstrict-prototypes -Wmissing-declarations -Wundef -Wnested-externs -Wcast-qual -Wshadow -Wwrite-strings -Wunused -Wold-style-definition -fvisibility=hidden -o CMakeFiles/freecell-solver-static.dir/scans.c.o   -c /builddir/build/BUILD/freecell-solver-4.16.0/scans.c
make[2]: Leaving directory '/builddir/build/BUILD/freecell-solver-4.16.0/build'
make[2]: Entering directory '/builddir/build/BUILD/freecell-solver-4.16.0/build'
[ 24%] Building C object CMakeFiles/freecell-solver.dir/freecell.c.o
/usr/bin/cc -DFCS_COMPILE_DEBUG_FUNCTIONS=1 -D_GNU_SOURCE=1 -Dfreecell_solver_EXPORTS -I/builddir/build/BUILD/freecell-solver-4.16.0/build -I/builddir/build/BUILD/freecell-solver-4.16.0 -I/builddir/build/BUILD/freecell-solver-4.16.0/patsolve-shlomif/patsolve  -O2 -g -pipe -Wformat -Werror=format-security -Wp,-D_FORTIFY_SOURCE=2 -fstack-protector --param=ssp-buffer-size=4 -std=gnu11 -DNDEBUG -fPIC   -Wall -Werror=implicit-function-declaration -Wold-style-declaration -Wmissing-prototypes -Wformat-nonliteral -Wcast-align -Wpointer-arith -Wbad-function-cast -Wstrict-prototypes -Wmissing-declarations -Wundef -Wnested-externs -Wcast-qual -Wshadow -Wwrite-strings -Wunused -Wold-style-definition -fvisibility=hidden -o CMakeFiles/freecell-solver.dir/freecell.c.o   -c /builddir/build/BUILD/freecell-solver-4.16.0/freecell.c
make[2]: Leaving directory '/builddir/build/BUILD/freecell-solver-4.16.0/build'
make[2]: Entering directory '/builddir/build/BUILD/freecell-solver-4.16.0/build'
[ 64%] Building C object CMakeFiles/freecell-solver-static.dir/patsolve-shlomif/patsolve/tree.c.o
/usr/bin/cc -DFCS_COMPILE_DEBUG_FUNCTIONS=1 -D_GNU_SOURCE=1 -I/builddir/build/BUILD/freecell-solver-4.16.0/build -I/builddir/build/BUILD/freecell-solver-4.16.0 -I/builddir/build/BUILD/freecell-solver-4.16.0/patsolve-shlomif/patsolve  -O2 -g -pipe -Wformat -Werror=format-security -Wp,-D_FORTIFY_SOURCE=2 -fstack-protector --param=ssp-buffer-size=4 -std=gnu11 -DNDEBUG   -Wall -Werror=implicit-function-declaration -Wold-style-declaration -Wmissing-prototypes -Wformat-nonliteral -Wcast-align -Wpointer-arith -Wbad-function-cast -Wstrict-prototypes -Wmissing-declarations -Wundef -Wnested-externs -Wcast-qual -Wshadow -Wwrite-strings -Wunused -Wold-style-definition -fvisibility=hidden -o CMakeFiles/freecell-solver-static.dir/patsolve-shlomif/patsolve/tree.c.o   -c /builddir/build/BUILD/freecell-solver-4.16.0/patsolve-shlomif/patsolve/tree.c
make[2]: Leaving directory '/builddir/build/BUILD/freecell-solver-4.16.0/build'
make[2]: Entering directory '/builddir/build/BUILD/freecell-solver-4.16.0/build'
[ 63%] Building C object CMakeFiles/freecell-solver-static.dir/patsolve-shlomif/patsolve/patsolve.c.o
/usr/bin/cc -DFCS_COMPILE_DEBUG_FUNCTIONS=1 -D_GNU_SOURCE=1 -I/builddir/build/BUILD/freecell-solver-4.16.0/build -I/builddir/build/BUILD/freecell-solver-4.16.0 -I/builddir/build/BUILD/freecell-solver-4.16.0/patsolve-shlomif/patsolve  -O2 -g -pipe -Wformat -Werror=format-security -Wp,-D_FORTIFY_SOURCE=2 -fstack-protector --param=ssp-buffer-size=4 -std=gnu11 -DNDEBUG   -Wall -Werror=implicit-function-declaration -Wold-style-declaration -Wmissing-prototypes -Wformat-nonliteral -Wcast-align -Wpointer-arith -Wbad-function-cast -Wstrict-prototypes -Wmissing-declarations -Wundef -Wnested-externs -Wcast-qual -Wshadow -Wwrite-strings -Wunused -Wold-style-definition -fvisibility=hidden -o CMakeFiles/freecell-solver-static.dir/patsolve-shlomif/patsolve/patsolve.c.o   -c /builddir/build/BUILD/freecell-solver-4.16.0/patsolve-shlomif/patsolve/patsolve.c
make[2]: Leaving directory '/builddir/build/BUILD/freecell-solver-4.16.0/build'
make[2]: Entering directory '/builddir/build/BUILD/freecell-solver-4.16.0/build'
[ 34%] Building C object CMakeFiles/freecell-solver-static.dir/freecell.c.o
/usr/bin/cc -DFCS_COMPILE_DEBUG_FUNCTIONS=1 -D_GNU_SOURCE=1 -I/builddir/build/BUILD/freecell-solver-4.16.0/build -I/builddir/build/BUILD/freecell-solver-4.16.0 -I/builddir/build/BUILD/freecell-solver-4.16.0/patsolve-shlomif/patsolve  -O2 -g -pipe -Wformat -Werror=format-security -Wp,-D_FORTIFY_SOURCE=2 -fstack-protector --param=ssp-buffer-size=4 -std=gnu11 -DNDEBUG   -Wall -Werror=implicit-function-declaration -Wold-style-declaration -Wmissing-prototypes -Wformat-nonliteral -Wcast-align -Wpointer-arith -Wbad-function-cast -Wstrict-prototypes -Wmissing-declarations -Wundef -Wnested-externs -Wcast-qual -Wshadow -Wwrite-strings -Wunused -Wold-style-definition -fvisibility=hidden -o CMakeFiles/freecell-solver-static.dir/freecell.c.o   -c /builddir/build/BUILD/freecell-solver-4.16.0/freecell.c
make[2]: Leaving directory '/builddir/build/BUILD/freecell-solver-4.16.0/build'
make[2]: Entering directory '/builddir/build/BUILD/freecell-solver-4.16.0/build'
[ 67%] Building C object CMakeFiles/freecell-solver-static.dir/split_cmd_line.c.o
/usr/bin/cc -DFCS_COMPILE_DEBUG_FUNCTIONS=1 -D_GNU_SOURCE=1 -I/builddir/build/BUILD/freecell-solver-4.16.0/build -I/builddir/build/BUILD/freecell-solver-4.16.0 -I/builddir/build/BUILD/freecell-solver-4.16.0/patsolve-shlomif/patsolve  -O2 -g -pipe -Wformat -Werror=format-security -Wp,-D_FORTIFY_SOURCE=2 -fstack-protector --param=ssp-buffer-size=4 -std=gnu11 -DNDEBUG   -Wall -Werror=implicit-function-declaration -Wold-style-declaration -Wmissing-prototypes -Wformat-nonliteral -Wcast-align -Wpointer-arith -Wbad-function-cast -Wstrict-prototypes -Wmissing-declarations -Wundef -Wnested-externs -Wcast-qual -Wshadow -Wwrite-strings -Wunused -Wold-style-definition -fvisibility=hidden -o CMakeFiles/freecell-solver-static.dir/split_cmd_line.c.o   -c /builddir/build/BUILD/freecell-solver-4.16.0/split_cmd_line.c
make[2]: Leaving directory '/builddir/build/BUILD/freecell-solver-4.16.0/build'
make[2]: Entering directory '/builddir/build/BUILD/freecell-solver-4.16.0/build'
[ 62%] Building C object CMakeFiles/freecell-solver-static.dir/patsolve-shlomif/patsolve/pat.c.o
/usr/bin/cc -DFCS_COMPILE_DEBUG_FUNCTIONS=1 -D_GNU_SOURCE=1 -I/builddir/build/BUILD/freecell-solver-4.16.0/build -I/builddir/build/BUILD/freecell-solver-4.16.0 -I/builddir/build/BUILD/freecell-solver-4.16.0/patsolve-shlomif/patsolve  -O2 -g -pipe -Wformat -Werror=format-security -Wp,-D_FORTIFY_SOURCE=2 -fstack-protector --param=ssp-buffer-size=4 -std=gnu11 -DNDEBUG   -Wall -Werror=implicit-function-declaration -Wold-style-declaration -Wmissing-prototypes -Wformat-nonliteral -Wcast-align -Wpointer-arith -Wbad-function-cast -Wstrict-prototypes -Wmissing-declarations -Wundef -Wnested-externs -Wcast-qual -Wshadow -Wwrite-strings -Wunused -Wold-style-definition -fvisibility=hidden -o CMakeFiles/freecell-solver-static.dir/patsolve-shlomif/patsolve/pat.c.o   -c /builddir/build/BUILD/freecell-solver-4.16.0/patsolve-shlomif/patsolve/pat.c
make[2]: Leaving directory '/builddir/build/BUILD/freecell-solver-4.16.0/build'
make[2]: Entering directory '/builddir/build/BUILD/freecell-solver-4.16.0/build'
[ 67%] Building C object CMakeFiles/freecell-solver-static.dir/fc_pro_iface.c.o
/usr/bin/cc -DFCS_COMPILE_DEBUG_FUNCTIONS=1 -D_GNU_SOURCE=1 -I/builddir/build/BUILD/freecell-solver-4.16.0/build -I/builddir/build/BUILD/freecell-solver-4.16.0 -I/builddir/build/BUILD/freecell-solver-4.16.0/patsolve-shlomif/patsolve  -O2 -g -pipe -Wformat -Werror=format-security -Wp,-D_FORTIFY_SOURCE=2 -fstack-protector --param=ssp-buffer-size=4 -std=gnu11 -DNDEBUG   -Wall -Werror=implicit-function-declaration -Wold-style-declaration -Wmissing-prototypes -Wformat-nonliteral -Wcast-align -Wpointer-arith -Wbad-function-cast -Wstrict-prototypes -Wmissing-declarations -Wundef -Wnested-externs -Wcast-qual -Wshadow -Wwrite-strings -Wunused -Wold-style-definition -fvisibility=hidden -o CMakeFiles/freecell-solver-static.dir/fc_pro_iface.c.o   -c /builddir/build/BUILD/freecell-solver-4.16.0/fc_pro_iface.c
make[2]: Leaving directory '/builddir/build/BUILD/freecell-solver-4.16.0/build'
make[2]: Entering directory '/builddir/build/BUILD/freecell-solver-4.16.0/build'
[ 65%] Building C object CMakeFiles/freecell-solver-static.dir/cmd_line.c.o
/usr/bin/cc -DFCS_COMPILE_DEBUG_FUNCTIONS=1 -D_GNU_SOURCE=1 -I/builddir/build/BUILD/freecell-solver-4.16.0/build -I/builddir/build/BUILD/freecell-solver-4.16.0 -I/builddir/build/BUILD/freecell-solver-4.16.0/patsolve-shlomif/patsolve  -O2 -g -pipe -Wformat -Werror=format-security -Wp,-D_FORTIFY_SOURCE=2 -fstack-protector --param=ssp-buffer-size=4 -std=gnu11 -DNDEBUG   -Wall -Werror=implicit-function-declaration -Wold-style-declaration -Wmissing-prototypes -Wformat-nonliteral -Wcast-align -Wpointer-arith -Wbad-function-cast -Wstrict-prototypes -Wmissing-declarations -Wundef -Wnested-externs -Wcast-qual -Wshadow -Wwrite-strings -Wunused -Wold-style-definition -fvisibility=hidden -o CMakeFiles/freecell-solver-static.dir/cmd_line.c.o   -c /builddir/build/BUILD/freecell-solver-4.16.0/cmd_line.c
make[2]: Leaving directory '/builddir/build/BUILD/freecell-solver-4.16.0/build'
/builddir/build/BUILD/freecell-solver-4.16.0/cmd_line.c: In function 'calc_errstr_s':
/builddir/build/BUILD/freecell-solver-4.16.0/cmd_line.c:168:5: warning: ignoring return value of 'vasprintf', declared with attribute warn_unused_result [-Wunused-result]
     vasprintf(&errstr, format, my_va_list);
     ^~~~~~~~~~~~~~~~~~~~~~~~~~~~~~~~~~~~~~
make[2]: Entering directory '/builddir/build/BUILD/freecell-solver-4.16.0/build'
[ 58%] Building C object CMakeFiles/freecell-solver-static.dir/simpsim.c.o
/usr/bin/cc -DFCS_COMPILE_DEBUG_FUNCTIONS=1 -D_GNU_SOURCE=1 -I/builddir/build/BUILD/freecell-solver-4.16.0/build -I/builddir/build/BUILD/freecell-solver-4.16.0 -I/builddir/build/BUILD/freecell-solver-4.16.0/patsolve-shlomif/patsolve  -O2 -g -pipe -Wformat -Werror=format-security -Wp,-D_FORTIFY_SOURCE=2 -fstack-protector --param=ssp-buffer-size=4 -std=gnu11 -DNDEBUG   -Wall -Werror=implicit-function-declaration -Wold-style-declaration -Wmissing-prototypes -Wformat-nonliteral -Wcast-align -Wpointer-arith -Wbad-function-cast -Wstrict-prototypes -Wmissing-declarations -Wundef -Wnested-externs -Wcast-qual -Wshadow -Wwrite-strings -Wunused -Wold-style-definition -fvisibility=hidden -o CMakeFiles/freecell-solver-static.dir/simpsim.c.o   -c /builddir/build/BUILD/freecell-solver-4.16.0/simpsim.c
make[2]: Leaving directory '/builddir/build/BUILD/freecell-solver-4.16.0/build'
make[2]: Entering directory '/builddir/build/BUILD/freecell-solver-4.16.0/build'
[ 27%] Building C object CMakeFiles/freecell-solver.dir/lib.c.o
/usr/bin/cc -DFCS_COMPILE_DEBUG_FUNCTIONS=1 -D_GNU_SOURCE=1 -Dfreecell_solver_EXPORTS -I/builddir/build/BUILD/freecell-solver-4.16.0/build -I/builddir/build/BUILD/freecell-solver-4.16.0 -I/builddir/build/BUILD/freecell-solver-4.16.0/patsolve-shlomif/patsolve  -O2 -g -pipe -Wformat -Werror=format-security -Wp,-D_FORTIFY_SOURCE=2 -fstack-protector --param=ssp-buffer-size=4 -std=gnu11 -DNDEBUG -fPIC   -Wall -Werror=implicit-function-declaration -Wold-style-declaration -Wmissing-prototypes -Wformat-nonliteral -Wcast-align -Wpointer-arith -Wbad-function-cast -Wstrict-prototypes -Wmissing-declarations -Wundef -Wnested-externs -Wcast-qual -Wshadow -Wwrite-strings -Wunused -Wold-style-definition -fvisibility=hidden -o CMakeFiles/freecell-solver.dir/lib.c.o   -c /builddir/build/BUILD/freecell-solver-4.16.0/lib.c
make[2]: Leaving directory '/builddir/build/BUILD/freecell-solver-4.16.0/build'
/builddir/build/BUILD/freecell-solver-4.16.0/lib.c: In function 'fc_solve__soft_thread__do_solve':
/builddir/build/BUILD/freecell-solver-4.16.0/lib.c:1618:1: warning: control reaches end of non-void function [-Wreturn-type]
 }
 ^
/builddir/build/BUILD/freecell-solver-4.16.0/lib.c: In function 'fc_solve_patsolve_do_solve':
/builddir/build/BUILD/freecell-solver-4.16.0/lib.c:1599:1: warning: control reaches end of non-void function [-Wreturn-type]
 }
 ^
/builddir/build/BUILD/freecell-solver-4.16.0/lib.c: In function 'fc_solve_user_INTERNAL_get_flares_plan_item_type':
/builddir/build/BUILD/freecell-solver-4.16.0/lib.c:4528:1: warning: control reaches end of non-void function [-Wreturn-type]
 }
 ^
make[2]: Entering directory '/builddir/build/BUILD/freecell-solver-4.16.0/build'
[ 68%] Linking C shared library libfreecell-solver.so
/usr/bin/cmake -E cmake_link_script CMakeFiles/freecell-solver.dir/link.txt --verbose=1
/usr/bin/cc -fPIC -O2 -g -pipe -Wformat -Werror=format-security -Wp,-D_FORTIFY_SOURCE=2 -fstack-protector --param=ssp-buffer-size=4 -std=gnu11 -DNDEBUG -fvisibility=hidden -DFCS_COMPILE_DEBUG_FUNCTIONS=1 -Wl,--as-needed -Wl,--no-undefined -Wl,-z,relro -Wl,-O1 -Wl,--build-id -Wl,--enable-new-dtags -shared -Wl,-soname,libfreecell-solver.so.0 -o libfreecell-solver.so.0.5.0 CMakeFiles/freecell-solver.dir/check_and_add_state.c.o CMakeFiles/freecell-solver.dir/freecell.c.o CMakeFiles/freecell-solver.dir/instance.c.o CMakeFiles/freecell-solver.dir/is_king.c.o CMakeFiles/freecell-solver.dir/is_parent.c.o CMakeFiles/freecell-solver.dir/lib.c.o CMakeFiles/freecell-solver.dir/meta_alloc.c.o CMakeFiles/freecell-solver.dir/move.c.o CMakeFiles/freecell-solver.dir/move_funcs_order.c.o CMakeFiles/freecell-solver.dir/preset.c.o CMakeFiles/freecell-solver.dir/pos_by_rank__freecell.c.o CMakeFiles/freecell-solver.dir/rate_state.c.o CMakeFiles/freecell-solver.dir/scans.c.o CMakeFiles/freecell-solver.dir/simpsim.c.o CMakeFiles/freecell-solver.dir/state.c.o CMakeFiles/freecell-solver.dir/move_funcs_maps.c.o CMakeFiles/freecell-solver.dir/card.c.o CMakeFiles/freecell-solver.dir/patsolve-shlomif/patsolve/param.c.o CMakeFiles/freecell-solver.dir/patsolve-shlomif/patsolve/pat.c.o CMakeFiles/freecell-solver.dir/patsolve-shlomif/patsolve/patsolve.c.o CMakeFiles/freecell-solver.dir/patsolve-shlomif/patsolve/tree.c.o CMakeFiles/freecell-solver.dir/cmd_line.c.o CMakeFiles/freecell-solver.dir/split_cmd_line.c.o CMakeFiles/freecell-solver.dir/fc_pro_iface.c.o -lm 
/usr/bin/cmake -E cmake_symlink_library libfreecell-solver.so.0.5.0 libfreecell-solver.so.0 libfreecell-solver.so
make[2]: Leaving directory '/builddir/build/BUILD/freecell-solver-4.16.0/build'
make[1]: Entering directory '/builddir/build/BUILD/freecell-solver-4.16.0/build'
[ 68%] Built target freecell-solver
make[1]: Leaving directory '/builddir/build/BUILD/freecell-solver-4.16.0/build'
make[2]: Entering directory '/builddir/build/BUILD/freecell-solver-4.16.0/build'
[ 50%] Building C object CMakeFiles/freecell-solver-static.dir/lib.c.o
/usr/bin/cc -DFCS_COMPILE_DEBUG_FUNCTIONS=1 -D_GNU_SOURCE=1 -I/builddir/build/BUILD/freecell-solver-4.16.0/build -I/builddir/build/BUILD/freecell-solver-4.16.0 -I/builddir/build/BUILD/freecell-solver-4.16.0/patsolve-shlomif/patsolve  -O2 -g -pipe -Wformat -Werror=format-security -Wp,-D_FORTIFY_SOURCE=2 -fstack-protector --param=ssp-buffer-size=4 -std=gnu11 -DNDEBUG   -Wall -Werror=implicit-function-declaration -Wold-style-declaration -Wmissing-prototypes -Wformat-nonliteral -Wcast-align -Wpointer-arith -Wbad-function-cast -Wstrict-prototypes -Wmissing-declarations -Wundef -Wnested-externs -Wcast-qual -Wshadow -Wwrite-strings -Wunused -Wold-style-definition -fvisibility=hidden -o CMakeFiles/freecell-solver-static.dir/lib.c.o   -c /builddir/build/BUILD/freecell-solver-4.16.0/lib.c
make[2]: Leaving directory '/builddir/build/BUILD/freecell-solver-4.16.0/build'
/builddir/build/BUILD/freecell-solver-4.16.0/lib.c: In function 'fc_solve__soft_thread__do_solve':
/builddir/build/BUILD/freecell-solver-4.16.0/lib.c:1618:1: warning: control reaches end of non-void function [-Wreturn-type]
 }
 ^
/builddir/build/BUILD/freecell-solver-4.16.0/lib.c: In function 'fc_solve_patsolve_do_solve':
/builddir/build/BUILD/freecell-solver-4.16.0/lib.c:1599:1: warning: control reaches end of non-void function [-Wreturn-type]
 }
 ^
/builddir/build/BUILD/freecell-solver-4.16.0/lib.c: In function 'fc_solve_user_INTERNAL_get_flares_plan_item_type':
/builddir/build/BUILD/freecell-solver-4.16.0/lib.c:4528:1: warning: control reaches end of non-void function [-Wreturn-type]
 }
 ^
make[2]: Entering directory '/builddir/build/BUILD/freecell-solver-4.16.0/build'
[ 69%] Linking C static library libfreecell-solver.a
/usr/bin/cmake -P CMakeFiles/freecell-solver-static.dir/cmake_clean_target.cmake
/usr/bin/cmake -E cmake_link_script CMakeFiles/freecell-solver-static.dir/link.txt --verbose=1
/usr/bin/ar qc libfreecell-solver.a  CMakeFiles/freecell-solver-static.dir/check_and_add_state.c.o CMakeFiles/freecell-solver-static.dir/freecell.c.o CMakeFiles/freecell-solver-static.dir/instance.c.o CMakeFiles/freecell-solver-static.dir/is_king.c.o CMakeFiles/freecell-solver-static.dir/is_parent.c.o CMakeFiles/freecell-solver-static.dir/lib.c.o CMakeFiles/freecell-solver-static.dir/meta_alloc.c.o CMakeFiles/freecell-solver-static.dir/move.c.o CMakeFiles/freecell-solver-static.dir/move_funcs_order.c.o CMakeFiles/freecell-solver-static.dir/preset.c.o CMakeFiles/freecell-solver-static.dir/pos_by_rank__freecell.c.o CMakeFiles/freecell-solver-static.dir/rate_state.c.o CMakeFiles/freecell-solver-static.dir/scans.c.o CMakeFiles/freecell-solver-static.dir/simpsim.c.o CMakeFiles/freecell-solver-static.dir/state.c.o CMakeFiles/freecell-solver-static.dir/move_funcs_maps.c.o CMakeFiles/freecell-solver-static.dir/card.c.o CMakeFiles/freecell-solver-static.dir/patsolve-shlomif/patsolve/param.c.o CMakeFiles/freecell-solver-static.dir/patsolve-shlomif/patsolve/pat.c.o CMakeFiles/freecell-solver-static.dir/patsolve-shlomif/patsolve/patsolve.c.o CMakeFiles/freecell-solver-static.dir/patsolve-shlomif/patsolve/tree.c.o CMakeFiles/freecell-solver-static.dir/cmd_line.c.o CMakeFiles/freecell-solver-static.dir/split_cmd_line.c.o CMakeFiles/freecell-solver-static.dir/fc_pro_iface.c.o
/usr/bin/ranlib libfreecell-solver.a
make[2]: Leaving directory '/builddir/build/BUILD/freecell-solver-4.16.0/build'
make[1]: Entering directory '/builddir/build/BUILD/freecell-solver-4.16.0/build'
[ 69%] Built target freecell-solver-static
make[1]: Leaving directory '/builddir/build/BUILD/freecell-solver-4.16.0/build'
make: *** [Makefile:166: all] Error 2
error: Bad exit status from /var/tmp/rpm-tmp.vYIuZz (%build)
RPM build errors:
    Bad exit status from /var/tmp/rpm-tmp.vYIuZz (%build)
Child return code was: 1
EXCEPTION: [Error()]
Traceback (most recent call last):
  File "/usr/lib/python3.5/site-packages/mockbuild/trace_decorator.py", line 96, in trace
    result = func(*args, **kw)
  File "/usr/lib/python3.5/site-packages/mockbuild/util.py", line 619, in do
    raise exception.Error("Command failed: \n # %s\n%s" % (command, output), child.returncode)
mockbuild.exception.Error: Command failed: 
 # /usr/bin/systemd-nspawn -q -M 7406999e7d2049c3b15b16d0acefa77d -D /share/dev/mock -a --setenv=HOME=/builddir --setenv=PATH=/usr/bin:/bin:/usr/sbin:/sbin --setenv=HOSTNAME=mock --setenv=TERM=vt100 --setenv=PROMPT_COMMAND=printf "\033]0;<mock-chroot>\007" --setenv=LANG=en_US.UTF-8 --setenv=SHELL=/bin/bash --setenv=PS1=<mock-chroot> \s-\v\$  -u mockbuild bash --login -c /usr/bin/rpmbuild -bb --target x86_64 --nodeps /builddir/build/SPECS/freecell-solver.spec

