2018-01-22 20:19:25,736 - Mock Version: 1.4.8
2018-01-22 20:19:28,959 - Start: dnf update
2018-01-22 20:20:10,093 - Finish: dnf update
2018-01-22 20:20:10,107 - Finish: chroot init
2018-01-22 20:20:10,112 - Start: build phase for bazel-0.9.0-2.mga7.src.rpm
2018-01-22 20:20:10,115 - Start: build setup for bazel-0.9.0-2.mga7.src.rpm
2018-01-22 20:20:36,783 - Start: clean chroot
2018-01-22 20:20:40,332 - Finish: clean chroot
2018-01-22 20:21:06,139 - Mock Version: 1.4.8
2018-01-22 20:21:16,197 - Start: dnf update
2018-01-22 20:21:26,303 - Finish: dnf update
2018-01-22 20:21:26,325 - Finish: chroot init
2018-01-22 20:21:26,328 - Start: build phase for bazel-0.9.0-2.mga7.src.rpm
2018-01-22 20:21:26,329 - Start: build setup for bazel-0.9.0-2.mga7.src.rpm
2018-01-22 20:21:39,243 - Start: clean chroot
2018-01-22 20:21:42,856 - Finish: clean chroot
2018-01-22 20:22:10,076 - Mock Version: 1.4.8
2018-01-22 20:22:13,300 - Start: dnf update
2018-01-22 20:22:54,473 - Finish: dnf update
2018-01-22 20:22:54,487 - Finish: chroot init
2018-01-22 20:22:54,490 - Start: build phase for bazel-0.9.0-2.mga7.src.rpm
2018-01-22 20:22:54,491 - Start: build setup for bazel-0.9.0-2.mga7.src.rpm
2018-01-22 20:23:27,283 - Start: clean chroot
2018-01-22 20:23:30,980 - Finish: clean chroot
2018-01-22 20:24:06,887 - Mock Version: 1.4.8
2018-01-22 20:24:10,051 - Start: dnf update
2018-01-22 20:24:28,143 - Finish: dnf update
2018-01-22 20:24:28,165 - Finish: chroot init
2018-01-22 20:24:28,168 - Start: build phase for bazel-0.9.0-2.mga7.src.rpm
2018-01-22 20:24:28,169 - Start: build setup for bazel-0.9.0-2.mga7.src.rpm
2018-01-22 20:25:57,395 - Finish: build setup for bazel-0.9.0-2.mga7.src.rpm
2018-01-22 20:25:57,395 - Start: rpmbuild bazel-0.9.0-2.mga7.src.rpm
2018-01-22 20:25:57,397 - Start: Outputting list of installed packages
2018-01-22 20:25:57,455 - Finish: Outputting list of installed packages
2018-01-22 20:27:24,361 - Start: clean chroot
2018-01-22 20:27:32,184 - Finish: clean chroot
2018-01-22 20:29:45,090 - Mock Version: 1.4.8
2018-01-22 20:29:48,245 - Start: dnf update
2018-01-22 20:29:57,223 - Finish: dnf update
2018-01-22 20:29:57,246 - Finish: chroot init
2018-01-22 20:29:57,249 - Start: build phase for bazel-0.9.0-2.mga7.src.rpm
2018-01-22 20:29:57,251 - Start: build setup for bazel-0.9.0-2.mga7.src.rpm
2018-01-22 20:30:13,492 - Start: clean chroot
2018-01-22 20:30:17,099 - Finish: clean chroot
