abattis-cantarell-fonts-0.201-2.mga8
adwaita-cursor-theme-3.36.0-1.mga8
adwaita-gtk2-theme-3.28-5.mga8
adwaita-icon-theme-3.36.0-1.mga8
alsa-plugins-pulse-config-1.2.2-1.mga8
ant-1.10.6-2.mga8
ant-antlr-1.10.6-2.mga8
ant-junit-1.10.6-2.mga8
ant-lib-1.10.6-2.mga8
antlr-tool-2.7.7-44.mga8
aom-1.0.0-0.20180925gitd0076f5.4.mga8
apache-commons-cli-1.4-2.mga8
apache-commons-codec-1.11-4.mga8
apache-commons-lang-2.6-23.mga8
apache-commons-logging-1.2-10.mga8
apache-ivy-2.4.0-11.mga8
appstream-glib-i18n-0.7.17-1.mga8
appstream-util-0.7.17-1.mga8
atk1.0-common-2.34.1-2.mga8
at-spi2-core-2.36.0-1.mga8
autoconf-2.69-13.mga7
automake-1.16.1-4.mga8
basesystem-minimal-8-0.2.mga8
bash-5.0-11.2.mga8
beust-jcommander-1.71-3.mga8
binutils-2.34-5.mga8
bsf-2.4.0-30.mga8
bzip2-1.0.8-1.mga8
ccp-0.4.1-14.mga8
chkconfig-1.11-3.mga8
cmake-3.17.0-0.rc2.1.mga8
cmake-rpm-macros-3.17.0-0.rc2.1.mga8
common-licenses-1.1-10.mga8
copy-jdk-configs-3.7-3.mga8
coreutils-8.32-1.mga8
cpio-2.13-3.mga8
cracklib-dicts-2.9.7-3.mga8
cronie-1.5.5-2.mga8
crontabs-1.10-24.mga8
crypto-policies-20191128-2.mga8
cups-common-2.3.1-5.mga8
curl-7.69.1-1.mga8
dash-static-0.5.10.2-2.mga8
dbus-1.13.8-6.mga8
desktop-file-utils-0.24-2.mga8
diffutils-3.7-2.mga8
doxygen-1.8.17-2.mga8
dwz-0.13-1.mga8
e2fsprogs-1.45.5-2.mga8
elfutils-0.178-2.mga8
enchant2-2.2.8-1.mga8
etcskel-1.63-36.mga8
ethtool-5.4-2.mga8
extra166y-1.7.0-11.mga8
file-5.38-2.mga8
filesystem-2.1.9-30.mga7
findutils-4.7.0-2.mga8
flatbuffers-1.11.0-2.mga8
fontconfig-2.13.1-2.mga8
fontpackages-filesystem-1.44-13.mga8
fribidi-1.0.9-1.mga8
gawk-5.0.1-3.mga8
gcc-9.3.0-1.mga8
gcc-c++-9.3.0-1.mga8
gcc-cpp-9.3.0-1.mga8
gdb-headless-9.1-1.mga8
gdk-pixbuf2.0-2.40.0-2.mga8
genhdlist2-7.12-2.mga8
gettext-0.20.1-4.mga8
gettext-base-0.20.1-4.mga8
gettext-devel-0.20.1-4.mga8
git-core-2.25.1-2.mga8
glassfish-el-api-3.0.1-0.3.b08.4.mga8
glassfish-jsp-api-2.3.2-0.9.b01.3.mga8
glassfish-servlet-api-3.1.0-14.mga8
glib2.0-common-2.64.1-1.mga8
glibc-2.31-2.mga8
glibc-devel-2.31-2.mga8
glib-gettextize-2.64.1-1.mga8
glxinfo-8.4.0-3.mga8
gnutls-3.6.12-1.mga8
gobject-introspection-1.64.0-1.mga8
go-srpm-macros-3.0.8-2.mga8
gpars-1.2.1-11.mga8
gpg-pubkey-80420f66-5d0d4576
graphviz-2.42.2-5.mga8
grep-3.4-2.mga8
groff-for-man-1.22.4-2.mga8
groovy-2.4.8-2.mga8
groovy-ant-2.4.8-2.mga8
groovy-bsf-2.4.8-2.mga8
groovy-console-2.4.8-2.mga8
groovy-docgenerator-2.4.8-2.mga8
groovy-groovydoc-2.4.8-2.mga8
groovy-groovysh-2.4.8-2.mga8
groovy-jmx-2.4.8-2.mga8
groovy-json-2.4.8-2.mga8
groovy-jsr223-2.4.8-2.mga8
groovy-lib-2.4.8-2.mga8
groovy-nio-2.4.8-2.mga8
groovy-servlet-2.4.8-2.mga8
groovy-sql-2.4.8-2.mga8
groovy-swing-2.4.8-2.mga8
groovy-templates-2.4.8-2.mga8
groovy-test-2.4.8-2.mga8
groovy-testng-2.4.8-2.mga8
groovy-xml-2.4.8-2.mga8
gtk+2.0-2.24.32-8.mga8
gtk+3.0-3.24.14-2.mga8
gtk-update-icon-cache-3.24.14-2.mga8
gzip-1.10-2.mga8
hamcrest-core-1.3-24.mga8
hawtjni-runtime-1.17-2.mga8
hicolor-icon-theme-0.17-3.mga8
hostname-3.21-2.mga8
icu65-data-65.1-2.mga8
ifmetric-0.3-19.mga8
ifplugd-0.28-22.mga8
info-install-6.7-2.mga8
initscripts-9.78-14.mga8
ipcalc-0.2.0-6.mga8
iproute2-5.5.0-2.mga8
iputils-20180629-4.mga8
isl-0.18-2.mga8
jansi-1.18-2.mga8
jansi-native-1.8-2.mga8
java-1.8.0-openjdk-headless-1.8.0.242-1.b08.5.mga8
javapackages-filesystem-5.3.0-8.mga8
javapackages-tools-5.3.0-8.mga8
jcsp-1.1-0.10.rc5.2.mga8
jline-2.14.6-3.mga8
json-glib-1.4.4-3.mga8
junit-4.12-8.mga8
jzlib-1.1.3-8.mga8
kbd-2.2.0-2.mga8
kernel-userspace-headers-5.5.9-1.mga8
kmod-27-1.mga8
krb5-1.18-2.mga8
ldb-utils-1.5.6-2.mga8
less-551-2.mga8
lib64aa1-1.4.0-0.rc5.33.mga8
lib64acl1-2.2.53-2.mga8
lib64acl-devel-2.2.53-2.mga8
lib64aio1-0.3.111-3.mga8
lib64allegro4.4-4.4.3.1-3.mga8
lib64alsa2-1.2.2-1.mga8
lib64alsa2-devel-1.2.2-1.mga8
lib64alsa-plugins-pulseaudio-1.2.2-1.mga8
lib64aom0-1.0.0-0.20180925gitd0076f5.4.mga8
lib64aom-devel-1.0.0-0.20180925gitd0076f5.4.mga8
lib64appstream-glib8-0.7.17-1.mga8
lib64apr1_0-1.7.0-2.mga8
lib64archive13-3.4.2-1.mga8
lib64ass9-0.14.0-3.mga8
lib64ass-devel-0.14.0-3.mga8
lib64asyncns0-0.8-12.mga8
lib64atk1.0_0-2.34.1-2.mga8
lib64atk-bridge2.0_0-2.34.2-1.mga8
lib64atspi0-2.36.0-1.mga8
lib64attr1-2.4.48-3.mga8
lib64audit1-2.8.5-3.mga8
lib64audit-devel-2.8.5-3.mga8
lib64avahi-client3-0.7-6.mga8
lib64avahi-client-devel-0.7-6.mga8
lib64avahi-common3-0.7-6.mga8
lib64avahi-common-devel-0.7-6.mga8
lib64avahi-core7-0.7-6.mga8
lib64avahi-core-devel-0.7-6.mga8
lib64avahicore-gir0.6-0.7-6.mga8
lib64avcodec58-4.2.2-5.mga8
lib64avfilter7-4.2.2-5.mga8
lib64avformat58-4.2.2-5.mga8
lib64avresample4-4.2.2-5.mga8
lib64avutil56-4.2.2-5.mga8
lib64babeltrace1-1.5.7-3.mga8
lib64blkid1-2.35.1-3.mga8
lib64blkid-devel-2.35.1-3.mga8
lib64bluez3-5.53-1.mga8
lib64bluez-devel-5.53-1.mga8
lib64bluray2-1.1.2-2.mga8
lib64bluray-devel-1.1.2-2.mga8
lib64boost_regex1.72.0-1.72.0-2.mga8
lib64brotlicommon1-1.0.7-4.mga8
lib64brotlidec1-1.0.7-4.mga8
lib64brotli-devel-1.0.7-4.mga8
lib64brotlienc1-1.0.7-4.mga8
lib64bsd0-0.10.0-2.mga8
lib64bsd-devel-0.10.0-2.mga8
lib64bz2_1-1.0.8-1.mga8
lib64bz2-devel-1.0.8-1.mga8
lib64cairo2-1.16.0-3.mga8
lib64cap2-2.27-2.mga8
lib64cap-devel-2.27-2.mga8
lib64cap-ng0-0.7.10-2.mga8
lib64cap-ng-devel-0.7.10-2.mga8
lib64cdio++1-2.1.0-2.mga8
lib64cdio19-2.1.0-2.mga8
lib64cdio-devel-2.1.0-2.mga8
lib64cdio-paranoia2-10.2.2.0.0-3.mga8
lib64cdio-paranoia-devel-10.2.2.0.0-3.mga8
lib64cdt5-2.42.2-5.mga8
lib64cec4-4.0.4-3.mga8
lib64cec-devel-4.0.4-3.mga8
lib64celt0_2-0.11.3-9.mga8
lib64celt0-devel-0.11.3-9.mga8
lib64cgraph6-2.42.2-5.mga8
lib64colord2-1.4.4-3.mga8
lib64compat-openssl10_1.0.0-1.0.2u-2.mga8
lib64crack2-2.9.7-3.mga8
lib64crossguid0-0-0.git20150803.3.mga8
lib64crossguid-devel-0-0.git20150803.3.mga8
lib64cryptsetup12-2.3.0-2.mga8
lib64cups2-2.3.1-5.mga8
lib64cups2-devel-2.3.1-5.mga8
lib64curl4-7.69.1-1.mga8
lib64curl-devel-7.69.1-1.mga8
lib64cwiid1-0.6.02-16.mga8
lib64cwiid-devel-0.6.02-16.mga8
lib64daemon0-0.14-13.mga8
lib64datrie1-0.2.12-2.mga8
lib64dav1d4-0.6.0-1.mga8
lib64dav1d-devel-0.6.0-1.mga8
lib64db5.3-5.3.28-19.mga8
lib64dbnss4.8-4.8.30-25.mga8
lib64dbus1_3-1.13.8-6.mga8
lib64dbus-devel-1.13.8-6.mga8
lib64dc1394_25-2.2.6-2.mga8
lib64dc1394-devel-2.2.6-2.mga8
lib64devil1-1.7.8-31.mga8
lib64devmapper1.02-1.02.154-3.mga8
lib64double-conversion3-3.1.5-2.mga8
lib64dri-drivers-20.0.1-1.mga8
lib64drm2-2.4.100-2.mga8
lib64drm_amdgpu1-2.4.100-2.mga8
lib64drm-devel-2.4.100-2.mga8
lib64drm_intel1-2.4.100-2.mga8
lib64drm_nouveau2-2.4.100-2.mga8
lib64drm_radeon1-2.4.100-2.mga8
lib64dvdnav4-6.0.1-2.mga8
lib64dvdnav-devel-6.0.1-2.mga8
lib64dvdread7-6.0.2-2.mga8
lib64dvdread-devel-6.0.2-2.mga8
lib64edit0-3.1-0.20191231.2.mga8
lib64elfutils1-0.178-2.mga8
lib64enchant2_2-2.2.8-1.mga8
lib64epoxy0-1.5.4-2.mga8
lib64evdev2-1.8.0-2.mga8
lib64expat1-2.2.9-2.mga8
lib64expat-devel-2.2.9-2.mga8
lib64exslt0-1.1.34-2.mga8
lib64ext2fs2-1.45.5-2.mga8
lib64ext2fs-devel-1.45.5-2.mga8
lib64fdisk1-2.35.1-3.mga8
lib64ffi6-3.2.1-8.mga8
lib64ffi-devel-3.2.1-8.mga8
lib64ffmpeg-devel-4.2.2-5.mga8
lib64flac8-1.3.3-2.mga8
lib64flatbuffers1-1.11.0-2.mga8
lib64flatbuffers-devel-1.11.0-2.mga8
lib64fmt5-5.3.0-3.mga8
lib64fmt-devel-5.3.0-3.mga8
lib64fontconfig1-2.13.1-2.mga8
lib64fontconfig-devel-2.13.1-2.mga8
lib64fontenc1-1.1.4-2.mga8
lib64freeglut3-3.2.1-2.mga8
lib64freetype2-devel-2.10.1-2.mga8
lib64freetype6-2.10.1-2.mga8
lib64fribidi0-1.0.9-1.mga8
lib64fribidi-devel-1.0.9-1.mga8
lib64fstrcmp0-0.7.D001-3.mga8
lib64fstrcmp-devel-0.7.D001-3.mga8
lib64fuse2-2.9.9-3.mga8
lib64gbm1-20.0.1-1.mga8
lib64gbm1-devel-20.0.1-1.mga8
lib64gcrypt20-1.8.5-4.mga8
lib64gcrypt-devel-1.8.5-4.mga8
lib64gd3-2.2.5-8.mga8
lib64gdbm6-1.18.1-2.mga8
lib64gdbm_compat4-1.18.1-2.mga8
lib64gdk_pixbuf2.0_0-2.40.0-2.mga8
lib64gettextmisc-0.20.1-4.mga8
lib64ggi2-2.2.2-27.mga8
lib64gif7-5.2.1-5.mga8
lib64gif-devel-5.2.1-5.mga8
lib64gii1-1.0.2-24.mga8
lib64gio2.0_0-2.64.1-1.mga8
lib64girepository1.0_1-1.64.0-1.mga8
lib64glapi0-20.0.1-1.mga8
lib64glapi0-devel-20.0.1-1.mga8
lib64glib2.0_0-2.64.1-1.mga8
lib64glib2.0-devel-2.64.1-1.mga8
lib64gmp10-6.2.0-2.mga8
lib64gmp-devel-6.2.0-2.mga8
lib64gnutls30-3.6.12-1.mga8
lib64gnutls-devel-3.6.12-1.mga8
lib64gnutlsxx28-3.6.12-1.mga8
lib64gpg-error0-1.36-3.mga8
lib64gpg-error-devel-1.36-3.mga8
lib64gpm2-1.20.7-11.mga8
lib64graphite2_3-1.3.13-2.mga8
lib64gsm1-1.0.18-4.mga8
lib64gsm-devel-1.0.18-4.mga8
lib64gtk+2.0_0-2.24.32-8.mga8
lib64gtk+3_0-3.24.14-2.mga8
lib64gtk+-x11-2.0_0-2.24.32-8.mga8
lib64gudev1.0_0-233-2.mga8
lib64gusb2-0.3.3-2.mga8
lib64gvc6-2.42.2-5.mga8
lib64gvpr2-2.42.2-5.mga8
lib64harfbuzz0-2.6.4-2.mga8
lib64heimntlm-samba4_1-4.10.12-3.mga8
lib64hogweed5-3.5.1-2.mga8
lib64hunspell1.7_0-1.7.0-4.mga8
lib64ice6-1.0.10-2.mga8
lib64icu65-65.1-2.mga8
lib64icu-devel-65.1-2.mga8
lib64idn2_0-2.3.0-2.mga8
lib64idn2-devel-2.3.0-2.mga8
lib64ilmbase24-2.3.0-3.mga8
lib64ilmimf2_3_24-2.3.0-4.mga8
lib64input10-1.15.3-1.mga8
lib64intl8-0.20.1-4.mga8
lib64ip4tc2-1.8.4-2.mga8
lib64ipt2-2.0.1-2.mga8
lib64iptables12-1.8.4-2.mga8
lib64isl15-0.18-2.mga8
lib64iso9660++0-2.1.0-2.mga8
lib64iso9660_11-2.1.0-2.mga8
lib64ixml10-1.8.4-4.mga8
lib64jansson4-2.12-3.mga8
lib64jansson-devel-2.12-3.mga8
lib64jasper4-2.0.16-3.mga8
lib64jbig1-2.1-7.mga8
lib64jpeg8-2.0.4-2.mga8
lib64jpeg-devel-2.0.4-2.mga8
lib64json-c4-0.13.1-3.mga8
lib64jsoncpp19-1.8.4-3.mga8
lib64json-glib1.0_0-1.4.4-3.mga8
lib64kdc-samba4_2-4.10.12-3.mga8
lib64keyutils1-1.6.1-2.mga8
lib64keyutils-devel-1.6.1-2.mga8
lib64kmod2-27-1.mga8
lib64kms1-2.4.100-2.mga8
lib64krb53-1.18-2.mga8
lib64krb53-devel-1.18-2.mga8
lib64lab_gamut1-2.42.2-5.mga8
lib64lcms2_2-2.9-4.mga8
lib64lcms2-devel-2.9-4.mga8
lib64ldap2.4_2-2.4.48-1.mga8
lib64ldap2.4_2-devel-2.4.48-1.mga8
lib64ldb1-1.5.6-2.mga8
lib64ldb-devel-1.5.6-2.mga8
lib64lirc0-0.10.1-9.mga8
lib64lirc-devel-0.10.1-9.mga8
lib64llvm9.0-9.0.0-4.mga8
lib64lmdb0-0.9.24-3.mga8
lib64lm_sensors5-3.6.0-2.mga8
lib64ltdl7-2.4.6-10.mga8
lib64lua5.3-5.3.5-4.mga8
lib64lz4_1-1.9.2-2.mga8
lib64lz4-devel-1.9.2-2.mga8
lib64lzma5-5.2.4-5.mga8
lib64lzma-devel-5.2.4-5.mga8
lib64lzo2_2-2.10-4.mga8
lib64lzo-devel-2.10-4.mga8
lib64magic1-5.38-2.mga8
lib64mariadb3-10.4.12-4.mga8
lib64mariadb-devel-10.4.12-4.mga8
lib64md4c0-0.4.3-1.mga8
lib64mesaegl1-20.0.1-1.mga8
lib64mesaegl1-devel-20.0.1-1.mga8
lib64mesagl1-20.0.1-1.mga8
lib64mesagl1-devel-20.0.1-1.mga8
lib64mesaglu1-9.0.1-2.mga8
lib64mesaglu1-devel-9.0.1-2.mga8
lib64mesakhr-devel-20.0.1-1.mga8
lib64microhttpd12-0.9.70-2.mga8
lib64microhttpd-devel-0.9.70-2.mga8
lib64minilzo0-2.10-4.mga8
lib64mng2-2.0.3-3.mga8
lib64modplug1-0.8.9.0-4.mga8
lib64modplug-devel-0.8.9.0-4.mga8
lib64mount1-2.35.1-3.mga8
lib64mount-devel-2.35.1-3.mga8
lib64mp3lame0-3.100-7.mga8
lib64mp3lame-devel-3.100-7.mga8
lib64mpc3-1.1.0-4.mga8
lib64mpfr6-4.0.2-2.mga8
lib64mtdev1-1.1.6-2.mga8
lib64ncurses6-6.2-20200212.2.mga8
lib64ncurses-devel-6.2-20200212.2.mga8
lib64ncursesw6-6.2-20200212.2.mga8
lib64nettle7-3.5.1-2.mga8
lib64nettle-devel-3.5.1-2.mga8
lib64nfs13-4.0.0-2.mga8
lib64nfs-devel-4.0.0-2.mga8
lib64nghttp2_14-1.40.0-2.mga8
lib64nghttp2-devel-1.40.0-2.mga8
lib64nspr4-4.25-2.mga8
lib64nss3-3.51.0-1.mga8
lib64ogg0-1.3.4-2.mga8
lib64ogg-devel-1.3.4-2.mga8
lib64onig5-6.9.4-2.mga8
lib64opencl1-2.2.12-3.mga8
lib64opencl-devel-2.2.12-3.mga8
lib64openjp2_7-2.3.1-5.mga8
lib64openjpeg2-devel-2.3.1-5.mga8
lib64openssl1.1-1.1.1d-3.mga8
lib64openssl-devel-1.1.1d-3.mga8
lib64opts25-5.18.16-2.mga8
lib64opus0-1.3.1-2.mga8
lib64opus-devel-1.3.1-2.mga8
lib64p11-kit0-0.23.20-2.mga8
lib64p11-kit-devel-0.23.20-2.mga8
lib64p8-platform2-2.1.0.1-3.mga8
lib64p8-platform-devel-2.1.0.1-3.mga8
lib64pam0-1.3.1-3.mga8
lib64pam-devel-1.3.1-3.mga8
lib64pam_userpass1-1.0.2-15.mga8
lib64pango1.0_0-1.44.7-2.mga8
lib64pathplan4-2.42.2-5.mga8
lib64pciaccess0-0.16-2.mga8
lib64pciaccess-devel-0.16-2.mga8
lib64pcre16_0-8.44-1.mga8
lib64pcre1-8.44-1.mga8
lib64pcre2_0-10.34-3.mga8
lib64pcre2-devel-10.34-3.mga8
lib64pcre2posix2-10.34-3.mga8
lib64pcre32_0-8.44-1.mga8
lib64pcrecpp0-8.44-1.mga8
lib64pcrecpp-devel-8.44-1.mga8
lib64pcre-devel-8.44-1.mga8
lib64pcreposix1-8.44-1.mga8
lib64pixman1_0-0.38.4-3.mga8
lib64pkgconf3-1.6.3-2.mga8
lib64plist3-2.1.0-2.mga8
lib64plist-devel-2.1.0-2.mga8
lib64png16_16-1.6.37-2.mga8
lib64png-devel-1.6.37-2.mga8
lib64poppler97-0.86.1-1.mga8
lib64poppler-glib8-0.86.1-1.mga8
lib64popt0-1.16-15.mga8
lib64postproc55-4.2.2-5.mga8
lib64procps8-3.3.16-2.mga8
lib64psl5-0.21.0-3.mga8
lib64psl-devel-0.21.0-3.mga8
lib64pulseaudio0-13.99.1-1.mga8
lib64pulseaudio-devel-13.99.1-1.mga8
lib64pulsecommon13.99-13.99.1-1.mga8
lib64pulseglib20-13.99.1-1.mga8
lib64pyldb-util1-1.5.6-2.mga8
lib64pyldb-util-devel-1.5.6-2.mga8
lib64pytalloc-util2-2.1.16-5.mga8
lib64pytalloc-util-devel-2.1.16-5.mga8
lib64python3.8-3.8.2-1.mga8
lib64python3.8-stdlib-3.8.2-1.mga8
lib64python3-devel-3.8.2-1.mga8
lib64qrencode4-4.0.2-3.mga8
lib64qt5core5-5.14.1-7.mga8
lib64qt5dbus5-5.14.1-7.mga8
lib64qt5eglfsdeviceintegration5-5.14.1-7.mga8
lib64qt5eglfskmssupport5-5.14.1-7.mga8
lib64qt5gui5-5.14.1-7.mga8
lib64qt5network5-5.14.1-7.mga8
lib64qt5widgets5-5.14.1-7.mga8
lib64qt5xcbqpa5-5.14.1-7.mga8
lib64raw1394_11-2.1.2-4.mga8
lib64raw1394-devel-2.1.2-4.mga8
lib64readline8-8.0-2.mga8
lib64rhash0-1.3.9-2.mga8
lib64rpm9-4.15.1-3.mga8
lib64rpmbuild9-4.15.1-3.mga8
lib64rpmsign9-4.15.1-3.mga8
lib64rsvg2_2-2.48.0-1.mga8
lib64rtmp1-2.4-0.git20160101.8.mga8
lib64rtmp-devel-2.4-0.git20160101.8.mga8
lib64samba1-4.10.12-3.mga8
lib64samba-dc0-4.10.12-3.mga8
lib64samba-devel-4.10.12-3.mga8
lib64sasl2_3-2.1.27-3.mga8
lib64sasl2-devel-2.1.27-3.mga8
lib64sctp1-1.0.18-3.mga8
lib64SDL1.2_0-1.2.15-25.mga8
lib64sdl2.0_0-2.0.12-1.mga8
lib64sdl2.0-devel-2.0.12-1.mga8
lib64seccomp2-2.4.2-1.mga8
lib64shairplay0-0.9.0-0.git20160101.3.mga8
lib64shairplay-devel-0.9.0-0.git20160101.3.mga8
lib64sigsegv2-2.12-3.mga8
lib64slang2-2.3.2-2.mga8
lib64sm6-1.2.3-2.mga8
lib64smartcols1-2.35.1-3.mga8
lib64smbclient0-4.10.12-3.mga8
lib64smbclient-devel-4.10.12-3.mga8
lib64sndfile1-1.0.28-10.mga8
lib64sndio7.0-1.6.0-2.mga8
lib64sndio-devel-1.6.0-2.mga8
lib64soup2.4_1-2.70.0-1.mga8
lib64source-highlight4-3.1.9-3.mga8
lib64speex1-1.2.0-3.mga8
lib64speex-devel-1.2.0-3.mga8
lib64sqlite3_0-3.31.1-3.mga8
lib64sqlite3-devel-3.31.1-3.mga8
lib64ssh4-0.9.3-2.mga8
lib64ssh-devel-0.9.3-2.mga8
lib64stemmer0-0-18.git.6b3b8b5.20160930.mga8
lib64swresample3-4.2.2-5.mga8
lib64swscaler5-4.2.2-5.mga8
lib64systemd0-245-4.mga8
lib64taglib1-1.11.1-6.mga8
lib64taglib_c0-1.11.1-6.mga8
lib64taglib-devel-1.11.1-6.mga8
lib64talloc2-2.1.16-5.mga8
lib64talloc-devel-2.1.16-5.mga8
lib64tasn1_6-4.16.0-2.mga8
lib64tasn1-devel-4.16.0-2.mga8
lib64tcb0-1.1-10.mga8
lib64tdb1-1.3.18-3.mga8
lib64tdb-devel-1.3.18-3.mga8
lib64tevent0-0.9.39-5.mga8
lib64tevent-devel-0.9.39-5.mga8
lib64textstyle0-0.20.1-4.mga8
lib64thai0-0.1.28-2.mga8
lib64theora0-1.1.1-14.mga8
lib64theoradec1-1.1.1-14.mga8
lib64theora-devel-1.1.1-14.mga8
lib64theoraenc1-1.1.1-14.mga8
lib64tiff5-4.1.0-2.git20200310.1.mga8
lib64tinyxml0-2.6.2-11.mga8
lib64tinyxml-devel-2.6.2-11.mga8
lib64ts0-1.21-2.mga8
lib64turbojpeg0-2.0.4-2.mga8
lib64twolame0-0.4.0-1.mga8
lib64twolame-devel-0.4.0-1.mga8
lib64udev1-245-4.mga8
lib64udev-devel-245-4.mga8
lib64udf0-2.1.0-2.mga8
lib64unistring2-0.9.10-3.mga8
lib64unistring-devel-0.9.10-3.mga8
lib64upnp13-1.8.4-4.mga8
lib64upnp-devel-1.8.4-4.mga8
lib64usb1.0_0-1.0.22-2.mga8
lib64usb1.0-devel-1.0.22-2.mga8
lib64usb-compat0.1_4-0.1.5-10.mga8
lib64usb-compat0.1-devel-0.1.5-10.mga8
lib64user1-0.62-16.mga8
lib64uuid1-2.35.1-3.mga8
lib64uuid-devel-2.35.1-3.mga8
lib64uv1-1.34.2-2.mga8
lib64v4l0-1.18.0-2.mga8
lib64v4l-devel-1.18.0-2.mga8
lib64v4l-wrappers-1.18.0-2.mga8
lib64va2-2.6.1-2.mga8
lib64va-devel-2.6.1-2.mga8
lib64vdpau1-1.3-4.mga8
lib64vdpau-devel-1.3-4.mga8
lib64verto1-0.3.1-2.mga8
lib64verto-devel-0.3.1-2.mga8
lib64vidstab1.1-1.1.0-2.git20190213.5.mga8
lib64vidstab-devel-1.1.0-2.git20190213.5.mga8
lib64vorbis0-1.3.6-4.mga8
lib64vorbis-devel-1.3.6-4.mga8
lib64vorbisenc2-1.3.6-4.mga8
lib64vorbisfile3-1.3.6-4.mga8
lib64vpx6-1.8.2-2.mga8
lib64vpx-devel-1.8.2-2.mga8
lib64wacom2-1.2-2.mga8
lib64wayland-client0-1.18.0-2.mga8
lib64wayland-cursor0-1.18.0-2.mga8
lib64wayland-devel-1.18.0-2.mga8
lib64wayland-egl1-1.18.0-2.mga8
lib64wayland-server0-1.18.0-2.mga8
lib64wbclient0-4.10.12-3.mga8
lib64wbclient-devel-4.10.12-3.mga8
lib64webp7-1.1.0-2.mga8
lib64wrap0-7.6-49.mga8
lib64wrap-devel-7.6-49.mga8
lib64x11_6-1.6.9-2.mga8
lib64x11-devel-1.6.9-2.mga8
lib64x11-xcb1-1.6.9-2.mga8
lib64xau6-1.0.9-2.mga8
lib64xau-devel-1.0.9-2.mga8
lib64xavs1-0.1.55-11.mga8
lib64xavs-devel-0.1.55-11.mga8
lib64xaw7-1.0.13-3.mga8
lib64xcb1-1.14-1.mga8
lib64xcb-composite0-1.14-1.mga8
lib64xcb-damage0-1.14-1.mga8
lib64xcb-devel-1.14-1.mga8
lib64xcb-dpms0-1.14-1.mga8
lib64xcb-dri2_0-1.14-1.mga8
lib64xcb-dri3_0-1.14-1.mga8
lib64xcb-glx0-1.14-1.mga8
lib64xcb-icccm4-0.4.1-6.mga8
lib64xcb-present0-1.14-1.mga8
lib64xcb-randr0-1.14-1.mga8
lib64xcb-record0-1.14-1.mga8
lib64xcb-render0-1.14-1.mga8
lib64xcb-res0-1.14-1.mga8
lib64xcb-screensaver0-1.14-1.mga8
lib64xcb-shape0-1.14-1.mga8
lib64xcb-shm0-1.14-1.mga8
lib64xcb-sync1-1.14-1.mga8
lib64xcb-util1-0.4.0-4.mga8
lib64xcb-util-image0-0.4.0-4.mga8
lib64xcb-util-keysyms1-0.4.0-5.mga8
lib64xcb-util-renderutil0-0.3.9-6.mga8
lib64xcb-xf86dri0-1.14-1.mga8
lib64xcb-xfixes0-1.14-1.mga8
lib64xcb-xinerama0-1.14-1.mga8
lib64xcb-xinput0-1.14-1.mga8
lib64xcb-xkb1-1.14-1.mga8
lib64xcb-xtest0-1.14-1.mga8
lib64xcb-xv0-1.14-1.mga8
lib64xcb-xvmc0-1.14-1.mga8
lib64xcomposite1-0.4.5-2.mga8
lib64xcrypt1-4.4.15-1.mga8
lib64xcrypt-devel-4.4.15-1.mga8
lib64xcursor1-1.2.0-2.mga8
lib64xdamage1-1.1.5-2.mga8
lib64xdamage-devel-1.1.5-2.mga8
lib64xdmcp6-1.1.3-2.mga8
lib64xdmcp-devel-1.1.3-2.mga8
lib64xext6-1.3.4-2.mga8
lib64xext-devel-1.3.4-2.mga8
lib64xfixes3-5.0.3-3.mga8
lib64xfixes-devel-5.0.3-3.mga8
lib64xft2-2.3.3-2.mga8
lib64xi6-1.7.10-2.mga8
lib64xinerama1-1.1.4-3.mga8
lib64xkbcommon0-0.10.0-2.mga8
lib64xml2_2-2.9.10-3.mga8
lib64xml2-devel-2.9.10-3.mga8
lib64xmu6-1.1.3-2.mga8
lib64xpm4-3.5.13-2.mga8
lib64xrandr2-1.5.2-2.mga8
lib64xrandr-devel-1.5.2-2.mga8
lib64xrender1-0.9.10-3.mga8
lib64xrender-devel-0.9.10-3.mga8
lib64xshmfence1-1.3-3.mga8
lib64xshmfence-devel-1.3-3.mga8
lib64xslt1-1.1.34-2.mga8
lib64xslt-devel-1.1.34-2.mga8
lib64xt6-1.2.0-2.mga8
lib64xtst6-1.2.3-3.mga8
lib64xxf86vm1-1.1.4-4.mga8
lib64xxf86vm-devel-1.1.4-4.mga8
lib64yaml0_2-0.2.1-3.mga8
lib64zlib1-1.2.11-9.mga8
lib64zlib-devel-1.2.11-9.mga8
lib64zstd1-1.4.4-2.mga8
libalsa-data-1.2.2-1.mga8
libcap-utils-2.27-2.mga8
libdrm-common-2.4.100-2.mga8
libgcc1-9.3.0-1.mga8
libggi-2.2.2-27.mga8
libgii-1.0.2-24.mga8
libgomp1-9.3.0-1.mga8
libgomp-devel-9.3.0-1.mga8
libgpg-error-common-1.36-3.mga8
libidn2-i18n-2.3.0-2.mga8
libinput-udev-1.15.3-1.mga8
libplist-2.1.0-2.mga8
libpthread-stubs-0.4-3.mga8
libsoup-i18n-2.70.0-1.mga8
libstdc++6-9.3.0-1.mga8
libstdc++-devel-9.3.0-1.mga8
libtool-base-2.4.6-10.mga8
libuser-0.62-16.mga8
libutempter-1.1.6-7.mga8
libwacom-1.2-2.mga8
lksctp-tools-1.0.18-3.mga8
locales-2.31-2.mga8
logrotate-3.15.1-2.mga8
lsb-release-2.0-56.mga8
lua-5.2.4-5.mga8
lua-posix-33.4.0-2.mga8
m4-1.4.18-3.mga8
mageia-release-common-8-0.7.mga8
mageia-release-Default-8-0.7.mga8
mageia-repos-8-0.0.3.mga8
mageia-repos-cauldron-8-0.0.3.mga8
mageia-repos-keys-8-0.0.3.mga8
mageia-repos-pkgprefs-8-0.0.3.mga8
make-4.3-2.mga8
makedev-4.4-26.mga8
mariadb-client-10.4.12-4.mga8
mariadb-common-10.4.12-4.mga8
mesa-20.0.1-1.mga8
meta-task-8-0.8.mga8
mkfontscale-1.2.1-2.mga8
multiarch-utils-1.0.14-3.mga8
multiverse-0.7.0-8.mga8
ncurses-6.2-20200212.2.mga8
net-tools-2.0-0.20150915git.6.mga8
netty3-3.10.6-4.mga8
netty-tcnative-1.1.30-11.mga8
ninja-1.10.0-2.mga8
nss-3.51.0-1.mga8
nss-myhostname-245-4.mga8
nss_tcb-1.1-10.mga8
objectweb-asm-7.0-1.mga8
ocaml-srpm-macros-6-2.mga8
opencl-headers-2.2-0.20200218.1.mga8
openjpeg2-2.3.1-5.mga8
openldap-2.4.48-1.mga8
openssh-8.2p1-1.mga8
openssh-clients-8.2p1-1.mga8
openssl-1.1.1d-3.mga8
osgi-core-7.0.0-2.mga8
p11-kit-0.23.20-2.mga8
pam-1.3.1-3.mga8
pam_tcb-1.1-10.mga8
pango-1.44.7-2.mga8
passwd-0.80-2.mga8
patch-2.7.6-6.mga8
pcre-8.44-1.mga8
perl-5.30.1-5.mga8
perl-base-5.30.1-5.mga8
perl-Config-IniFiles-3.0.2-2.mga8
perl-DBI-1.643.0-2.mga8
perl-Error-0.170.290-3.mga8
perl-Exporter-Tiny-1.2.1-4.mga8
perl-File-Slurp-9999.300.0-1.mga8
perl-File-Sync-0.110.0-29.mga8
perl-Filesys-Df-0.920.0-29.mga8
perl-Git-2.25.1-2.mga8
perl-IO-stringy-2.112.0-2.mga8
perl-JSON-4.20.0-2.mga8
perl-List-MoreUtils-0.428.0-7.mga8
perl-List-MoreUtils-XS-0.428-5.mga8
perl-Locale-gettext-1.70.0-11.mga8
perl-MDK-Common-1.2.34.2-4.mga8
perl-MDV-Distribconf-4.101.0-3.mga8
perl-MDV-Packdrakeng-1.130.0-6.mga8
perl-srpm-macros-1-34.mga8
perl-Term-ReadKey-2.380.0-3.mga8
perl-Time-ZoneInfo-0.300.0-10.mga8
perl-URPM-5.24.1-3.mga8
perl-XML-LibXML-2.20.300-1.mga8
perl-XML-NamespaceSupport-1.120.0-3.mga8
perl-XML-SAX-1.20.0-2.mga8
perl-XML-SAX-Base-1.90.0-4.mga8
perl-YAML-1.300.0-2.mga8
perl-YAML-Tiny-1.730.0-3.mga8
pkgconf-1.6.3-2.mga8
pkgconf-m4-1.6.3-2.mga8
pkgconf-pkg-config-1.6.3-2.mga8
popt-data-1.16-15.mga8
procps-ng-3.3.16-2.mga8
psmisc-23.3-3.mga8
publicsuffix-list-20200106-2.mga8
publicsuffix-list-dafsa-20200106-2.mga8
pulseaudio-client-config-13.99.1-1.mga8
python3-3.8.2-1.mga8
python3-enchant-2.0.0-11.mga8
python3-magic-5.38-2.mga8
python3-pkg-resources-45.2.0-1.mga8
python3-rpm-4.15.1-3.mga8
python3-rpm-generators-4.14.2-7.mga8
python3-rpm-macros-3-11.mga8
python-pip-wheel-19.3.1-3.mga8
python-rpm-macros-3-11.mga8
python-setuptools-wheel-45.2.0-1.mga8
python-srpm-macros-3-11.mga8
qdox-2.0-3.M9.3.mga8
qtbase5-common-5.14.1-7.mga8
qttranslations5-5.14.1-2.mga8
rapidjson-1.1.0-4.mga8
resolvconf-1.79-5.mga8
rmt-0.4b46-7.mga8
rootcerts-20191126.00-2.mga8
rootcerts-java-20191126.00-2.mga8
rootfiles-11.0-16.mga8
rpm-4.15.1-3.mga8
rpm-build-4.15.1-3.mga8
rpm-helper-0.24.17-6.mga8
rpmlint-1.11-3.mga8
rpmlint-mageia-policy-0.2.29-5.mga8
rpm-mageia-setup-2.53-3.mga8
rpm-mageia-setup-build-2.53-3.mga8
rpm-plugin-syslog-4.15.1-3.mga8
rpm-plugin-systemd-inhibit-4.15.1-3.mga8
rsync-3.1.3-5.mga8
run-parts-4.8.4-3.mga8
rust-srpm-macros-13-1.mga8
samba-common-4.10.12-3.mga8
sash-3.8-8.mga8
sed-4.8-2.mga8
setup-2.7.24-4.mga8
shadow-utils-4.6-2.mga8
shared-mime-info-1.15-2.mga8
snakeyaml-1.25-4.mga8
spec-helper-0.31.22-3.mga8
sudo-1.8.31-2.mga8
swig-4.0.1-3.mga8
systemd-245-4.mga8
systemd-devel-245-4.mga8
systemd-units-245-4.mga8
tar-1.32-2.mga8
tcb-1.1-10.mga8
testng-6.14.3-4.mga8
thai-data-0.1.28-2.mga8
time-1.9-3.mga8
timezone-2019c-2.mga8
timezone-java-2019c-2.mga8
traceroute-2.1.0-3.mga8
tslib-common-1.21-2.mga8
unzip-6.1c-8.mga8
urpmi-8.120-2.mga8
util-linux-2.35.1-3.mga8
v4l-utils-1.18.0-2.mga8
vim-minimal-8.2.357-1.mga8
wayland-tools-1.18.0-2.mga8
which-2.21-5.mga8
x11-data-bitmaps-1.1.2-2.mga8
x11-font-daewoo-misc-1.0.3-9.mga8
x11-font-isas-misc-1.0.3-9.mga8
x11-font-jis-misc-1.0.3-9.mga8
x11-proto-devel-2019.2-4.mga8
xdg-user-dirs-0.17-4.mga8
xdg-user-dirs-gtk-0.10-7.mga8
xpp3-1.1.4-9.c.4.mga8
xpp3-minimal-1.1.4-9.c.4.mga8
xstream-1.4.11.1-3.mga8
xz-5.2.4-5.mga8
yasm-1.3.0-5.mga8
zstd-1.4.4-2.mga8
