Mock Version: 1.4.8
ENTER ['do'](['bash', '--login', '-c', '/usr/bin/rpmbuild -bs --target i586 --nodeps /builddir/build/SPECS/e3.spec'], user='mockbuild'timeout=0env={'HOME': '/builddir', 'PROMPT_COMMAND': 'printf "\\033]0;<mock-chroot>\\007"', 'TERM': 'vt100', 'HOSTNAME': 'mock', 'SHELL': '/bin/bash', 'LANG': 'en_US.UTF-8', 'PS1': '<mock-chroot> \\s-\\v\\$ ', 'PATH': '/usr/bin:/bin:/usr/sbin:/sbin'}nspawn_args=[]shell=FalsechrootPath='/share/dev/mock'printOutput=Trueunshare_net=Trueuid=1000gid=135logger=<mockbuild.trace_decorator.getLog object at 0x7f21c173fcf8>)
Executing command: ['/usr/bin/systemd-nspawn', '-q', '-M', '19941ac98b5240a892523b760ee01ae1', '-D', '/share/dev/mock', '-a', '--setenv=HOME=/builddir', '--setenv=PROMPT_COMMAND=printf "\\033]0;<mock-chroot>\\007"', '--setenv=TERM=vt100', '--setenv=HOSTNAME=mock', '--setenv=SHELL=/bin/bash', '--setenv=LANG=en_US.UTF-8', '--setenv=PS1=<mock-chroot> \\s-\\v\\$ ', '--setenv=PATH=/usr/bin:/bin:/usr/sbin:/sbin', '-u', 'mockbuild', 'bash', '--login', '-c', '/usr/bin/rpmbuild -bs --target i586 --nodeps /builddir/build/SPECS/e3.spec'] with env {'HOME': '/builddir', 'PROMPT_COMMAND': 'printf "\\033]0;<mock-chroot>\\007"', 'TERM': 'vt100', 'HOSTNAME': 'mock', 'SHELL': '/bin/bash', 'LANG': 'en_US.UTF-8', 'PS1': '<mock-chroot> \\s-\\v\\$ ', 'PATH': '/usr/bin:/bin:/usr/sbin:/sbin'} and shell False
/etc/profile.d/lang.sh: line 28: warning: setlocale: LC_CTYPE: cannot change locale (en_US.UTF-8): No such file or directory
/etc/profile.d/lang.sh: line 29: warning: setlocale: LC_COLLATE: cannot change locale (en_US.UTF-8): No such file or directory
/etc/profile.d/lang.sh: line 32: warning: setlocale: LC_MESSAGES: cannot change locale (en_US.UTF-8): No such file or directory
/etc/profile.d/lang.sh: line 35: warning: setlocale: LC_NUMERIC: cannot change locale (en_US.UTF-8): No such file or directory
/etc/profile.d/lang.sh: line 38: warning: setlocale: LC_TIME: cannot change locale (en_US.UTF-8): No such file or directory
Building target platforms: i586
Building for target i586
Wrote: /builddir/build/SRPMS/e3-2.82-1.mga7.src.rpm
Child return code was: 0
ENTER ['do'](['bash', '--login', '-c', '/usr/bin/rpmbuild -bb --target i586 --nodeps /builddir/build/SPECS/e3.spec'], user='mockbuild'timeout=0env={'HOME': '/builddir', 'PROMPT_COMMAND': 'printf "\\033]0;<mock-chroot>\\007"', 'TERM': 'vt100', 'HOSTNAME': 'mock', 'SHELL': '/bin/bash', 'LANG': 'en_US.UTF-8', 'PS1': '<mock-chroot> \\s-\\v\\$ ', 'PATH': '/usr/bin:/bin:/usr/sbin:/sbin'}nspawn_args=[]shell=FalsechrootPath='/share/dev/mock'printOutput=Trueunshare_net=Trueuid=1000gid=135logger=<mockbuild.trace_decorator.getLog object at 0x7f21c173fcf8>)
Executing command: ['/usr/bin/systemd-nspawn', '-q', '-M', '1292269c01834bf5b55e49a88d68f7e5', '-D', '/share/dev/mock', '-a', '--setenv=HOME=/builddir', '--setenv=PROMPT_COMMAND=printf "\\033]0;<mock-chroot>\\007"', '--setenv=TERM=vt100', '--setenv=HOSTNAME=mock', '--setenv=SHELL=/bin/bash', '--setenv=LANG=en_US.UTF-8', '--setenv=PS1=<mock-chroot> \\s-\\v\\$ ', '--setenv=PATH=/usr/bin:/bin:/usr/sbin:/sbin', '-u', 'mockbuild', 'bash', '--login', '-c', '/usr/bin/rpmbuild -bb --target i586 --nodeps /builddir/build/SPECS/e3.spec'] with env {'HOME': '/builddir', 'PROMPT_COMMAND': 'printf "\\033]0;<mock-chroot>\\007"', 'TERM': 'vt100', 'HOSTNAME': 'mock', 'SHELL': '/bin/bash', 'LANG': 'en_US.UTF-8', 'PS1': '<mock-chroot> \\s-\\v\\$ ', 'PATH': '/usr/bin:/bin:/usr/sbin:/sbin'} and shell False
/etc/profile.d/lang.sh: line 28: warning: setlocale: LC_CTYPE: cannot change locale (en_US.UTF-8): No such file or directory
/etc/profile.d/lang.sh: line 29: warning: setlocale: LC_COLLATE: cannot change locale (en_US.UTF-8): No such file or directory
/etc/profile.d/lang.sh: line 32: warning: setlocale: LC_MESSAGES: cannot change locale (en_US.UTF-8): No such file or directory
/etc/profile.d/lang.sh: line 35: warning: setlocale: LC_NUMERIC: cannot change locale (en_US.UTF-8): No such file or directory
/etc/profile.d/lang.sh: line 38: warning: setlocale: LC_TIME: cannot change locale (en_US.UTF-8): No such file or directory
Building target platforms: i586
Building for target i586
Executing(%prep): /bin/sh -e /var/tmp/rpm-tmp.OM7neN
+ umask 022
+ cd /builddir/build/BUILD
+ '[' 1 -eq 1 ']'
+ '[' 1 -eq 1 ']'
+ '[' 1 -eq 1 ']'
+ cd /builddir/build/BUILD
+ rm -rf e3-2.82
+ /usr/bin/gzip -dc /builddir/build/SOURCES/e3-2.82.tgz
+ /usr/bin/tar -xof -
+ STATUS=0
+ '[' 0 -ne 0 ']'
+ cd e3-2.82
+ /usr/bin/chmod -Rf a+rX,u+w,g-w,o-w .
+ /usr/bin/cat /builddir/build/SOURCES/e3-2.82-makefile.patch
+ /usr/bin/patch -p1 -s --fuzz=0 --no-backup-if-mismatch
+ exit 0
Executing(%build): /bin/sh -e /var/tmp/rpm-tmp.LcUObh
+ umask 022
+ cd /builddir/build/BUILD
+ cd e3-2.82
+ '[' 1 -eq 1 ']'
+ '[' 1 -eq 1 ']'
+ /usr/bin/make -O -j8 i386
nasm -O2 -f bin -l e3.lst -o e3 e3.asm -DCRIPLED_ELF=1 -DLINUX -DSED 
chmod +x e3
+ exit 0
Executing(%install): /bin/sh -e /var/tmp/rpm-tmp.EmRCsL
+ umask 022
+ cd /builddir/build/BUILD
+ '[' 1 -eq 1 ']'
+ '[' /builddir/build/BUILDROOT/e3-2.82-1.mga7.i386 '!=' / ']'
+ rm -rf /builddir/build/BUILDROOT/e3-2.82-1.mga7.i386
++ dirname /builddir/build/BUILDROOT/e3-2.82-1.mga7.i386
+ mkdir -p /builddir/build/BUILDROOT
+ mkdir /builddir/build/BUILDROOT/e3-2.82-1.mga7.i386
+ cd e3-2.82
+ '[' 1 -eq 1 ']'
+ install -Dm 755 e3 /builddir/build/BUILDROOT/e3-2.82-1.mga7.i386/usr/bin/e3
+ pushd /builddir/build/BUILDROOT/e3-2.82-1.mga7.i386/usr/bin
~/build/BUILDROOT/e3-2.82-1.mga7.i386/usr/bin ~/build/BUILD/e3-2.82
+ ln -sf e3 e3ws
+ ln -sf e3 e3em
+ ln -sf e3 e3pi
+ ln -sf e3 e3vi
+ ln -sf e3 e3ne
+ popd
~/build/BUILD/e3-2.82
+ install -Dm 644 e3.man /builddir/build/BUILDROOT/e3-2.82-1.mga7.i386/usr/share/man/man1/e3.1
+ '[' -n '' ']'
+ /usr/share/spec-helper/clean_files
+ '[' -n '' ']'
+ /usr/share/spec-helper/compress_files .xz
+ '[' -n '' ']'
+ /usr/share/spec-helper/relink_symlinks
+ '[' -n '' ']'
+ /usr/share/spec-helper/clean_perl
+ '[' -n '' ']'
+ /usr/share/spec-helper/lib_symlinks
+ '[' -n '' ']'
+ /usr/share/spec-helper/gprintify
+ '[' -n '' ']'
+ /usr/share/spec-helper/fix_mo
+ '[' -n '' ']'
+ /usr/share/spec-helper/translate_menu
+ '[' -n '' ']'
+ /usr/share/spec-helper/fix_pamd
+ '[' -n '' ']'
+ /usr/share/spec-helper/remove_info_dir
+ '[' -n '' ']'
+ /usr/share/spec-helper/fix_eol
+ '[' -n '' ']'
+ /usr/share/spec-helper/check_elf_files
+ '[' -n '' ']'
+ export DISABLE_DEBUG=1
+ DISABLE_DEBUG=1
+ /usr/lib/rpm/find-debuginfo.sh -j8 -m -i --build-id-seed 2.82-1.mga7 --unique-debug-suffix -2.82-1.mga7.i386 --unique-debug-src-base e3-2.82-1.mga7.i386 --run-dwz --dwz-low-mem-die-limit 10000000 --dwz-max-die-limit 50000000 -S debugsourcefiles.list /builddir/build/BUILD/e3-2.82
+ '[' 1 -eq 1 ']'
+ /usr/lib/rpm/brp-python-bytecompile /usr/bin/python 1
+ /usr/lib/rpm/brp-python-hardlink
Processing files: e3-2.82-1.mga7.i586
Executing(%doc): /bin/sh -e /var/tmp/rpm-tmp.uCqaLg
+ umask 022
+ cd /builddir/build/BUILD
+ cd e3-2.82
+ DOCDIR=/builddir/build/BUILDROOT/e3-2.82-1.mga7.i386/usr/share/doc/e3
+ export LC_ALL=C
+ LC_ALL=C
+ export DOCDIR
+ /usr/bin/mkdir -p /builddir/build/BUILDROOT/e3-2.82-1.mga7.i386/usr/share/doc/e3
+ cp -pr README README.v2.7.1 /builddir/build/BUILDROOT/e3-2.82-1.mga7.i386/usr/share/doc/e3
+ cp -pr ChangeLog /builddir/build/BUILDROOT/e3-2.82-1.mga7.i386/usr/share/doc/e3
+ cp -pr COPYING.GPL COPYRIGHT /builddir/build/BUILDROOT/e3-2.82-1.mga7.i386/usr/share/doc/e3
+ exit 0
warning: Missing build-id in /builddir/build/BUILDROOT/e3-2.82-1.mga7.i386/usr/bin/e3
Provides: e3 = 2.82-1.mga7 e3(x86-32) = 2.82-1.mga7
Requires(rpmlib): rpmlib(CompressedFileNames) <= 3.0.4-1 rpmlib(FileDigests) <= 4.6.0-1 rpmlib(PayloadFilesHavePrefix) <= 4.0-1
Checking for unpackaged file(s): /usr/lib/rpm/check-files /builddir/build/BUILDROOT/e3-2.82-1.mga7.i386
Wrote: /builddir/build/RPMS/e3-2.82-1.mga7.i586.rpm
Executing(%clean): /bin/sh -e /var/tmp/rpm-tmp.errTAM
+ umask 022
+ cd /builddir/build/BUILD
+ cd e3-2.82
+ /usr/bin/rm -rf /builddir/build/BUILDROOT/e3-2.82-1.mga7.i386
+ exit 0
Child return code was: 0
