tcb-1.1-7.mga6.i586 1455304930 45065 493162c6978c30144f31c25dbb2070d0 installed
python-rpm-macros-3-5.mga7.noarch 1502797638 3278 aadb3c7bcfb7a2cf6da62300e6f8cf13 installed
pam-1.3.0-6.mga7.i586 1504615167 929809 4b6aeb065993b3ac43fffd81083017ac installed
dnf-conf-2.7.5-1.mga7.noarch 1508941590 37002 02e98483137daa005b95d776d0677fac installed
util-linux-2.30.1-2.mga7.i586 1505645864 11284176 f8968e56a6d67e0e0a387dd2edcc7987 installed
mageia-dnf-conf-1.0-1.mga6.noarch 1461537916 29 ebe7ee8039a6b5ed2a8f4cd1ee1cf046 installed
systemd-236-4.mga7.i586 1515525594 18755413 52e2a108a2e0fa79947644e0679172f8 installed
python2-rpm-macros-3-5.mga7.noarch 1502797638 1495 af515d58ca8cf4d5cee44c10a2bfccc3 installed
net-tools-2.0-0.20150915git.4.mga6.i586 1481358543 938647 efe99249ff280adc80a9944e0dd227c3 installed
icu59-data-1:59.1-5.mga7.noarch 1514477184 26290848 47c4f20ceb6ff1c522e9172d20403313 installed
initscripts-9.78-5.mga7.i586 1515038431 6705414 38b871f16a063fbd7dd6f219738a8f82 installed
kernel-userspace-headers-4.14.14-2.mga7.i586 1516358682 4364248 7776f7be92748c1d2453e1e9a139828f installed
mageia-repos-keys-7-0.0.1.mga6.noarch 1500235408 1666 2e54f5ee602a430a0265583fd3ffb1ab installed
rpmlint-mageia-policy-0.2.29-3.mga7.noarch 1501191269 11898 2b103f51afa363e7b0f6b85c568d5e77 installed
cronie-1.5.1-1.mga6.i586 1470931330 232979 6152a686061f9db39387802ced6ec425 installed
popt-data-1:1.16-13.mga6.noarch 1456060419 60192 e2f0bbc20efb9468c20917ebbcaed90f installed
rust-srpm-macros-5-2.mga7.noarch 1515883584 1136 4140d23da5fdcc3543daccae129064b0 installed
basesystem-minimal-1:7-0.1.mga7.i586 1502718146 0 e2bc37b29b50554c2d532573a65e6e24 installed
cmake-rpm-macros-1:3.10.1-1.mga7.i586 1514825590 4534 6b2d60316f789cc606f03616b0576799 installed
libgpgme11-1.9.0-1.mga7.i586 1509525299 375028 eeb4e5ae1e9507c10a93e385ff74adc0 installed
rootfiles-11.0-14.mga6.noarch 1455897202 14813 d308f7699a1f3454de2d1b5371095355 installed
python3-librepo-1.7.20-3.mga7.i586 1501875762 213936 107e69cf9e1eafdf1945d91049e68e77 installed
run-parts-1:4.4-7.mga6.i586 1455301827 92625 cf5fed36bf256e919ea1a4728faba107 installed
python3-hawkey-0.11.1-1.mga7.i586 1508939467 162629 a442bdb7e0990f3fface51cb87819591 installed
filesystem-2.1.9-28.mga6.i586 1455178433 0 e5892ca683055de68a3f9d2d0f1284d6 installed
python3-dnf-2.7.5-1.mga7.noarch 1508941590 1906196 05a10dd06a1ca6b0d014fb8b87145837 installed
python3-dnf-plugins-core-2.1.5-1.mga7.noarch 1508942412 179837 dadae30c5212c9375ccdbad0081d1f15 installed
lsb-release-2.0-53.mga7.noarch 1500236526 19261 2b597d45c9b96a401fcd6db89930b98c installed
dnf-utils-2.1.5-1.mga7.noarch 1508942412 3844 7ae0479b0a6327b4f6a0591f214e85e1 installed
libzlib1-1.2.11-4.mga6.i586 1490774434 119507 2903560da8f640dee41d083bea806c4b installed
rpm-mageia-setup-build-2.25-2.mga7.i586 1505097446 141718 581abee7c65a1c05dc1651b51cf998f6 installed
libstdc++6-7.3.0-0.rc.20180117.1.mga7.i586 1516233765 1565788 069d361df230f37e33dfdbddeb912090 installed
glibc-6:2.22-27.mga7.i586 1516478428 18608597 37a379bd96d6dd91fda22db992d4f2fd installed
liblzma5-5.2.3-2.mga7.i586 1504715925 245342 0db0f0743a38e4d4679753b67da50458 installed
rootcerts-1:20180104.00-1.mga7.noarch 1516471053 2953667 47c235adbe4621637cb3f0eb9d8465ac installed
bash-4.4-12.1.mga7.i586 1508531104 5061557 de21d8dde7ee916232ffaf47e2de20b1 installed
librpm8-1:4.14.1-2.mga7.i586 1516482646 731416 30031410e8d80a9bda5fcf9afe0c814b installed
libpopt0-1:1.16-13.mga6.i586 1456060411 53693 65026a03cddece43e723a2cecf1e9053 installed
rpm-1:4.14.1-2.mga7.i586 1516482646 1997450 caa0785012f08526fba462a2e421ae69 installed
libgmp10-6.1.2-2.mga7.i586 1516266690 516911 88526b1d9fb0e83649208205e51cf50a installed
python3-rpm-1:4.14.1-2.mga7.i586 1516482646 173658 b14382cb9cd1801c80b25113990420ba installed
libxml2_2-2.9.7-2.mga7.i586 1514395672 1590896 aef34a1ee311fe01295610111650abc6 installed
rpm-plugin-syslog-1:4.14.1-2.mga7.i586 1516482646 6436 abe65d420d02f1ffa03693db248d74ee installed
libgpg-error0-1.27-1.mga7.i586 1509489082 94884 30c99835c6c8b917bc80597cec2b0ce8 installed
nasm-1:2.12.02-2.mga7.i586 1503180365 1783995 871cedb7b24f17155dd06ea20b6a973a installed
libdb5.3-5.3.28-14.mga7.i586 1515161318 1982994 b29f2c45aa745919cb46ac2a476df312 installed
libblkid1-2.30.1-2.mga7.i586 1505645864 317652 df6a82baaf6ade7e5e14454fb085b0b8 installed
libffi6-3.2.1-5.mga6.i586 1455209063 49027 fbcdf89f0e2fc5d4b50e0396c27963aa installed
libunistring2-0.9.8-1.mga7.i586 1515251430 1627299 24aebdc5a7915e58f7fe35c122512c40 installed
libgcrypt20-1.8.1-1.mga7.i586 1509527309 1027382 e8643dc8e24aea20e1004a26f528b9c7 installed
libmpfr4-0:3.1.5-2.mga7.i586 1516266846 437316 191c603454be463ea373a91956074a2e installed
libmpc3-1.0.3-2.mga7.i586 1516266764 127561 785b4befceaae1391184659fb8923084 installed
libmount1-2.30.1-2.mga7.i586 1505645864 367036 54ae213188119bbca4f76dc33a486135 installed
xz-5.2.3-2.mga7.i586 1504715925 511719 29e0ec59f8edd7b9a618882e11995460 installed
sed-4.4-1.mga7.i586 1508034721 977283 ebcf988a2330a283328dc86a94f311d9 installed
libmagic1-5.32-1.mga7.i586 1508361499 160660 bd340ad8c9504842681b6bdfb8c62876 installed
libattr1-2.4.48-1.mga7.i586 1516178320 19168 c8f98698b4a5578660109a0d73be13ad installed
coreutils-8.28-1.mga7.i586 1505152410 14999148 80e4bc1c4461b50b00d5ca347e2cab77 installed
mageia-release-Default-7-0.4.mga7.i586 1515337577 811 882674c22c2e421edd079b395feea79d installed
mageia-repos-7-0.0.1.mga6.i586 1500235170 22941 a3f7d363a0b5cf7b062e744043a06345 installed
libudev1-236-4.mga7.i586 1515525594 131568 6ef13dceecfdcf67888c5a0e9d3026cf installed
libsigsegv2-2.10-7.mga6.i586 1455214903 68035 6dbcba4217fe110d78dd167b876b3f20 installed
libnettle6-1:3.3-1.mga6.i586 1475497953 917396 512ce1dbef012f91ea7f336a56a65a0d installed
perl-2:5.26.1-2.mga7.i586 1516302974 37948418 b1b8a5311de2eed9df6ea8df6cd89dd5 installed
crypto-policies-20170606-2.mga7.noarch 1503748540 41853 fcd289d6ca12713916c7ea20e7e79e18 installed
libarchive13-3.3.2-3.mga7.i586 1504817734 872656 3e4f4fcbfbdabd375740eddd5ac42f3f installed
gzip-1.9-2.mga7.i586 1515695801 264120 90c35280c1ea4fe0db5b15e7f085f7d6 installed
which-2.21-3.mga6.i586 1455308604 49594 d410b52685960daa13a17a78c73cb724 installed
gettext-base-0.19.8.1-1.mga6.i586 1465844912 3427501 ea016df8985598a98cd5f29a5bc6507c installed
libp11-kit0-0.23.2-2.mga6.i586 1463186423 411910 1f6971841bf9057fbcbc723de8ce4570 installed
psmisc-22.21-7.mga6.i586 1455297207 466406 75d337046d24d73504f73c07a92296c7 installed
libcrack2-2.9.6-5.mga6.i586 1481570468 35624 98540f92a740c94df74b9b62044042d6 installed
libcap-ng0-0.7.8-2.mga7.i586 1501938031 45510 b803579dffd9cc0efe7eb9d7833796d9 installed
libpam0-1.3.0-6.mga7.i586 1504615167 666276 b74964befdc58662730048eadbf5754b installed
libuser1-0.62-12.mga7.i586 1515511005 127632 171fdc96aa12e10607e2d4cd119d56f4 installed
liblz4_1-1.8.0-2.mga7.i586 1513017076 85336 2cbb2808f15ca50b737aca90a9a087e2 installed
perl-YAML-Tiny-1.700.0-1.mga7.noarch 1500762979 172401 296b2791ba7aa313b14a13175da711bd installed
perl-JSON-2.970.10-1.mga7.noarch 1514072229 253670 9a9db94d0e3cce4ff9701cf3e5b8adff installed
perl-Exporter-Tiny-1.0.0-1.mga7.noarch 1500650345 91285 6e4366c47c0bee0f9caa17ba3b664a85 installed
perl-List-MoreUtils-XS-0.426-1.mga7.i586 1507015900 163017 c5ac751db39b8de283e24f1761d29d2d installed
libtool-base-2.4.6-6.mga7.i586 1505147631 1929516 82b6668b0699eaec7a7063e11658c7d3 installed
perl-YAML-1.240.0-1.mga7.noarch 1509467431 190910 1ef825c76351089de0a3e3d89ff49fa3 installed
libprocps6-3.3.12-1.mga6.i586 1471034510 98461 6393312e6dccdb1d338e25a70d1d1693 installed
shadow-utils-2:4.4-2.mga7.i586 1513866830 3595366 561ef5be528d57fcafc32bfca7e63494 installed
libutempter-1.1.6-5.mga6.i586 1455215504 35141 10fe86fbb7637a103389c9babf3eb775 installed
cracklib-dicts-2.9.6-5.mga6.i586 1481570468 9988544 ec52f8fd06764232fe7498cea31d43ed installed
libgio2.0_0-2.54.3-1.mga7.i586 1515447344 1986796 dc67beeedc34cdf9a3733cf573edab7c installed
libsecret-tools-0.18.5-2.mga6.i586 1497173869 16708 30f988a9f5f6b08a4f3149c7ade1370f installed
libsolv-tools-0.6.30-1.mga7.i586 1508936045 301183 89f4ea7e9720ca64962d886411c0ed24 installed
deltarpm-3.6.1-6.mga7.i586 1504204342 814884 11bf3dd1a1d5a0ec1e307f5768606ebf installed
cpio-2.12-3.mga6.i586 1458058607 919408 e778c4e457b7e67093a5581f02a5be51 installed
libhogweed4-1:3.3-1.mga6.i586 1475497953 693588 3a42c3c1e8b569d9c10f9147256241c0 installed
m4-1.4.18-1.mga6.i586 1483272396 296303 55caa19153bd480cd6683ba0050d78dc installed
automake-1.15.1-1.mga7.noarch 1508027706 2468865 30a780734e4131151d373d02a0de4897 installed
libdevmapper-event1.02-1.02.137-3.mga7.i586 1514666400 27272 2b2efb90cecf1f163af4eda5d81e7630 installed
logrotate-3.12.2-1.mga6.i586 1495518726 126047 18fc1c83f640b4699e5b2ed4a388a5d1 installed
time-1.7-45.mga6.i586 1455305813 21474 bf1eff5aa77bca12bfd1421c4749a2e4 installed
libidn11-1.33-3.mga7.i586 1507120773 247060 cf4252296acd1adbc70f34735df4468d installed
libbabeltrace1-1.5.3-3.mga7.i586 1512031869 614411 178e08eeaebfe722f6c9ef3feb38f31f installed
libcroco0.6_3-0.6.12-2.mga6.i586 1492961802 605651 d4427abacc55601b272887917e95b422 installed
libcomps0-0.1.8-3.mga7.i586 1501826455 220000 62ffe292519ce98231ca11c7ef1cd366 installed
libksba8-1.3.5-1.mga6.i586 1471867760 252800 3395bc86b4465f8fb6c01b527637b60c installed
dwz-0.12-2.mga6.i586 1455174734 223565 8faaac80145feed2fc255585e8e8f983 installed
libnatspec0-0.3.1-2.mga6.i586 1455540841 151537 842f44226efedbaef601e7f22d5e577e installed
ncurses-6.0-20171223.2.mga7.i586 1515311876 481778 c644e93acfa38995b818c2e82246a656 installed
groff-for-man-1.22.3-1.mga6.i586 1448985697 2719332 e34301926a9cecb51aa7e43b5aeac78b installed
libsqlite3_0-3.21.0-2.mga7.i586 1514553940 1102884 3dc6a8c38b33a970634195280aca122e installed
libsigc++2.0_0-2.10.0-1.mga6.i586 1474720437 80277 1e4d2e353d2b0a8dbdc427612b566b5e installed
libxml++2.6_2-2.40.1-2.mga6.i586 1448795848 201828 46552cc49bd2bd407b7547258513e94a installed
libvoikko1-4.1.1-3.mga7.i586 1514903424 299665 30633abf24f8e81cdb0db0fbd2674eaf installed
libenchant1-1.6.0-14.mga7.i586 1501944162 82312 6920e574a3a9fa772fd8b1e174a71f17 installed
perl-MDK-Common-1.2.34-1.mga7.noarch 1509151121 122580 9f908e4173dd08c0cb6e46776a96f82c installed
makedev-4.4-21.mga6.noarch 1455897082 285810 3166dff6169a210b4c2ec1685fc6daba installed
python3-pkg-resources-36.2.4-6.mga7.noarch 1506931547 840129 b1038fbe39eebe455a9215808bf09954 installed
python3-3.6.2-4.mga7.i586 1514913926 12152 15dfc4bde28e326420b7db4dee8c22fd installed
libpython3.6-stdlib-3.6.2-4.mga7.i586 1514913926 29933018 1dc3579c056bea8eb72155847a075d0e installed
isl-0.16.1-1.mga6.i586 1453661340 16620 e7e29bce8750c6a3d65c19f292ef3515 installed
python3-magic-5.32-1.mga7.noarch 1508361504 17965 7a9f7480e4554341712233dc1083c7b7 installed
libisl15-0.16.1-1.mga6.i586 1453661340 1989012 1b7ef106aa39797521487b6a485ef22f installed
gobject-introspection-1.54.1-1.mga7.i586 1506948468 2028496 b80a4af68f9d2cd9b919527b6cb020d9 installed
gcc-cpp-7.3.0-0.rc.20180117.1.mga7.i586 1516233765 24130780 ee132b197da8077112094e2aa5b01f93 installed
python-2.7.14-1.mga7.i586 1512514480 272637 76f0512e678d626a5bbe63f7b8a88f05 installed
libpython2.7-stdlib-2.7.14-1.mga7.i586 1512514480 20693244 904427c71a07e93a2c2fd1658dd9da32 installed
gcc-7.3.0-0.rc.20180117.1.mga7.i586 1516233765 44912453 1abede7d729a8fbd4290f7513b752942 installed
libpcreposix1-8.41-3.mga7.i586 1513263556 10516 4567957826ecf7536fa7ff8de52e7dd8 installed
libfuse2-2.9.7-3.mga7.i586 1507356440 270170 45cc0af7d056b217629c2d895bee9188 installed
e2fsprogs-1.43.6-1.mga7.i586 1504972879 4612095 3496ed814eb1f16603d34ae7fbbde4d4 installed
ifmetric-0.3-17.mga6.i586 1455503907 11548 7d64de765665c7d82f47fe198743f53d installed
libsmartcols1-2.30.1-2.mga7.i586 1505645864 196072 47535db735ae2fdee45d74833420cc75 installed
libpcre16_0-8.41-3.mga7.i586 1513263556 438488 0c155607132e500211096ca203bc210e installed
pcre-8.41-3.mga7.i586 1513263556 229239 24504169923b8a99c2b0f10ad21fad99 installed
libqrencode4-4.0.0-1.mga7.i586 1507398091 648356 acc7f438d67c54d0fc25e37ce3d90b0b installed
nss-myhostname-236-4.mga7.i586 1515525594 815164 927d9af8902f20ae55c71e96aacb3f19 installed
ifplugd-0.28-20.mga6.i586 1455504112 112272 fa4c60dee22961bcfd57120d1d303a50 installed
iputils-20161105-2.mga6.i586 1480335207 317630 c8f18ad55ddea7b099155f2f95bbd389 installed
libatomic_ops1-7.6.2-1.mga7.i586 1515217929 6216 222224da44623d34a7af5b2e8fca23ca installed
libltdl7-2.4.6-6.mga7.i586 1505147631 45129 813e7ae436d13d9b60eab37d1bf06046 installed
libgomp1-7.3.0-0.rc.20180117.1.mga7.i586 1516233765 204528 cbb537bf7fcc35c2361101307196a01f installed
spec-helper-0.31.11-1.mga6.noarch 1452376089 32435 2b14d3f147f0951754a0275a05968565 installed
libtasn1_6-4.12-1.mga6.i586 1496851597 81316 5309e802c9a634ada4d8f9a8ad4f0375 installed
libmicrohttpd12-0.9.58-1.mga7.i586 1512749384 255680 2b172ba9ca6151dc6489371e5bb408c3 installed
libbrotlicommon1-1.0.2-1.mga7.i586 1512738622 130400 f53c356ece37a2cb62e2cbd46b151d8c installed
libverto1-0.2.6-7.mga7.i586 1505461681 22328 203853c2e058c8119c7798e85ad22a7b installed
libsasl2_3-2.1.26-14.mga7.i586 1514029273 132112 9667f8ea48d050a717aa9cb75269a9dd installed
libcurl4-1:7.57.0-2.mga7.i586 1512741058 620876 f750e25370781fc8b03ebadabd13cc85 installed
dbus-1.10.16-1.mga6.i586 1487347327 532434 e1a6698f1452f55cdf2e50cf1289f577 installed
procps-ng-3.3.12-1.mga6.i586 1471034510 1155640 41c2b5df911c74517e7654b8d9b82954 installed
gpg-pubkey-80420f66-4d4fe123 1297080611 0 (none) installed
rpm-helper-0.24.17-4.mga6.noarch 1455897261 42353 55e8ce673ce10a1585e768e0f94b2960 installed
libsecret-i18n-0.18.5-2.mga6.noarch 1497173869 76954 0a18a627e5ca592a5604ba9d56a7b574 installed
nss_tcb-1.1-7.mga6.i586 1455304930 10480 a348cd4ea4661255c1904b9ff1241ad3 installed
rpm-mageia-setup-2.25-2.mga7.i586 1505097446 7519 51b7144a6af1be1b95f99049aeffc4b6 installed
resolvconf-1.79-1.mga6.noarch 1464209425 69744 25253ceda5f48e51af4761bf85342de7 installed
python3-rpm-macros-3-5.mga7.noarch 1502797638 1509 415cf583725fc4b0ef89a19f2bed276a installed
systemd-units-236-4.mga7.i586 1515525594 502469 ec35f6c8a231dd264d83a40dcb140261 installed
hawkey-man-0.11.1-1.mga7.noarch 1508939546 14996 935e6ceab6c7723566594cbd497c0695 installed
dmsetup-1.02.137-3.mga7.i586 1514666400 268938 6443db4cc6459f65089d514dc69d24c3 installed
mageia-repos-pkgprefs-7-0.0.1.mga6.noarch 1500235408 0 f37eb5898948e055f1f0e9e80f82b4ab installed
rpmlint-1.10-2.mga7.noarch 1510496455 1092356 212919633866d89156853b2105edb8ee installed
libgpg-error-common-1.27-1.mga7.noarch 1509489084 422805 66ded465ccfdb4d97dd341fe193b062f installed
python3-rpm-generators-4.13.0.1-2.6.mga7.noarch 1502063982 65745 3d0b5758fa8ce5d048e64eb02db290cc installed
guile-runtime-2.0.14-2.mga7.i586 1514908336 9385238 b92bf702f57ca3ed017567ffb910d245 installed
passwd-0.79-6.mga6.i586 1455253836 395055 d1a58aba3598075c39f317ced18e6a66 installed
dash-static-0.5.9-2.mga7.i586 1504379665 132423 5844db5c52b5b30dfd1c19b0e1715a13 installed
libnpth0-1.5-1.mga6.i586 1497360143 41633 349d72b9ff44c3f039ef66ad8df476a4 installed
python-srpm-macros-3-5.mga7.noarch 1502797638 621 87343683ca6ab6e94e7b1232d8f88160 installed
gnupg2-2.1.22-2.mga7.i586 1514903371 11360000 cacc318ea62f95132955c4587aad5538 installed
sash-3.8-6.mga6.i586 1455302291 820840 480cff56de2986329548384a0e49b0f6 installed
librepo0-1.7.20-3.mga7.i586 1501875762 175020 eacd0cd4668f255a49cc296c0c3c6b76 installed
common-licenses-1.1-8.mga6.noarch 1455896735 167218 c6035793ecaec8366a181fa988e54405 installed
libdnf1-0.11.1-1.mga7.i586 1508939467 332949 9f106b7a62131ba3bd549a044387be25 installed
setup-2.7.24-1.mga6.noarch 1472710689 702922 db4e26b38ea982361479a37bf17416f8 installed
python3-gpg-1.9.0-1.mga7.i586 1509525299 1239658 4825870823980d6fe1046e6fefe15d10 installed
grep-3.1-1.mga7.i586 1504106555 670185 fa2a4cd06f2846384e6e407504e64554 installed
dnf-2.7.5-1.mga7.noarch 1508941590 1388586 2de15a0b277cc5f5c063af1bbd98f705 installed
libpcre1-8.41-3.mga7.i586 1513263556 483612 630d45daeba663329bb550cac871feef installed
dnf-plugins-core-2.1.5-1.mga7.noarch 1508942412 238914 a5657b137c5a4e78a4a2693b5567c8c0 installed
crontabs-1.10-22.mga6.noarch 1455896779 677 cc30a7963a2bdc8c2a7e26bb3b2a6ff0 installed
gdb-headless-8.0.50.20171213-1.mga7.i586 1514620245 7892588 06a297c490ca110ace2d345c28d27ad4 installed
perl-base-2:5.26.1-2.mga7.i586 1516302974 6302099 47d917d3fbc6468837e104389b1f62e1 installed
libgcc1-7.3.0-0.rc.20180117.1.mga7.i586 1516233765 240604 248e457c5e8653c4001980638b87a8d9 installed
glibc-devel-6:2.22-27.mga7.i586 1516478428 4979370 5725b9ca0c9b4d16efb04477ba358c19 installed
libncurses6-6.0-20171223.2.mga7.i586 1515311876 646704 c9cf08f9f3f164e993e613e44f11204f installed
publicsuffix-list-dafsa-20180111-1.mga7.noarch 1516472428 54580 78f2e86097c76d8a8176784d39abaf80 installed
libbz2_1-1.0.6-11.mga7.i586 1515081865 73485 03c410ffa0e17229c8cf294882a44e28 installed
librpmbuild8-1:4.14.1-2.mga7.i586 1516482646 190748 f8891fadb7ca2d5ed01eb53dcb75ba03 installed
chkconfig-1.10-1.mga7.i586 1508027478 761517 d374d5a024818dccf094277482608026 installed
librpmsign8-1:4.14.1-2.mga7.i586 1516482646 18972 4d1baedea6be07df6c3cf4566206c62b installed
libelfutils1-0.170-1.mga7.i586 1505978332 859891 6b6075f62acc573184930d1bb420d338 installed
rpm-build-1:4.14.1-2.mga7.i586 1516482646 265354 5691bb7905b9290c6e621ecd3abd90ce installed
libcap2-2.25-1.mga6.i586 1460387704 54096 85fb6860fe69a54abc917355a2b64af9 installed
rpm-plugin-systemd-inhibit-1:4.14.1-2.mga7.i586 1516482646 7296 356672287c33440b2e03ea40f177c01c installed
libncursesw6-6.0-20171223.2.mga7.i586 1515311876 470504 863215eecd80b43dee31089c8b99bebf installed
libuuid1-2.30.1-2.mga7.i586 1505645864 19296 e90ac963a2b4ea4bfe8c36c2b8f3e00e installed
libexpat1-2.2.5-1.mga7.i586 1509563980 201668 34e97c4a697de1e862898792872a3b3f installed
libglib2.0_0-2.54.3-1.mga7.i586 1515447344 1670114 88b47daba85180d4314b703bc9b0f03c installed
libreadline7-7.0-1.mga7.i586 1508422529 342048 0c9aca628b1a2dc1ec4c2dea04168b14 installed
libidn2_0-2.0.4-1.mga7.i586 1507729805 143495 943090d04b173f17893ff1e073c40872 installed
libintl8-0.19.8.1-1.mga6.i586 1465844912 190525 42fc3bcfc550dc9cdfb853574a4d02f1 installed
liblua5.3-5.3.4-3.mga7.i586 1512249076 263404 d68dad5e7d6fe8a320d6d4da1bc2bf7a installed
libassuan0-2.4.3-1.mga6.i586 1470925949 81988 9ba5b2945996af463608ad84b9b28728 installed
info-install-6.1-1.mga6.i586 1462821612 45822 0ac51018f557da3cf328678e72aede72 installed
findutils-4.6.0-1.mga6.i586 1451426884 1691701 ca7881e5b5618b5248967dc65d6dcb01 installed
file-5.32-1.mga7.i586 1508361499 5992524 f3b48faf1c4999b41740c1b6aa22ec36 installed
libacl1-2.2.52-7.mga6.i586 1455119780 171591 86e4b383fdcad7ee8b20cc39fa4389a0 installed
mageia-release-common-7-0.4.mga7.i586 1515337577 143014 2f1869bfeca42485563cd796ed843964 installed
mageia-repos-cauldron-7-0.0.1.mga6.i586 1500235170 22458 bc98a7d2f0edb3ca76240ebcc2834356 installed
bzip2-1.0.6-11.mga7.i586 1515081865 143766 72ad7faabef14b17578b6272b83c3918 installed
libdevmapper1.02-1.02.137-3.mga7.i586 1514666400 394052 7885e9ed50dc75f807f869d46ec86f14 installed
gawk-4.2.0-1.mga7.i586 1509109258 2454327 cbb63ca0a17052a23dd084a6504cba91 installed
libgdbm4-1.13-1.mga7.i586 1512139341 92365 f066285f74b2d45e4e2dca37a2fca982 installed
libtcb0-1.1-7.mga6.i586 1455304930 23612 ba34c12f16774c217e6cf62c2ff2e780 installed
libopenssl1.1-1.1.0g-1.mga7.i586 1509956245 3232543 99bbe72c6626fc5a23b1aee8b9a17fdf installed
less-487-2.mga7.i586 1504717821 574630 d8ee666a65a6d5dfce4eb3a329ed148c installed
tar-1.29-4.mga7.i586 1504805516 2849502 88a3317f62a7cfba80405ceecac9c3c0 installed
binutils-1:2.29.1-8.mga7.i586 1516267564 24171594 7757cd5bf1f2ae62561ac837c0ed57bb installed
pkgconfig-0.29.2-1.mga7.i586 1509630088 168382 31926953749a490979235e2b677284b8 installed
p11-kit-0.23.2-2.mga6.i586 1463186423 60604 a0c8c2653bbb391cdd9d22c0c8284d5f installed
kmod-24-2.mga6.i586 1495518601 220065 a6a0e486c50658ed73548e10deb0a42e installed
hostname-3.18-1.mga6.i586 1470925037 36747 d26d785973d67ea8fb7a22be40ae0244 installed
libaudit1-2.8.2-1.mga7.i586 1513764285 114647 ac071294b388f2bc9b9ecc0e3e9d3912 installed
kbd-2.0.3-1.mga6.i586 1451607898 3307219 523c9fc64d144e8990c28fbd02d7c427 installed
libuser-0.62-12.mga7.i586 1515511005 1658682 c67b741ed9a00aca9bdf6f5a576b88cc installed
krb5-1.16-1.mga7.i586 1516303117 229886 16f7a6f58446e9d3890da2d87a3526f3 installed
nikto-2.1.5-9.mga6.noarch 1454893526 2066530 6abb058ba24b5da3a05fff5e1b9b5922 installed
perl-File-Slurp-9999.190.0-8.mga6.noarch 1466296652 49678 42e71e36674d265d5226ec06fc832615 installed
perl-List-MoreUtils-0.428.0-1.mga7.noarch 1513075712 110554 fa6bac10302116e28c45cfcb8bc98c0e installed
etcskel-1.63-34.mga6.noarch 1455896840 4609 c0908ca80e979be1bd0c6405f7ca011b installed
libsystemd0-236-4.mga7.i586 1515525594 564044 8363153cd49c6fdfb1c8ccd259f52f2a installed
libpam_userpass1-1.0.2-13.mga7.i586 1504202202 13947 9c2ecf6ecb6129d30bd3258c48ff9999 installed
openldap-2.4.45-3.mga7.i586 1501710380 15507 adc9f650fcefcda8a8f3c9a26dd70157 installed
pam_tcb-1.1-7.mga6.i586 1455304930 39024 3e441ca57fda02251c6110b30e5e50a5 installed
shared-mime-info-1.8-2.mga7.i586 1505266430 2354601 de9ed64a60738a14ddcaf662a9aecb5c installed
libsecret1_0-0.18.5-2.mga6.i586 1497173869 358436 d3081b018b81bd8c9291dd1e8e05df2b installed
pinentry-1.1.0-1.mga7.i586 1515218999 236022 b15824e30821078e1442a0622bb69c81 installed
libsolv0-0.6.30-1.mga7.i586 1508936045 947971 95b8fd0712db81ac31792d5fe7c29236 installed
rmt-0.4b46-4.mga7.i586 1514905737 35239 5d38f5be02edf2eadbc393fdec399ac3 installed
libssh2_1-1.8.0-1.mga7.i586 1502010526 405445 50017c02b1cd5614ecbd7243c0b7874f installed
diffutils-3.6-1.mga7.i586 1504104890 1295325 3e651c851daaa64931a0c31aa403aef8 installed
autoconf-1:2.69-9.mga7.noarch 1504534326 2211216 b4920951dd3dbd18137ca445d7701217 installed
libcryptsetup4-1.7.5-1.mga6.i586 1493634030 193024 f2abfd70f93e5f9afafa9db23a152a6e installed
libusb1.0_0-1.0.21-1.mga6.i586 1478193068 146528 57563d14882e476560d82e39c068d2ab installed
timezone-6:2017b-1.mga6.i586 1490470545 1347138 701c12ad173d06b0c18eedf1f88c16f4 installed
make-1:4.2.1-1.mga7.i586 1505505828 1483205 40cb10f90ebc67a01d26be46b03c06cf installed
libpsl5-0.19.1-1.mga7.i586 1510404461 55856 69eb84132684efc9a5d756517aa7931f installed
desktop-file-utils-0.23-2.mga6.i586 1471486417 315016 166019ca5184a4311ab70525c9da7d8d installed
libgettextmisc-0.19.8.1-1.mga6.i586 1465844912 1010517 fcb13c9109204340cf3164c691c7e44f installed
libfdisk1-2.30.1-2.mga7.i586 1505645864 424972 32ddfbc1312c6b8d5138208b644bf39e installed
elfutils-0.170-1.mga7.i586 1505978332 1907816 f7d1f7adcecb77e43fe84bdab2de1141 installed
vim-minimal-8.0.1428-2.mga7.i586 1515188134 914298 3d0a57528051cd10f32bd01d473312b6 installed
unzip-6.0-18.mga7.i586 1513804347 763466 965d6735ae8f857bd83053e5969a109e installed
libkmod2-24-2.mga6.i586 1495518601 107060 a857dffa6caa0bba1f81f131d57a5ac8 installed
libicu59-1:59.1-5.mga7.i586 1514477184 4776276 6dc36d753212c6d1f3e8bad4fe030658 installed
libhunspell1.6_0-1.6.2-2.mga7.i586 1513695963 480940 8920fb3d84a1aededc1c4f520bbd6675 installed
libglibmm2.4_1-2.52.1-1.mga7.i586 1513618277 2378833 0e37588ed19494093719cbb36822d8f3 installed
libhfstospell10-0.4.5-1.mga7.i586 1514582571 255048 255e9f3571749a6798513e5613a9680d installed
enchant-1.6.0-14.mga7.i586 1501944162 33284 926f5b6188083dfb28c537873dffe8c8 installed
perl-File-Sync-0.110.0-22.mga7.i586 1506979143 13854 eb6aceb335492fb4b697b681e4fb782e installed
multiarch-utils-1.0.13-7.mga6.noarch 1455896961 12031 3cc0c1ce186edb678fe4b5fc716e0b53 installed
python3-setuptools-36.2.4-6.mga7.noarch 1506931547 1322120 b5c0baab1e39a17b81661f6c8327def6 installed
python3-pip-9.0.1-2.mga7.noarch 1501347836 9373485 3fcc885df78db794a07503bc4edd6ed6 installed
libpython3.6-3.6.2-4.mga7.i586 1514913926 2849864 7c6e37aa65b9f6152d758f518d861c78 installed
python2-pkg-resources-36.2.4-6.mga7.noarch 1506931547 924201 f31015f3ad5c48d77bce5a8336f789ac installed
python3-enchant-1.6.10-1.mga7.noarch 1505460982 443571 970642693b22d9dff04eaa2745b0dec0 installed
python3-six-1.10.0-3.mga7.noarch 1501763932 119471 96a02f326db8044d535ca7709b0bb47b installed
libgirepository1.0_1-1.54.1-1.mga7.i586 1506948468 252656 f6f658cde6d669c528669a8bfaf7ec79 installed
python3-iniparse-0.4-15.mga7.noarch 1501797718 146627 192802484d68fc12b96da5bf59c16e83 installed
python3-libcomps-0.1.8-3.mga7.i586 1501826455 129638 8b8d5e1c967c81664a6c1c167754b970 installed
libpython2.7-2.7.14-1.mga7.i586 1512514480 1875588 043ee9e424549f10bf4925362afa3dd2 installed
libstdc++-devel-7.3.0-0.rc.20180117.1.mga7.i586 1516233765 9961598 89a732c8f19bd4ff5475dc9d4adede72 installed
gcc-c++-7.3.0-0.rc.20180117.1.mga7.i586 1516233765 25368598 6de1e59d2a306a99deb1c63930f23361 installed
patch-2.7.5-2.mga6.i586 1455254521 256020 46edcc44a15dfb6b1e5dff62f4d8e46c installed
libext2fs2-1.43.6-1.mga7.i586 1504972879 481151 f365b13e931e19b2e97b21f5016a1306 installed
ethtool-1:4.13-1.mga7.i586 1512026841 332057 a93bec307eb3484a0dbbb81b58d901c5 installed
ipcalc-0.2.0-4.mga7.i586 1514664689 57623 2d4e932495bf26eea522976431d026a9 installed
libipt1-1.4.4-2.mga6.i586 1460584762 86889 1be75edef60f726e126c162292da24d9 installed
libpcre32_0-8.41-3.mga7.i586 1513263556 418000 07dd79361a4ad116b7cf0648f5c15ead installed
libip4tc0-1.6.1-3.mga7.i586 1514846432 31868 0251a79e7aa2a4dd113d7cb0af09f90b installed
libseccomp2-2.3.2-1.mga6.i586 1488782175 147160 8e2334400c412bd9e8ac7da8e067a9d0 installed
libdaemon0-0.14-10.mga6.i586 1455208965 27180 07bd81ca44ad3d41d70babc62b80dcd5 installed
traceroute-2.1.0-1.mga6.i586 1462555220 70867 d8b3d4e651a248cd0fecb9a7d4aa3c7b installed
iproute2-4.14.1-1.mga7.i586 1511705682 1918312 63d18742066cd918d891d11c5554524e installed
libgc1-7.4.2-8.mga6.i586 1496600896 214269 c5dc54263cc6fc62da31b3e61c8f3c4f installed
libguile2.0_22-2.0.14-2.mga7.i586 1514908336 1588008 5ed517e9973c1a38a7cb32f2b76d79bc installed
gettext-0.19.8.1-1.mga6.i586 1465844912 1576039 b1d738c9d070ed5a9a35cb73b37d4b76 installed
libnghttp2_14-1.25.0-1.mga7.i586 1504881073 166952 ac5e1079fd98b46c2d5448f3d99ddba9 installed
libgnutls30-3.6.1-3.mga7.i586 1509119292 1576844 5f0b8fd9b82fbc959c711b64686e6a38 installed
liblockdev1-1.0.4-0.120111007git.12.mga6.i586 1455235627 33075 4c91a8069d7016d4d84c19bfc328121a installed
libbrotlidec1-1.0.2-1.mga7.i586 1512738622 53068 d388269c317a9aac22d5bcc84501a50e installed
libkrb53-1.16-1.mga7.i586 1516303117 2175124 a603314b58509d22ba8cc67cb4afd302 installed
libldap2.4_2-2.4.45-3.mga7.i586 1501710380 800896 49a5cf017b084704af6ee05e9bb71f79 installed
libdbus1_3-1.10.16-1.mga6.i586 1487347327 380144 db66b9aa813f30b1f1cad0176e592fef installed
lockdev-1.0.4-0.120111007git.12.mga6.i586 1455235627 7236 7a5f87070e83e954ce1b235d5ae0f88e installed
