lib64drm_amdgpu1-2.4.90-2.mga7.x86_64 1519074052 40752 f4bf69154202eafc7d61af12356b5215 installed
lib64gpgme11-1.10.0-1.mga7.x86_64 1519659766 337824 04b08e6f493cf6413d581a9207bdb132 installed
dnf-conf-2.7.5-1.mga7.noarch 1508941590 37002 02e98483137daa005b95d776d0677fac installed
lib64dri-drivers-18.0.0-0.rc4.1.mga7.x86_64 1518160873 26523688 aeadeaa97362e4bfeeff16fddd665b8f installed
python3-hawkey-0.11.1-1.mga7.x86_64 1508939546 175811 1713dc51dbf245fae51065765ac28584 installed
python2-rpm-macros-3-5.mga7.noarch 1502797638 1495 af515d58ca8cf4d5cee44c10a2bfccc3 installed
lib64freeglut3-3.0.0-1.mga6.x86_64 1452190610 649922 30d943409e7dcceeec053f70bb07eb5b installed
python3-dnf-plugins-core-2.1.5-1.mga7.noarch 1508942412 179837 dadae30c5212c9375ccdbad0081d1f15 installed
kernel-userspace-headers-4.14.22-1.mga7.x86_64 1519571721 4364360 fbbc271edd467083a5e330acba7d7fdb installed
lib64drm-devel-2.4.90-2.mga7.x86_64 1519074052 503560 990ba6f0ae5fa35f5eda44c9583e0739 installed
passwd-0.79-6.mga6.x86_64 1455253903 395731 f4336b99eeb54b719bba079b8a6f537c installed
rootcerts-1:20180104.00-1.mga7.noarch 1516471053 2953667 47c235adbe4621637cb3f0eb9d8465ac installed
lib64gpg-error-devel-1.27-1.mga7.x86_64 1509489084 314500 8cf0bc47a7d152f711ff2c8c3eb19f02 installed
lib64sigc++2.0_0-2.10.0-1.mga6.x86_64 1474720461 81145 0500f98a5ae39bb306871ace10825cea installed
rust-srpm-macros-5-2.mga7.noarch 1515883584 1136 4140d23da5fdcc3543daccae129064b0 installed
lib64ts-devel-1.1-3.mga6.x86_64 1457144139 2401 770ddf9dd2f89a98d1e1f307ea3a3e83 installed
lib64voikko1-4.1.1-3.mga7.x86_64 1514903435 288521 6e2767316f4e57d72faedb97303847a3 installed
sash-3.8-6.mga6.x86_64 1455302300 996788 c18a24d8c9f8951a6c7fcf9c2a84e5eb installed
lib64qt5dbus5-5.9.4-1.mga7.x86_64 1519825368 565960 8c4c639df55bff0e5bca0b582535615e installed
rpmlint-1.10-2.mga7.noarch 1510496455 1092356 212919633866d89156853b2105edb8ee installed
setup-2.7.24-1.mga6.noarch 1472710689 702922 db4e26b38ea982361479a37bf17416f8 installed
lib64qt5gui5-5.9.4-1.mga7.x86_64 1519825368 7518429 1c31fd7daf99e7bb46e132b9a38c54e8 installed
gettext-0.19.8.1-2.mga7.x86_64 1519657178 1641965 41fe5b602f3ce8deeb8d91b5492ec4dc installed
lib64pcre1-8.41-3.mga7.x86_64 1513263578 468032 8dd5dd653be7b7aa4c7408f244f9ece8 installed
lib64qt5quick5-5.9.4-1.mga7.x86_64 1519899866 4542384 d9dc8517e15aefc3c4e5b270e928526a installed
basesystem-minimal-1:7-0.1.mga7.x86_64 1502718147 0 b9a2c7b5c934c182ce4bd681b8a73e6a installed
lib64bz2_1-1.0.6-11.mga7.x86_64 1515081866 70165 d76161a9dc86d1e9d952568efaef7083 installed
lib64qt5x11extras5-5.9.4-1.mga7.x86_64 1519896353 15648 2d5da5ade2a79884ae9dba516e56fd6b installed
lib64png16_16-2:1.6.34-1.mga7.x86_64 1509163107 384968 ddd54d9346d5bb2509c8a9b43896174a installed
lib64acl1-2.2.52-8.mga7.x86_64 1516888409 211415 5c71bf33b0491f07b9fbc9889ed8439a installed
lib64xcb-devel-1.12-2.mga6.x86_64 1467524268 2798315 b88ef0d0f46995cdb6b6de5d5a701f0b installed
lib64jpeg8-1:1.5.3-1.mga7.x86_64 1514318897 700337 8f81971d2cad0ff5c0d3b96aef3cbc99 installed
lib64gpg-error0-1.27-1.mga7.x86_64 1509489084 83440 607c29b7c519192dde5610695162b052 installed
lib64xdamage-devel-1.1.4-8.mga6.x86_64 1454942656 2563 20db1c28ab6333a79aa9536de83b23ba installed
lib64x11-xcb1-1.6.5-1.mga6.x86_64 1488391850 6848 d5b5d7ebb6c34b72c9fcaa243fc09cbb installed
lib64glib2.0_0-2.55.2-1.mga7.x86_64 1518038412 1536266 a4def827f3d0a51dc0a294c9dd109518 installed
lib64xkbcommon-devel-0.7.1-1.mga6.x86_64 1484850795 306416 226f763149e7b1753327b66b8fc6f20e installed
lib64mtdev1-1.1.5-5.mga6.x86_64 1454694758 23640 e4d7755faa343f405f1eb2d5b4b8d49c installed
lib64idn2_0-2.0.4-1.mga7.x86_64 1507729794 144319 f4d2fc48a6c2808a4772d3c3ffe0055f installed
lib64xcb-util-wm-devel-0.4.1-4.mga6.x86_64 1454459920 507617 4803511349dbc9fe9e4d585e271b22e3 installed
lib64boost_timer1.66.0-1.66.0-2.mga7.x86_64 1514554117 25410 796bc4e6a28c394c48ba96514656e4ae installed
lib64assuan0-2.4.3-1.mga6.x86_64 1470926306 78864 c574e1725e0cb38c4189d0109700aab5 installed
lib64datrie1-0.2.10-1.mga6.x86_64 1451796432 32760 fcaa2e0e7534895f087da71b914218d5 installed
perl-LWP-MediaTypes-6.20.0-7.mga6.noarch 1466305495 63469 3705f9515a8cbbf7c12fe176f60ac944 installed
file-5.32-1.mga7.x86_64 1508361504 5993468 09f38e2e5fbbc39f6abe9431f4232f1c installed
perl-libwww-perl-6.310.0-1.mga7.noarch 1513075674 604716 c030d96895df4227c43711743bc46a05 installed
lib64udev-devel-236-4.mga7.x86_64 1515525474 10923 88f068366b6d9a8ab674a9f7827e8bd0 installed
lib64nettle6-1:3.3-1.mga6.x86_64 1475498006 1003216 5758d37931b2ecb7a99f217beb29abe0 installed
perl-Unicode-Map-0.112.0-27.mga7.x86_64 1506996624 700405 41ebc01f7628628c70884d115bcd1907 installed
lib64openjp2_7-2.2.0-3.mga7.x86_64 1514481937 313104 5c1adab7df8c004ec273acb14c28e719 installed
which-2.21-3.mga6.x86_64 1455308603 50534 744d1c75d1640178f7fe94bc9c775fdc installed
perl-Jcode-2.70.0-18.mga7.x86_64 1506983164 212803 33b6b1c09f108c3cc0e3d06d22ea2109 installed
lib64icu-devel-1:59.1-5.mga7.x86_64 1514477185 4244794 809a6fa74b3fc9b42a78e780c9c1e174 installed
p11-kit-0.23.2-2.mga6.x86_64 1463186562 62480 ba7e0e93102dfaaaad6456c7d5070d7d installed
perl-Spreadsheet-ParseExcel-1:0.650.0-5.mga6.noarch 1466322277 544004 f7c13fb858f70a298a86af1b6f569345 installed
nss-2:3.35.0-1.mga7.x86_64 1516472528 17272974 19b1edc6fa3e88a91ade0fe48556b6cd installed
lib64attr1-2.4.48-1.mga7.x86_64 1516178326 19960 076be52ab49fbf9566eee5e582c92708 installed
perl-Test-Deep-1.127.0-1.mga7.noarch 1500761433 118419 813c09bcc5f1ae3f9378086c90b01fd1 installed
lib64ice-devel-1.0.9-5.mga6.x86_64 1488374619 267826 2f739fd9bc91dc07b6d49cfc9b32fb24 installed
lib64audit1-2.8.2-1.mga7.x86_64 1513726185 115675 a4b133347f7f6a39e4721f4aa984c3f0 installed
qtwayland5-5.9.4-1.mga7.x86_64 1519941755 1146191 be353d3920a2e47b56e1b0111c7ec0aa installed
lib64mtdev-devel-1.1.5-5.mga6.x86_64 1454694758 14734 aa9e1213251762390263e959e17f93ab installed
lib64procps6-3.3.12-1.mga6.x86_64 1471034217 99389 7163687c66559c87d52727fb39d5a01d installed
lib64pcre-devel-8.41-3.mga7.x86_64 1513263578 1283696 43089b002417b87f62a1d900a2bebceb installed
lib64fontconfig-devel-2.12.6-1.mga7.x86_64 1506663524 888735 93f4230dd593693da3efc62cc37b22a9 installed
perl-YAML-Tiny-1.700.0-1.mga7.noarch 1500762979 172401 296b2791ba7aa313b14a13175da711bd installed
lib64qt5core-devel-5.9.4-1.mga7.x86_64 1519825368 4067164 5744bfc81ecc30d7643030aab10ff602 installed
libxml2-utils-2.9.7-2.mga7.x86_64 1514395653 104236 79aeebd94a8531401ee1e79a72ff4ad7 installed
perl-Exporter-Tiny-1.0.0-1.mga7.noarch 1500650345 91285 6e4366c47c0bee0f9caa17ba3b664a85 installed
lib64harfbuzz-devel-1.7.4-1.mga7.x86_64 1514584285 1465749 f46b52f4636add457a932b4d00a35b18 installed
lib64hwloc5-1.11.7-1.mga6.x86_64 1493745774 258984 d878934916f6d5b5d0cc08666ce1cfea installed
lib64cryptsetup4-1.7.5-1.mga6.x86_64 1493634028 166720 dc4ce80d81baf2f5d92145831bcfd5a2 installed
lib64qt5eglfsdeviceintegration-devel-5.9.4-1.mga7.x86_64 1519825368 36967 e860503d4fc202cc04b6efe580892997 installed
lib64evdev2-1.5.7-1.mga6.x86_64 1494095075 105768 562aad8d2860b8bf36aeff2e139da0b8 installed
lib64babeltrace1-1.5.3-3.mga7.x86_64 1512031857 563091 8074cd96f4d92d6393c6be41873cd74d installed
libtool-2.4.6-6.mga7.x86_64 1505148014 842792 08d3044f4780c6dcf900fa0cfda595b2 installed
perl-Encode-Locale-1.50.0-3.mga6.noarch 1466294195 22191 c556869ce7f736a14b11b111974b7083 installed
dwz-0.12-2.mga6.x86_64 1455174740 225249 98b6fdf928f9a85196a3bd897b783894 installed
lib64rsvg2_2-2.42.0-1.mga7.x86_64 1515458430 1194299 9f5dd3359176b39ba88cc9fa3e67e79f installed
perl-HTML-Tree-1:5.70.0-2.mga7.noarch 1506981812 548768 743fbd3fc3cf71b33ae9646f9738d57d installed
perl-MDK-Common-1.2.34-1.mga7.noarch 1509151121 122580 9f908e4173dd08c0cb6e46776a96f82c installed
lib64gvc6-2.40.1-7.mga7.x86_64 1517933621 645880 95bdc06e27ecc35867c344cf2899e454 installed
lib64xext6-1:1.3.3-4.mga6.x86_64 1454941380 200671 b2347184adbf8deb1c3ea85ccd13df54 installed
unzip-6.0-19.mga7.x86_64 1518372991 954629 96d99d0f09abad8c035c9641a65340bc installed
ghostscript-common-9.22-3.mga7.x86_64 1518996234 18783821 b54b2d67bbb64f50c0defec5a72c8060 installed
lib64xcb-shm0-1.12-2.mga6.x86_64 1467524268 11176 1057d918dd57fc242e74cbd50a00216a installed
ipcalc-0.2.0-4.mga7.x86_64 1514664687 58479 bbe889e7405a88e3b02127c24af4f098 installed
perl-Digest-SHA1-2.130.0-23.mga7.x86_64 1506976909 49711 af11e4fd1db6a641e11ed1862a39dc96 installed
lib64xcb-xfixes0-1.12-2.mga6.x86_64 1467524268 31648 c8fabb9f71be4a625dc9f39d2f92fdfe installed
lib64pcre32_0-8.41-3.mga7.x86_64 1513263578 406512 66b76f7cdfd5851bea523b01aa06a8ad installed
lib64boost-python3_1.66.0-1.66.0-2.mga7.x86_64 1514554117 258490 c9abe4b5f89dd0ab3164fc341431ee2f installed
lib64xcb-glx0-1.12-2.mga6.x86_64 1467524268 101336 39f9d778f0a3c36c5c82c53f40cf07ff installed
lib64seccomp2-2.3.2-1.mga6.x86_64 1488782177 270760 54d425b8e310cc6c5024188f4320439e installed
lib64ncurses-devel-6.0-20171223.4.mga7.x86_64 1519724904 13056741 dbbf8611f7351abb3c77a5f29b011f97 installed
lib64xcb-util-renderutil0-0.3.9-4.mga6.x86_64 1454946702 38038 542999d4f5ebcd67658fc07cffb0d250 installed
traceroute-2.1.0-1.mga6.x86_64 1462555580 74099 e342987823b0e420831742e48510d352 installed
lib64synctex1-20170524-3.mga7.x86_64 1515509969 73872 044c59b7985da124f3d0dafd6b73db60 installed
lib64xcb-randr0-1.12-2.mga6.x86_64 1467524268 60576 281ae0021260b2de1f0bd3289cdd5fe3 installed
lib64tasn1_6-4.13-1.mga7.x86_64 1517174345 78064 88eb46fb9abe32df16164f73cfcb7f8d installed
lib64uv1-1.19.1-1.mga7.x86_64 1516639348 197554 41c8e146954192a63efa22cde673a6dd installed
lib64xcb-util-keysyms1-0.4.0-3.mga6.x86_64 1454921969 11136 bfde06e848d8a54326ceb7a795bf768a installed
lib64brotlicommon1-1.0.2-1.mga7.x86_64 1512738609 131036 e5c53cb38329866bbf0df8c8f97d3961 installed
lib64boost_stacktrace1.66.0-1.66.0-2.mga7.x86_64 1514554117 76906 758758883c89df8d7ec889e4898daf6f installed
libquadmath-devel-7.3.0-3.mga7.x86_64 1519122257 2187095 edad2ca38688f1e98d5a2b584bab20cd installed
lib64npth0-1.5-1.mga6.x86_64 1497360148 42509 b39609b948f03386b1d1816386f245bb installed
lib64boost_iostreams1.66.0-1.66.0-2.mga7.x86_64 1514554117 120466 0e15a68c4fed447d7d23a3925b6791b3 installed
urw-fonts-2.4-7.mga6.noarch 1454922816 4595417 44947a3d1758d4617f69e0ded3c8dc33 installed
libgcc1-7.3.0-3.mga7.x86_64 1519122257 320872 24eb1e3e50204127f39631ece13bedfe installed
cmake-1:3.11.0-0.rc2.2.mga7.x86_64 1519772048 26125417 68ee710e3e3a5ba851b501aa85e699ba installed
lib64tiff5-4.0.9-2.git20180127.1.mga7.x86_64 1517320270 509800 0a4fc8098c3a8d4a1e898ff4ac3b0b68 installed
shadow-utils-2:4.4-2.mga7.x86_64 1513866833 3626198 177a3d1f5a93cc35d9eadb7ea77f6886 installed
lib64qt5svg-devel-5.9.4-1.mga7.x86_64 1519895026 81254 65588f9347f29505720e2197531bef06 installed
lib64boost_python1.66.0-1.66.0-2.mga7.x86_64 1514554117 523858 d19ea9214ac8bdacf4b2e065d299c0a9 installed
gawk-4.2.1-1.mga7.x86_64 1519655504 2400909 9698816099b64ea942fd97ed7ea1c0a2 installed
lib64xcomposite-devel-0.4.4-8.mga6.x86_64 1454592389 8517 f4de73333de52ae2a59af97220eb4f1e installed
lib64boost_coroutine1.66.0-1.66.0-2.mga7.x86_64 1514554117 70626 29a6041ac64ba90f45952219b9fcb6df installed
mageia-repos-cauldron-7-0.0.1.mga6.x86_64 1500235173 37746 ecbdd9905e74fbc8fe308b9db65d28ee installed
lib64magic-devel-5.32-1.mga7.x86_64 1508361504 28370 9bd2cae5d149ad4d7036fd81877db10d installed
lib64gd3-2.2.5-2.mga7.x86_64 1515170080 416764 32abc55de4406722781963fc2171345e installed
e2fsprogs-1.43.6-1.mga7.x86_64 1504972815 4442955 4038ce9a30c1cf311d1540f81c65307d installed
lib64magick-7Q16HDRI_5-7.0.7.24-1.mga7.x86_64 1519722417 4018200 630ef6cb8c373cac6583be5a35983a44 installed
lib64xtst6-1.2.3-1.mga6.x86_64 1475692320 23904 54492e427b49ac0bbeafd5302c74cf41 installed
crypto-policies-20170606-2.mga7.noarch 1503748540 41853 fcd289d6ca12713916c7ea20e7e79e18 installed
libgfortran4-7.3.0-3.mga7.x86_64 1519122257 3781002 52d043d9e8cd5271c251d76fb234f990 installed
lib64xcb-record0-1.12-2.mga6.x86_64 1467524268 19400 2d40511b2dd4784f7bcefe1c06be3236 installed
lib64archive13-3.3.2-3.mga7.x86_64 1504817719 772808 d20171d8e476e7cc65402700fa62302f installed
lib64magick-devel-7.0.7.24-1.mga7.x86_64 1519722417 802777 968aa69cca4ba63dd82c97119efffb5d installed
lib64xcb-xtest0-1.12-2.mga6.x86_64 1467524268 11160 74139b064b09eb9ea5bb3ac2cb115f1a installed
less-530-1.mga7.x86_64 1518984759 574445 d86f2c8d40c2220720944d7e41df256b installed
lib64xau-devel-1.0.8-7.mga6.x86_64 1455233243 6843 e096aad5cdbb5f5f19ce1544a38cac97 installed
lib64guile2.0_22-2.0.14-2.mga7.x86_64 1514908096 1582616 bfc0678c75f88876762edc64c702159f installed
lib64graphite2-devel-1.3.10-1.mga6.x86_64 1495520500 48710 b57a70542309b93551bcf3494b263449 installed
lib64rpmsign8-1:4.14.1-3.mga7.x86_64 1516487941 19912 4eca6cded3778ba136eef78e314e6a2e installed
lib64sm-devel-1.2.2-6.mga6.x86_64 1455214956 230753 653dddfa04d54ec69dfd3ce3202cba24 installed
krb5-1.16-2.mga7.x86_64 1519490093 229870 df53f1e0448bc796305b3054c53ae613 installed
lib64hwloc-devel-1.11.7-1.mga6.x86_64 1493745774 468609 247f55dd5a5334655b31ad3069435480 installed
libutempter-1.1.6-5.mga6.x86_64 1455215518 39893 21c29c359d56ff79b975cb67aab26837 installed
lib64boost_graph1.66.0-1.66.0-2.mga7.x86_64 1514554117 344082 53d27f51ab4417573a7f93b46498c949 installed
lib64curl4-1:7.58.0-1.mga7.x86_64 1516792985 528544 270ac4cbb5b4988a8b93948cfefe85ad installed
lib64boost_prg_exec_monitor1.66.0-1.66.0-2.mga7.x86_64 1514554117 67826 1fb2804b928058712fa1191c949046b9 installed
time-1.7-45.mga6.x86_64 1455305815 22414 f7115f3406ca61ec1b0a63c5e3bc6692 installed
lib64boost_locale1.66.0-1.66.0-2.mga7.x86_64 1514554117 946522 f849d4a4f9356b54233aee78e01177ef installed
m4-1.4.18-1.mga6.x86_64 1483272404 293307 4695c9954f4849a07497c819f5d39bc0 installed
lib64jasper1-1.900.23-5.mga6.x86_64 1492606784 350792 9362d8db4bfc0f85b564f476d2f77600 installed
iputils-20161105-2.mga6.x86_64 1480335214 323382 53be525563c805ca3947d6935b59fa76 installed
lib64boost_random1.66.0-1.66.0-2.mga7.x86_64 1514554117 29402 bcb07a14c0a51fbf514892f1d3b1d3cd installed
lib64secret1_0-0.18.5-2.mga6.x86_64 1497173859 336248 1d434189d1655503ca0bf257234553be installed
perl-SGMLSpm-1:1.03ii-2.mga7.noarch 1506992403 389855 3d9f43dd812ef40d39eeb206e383ad05 installed
vim-minimal-8.0.1451-2.mga7.x86_64 1517501693 886602 d18e7fca5fc4c81e56a5158d82053df8 installed
lib64nl3_200-3.4.0-2.mga7.x86_64 1513073932 139128 9921a463b62925e61cc45a512a53b2fb installed
lib64icu59-1:59.1-5.mga7.x86_64 1514477185 4607600 ace9ed9d4ddd9b6eba25e45d9f45d89f installed
lib64openmpi40-3.0.0-1.mga7.x86_64 1507392608 6847848 777742a9832b26351edc0d4bf1bcfc3a installed
python3-pkg-resources-38.5.1-1.mga7.noarch 1519070082 843517 d0e242c345a860bc070681094aa1f08a installed
lib64nl-idiag3_200-3.4.0-2.mga7.x86_64 1513073932 37744 f07da4764a903a70e72369155d66f4eb installed
lib64girepository1.0_1-1.55.2-1.mga7.x86_64 1519323312 217064 1701a5eb1946246251076da034865b4e installed
lib64rdmacm-devel-1.0.15-9.mga6.x86_64 1454940441 87557 6e624300372c4169be8af013fa61eb73 installed
isl-0.16.1-1.mga6.x86_64 1453661691 16646 230e57f36d6703f4a7652e76c6f77070 installed
lib64edit0-0:3.1-0.20150325.2.mga6.x86_64 1455209022 209146 902ddffe8357e7cb192b26ed87df5f47 installed
gcc-c++-7.3.0-3.mga7.x86_64 1519122257 25008702 f64db56b78ed682efe3fb2fccf5e7d1b installed
libinput-udev-1.10.0-1.mga7.x86_64 1518511524 30767 fcecd9453032c2d1d9c2902687a79f7e installed
python-2.7.14-1.mga7.x86_64 1512514289 273357 236e33921e046b12e4b413e498ee47e9 installed
perl-HTTP-Cookies-6.40.0-2.mga7.noarch 1506981898 116985 2a99ad22f4eee16a493cf45d51d10051 installed
dbus-1.10.16-1.mga6.x86_64 1487347310 520614 804a0d8d0bd9426cfe23f0880e093ccb installed
perl-Parse-RecDescent-1.967.15-1.mga7.noarch 1500760392 432569 603dd4a3bde229b8e5145f456913f22e installed
rpm-helper-0.24.17-4.mga6.noarch 1455897261 42353 55e8ce673ce10a1585e768e0f94b2960 installed
mkfontdir-1.0.7-8.mga6.noarch 1455933457 65 d938b043e9f1c85433180c3b5ee00a42 installed
resolvconf-1.79-1.mga6.noarch 1464209425 69744 25253ceda5f48e51af4761bf85342de7 installed
lib64xt6-1.1.5-2.mga6.x86_64 1455234118 425672 ffc7441d0cf61c76d4faf4787a580f26 installed
dmsetup-1.02.137-3.mga7.x86_64 1514666474 267990 3ffa62aac0dfb3de67931f4571636531 installed
lib64drm2-2.4.90-2.mga7.x86_64 1519074052 71088 8b3d0fbfedc87306469efed0ff2ed2fa installed
python3-rpm-generators-4.13.0.1-2.6.mga7.noarch 1502063982 65745 3d0b5758fa8ce5d048e64eb02db290cc installed
gpg-pubkey-80420f66-4d4fe123 1297080611 0 (none) installed
gnupg2-2.1.22-3.mga7.x86_64 1519656739 10929180 ecf5fb86d57c5e6da400eac444296795 installed
libsecret-i18n-0.18.5-2.mga6.noarch 1497173869 76954 0a18a627e5ca592a5604ba9d56a7b574 installed
lib64repo0-1.8.1-1.mga7.x86_64 1518286640 173192 d1f98a692e06623ae8adaa4d4f22e0ec installed
rpm-mageia-setup-2.26-1.mga7.x86_64 1516870967 7550 6ed776c220da0e30bc61cbe11d7b8355 installed
lib64dnf1-0.11.1-1.mga7.x86_64 1508939546 312089 74fc5af1402c32355f8ff007ca5b6672 installed
python3-rpm-macros-3-5.mga7.noarch 1502797638 1509 415cf583725fc4b0ef89a19f2bed276a installed
python3-gpg-1.10.0-1.mga7.x86_64 1519659766 1271475 fb7f634f6306a827ee75507cf1175978 installed
hawkey-man-0.11.1-1.mga7.noarch 1508939546 14996 935e6ceab6c7723566594cbd497c0695 installed
dnf-2.7.5-1.mga7.noarch 1508941590 1388586 2de15a0b277cc5f5c063af1bbd98f705 installed
publicsuffix-list-dafsa-20180111-1.mga7.noarch 1516472428 54580 78f2e86097c76d8a8176784d39abaf80 installed
dnf-plugins-core-2.1.5-1.mga7.noarch 1508942412 238914 a5657b137c5a4e78a4a2693b5567c8c0 installed
mageia-repos-pkgprefs-7-0.0.1.mga6.noarch 1500235408 0 f37eb5898948e055f1f0e9e80f82b4ab installed
gdb-headless-8.1-2.mga7.x86_64 1517996829 7616606 c6868784875e5493df404549c456c716 installed
libgpg-error-common-1.27-1.mga7.noarch 1509489084 422805 66ded465ccfdb4d97dd341fe193b062f installed
rpm-plugin-systemd-inhibit-1:4.14.1-3.mga7.x86_64 1516487941 12180 1dedab664abf4aec8106d75ca6b2fae8 installed
guile-runtime-2.0.14-2.mga7.x86_64 1514908096 9408506 a2d9e8229e2af66d34574ba73bb3c4dc installed
lib64hunspell1.6_0-1.6.2-2.mga7.x86_64 1513695971 465760 8916f4328fd400e70934ca43e8fef9d8 installed
dash-static-0.5.9-2.mga7.x86_64 1504379672 132963 fbc73310aa121964bf2bb247f394c8e4 installed
lib64glibmm2.4_1-2.52.1-1.mga7.x86_64 1513618276 2470021 920d4aeb895e53adbae402e0cd63f8eb installed
python-srpm-macros-3-5.mga7.noarch 1502797638 621 87343683ca6ab6e94e7b1232d8f88160 installed
lib64hfstospell10-0.4.5-1.mga7.x86_64 1514582568 248688 2c01b437838cf897bf66c7723e9361aa installed
cmake-rpm-macros-1:3.11.0-0.rc2.2.mga7.x86_64 1519772048 4534 c7763bb7a4e1119e375294fdc980cc6c installed
enchant-1.6.0-14.mga7.x86_64 1501944165 34932 138af6fc54b0da10ad98c295ae65139a installed
rootfiles-11.0-14.mga6.noarch 1455897202 14813 d308f7699a1f3454de2d1b5371095355 installed
python3-enchant-1.6.10-1.mga7.noarch 1505460982 443571 970642693b22d9dff04eaa2745b0dec0 installed
run-parts-1:4.4-7.mga6.x86_64 1455301833 93729 a8d8c564e895e3049e0aee4d6b372cba installed
rpmlint-mageia-policy-0.2.29-3.mga7.noarch 1501191269 11898 2b103f51afa363e7b0f6b85c568d5e77 installed
filesystem-2.1.9-28.mga6.x86_64 1455178462 0 45b49454b231e86ab72c4fa32b62dc84 installed
libgomp1-7.3.0-3.mga7.x86_64 1519122257 397764 8fcdafbe9b0c011c9b53546709860eba installed
glibc-6:2.22-28.mga7.x86_64 1519687613 27402951 3938113963f51c63a92106a124a49342 installed
spec-helper-0.31.11-1.mga6.noarch 1452376089 32435 2b14d3f147f0951754a0275a05968565 installed
lib64zlib1-1.2.11-5.mga7.x86_64 1518199652 124459 427493373594a0ab8742e0247a01fa5e installed
rpm-build-1:4.14.1-3.mga7.x86_64 1516487941 275762 d8d353ff825c08198146888b8fff181c installed
lib64lzma5-5.2.3-2.mga7.x86_64 1504715941 238006 222cbd13b43f8f0078d64e8a6c11231a installed
lib64zlib-devel-1.2.11-5.mga7.x86_64 1518199652 712960 bad9cc6708f2a9ca591b9d619df69174 installed
lib64popt0-1:1.16-13.mga6.x86_64 1456060419 54457 e1101a4814f951cbc5c337e52f7e59f5 installed
x11-proto-devel-2018.3-3.mga7.noarch 1519232191 2187113 34aa0869cf22ae70b3ddb6e6e6efdb1c installed
lib64gmp10-6.1.2-2.mga7.x86_64 1516266597 535367 ce65554e2fb7fadb7e7490d9ea3f77fa installed
lib64freetype6-2.8.1-2.mga7.x86_64 1518861772 674960 bae994028c6f6efc3726853f9015868e installed
lib64elfutils1-0.170-1.mga7.x86_64 1505978332 840431 46e796c124953f53024a68c80381d818 installed
fontconfig-2.12.6-1.mga7.x86_64 1506663524 359010 a2a22d1d6e3f8633ab00dbd67dad5495 installed
lib64cap2-2.25-1.mga6.x86_64 1460387733 71216 0b8534a73aeabf685c76a1bac063adec installed
lib64boost_chrono1.66.0-1.66.0-2.mga7.x86_64 1514554117 33386 b54fc3976fe19ee4361be376da341aa8 installed
lib64uuid1-2.30.1-2.mga7.x86_64 1505645837 20152 a1850709e9ae1e872e33d649d8023325 installed
lib64boost_thread1.66.0-1.66.0-2.mga7.x86_64 1514554117 174114 f09d9e61bebca6436ae3256ccd696c7b installed
lib64ffi6-3.2.1-5.mga6.x86_64 1455209060 53623 193f7267b19db640409187a51e0026e0 installed
perl-HTTP-Date-6.20.0-7.mga6.noarch 1466301331 20799 6d117b6b698fba9a8436851d153fa314 installed
lib64unistring2-0.9.8-1.mga7.x86_64 1515251331 1620699 6abb89320ea625622ac5d7d40326cb10 installed
lib64wayland-client0-1.14.0-2.mga7.x86_64 1514506555 62640 c74b1041ee0cd6eb48ecd35868dcee59 installed
lib64db5.3-5.3.28-14.mga7.x86_64 1515161363 2333798 cffc1c98db18cefcd02bcbe3aa3f7b1d installed
lib64xshmfence1-1.2-2.mga6.x86_64 1455234541 11096 f5685f4cc2d268465f27edfdac343fb8 installed
lib64mpfr6-0:4.0.1-1.mga7.x86_64 1519027519 505504 8404531cb5b773246b4513660c1bc9ca installed
lib64lcms2_2-2.8-2.mga6.x86_64 1471357642 377800 9562837c7894dc2b0d600f42b0f78515 installed
lib64mpc3-1.1.0-1.mga7.x86_64 1519031550 115726 d118dcf72b5395709ea3aa4a0cce9027 installed
lib64boost_filesystem1.66.0-1.66.0-2.mga7.x86_64 1514554117 96234 483ae2b6bf90981f13d1ab822ff0ba1a installed
xz-5.2.3-2.mga7.x86_64 1504715941 506967 a5cb6d0ae322e0ecf5e082a975d3c4ca installed
lib64gudev1.0_0-232-1.mga7.x86_64 1505418640 40944 5d821cb8dfe03ed99c31fb4381ae89f2 installed
lib64magic1-5.32-1.mga7.x86_64 1508361504 149880 ce7004ce05fccc2529ccf48f1dc9377f installed
lib64bsd0-0.8.3-1.mga6.x86_64 1462891016 82592 d35b9fb3697d7f6098ea828b78193220 installed
lib64udev1-236-4.mga7.x86_64 1515525474 124032 b9e2fa614250a45a8c7292b88c353172 installed
lib64sm6-1.2.2-6.mga6.x86_64 1455214956 31840 2249e546830ffdc62c53894fac244edc installed
lib64sigsegv2-2.10-7.mga6.x86_64 1455214956 68787 f7bcb407d23e09f9fff70d01b1c81c1f installed
lib64expat-devel-2.2.5-1.mga7.x86_64 1509563979 176366 34137b8878d9e4905ac832ff2eb76937 installed
lib64gdbm4-1.14-1.mga7.x86_64 1516548967 90764 42c8d1283e72d5903df819c6a5fcc4f2 installed
lib64webp7-0.6.0-1.mga7.x86_64 1500300476 461538 6afbbff5f92833ac1ab192aed748191a installed
lib64tcb0-1.1-7.mga6.x86_64 1455304952 25160 3a33ecf358decda0ce4d75a815343093 installed
lib64paper1-1.1.24-7.mga6.x86_64 1454712568 16768 2b1f0bf03c877e06d3ac71c36e3ba80d installed
gettext-base-0.19.8.1-2.mga7.x86_64 1519657178 3429445 0ea2a50aefe17178f41731a298664ab5 installed
lib64xml2-devel-2.9.7-2.mga7.x86_64 1514395653 9966126 2ee55cc2ef66385c03370a78ddc27f45 installed
lib64p11-kit0-0.23.2-2.mga6.x86_64 1463186562 422254 5e5097ce2f8d213c38c02914bb9d0fee installed
lib64bz2-devel-1.0.6-11.mga7.x86_64 1515081866 376532 cb4873166867c89abcaa04d087ac1d59 installed
kmod-24-2.mga6.x86_64 1495518618 196553 42a2af9eed0855c4502a39a0c0d75741 installed
lib64boost_date_time1.66.0-1.66.0-2.mga7.x86_64 1514554117 70570 ecddaf36de991c820bbb96a408391315 installed
hostname-3.18-1.mga6.x86_64 1470925066 37619 9d85525953b414224933f7ad6bd610fe installed
lib64nss3-2:3.35.0-1.mga7.x86_64 1516472528 3376016 cdc0bd584eb02708547171291636b5a2 installed
coreutils-8.28-1.mga7.x86_64 1505152406 14438756 941ad53c2f154c4b4a845942f8aa8c76 installed
lib64bsd-devel-0.8.3-1.mga6.x86_64 1462891016 359313 8faabfec602791259b9f980073fd11e9 installed
lib64cap-ng0-0.7.8-2.mga7.x86_64 1501938029 50470 baff33d56fba6c20c9a97a0d9472da92 installed
lib64pciaccess-devel-0.14-1.mga7.x86_64 1509780979 15686 f9518b858071a5a35d76feac9735c78b installed
lib64pam0-1.3.0-6.mga7.x86_64 1504615160 714288 293746bf7804485ae272725ca4e34fda installed
lib64xshmfence-devel-1.2-2.mga6.x86_64 1455234541 1937 717719c7a410f85c40f5204604b5ceac installed
lib64systemd0-236-4.mga7.x86_64 1515525474 524544 f032fc5fc61ba0382cc749cc9323b6b6 installed
lib64wayland-cursor0-1.14.0-2.mga7.x86_64 1514506555 32296 8e35a086bf75c3ed3609b28bd9cfc1fc installed
lib64pam_userpass1-1.0.2-13.mga7.x86_64 1504202208 15371 057512d30bb082bf04c43a61aaa9a2e7 installed
lib64freetype6-devel-2.8.1-2.mga7.x86_64 1518861772 5293570 3d34a3887dada765c5552936f1082f17 installed
cracklib-dicts-2.9.6-5.mga6.x86_64 1481570481 9994892 0e53ab3d9db2591fd64741b3987e95e0 installed
fribidi-0.19.7-3.mga6.x86_64 1455179014 107703 ea2a872dfa1dcf5c704b037386cea47d installed
nikto-2.1.5-9.mga6.noarch 1454893526 2066530 6abb058ba24b5da3a05fff5e1b9b5922 installed
lib64osp5-1.5.2-17.mga7.x86_64 1504819758 1917384 8ceeeb2b3ad0f1ac703d21e3d35708e4 installed
perl-File-Slurp-9999.190.0-8.mga6.noarch 1466296652 49678 42e71e36674d265d5226ec06fc832615 installed
sgml-common-0.6.3-25.mga7.noarch 1504819395 144477 eed7e1885d5f4945566841d8af4324ef installed
perl-List-MoreUtils-0.428.0-1.mga7.noarch 1513075712 110554 fa6bac10302116e28c45cfcb8bc98c0e installed
lib64numa1-2.0.11-2.mga6.x86_64 1461679350 46056 d1d9adee6b6434330fab66175afbabb1 installed
lib64hogweed4-1:3.3-1.mga6.x86_64 1475498006 834680 987bb8bb7d414bb2c5dc22df9689aa6e installed
lib64uuid-devel-2.30.1-2.mga7.x86_64 1505645837 117120 f1ad6a7eb3c4628b4b1c94283d1061e4 installed
lib64devmapper-event1.02-1.02.137-3.mga7.x86_64 1514666474 24056 111ed555932436518ca69d3d0cb5a40b installed
perl-Sub-Uplevel-0.280.0-1.mga7.noarch 1500761063 57598 9e8746134fb0799e7b5222df16fb4a56 installed
lib64psl5-0.19.1-1.mga7.x86_64 1510404463 56648 a3ff68b9e3eb1f925132fecb99d61754 installed
lib64graphite2_3-1.3.10-1.mga6.x86_64 1495520500 184624 929c2ad9ed22e37535e6136261ecba2e installed
lib64croco0.6_3-0.6.12-2.mga6.x86_64 1492961795 577875 14a4a369a5078b106b31e19d9b782636 installed
lib64avahi-common3-0.7-1.mga7.x86_64 1508051805 53816 9c42f2b9e21535905bf529379a128ac9 installed
lib64ksba8-1.3.5-1.mga6.x86_64 1471867840 232304 60b6d0ec33be3c2039b318786d9c3faf installed
perl-OLE-Storage_Lite-0.190.0-7.mga6.noarch 1466314426 88594 d61ed86b0f04df0731c7b60605407384 installed
lib64kmod2-24-2.mga6.x86_64 1495518618 91680 9543075d50a5d919433e3eb3b6c6fd7b installed
perl-HTML-Parser-3.720.0-5.mga7.x86_64 1506981610 228731 f97e9abdf50139b33da94728005951c1 installed
perl-File-Sync-0.110.0-22.mga7.x86_64 1506979134 18634 7bf1194e5fab1e247316ff2e248c0472 installed
lib64xau6-1.0.8-7.mga6.x86_64 1455233243 15424 123d054063ec80fde968fc5142acd250 installed
multiarch-utils-1.0.13-7.mga6.noarch 1455896961 12031 3cc0c1ce186edb678fe4b5fc716e0b53 installed
lib64x11_6-1.6.5-1.mga6.x86_64 1488391850 1314744 08994ac5c759b3212a29bd893a6517ca installed
patch-2.7.5-2.mga6.x86_64 1455254537 232560 fc8fa6e11ec7b200bde2b359156c1271 installed
lib64xcb-sync1-1.12-2.mga6.x86_64 1467524268 27648 90e208b2c580011164a87de96cf5a4d2 installed
lib64fuse2-2.9.7-3.mga7.x86_64 1507356443 288890 ba41c91371b56d98c26a542c3f1cd8c8 installed
lib64xcb-render0-1.12-2.mga6.x86_64 1467524268 52376 3a02fd465d0efb689524737eb419c706 installed
ifmetric-0.3-17.mga6.x86_64 1455503911 16448 e979cd8efa3ae96ede6b157433f79a31 installed
lib64xcb-dri2_0-1.12-2.mga6.x86_64 1467524268 19384 3dc09d212203d026c69b43498427d53a installed
lib64smartcols1-2.30.1-2.mga7.x86_64 1505645837 185328 7a07a21832fbfb67b7fe7e4bced85bb0 installed
lib64xcb-present0-1.12-2.mga6.x86_64 1467524268 11176 c848cd7455b1f60f8ce2891e1e02d5df installed
lib64pcre16_0-8.41-3.mga7.x86_64 1513263578 426968 2db3623137352da581b94629fb035c74 installed
lib64xxf86vm1-1.1.4-2.mga6.x86_64 1455234436 23608 6c85c8fa156beb9b04a10c9cf2fad06b installed
pcre-8.41-3.mga7.x86_64 1513263578 240175 6f5f1a8411e8efe91cffc6d5b94efd02 installed
lib64xrender1-0.9.10-1.mga6.x86_64 1475692200 40432 a8c548991d30966c7d89df0d328012b1 installed
lib64qrencode4-4.0.0-1.mga7.x86_64 1507398084 649360 fcf886896298ff85064691d200e7b883 installed
lib64xcb-xkb1-1.12-2.mga6.x86_64 1467524268 114104 49d9fc2de1e4d58922d808a9fa9e1f87 installed
nss-myhostname-236-4.mga7.x86_64 1515525474 807832 f93bd977a12fb615b26aaaca0291753b installed
lib64xft2-2.3.2-4.mga6.x86_64 1454603487 91232 5a6ef687e5a0a2b7885c15f7b30ad64b installed
ifplugd-0.28-20.mga6.x86_64 1455504116 114560 0853a7561355f4d848a3e83ae7570c4f installed
lib64xcomposite1-0.4.4-8.mga6.x86_64 1454592389 11120 55e4d1762bfa9c4304657b8f5812af8c installed
lib64atomic_ops1-7.6.2-1.mga7.x86_64 1515217929 6904 ace678c62d7843b1087d5e9604bd4277 installed
lib64nghttp2_14-1.25.0-1.mga7.x86_64 1504881070 159028 0fb6b9c85f7d22071c6ccf2c7ef69853 installed
lib64gnutls30-3.6.1-3.mga7.x86_64 1509119225 1417336 8be158aee4c86e37907339312a308f89 installed
lib64lockdev1-1.0.4-0.120111007git.12.mga6.x86_64 1455235590 29727 e89ab7fb01128f798fb70d2086235765 installed
lib64brotlidec1-1.0.2-1.mga7.x86_64 1512738609 49620 89fb93dd2bda381a509843223a5d3edb installed
lib64sasl2_3-2.1.26-15.mga7.x86_64 1517753051 125280 52e60e9e42ab216509842dac5b8f7e9b installed
lsb-release-2.0-53.mga7.noarch 1500236526 19261 2b597d45c9b96a401fcd6db89930b98c installed
libstdc++6-7.3.0-3.mga7.x86_64 1519122257 3139668 1c9044299d5177f5624964b8e2f89ef9 installed
lib64ncurses6-6.0-20171223.4.mga7.x86_64 1519724904 655032 6fbd1ec53401a7b35363c07014d78fce installed
sed-4.4-1.mga7.x86_64 1508034718 978495 8f53b4538f2469f0176df41ef93901f2 installed
lib64blkid1-2.30.1-2.mga7.x86_64 1505645837 290856 6de152caae4cfd8956ae63570054f9ef installed
lib64readline7-7.0-1.mga7.x86_64 1508422595 355512 d9c3c6cf27b1db112c5d4543a9b96a05 installed
findutils-4.6.0-1.mga6.x86_64 1451426987 1682205 af9979ee197ced62509b3d3d69c14636 installed
mageia-release-Default-7-0.4.mga7.x86_64 1515337584 819 65d2e3a3c13e9485997afb42c0608ab6 installed
mageia-repos-7-0.0.1.mga6.x86_64 1500235173 38571 e265fca52471f9cdd80644ec6f8e6cd0 installed
lib64ext2fs2-1.43.6-1.mga7.x86_64 1504972815 430823 46020c92c0e062f3a0c87ca9bca94ca2 installed
lib64mount1-2.30.1-2.mga7.x86_64 1505645837 328504 7c504bd6de5aa9b573b480af75b16f72 installed
libuser-0.62-12.mga7.x86_64 1515510938 1675098 c2c6fe887ca18a571f7dfb2f2f3d9be6 installed
lib64openssl1.1-1.1.0g-3.mga7.x86_64 1519962961 3419027 49a4af7ae9fb8c9564c02272a9041a57 installed
lib64rpmbuild8-1:4.14.1-3.mga7.x86_64 1516487941 172472 104d4c7b6a07d564765a1c3065d4e7b5 installed
kbd-2.0.4-1.mga7.x86_64 1516545533 3338642 283e29bf32b45a2ae93533ff3d45e93e installed
binutils-1:2.29.1-8.mga7.x86_64 1516267714 27092550 88b33e355c4fb4bbc38162027c4655db installed
gzip-1.9-2.mga7.x86_64 1515695801 265252 d14f2cae01bbd724ff4269d9ced25b87 installed
lib64gc1-7.4.2-8.mga6.x86_64 1496600903 204901 9de5e7bd7af147f6fa3639a0f656c9c7 installed
libsolv-tools-0.6.32-1.mga7.x86_64 1519130805 325239 7faaa0b73cc939de584d5dd8e02cf990 installed
rpm-plugin-syslog-1:4.14.1-3.mga7.x86_64 1516487941 11304 ce81e583a91bced11ea5a07600495b4f installed
deltarpm-3.6.1-6.mga7.x86_64 1504204393 841532 78abdac72f78eb945758584725f74321 installed
cpio-2.12-3.mga6.x86_64 1458058612 909720 dd1b933f25ec685464835e967fcfb499 installed
lib64krb53-1.16-2.mga7.x86_64 1519490093 2127536 47a674e0190ca9d37b327d856015b04a installed
lib64fdisk1-2.30.1-2.mga7.x86_64 1505645837 384424 4761b6599719a1888eed322006944694 installed
makedev-4.4-21.mga6.noarch 1455897082 285810 3166dff6169a210b4c2ec1685fc6daba installed
lib64ldap2.4_2-2.4.45-3.mga7.x86_64 1501710364 746880 3a00240ec0d8856547d4a3fb9664a2c9 installed
libtool-base-2.4.6-6.mga7.x86_64 1505148014 1929518 3f0ec4897f284f2d343912e015c85482 installed
logrotate-3.12.2-1.mga6.x86_64 1495518817 123127 c006df14190b7696fddf8d3a71fbf950 installed
timezone-6:2017b-1.mga6.x86_64 1490470548 1344702 7c86443e3e0a8c3a5d79e6584702c85f installed
diffutils-3.6-1.mga7.x86_64 1504104894 1299541 739aa3b578be7f489d27d21fbd635c87 installed
autoconf-1:2.69-9.mga7.noarch 1504534326 2211216 b4920951dd3dbd18137ca445d7701217 installed
lib64idn11-1.33-3.mga7.x86_64 1507120831 252044 a45b7579a4e894f2a16888cbcc927a51 installed
iproute2-4.14.1-1.mga7.x86_64 1511705858 1773628 d6d988d4dc03a108447f0b0b92a69378 installed
lib64gio2.0_0-2.55.2-1.mga7.x86_64 1518038412 1766712 56dba73647c33ddc6f2faea9dd2e1018 installed
libsecret-tools-0.18.5-2.mga6.x86_64 1497173859 21744 0cb6789af5d7f7be0e87214c6353d7e1 installed
desktop-file-utils-0.23-2.mga6.x86_64 1471486494 328020 9676a035e4a8dbcb96dcbafdd3027b2d installed
ncurses-6.0-20171223.4.mga7.x86_64 1519724904 483770 356143e5078081e846ab6e76cd795760 installed
groff-for-man-1.22.3-1.mga6.x86_64 1448985700 2712980 13b9c014c20f68dbc7d239aaba2bbcf7 installed
lib64sqlite3_0-3.21.0-2.mga7.x86_64 1514553896 1029192 782ae987959358d8d47f679a33e2c628 installed
python3-setuptools-38.5.1-1.mga7.noarch 1519070082 1468873 228ec17dc32d5d886bb97f9bf7a6dd61 installed
python3-3.6.2-6.mga7.x86_64 1519346838 17000 b4d5e26f861433676bf2c9a045563b16 installed
lib64python3.6-stdlib-3.6.2-6.mga7.x86_64 1519346838 30230336 bac9e3c492050b64a0b52e797fdd37c4 installed
gobject-introspection-1.55.2-1.mga7.x86_64 1519323312 2005016 e2214029853b57b4de766433c28bd806 installed
python3-libcomps-0.1.8-3.mga7.x86_64 1501826474 143562 2c237eba9903440ce938aee2e4581c09 installed
lib64isl15-0.16.1-1.mga6.x86_64 1453661691 1694056 feec0ee8b973be4503705a4ab591befd installed
gcc-7.3.0-3.mga7.x86_64 1519122257 51611549 ddb6072c7776d3a5ded136c007362df6 installed
python3-magic-5.32-1.mga7.noarch 1508361504 17965 7a9f7480e4554341712233dc1083c7b7 installed
python3-iniparse-0.4-15.mga7.noarch 1501797718 146627 192802484d68fc12b96da5bf59c16e83 installed
lib64python2.7-2.7.14-1.mga7.x86_64 1512514289 1825960 94de4034407b825469718c94980e1e69 installed
lib64dbus1_3-1.10.16-1.mga6.x86_64 1487347310 333344 ea27da666355c11ea7dce763c90c78d5 installed
lockdev-1.0.4-0.120111007git.12.mga6.x86_64 1455235590 8004 dc37189ee820fec85f88cd61aaa62966 installed
tcb-1.1-7.mga6.x86_64 1455304952 46677 b8b75a1c4262fecfa7ea4c29bbf70759 installed
pam-1.3.0-6.mga7.x86_64 1504615160 930805 a0f98bef7cae7f0616f9ae50eef15f30 installed
util-linux-2.30.1-2.mga7.x86_64 1505645837 11304700 9f901e2a1aeab5f877e097b96245b887 installed
systemd-236-4.mga7.x86_64 1515525474 19027105 d0df39d0a4e453c5240fca753a6e00d4 installed
net-tools-2.0-0.20150915git.4.mga6.x86_64 1481358697 934275 d76b6f6826c41aef91398e42bfe28f1b installed
initscripts-9.78-5.mga7.x86_64 1515038429 6717658 ccb71334108d4d7f5fd75f52c45aabf7 installed
python3-rpm-1:4.14.1-3.mga7.x86_64 1516487941 188814 f73ab5e508eef3f75cc2cc991cafad38 installed
lib64mesaegl1-18.0.0-0.rc4.1.mga7.x86_64 1518160873 223728 c4ce65f4f7787dd73fee1365e2323e98 installed
lib64drm_intel1-2.4.90-2.mga7.x86_64 1519074052 145800 5e9dc477f5ff53fe60d172c6f49ce163 installed
lib64drm_radeon1-2.4.90-2.mga7.x86_64 1519074052 48920 1fd8a823c40b3f5b5171b0e67bfb9ce5 installed
lib64mesagl1-18.0.0-0.rc4.1.mga7.x86_64 1518160873 896224 306e444104a5a356792eedb9e7c56681 installed
lib64cairo2-1.14.10-1.mga6.x86_64 1498125220 1708260 5ec704b90947d22a6218cdaa4ff72cbd installed
lib64mesaglu1-9.0.0-6.mga7.x86_64 1508031094 512216 293ea2ce1e143e94f4907b286d64be2f installed
lib64kms1-2.4.90-2.mga7.x86_64 1519074052 15680 d1b6c735983213e0fed7339ae280471e installed
wayland-tools-1.14.0-2.mga7.x86_64 1514506555 41088 68924587f06d666953a781ee31fc8a76 installed
lib64gbm1-devel-18.0.0-0.rc4.1.mga7.x86_64 1518160873 15302 1f4cad53377c012286dbfe4097a812c7 installed
lib64gcrypt-devel-1.8.1-2.mga7.x86_64 1519475875 607072 0b6952dad5b9c2285fad5e6ebaedd582 installed
lib64ts1.0_0-1.1-3.mga6.x86_64 1457144139 144360 0ed1a5923b5487a31c0fa456b22d4d31 installed
lib64compat-openssl10_1.0.0-1:1.0.2n-1.mga7.x86_64 1513172048 2884358 d28e17f099560c2af60e8845c168d312 installed
lib64qt5core5-5.9.4-1.mga7.x86_64 1519825368 5602784 7b4c4ba4795f91ec6925752d505b8d83 installed
lib64qt5network5-5.9.4-1.mga7.x86_64 1519825368 1613320 952515296801cd58b05376cac97ba8f5 installed
lib64qt5eglfsdeviceintegration5-5.9.4-1.mga7.x86_64 1519825368 1057704 6b81939ca3d9a097a4602e006b618b30 installed
lib64qt5xcbqpa5-5.9.4-1.mga7.x86_64 1519825368 1227952 58f23a62a30a88e8ffdb91c9a6edd1e0 installed
lib64qt5qml5-5.9.4-1.mga7.x86_64 1519899866 4204968 206f1f85d6b82c65874e8287e74a4f62 installed
lib64qt5widgets5-5.9.4-1.mga7.x86_64 1519825368 6592600 3573d676f6d2cded5d420d4f4a63141b installed
lib64qt5waylandcompositor5-5.9.4-1.mga7.x86_64 1519941755 1012208 550ebecb4a560b64772df5c2ca27a279 installed
lib64qt5waylandclient5-5.9.4-1.mga7.x86_64 1519941755 998088 5f0e00aa31bc1ff2401b0d5ee3e49d57 installed
libpthread-stubs-0.4-1.mga7.x86_64 1510134860 226 8d2d42c3a0def4af53ed9ecf5c11f358 installed
lib64x11-devel-1.6.5-1.mga6.x86_64 1488391850 1127274 b3f96d6d7a8e24564d41db3f594911f0 installed
lib64xfixes-devel-5.0.3-1.mga6.x86_64 1475692152 9302 405f4ba704743f9d303ac85881ade0d4 installed
lib64xxf86vm-devel-1.1.4-2.mga6.x86_64 1455234436 13124 a1529e9ad2f2cfa91cd5d33a8b982d51 installed
lib64mesagl1-devel-18.0.0-0.rc4.1.mga7.x86_64 1518160873 1611000 d10e846f26578fd47a47b3f092120068 installed
lib64xi-devel-1.7.9-1.mga6.x86_64 1485536920 422180 0676ef8392cea98561aad90a9c6bc493 installed
lib64xcb-util-renderutil-devel-0.3.9-4.mga6.x86_64 1454946702 61739 fbf48718970a220d1cf8f1d28de1dd84 installed
lib64xcb-util-devel-0.4.0-2.mga6.x86_64 1454597471 11205 9554d308a4b98a3f3d973d2e35e18e87 installed
thai-data-0.1.27-1.mga7.x86_64 1515251656 572026 3d81eed1273303e1db42be3ec93b2629 installed
lib64thai0-0.1.27-1.mga7.x86_64 1515251656 195411 01d12308c0c1668c4f463d01abd5e486 installed
perl-Data-Dump-1.230.0-3.mga6.noarch 1466285216 53252 6eeabc32e72e38b6cd1e3083c919ea67 installed
perl-XML-Parser-2.440.0-11.mga7.x86_64 1506997905 471540 c6ba437bbe68ddeee63991a43483fa15 installed
perl-WWW-Mechanize-1.870.0-1.mga7.noarch 1518188856 318767 be3b06d51508c5bc723449e6386dd089 installed
perl-MIME-Charset-1.12.2-1.mga7.noarch 1501254150 109434 8e620eb032688fd13f275f9e584d352e installed
perl-Text-CSV_XS-1.340.0-1.mga7.x86_64 1509974463 290872 7dbdfca90e3029a66ca4789eba6171dd installed
perl-IO-stringy-2.111.0-3.mga6.noarch 1466302747 129513 357d8b0667ba16c4fe9c9472d5d9e9dd installed
perl-Crypt-RC4-2.20.0-7.mga6.noarch 1466284474 8055 5c74dba0310b368339b29bc955e62898 installed
perl-Font-AFM-1.200.0-7.mga6.noarch 1466297087 40836 dcc4506c58efee1f77a7316f1b010b84 installed
perl-Test-File-1.443.0-2.mga7.noarch 1506993917 68045 60b91cf01829feb9f28d1f38e7e60035 installed
perl-Path-Tiny-0.104.0-1.mga6.noarch 1487799985 210694 1f37c7d6ce877788affead1ad596055f installed
lib64wayland-egl1-18.0.0-0.rc4.1.mga7.x86_64 1518160873 6856 af47494d684a26a5ae9806df428b3858 installed
lib64lz4-devel-1.8.0-2.mga7.x86_64 1513017078 65046 6a35117ec90178455c6d9990f7d4a8bf installed
lib64dbus-devel-1.10.16-1.mga6.x86_64 1487347310 119399 e59ab90af5d45767531e48a2ccee23aa installed
glib2.0-common-2.55.2-1.mga7.x86_64 1518038412 8442578 625e22a76fb18655e71cf237c4560763 installed
lib64glib2.0-devel-2.55.2-1.mga7.x86_64 1518038412 23695490 def3bf8bf5421bd8d49de7abd5080090 installed
lib64qt5dbus-devel-5.9.4-1.mga7.x86_64 1519825368 234201 663a61716a556fdcb57ec487ca84ad29 installed
lib64lqr-devel-0.4.2-5.mga6.x86_64 1454924246 705566 45ade349f47a1dc88ab95ee1ed50f7c6 installed
lib64gudev1.0-devel-232-1.mga7.x86_64 1505418640 285926 a48549dec39217ce4664098a69bc35ac installed
lib64input-devel-1.10.0-1.mga7.x86_64 1518511524 182470 0062dd2c9ae66a939d4484e56cb0bf34 installed
lib64qt5gui-devel-5.9.4-1.mga7.x86_64 1519825368 7021010 ef60004e9f99df2be4d78263841aa540 installed
lib64qt5widgets-devel-5.9.4-1.mga7.x86_64 1519825368 1765744 2da1f4c9a08bacdb9d571044a42dca25 installed
lib64ltdl-devel-2.4.6-6.mga7.x86_64 1505148014 17909 4c13c854d097c57ea6aa24077aa06331 installed
lib64pango1.0_0-1.41.1-1.mga7.x86_64 1518554075 464968 c069751eca530c427f00621565a004f3 installed
lib64ilmbase23-2.2.1-1.mga7.x86_64 1515445359 524832 25a14b081fb1150c83e892d7dd4bd27e installed
lib64pathplan4-2.40.1-7.mga7.x86_64 1517933621 32224 47796bd175807b137fd8af46dbbe103d installed
lib64jbig2dec0-0.14-1.mga7.x86_64 1514471908 142299 3b527bf11e551c45a73bcd4f33ef444c installed
ghostscript-fonts-8.11-21.mga6.noarch 1455910761 988175 9562e70fe1f420731456b1eec57c10f0 installed
ghostscript-9.22-3.mga7.x86_64 1518996234 7288 2d35fb8fc0e5dada16dc1fe9d4040827 installed
perl-IPC-System-Simple-1.250.0-5.mga6.noarch 1466303048 73279 217198f0ff1ace95289ebf0822aed319 installed
x11-data-bitmaps-1.1.1-9.mga6.noarch 1476880946 183588 6c1b8ab564625d01dd777815745a6c07 installed
lib64python3-devel-3.6.2-6.mga7.x86_64 1519346838 631382 1d2b7d601522e36ca686254c9906c1a8 installed
perl-libintl-perl-1.290.0-1.mga7.x86_64 1512944084 4282268 a3f3c14cf5a53b0de4934b63ee6bcde7 installed
lib64unistring-devel-0.9.8-1.mga7.x86_64 1515251331 756147 0d3e17158db450ccfbb75a8f676ed52e installed
lib64acl-devel-2.2.52-8.mga7.x86_64 1516888409 472714 df18af283058a1d9c978f03c7f55d35c installed
lib64texlua5-20170524-3.mga7.x86_64 1515509969 725136 f54be56caadc8b9fc48bf07a455ef64c installed
lib64xdamage1-1.1.4-8.mga6.x86_64 1454942656 11160 26779b424b6af213a6b73ae35a33278f installed
cdialog-1.3-1.20160828.1.mga6.x86_64 1473885231 299633 2bc16978b76478334030d43f80c9aa10 installed
lib64xcb-shape0-1.12-2.mga6.x86_64 1467524268 15264 aa3bda8333666757ff037ba368437510 installed
texlive-collection-basic-20170524-2.mga7.noarch 1515409806 272693362 2a352fbb1fd960612862093ca528ec2f installed
lib64xcb-icccm4-0.4.1-4.mga6.x86_64 1454459920 19328 eb3a56b9291aa5522fcc0d488d037464 installed
lib64rhash0-1.3.4-4.mga7.x86_64 1500310298 151320 f526af9fc82a4c3fe5abad32d29e675b installed
lib64xcb-util1-0.4.0-2.mga6.x86_64 1454597471 23648 5dbc9acce390ff71b68a745ccaa8e319 installed
lib64python-devel-2.7.14-1.mga7.x86_64 1512514289 9636095 a32535b7dd0bb212bb74478e408624a7 installed
lib64ffi-devel-3.2.1-5.mga6.x86_64 1455209060 27853 7859eec67f449d29ac3681874c07f736 installed
lib64boost_signals1.66.0-1.66.0-2.mga7.x86_64 1514554117 99338 41104032c703f345f942dc73ff18a5df installed
lib64lqr0-0.4.2-5.mga6.x86_64 1454924246 103930 2ac59b74bfeacd99b43fc09984167f34 installed
lib64boost_math1.66.0-1.66.0-2.mga7.x86_64 1514554117 902186 ae64382d6593461042f900d4a7fe270d installed
lib64cgraph6-2.40.1-7.mga7.x86_64 1517933621 98120 c26325ff59198dc6e6b5616d6485f267 installed
lib64boost_container1.66.0-1.66.0-2.mga7.x86_64 1514554117 83754 38c0e512dbe1d8ac0741dad931adebe7 installed
perl-File-Which-1.220.0-2.mga7.noarch 1506979189 47663 9d9d8ef30e49ece14eeeed0ddf7e5fd6 installed
lib64boost-devel-1.66.0-2.mga7.x86_64 1514554117 115349091 b8578ec0d3f0f72db8354cdb456d56f1 installed
lib64jbig1-2.1-5.mga7.x86_64 1514918444 105400 bbdbf103babfb8279172c4ef0450ef45 installed
gettext-devel-0.19.8.1-2.mga7.x86_64 1519657178 5427462 236223df1565669e86a6c6621403814f installed
lib64pixman1_0-0.34.0-1.mga6.x86_64 1455168541 686320 b0e547b9beac082293eae79413113f20 installed
texinfo-6.1-1.mga6.x86_64 1462821644 7867933 be67a1ed34011cb52cd6ba563617d115 installed
lib64boost_serialization1.66.0-1.66.0-2.mga7.x86_64 1514554117 257530 0bd818f2e43ecc26688f7bdf5c83a402 installed
lib64qt5x11extras-devel-5.9.4-1.mga7.x86_64 1519896353 15134 8be17b775ee29d7d41784318ebb5854a installed
lib64boost_context1.66.0-1.66.0-2.mga7.x86_64 1514554117 12554 2bc8ced8908868faf4c0a1252f851c5b installed
lib64enchant-devel-1.6.0-14.mga7.x86_64 1501944165 19250 e02653f9d82f373358af982fcd3e8d93 installed
lib64boost_log1.66.0-1.66.0-2.mga7.x86_64 1514554117 1607122 c0ec635a779734ee4cf7bb25211721cb installed
lib64xpm-devel-3.5.12-1.mga6.x86_64 1483126323 68785 c1d0994e52ec985f75fb916955ff01e0 installed
lib64boost_numpy1.66.0-1.66.0-2.mga7.x86_64 1514554117 95266 a0ca749ba79ce81863c2aae9836b06a5 installed
docbook-utils-0.6.14-20.mga6.noarch 1454892319 242735 42e68e7f600616db2ad231d2e6769cec installed
lib64ptexenc1-20170524-3.mga7.x86_64 1515509969 45192 c16176d48225502362888b95521f9137 installed
bc-1.07.1-1.mga7.x86_64 1508570305 179883 a19af9104d1725c903caee40028a7b6c installed
lib64poppler72-0.61.1-3.mga7.x86_64 1515762940 2740304 384f2c8173529c5b1b19aad2d7872c0b installed
lib64fftw3-3.3.6-3.mga7.x86_64 1507461316 7380405 7c77ee6ca25a470da0ea3ff7a060f7ae installed
perl-Tk-804.34.0-2.mga7.x86_64 1506996286 14249207 e4b3f2d2edf66c86e913277c39e0b415 installed
lib64magick++-7Q16HDRI_4-7.0.7.24-1.mga7.x86_64 1519722417 622824 525d2fe68f5ce129a807a363e42c0236 installed
lib64xcb-composite0-1.12-2.mga6.x86_64 1467524268 11176 fd2b0b6f43323cb22044263df1e26189 installed
lib64fftwomp3-3.3.6-3.mga7.x86_64 1507461316 112632 82b195f90a06dc74c74c403574ecb30e installed
lib64xcb-dpms0-1.12-2.mga6.x86_64 1467524268 11160 734e27560bc6a3693ce51bca47666929 installed
gcc-gfortran-7.3.0-3.mga7.x86_64 1519122257 49625086 bb45f3aa01c274fa36d8c1d8010ff2f9 installed
lib64xcb-res0-1.12-2.mga6.x86_64 1467524268 15296 5dc4d62096ae16e94af22112028f12d4 installed
lib64fftw-devel-3.3.6-3.mga7.x86_64 1507461316 4023527 6b72b506069aa369b9dccc4ccd05979b installed
lib64xcb-xf86dri0-1.12-2.mga6.x86_64 1467524268 19392 169d7a217d68a26624fb62dc7ea1d1d6 installed
imagemagick-7.0.7.24-1.mga7.x86_64 1519722417 4154879 8386667e488c631883cc76039e3f18b3 installed
lib64xcb-xv0-1.12-2.mga6.x86_64 1467524268 27664 e1df06c2a97bebca92a3a5a096d97396 installed
lib64xcb-ewmh2-0.4.1-4.mga6.x86_64 1454459920 52536 ec0b21e44ab82d4df3bdb2f56e925659 installed
lib64avahi-client3-0.7-1.mga7.x86_64 1508051805 69992 aa9fa65a5a45e776bfb3d312778c644a installed
graphite2-1.3.10-1.mga6.x86_64 1495520500 60261 f7944c6a7eee967d8ad2e587e9d9023c installed
lib64evdev-devel-1.5.7-1.mga6.x86_64 1494095075 91932 6d4d6493e037dc96f9b1172ad979c51e installed
lib64torque-devel-6.1.1.1-3.mga7.x86_64 1514911747 2391669 d7449b58def4f53376fd665a362e14a6 installed
lib64blkid-devel-2.30.1-2.mga7.x86_64 1505645837 17167 475bd1fbcb0a805d084943ba3bb17fe4 installed
lib64numa-devel-2.0.11-2.mga6.x86_64 1461679350 26628 ed98b1531d24c965a2807bdd4ccd0cee installed
opensp-1.5.2-17.mga7.x86_64 1504819758 1051029 0dcdf0912d17d449353d9d9825ce4d25 installed
lib64boost_wave1.66.0-1.66.0-2.mga7.x86_64 1514554117 1167410 106fff302f766f2f910fab03cda5f57d installed
paper-utils-1.1.24-7.mga6.x86_64 1454712568 22832 4ef93d836046914fc9e3702893a79c80 installed
lib64webpmux3-0.6.0-1.mga7.x86_64 1500300476 40928 492feb6ac7e6f59dc4621e9c6425c07f installed
lib64boost_unit_test_framework1.66.0-1.66.0-2.mga7.x86_64 1514554117 785338 62206f5a9e03caf873f320e137ed3606 installed
perl-File-Listing-6.40.0-8.mga6.noarch 1466296067 17891 554b48082aca5322a0f2cf9747daf54e installed
lib64boost_type_erasure1.66.0-1.66.0-2.mga7.x86_64 1514554117 66514 84eae12ebaf0d080c5ab6b7fe6f691c5 installed
perl-WWW-RobotRules-6.20.0-8.mga6.noarch 1466334979 26877 6359f5a2254e18b48cd5deea47e38af5 installed
gdk-pixbuf2.0-2.36.11-1.mga7.x86_64 1506960210 2379653 02cb256293cf53de0c7e1701122ed9bc installed
lib64wmf0.2_7-0.2.8.4-38.mga7.x86_64 1505474184 513560 6343a6cbbf5aeb1bca5e5e750eab7eb9 installed
lib64openjade0-1.3.3-0.pre1.18.mga7.x86_64 1504889681 3154320 00bfaa5e2e9469769c84348d1640d177 installed
docbook-style-dsssl-1.79-17.mga7.noarch 1504819345 2319549 ff56bb4364666d3905df1e18c4e45664 installed
lib64glib-gir2.0-1.55.2-1.mga7.x86_64 1519323312 589624 e22f9e8e2b7bc5f2ee77eae04d08893e installed
libnl3-config-3.4.0-2.mga7.noarch 1513073932 2662 c6cd0cf7784882d3b91d2d3990dfaacf installed
lib64nl-route3_200-3.4.0-2.mga7.x86_64 1513073932 484000 4c0dc5d6881ee60452654f033b19bc1a installed
lib64rdmacm1-1.0.15-9.mga6.x86_64 1454940441 58195 e34e1fb3ba5fc80544f9fb8432336af2 installed
lib64nl-nf3_200-3.4.0-2.mga7.x86_64 1513073932 100072 4adb7872f9cb8dcdbe258049d04c2e40 installed
lib64nl-genl3_200-3.4.0-2.mga7.x86_64 1513073932 25504 bc7a9f7b258dc0e3cd75fd566f001d14 installed
lib64nl-xfrm3_200-3.4.0-2.mga7.x86_64 1513073932 84816 d2b91372843dc0a4b899f73c23a402ce installed
lib64ibverbs-devel-1.2.1-2.mga6.x86_64 1473503674 153385 d9eb679a64ef78f81de8f08e45d25706 installed
perl-File-Slurp-Tiny-0.4.0-3.mga6.noarch 1466296700 31179 2a15e8a2f28dc3f1c4a76ef3dd903814 installed
perl-Test-Warn-0.320.0-1.mga7.noarch 1500762033 28535 a9a12944218ef67988526b44be53cce1 installed
lib64llvm5.0-5.0.1-1.mga7.x86_64 1514284401 53286024 c179c6be834da5853a89efdc22371813 installed
lib64wacom2-1:0.28-1.mga7.x86_64 1518943962 56976 8a2803155b592966eaf861888c6f62ab installed
lib64input10-1.10.0-1.mga7.x86_64 1518511524 244136 93c472adc660d2b1d87e2ca01e641400 installed
perl-HTTP-Message-6.140.0-1.mga7.noarch 1514072205 251934 a87d5af72ff658e6c07710c4e0884d0c installed
perl-HTML-Form-6.30.0-7.mga6.noarch 1466300365 65772 8258c6558a9bcb376eac2f6ab9a2c55e installed
perl-HTTP-Negotiate-6.10.0-7.mga6.noarch 1466301402 29821 7760aaecd40ccd0f8cc612dc01d07424 installed
perl-Spreadsheet-WriteExcel-2.400.0-7.mga6.noarch 1466322335 1657732 1361d20091a91bcd9a1c01cfdb8e3cb1 installed
mkfontscale-1.1.2-3.mga6.x86_64 1455237935 34940 b4c3aa4f36ca106f66e8d40059a40875 installed
x11-font-daewoo-misc-1.0.3-6.mga6.noarch 1454949703 830644 134cea6236738bea1d3158f7892b8eef installed
x11-font-jis-misc-1.0.3-6.mga6.noarch 1454695218 618999 e0f40914a845f75608895854bb9eea29 installed
lib64xmu6-1.1.2-5.mga6.x86_64 1454933679 108776 9d2afcd1240b32f5de1ab4a5f4bc3aa2 installed
libdrm-common-2.4.90-2.mga7.x86_64 1519074052 6475 13720c641dc20aca53fbf37dc9da2e28 installed
lib64gbm1-18.0.0-0.rc4.1.mga7.x86_64 1518160873 54160 8a63a5c5d08682de34751f422e59f53f installed
cronie-1.5.1-1.mga6.x86_64 1470931335 231559 cd522215a5ecc020324f320c6a76fca7 installed
python-rpm-macros-3-5.mga7.noarch 1502797638 3278 aadb3c7bcfb7a2cf6da62300e6f8cf13 installed
lib64drm_nouveau2-2.4.90-2.mga7.x86_64 1519074052 32424 5fa7140505c97a61e73cd99ad6143640 installed
python3-librepo-1.8.1-1.mga7.x86_64 1518286640 171194 ad0b7965fb6b94b625f3e0048d3c9903 installed
mageia-dnf-conf-1.0-1.mga6.noarch 1461537916 29 ebe7ee8039a6b5ed2a8f4cd1ee1cf046 installed
mesa-18.0.0-0.rc4.1.mga7.x86_64 1518160873 12636 f5c9721bb64598a9513573b0b899e576 installed
python3-dnf-2.7.5-1.mga7.noarch 1508941590 1906196 05a10dd06a1ca6b0d014fb8b87145837 installed
icu59-data-1:59.1-5.mga7.noarch 1514477184 26290848 47c4f20ceb6ff1c522e9172d20403313 installed
glxinfo-8.4.0-1.mga7.x86_64 1519397678 56336 a5f49278413dee5874ae39bbd348b226 installed
dnf-utils-2.1.5-1.mga7.noarch 1508942412 3844 7ae0479b0a6327b4f6a0591f214e85e1 installed
mageia-repos-keys-7-0.0.1.mga6.noarch 1500235408 1666 2e54f5ee602a430a0265583fd3ffb1ab installed
lib64wayland-devel-1.14.0-2.mga7.x86_64 1514506555 502807 cad15213e18e77d468a450b0fa89ae9f installed
python2-pkg-resources-38.5.1-1.mga7.noarch 1519070082 928223 ceee18891cb986c9cf003fca93c2eb8d installed
popt-data-1:1.16-13.mga6.noarch 1456060419 60192 e2f0bbc20efb9468c20917ebbcaed90f installed
tslib-common-1.1-3.mga6.noarch 1457144272 20960 f5458e87b5ed774c2711fbe347e81fcc installed
lib64xml++2.6_2-2.40.1-2.mga6.x86_64 1448795881 216368 ce47596e73949eca28f3a24cd817175e installed
ocaml-srpm-macros-5-1.mga7.noarch 1515282195 737 8336d66d33a518a6b23e70620a170d2e installed
qtbase5-common-5.9.4-1.mga7.x86_64 1519825368 1436765 62777623a8eecb5669ac106598777449 installed
lib64enchant1-1.6.0-14.mga7.x86_64 1501944165 84928 1806c7aa33693c0935a4cdfb067dbfe8 installed
common-licenses-1.1-8.mga6.noarch 1455896735 167218 c6035793ecaec8366a181fa988e54405 installed
lib64qt5eglfskmssupport5-5.9.4-1.mga7.x86_64 1519825368 104920 a59867599c695a9dd078fe083f16af31 installed
elfutils-0.170-1.mga7.x86_64 1505978332 1954144 ab7204d7b2b475005898d8d60824a2ef installed
grep-3.1-1.mga7.x86_64 1504106597 667265 0e59b4e6447afeb783c52eda2c2cca71 installed
qtbase5-common-devel-5.9.4-1.mga7.x86_64 1519825368 6933314 d0d0f5ae06f6b0ce64dce5f4d9cf78d1 installed
rpm-mageia-setup-build-2.26-1.mga7.x86_64 1516870967 143066 d5cd9557d7fe5ae987c99b6ab958d175 installed
perl-base-2:5.26.1-3.mga7.x86_64 1517989476 6226206 27b97d6743064c40ad8d484776b45a9b installed
lib64qt5svg5-5.9.4-1.mga7.x86_64 1519895026 419288 3198b2747acb385be48ac526fdc8defb installed
lib64boost_system1.66.0-1.66.0-2.mga7.x86_64 1514554117 21210 fe2b99446d327cbb3aabb914971f95d3 installed
chkconfig-1.10-1.mga7.x86_64 1508027479 763425 fdd81b38a1fca61b24aa6d366f1900d4 installed
lib64qt5concurrent5-5.9.4-1.mga7.x86_64 1519825368 28712 b851bfed6484344204fc8df5181432be installed
lib64fontconfig1-2.12.6-1.mga7.x86_64 1506663524 285080 0fdc73c0b4f28ceee76ba649dd0e587c installed
lib64xml2_2-2.9.7-2.mga7.x86_64 1514395653 1487208 34a2f306c22b45e1bc893f161168ba77 installed
lib64xext-devel-1:1.3.3-4.mga6.x86_64 1454941380 103851 0525ab863ea1b65759c370ff882b0cb7 installed
perl-URI-1.730.0-1.mga7.noarch 1515676825 268685 bb404adabd078167dc7b8c5f33dc7967 installed
lib64expat1-2.2.5-1.mga7.x86_64 1509563979 206424 3a771e6bf3b4998893f165c4b8219304 installed
lib64mesaegl1-devel-18.0.0-0.rc4.1.mga7.x86_64 1518160873 97438 56efbf5835c59092662f11307df2dea0 installed
lib64wayland-server0-1.14.0-2.mga7.x86_64 1514506555 79632 f96eac5fbc9c1cf01ec3cb9dac3f1747 installed
lib64gcrypt20-1.8.1-2.mga7.x86_64 1519475875 1274786 f7c75a90e48efdb05992f56874a6822c installed
lib64xcb-util-keysyms-devel-0.4.0-3.mga6.x86_64 1454921969 22951 23c3e8108650639e1276d774fdf117c1 installed
lib64glapi0-18.0.0-0.rc4.1.mga7.x86_64 1518160873 204272 d5a18698636625c11cdbe32bbc9ac849 installed
lib64intl8-0.19.8.1-2.mga7.x86_64 1519657178 239593 65afea7240a72c0a8e117825054998fa installed
lib64xcb-util-image-devel-0.4.0-2.mga6.x86_64 1454597440 68975 0f3ec934c0b3165993c8dfe2a8b18f83 installed
lib64pciaccess0-0.14-1.mga7.x86_64 1509780979 40888 896c409d1cfccc4df5e354baa642c8a9 installed
info-install-6.1-1.mga6.x86_64 1462821644 51402 373ae2a1345a813f1d1a4e30fdad28e6 installed
perl-Try-Tiny-0.300.0-1.mga7.noarch 1514072292 140132 350a9c02f3b3b089034a8746cb99b663 installed
lib64ice6-1.0.9-5.mga6.x86_64 1488374619 104608 0a4597414c48f894d5a7f670aed0444c installed
lib64devmapper1.02-1.02.137-3.mga7.x86_64 1514666474 343008 45cfc964c5c8a7355f5399ed1a27e9d1 installed
perl-XML-XPath-1.420.0-2.mga7.noarch 1506998083 222062 a65f747bd5298dd142d7f676061141cf installed
lib64nspr4-2:4.18-1.mga7.x86_64 1516468904 287512 e213db8afff6e4ca7bf59407018a177f installed
perl-2:5.26.1-3.mga7.x86_64 1517989476 45236676 35bce0e79c5680b46072a54a15ad9005 installed
perl-Unicode-LineBreak-1:2017.4.0-3.mga7.x86_64 1506996579 368560 127ac51e1b5f25e4fa05515dc2da8206 installed
lib64lzma-devel-5.2.3-2.mga7.x86_64 1504715941 1464126 530511f590dedd20da32456f1131f77b installed
pkgconfig-0.29.2-1.mga7.x86_64 1509630090 165390 5b57edd905f04aa6c52fb4fb0f7d7392 installed
perl-Digest-Perl-MD5-1.900.0-5.mga6.noarch 1466289190 19768 dd657e7306fc457b4d67c13bf845cad9 installed
lib64boost_regex1.66.0-1.66.0-2.mga7.x86_64 1514554117 1087178 8d8fba42e29ccb01ada76ef50b594366 installed
lib64crack2-2.9.6-5.mga6.x86_64 1481570481 44736 fb551ea493a955f0974443211907ef7c installed
perl-HTML-Format-2.120.0-1.mga7.noarch 1507622636 192509 f15bf706fbdcce4e8edd71248a553938 installed
lib64xdmcp6-1.1.2-5.mga6.x86_64 1488374738 23888 d2691a33032fc462745d90a62ab020c1 installed
bzip2-1.0.6-11.mga7.x86_64 1515081866 141310 f701c08ce40dde58b05b83cb1f081c92 installed
perl-File-Copy-Recursive-0.400.0-1.mga7.noarch 1516191747 42721 fdec43c613c15fab6d5d775781539a08 installed
lib64glapi0-devel-18.0.0-0.rc4.1.mga7.x86_64 1518160873 0 4a42a87d0e1f8d803fcde31dd2a8d7ee installed
lib64lz4_1-1.8.0-2.mga7.x86_64 1513017078 86128 72431eb58165b61c47875c8b0bf341e6 installed
systemd-devel-236-4.mga7.x86_64 1515525474 97248 6831d9aeecd371e5dd8c47a0ec07803e installed
lib64png-devel-2:1.6.34-1.mga7.x86_64 1509163107 1080124 20cadbf159253b7b2e59934927387b90 installed
pam_tcb-1.1-7.mga6.x86_64 1455304952 40132 ac50aab20b6267d8bb252a47f3f0a4b4 installed
glib-gettextize-2.55.2-1.mga7.x86_64 1518038412 30165 66bcb9e279a8511255c7d963fad704d8 installed
lib64fribidi0-0.19.7-3.mga6.x86_64 1455179014 101752 5a3bc517dcbb946c8acb73f8d7b093e8 installed
perl-JSON-2.970.10-1.mga7.noarch 1514072229 253670 9a9db94d0e3cce4ff9701cf3e5b8adff installed
lib64croco-devel-0.6.12-2.mga6.x86_64 1492961795 935960 dbf39756d21e7c626583abd58e252671 installed
docbook-dtds-1.0-64.mga7.noarch 1510406893 8663981 13290e2e06053fbd411f98f5164a49a2 installed
perl-List-MoreUtils-XS-0.426-1.mga7.x86_64 1507015898 159853 da3a44bfa3be71402407d8376531d7a7 installed
lib64wacom-devel-1:0.28-1.mga7.x86_64 1518943962 20083 ad5ed1862b585d1d65bbd2710cfd2bf9 installed
lib64torque2-6.1.1.1-3.mga7.x86_64 1514911747 641709 cf995c053ce229908037b33913caa404 installed
lib64usb1.0_0-1.0.21-1.mga6.x86_64 1478193234 143540 b72779d0aab170441f806ea394b77b25 installed
lib64qt5xcbqpa-devel-5.9.4-1.mga7.x86_64 1519825368 1482 f920cbc952933c6a83a6e728e7172645 installed
lib64harfbuzz0-1.7.4-1.mga7.x86_64 1514584285 672650 e745bb2c0fce94361113ec7b3ed0dd61 installed
lib64comps0-0.1.8-3.mga7.x86_64 1501826474 206784 fca14d4f9302432e39002152d569e09b installed
pango-1.41.1-1.mga7.x86_64 1518554075 120931 f05896dcbbe3d16b256e54bdfb1285b1 installed
perl-HTML-Tagset-3.200.0-9.mga6.noarch 1466300982 19462 e093c791b519240881e580385026bb24 installed
perl-YAML-1.240.0-1.mga7.noarch 1509467431 190910 1ef825c76351089de0a3e3d89ff49fa3 installed
lib64ilmimf2_2_22-2.2.0-11.mga7.x86_64 1515509328 3078312 3f1b04273a7193e6b7868636666ab397 installed
lib64xcb1-1.12-2.mga6.x86_64 1467524268 155944 64d0cd7dbc980f0e6f476e8d3490f3a0 installed
lib64pcreposix1-8.41-3.mga7.x86_64 1513263578 11240 f037cb206cc0f27b357f2d7c1bde7bb4 installed
lib64gs9-9.22-3.mga7.x86_64 1518996234 16043656 7074139767cb815b511f8477edf959e5 installed
lib64xpm4-3.5.12-1.mga6.x86_64 1483126323 74448 f8fa9cdb8737219399e3ab593d745081 installed
ethtool-1:4.13-1.mga7.x86_64 1512026844 320657 55ff56aae09027dcfb40254f1ebad40f installed
perl-TimeDate-2.300.0-6.mga6.noarch 1466331015 98174 200678f14c2bdbbc165f5e3e8c794d0e installed
lib64xcb-dri3_0-1.12-2.mga6.x86_64 1467524268 11184 5beafa4d43f95049748989825c726200 installed
lib64ipt1-1.4.4-2.mga6.x86_64 1460584767 74813 47759b245bf67d4a77f52697f9e9defc installed
lib64xaw7-1.0.13-1.mga6.x86_64 1451798261 480024 5d9d17822347c1df897e79ca64bbe2f1 installed
lib64xi6-1.7.9-1.mga6.x86_64 1485536920 65712 185b6deef32e324775fcfbe7537f9f32 installed
lib64ip4tc0-1.6.1-3.mga7.x86_64 1514846438 32872 d91966a8d88534296fd3c5d38713fd57 installed
lib64turbojpeg0-1:1.5.3-1.mga7.x86_64 1514318897 462984 45b271a8afa6779e00d82a65292d9474 installed
lib64xkbcommon0-0.7.1-1.mga6.x86_64 1484850795 297352 ddb87edb5df0162b82ccc241bd46111c installed
lib64daemon0-0.14-10.mga6.x86_64 1455208973 28088 571ae182431fb1dcf4e96a6294323b2f installed
lib64zziplib0-0.13.62-9.mga7.x86_64 1506198229 210834 0b925d72b7962d3248fc625ca8c7c95e installed
lib64xfixes3-5.0.3-1.mga6.x86_64 1475692152 23472 3bbd4d5134f693dcb1d94444dc1033a7 installed
lib64ltdl7-2.4.6-6.mga7.x86_64 1505148014 41981 56ddbba77f87198ec6ac197bf63b9c2c installed
texlive-20170524-3.mga7.x86_64 1515509969 38558279 4c1837a58fa23462e0a0d164ca74df0c installed
lib64xcb-xinerama0-1.12-2.mga6.x86_64 1467524268 11168 7ce8e783c347bab87f221f904a1b3afd installed
lib64microhttpd12-0.9.59-1.mga7.x86_64 1518302511 245133 26b29b842956816479e290ae9c301785 installed
lib64jsoncpp19-1.8.3-1.mga7.x86_64 1507878053 207216 8d33dc82c6f7ee048d1f765545fbdb8b installed
lib64xcb-util-image0-0.4.0-2.mga6.x86_64 1454597440 19496 c271b9ab064b2e3d0dde40c6f092c469 installed
lib64verto1-0.2.6-7.mga7.x86_64 1505461537 23060 08bfbafe8dd213969c81b511aeda5868 installed
lib64boost_program_options1.66.0-1.66.0-2.mga7.x86_64 1514554117 503466 d0ef6a9fc59ee03669e09b22ac2b2baa installed
lib64cdt5-2.40.1-7.mga7.x86_64 1517933621 27920 82f09db130939700f922be208d6891b6 installed
crontabs-1.10-22.mga6.noarch 1455896779 677 cc30a7963a2bdc8c2a7e26bb3b2a6ff0 installed
lib64boost-python3-devel-1.66.0-2.mga7.x86_64 1514554117 1338 46b5b4dfb363fb0c1887ba7493d931ed installed
libgomp-devel-7.3.0-3.mga7.x86_64 1519122257 2347328 2ef398cb19e98c613f18c222142c1e7a installed
bash-4.4-19.1.mga7.x86_64 1518297307 4984944 46680e9562471e8507e03296315d92da installed
lib64jpeg-devel-1:1.5.3-1.mga7.x86_64 1514318897 165125 1bbfff9d6e5f2229a1ff6fa92e3fd54e installed
lib64kpathsea6-20170524-3.mga7.x86_64 1515509969 95840 64100b60b638b9528f73335c49f1b133 installed
lib64ncursesw6-6.0-20171223.4.mga7.x86_64 1519724904 447864 ef68826ec64af3f31afb143846494c8f installed
lib64qt5concurrent-devel-5.9.4-1.mga7.x86_64 1519825368 272341 cfdd505a563c24ad06ddf48dba7ad786 installed
lib64boost_atomic1.66.0-1.66.0-2.mga7.x86_64 1514554117 8098 1501d4070799df5d7ba71e5e7dd14899 installed
mageia-release-common-7-0.4.mga7.x86_64 1515337584 143016 b72e196cac97047f8ef9eb914f365e24 installed
xvkbd-3.8-1.mga7.x86_64 1519495949 309445 ade6a921776fdf33127b5ab5f335dbb7 installed
lib64boost_wserialization1.66.0-1.66.0-2.mga7.x86_64 1514554117 177474 cef2b6eb33957606a5baf741763a8c1f installed
lib64lua5.3-5.3.4-3.mga7.x86_64 1512249100 235936 8c03f6d9e35ab11cc662574bbcbb240b installed
libquadmath0-7.3.0-3.mga7.x86_64 1519122257 682236 11d8508eb69c82e8746e6ea4ad47e5ad installed
perl-File-HomeDir-1.2.0-5.mga7.noarch 1506979018 111317 48e7cc354a229db053f0e4883e611117 installed
lib64user1-0.62-12.mga7.x86_64 1515510938 125000 0b7a98a604fe8c1ca2ef5fa5afce9b39 installed
lib64fftwmpi3-3.3.6-3.mga7.x86_64 1507461316 272520 b98ec213b3ddaf84a81f5b0e2e75e673 installed
lib64xcb-damage0-1.12-2.mga6.x86_64 1467524268 11176 736f6a97fd987a19f2414e3bbac1ab5f installed
lib64rpm8-1:4.14.1-3.mga7.x86_64 1516487941 678584 ef7c05fafb6aa86adcdfc053b4959a3e installed
lib64openmpi-devel-3.0.0-1.mga7.x86_64 1507392608 1736680 af142d386df9c249541c9a5d488269cd installed
lib64xcb-screensaver0-1.12-2.mga6.x86_64 1467524268 15320 289b07f40c52bb238459a23147aaa417 installed
tar-1.29-4.mga7.x86_64 1504805539 2816314 968170782e6938d4c8144648a9e4f55e installed
lib64xcb-xvmc0-1.12-2.mga6.x86_64 1467524268 15272 5a94e309a3ba335f0e07b2d2605ff73b installed
psmisc-22.21-7.mga6.x86_64 1455297226 479566 4182fe9f38ccee0d48ca76c8ebb050d8 installed
lib64cups2-2.2.6-1.mga7.x86_64 1509966243 875288 38e7ca5a6f7c32d16c11e45138f71fbf installed
lib64solv0-0.6.32-1.mga7.x86_64 1519130805 888947 d170953ad17b9b425c44b91f3d1acedf installed
perl-Test-Exception-0.430.0-2.mga6.noarch 1466326216 33412 e3047bc751f1e29e6820b667ad56cf56 installed
rmt-0.4b46-4.mga7.x86_64 1514905844 41251 eaf1846dd2a36989e73987446e149073 installed
lib64mount-devel-2.30.1-2.mga7.x86_64 1505645837 33954 6aaf0d96a9697e87f804a62c27f9c5a8 installed
glibc-devel-6:2.22-28.mga7.x86_64 1519687613 5908266 97fcb201178556dc877c868d5606839e installed
lib64xdmcp-devel-1.1.2-5.mga6.x86_64 1488374738 105752 30e7fa1b4d9955701f95e6c339fc9245 installed
openldap-2.4.45-3.mga7.x86_64 1501710364 15507 73bf493cd2bcf7dbe8ac82c9842c77de installed
psutils-1.23-1.mga6.x86_64 1452534047 177813 6925e33e56e89cf9e69096ffd1b8be39 installed
etcskel-1.63-34.mga6.noarch 1455896840 4609 c0908ca80e979be1bd0c6405f7ca011b installed
lib64lcms2-devel-2.8-2.mga6.x86_64 1471357642 2722391 efc021e070f394924e9495c1c1300b13 installed
make-1:4.2.1-1.mga7.x86_64 1505505940 1477713 0dba2065a4d32b7aa34a7001675c1dca installed
perl-Net-HTTP-6.170.0-2.mga7.noarch 1506988231 123327 385a30c5d5bf246dabf6517fe7869ccc installed
automake-1.15.1-1.mga7.noarch 1508027706 2468865 30a780734e4131151d373d02a0de4897 installed
lib64gdk_pixbuf2.0_0-2.36.11-1.mga7.x86_64 1506960210 505504 07c9b636e82f657516bbe4d21128bcde installed
shared-mime-info-1.9-1.mga7.x86_64 1517844025 2412043 08df1675f081426a487fadd08a86df9e installed
openjade-1.3.3-0.pre1.18.mga7.x86_64 1504889681 1287344 519762ae488e86bba27bd12affd73a8a installed
pinentry-1.1.0-1.mga7.x86_64 1515218917 234578 dfc9ea197d6ccde63403ab68fa56c2ed installed
lib64gudev-gir1.0-232-1.mga7.x86_64 1505418640 7528 ff6e6b6b9fdac02ac37712274c7f4614 installed
lib64gettextmisc-0.19.8.1-2.mga7.x86_64 1519657178 975393 3fc9ddb1e8cf0805ff3929f3a898acbd installed
lib64ibverbs1-1.2.1-2.mga6.x86_64 1473503674 127443 ff0c902a92fca2eff6ea2a567e08c859 installed
python3-pip-9.0.1-2.mga7.noarch 1501347836 9373485 3fcc885df78db794a07503bc4edd6ed6 installed
lib64nl-cli3_200-3.4.0-2.mga7.x86_64 1513073932 139088 344e2538c181cd5b7a8d3f4a440ca99b installed
lib64python3.6-3.6.2-6.mga7.x86_64 1519346838 2801696 c8fd5fc97ca53a19db22854de6b83041 installed
lib64nl3-devel-3.4.0-2.mga7.x86_64 1513073932 285750 e65b8fd880a158881276721629300124 installed
libstdc++-devel-7.3.0-3.mga7.x86_64 1519122257 11267618 258e2948d141ab0ab2a0cb498e0b4e42 installed
perl-Tree-DAG_Node-1.310.0-1.mga7.noarch 1518679196 156195 e11eca3607a1a155b7e805e497414fb3 installed
gcc-cpp-7.3.0-3.mga7.x86_64 1519122257 23869136 59627ccac5f9fe25f73ccb587bfdf203 installed
libwacom-1:0.28-1.mga7.x86_64 1518943962 423707 9589226e8b10a3a64c5b720df00a009e installed
python3-six-1.11.0-1.mga7.noarch 1517463198 98173 6f510c9bed1142ec8bf46443d8069b72 installed
perl-IO-HTML-1.1.0-6.mga6.noarch 1466302369 63440 a29708d4efb4966a802c68deab40b8bb installed
lib64python2.7-stdlib-2.7.14-1.mga7.x86_64 1512514289 20886590 d72e87d0315cd4ec1129a7cf5c5e9b2a installed
perl-HTTP-Daemon-6.10.0-7.mga6.noarch 1466301339 40889 29b6343315bb2f1b4345f9d25885c6fd installed
procps-ng-3.3.12-1.mga6.x86_64 1471034217 1188740 a3db0f3e7db01bd0115cb6b05d1bec39 installed
lib64fontenc1-1.1.3-2.mga6.x86_64 1455209062 31696 b0a1acf6c0cc0ff291dcd782624e8683 installed
nss_tcb-1.1-7.mga6.x86_64 1455304952 11208 b25dfe34dcb5fedeb8d49af486d4a03b installed
x11-font-isas-misc-1.0.3-6.mga6.noarch 1454895508 946438 c47a0e17c08e99b4dde8eab51b9587ab installed
systemd-units-236-4.mga7.x86_64 1515525474 491505 e0b7bd4a4585c787ddaeab668ac41da9 installed
lib64xaw3d8-1.6.2-5.mga6.x86_64 1454920619 381376 cb16ff2b5f5708058c75757e26e3076b installed
rpm-1:4.14.1-3.mga7.x86_64 1516487941 2023463 9e0b931da9fea54c3129fcda8eaf4526 installed
