cronie-1.5.1-1.mga6.x86_64 1470931335 231559 cd522215a5ecc020324f320c6a76fca7 installed
dnf-conf-2.7.5-1.mga7.noarch 1508941590 37002 02e98483137daa005b95d776d0677fac installed
python3-librepo-1.7.20-3.mga7.x86_64 1501875745 216220 fcf1f0539b92c0efefadcebde7463b7a installed
python2-rpm-macros-3-5.mga7.noarch 1502797638 1495 af515d58ca8cf4d5cee44c10a2bfccc3 installed
python3-dnf-2.7.5-1.mga7.noarch 1508941590 1906196 05a10dd06a1ca6b0d014fb8b87145837 installed
kernel-userspace-headers-4.14.14-2.mga7.x86_64 1516358715 4364248 d7a586c0d274f7af84ee56eb93a9bf65 installed
dnf-utils-2.1.5-1.mga7.noarch 1508942412 3844 7ae0479b0a6327b4f6a0591f214e85e1 installed
lib64hunspell1.6_0-1.6.2-2.mga7.x86_64 1513695971 465760 8916f4328fd400e70934ca43e8fef9d8 installed
rust-srpm-macros-5-2.mga7.noarch 1515883584 1136 4140d23da5fdcc3543daccae129064b0 installed
lib64hfstospell10-0.4.5-1.mga7.x86_64 1514582568 248688 2c01b437838cf897bf66c7723e9361aa installed
rootfiles-11.0-14.mga6.noarch 1455897202 14813 d308f7699a1f3454de2d1b5371095355 installed
python3-enchant-1.6.10-1.mga7.noarch 1505460982 443571 970642693b22d9dff04eaa2745b0dec0 installed
filesystem-2.1.9-28.mga6.x86_64 1455178462 0 45b49454b231e86ab72c4fa32b62dc84 installed
libgomp1-7.3.0-0.rc.20180117.1.mga7.x86_64 1516234135 397780 9c4cc2e4a42aa1596e5658d78b365d3a installed
lib64zlib1-1.2.11-4.mga6.x86_64 1490774438 120355 a6f2878af6f9341c02292fab608027f9 installed
lib64popt0-1:1.16-13.mga6.x86_64 1456060419 54457 e1101a4814f951cbc5c337e52f7e59f5 installed
lib64rpmbuild8-1:4.14.1-2.mga7.x86_64 1516483050 172472 2d99840c01ebc297abd59d76af2b5cb7 installed
lib64xml2_2-2.9.7-2.mga7.x86_64 1514395653 1487208 34a2f306c22b45e1bc893f161168ba77 installed
rpm-build-1:4.14.1-2.mga7.x86_64 1516483050 275754 9f31a8a73c13b242e20837e998709cc2 installed
lib64uuid1-2.30.1-2.mga7.x86_64 1505645837 20152 a1850709e9ae1e872e33d649d8023325 installed
rootcerts-1:20180104.00-1.mga7.noarch 1516471053 2953667 47c235adbe4621637cb3f0eb9d8465ac installed
lib64unistring2-0.9.8-1.mga7.x86_64 1515251331 1620699 6abb89320ea625622ac5d7d40326cb10 installed
perl-Try-Tiny-0.300.0-1.mga7.noarch 1514072292 140132 350a9c02f3b3b089034a8746cb99b663 installed
lib64intl8-0.19.8.1-1.mga6.x86_64 1465844977 234489 83950cd2c4431e7e62cd840eb18324f9 installed
lib64apr1_0-1:1.6.3-1.mga7.x86_64 1508857831 272454 79cd591eb64695c5ada696743e9ab1d6 installed
info-install-6.1-1.mga6.x86_64 1462821644 51402 373ae2a1345a813f1d1a4e30fdad28e6 installed
perl-XML-NamespaceSupport-1.120.0-1.mga7.noarch 1500762696 52825 ccba1b7d5f11f1be7c341591781bf535 installed
lib64acl1-2.2.52-7.mga6.x86_64 1455119789 204951 8147b9e0c8a600b36d305376931a30e0 installed
perl-IPC-System-Simple-1.250.0-5.mga6.noarch 1466303048 73279 217198f0ff1ace95289ebf0822aed319 installed
lib64devmapper1.02-1.02.137-3.mga7.x86_64 1514666474 343008 45cfc964c5c8a7355f5399ed1a27e9d1 installed
perl-Devel-StackTrace-2.30.0-1.mga7.noarch 1511073686 127644 6c2582eeee2f7a631b8c2e0b18a22e05 installed
perl-2:5.26.1-2.mga7.x86_64 1516303054 45236572 0eca8fb6585b083a5b95da1fac81785d installed
perl-UNIVERSAL-require-0.180.0-3.mga6.noarch 1466332738 12796 48a7df8fd1cba0bc85218a7aea553278 installed
pkgconfig-0.29.2-1.mga7.x86_64 1509630090 165390 5b57edd905f04aa6c52fb4fb0f7d7392 installed
perl-XML-SAX-0.990.0-9.mga6.noarch 1466337995 217401 c96d96516753d1a6c32532aca9329a43 installed
lib64crack2-2.9.6-5.mga6.x86_64 1481570481 44736 fb551ea493a955f0974443211907ef7c installed
perl-Devel-GlobalDestruction-0.140.0-1.mga7.noarch 1500754537 12917 643e5ca686fa7677dc8c19f30aec14eb installed
lib64pam0-1.3.0-6.mga7.x86_64 1504615160 714288 293746bf7804485ae272725ca4e34fda installed
perl-Role-Tiny-2.0.6-1.mga7.noarch 1510169749 43769 29934b1fe5bd8609d415006e963885c4 installed
lib64pam_userpass1-1.0.2-13.mga7.x86_64 1504202208 15371 057512d30bb082bf04c43a61aaa9a2e7 installed
perl-File-Which-1.220.0-2.mga7.noarch 1506979189 47663 9d9d8ef30e49ece14eeeed0ddf7e5fd6 installed
nikto-2.1.5-9.mga6.noarch 1454893526 2066530 6abb058ba24b5da3a05fff5e1b9b5922 installed
lib64serf2_2-1.4.0-0.4.mga7.x86_64 1506253518 270665 ad13ba33ec9813d19215b68685e426a7 installed
perl-List-MoreUtils-0.428.0-1.mga7.noarch 1513075712 110554 fa6bac10302116e28c45cfcb8bc98c0e installed
perl-File-Finder-0.530.0-8.mga6.noarch 1466295725 40900 56b651fe170accf9c8b3c410b76357be installed
lib64devmapper-event1.02-1.02.137-3.mga7.x86_64 1514666474 24056 111ed555932436518ca69d3d0cb5a40b installed
perl-File-Listing-6.40.0-8.mga6.noarch 1466296067 17891 554b48082aca5322a0f2cf9747daf54e installed
lib64croco0.6_3-0.6.12-2.mga6.x86_64 1492961795 577875 14a4a369a5078b106b31e19d9b782636 installed
perl-Text-Sprintf-Named-0.40.200-6.mga6.noarch 1466330137 19281 e989a4752efa13cda08045dde3c0bbda installed
lib64natspec0-0.3.1-2.mga6.x86_64 1455540844 244713 200b98f3afb9567cb647e2f49415e32d installed
perl-HTTP-Cookies-6.40.0-2.mga7.noarch 1506981898 116985 2a99ad22f4eee16a493cf45d51d10051 installed
perl-File-Sync-0.110.0-22.mga7.x86_64 1506979134 18634 7bf1194e5fab1e247316ff2e248c0472 installed
perl-HTML-Parser-3.720.0-5.mga7.x86_64 1506981610 228731 f97e9abdf50139b33da94728005951c1 installed
patch-2.7.5-2.mga6.x86_64 1455254537 232560 fc8fa6e11ec7b200bde2b359156c1271 installed
perl-XML-Simple-2.240.0-1.mga7.noarch 1500762872 180935 e008c00a1805ddddc979c0ecfc70c464 installed
ipcalc-0.2.0-4.mga7.x86_64 1514664687 58479 bbe889e7405a88e3b02127c24af4f098 installed
perl-Test-Warn-0.320.0-1.mga7.noarch 1500762033 28535 a9a12944218ef67988526b44be53cce1 installed
lib64pcre32_0-8.41-3.mga7.x86_64 1513263578 406512 66b76f7cdfd5851bea523b01aa06a8ad installed
perl-File-ShareDir-1.104.0-1.mga7.noarch 1500755109 42390 a6e309fbe0b21187c033acbe39201841 installed
lib64seccomp2-2.3.2-1.mga6.x86_64 1488782177 270760 54d425b8e310cc6c5024188f4320439e installed
perl-Exporter-Lite-0.80.0-2.mga6.noarch 1466294801 15385 6471844f2887aaa09cbcff6ca6a5a66e installed
traceroute-2.1.0-1.mga6.x86_64 1462555580 74099 e342987823b0e420831742e48510d352 installed
perl-IO-String-1.80.0-7.mga6.noarch 1466302726 17428 e6225c1f6d061e72b899f826a1c0a864 installed
lib64tasn1_6-4.12-1.mga6.x86_64 1496851685 78056 7f0fa433dae2b4c5cc5bf19d658972f3 installed
perl-Cpanel-JSON-XS-3.23.900-2.mga7.x86_64 1506971219 366473 6f07184abca8def4f439b6346997a384 installed
lib64brotlicommon1-1.0.2-1.mga7.x86_64 1512738609 131036 e5c53cb38329866bbf0df8c8f97d3961 installed
perl-Number-Compare-0.30.0-7.mga6.noarch 1466314107 5404 5a7f8dd284ea46d5f8376e7423807df9 installed
lib64npth0-1.5-1.mga6.x86_64 1497360148 42509 b39609b948f03386b1d1816386f245bb installed
perl-Text-Diff-1.450.0-2.mga7.noarch 1506995162 87983 1ec09c0eaf3403d7120b9501b2c1a1b6 installed
libgcc1-7.3.0-0.rc.20180117.1.mga7.x86_64 1516234135 320908 e8445fb3bdcad09c026d856bb9b77ed5 installed
perl-Scope-Guard-0.210.0-3.mga6.noarch 1466320615 10584 563d82070560c8b8c566ed3e15358a11 installed
shadow-utils-2:4.4-2.mga7.x86_64 1513866833 3626198 177a3d1f5a93cc35d9eadb7ea77f6886 installed
perl-File-pushd-1.14.0-1.mga7.noarch 1500755042 38692 f6e4045cfcfe3214cbdd6f8a4cf49959 installed
gawk-4.2.0-1.mga7.x86_64 1509109269 2418923 4cb40da7380f5a86769ca2bbce28e3ef installed
perl-Module-Implementation-0.90.0-5.mga6.noarch 1466307985 60214 128d172a334b8250f87dee9ab735cb81 installed
mageia-repos-cauldron-7-0.0.1.mga6.x86_64 1500235173 37746 ecbdd9905e74fbc8fe308b9db65d28ee installed
perl-Class-Load-0.240.0-1.mga7.noarch 1501268314 137224 f5ff75b97c9bb33e1364edc03ab75992 installed
e2fsprogs-1.43.6-1.mga7.x86_64 1504972815 4442955 4038ce9a30c1cf311d1540f81c65307d installed
perl-Specio-0.420.0-1.mga7.noarch 1509973949 464804 2ffdbe2a2c8486e45934aec0c4ffc4f4 installed
crypto-policies-20170606-2.mga7.noarch 1503748540 41853 fcd289d6ca12713916c7ea20e7e79e18 installed
perl-Package-DeprecationManager-0.170.0-1.mga7.noarch 1500759962 99958 f7edf6fd0463d180daf6c5a284a9ba5e installed
lib64archive13-3.3.2-3.mga7.x86_64 1504817719 772808 d20171d8e476e7cc65402700fa62302f installed
perl-Test-Run-0.30.400-2.mga6.noarch 1466327998 250370 54fa011f35d54f7662d44386c0cb0531 installed
less-487-2.mga7.x86_64 1504717854 567098 5ceb9ab91539d32fbe5cde8d47d16199 installed
perl-List-SomeUtils-0.560.0-1.mga7.noarch 1501243682 171966 9fc54388316489e5e5dca141c1ef3a01 installed
lib64guile2.0_22-2.0.14-2.mga7.x86_64 1514908096 1582616 bfc0678c75f88876762edc64c702159f installed
perl-Test-Run-CmdLine-0.13.100-2.mga6.noarch 1466327993 82784 7a1f6f857940825f5b61f2df43ee8f1e installed
perl-Test-Run-Plugin-ColorFileVerdicts-0.12.400-3.mga6.noarch 1466328102 27343 e559cdf1eb335bfce36d9b5213aa6197 installed
lib64ssh2_1-1.8.0-1.mga7.x86_64 1502010569 386377 bb37d08ec39933cac916d52cd517515d installed
perl-Class-Data-Inheritable-0.80.0-7.mga6.noarch 1466279312 6703 54694ad0af226f542ca1f938614c79b7 installed
lib64fdisk1-2.30.1-2.mga7.x86_64 1505645837 384424 4761b6599719a1888eed322006944694 installed
perl-Test-Class-Most-0.80.0-6.mga6.noarch 1466325773 17001 0eb2212e45b810ff0dc6211e960af5f8 installed
lib64ldap2.4_2-2.4.45-3.mga7.x86_64 1501710364 746880 3a00240ec0d8856547d4a3fb9664a2c9 installed
perl-Template-Toolkit-2.270.0-5.mga7.x86_64 1506993367 1575083 82a6ad4f2be81fe288e5184308f4c7a4 installed
logrotate-3.12.2-1.mga6.x86_64 1495518817 123127 c006df14190b7696fddf8d3a71fbf950 installed
perl-MooX-0.101.0-8.mga6.noarch 1466310638 38355 0cb60a8f72474d5f43a6961e25321ed5 installed
diffutils-3.6-1.mga7.x86_64 1504104894 1299541 739aa3b578be7f489d27d21fbd635c87 installed
perl-Code-TidyAll-0.690.0-1.mga7.noarch 1512943066 368217 dee057d1474c0a9173d2911c497a71d8 installed
lib64idn11-1.33-3.mga7.x86_64 1507120831 252044 a45b7579a4e894f2a16888cbcc927a51 installed
lib64rhash0-1.3.4-4.mga7.x86_64 1500310298 151320 f526af9fc82a4c3fe5abad32d29e675b installed
lib64gio2.0_0-2.54.3-1.mga7.x86_64 1515447294 1696216 a193e2eaf15b9fe5c1a46fe93495586c installed
perl-Task-FreecellSolver-Testing-0.0.11-1.mga7.noarch 1501707690 46695 9b22aecbf270dd527924602c5c092cc6 installed
desktop-file-utils-0.23-2.mga6.x86_64 1471486494 328020 9676a035e4a8dbcb96dcbafdd3027b2d installed
the_silver_searcher-2.1.0-1.20170825.mga7.x86_64 1511360010 111227 93e65a5e396e40556ea6f8ff0c23947c installed
groff-for-man-1.22.3-1.mga6.x86_64 1448985700 2712980 13b9c014c20f68dbc7d239aaba2bbcf7 installed
lib64gmp-devel-6.1.2-2.mga7.x86_64 1516266597 2361296 e9207b7a848403028519694da2320bf7 installed
python3-pkg-resources-36.2.4-6.mga7.noarch 1506931547 840129 b1038fbe39eebe455a9215808bf09954 installed
lib64python3.6-stdlib-3.6.2-4.mga7.x86_64 1514912703 30186459 95542d20e2b6c9f66884f09d7f2eab59 installed
python3-libcomps-0.1.8-3.mga7.x86_64 1501826474 143562 2c237eba9903440ce938aee2e4581c09 installed
gcc-cpp-7.3.0-0.rc.20180117.1.mga7.x86_64 1516234135 23869096 343cd8847cde522c763384c373b17683 installed
python3-six-1.10.0-3.mga7.noarch 1501763932 119471 96a02f326db8044d535ca7709b0bb47b installed
lib64python2.7-stdlib-2.7.14-1.mga7.x86_64 1512514289 20886590 d72e87d0315cd4ec1129a7cf5c5e9b2a installed
procps-ng-3.3.12-1.mga6.x86_64 1471034217 1188740 a3db0f3e7db01bd0115cb6b05d1bec39 installed
nss_tcb-1.1-7.mga6.x86_64 1455304952 11208 b25dfe34dcb5fedeb8d49af486d4a03b installed
systemd-units-236-4.mga7.x86_64 1515525474 491505 e0b7bd4a4585c787ddaeab668ac41da9 installed
gpg-pubkey-80420f66-4d4fe123 1297080611 0 (none) installed
python3-rpm-generators-4.13.0.1-2.6.mga7.noarch 1502063982 65745 3d0b5758fa8ce5d048e64eb02db290cc installed
libsecret-i18n-0.18.5-2.mga6.noarch 1497173869 76954 0a18a627e5ca592a5604ba9d56a7b574 installed
gnupg2-2.1.22-2.mga7.x86_64 1514902652 10929080 b00eda79226ed8845a8ab127d7eff4cc installed
rpm-mageia-setup-2.25-2.mga7.x86_64 1505097451 7519 e363229dbabf943f3213105bc7d80c8b installed
lib64repo0-1.7.20-3.mga7.x86_64 1501875745 168904 df9a128c5ca1365e061b7529caff10be installed
python3-rpm-macros-3-5.mga7.noarch 1502797638 1509 415cf583725fc4b0ef89a19f2bed276a installed
lib64dnf1-0.11.1-1.mga7.x86_64 1508939546 312089 74fc5af1402c32355f8ff007ca5b6672 installed
hawkey-man-0.11.1-1.mga7.noarch 1508939546 14996 935e6ceab6c7723566594cbd497c0695 installed
python3-gpg-1.9.0-1.mga7.x86_64 1509525302 1252610 4863bbd95d0a2375dcda725efe960e78 installed
dnf-2.7.5-1.mga7.noarch 1508941590 1388586 2de15a0b277cc5f5c063af1bbd98f705 installed
mageia-repos-pkgprefs-7-0.0.1.mga6.noarch 1500235408 0 f37eb5898948e055f1f0e9e80f82b4ab installed
dnf-plugins-core-2.1.5-1.mga7.noarch 1508942412 238914 a5657b137c5a4e78a4a2693b5567c8c0 installed
libgpg-error-common-1.27-1.mga7.noarch 1509489084 422805 66ded465ccfdb4d97dd341fe193b062f installed
gdb-headless-8.0.50.20171213-1.mga7.x86_64 1514620166 7775014 d8efd822bcccc2ac524dbf9e6b6d2978 installed
guile-runtime-2.0.14-2.mga7.x86_64 1514908096 9408506 a2d9e8229e2af66d34574ba73bb3c4dc installed
dash-static-0.5.9-2.mga7.x86_64 1504379672 132963 fbc73310aa121964bf2bb247f394c8e4 installed
lib64sigc++2.0_0-2.10.0-1.mga6.x86_64 1474720461 81145 0500f98a5ae39bb306871ace10825cea installed
python-srpm-macros-3-5.mga7.noarch 1502797638 621 87343683ca6ab6e94e7b1232d8f88160 installed
lib64xml++2.6_2-2.40.1-2.mga6.x86_64 1448795881 216368 ce47596e73949eca28f3a24cd817175e installed
sash-3.8-6.mga6.x86_64 1455302300 996788 c18a24d8c9f8951a6c7fcf9c2a84e5eb installed
lib64voikko1-4.1.1-3.mga7.x86_64 1514903435 288521 6e2767316f4e57d72faedb97303847a3 installed
common-licenses-1.1-8.mga6.noarch 1455896735 167218 c6035793ecaec8366a181fa988e54405 installed
lib64enchant1-1.6.0-14.mga7.x86_64 1501944165 84928 1806c7aa33693c0935a4cdfb067dbfe8 installed
setup-2.7.24-1.mga6.noarch 1472710689 702922 db4e26b38ea982361479a37bf17416f8 installed
rpmlint-1.10-2.mga7.noarch 1510496455 1092356 212919633866d89156853b2105edb8ee installed
grep-3.1-1.mga7.x86_64 1504106597 667265 0e59b4e6447afeb783c52eda2c2cca71 installed
elfutils-0.170-1.mga7.x86_64 1505978332 1954144 ab7204d7b2b475005898d8d60824a2ef installed
lib64pcre1-8.41-3.mga7.x86_64 1513263578 468032 8dd5dd653be7b7aa4c7408f244f9ece8 installed
gettext-0.19.8.1-1.mga6.x86_64 1465844977 1641775 7c49cef108a7217368dea80af0ff694c installed
perl-base-2:5.26.1-2.mga7.x86_64 1516303054 6226292 dafa10e70d6bf29b9dcd743fc28e48a8 installed
rpm-mageia-setup-build-2.25-2.mga7.x86_64 1505097451 142980 b0009ca661060d58ef55163838d917fc installed
lib64bz2_1-1.0.6-11.mga7.x86_64 1515081866 70165 d76161a9dc86d1e9d952568efaef7083 installed
basesystem-minimal-1:7-0.1.mga7.x86_64 1502718147 0 b9a2c7b5c934c182ce4bd681b8a73e6a installed
chkconfig-1.10-1.mga7.x86_64 1508027479 763425 fdd81b38a1fca61b24aa6d366f1900d4 installed
lib64rpm8-1:4.14.1-2.mga7.x86_64 1516483050 678592 b11ac8a077345236d565209ccaa94c64 installed
lib64elfutils1-0.170-1.mga7.x86_64 1505978332 840431 46e796c124953f53024a68c80381d818 installed
rpm-1:4.14.1-2.mga7.x86_64 1516483050 2023463 04c158d7a9aa79baec56a3214ada9a10 installed
lib64cap2-2.25-1.mga6.x86_64 1460387733 71216 0b8534a73aeabf685c76a1bac063adec installed
python3-rpm-1:4.14.1-2.mga7.x86_64 1516483050 188806 b732703a272949de0484e17622eda184 installed
lib64db5.3-5.3.28-14.mga7.x86_64 1515161363 2333798 cffc1c98db18cefcd02bcbe3aa3f7b1d installed
rpm-plugin-syslog-1:4.14.1-2.mga7.x86_64 1516483050 11304 e1239fc80b2e44efad053186511a6452 installed
lib64expat1-2.2.5-1.mga7.x86_64 1509563979 206424 3a771e6bf3b4998893f165c4b8219304 installed
glibc-devel-6:2.22-27.mga7.x86_64 1516479354 5909290 61090995358704a309cc93086c4a8482 installed
lib64glib2.0_0-2.54.3-1.mga7.x86_64 1515447294 1523882 02e242c15498118ea2cfa84842ceee10 installed
publicsuffix-list-dafsa-20180111-1.mga7.noarch 1516472428 54580 78f2e86097c76d8a8176784d39abaf80 installed
lib64gcrypt20-1.8.1-1.mga7.x86_64 1509527223 1274794 e60d87ae7111acd871d2d8641dbd0f87 installed
perl-MRO-Compat-0.130.0-1.mga7.noarch 1500757369 25159 4e30191585cf3951e5ab0b6de8d7f4ec installed
lib64mpfr4-0:3.1.5-2.mga7.x86_64 1516266801 402128 f6364939a494835b8906d4fb17a5b967 installed
perl-HTTP-Date-6.20.0-7.mga6.noarch 1466301331 20799 6d117b6b698fba9a8436851d153fa314 installed
lib64mpc3-1.0.3-2.mga7.x86_64 1516266740 108477 5af5404f8327cd78565e977fd70cef94 installed
perl-URI-1.730.0-1.mga7.noarch 1515676825 268685 bb404adabd078167dc7b8c5f33dc7967 installed
xz-5.2.3-2.mga7.x86_64 1504715941 506967 a5cb6d0ae322e0ecf5e082a975d3c4ca installed
perl-Params-Util-1.70.0-15.mga7.x86_64 1506989697 90718 d36c064de7513730b744e7df9d6d4c6c installed
lib64magic1-5.32-1.mga7.x86_64 1508361504 149880 ce7004ce05fccc2529ccf48f1dc9377f installed
perl-LWP-MediaTypes-6.20.0-7.mga6.noarch 1466305495 63469 3705f9515a8cbbf7c12fe176f60ac944 installed
lib64attr1-2.4.48-1.mga7.x86_64 1516178326 19960 076be52ab49fbf9566eee5e582c92708 installed
perl-Sub-Name-0.210.0-3.mga7.x86_64 1506992930 138503 41c02080f8768324f6b65756a61d9094 installed
coreutils-8.28-1.mga7.x86_64 1505152406 14438756 941ad53c2f154c4b4a845942f8aa8c76 installed
perl-Text-Glob-0.110.0-1.mga7.noarch 1500762028 11211 1dce6d7cbcc29e9af28ad3efff214557 installed
lib64udev1-236-4.mga7.x86_64 1515525474 124032 b9e2fa614250a45a8c7292b88c353172 installed
perl-Sub-Install-0.928.0-5.mga6.noarch 1466323252 71762 1a2afe30a477287ff1df630dd3b0c19c installed
lib64sigsegv2-2.10-7.mga6.x86_64 1455214956 68787 f7bcb407d23e09f9fff70d01b1c81c1f installed
perl-Sub-Exporter-0.987.0-6.mga6.noarch 1466323117 129911 0833e028f21eb52ca1a1bd4736773094 installed
lib64gdbm4-1.13-1.mga7.x86_64 1512139345 86049 68ffb25c84abd7bedfa9a307cfd16e38 installed
perl-Capture-Tiny-0.460.0-1.mga7.noarch 1500753779 76953 0137d2599f4fa9218858321949345da3 installed
lib64tcb0-1.1-7.mga6.x86_64 1455304952 25160 3a33ecf358decda0ce4d75a815343093 installed
lib64apr-util1_0-1.6.1-2.mga7.x86_64 1514034801 230435 0d32de7b7bede6c28feb15445aebfaeb installed
gettext-base-0.19.8.1-1.mga6.x86_64 1465844977 3429413 d7a4e341a05dc64eef437d09f689a006 installed
perl-Encode-Locale-1.50.0-3.mga6.noarch 1466294195 22191 c556869ce7f736a14b11b111974b7083 installed
lib64p11-kit0-0.23.2-2.mga6.x86_64 1463186562 422254 5e5097ce2f8d213c38c02914bb9d0fee installed
perl-XML-SAX-Base-1.90.0-1.mga7.noarch 1500762760 179634 9601c1393a8e85894ffbfc4704a599f6 installed
kmod-24-2.mga6.x86_64 1495518618 196553 42a2af9eed0855c4502a39a0c0d75741 installed
perl-Package-Stash-XS-0.280.0-13.mga7.x86_64 1506989531 78454 ec354e1d55f395ffa37f14d4b9daa563 installed
hostname-3.18-1.mga6.x86_64 1470925066 37619 9d85525953b414224933f7ad6bd610fe installed
perl-Sub-Exporter-Progressive-0.1.13-1.mga7.noarch 1500761054 31127 5ad73baf97d9ab517a221b8aff8ef076 installed
lib64audit1-2.8.2-1.mga7.x86_64 1513726185 115675 a4b133347f7f6a39e4721f4aa984c3f0 installed
perl-Data-Dump-1.230.0-3.mga6.noarch 1466285216 53252 6eeabc32e72e38b6cd1e3083c919ea67 installed
lib64lz4_1-1.8.0-2.mga7.x86_64 1513017078 86128 72431eb58165b61c47875c8b0bf341e6 installed
perl-Sub-Quote-2.4.0-1.mga7.noarch 1501232973 36380 7c766e30deeb5fd3b61815636219fc83 installed
lib64procps6-3.3.12-1.mga6.x86_64 1471034217 99389 7163687c66559c87d52727fb39d5a01d installed
perl-Parse-RecDescent-1.967.15-1.mga7.noarch 1500760392 432569 603dd4a3bde229b8e5145f456913f22e installed
pam_tcb-1.1-7.mga6.x86_64 1455304952 40132 ac50aab20b6267d8bb252a47f3f0a4b4 installed
perl-YAML-LibYAML-0.690.0-1.mga7.x86_64 1514393904 199734 6166bea8ea2656498925877136f011df installed
perl-YAML-Tiny-1.700.0-1.mga7.noarch 1500762979 172401 296b2791ba7aa313b14a13175da711bd installed
perl-Test-RunValgrind-0.0.2-1.mga7.noarch 1514302488 49881 137c32765a862d33af7c2a71ea22e786 installed
perl-JSON-2.970.10-1.mga7.noarch 1514072229 253670 9a9db94d0e3cce4ff9701cf3e5b8adff installed
perl-Test-Exception-0.430.0-2.mga6.noarch 1466326216 33412 e3047bc751f1e29e6820b667ad56cf56 installed
perl-Exporter-Tiny-1.0.0-1.mga7.noarch 1500650345 91285 6e4366c47c0bee0f9caa17ba3b664a85 installed
lib64svn0-2:1.9.7-5.mga7.x86_64 1514814820 4450333 b29117893932ed5bc7f4527962340db2 installed
perl-List-MoreUtils-XS-0.426-1.mga7.x86_64 1507015898 159853 da3a44bfa3be71402407d8376531d7a7 installed
perl-File-Find-Object-0.3.2-1.mga7.noarch 1500754836 81255 3b468e9a440a2d5aa5147b54562cbefb installed
lib64cryptsetup4-1.7.5-1.mga6.x86_64 1493634028 166720 dc4ce80d81baf2f5d92145831bcfd5a2 installed
perl-Perl-Tidy-Sweetened-1.120.0-1.mga7.noarch 1500476916 75065 9752a5b9c2eec5c9f34c0683ae71c2cd installed
lib64usb1.0_0-1.0.21-1.mga6.x86_64 1478193234 143540 b72779d0aab170441f806ea394b77b25 installed
perl-WWW-RobotRules-6.20.0-8.mga6.noarch 1466334979 26877 6359f5a2254e18b48cd5deea47e38af5 installed
lib64babeltrace1-1.5.3-3.mga7.x86_64 1512031857 563091 8074cd96f4d92d6393c6be41873cd74d installed
perl-Test-Fatal-0.14.0-3.mga6.noarch 1466326281 75863 99fb8e81c5a4f256ca42b1b70ac677f8 installed
lib64comps0-0.1.8-3.mga7.x86_64 1501826474 206784 fca14d4f9302432e39002152d569e09b installed
perl-Encode-Newlines-0.50.0-2.mga6.noarch 1466294203 29090 0d0e5f28ff65ab0b74577657030bd6cf installed
dwz-0.12-2.mga6.x86_64 1455174740 225249 98b6fdf928f9a85196a3bd897b783894 installed
perl-B-Hooks-OP-Check-0.220.0-2.mga7.x86_64 1506967660 18403 f131150629e602bd74b7e678a11e29fc installed
unzip-6.0-18.mga7.x86_64 1513804348 738662 3b0e1c3eaf5dd37629b8cbce4628b6cf installed
perl-HTTP-Message-6.140.0-1.mga7.noarch 1514072205 251934 a87d5af72ff658e6c07710c4e0884d0c installed
perl-YAML-1.240.0-1.mga7.noarch 1509467431 190910 1ef825c76351089de0a3e3d89ff49fa3 installed
perl-HTTP-Daemon-6.10.0-7.mga6.noarch 1466301339 40889 29b6343315bb2f1b4345f9d25885c6fd installed
perl-MDK-Common-1.2.34-1.mga7.noarch 1509151121 122580 9f908e4173dd08c0cb6e46776a96f82c installed
perl-HTML-Tagset-3.200.0-9.mga6.noarch 1466300982 19462 e093c791b519240881e580385026bb24 installed
lib64pcreposix1-8.41-3.mga7.x86_64 1513263578 11240 f037cb206cc0f27b357f2d7c1bde7bb4 installed
perl-libwww-perl-6.310.0-1.mga7.noarch 1513075674 604716 c030d96895df4227c43711743bc46a05 installed
lib64fuse2-2.9.7-3.mga7.x86_64 1507356443 288890 ba41c91371b56d98c26a542c3f1cd8c8 installed
perl-XML-SAX-Expat-0.510.0-6.mga6.noarch 1466338041 27088 ba2731eeeebbac1054f7e40c47636cf2 installed
ifmetric-0.3-17.mga6.x86_64 1455503911 16448 e979cd8efa3ae96ede6b157433f79a31 installed
perl-SVN-Look-0.410.0-5.mga6.noarch 1466323479 42322 9664d46ba6ab4867504f08d8069499f5 installed
lib64smartcols1-2.30.1-2.mga7.x86_64 1505645837 185328 7a07a21832fbfb67b7fe7e4bced85bb0 installed
perl-Tree-DAG_Node-1.290.0-2.mga6.noarch 1466331703 143935 9c7d99c957629dc8a4732a13c129e199 installed
lib64pcre16_0-8.41-3.mga7.x86_64 1513263578 426968 2db3623137352da581b94629fb035c74 installed
perl-Variable-Magic-0.620.0-1.mga7.x86_64 1509974253 128479 6d32351bdae231d36643f92d8804bfdc installed
pcre-8.41-3.mga7.x86_64 1513263578 240175 6f5f1a8411e8efe91cffc6d5b94efd02 installed
perl-Class-Inspector-1.320.0-2.mga7.noarch 1506969541 64349 b3ca6be3f7adff55bd1b188cef7e4d2a installed
lib64qrencode4-4.0.0-1.mga7.x86_64 1507398084 649360 fcf886896298ff85064691d200e7b883 installed
perl-PerlIO-utf8_strict-0.7.0-3.mga7.x86_64 1506990445 43173 31732cb54413fc5a605413abab93a1fc installed
nss-myhostname-236-4.mga7.x86_64 1515525474 807832 f93bd977a12fb615b26aaaca0291753b installed
perl-Config-INI-0.25.0-3.mga6.noarch 1466282531 109627 d337b46017db2e4a5e9c166b473e1418 installed
ifplugd-0.28-20.mga6.x86_64 1455504116 114560 0853a7561355f4d848a3e83ae7570c4f installed
perl-Time-Duration-Parse-0.130.0-2.mga6.noarch 1466331025 29596 bd71cd17e4bc882dd09dc140a20fcbd6 installed
lib64atomic_ops1-7.6.2-1.mga7.x86_64 1515217929 6904 ace678c62d7843b1087d5e9604bd4277 installed
perl-Pod-Wrap-0.10.0-3.mga6.noarch 1466318332 21432 617021c8084bddc9bbe86ef49a453faa installed
lib64nghttp2_14-1.25.0-1.mga7.x86_64 1504881070 159028 0fb6b9c85f7d22071c6ccf2c7ef69853 installed
perl-Pod-Tidy-0.100.0-3.mga6.noarch 1466317880 60920 a1d27f0520562936db8087b536a971d3 installed
lib64gnutls30-3.6.1-3.mga7.x86_64 1509119225 1417336 8be158aee4c86e37907339312a308f89 installed
perl-Pod-Spell-1.200.0-1.mga6.noarch 1462710572 77083 584d2f43782d02e5124b8b0236afe790 installed
lib64lockdev1-1.0.4-0.120111007git.12.mga6.x86_64 1455235590 29727 e89ab7fb01128f798fb70d2086235765 installed
perl-JSON-MaybeXS-1.3.9-1.mga7.noarch 1501230871 27353 5875089e409b50673b0e15642a1beff6 installed
lib64brotlidec1-1.0.2-1.mga7.x86_64 1512738609 49620 89fb93dd2bda381a509843223a5d3edb installed
python3-pycparser-2.14-4.mga7.noarch 1515790162 630878 c0048c5908cb61d8982f00ad19b79411 installed
lib64sasl2_3-2.1.26-14.mga7.x86_64 1514029257 125280 0a60d5e8d06f8428c110fa798b0c3cc3 installed
perl-File-Find-Object-Rule-0.30.600-1.mga7.noarch 1500754833 81060 ae85e82acc0b222311b4a0a86537f3f2 installed
lsb-release-2.0-53.mga7.noarch 1500236526 19261 2b597d45c9b96a401fcd6db89930b98c installed
libstdc++6-7.3.0-0.rc.20180117.1.mga7.x86_64 1516234135 3139684 fc4a1d5450e1737d91595506ada5c972 installed
lib64ncurses6-6.0-20171223.2.mga7.x86_64 1515311877 655040 4401841ca25f98e448b46cd26090139a installed
sed-4.4-1.mga7.x86_64 1508034718 978495 8f53b4538f2469f0176df41ef93901f2 installed
lib64blkid1-2.30.1-2.mga7.x86_64 1505645837 290856 6de152caae4cfd8956ae63570054f9ef installed
lib64readline7-7.0-1.mga7.x86_64 1508422595 355512 d9c3c6cf27b1db112c5d4543a9b96a05 installed
findutils-4.6.0-1.mga6.x86_64 1451426987 1682205 af9979ee197ced62509b3d3d69c14636 installed
mageia-release-Default-7-0.4.mga7.x86_64 1515337584 819 65d2e3a3c13e9485997afb42c0608ab6 installed
mageia-repos-7-0.0.1.mga6.x86_64 1500235173 38571 e265fca52471f9cdd80644ec6f8e6cd0 installed
lib64ext2fs2-1.43.6-1.mga7.x86_64 1504972815 430823 46020c92c0e062f3a0c87ca9bca94ca2 installed
lib64mount1-2.30.1-2.mga7.x86_64 1505645837 328504 7c504bd6de5aa9b573b480af75b16f72 installed
libuser-0.62-12.mga7.x86_64 1515510938 1675098 c2c6fe887ca18a571f7dfb2f2f3d9be6 installed
lib64openssl1.1-1.1.0g-1.mga7.x86_64 1509956404 3419099 e011485df1e6fb171f6463e33e80f90a installed
kbd-2.0.3-1.mga6.x86_64 1451607906 3354235 d5adad64f340f3a9fb266596715af861 installed
binutils-1:2.29.1-8.mga7.x86_64 1516267714 27092550 88b33e355c4fb4bbc38162027c4655db installed
gzip-1.9-2.mga7.x86_64 1515695801 265252 d14f2cae01bbd724ff4269d9ced25b87 installed
lib64gc1-7.4.2-8.mga6.x86_64 1496600903 204901 9de5e7bd7af147f6fa3639a0f656c9c7 installed
libsolv-tools-0.6.30-1.mga7.x86_64 1508936051 325239 09e8915937d87d677b3e0b497c86be86 installed
deltarpm-3.6.1-6.mga7.x86_64 1504204393 841532 78abdac72f78eb945758584725f74321 installed
cpio-2.12-3.mga6.x86_64 1458058612 909720 dd1b933f25ec685464835e967fcfb499 installed
krb5-1.16-1.mga7.x86_64 1516303251 229886 672a9a2f50824e312cd74f1d91cc4302 installed
libutempter-1.1.6-5.mga6.x86_64 1455215518 39893 21c29c359d56ff79b975cb67aab26837 installed
openldap-2.4.45-3.mga7.x86_64 1501710364 15507 73bf493cd2bcf7dbe8ac82c9842c77de installed
lib64curl4-1:7.57.0-2.mga7.x86_64 1512741055 553584 bb8576e715905e29fc15710713fedd7f installed
etcskel-1.63-34.mga6.noarch 1455896840 4609 c0908ca80e979be1bd0c6405f7ca011b installed
time-1.7-45.mga6.x86_64 1455305815 22414 f7115f3406ca61ec1b0a63c5e3bc6692 installed
make-1:4.2.1-1.mga7.x86_64 1505505940 1477713 0dba2065a4d32b7aa34a7001675c1dca installed
m4-1.4.18-1.mga6.x86_64 1483272404 293307 4695c9954f4849a07497c819f5d39bc0 installed
automake-1.15.1-1.mga7.noarch 1508027706 2468865 30a780734e4131151d373d02a0de4897 installed
iputils-20161105-2.mga6.x86_64 1480335214 323382 53be525563c805ca3947d6935b59fa76 installed
shared-mime-info-1.8-2.mga7.x86_64 1505266429 2351729 538550cdbb487c7044f8126294b59811 installed
lib64secret1_0-0.18.5-2.mga6.x86_64 1497173859 336248 1d434189d1655503ca0bf257234553be installed
pinentry-1.1.0-1.mga7.x86_64 1515218917 234578 dfc9ea197d6ccde63403ab68fa56c2ed installed
vim-minimal-8.0.1428-2.mga7.x86_64 1515188120 886602 69a3055afde21cacfba98910aeb310f2 installed
lib64gettextmisc-0.19.8.1-1.mga6.x86_64 1465844977 980193 b32d2ebfe4e8d967810ced20187f8c85 installed
lib64icu59-1:59.1-5.mga7.x86_64 1514477185 4607600 ace9ed9d4ddd9b6eba25e45d9f45d89f installed
python3-setuptools-36.2.4-6.mga7.noarch 1506931547 1322120 b5c0baab1e39a17b81661f6c8327def6 installed
python3-pip-9.0.1-2.mga7.noarch 1501347836 9373485 3fcc885df78db794a07503bc4edd6ed6 installed
lib64python3.6-3.6.2-4.mga7.x86_64 1514912703 2801688 f4b579dd64cd5410f0e79ff52713d960 installed
lib64girepository1.0_1-1.54.1-1.mga7.x86_64 1506948404 217064 04cb5d7e5074c46ceb692c2d5891dee7 installed
libstdc++-devel-7.3.0-0.rc.20180117.1.mga7.x86_64 1516234135 11277975 e5b39276d587e6c0086a1c819e358d3d installed
python2-pkg-resources-36.2.4-6.mga7.noarch 1506931547 924201 f31015f3ad5c48d77bce5a8336f789ac installed
lib64isl15-0.16.1-1.mga6.x86_64 1453661691 1694056 feec0ee8b973be4503705a4ab591befd installed
gcc-7.3.0-0.rc.20180117.1.mga7.x86_64 1516234135 51625610 b6ce665cbebd43933e3299890dcd7df8 installed
python3-magic-5.32-1.mga7.noarch 1508361504 17965 7a9f7480e4554341712233dc1083c7b7 installed
python3-iniparse-0.4-15.mga7.noarch 1501797718 146627 192802484d68fc12b96da5bf59c16e83 installed
lib64python2.7-2.7.14-1.mga7.x86_64 1512514289 1825960 94de4034407b825469718c94980e1e69 installed
lib64dbus1_3-1.10.16-1.mga6.x86_64 1487347310 333344 ea27da666355c11ea7dce763c90c78d5 installed
lockdev-1.0.4-0.120111007git.12.mga6.x86_64 1455235590 8004 dc37189ee820fec85f88cd61aaa62966 installed
tcb-1.1-7.mga6.x86_64 1455304952 46677 b8b75a1c4262fecfa7ea4c29bbf70759 installed
pam-1.3.0-6.mga7.x86_64 1504615160 930805 a0f98bef7cae7f0616f9ae50eef15f30 installed
util-linux-2.30.1-2.mga7.x86_64 1505645837 11304700 9f901e2a1aeab5f877e097b96245b887 installed
systemd-236-4.mga7.x86_64 1515525474 19027105 d0df39d0a4e453c5240fca753a6e00d4 installed
net-tools-2.0-0.20150915git.4.mga6.x86_64 1481358697 934275 d76b6f6826c41aef91398e42bfe28f1b installed
initscripts-9.78-5.mga7.x86_64 1515038429 6717658 ccb71334108d4d7f5fd75f52c45aabf7 installed
perl-Algorithm-Diff-1:1.190.300-4.mga7.noarch 1506959712 111645 df288e9b8d0b1c651faa5818b7c39208 installed
perl-Test-Differences-0.640.0-2.mga6.noarch 1466326112 30876 8a7e4b983c525420afb6eda93c0b1fe4 installed
perl-TimeDate-2.300.0-6.mga6.noarch 1466331015 98174 200678f14c2bdbbc165f5e3e8c794d0e installed
perl-Log-Any-1.704.0-1.mga7.noarch 1514072367 167604 19a929bffce69b2e97312e49d3af333a installed
perl-IPC-Run3-0.48.0-5.mga6.noarch 1466302923 67141 400cf400af0ad328fb617d8694be781a installed
perl-File-Zglob-0.110.0-9.mga7.noarch 1506979192 14109 7f9471ec2447ac79eb34136ecd772a7e installed
perl-Module-Runtime-0.16.0-1.mga7.noarch 1508356996 36854 9d038208f0fd9cfbc06c7054fe7dc9bf installed
perl-B-Hooks-EndOfScope-0.210.0-1.mga7.noarch 1500753512 133372 54f9a033eba38647d81d0308eb003dbb installed
perl-Package-Stash-0.370.0-3.mga6.noarch 1466314738 96746 3e721c86d607a944d852e285a7a0a28f installed
perl-namespace-clean-0.270.0-1.mga7.noarch 1500763238 29555 33deda52a50554399125b0348873039e installed
perl-Import-Into-1.2.5-3.mga6.noarch 1466301934 23640 e13bfd00940e915455bfbe9e8a6e8ec5 installed
perl-Specio-Library-Path-Tiny-0.40.0-1.mga7.noarch 1501255764 81486 65087d06565dbf047823f3be9a352e04 installed
perl-Devel-OverloadInfo-0.4.0-3.mga6.noarch 1466288500 31866 dae685b380e8ff0fc26921516d025c24 installed
perl-Module-Runtime-Conflicts-0.3.0-1.mga7.noarch 1500758332 117593 b9632c383b0786b7d2106bb032af15b9 installed
perl-MooseX-StrictConstructor-0.210.0-2.mga7.noarch 1506987262 108584 da413b54a0f1a5d832906bba4a913657 installed
perl-MooseX-Role-Parameterized-1.100.0-1.mga7.noarch 1501241207 181514 b3b92ce66b31c73f784fc1fb8dbc1b5b installed
perl-Method-Signatures-Simple-1.70.0-7.mga6.noarch 1466307313 33179 244b98264f5ea4e2562c9c455cc076fa installed
perl-Params-Validate-1.290.0-3.mga7.x86_64 1506989776 231102 262c5466f4b1af1ec81966d46f7a2f9d installed
perl-MooseX-Getopt-0.710.0-1.mga7.noarch 1500759048 224159 2e1c7db0e86c64607cb63b8f7a1eb832 installed
perl-Test-Run-Plugin-TrimDisplayedFilenames-0.12.500-3.mga6.noarch 1466327970 20368 af60d369674eefe3d0f474fa527514bd installed
perl-Test-Run-Plugin-BreakOnFailure-0.0.5-3.mga6.noarch 1466328070 17874 338deed2e2f4ee5c996a5039d151f45a installed
perl-Test-Run-Plugin-ColorSummary-0.20.200-2.mga6.noarch 1466328025 20100 c5cebf4347c6accfed42878bdade688e installed
perl-Test-Class-0.500.0-3.mga6.noarch 1466325731 170862 788a24e8358374d2cfba8447ec04b7e1 installed
perl-Exception-Class-1.440.0-1.mga7.noarch 1512977593 153758 207ee2c0db70289cf95e86eb645c80d9 installed
perl-Test-Most-0.350.0-1.mga7.noarch 1500761753 44047 d6ae88e91088e773bce9ecab6d99b891 installed
lib64tap0-1.03-7.mga6.x86_64 1454434319 13305 c7cbe141d0195d0d1ead767447f01ed9 installed
perl-AppConfig-1.710.0-4.mga7.noarch 1506961706 196790 2cb39b40407a7ec0fb6d6013c1780fd1 installed
perl-Type-Tiny-1.2.1-1.mga7.noarch 1500802543 703855 edcd054993894ebd958297a31df7e817 installed
perl-Moo-2.3.4-1.mga7.noarch 1512196405 170945 ddfcb8c9760e1c50548a867ed9c2246b installed
perl-MooX-late-0.15.0-5.mga6.noarch 1466310731 47545 327bc74d7fd20bddf6a861d596f53199 installed
perl-Mason-Tidy-2.570.0-4.mga6.noarch 1466306079 68518 9e59ae15627640180347805e3d39cfe2 installed
perl-Pegex-0.640.0-2.mga7.noarch 1506990077 257517 e90dcca9e0531d402fcc93aac58df82d installed
lib64uv1-1.18.0-1.mga7.x86_64 1512749910 193062 19900a1325eee9587b3a7dda778a7cc6 installed
lib64jsoncpp19-1.8.3-1.mga7.x86_64 1507878053 207216 8d33dc82c6f7ee048d1f765545fbdb8b installed
perl-Env-Path-0.190.0-7.mga6.noarch 1466294248 35673 1abcf7295db9ccf175e5fa831b2a5d89 installed
cmake-1:3.10.1-1.mga7.x86_64 1514825298 26259965 bfada27757415d613863da4c4cf1d06c installed
python3-cffi-1.11.1-1.mga7.x86_64 1507615097 1000766 3fb59a2153be4a70119b704f359800fb installed
python3-random2-1.0.1-5.mga7.noarch 1501880255 81162 96f8373fb6b9e8afd64c4155ce2113c9 installed
gperf-3.1-1.mga6.x86_64 1486340881 232856 143a28dda0f236f7cf6173c236881338 installed
valgrind-3.13.0-10.mga7.x86_64 1515358392 50994986 7f95d18fd99c7b83787be5547c3a2189 installed
python-rpm-macros-3-5.mga7.noarch 1502797638 3278 aadb3c7bcfb7a2cf6da62300e6f8cf13 installed
lib64gpgme11-1.9.0-1.mga7.x86_64 1509525302 337752 667c6a1f103983610aa1e9519f99081f installed
mageia-dnf-conf-1.0-1.mga6.noarch 1461537916 29 ebe7ee8039a6b5ed2a8f4cd1ee1cf046 installed
python3-hawkey-0.11.1-1.mga7.x86_64 1508939546 175811 1713dc51dbf245fae51065765ac28584 installed
icu59-data-1:59.1-5.mga7.noarch 1514477184 26290848 47c4f20ceb6ff1c522e9172d20403313 installed
python3-dnf-plugins-core-2.1.5-1.mga7.noarch 1508942412 179837 dadae30c5212c9375ccdbad0081d1f15 installed
mageia-repos-keys-7-0.0.1.mga6.noarch 1500235408 1666 2e54f5ee602a430a0265583fd3ffb1ab installed
passwd-0.79-6.mga6.x86_64 1455253903 395731 f4336b99eeb54b719bba079b8a6f537c installed
popt-data-1:1.16-13.mga6.noarch 1456060419 60192 e2f0bbc20efb9468c20917ebbcaed90f installed
lib64glibmm2.4_1-2.52.1-1.mga7.x86_64 1513618276 2470021 920d4aeb895e53adbae402e0cd63f8eb installed
cmake-rpm-macros-1:3.10.1-1.mga7.x86_64 1514825298 4534 3d4cf3469cf1b105eb7866043f93e89d installed
enchant-1.6.0-14.mga7.x86_64 1501944165 34932 138af6fc54b0da10ad98c295ae65139a installed
run-parts-1:4.4-7.mga6.x86_64 1455301833 93729 a8d8c564e895e3049e0aee4d6b372cba installed
rpmlint-mageia-policy-0.2.29-3.mga7.noarch 1501191269 11898 2b103f51afa363e7b0f6b85c568d5e77 installed
spec-helper-0.31.11-1.mga6.noarch 1452376089 32435 2b14d3f147f0951754a0275a05968565 installed
lib64lzma5-5.2.3-2.mga7.x86_64 1504715941 238006 222cbd13b43f8f0078d64e8a6c11231a installed
glibc-6:2.22-27.mga7.x86_64 1516479354 27402943 507e0ff7ee8088cac757d5209423cc5d installed
lib64gmp10-6.1.2-2.mga7.x86_64 1516266597 535367 ce65554e2fb7fadb7e7490d9ea3f77fa installed
lib64rpmsign8-1:4.14.1-2.mga7.x86_64 1516483050 19912 c9e7ff1b9346df5bc25d3673964672a1 installed
lib64gpg-error0-1.27-1.mga7.x86_64 1509489084 83440 607c29b7c519192dde5610695162b052 installed
rpm-plugin-systemd-inhibit-1:4.14.1-2.mga7.x86_64 1516483050 12180 46884d560b7b6c9a606812b9073df169 installed
lib64ffi6-3.2.1-5.mga6.x86_64 1455209060 53623 193f7267b19db640409187a51e0026e0 installed
perl-parent-0.234.0-3.mga6.noarch 1466315403 10828 e1c24b611fae046dcaceca5df45a0f6e installed
lib64idn2_0-2.0.4-1.mga7.x86_64 1507729794 144319 f4d2fc48a6c2808a4772d3c3ffe0055f installed
perl-Path-Tiny-0.104.0-1.mga6.noarch 1487799985 210694 1f37c7d6ce877788affead1ad596055f installed
lib64assuan0-2.4.3-1.mga6.x86_64 1470926306 78864 c574e1725e0cb38c4189d0109700aab5 installed
perltidy-20180101.0.0-1.mga7.noarch 1514761456 1588917 9e0ae7d94cb8dc08a18fc1bbb45c363d installed
file-5.32-1.mga7.x86_64 1508361504 5993468 09f38e2e5fbbc39f6abe9431f4232f1c installed
perl-Sub-Identify-0.140.0-3.mga7.x86_64 1506992915 20574 9f7d8f48e3715ff3a5d5f5bea12bc8c6 installed
bzip2-1.0.6-11.mga7.x86_64 1515081866 141310 f701c08ce40dde58b05b83cb1f081c92 installed
perl-Data-OptList-0.110.0-2.mga6.noarch 1466285506 74955 1ea8110ed352b9a530b720ed171484ba installed
lib64nettle6-1:3.3-1.mga6.x86_64 1475498006 1003216 5758d37931b2ecb7a99f217beb29abe0 installed
perl-Class-XSAccessor-1.190.0-12.mga7.x86_64 1506969869 126066 1380381d085aa1be149813faecebd873 installed
which-2.21-3.mga6.x86_64 1455308603 50534 744d1c75d1640178f7fe94bc9c775fdc installed
perl-Sub-Uplevel-0.280.0-1.mga7.noarch 1500761063 57598 9e8746134fb0799e7b5222df16fb4a56 installed
p11-kit-0.23.2-2.mga6.x86_64 1463186562 62480 ba7e0e93102dfaaaad6456c7d5070d7d installed
perl-Eval-Closure-0.140.0-1.mga7.noarch 1500754749 77720 4fad1cf0145283ef3878891a1154bba7 installed
lib64cap-ng0-0.7.8-2.mga7.x86_64 1501938029 50470 baff33d56fba6c20c9a97a0d9472da92 installed
perl-Test-Trap-0.3.3-2.mga7.noarch 1506994642 108479 bda74e755cd3c949c659b77db5fbcb6b installed
lib64systemd0-236-4.mga7.x86_64 1515525474 524544 f032fc5fc61ba0382cc749cc9323b6b6 installed
perl-Inline-0.800.0-6.mga7.noarch 1506982313 240994 0afa6beac22cb908a97c450def7ea33a installed
cracklib-dicts-2.9.6-5.mga6.x86_64 1481570481 9994892 0e53ab3d9db2591fd64741b3987e95e0 installed
perl-Class-Tiny-1.6.0-1.mga7.noarch 1500476955 58231 8885973989f1ea719b779cf8a6bb9a83 installed
perl-File-Slurp-9999.190.0-8.mga6.noarch 1466296652 49678 42e71e36674d265d5226ec06fc832615 installed
subversion-2:1.9.7-5.mga7.x86_64 1514814820 3816926 91508a1a313f2dc03ab6cb61ec5d5016 installed
lib64hogweed4-1:3.3-1.mga6.x86_64 1475498006 834680 987bb8bb7d414bb2c5dc22df9689aa6e installed
perl-Net-HTTP-6.170.0-2.mga7.noarch 1506988231 123327 385a30c5d5bf246dabf6517fe7869ccc installed
lib64psl5-0.19.1-1.mga7.x86_64 1510404463 56648 a3ff68b9e3eb1f925132fecb99d61754 installed
perl-Pod-POM-2.10.0-4.mga6.noarch 1466317706 209212 9ef6d1fdc9d2f57ed564a985f0b3d89a installed
lib64ksba8-1.3.5-1.mga6.x86_64 1471867840 232304 60b6d0ec33be3c2039b318786d9c3faf installed
perl-IO-HTML-1.1.0-6.mga6.noarch 1466302369 63440 a29708d4efb4966a802c68deab40b8bb installed
lib64kmod2-24-2.mga6.x86_64 1495518618 91680 9543075d50a5d919433e3eb3b6c6fd7b installed
perl-HTTP-Negotiate-6.10.0-7.mga6.noarch 1466301402 29821 7760aaecd40ccd0f8cc612dc01d07424 installed
multiarch-utils-1.0.13-7.mga6.noarch 1455896961 12031 3cc0c1ce186edb678fe4b5fc716e0b53 installed
perl-XML-Parser-2.440.0-11.mga7.x86_64 1506997905 471540 c6ba437bbe68ddeee63991a43483fa15 installed
ethtool-1:4.13-1.mga7.x86_64 1512026844 320657 55ff56aae09027dcfb40254f1ebad40f installed
perl-File-Slurp-Tiny-0.4.0-3.mga6.noarch 1466296700 31179 2a15e8a2f28dc3f1c4a76ef3dd903814 installed
lib64ipt1-1.4.4-2.mga6.x86_64 1460584767 74813 47759b245bf67d4a77f52697f9e9defc installed
perl-Test-Deep-1.127.0-1.mga7.noarch 1500761433 118419 813c09bcc5f1ae3f9378086c90b01fd1 installed
lib64ip4tc0-1.6.1-3.mga7.x86_64 1514846438 32872 d91966a8d88534296fd3c5d38713fd57 installed
perl-Mixin-Linewise-0.108.0-3.mga6.noarch 1466307535 81691 2656e4469cfba30356d40932dcaab16f installed
lib64daemon0-0.14-10.mga6.x86_64 1455208973 28088 571ae182431fb1dcf4e96a6294323b2f installed
perl-Test-Cmd-1.90.0-1.mga6.noarch 1447606800 92801 2ceb6f5fc16cc30ea48f6749d75b736c installed
lib64ltdl7-2.4.6-6.mga7.x86_64 1505148014 41981 56ddbba77f87198ec6ac197bf63b9c2c installed
perl-Lingua-EN-Inflect-1.903.0-1.mga7.noarch 1509360078 132958 b8c73c54f10db5232e10ed2c462b52bc installed
lib64microhttpd12-0.9.58-1.mga7.x86_64 1512749475 244432 fb29a9a007ba25925217af2c117aca67 installed
python3-ply-3.10-1.mga7.noarch 1515560954 840763 b060471fdf248c9555e519d60eb9fc7c installed
lib64verto1-0.2.6-7.mga7.x86_64 1505461537 23060 08bfbafe8dd213969c81b511aeda5868 installed
perl-Test-TrailingSpace-0.30.100-1.mga7.noarch 1500761850 13773 022352bc02c69fac8a5c3dd6abf1f770 installed
crontabs-1.10-22.mga6.noarch 1455896779 677 cc30a7963a2bdc8c2a7e26bb3b2a6ff0 installed
perl-Test-PerlTidy-20130104.0.0-1.mga6.noarch 1480612282 16018 9445b2b63d9a8085fe726f123d924681 installed
bash-4.4-12.1.mga7.x86_64 1508531107 4984928 fdbe0cce500dc4c53948148397f483ab installed
perl-List-Compare-0.530.0-3.mga6.noarch 1466304849 222671 d2476ed8ad23be363904ba7b51ef30bd installed
lib64ncursesw6-6.0-20171223.2.mga7.x86_64 1515311877 447880 365f2afba7c9e2b163c24e99a8b085b0 installed
perl-Module-Build-1:0.422.400-1.mga7.noarch 1501229834 676786 8a208508d94233cab02d6a25d1d2c02d installed
mageia-release-common-7-0.4.mga7.x86_64 1515337584 143016 b72e196cac97047f8ef9eb914f365e24 installed
perl-Dist-CheckConflicts-0.110.0-5.mga6.noarch 1466289334 66047 8828a77b38dd1e0e2db52c5d36d08ba3 installed
lib64lua5.3-5.3.4-3.mga7.x86_64 1512249100 235936 8c03f6d9e35ab11cc662574bbcbb240b installed
perl-namespace-autoclean-0.280.0-3.mga6.noarch 1466311533 104409 87143deb9c4fe79f47e3804bb34ca5a0 installed
lib64user1-0.62-12.mga7.x86_64 1515510938 125000 0b7a98a604fe8c1ca2ef5fa5afce9b39 installed
perl-Class-Load-XS-0.100.0-4.mga7.x86_64 1506969665 126988 41dd61ca72a7a83644d52e893a7ea2db installed
perl-Moose-2.200.900-1.mga7.x86_64 1512073120 2378845 e94166327ac0e8285e28b788377afefb installed
tar-1.29-4.mga7.x86_64 1504805539 2816314 968170782e6938d4c8144648a9e4f55e installed
perl-Devel-Declare-1:0.6.19-3.mga7.x86_64 1506975900 102495 7331cfc8960ca05fc00881ea7399486e installed
psmisc-22.21-7.mga6.x86_64 1455297226 479566 4182fe9f38ccee0d48ca76c8ebb050d8 installed
perl-Getopt-Long-Descriptive-0.100.0-1.mga7.noarch 1500755117 121772 489e4503b1eeead007c628d6d640b2ef installed
lib64solv0-0.6.30-1.mga7.x86_64 1508936051 872371 b0d5b0d3783db0845d9e74105a25208e installed
perl-Test-Run-Plugin-AlternateInterpreters-0.12.400-3.mga6.noarch 1466327919 23200 69114476d4fe6c7b4b99fbbc1086b00d installed
rmt-0.4b46-4.mga7.x86_64 1514905844 41251 eaf1846dd2a36989e73987446e149073 installed
perl-Task-Test-Run-AllPlugins-0.10.500-1.mga6.noarch 1484946266 10860 05d30f4645a7cdb5d15cd2d55ba74f5e installed
lib64krb53-1.16-1.mga7.x86_64 1516303251 2127504 ee5d7475a97ed4a0da4a6401deedc73e installed
perl-Games-Solitaire-Verify-0.170.100-2.mga6.noarch 1466297416 283575 cdede5054f7c3099d40b98b874b7db9e installed
makedev-4.4-21.mga6.noarch 1455897082 285810 3166dff6169a210b4c2ec1685fc6daba installed
perl-IO-All-0.870.0-1.mga7.noarch 1500756274 219821 849c14611ad6468cd49a04ff15b3b292 installed
libtool-base-2.4.6-6.mga7.x86_64 1505148014 1929518 3f0ec4897f284f2d343912e015c85482 installed
perl-Class-Method-Modifiers-2.120.0-2.mga6.noarch 1466279842 141418 ec1854608b1fb3519bfbc76d4d9e8e48 installed
timezone-6:2017b-1.mga6.x86_64 1490470548 1344702 7c86443e3e0a8c3a5d79e6584702c85f installed
perl-Test-Data-Split-0.2.0-2.mga6.noarch 1466326014 30715 59c8e0a694fd36f5136d17648de92194 installed
autoconf-1:2.69-9.mga7.noarch 1504534326 2211216 b4920951dd3dbd18137ca445d7701217 installed
perl-Inline-C-0.780.0-3.mga7.noarch 1506982368 198687 ae9d2fdc26a6f1ed786eb4a9df0ef97e installed
iproute2-4.14.1-1.mga7.x86_64 1511705858 1773628 d6d988d4dc03a108447f0b0b92a69378 installed
perl-String-ShellQuote-1.40.0-10.mga6.noarch 1466322997 16586 c27d860f11d94df4fdcb808852a0bf0c installed
libsecret-tools-0.18.5-2.mga6.x86_64 1497173859 21744 0cb6789af5d7f7be0e87214c6353d7e1 installed
lib64tap-devel-1.03-7.mga6.x86_64 1454434319 12229 783a4f1bb066c5148eddf12b4ffe500b installed
ncurses-6.0-20171223.2.mga7.x86_64 1515311877 483770 0c3bb579faadcd612f796f9452c85826 installed
perl-devel-2:5.26.1-2.mga7.x86_64 1516303054 1945837 960171d16e054e4c86cad99b6a95f5ee installed
lib64sqlite3_0-3.21.0-2.mga7.x86_64 1514553896 1029192 782ae987959358d8d47f679a33e2c628 installed
python3-3.6.2-4.mga7.x86_64 1514912703 17000 2ae551fc1500792ec567efe4c751355b installed
gobject-introspection-1.54.1-1.mga7.x86_64 1506948404 2003550 26cd548870fa1ba1259c80a64aca4c36 installed
isl-0.16.1-1.mga6.x86_64 1453661691 16646 230e57f36d6703f4a7652e76c6f77070 installed
gcc-c++-7.3.0-0.rc.20180117.1.mga7.x86_64 1516234135 25004614 8b7246eccc87c135c28a3e4df3bd88a6 installed
python-2.7.14-1.mga7.x86_64 1512514289 273357 236e33921e046b12e4b413e498ee47e9 installed
dbus-1.10.16-1.mga6.x86_64 1487347310 520614 804a0d8d0bd9426cfe23f0880e093ccb installed
rpm-helper-0.24.17-4.mga6.noarch 1455897261 42353 55e8ce673ce10a1585e768e0f94b2960 installed
resolvconf-1.79-1.mga6.noarch 1464209425 69744 25253ceda5f48e51af4761bf85342de7 installed
dmsetup-1.02.137-3.mga7.x86_64 1514666474 267990 3ffa62aac0dfb3de67931f4571636531 installed
