Mock Version: 1.4.8
ENTER ['do'](['bash', '--login', '-c', '/usr/bin/rpmbuild -bs --target i586 --nodeps /builddir/build/SPECS/freecell-solver.spec'], gid=135logger=<mockbuild.trace_decorator.getLog object at 0x7fb32249fda0>unshare_net=Trueuid=1000user='mockbuild'chrootPath='/share/dev/mock/i586'shell=Falseenv={'PS1': '<mock-chroot> \\s-\\v\\$ ', 'PROMPT_COMMAND': 'printf "\\033]0;<mock-chroot>\\007"', 'PATH': '/usr/bin:/bin:/usr/sbin:/sbin', 'SHELL': '/bin/bash', 'HOME': '/builddir', 'TERM': 'vt100', 'LANG': 'en_US.UTF-8', 'HOSTNAME': 'mock'}nspawn_args=[]timeout=0printOutput=True)
Executing command: ['/usr/bin/systemd-nspawn', '-q', '-M', '091f046c748347a78685f304c02891e4', '-D', '/share/dev/mock/i586', '-a', '--setenv=PS1=<mock-chroot> \\s-\\v\\$ ', '--setenv=PROMPT_COMMAND=printf "\\033]0;<mock-chroot>\\007"', '--setenv=PATH=/usr/bin:/bin:/usr/sbin:/sbin', '--setenv=SHELL=/bin/bash', '--setenv=HOME=/builddir', '--setenv=TERM=vt100', '--setenv=LANG=en_US.UTF-8', '--setenv=HOSTNAME=mock', '-u', 'mockbuild', 'bash', '--login', '-c', '/usr/bin/rpmbuild -bs --target i586 --nodeps /builddir/build/SPECS/freecell-solver.spec'] with env {'PS1': '<mock-chroot> \\s-\\v\\$ ', 'PROMPT_COMMAND': 'printf "\\033]0;<mock-chroot>\\007"', 'PATH': '/usr/bin:/bin:/usr/sbin:/sbin', 'SHELL': '/bin/bash', 'HOME': '/builddir', 'TERM': 'vt100', 'LANG': 'en_US.UTF-8', 'HOSTNAME': 'mock'} and shell False
/etc/profile.d/lang.sh: line 28: warning: setlocale: LC_CTYPE: cannot change locale (en_US.UTF-8): No such file or directory
/etc/profile.d/lang.sh: line 29: warning: setlocale: LC_COLLATE: cannot change locale (en_US.UTF-8): No such file or directory
/etc/profile.d/lang.sh: line 32: warning: setlocale: LC_MESSAGES: cannot change locale (en_US.UTF-8): No such file or directory
/etc/profile.d/lang.sh: line 35: warning: setlocale: LC_NUMERIC: cannot change locale (en_US.UTF-8): No such file or directory
/etc/profile.d/lang.sh: line 38: warning: setlocale: LC_TIME: cannot change locale (en_US.UTF-8): No such file or directory
Building target platforms: i586
Building for target i586
Wrote: /builddir/build/SRPMS/freecell-solver-4.16.0-1.mga7.src.rpm
Child return code was: 0
ENTER ['do'](['bash', '--login', '-c', '/usr/bin/rpmbuild -bb --target i586 --nodeps /builddir/build/SPECS/freecell-solver.spec'], gid=135logger=<mockbuild.trace_decorator.getLog object at 0x7fb32249fda0>unshare_net=Trueuid=1000user='mockbuild'chrootPath='/share/dev/mock/i586'shell=Falseenv={'PS1': '<mock-chroot> \\s-\\v\\$ ', 'PROMPT_COMMAND': 'printf "\\033]0;<mock-chroot>\\007"', 'PATH': '/usr/bin:/bin:/usr/sbin:/sbin', 'SHELL': '/bin/bash', 'HOME': '/builddir', 'TERM': 'vt100', 'LANG': 'en_US.UTF-8', 'HOSTNAME': 'mock'}nspawn_args=[]timeout=0printOutput=True)
Executing command: ['/usr/bin/systemd-nspawn', '-q', '-M', 'ff34ba8d02084f3d9a8b6a7c50674949', '-D', '/share/dev/mock/i586', '-a', '--setenv=PS1=<mock-chroot> \\s-\\v\\$ ', '--setenv=PROMPT_COMMAND=printf "\\033]0;<mock-chroot>\\007"', '--setenv=PATH=/usr/bin:/bin:/usr/sbin:/sbin', '--setenv=SHELL=/bin/bash', '--setenv=HOME=/builddir', '--setenv=TERM=vt100', '--setenv=LANG=en_US.UTF-8', '--setenv=HOSTNAME=mock', '-u', 'mockbuild', 'bash', '--login', '-c', '/usr/bin/rpmbuild -bb --target i586 --nodeps /builddir/build/SPECS/freecell-solver.spec'] with env {'PS1': '<mock-chroot> \\s-\\v\\$ ', 'PROMPT_COMMAND': 'printf "\\033]0;<mock-chroot>\\007"', 'PATH': '/usr/bin:/bin:/usr/sbin:/sbin', 'SHELL': '/bin/bash', 'HOME': '/builddir', 'TERM': 'vt100', 'LANG': 'en_US.UTF-8', 'HOSTNAME': 'mock'} and shell False
/etc/profile.d/lang.sh: line 28: warning: setlocale: LC_CTYPE: cannot change locale (en_US.UTF-8): No such file or directory
/etc/profile.d/lang.sh: line 29: warning: setlocale: LC_COLLATE: cannot change locale (en_US.UTF-8): No such file or directory
/etc/profile.d/lang.sh: line 32: warning: setlocale: LC_MESSAGES: cannot change locale (en_US.UTF-8): No such file or directory
/etc/profile.d/lang.sh: line 35: warning: setlocale: LC_NUMERIC: cannot change locale (en_US.UTF-8): No such file or directory
/etc/profile.d/lang.sh: line 38: warning: setlocale: LC_TIME: cannot change locale (en_US.UTF-8): No such file or directory
Building target platforms: i586
Building for target i586
Executing(%prep): /bin/sh -e /var/tmp/rpm-tmp.cCqwha
+ umask 022
+ cd /builddir/build/BUILD
+ '[' 1 -eq 1 ']'
+ '[' 1 -eq 1 ']'
+ '[' 1 -eq 1 ']'
+ cd /builddir/build/BUILD
+ rm -rf freecell-solver-4.16.0
+ /usr/bin/xz -dc /builddir/build/SOURCES/freecell-solver-4.16.0.tar.xz
+ /usr/bin/tar -xof -
+ STATUS=0
+ '[' 0 -ne 0 ']'
+ cd freecell-solver-4.16.0
+ /usr/bin/chmod -Rf a+rX,u+w,g-w,o-w .
+ cd board_gen
+ mkdir doc
+ cd doc
+ mkdir board_gen
+ cd board_gen
+ cp ../../README .
+ exit 0
Executing(%build): /bin/sh -e /var/tmp/rpm-tmp.eEaP88
+ umask 022
+ cd /builddir/build/BUILD
+ cd freecell-solver-4.16.0
+ '[' 1 -eq 1 ']'
+ '[' 1 -eq 1 ']'
+ CFLAGS='-O2 -g -pipe -Wformat -Werror=format-security -Wp,-D_FORTIFY_SOURCE=2 -fstack-protector --param=ssp-buffer-size=4 -fomit-frame-pointer -march=i586 -mtune=generic -fasynchronous-unwind-tables'
+ export CFLAGS
+ CXXFLAGS='-O2 -g -pipe -Wformat -Werror=format-security -Wp,-D_FORTIFY_SOURCE=2 -fstack-protector --param=ssp-buffer-size=4 -fomit-frame-pointer -march=i586 -mtune=generic -fasynchronous-unwind-tables'
+ export CXXFLAGS
+ FFLAGS='-O2 -g -pipe -Wformat -Werror=format-security -Wp,-D_FORTIFY_SOURCE=2 -fstack-protector --param=ssp-buffer-size=4 -fomit-frame-pointer -march=i586 -mtune=generic -fasynchronous-unwind-tables'
+ export FFLAGS
+ LDFLAGS=' -Wl,--as-needed -Wl,--no-undefined -Wl,-z,relro -Wl,-O1 -Wl,--build-id -Wl,--enable-new-dtags'
+ export LDFLAGS
+ mkdir -p build
+ cd build
+ /usr/bin/cmake .. -DCMAKE_INSTALL_PREFIX:PATH=/usr -DCMAKE_INSTALL_LIBDIR:PATH=/usr/lib -DCMAKE_INSTALL_LIBEXECDIR:PATH=/usr/libexec -DCMAKE_INSTALL_SYSCONFDIR:PATH=/etc -DINCLUDE_INSTALL_DIR:PATH=/usr/include -DLIB_INSTALL_DIR:PATH=/usr/lib -DSYSCONF_INSTALL_DIR:PATH=/etc -DSHARE_INSTALL_PREFIX:PATH=/usr/share -DCMAKE_BUILD_TYPE=RelWithDebInfo -DCMAKE_CXX_FLAGS_RELWITHDEBINFO:STRING=-DNDEBUG -DCMAKE_C_FLAGS_RELWITHDEBINFO:STRING=-DNDEBUG -DCMAKE_SKIP_RPATH:BOOL=ON -DCMAKE_VERBOSE_MAKEFILE:BOOL=ON '-DCMAKE_MODULE_LINKER_FLAGS=-Wl,--as-needed  -Wl,-z,relro -Wl,-O1 -Wl,--build-id -Wl,--enable-new-dtags' -DBUILD_SHARED_LIBS:BOOL=ON -DBUILD_STATIC_LIBS:BOOL=OFF -DLOCALE_INSTALL_DIR=/usr/share/locale -DLIB_INSTALL_DIR=/usr/lib -DMAX_NUM_FREECELLS=8 -DMAX_NUM_STACKS=20 -DMAX_NUM_INITIAL_CARDS_IN_A_STACK=60
-- The C compiler identification is unknown
-- The CXX compiler identification is unknown
CMake Error in CMakeLists.txt:
  No CMAKE_C_COMPILER could be found.
  Tell CMake where to find the compiler by setting either the environment
  variable "CC" or the CMake cache entry CMAKE_C_COMPILER to the full path to
  the compiler, or to the compiler name if it is in the PATH.
CMake Error in CMakeLists.txt:
  No CMAKE_CXX_COMPILER could be found.
  Tell CMake where to find the compiler by setting either the environment
  variable "CXX" or the CMake cache entry CMAKE_CXX_COMPILER to the full path
  to the compiler, or to the compiler name if it is in the PATH.
-- Configuring incomplete, errors occurred!
See also "/builddir/build/BUILD/freecell-solver-4.16.0/build/CMakeFiles/CMakeOutput.log".
See also "/builddir/build/BUILD/freecell-solver-4.16.0/build/CMakeFiles/CMakeError.log".
RPM build errors:
error: Bad exit status from /var/tmp/rpm-tmp.eEaP88 (%build)
    Bad exit status from /var/tmp/rpm-tmp.eEaP88 (%build)
Child return code was: 1
EXCEPTION: [Error()]
Traceback (most recent call last):
  File "/usr/lib/python3.5/site-packages/mockbuild/trace_decorator.py", line 96, in trace
    result = func(*args, **kw)
  File "/usr/lib/python3.5/site-packages/mockbuild/util.py", line 619, in do
    raise exception.Error("Command failed: \n # %s\n%s" % (command, output), child.returncode)
mockbuild.exception.Error: Command failed: 
 # /usr/bin/systemd-nspawn -q -M ff34ba8d02084f3d9a8b6a7c50674949 -D /share/dev/mock/i586 -a --setenv=PS1=<mock-chroot> \s-\v\$  --setenv=PROMPT_COMMAND=printf "\033]0;<mock-chroot>\007" --setenv=PATH=/usr/bin:/bin:/usr/sbin:/sbin --setenv=SHELL=/bin/bash --setenv=HOME=/builddir --setenv=TERM=vt100 --setenv=LANG=en_US.UTF-8 --setenv=HOSTNAME=mock -u mockbuild bash --login -c /usr/bin/rpmbuild -bb --target i586 --nodeps /builddir/build/SPECS/freecell-solver.spec

Mock Version: 1.4.8
ENTER ['do'](['bash', '--login', '-c', '/usr/bin/rpmbuild -bs --target i586 --nodeps /builddir/build/SPECS/freecell-solver.spec'], logger=<mockbuild.trace_decorator.getLog object at 0x7f6c3a14ec18>chrootPath='/share/dev/mock/i586'gid=135nspawn_args=[]env={'HOME': '/builddir', 'PATH': '/usr/bin:/bin:/usr/sbin:/sbin', 'PS1': '<mock-chroot> \\s-\\v\\$ ', 'SHELL': '/bin/bash', 'HOSTNAME': 'mock', 'PROMPT_COMMAND': 'printf "\\033]0;<mock-chroot>\\007"', 'TERM': 'vt100', 'LANG': 'en_US.UTF-8'}user='mockbuild'unshare_net=Trueshell=FalseprintOutput=Truetimeout=0uid=1000)
Executing command: ['/usr/bin/systemd-nspawn', '-q', '-M', '4bc325fb3642443db2f49d52952583fe', '-D', '/share/dev/mock/i586', '-a', '--setenv=HOME=/builddir', '--setenv=PATH=/usr/bin:/bin:/usr/sbin:/sbin', '--setenv=PS1=<mock-chroot> \\s-\\v\\$ ', '--setenv=SHELL=/bin/bash', '--setenv=HOSTNAME=mock', '--setenv=PROMPT_COMMAND=printf "\\033]0;<mock-chroot>\\007"', '--setenv=TERM=vt100', '--setenv=LANG=en_US.UTF-8', '-u', 'mockbuild', 'bash', '--login', '-c', '/usr/bin/rpmbuild -bs --target i586 --nodeps /builddir/build/SPECS/freecell-solver.spec'] with env {'HOME': '/builddir', 'PATH': '/usr/bin:/bin:/usr/sbin:/sbin', 'PS1': '<mock-chroot> \\s-\\v\\$ ', 'SHELL': '/bin/bash', 'HOSTNAME': 'mock', 'PROMPT_COMMAND': 'printf "\\033]0;<mock-chroot>\\007"', 'TERM': 'vt100', 'LANG': 'en_US.UTF-8'} and shell False
/etc/profile.d/lang.sh: line 28: warning: setlocale: LC_CTYPE: cannot change locale (en_US.UTF-8): No such file or directory
/etc/profile.d/lang.sh: line 29: warning: setlocale: LC_COLLATE: cannot change locale (en_US.UTF-8): No such file or directory
/etc/profile.d/lang.sh: line 32: warning: setlocale: LC_MESSAGES: cannot change locale (en_US.UTF-8): No such file or directory
/etc/profile.d/lang.sh: line 35: warning: setlocale: LC_NUMERIC: cannot change locale (en_US.UTF-8): No such file or directory
/etc/profile.d/lang.sh: line 38: warning: setlocale: LC_TIME: cannot change locale (en_US.UTF-8): No such file or directory
Building target platforms: i586
Building for target i586
Wrote: /builddir/build/SRPMS/freecell-solver-4.16.0-1.mga7.src.rpm
Child return code was: 0
ENTER ['do'](['bash', '--login', '-c', '/usr/bin/rpmbuild -bb --target i586 --nodeps /builddir/build/SPECS/freecell-solver.spec'], logger=<mockbuild.trace_decorator.getLog object at 0x7f6c3a14ec18>chrootPath='/share/dev/mock/i586'gid=135nspawn_args=[]env={'HOME': '/builddir', 'PATH': '/usr/bin:/bin:/usr/sbin:/sbin', 'PS1': '<mock-chroot> \\s-\\v\\$ ', 'SHELL': '/bin/bash', 'HOSTNAME': 'mock', 'PROMPT_COMMAND': 'printf "\\033]0;<mock-chroot>\\007"', 'TERM': 'vt100', 'LANG': 'en_US.UTF-8'}user='mockbuild'unshare_net=Trueshell=FalseprintOutput=Truetimeout=0uid=1000)
Executing command: ['/usr/bin/systemd-nspawn', '-q', '-M', '0a7393f51fe444b89da3397592914fc4', '-D', '/share/dev/mock/i586', '-a', '--setenv=HOME=/builddir', '--setenv=PATH=/usr/bin:/bin:/usr/sbin:/sbin', '--setenv=PS1=<mock-chroot> \\s-\\v\\$ ', '--setenv=SHELL=/bin/bash', '--setenv=HOSTNAME=mock', '--setenv=PROMPT_COMMAND=printf "\\033]0;<mock-chroot>\\007"', '--setenv=TERM=vt100', '--setenv=LANG=en_US.UTF-8', '-u', 'mockbuild', 'bash', '--login', '-c', '/usr/bin/rpmbuild -bb --target i586 --nodeps /builddir/build/SPECS/freecell-solver.spec'] with env {'HOME': '/builddir', 'PATH': '/usr/bin:/bin:/usr/sbin:/sbin', 'PS1': '<mock-chroot> \\s-\\v\\$ ', 'SHELL': '/bin/bash', 'HOSTNAME': 'mock', 'PROMPT_COMMAND': 'printf "\\033]0;<mock-chroot>\\007"', 'TERM': 'vt100', 'LANG': 'en_US.UTF-8'} and shell False
/etc/profile.d/lang.sh: line 28: warning: setlocale: LC_CTYPE: cannot change locale (en_US.UTF-8): No such file or directory
/etc/profile.d/lang.sh: line 29: warning: setlocale: LC_COLLATE: cannot change locale (en_US.UTF-8): No such file or directory
/etc/profile.d/lang.sh: line 32: warning: setlocale: LC_MESSAGES: cannot change locale (en_US.UTF-8): No such file or directory
/etc/profile.d/lang.sh: line 35: warning: setlocale: LC_NUMERIC: cannot change locale (en_US.UTF-8): No such file or directory
/etc/profile.d/lang.sh: line 38: warning: setlocale: LC_TIME: cannot change locale (en_US.UTF-8): No such file or directory
Building target platforms: i586
Building for target i586
Executing(%prep): /bin/sh -e /var/tmp/rpm-tmp.f9pwnU
+ umask 022
+ cd /builddir/build/BUILD
+ '[' 1 -eq 1 ']'
+ '[' 1 -eq 1 ']'
+ '[' 1 -eq 1 ']'
+ cd /builddir/build/BUILD
+ rm -rf freecell-solver-4.16.0
+ /usr/bin/xz -dc /builddir/build/SOURCES/freecell-solver-4.16.0.tar.xz
+ /usr/bin/tar -xof -
+ STATUS=0
+ '[' 0 -ne 0 ']'
+ cd freecell-solver-4.16.0
+ /usr/bin/chmod -Rf a+rX,u+w,g-w,o-w .
+ cd board_gen
+ mkdir doc
+ cd doc
+ mkdir board_gen
+ cd board_gen
+ cp ../../README .
+ exit 0
Executing(%build): /bin/sh -e /var/tmp/rpm-tmp.Ku84td
+ umask 022
+ cd /builddir/build/BUILD
+ cd freecell-solver-4.16.0
+ '[' 1 -eq 1 ']'
+ '[' 1 -eq 1 ']'
+ CFLAGS='-O2 -g -pipe -Wformat -Werror=format-security -Wp,-D_FORTIFY_SOURCE=2 -fstack-protector --param=ssp-buffer-size=4 -fomit-frame-pointer -march=i586 -mtune=generic -fasynchronous-unwind-tables'
+ export CFLAGS
+ CXXFLAGS='-O2 -g -pipe -Wformat -Werror=format-security -Wp,-D_FORTIFY_SOURCE=2 -fstack-protector --param=ssp-buffer-size=4 -fomit-frame-pointer -march=i586 -mtune=generic -fasynchronous-unwind-tables'
+ export CXXFLAGS
+ FFLAGS='-O2 -g -pipe -Wformat -Werror=format-security -Wp,-D_FORTIFY_SOURCE=2 -fstack-protector --param=ssp-buffer-size=4 -fomit-frame-pointer -march=i586 -mtune=generic -fasynchronous-unwind-tables'
+ export FFLAGS
+ LDFLAGS=' -Wl,--as-needed -Wl,--no-undefined -Wl,-z,relro -Wl,-O1 -Wl,--build-id -Wl,--enable-new-dtags'
+ export LDFLAGS
+ mkdir -p build
+ cd build
+ /usr/bin/cmake .. -DCMAKE_INSTALL_PREFIX:PATH=/usr -DCMAKE_INSTALL_LIBDIR:PATH=/usr/lib -DCMAKE_INSTALL_LIBEXECDIR:PATH=/usr/libexec -DCMAKE_INSTALL_SYSCONFDIR:PATH=/etc -DINCLUDE_INSTALL_DIR:PATH=/usr/include -DLIB_INSTALL_DIR:PATH=/usr/lib -DSYSCONF_INSTALL_DIR:PATH=/etc -DSHARE_INSTALL_PREFIX:PATH=/usr/share -DCMAKE_BUILD_TYPE=RelWithDebInfo -DCMAKE_CXX_FLAGS_RELWITHDEBINFO:STRING=-DNDEBUG -DCMAKE_C_FLAGS_RELWITHDEBINFO:STRING=-DNDEBUG -DCMAKE_SKIP_RPATH:BOOL=ON -DCMAKE_VERBOSE_MAKEFILE:BOOL=ON '-DCMAKE_MODULE_LINKER_FLAGS=-Wl,--as-needed  -Wl,-z,relro -Wl,-O1 -Wl,--build-id -Wl,--enable-new-dtags' -DBUILD_SHARED_LIBS:BOOL=ON -DBUILD_STATIC_LIBS:BOOL=OFF -DLOCALE_INSTALL_DIR=/usr/share/locale -DLIB_INSTALL_DIR=/usr/lib -DMAX_NUM_FREECELLS=8 -DMAX_NUM_STACKS=20 -DMAX_NUM_INITIAL_CARDS_IN_A_STACK=60
-- The C compiler identification is unknown
-- The CXX compiler identification is unknown
CMake Error in CMakeLists.txt:
  No CMAKE_C_COMPILER could be found.
  Tell CMake where to find the compiler by setting either the environment
  variable "CC" or the CMake cache entry CMAKE_C_COMPILER to the full path to
  the compiler, or to the compiler name if it is in the PATH.
CMake Error in CMakeLists.txt:
  No CMAKE_CXX_COMPILER could be found.
  Tell CMake where to find the compiler by setting either the environment
  variable "CXX" or the CMake cache entry CMAKE_CXX_COMPILER to the full path
  to the compiler, or to the compiler name if it is in the PATH.
-- Configuring incomplete, errors occurred!
See also "/builddir/build/BUILD/freecell-solver-4.16.0/build/CMakeFiles/CMakeOutput.log".
See also "/builddir/build/BUILD/freecell-solver-4.16.0/build/CMakeFiles/CMakeError.log".
error: Bad exit status from /var/tmp/rpm-tmp.Ku84td (%build)
    Bad exit status from /var/tmp/rpm-tmp.Ku84td (%build)
RPM build errors:
Child return code was: 1
EXCEPTION: [Error()]
Traceback (most recent call last):
  File "/usr/lib/python3.5/site-packages/mockbuild/trace_decorator.py", line 96, in trace
    result = func(*args, **kw)
  File "/usr/lib/python3.5/site-packages/mockbuild/util.py", line 619, in do
    raise exception.Error("Command failed: \n # %s\n%s" % (command, output), child.returncode)
mockbuild.exception.Error: Command failed: 
 # /usr/bin/systemd-nspawn -q -M 0a7393f51fe444b89da3397592914fc4 -D /share/dev/mock/i586 -a --setenv=HOME=/builddir --setenv=PATH=/usr/bin:/bin:/usr/sbin:/sbin --setenv=PS1=<mock-chroot> \s-\v\$  --setenv=SHELL=/bin/bash --setenv=HOSTNAME=mock --setenv=PROMPT_COMMAND=printf "\033]0;<mock-chroot>\007" --setenv=TERM=vt100 --setenv=LANG=en_US.UTF-8 -u mockbuild bash --login -c /usr/bin/rpmbuild -bb --target i586 --nodeps /builddir/build/SPECS/freecell-solver.spec

