INFO buildroot.py:348:  Mock Version: 1.4.8
DEBUG util.py:110:  ensuring that dir exists: /var/lib/mock/mageia-cauldron-x86_64/root/dev/pts
DEBUG util.py:113:  creating dir: /var/lib/mock/mageia-cauldron-x86_64/root/dev/pts
DEBUG util.py:110:  ensuring that dir exists: /var/lib/mock/mageia-cauldron-x86_64/root/dev/shm
DEBUG util.py:113:  creating dir: /var/lib/mock/mageia-cauldron-x86_64/root/dev/shm
DEBUG buildroot.py:479:  kernel version == 4.14.14-server-1.mga7
DEBUG util.py:123:  touching file: /var/lib/mock/mageia-cauldron-x86_64/root/etc/fstab
DEBUG util.py:123:  touching file: /var/lib/mock/mageia-cauldron-x86_64/root/etc/yum/yum.conf
DEBUG util.py:123:  touching file: /var/lib/mock/mageia-cauldron-x86_64/root/etc/dnf/dnf.conf
DEBUG util.py:123:  touching file: /var/lib/mock/mageia-cauldron-x86_64/root/var/log/yum.log
DEBUG util.py:110:  ensuring that dir exists: /var/lib/mock/mageia-cauldron-x86_64/root/var/cache/dnf/
DEBUG util.py:636:  child environment: None
DEBUG util.py:562:  Executing command: ['/bin/mount', '-n', '--bind', '/var/cache/mock/mageia-cauldron-x86_64/dnf_cache/', '/var/lib/mock/mageia-cauldron-x86_64/root/var/cache/dnf/'] with env {'TERM': 'vt100', 'SHELL': '/bin/sh', 'HOME': '/builddir', 'HOSTNAME': 'mock', 'PATH': '/usr/bin:/bin:/usr/sbin:/sbin', 'LANG': 'en_US.UTF-8'} and shell False
DEBUG util.py:617:  Child return code was: 0
DEBUG buildroot.py:142:  rootdir = /var/lib/mock/mageia-cauldron-x86_64/root
DEBUG buildroot.py:143:  resultdir = ./mock/
DEBUG util.py:110:  ensuring that dir exists: /var/lib/mock/mageia-cauldron-x86_64/root/etc/pki/mock
DEBUG util.py:113:  creating dir: /var/lib/mock/mageia-cauldron-x86_64/root/etc/pki/mock
DEBUG util.py:110:  ensuring that dir exists: /var/lib/mock/mageia-cauldron-x86_64/root/etc/dnf
DEBUG util.py:110:  ensuring that dir exists: /var/lib/mock/mageia-cauldron-x86_64/root/proc
DEBUG util.py:636:  child environment: None
DEBUG util.py:562:  Executing command: ['/bin/mount', '-n', '-t', 'proc', 'proc', '/var/lib/mock/mageia-cauldron-x86_64/root/proc'] with env {'TERM': 'vt100', 'SHELL': '/bin/sh', 'HOME': '/builddir', 'HOSTNAME': 'mock', 'PATH': '/usr/bin:/bin:/usr/sbin:/sbin', 'LANG': 'en_US.UTF-8'} and shell False
DEBUG util.py:617:  Child return code was: 0
DEBUG util.py:110:  ensuring that dir exists: /var/lib/mock/mageia-cauldron-x86_64/root/sys
DEBUG util.py:636:  child environment: None
DEBUG util.py:562:  Executing command: ['/bin/mount', '-n', '-t', 'sysfs', 'sysfs', '/var/lib/mock/mageia-cauldron-x86_64/root/sys'] with env {'TERM': 'vt100', 'SHELL': '/bin/sh', 'HOME': '/builddir', 'HOSTNAME': 'mock', 'PATH': '/usr/bin:/bin:/usr/sbin:/sbin', 'LANG': 'en_US.UTF-8'} and shell False
DEBUG util.py:617:  Child return code was: 0
DEBUG util.py:110:  ensuring that dir exists: /var/lib/mock/mageia-cauldron-x86_64/root/dev/shm
DEBUG util.py:636:  child environment: None
DEBUG util.py:562:  Executing command: ['/bin/mount', '-n', '-t', 'tmpfs', 'tmpfs', '/var/lib/mock/mageia-cauldron-x86_64/root/dev/shm'] with env {'TERM': 'vt100', 'SHELL': '/bin/sh', 'HOME': '/builddir', 'HOSTNAME': 'mock', 'PATH': '/usr/bin:/bin:/usr/sbin:/sbin', 'LANG': 'en_US.UTF-8'} and shell False
DEBUG util.py:617:  Child return code was: 0
DEBUG util.py:110:  ensuring that dir exists: /var/lib/mock/mageia-cauldron-x86_64/root/dev/pts
DEBUG util.py:636:  child environment: None
DEBUG util.py:562:  Executing command: ['/bin/mount', '-n', '-t', 'devpts', '-o', 'gid=5,mode=0620,ptmxmode=0666,newinstance', 'devpts', '/var/lib/mock/mageia-cauldron-x86_64/root/dev/pts'] with env {'TERM': 'vt100', 'SHELL': '/bin/sh', 'HOME': '/builddir', 'HOSTNAME': 'mock', 'PATH': '/usr/bin:/bin:/usr/sbin:/sbin', 'LANG': 'en_US.UTF-8'} and shell False
DEBUG util.py:617:  Child return code was: 0
DEBUG package_manager.py:111:  ['/usr/bin/dnf', '--installroot', '/var/lib/mock/mageia-cauldron-x86_64/root/', '--releasever', '7', '-C', '--disableplugin=local', '--setopt=deltarpm=False', 'install', 'basesystem-minimal', 'rpm-build', 'rpm-mageia-setup', 'rpm-mageia-setup-build']
DEBUG util.py:636:  child environment: None
DEBUG util.py:562:  Executing command: ['/usr/bin/dnf', '--installroot', '/var/lib/mock/mageia-cauldron-x86_64/root/', '--releasever', '7', '-C', '--disableplugin=local', '--setopt=deltarpm=False', 'install', 'basesystem-minimal', 'rpm-build', 'rpm-mageia-setup', 'rpm-mageia-setup-build'] with env {'TERM': 'vt100', 'SHELL': '/bin/bash', 'HOME': '/builddir', 'HOSTNAME': 'mock', 'PATH': '/usr/bin:/bin:/usr/sbin:/sbin', 'PROMPT_COMMAND': 'printf "\\033]0;<mock-chroot>\\007"', 'PS1': '<mock-chroot> \\s-\\v\\$ ', 'LANG': 'en_US.UTF-8', 'LC_MESSAGES': 'C'} and shell False
DEBUG util.py:479:  Cache-only enabled but no cache for 'mageia-cauldron', disabling.
DEBUG util.py:479:  No match for argument: basesystem-minimal
DEBUG util.py:479:  No match for argument: rpm-build
DEBUG util.py:479:  No match for argument: rpm-mageia-setup
DEBUG util.py:479:  No match for argument: rpm-mageia-setup-build
DEBUG util.py:479:  Error: Unable to find a match
DEBUG util.py:617:  Child return code was: 1
DEBUG util.py:636:  child environment: None
DEBUG util.py:562:  Executing command: ['/bin/umount', '-n', '-l', '/var/lib/mock/mageia-cauldron-x86_64/root/dev/pts'] with env {'TERM': 'vt100', 'SHELL': '/bin/sh', 'HOME': '/builddir', 'HOSTNAME': 'mock', 'PATH': '/usr/bin:/bin:/usr/sbin:/sbin', 'LANG': 'en_US.UTF-8'} and shell False
DEBUG util.py:617:  Child return code was: 0
DEBUG util.py:636:  child environment: None
DEBUG util.py:562:  Executing command: ['/bin/umount', '-n', '-l', '/var/lib/mock/mageia-cauldron-x86_64/root/dev/shm'] with env {'TERM': 'vt100', 'SHELL': '/bin/sh', 'HOME': '/builddir', 'HOSTNAME': 'mock', 'PATH': '/usr/bin:/bin:/usr/sbin:/sbin', 'LANG': 'en_US.UTF-8'} and shell False
DEBUG util.py:617:  Child return code was: 0
DEBUG util.py:636:  child environment: None
DEBUG util.py:562:  Executing command: ['/bin/umount', '-n', '-l', '/var/lib/mock/mageia-cauldron-x86_64/root/sys'] with env {'TERM': 'vt100', 'SHELL': '/bin/sh', 'HOME': '/builddir', 'HOSTNAME': 'mock', 'PATH': '/usr/bin:/bin:/usr/sbin:/sbin', 'LANG': 'en_US.UTF-8'} and shell False
DEBUG util.py:617:  Child return code was: 0
DEBUG util.py:636:  child environment: None
DEBUG util.py:562:  Executing command: ['/bin/umount', '-n', '-l', '/var/lib/mock/mageia-cauldron-x86_64/root/proc'] with env {'TERM': 'vt100', 'SHELL': '/bin/sh', 'HOME': '/builddir', 'HOSTNAME': 'mock', 'PATH': '/usr/bin:/bin:/usr/sbin:/sbin', 'LANG': 'en_US.UTF-8'} and shell False
DEBUG util.py:617:  Child return code was: 0
DEBUG util.py:222:  kill orphans
DEBUG util.py:636:  child environment: None
DEBUG util.py:562:  Executing command: ['/bin/umount', '-n', '/var/lib/mock/mageia-cauldron-x86_64/root/var/cache/dnf/'] with env {'TERM': 'vt100', 'SHELL': '/bin/sh', 'HOME': '/builddir', 'HOSTNAME': 'mock', 'PATH': '/usr/bin:/bin:/usr/sbin:/sbin', 'LANG': 'en_US.UTF-8'} and shell False
DEBUG util.py:617:  Child return code was: 0
DEBUG util.py:636:  child environment: None
DEBUG util.py:562:  Executing command: ['btrfs', 'subv', 'list', '/var/lib/mock'] with env {'TERM': 'vt100', 'SHELL': '/bin/sh', 'HOME': '/builddir', 'HOSTNAME': 'mock', 'PATH': '/usr/bin:/bin:/usr/sbin:/sbin', 'LANG': 'en_US.UTF-8'} and shell False
DEBUG util.py:479:  ERROR: not a btrfs filesystem: /var/lib/mock
DEBUG util.py:479:  ERROR: can't access '/var/lib/mock'
DEBUG util.py:617:  Child return code was: 1
DEBUG util.py:1339:  Please ignore the error above above about btrfs.
INFO buildroot.py:348:  Mock Version: 1.4.8
DEBUG util.py:110:  ensuring that dir exists: /var/lib/mock/mageia-cauldron-x86_64/root/dev/pts
DEBUG util.py:113:  creating dir: /var/lib/mock/mageia-cauldron-x86_64/root/dev/pts
DEBUG util.py:110:  ensuring that dir exists: /var/lib/mock/mageia-cauldron-x86_64/root/dev/shm
DEBUG util.py:113:  creating dir: /var/lib/mock/mageia-cauldron-x86_64/root/dev/shm
DEBUG buildroot.py:479:  kernel version == 4.14.14-server-1.mga7
DEBUG util.py:123:  touching file: /var/lib/mock/mageia-cauldron-x86_64/root/etc/fstab
DEBUG util.py:123:  touching file: /var/lib/mock/mageia-cauldron-x86_64/root/etc/yum/yum.conf
DEBUG util.py:123:  touching file: /var/lib/mock/mageia-cauldron-x86_64/root/etc/dnf/dnf.conf
DEBUG util.py:123:  touching file: /var/lib/mock/mageia-cauldron-x86_64/root/var/log/yum.log
DEBUG util.py:110:  ensuring that dir exists: /var/lib/mock/mageia-cauldron-x86_64/root/var/cache/dnf/
DEBUG util.py:636:  child environment: None
DEBUG util.py:562:  Executing command: ['/bin/mount', '-n', '--bind', '/var/cache/mock/mageia-cauldron-x86_64/dnf_cache/', '/var/lib/mock/mageia-cauldron-x86_64/root/var/cache/dnf/'] with env {'TERM': 'vt100', 'SHELL': '/bin/sh', 'HOME': '/builddir', 'HOSTNAME': 'mock', 'PATH': '/usr/bin:/bin:/usr/sbin:/sbin', 'LANG': 'en_US.UTF-8'} and shell False
DEBUG util.py:617:  Child return code was: 0
DEBUG buildroot.py:142:  rootdir = /var/lib/mock/mageia-cauldron-x86_64/root
DEBUG buildroot.py:143:  resultdir = ./mock/
DEBUG util.py:110:  ensuring that dir exists: /var/lib/mock/mageia-cauldron-x86_64/root/etc/pki/mock
DEBUG util.py:113:  creating dir: /var/lib/mock/mageia-cauldron-x86_64/root/etc/pki/mock
DEBUG util.py:110:  ensuring that dir exists: /var/lib/mock/mageia-cauldron-x86_64/root/etc/dnf
DEBUG util.py:110:  ensuring that dir exists: /var/lib/mock/mageia-cauldron-x86_64/root/proc
DEBUG util.py:636:  child environment: None
DEBUG util.py:562:  Executing command: ['/bin/mount', '-n', '-t', 'proc', 'proc', '/var/lib/mock/mageia-cauldron-x86_64/root/proc'] with env {'TERM': 'vt100', 'SHELL': '/bin/sh', 'HOME': '/builddir', 'HOSTNAME': 'mock', 'PATH': '/usr/bin:/bin:/usr/sbin:/sbin', 'LANG': 'en_US.UTF-8'} and shell False
DEBUG util.py:617:  Child return code was: 0
DEBUG util.py:110:  ensuring that dir exists: /var/lib/mock/mageia-cauldron-x86_64/root/sys
DEBUG util.py:636:  child environment: None
DEBUG util.py:562:  Executing command: ['/bin/mount', '-n', '-t', 'sysfs', 'sysfs', '/var/lib/mock/mageia-cauldron-x86_64/root/sys'] with env {'TERM': 'vt100', 'SHELL': '/bin/sh', 'HOME': '/builddir', 'HOSTNAME': 'mock', 'PATH': '/usr/bin:/bin:/usr/sbin:/sbin', 'LANG': 'en_US.UTF-8'} and shell False
DEBUG util.py:617:  Child return code was: 0
DEBUG util.py:110:  ensuring that dir exists: /var/lib/mock/mageia-cauldron-x86_64/root/dev/shm
DEBUG util.py:636:  child environment: None
DEBUG util.py:562:  Executing command: ['/bin/mount', '-n', '-t', 'tmpfs', 'tmpfs', '/var/lib/mock/mageia-cauldron-x86_64/root/dev/shm'] with env {'TERM': 'vt100', 'SHELL': '/bin/sh', 'HOME': '/builddir', 'HOSTNAME': 'mock', 'PATH': '/usr/bin:/bin:/usr/sbin:/sbin', 'LANG': 'en_US.UTF-8'} and shell False
DEBUG util.py:617:  Child return code was: 0
DEBUG util.py:110:  ensuring that dir exists: /var/lib/mock/mageia-cauldron-x86_64/root/dev/pts
DEBUG util.py:636:  child environment: None
DEBUG util.py:562:  Executing command: ['/bin/mount', '-n', '-t', 'devpts', '-o', 'gid=5,mode=0620,ptmxmode=0666,newinstance', 'devpts', '/var/lib/mock/mageia-cauldron-x86_64/root/dev/pts'] with env {'TERM': 'vt100', 'SHELL': '/bin/sh', 'HOME': '/builddir', 'HOSTNAME': 'mock', 'PATH': '/usr/bin:/bin:/usr/sbin:/sbin', 'LANG': 'en_US.UTF-8'} and shell False
DEBUG util.py:617:  Child return code was: 0
DEBUG package_manager.py:111:  ['/usr/bin/dnf', '--installroot', '/var/lib/mock/mageia-cauldron-x86_64/root/', '--releasever', '7', '-C', '--disableplugin=local', '--setopt=deltarpm=False', 'install', 'basesystem-minimal', 'rpm-build', 'rpm-mageia-setup', 'rpm-mageia-setup-build']
DEBUG util.py:636:  child environment: None
DEBUG util.py:562:  Executing command: ['/usr/bin/dnf', '--installroot', '/var/lib/mock/mageia-cauldron-x86_64/root/', '--releasever', '7', '-C', '--disableplugin=local', '--setopt=deltarpm=False', 'install', 'basesystem-minimal', 'rpm-build', 'rpm-mageia-setup', 'rpm-mageia-setup-build'] with env {'TERM': 'vt100', 'SHELL': '/bin/bash', 'HOME': '/builddir', 'HOSTNAME': 'mock', 'PATH': '/usr/bin:/bin:/usr/sbin:/sbin', 'PROMPT_COMMAND': 'printf "\\033]0;<mock-chroot>\\007"', 'PS1': '<mock-chroot> \\s-\\v\\$ ', 'LANG': 'en_US.UTF-8', 'LC_MESSAGES': 'C'} and shell False
DEBUG util.py:479:  Cache-only enabled but no cache for 'mageia-cauldron', disabling.
DEBUG util.py:479:  No match for argument: basesystem-minimal
DEBUG util.py:479:  No match for argument: rpm-build
DEBUG util.py:479:  No match for argument: rpm-mageia-setup
DEBUG util.py:479:  No match for argument: rpm-mageia-setup-build
DEBUG util.py:479:  Error: Unable to find a match
DEBUG util.py:617:  Child return code was: 1
DEBUG util.py:636:  child environment: None
DEBUG util.py:562:  Executing command: ['/bin/umount', '-n', '-l', '/var/lib/mock/mageia-cauldron-x86_64/root/dev/pts'] with env {'TERM': 'vt100', 'SHELL': '/bin/sh', 'HOME': '/builddir', 'HOSTNAME': 'mock', 'PATH': '/usr/bin:/bin:/usr/sbin:/sbin', 'LANG': 'en_US.UTF-8'} and shell False
DEBUG util.py:617:  Child return code was: 0
DEBUG util.py:636:  child environment: None
DEBUG util.py:562:  Executing command: ['/bin/umount', '-n', '-l', '/var/lib/mock/mageia-cauldron-x86_64/root/dev/shm'] with env {'TERM': 'vt100', 'SHELL': '/bin/sh', 'HOME': '/builddir', 'HOSTNAME': 'mock', 'PATH': '/usr/bin:/bin:/usr/sbin:/sbin', 'LANG': 'en_US.UTF-8'} and shell False
DEBUG util.py:617:  Child return code was: 0
DEBUG util.py:636:  child environment: None
DEBUG util.py:562:  Executing command: ['/bin/umount', '-n', '-l', '/var/lib/mock/mageia-cauldron-x86_64/root/sys'] with env {'TERM': 'vt100', 'SHELL': '/bin/sh', 'HOME': '/builddir', 'HOSTNAME': 'mock', 'PATH': '/usr/bin:/bin:/usr/sbin:/sbin', 'LANG': 'en_US.UTF-8'} and shell False
DEBUG util.py:617:  Child return code was: 0
DEBUG util.py:636:  child environment: None
DEBUG util.py:562:  Executing command: ['/bin/umount', '-n', '-l', '/var/lib/mock/mageia-cauldron-x86_64/root/proc'] with env {'TERM': 'vt100', 'SHELL': '/bin/sh', 'HOME': '/builddir', 'HOSTNAME': 'mock', 'PATH': '/usr/bin:/bin:/usr/sbin:/sbin', 'LANG': 'en_US.UTF-8'} and shell False
DEBUG util.py:617:  Child return code was: 0
DEBUG util.py:222:  kill orphans
DEBUG util.py:636:  child environment: None
DEBUG util.py:562:  Executing command: ['/bin/umount', '-n', '/var/lib/mock/mageia-cauldron-x86_64/root/var/cache/dnf/'] with env {'TERM': 'vt100', 'SHELL': '/bin/sh', 'HOME': '/builddir', 'HOSTNAME': 'mock', 'PATH': '/usr/bin:/bin:/usr/sbin:/sbin', 'LANG': 'en_US.UTF-8'} and shell False
DEBUG util.py:617:  Child return code was: 0
DEBUG util.py:636:  child environment: None
DEBUG util.py:562:  Executing command: ['btrfs', 'subv', 'list', '/var/lib/mock'] with env {'TERM': 'vt100', 'SHELL': '/bin/sh', 'HOME': '/builddir', 'HOSTNAME': 'mock', 'PATH': '/usr/bin:/bin:/usr/sbin:/sbin', 'LANG': 'en_US.UTF-8'} and shell False
DEBUG util.py:479:  ERROR: not a btrfs filesystem: /var/lib/mock
DEBUG util.py:479:  ERROR: can't access '/var/lib/mock'
DEBUG util.py:617:  Child return code was: 1
DEBUG util.py:1339:  Please ignore the error above above about btrfs.
INFO buildroot.py:348:  Mock Version: 1.4.8
DEBUG util.py:110:  ensuring that dir exists: /var/lib/mock/mageia-cauldron-x86_64/root/dev/pts
DEBUG util.py:113:  creating dir: /var/lib/mock/mageia-cauldron-x86_64/root/dev/pts
DEBUG util.py:110:  ensuring that dir exists: /var/lib/mock/mageia-cauldron-x86_64/root/dev/shm
DEBUG util.py:113:  creating dir: /var/lib/mock/mageia-cauldron-x86_64/root/dev/shm
DEBUG buildroot.py:479:  kernel version == 4.14.14-server-1.mga7
DEBUG util.py:123:  touching file: /var/lib/mock/mageia-cauldron-x86_64/root/etc/fstab
DEBUG util.py:123:  touching file: /var/lib/mock/mageia-cauldron-x86_64/root/etc/yum/yum.conf
DEBUG util.py:123:  touching file: /var/lib/mock/mageia-cauldron-x86_64/root/etc/dnf/dnf.conf
DEBUG util.py:123:  touching file: /var/lib/mock/mageia-cauldron-x86_64/root/var/log/yum.log
DEBUG util.py:110:  ensuring that dir exists: /var/lib/mock/mageia-cauldron-x86_64/root/var/cache/dnf/
DEBUG util.py:636:  child environment: None
DEBUG util.py:562:  Executing command: ['/bin/mount', '-n', '--bind', '/var/cache/mock/mageia-cauldron-x86_64/dnf_cache/', '/var/lib/mock/mageia-cauldron-x86_64/root/var/cache/dnf/'] with env {'TERM': 'vt100', 'SHELL': '/bin/sh', 'HOME': '/builddir', 'HOSTNAME': 'mock', 'PATH': '/usr/bin:/bin:/usr/sbin:/sbin', 'LANG': 'en_US.UTF-8'} and shell False
DEBUG util.py:617:  Child return code was: 0
DEBUG buildroot.py:142:  rootdir = /var/lib/mock/mageia-cauldron-x86_64/root
DEBUG buildroot.py:143:  resultdir = ./mock/
DEBUG util.py:110:  ensuring that dir exists: /var/lib/mock/mageia-cauldron-x86_64/root/etc/pki/mock
DEBUG util.py:113:  creating dir: /var/lib/mock/mageia-cauldron-x86_64/root/etc/pki/mock
DEBUG util.py:110:  ensuring that dir exists: /var/lib/mock/mageia-cauldron-x86_64/root/etc/dnf
DEBUG util.py:110:  ensuring that dir exists: /var/lib/mock/mageia-cauldron-x86_64/root/proc
DEBUG util.py:636:  child environment: None
DEBUG util.py:562:  Executing command: ['/bin/mount', '-n', '-t', 'proc', 'proc', '/var/lib/mock/mageia-cauldron-x86_64/root/proc'] with env {'TERM': 'vt100', 'SHELL': '/bin/sh', 'HOME': '/builddir', 'HOSTNAME': 'mock', 'PATH': '/usr/bin:/bin:/usr/sbin:/sbin', 'LANG': 'en_US.UTF-8'} and shell False
DEBUG util.py:617:  Child return code was: 0
DEBUG util.py:110:  ensuring that dir exists: /var/lib/mock/mageia-cauldron-x86_64/root/sys
DEBUG util.py:636:  child environment: None
DEBUG util.py:562:  Executing command: ['/bin/mount', '-n', '-t', 'sysfs', 'sysfs', '/var/lib/mock/mageia-cauldron-x86_64/root/sys'] with env {'TERM': 'vt100', 'SHELL': '/bin/sh', 'HOME': '/builddir', 'HOSTNAME': 'mock', 'PATH': '/usr/bin:/bin:/usr/sbin:/sbin', 'LANG': 'en_US.UTF-8'} and shell False
DEBUG util.py:617:  Child return code was: 0
DEBUG util.py:110:  ensuring that dir exists: /var/lib/mock/mageia-cauldron-x86_64/root/dev/shm
DEBUG util.py:636:  child environment: None
DEBUG util.py:562:  Executing command: ['/bin/mount', '-n', '-t', 'tmpfs', 'tmpfs', '/var/lib/mock/mageia-cauldron-x86_64/root/dev/shm'] with env {'TERM': 'vt100', 'SHELL': '/bin/sh', 'HOME': '/builddir', 'HOSTNAME': 'mock', 'PATH': '/usr/bin:/bin:/usr/sbin:/sbin', 'LANG': 'en_US.UTF-8'} and shell False
DEBUG util.py:617:  Child return code was: 0
DEBUG util.py:110:  ensuring that dir exists: /var/lib/mock/mageia-cauldron-x86_64/root/dev/pts
DEBUG util.py:636:  child environment: None
DEBUG util.py:562:  Executing command: ['/bin/mount', '-n', '-t', 'devpts', '-o', 'gid=5,mode=0620,ptmxmode=0666,newinstance', 'devpts', '/var/lib/mock/mageia-cauldron-x86_64/root/dev/pts'] with env {'TERM': 'vt100', 'SHELL': '/bin/sh', 'HOME': '/builddir', 'HOSTNAME': 'mock', 'PATH': '/usr/bin:/bin:/usr/sbin:/sbin', 'LANG': 'en_US.UTF-8'} and shell False
DEBUG util.py:617:  Child return code was: 0
DEBUG package_manager.py:111:  ['/usr/bin/dnf', '--installroot', '/var/lib/mock/mageia-cauldron-x86_64/root/', '--releasever', '7', '-C', '--disableplugin=local', '--setopt=deltarpm=False', 'install', 'basesystem-minimal', 'rpm-build', 'rpm-mageia-setup', 'rpm-mageia-setup-build']
DEBUG util.py:636:  child environment: None
DEBUG util.py:562:  Executing command: ['/usr/bin/dnf', '--installroot', '/var/lib/mock/mageia-cauldron-x86_64/root/', '--releasever', '7', '-C', '--disableplugin=local', '--setopt=deltarpm=False', 'install', 'basesystem-minimal', 'rpm-build', 'rpm-mageia-setup', 'rpm-mageia-setup-build'] with env {'TERM': 'vt100', 'SHELL': '/bin/bash', 'HOME': '/builddir', 'HOSTNAME': 'mock', 'PATH': '/usr/bin:/bin:/usr/sbin:/sbin', 'PROMPT_COMMAND': 'printf "\\033]0;<mock-chroot>\\007"', 'PS1': '<mock-chroot> \\s-\\v\\$ ', 'LANG': 'en_US.UTF-8', 'LC_MESSAGES': 'C'} and shell False
DEBUG util.py:479:  Cache-only enabled but no cache for 'mageia-cauldron', disabling.
DEBUG util.py:479:  No match for argument: basesystem-minimal
DEBUG util.py:479:  No match for argument: rpm-build
DEBUG util.py:479:  No match for argument: rpm-mageia-setup
DEBUG util.py:479:  No match for argument: rpm-mageia-setup-build
DEBUG util.py:479:  Error: Unable to find a match
DEBUG util.py:617:  Child return code was: 1
DEBUG util.py:636:  child environment: None
DEBUG util.py:562:  Executing command: ['/bin/umount', '-n', '-l', '/var/lib/mock/mageia-cauldron-x86_64/root/dev/pts'] with env {'TERM': 'vt100', 'SHELL': '/bin/sh', 'HOME': '/builddir', 'HOSTNAME': 'mock', 'PATH': '/usr/bin:/bin:/usr/sbin:/sbin', 'LANG': 'en_US.UTF-8'} and shell False
DEBUG util.py:617:  Child return code was: 0
DEBUG util.py:636:  child environment: None
DEBUG util.py:562:  Executing command: ['/bin/umount', '-n', '-l', '/var/lib/mock/mageia-cauldron-x86_64/root/dev/shm'] with env {'TERM': 'vt100', 'SHELL': '/bin/sh', 'HOME': '/builddir', 'HOSTNAME': 'mock', 'PATH': '/usr/bin:/bin:/usr/sbin:/sbin', 'LANG': 'en_US.UTF-8'} and shell False
DEBUG util.py:617:  Child return code was: 0
DEBUG util.py:636:  child environment: None
DEBUG util.py:562:  Executing command: ['/bin/umount', '-n', '-l', '/var/lib/mock/mageia-cauldron-x86_64/root/sys'] with env {'TERM': 'vt100', 'SHELL': '/bin/sh', 'HOME': '/builddir', 'HOSTNAME': 'mock', 'PATH': '/usr/bin:/bin:/usr/sbin:/sbin', 'LANG': 'en_US.UTF-8'} and shell False
DEBUG util.py:617:  Child return code was: 0
DEBUG util.py:636:  child environment: None
DEBUG util.py:562:  Executing command: ['/bin/umount', '-n', '-l', '/var/lib/mock/mageia-cauldron-x86_64/root/proc'] with env {'TERM': 'vt100', 'SHELL': '/bin/sh', 'HOME': '/builddir', 'HOSTNAME': 'mock', 'PATH': '/usr/bin:/bin:/usr/sbin:/sbin', 'LANG': 'en_US.UTF-8'} and shell False
DEBUG util.py:617:  Child return code was: 0
DEBUG util.py:222:  kill orphans
DEBUG util.py:636:  child environment: None
DEBUG util.py:562:  Executing command: ['/bin/umount', '-n', '/var/lib/mock/mageia-cauldron-x86_64/root/var/cache/dnf/'] with env {'TERM': 'vt100', 'SHELL': '/bin/sh', 'HOME': '/builddir', 'HOSTNAME': 'mock', 'PATH': '/usr/bin:/bin:/usr/sbin:/sbin', 'LANG': 'en_US.UTF-8'} and shell False
DEBUG util.py:617:  Child return code was: 0
DEBUG util.py:636:  child environment: None
DEBUG util.py:562:  Executing command: ['btrfs', 'subv', 'list', '/var/lib/mock'] with env {'TERM': 'vt100', 'SHELL': '/bin/sh', 'HOME': '/builddir', 'HOSTNAME': 'mock', 'PATH': '/usr/bin:/bin:/usr/sbin:/sbin', 'LANG': 'en_US.UTF-8'} and shell False
DEBUG util.py:479:  ERROR: not a btrfs filesystem: /var/lib/mock
DEBUG util.py:479:  ERROR: can't access '/var/lib/mock'
DEBUG util.py:617:  Child return code was: 1
DEBUG util.py:1339:  Please ignore the error above above about btrfs.
INFO buildroot.py:348:  Mock Version: 1.4.8
DEBUG util.py:110:  ensuring that dir exists: /var/lib/mock/mageia-cauldron-x86_64/root/dev/pts
DEBUG util.py:113:  creating dir: /var/lib/mock/mageia-cauldron-x86_64/root/dev/pts
DEBUG util.py:110:  ensuring that dir exists: /var/lib/mock/mageia-cauldron-x86_64/root/dev/shm
DEBUG util.py:113:  creating dir: /var/lib/mock/mageia-cauldron-x86_64/root/dev/shm
DEBUG buildroot.py:479:  kernel version == 4.14.14-server-1.mga7
DEBUG util.py:123:  touching file: /var/lib/mock/mageia-cauldron-x86_64/root/etc/fstab
DEBUG util.py:123:  touching file: /var/lib/mock/mageia-cauldron-x86_64/root/etc/yum/yum.conf
DEBUG util.py:123:  touching file: /var/lib/mock/mageia-cauldron-x86_64/root/etc/dnf/dnf.conf
DEBUG util.py:123:  touching file: /var/lib/mock/mageia-cauldron-x86_64/root/var/log/yum.log
DEBUG util.py:110:  ensuring that dir exists: /var/lib/mock/mageia-cauldron-x86_64/root/var/cache/dnf/
DEBUG util.py:636:  child environment: None
DEBUG util.py:562:  Executing command: ['/bin/mount', '-n', '--bind', '/var/cache/mock/mageia-cauldron-x86_64/dnf_cache/', '/var/lib/mock/mageia-cauldron-x86_64/root/var/cache/dnf/'] with env {'TERM': 'vt100', 'SHELL': '/bin/sh', 'HOME': '/builddir', 'HOSTNAME': 'mock', 'PATH': '/usr/bin:/bin:/usr/sbin:/sbin', 'LANG': 'en_US.UTF-8'} and shell False
DEBUG util.py:617:  Child return code was: 0
DEBUG buildroot.py:142:  rootdir = /var/lib/mock/mageia-cauldron-x86_64/root
DEBUG buildroot.py:143:  resultdir = ./mock/
DEBUG util.py:110:  ensuring that dir exists: /var/lib/mock/mageia-cauldron-x86_64/root/etc/pki/mock
DEBUG util.py:113:  creating dir: /var/lib/mock/mageia-cauldron-x86_64/root/etc/pki/mock
DEBUG util.py:110:  ensuring that dir exists: /var/lib/mock/mageia-cauldron-x86_64/root/etc/dnf
DEBUG util.py:110:  ensuring that dir exists: /var/lib/mock/mageia-cauldron-x86_64/root/proc
DEBUG util.py:636:  child environment: None
DEBUG util.py:562:  Executing command: ['/bin/mount', '-n', '-t', 'proc', 'proc', '/var/lib/mock/mageia-cauldron-x86_64/root/proc'] with env {'TERM': 'vt100', 'SHELL': '/bin/sh', 'HOME': '/builddir', 'HOSTNAME': 'mock', 'PATH': '/usr/bin:/bin:/usr/sbin:/sbin', 'LANG': 'en_US.UTF-8'} and shell False
DEBUG util.py:617:  Child return code was: 0
DEBUG util.py:110:  ensuring that dir exists: /var/lib/mock/mageia-cauldron-x86_64/root/sys
DEBUG util.py:636:  child environment: None
DEBUG util.py:562:  Executing command: ['/bin/mount', '-n', '-t', 'sysfs', 'sysfs', '/var/lib/mock/mageia-cauldron-x86_64/root/sys'] with env {'TERM': 'vt100', 'SHELL': '/bin/sh', 'HOME': '/builddir', 'HOSTNAME': 'mock', 'PATH': '/usr/bin:/bin:/usr/sbin:/sbin', 'LANG': 'en_US.UTF-8'} and shell False
DEBUG util.py:617:  Child return code was: 0
DEBUG util.py:110:  ensuring that dir exists: /var/lib/mock/mageia-cauldron-x86_64/root/dev/shm
DEBUG util.py:636:  child environment: None
DEBUG util.py:562:  Executing command: ['/bin/mount', '-n', '-t', 'tmpfs', 'tmpfs', '/var/lib/mock/mageia-cauldron-x86_64/root/dev/shm'] with env {'TERM': 'vt100', 'SHELL': '/bin/sh', 'HOME': '/builddir', 'HOSTNAME': 'mock', 'PATH': '/usr/bin:/bin:/usr/sbin:/sbin', 'LANG': 'en_US.UTF-8'} and shell False
DEBUG util.py:617:  Child return code was: 0
DEBUG util.py:110:  ensuring that dir exists: /var/lib/mock/mageia-cauldron-x86_64/root/dev/pts
DEBUG util.py:636:  child environment: None
DEBUG util.py:562:  Executing command: ['/bin/mount', '-n', '-t', 'devpts', '-o', 'gid=5,mode=0620,ptmxmode=0666,newinstance', 'devpts', '/var/lib/mock/mageia-cauldron-x86_64/root/dev/pts'] with env {'TERM': 'vt100', 'SHELL': '/bin/sh', 'HOME': '/builddir', 'HOSTNAME': 'mock', 'PATH': '/usr/bin:/bin:/usr/sbin:/sbin', 'LANG': 'en_US.UTF-8'} and shell False
DEBUG util.py:617:  Child return code was: 0
DEBUG package_manager.py:111:  ['/usr/bin/dnf', '--installroot', '/var/lib/mock/mageia-cauldron-x86_64/root/', '--releasever', '7', '-C', '--disableplugin=local', '--setopt=deltarpm=False', 'install', 'basesystem-minimal', 'rpm-build', 'rpm-mageia-setup', 'rpm-mageia-setup-build']
DEBUG util.py:636:  child environment: None
DEBUG util.py:562:  Executing command: ['/usr/bin/dnf', '--installroot', '/var/lib/mock/mageia-cauldron-x86_64/root/', '--releasever', '7', '-C', '--disableplugin=local', '--setopt=deltarpm=False', 'install', 'basesystem-minimal', 'rpm-build', 'rpm-mageia-setup', 'rpm-mageia-setup-build'] with env {'TERM': 'vt100', 'SHELL': '/bin/bash', 'HOME': '/builddir', 'HOSTNAME': 'mock', 'PATH': '/usr/bin:/bin:/usr/sbin:/sbin', 'PROMPT_COMMAND': 'printf "\\033]0;<mock-chroot>\\007"', 'PS1': '<mock-chroot> \\s-\\v\\$ ', 'LANG': 'en_US.UTF-8', 'LC_MESSAGES': 'C'} and shell False
DEBUG util.py:479:  Cache-only enabled but no cache for 'mageia-cauldron', disabling.
DEBUG util.py:479:  No match for argument: basesystem-minimal
DEBUG util.py:479:  No match for argument: rpm-build
DEBUG util.py:479:  No match for argument: rpm-mageia-setup
DEBUG util.py:479:  No match for argument: rpm-mageia-setup-build
DEBUG util.py:479:  Error: Unable to find a match
DEBUG util.py:617:  Child return code was: 1
DEBUG util.py:636:  child environment: None
DEBUG util.py:562:  Executing command: ['/bin/umount', '-n', '-l', '/var/lib/mock/mageia-cauldron-x86_64/root/dev/pts'] with env {'TERM': 'vt100', 'SHELL': '/bin/sh', 'HOME': '/builddir', 'HOSTNAME': 'mock', 'PATH': '/usr/bin:/bin:/usr/sbin:/sbin', 'LANG': 'en_US.UTF-8'} and shell False
DEBUG util.py:617:  Child return code was: 0
DEBUG util.py:636:  child environment: None
DEBUG util.py:562:  Executing command: ['/bin/umount', '-n', '-l', '/var/lib/mock/mageia-cauldron-x86_64/root/dev/shm'] with env {'TERM': 'vt100', 'SHELL': '/bin/sh', 'HOME': '/builddir', 'HOSTNAME': 'mock', 'PATH': '/usr/bin:/bin:/usr/sbin:/sbin', 'LANG': 'en_US.UTF-8'} and shell False
DEBUG util.py:617:  Child return code was: 0
DEBUG util.py:636:  child environment: None
DEBUG util.py:562:  Executing command: ['/bin/umount', '-n', '-l', '/var/lib/mock/mageia-cauldron-x86_64/root/sys'] with env {'TERM': 'vt100', 'SHELL': '/bin/sh', 'HOME': '/builddir', 'HOSTNAME': 'mock', 'PATH': '/usr/bin:/bin:/usr/sbin:/sbin', 'LANG': 'en_US.UTF-8'} and shell False
DEBUG util.py:617:  Child return code was: 0
DEBUG util.py:636:  child environment: None
DEBUG util.py:562:  Executing command: ['/bin/umount', '-n', '-l', '/var/lib/mock/mageia-cauldron-x86_64/root/proc'] with env {'TERM': 'vt100', 'SHELL': '/bin/sh', 'HOME': '/builddir', 'HOSTNAME': 'mock', 'PATH': '/usr/bin:/bin:/usr/sbin:/sbin', 'LANG': 'en_US.UTF-8'} and shell False
DEBUG util.py:617:  Child return code was: 0
DEBUG util.py:222:  kill orphans
DEBUG util.py:636:  child environment: None
DEBUG util.py:562:  Executing command: ['/bin/umount', '-n', '/var/lib/mock/mageia-cauldron-x86_64/root/var/cache/dnf/'] with env {'TERM': 'vt100', 'SHELL': '/bin/sh', 'HOME': '/builddir', 'HOSTNAME': 'mock', 'PATH': '/usr/bin:/bin:/usr/sbin:/sbin', 'LANG': 'en_US.UTF-8'} and shell False
DEBUG util.py:617:  Child return code was: 0
DEBUG util.py:636:  child environment: None
DEBUG util.py:562:  Executing command: ['btrfs', 'subv', 'list', '/var/lib/mock'] with env {'TERM': 'vt100', 'SHELL': '/bin/sh', 'HOME': '/builddir', 'HOSTNAME': 'mock', 'PATH': '/usr/bin:/bin:/usr/sbin:/sbin', 'LANG': 'en_US.UTF-8'} and shell False
DEBUG util.py:479:  ERROR: not a btrfs filesystem: /var/lib/mock
DEBUG util.py:479:  ERROR: can't access '/var/lib/mock'
DEBUG util.py:617:  Child return code was: 1
DEBUG util.py:1339:  Please ignore the error above above about btrfs.
INFO buildroot.py:348:  Mock Version: 1.4.8
DEBUG util.py:110:  ensuring that dir exists: /var/lib/mock/mageia-cauldron-x86_64/root/dev/pts
DEBUG util.py:113:  creating dir: /var/lib/mock/mageia-cauldron-x86_64/root/dev/pts
DEBUG util.py:110:  ensuring that dir exists: /var/lib/mock/mageia-cauldron-x86_64/root/dev/shm
DEBUG util.py:113:  creating dir: /var/lib/mock/mageia-cauldron-x86_64/root/dev/shm
DEBUG buildroot.py:479:  kernel version == 4.14.14-server-1.mga7
DEBUG util.py:123:  touching file: /var/lib/mock/mageia-cauldron-x86_64/root/etc/fstab
DEBUG util.py:123:  touching file: /var/lib/mock/mageia-cauldron-x86_64/root/etc/yum/yum.conf
DEBUG util.py:123:  touching file: /var/lib/mock/mageia-cauldron-x86_64/root/etc/dnf/dnf.conf
DEBUG util.py:123:  touching file: /var/lib/mock/mageia-cauldron-x86_64/root/var/log/yum.log
DEBUG util.py:110:  ensuring that dir exists: /var/lib/mock/mageia-cauldron-x86_64/root/var/cache/dnf/
DEBUG util.py:636:  child environment: None
DEBUG util.py:562:  Executing command: ['/bin/mount', '-n', '--bind', '/var/cache/mock/mageia-cauldron-x86_64/dnf_cache/', '/var/lib/mock/mageia-cauldron-x86_64/root/var/cache/dnf/'] with env {'TERM': 'vt100', 'SHELL': '/bin/sh', 'HOME': '/builddir', 'HOSTNAME': 'mock', 'PATH': '/usr/bin:/bin:/usr/sbin:/sbin', 'LANG': 'en_US.UTF-8'} and shell False
DEBUG util.py:617:  Child return code was: 0
DEBUG buildroot.py:142:  rootdir = /var/lib/mock/mageia-cauldron-x86_64/root
DEBUG buildroot.py:143:  resultdir = ./mock/
DEBUG util.py:110:  ensuring that dir exists: /var/lib/mock/mageia-cauldron-x86_64/root/etc/pki/mock
DEBUG util.py:113:  creating dir: /var/lib/mock/mageia-cauldron-x86_64/root/etc/pki/mock
DEBUG util.py:110:  ensuring that dir exists: /var/lib/mock/mageia-cauldron-x86_64/root/etc/dnf
DEBUG util.py:110:  ensuring that dir exists: /var/lib/mock/mageia-cauldron-x86_64/root/proc
DEBUG util.py:636:  child environment: None
DEBUG util.py:562:  Executing command: ['/bin/mount', '-n', '-t', 'proc', 'proc', '/var/lib/mock/mageia-cauldron-x86_64/root/proc'] with env {'TERM': 'vt100', 'SHELL': '/bin/sh', 'HOME': '/builddir', 'HOSTNAME': 'mock', 'PATH': '/usr/bin:/bin:/usr/sbin:/sbin', 'LANG': 'en_US.UTF-8'} and shell False
DEBUG util.py:617:  Child return code was: 0
DEBUG util.py:110:  ensuring that dir exists: /var/lib/mock/mageia-cauldron-x86_64/root/sys
DEBUG util.py:636:  child environment: None
DEBUG util.py:562:  Executing command: ['/bin/mount', '-n', '-t', 'sysfs', 'sysfs', '/var/lib/mock/mageia-cauldron-x86_64/root/sys'] with env {'TERM': 'vt100', 'SHELL': '/bin/sh', 'HOME': '/builddir', 'HOSTNAME': 'mock', 'PATH': '/usr/bin:/bin:/usr/sbin:/sbin', 'LANG': 'en_US.UTF-8'} and shell False
DEBUG util.py:617:  Child return code was: 0
DEBUG util.py:110:  ensuring that dir exists: /var/lib/mock/mageia-cauldron-x86_64/root/dev/shm
DEBUG util.py:636:  child environment: None
DEBUG util.py:562:  Executing command: ['/bin/mount', '-n', '-t', 'tmpfs', 'tmpfs', '/var/lib/mock/mageia-cauldron-x86_64/root/dev/shm'] with env {'TERM': 'vt100', 'SHELL': '/bin/sh', 'HOME': '/builddir', 'HOSTNAME': 'mock', 'PATH': '/usr/bin:/bin:/usr/sbin:/sbin', 'LANG': 'en_US.UTF-8'} and shell False
DEBUG util.py:617:  Child return code was: 0
DEBUG util.py:110:  ensuring that dir exists: /var/lib/mock/mageia-cauldron-x86_64/root/dev/pts
DEBUG util.py:636:  child environment: None
DEBUG util.py:562:  Executing command: ['/bin/mount', '-n', '-t', 'devpts', '-o', 'gid=5,mode=0620,ptmxmode=0666,newinstance', 'devpts', '/var/lib/mock/mageia-cauldron-x86_64/root/dev/pts'] with env {'TERM': 'vt100', 'SHELL': '/bin/sh', 'HOME': '/builddir', 'HOSTNAME': 'mock', 'PATH': '/usr/bin:/bin:/usr/sbin:/sbin', 'LANG': 'en_US.UTF-8'} and shell False
DEBUG util.py:617:  Child return code was: 0
DEBUG package_manager.py:111:  ['/usr/bin/dnf', '--installroot', '/var/lib/mock/mageia-cauldron-x86_64/root/', '--releasever', '7', '-C', '--disableplugin=local', '--setopt=deltarpm=False', 'install', 'basesystem-minimal', 'rpm-build', 'rpm-mageia-setup', 'rpm-mageia-setup-build']
DEBUG util.py:636:  child environment: None
DEBUG util.py:562:  Executing command: ['/usr/bin/dnf', '--installroot', '/var/lib/mock/mageia-cauldron-x86_64/root/', '--releasever', '7', '-C', '--disableplugin=local', '--setopt=deltarpm=False', 'install', 'basesystem-minimal', 'rpm-build', 'rpm-mageia-setup', 'rpm-mageia-setup-build'] with env {'TERM': 'vt100', 'SHELL': '/bin/bash', 'HOME': '/builddir', 'HOSTNAME': 'mock', 'PATH': '/usr/bin:/bin:/usr/sbin:/sbin', 'PROMPT_COMMAND': 'printf "\\033]0;<mock-chroot>\\007"', 'PS1': '<mock-chroot> \\s-\\v\\$ ', 'LANG': 'en_US.UTF-8', 'LC_MESSAGES': 'C'} and shell False
DEBUG util.py:479:  Cache-only enabled but no cache for 'mageia-cauldron', disabling.
DEBUG util.py:479:  No match for argument: basesystem-minimal
DEBUG util.py:479:  No match for argument: rpm-build
DEBUG util.py:479:  No match for argument: rpm-mageia-setup
DEBUG util.py:479:  No match for argument: rpm-mageia-setup-build
DEBUG util.py:479:  Error: Unable to find a match
DEBUG util.py:617:  Child return code was: 1
DEBUG util.py:636:  child environment: None
DEBUG util.py:562:  Executing command: ['/bin/umount', '-n', '-l', '/var/lib/mock/mageia-cauldron-x86_64/root/dev/pts'] with env {'TERM': 'vt100', 'SHELL': '/bin/sh', 'HOME': '/builddir', 'HOSTNAME': 'mock', 'PATH': '/usr/bin:/bin:/usr/sbin:/sbin', 'LANG': 'en_US.UTF-8'} and shell False
DEBUG util.py:617:  Child return code was: 0
DEBUG util.py:636:  child environment: None
DEBUG util.py:562:  Executing command: ['/bin/umount', '-n', '-l', '/var/lib/mock/mageia-cauldron-x86_64/root/dev/shm'] with env {'TERM': 'vt100', 'SHELL': '/bin/sh', 'HOME': '/builddir', 'HOSTNAME': 'mock', 'PATH': '/usr/bin:/bin:/usr/sbin:/sbin', 'LANG': 'en_US.UTF-8'} and shell False
DEBUG util.py:617:  Child return code was: 0
DEBUG util.py:636:  child environment: None
DEBUG util.py:562:  Executing command: ['/bin/umount', '-n', '-l', '/var/lib/mock/mageia-cauldron-x86_64/root/sys'] with env {'TERM': 'vt100', 'SHELL': '/bin/sh', 'HOME': '/builddir', 'HOSTNAME': 'mock', 'PATH': '/usr/bin:/bin:/usr/sbin:/sbin', 'LANG': 'en_US.UTF-8'} and shell False
DEBUG util.py:617:  Child return code was: 0
DEBUG util.py:636:  child environment: None
DEBUG util.py:562:  Executing command: ['/bin/umount', '-n', '-l', '/var/lib/mock/mageia-cauldron-x86_64/root/proc'] with env {'TERM': 'vt100', 'SHELL': '/bin/sh', 'HOME': '/builddir', 'HOSTNAME': 'mock', 'PATH': '/usr/bin:/bin:/usr/sbin:/sbin', 'LANG': 'en_US.UTF-8'} and shell False
DEBUG util.py:617:  Child return code was: 0
DEBUG util.py:222:  kill orphans
DEBUG util.py:636:  child environment: None
DEBUG util.py:562:  Executing command: ['/bin/umount', '-n', '/var/lib/mock/mageia-cauldron-x86_64/root/var/cache/dnf/'] with env {'TERM': 'vt100', 'SHELL': '/bin/sh', 'HOME': '/builddir', 'HOSTNAME': 'mock', 'PATH': '/usr/bin:/bin:/usr/sbin:/sbin', 'LANG': 'en_US.UTF-8'} and shell False
DEBUG util.py:617:  Child return code was: 0
DEBUG util.py:636:  child environment: None
DEBUG util.py:562:  Executing command: ['btrfs', 'subv', 'list', '/var/lib/mock'] with env {'TERM': 'vt100', 'SHELL': '/bin/sh', 'HOME': '/builddir', 'HOSTNAME': 'mock', 'PATH': '/usr/bin:/bin:/usr/sbin:/sbin', 'LANG': 'en_US.UTF-8'} and shell False
DEBUG util.py:479:  ERROR: not a btrfs filesystem: /var/lib/mock
DEBUG util.py:479:  ERROR: can't access '/var/lib/mock'
DEBUG util.py:617:  Child return code was: 1
DEBUG util.py:1339:  Please ignore the error above above about btrfs.
INFO buildroot.py:348:  Mock Version: 1.4.8
DEBUG util.py:110:  ensuring that dir exists: /var/lib/mock/mageia-6-x86_64/root/dev/pts
DEBUG util.py:113:  creating dir: /var/lib/mock/mageia-6-x86_64/root/dev/pts
DEBUG util.py:110:  ensuring that dir exists: /var/lib/mock/mageia-6-x86_64/root/dev/shm
DEBUG util.py:113:  creating dir: /var/lib/mock/mageia-6-x86_64/root/dev/shm
DEBUG buildroot.py:479:  kernel version == 4.14.14-server-1.mga7
DEBUG util.py:123:  touching file: /var/lib/mock/mageia-6-x86_64/root/etc/fstab
DEBUG util.py:123:  touching file: /var/lib/mock/mageia-6-x86_64/root/etc/yum/yum.conf
DEBUG util.py:123:  touching file: /var/lib/mock/mageia-6-x86_64/root/etc/dnf/dnf.conf
DEBUG util.py:123:  touching file: /var/lib/mock/mageia-6-x86_64/root/var/log/yum.log
DEBUG util.py:110:  ensuring that dir exists: /var/lib/mock/mageia-6-x86_64/root/var/cache/dnf/
DEBUG util.py:636:  child environment: None
DEBUG util.py:562:  Executing command: ['/bin/mount', '-n', '--bind', '/var/cache/mock/mageia-6-x86_64/dnf_cache/', '/var/lib/mock/mageia-6-x86_64/root/var/cache/dnf/'] with env {'TERM': 'vt100', 'SHELL': '/bin/sh', 'HOME': '/builddir', 'HOSTNAME': 'mock', 'PATH': '/usr/bin:/bin:/usr/sbin:/sbin', 'LANG': 'en_US.UTF-8'} and shell False
DEBUG util.py:617:  Child return code was: 0
DEBUG buildroot.py:142:  rootdir = /var/lib/mock/mageia-6-x86_64/root
DEBUG buildroot.py:143:  resultdir = ./mock/
DEBUG util.py:110:  ensuring that dir exists: /var/lib/mock/mageia-6-x86_64/root/etc/pki/mock
DEBUG util.py:110:  ensuring that dir exists: /var/lib/mock/mageia-6-x86_64/root/etc/dnf
DEBUG util.py:636:  child environment: None
DEBUG util.py:562:  Executing command: ['/usr/bin/systemd-nspawn', '-q', '-M', '61ff5eec283947e38b15efc9746cd501', '-D', '/var/lib/mock/mageia-6-x86_64/root', '-a', '--setenv=TERM=vt100', '--setenv=SHELL=/bin/bash', '--setenv=HOME=/builddir', '--setenv=HOSTNAME=mock', '--setenv=PATH=/usr/bin:/bin:/usr/sbin:/sbin', '--setenv=PROMPT_COMMAND=printf "\\033]0;<mock-chroot>\\007"', '--setenv=PS1=<mock-chroot> \\s-\\v\\$ ', '--setenv=LANG=en_US.UTF-8', '/usr/sbin/userdel', '-r', '-f', 'mockbuild'] with env {'TERM': 'vt100', 'SHELL': '/bin/bash', 'HOME': '/builddir', 'HOSTNAME': 'mock', 'PATH': '/usr/bin:/bin:/usr/sbin:/sbin', 'PROMPT_COMMAND': 'printf "\\033]0;<mock-chroot>\\007"', 'PS1': '<mock-chroot> \\s-\\v\\$ ', 'LANG': 'en_US.UTF-8'} and shell False
DEBUG util.py:317:  Unsharing. Flags: 134217728
DEBUG util.py:479:  userdel: mockbuild mail spool (/var/spool/mail/mockbuild) not found
DEBUG util.py:617:  Child return code was: 0
DEBUG util.py:636:  child environment: None
DEBUG util.py:562:  Executing command: ['/usr/bin/systemd-nspawn', '-q', '-M', 'fa606fae903742459313dec174eb30c7', '-D', '/var/lib/mock/mageia-6-x86_64/root', '-a', '--setenv=TERM=vt100', '--setenv=SHELL=/bin/bash', '--setenv=HOME=/builddir', '--setenv=HOSTNAME=mock', '--setenv=PATH=/usr/bin:/bin:/usr/sbin:/sbin', '--setenv=PROMPT_COMMAND=printf "\\033]0;<mock-chroot>\\007"', '--setenv=PS1=<mock-chroot> \\s-\\v\\$ ', '--setenv=LANG=en_US.UTF-8', '/usr/sbin/groupdel', 'mock'] with env {'TERM': 'vt100', 'SHELL': '/bin/bash', 'HOME': '/builddir', 'HOSTNAME': 'mock', 'PATH': '/usr/bin:/bin:/usr/sbin:/sbin', 'PROMPT_COMMAND': 'printf "\\033]0;<mock-chroot>\\007"', 'PS1': '<mock-chroot> \\s-\\v\\$ ', 'LANG': 'en_US.UTF-8'} and shell False
DEBUG util.py:317:  Unsharing. Flags: 134217728
DEBUG util.py:617:  Child return code was: 0
DEBUG util.py:636:  child environment: None
DEBUG util.py:562:  Executing command: ['/usr/bin/systemd-nspawn', '-q', '-M', 'e41e9590d1c94010a35e79033d3943b3', '-D', '/var/lib/mock/mageia-6-x86_64/root', '-a', '--setenv=TERM=vt100', '--setenv=SHELL=/bin/bash', '--setenv=HOME=/builddir', '--setenv=HOSTNAME=mock', '--setenv=PATH=/usr/bin:/bin:/usr/sbin:/sbin', '--setenv=PROMPT_COMMAND=printf "\\033]0;<mock-chroot>\\007"', '--setenv=PS1=<mock-chroot> \\s-\\v\\$ ', '--setenv=LANG=en_US.UTF-8', '/usr/sbin/groupadd', '-g', '135', 'mock'] with env {'TERM': 'vt100', 'SHELL': '/bin/bash', 'HOME': '/builddir', 'HOSTNAME': 'mock', 'PATH': '/usr/bin:/bin:/usr/sbin:/sbin', 'PROMPT_COMMAND': 'printf "\\033]0;<mock-chroot>\\007"', 'PS1': '<mock-chroot> \\s-\\v\\$ ', 'LANG': 'en_US.UTF-8'} and shell False
DEBUG util.py:317:  Unsharing. Flags: 134217728
DEBUG util.py:617:  Child return code was: 0
DEBUG util.py:636:  child environment: None
DEBUG util.py:562:  Executing command: ['/usr/bin/systemd-nspawn', '-q', '-M', 'e01579b475c04aaaadb15f611f17210b', '-D', '/var/lib/mock/mageia-6-x86_64/root', '-a', '--setenv=TERM=vt100', '--setenv=SHELL=/bin/bash', '--setenv=HOME=/builddir', '--setenv=HOSTNAME=mock', '--setenv=PATH=/usr/bin:/bin:/usr/sbin:/sbin', '--setenv=PROMPT_COMMAND=printf "\\033]0;<mock-chroot>\\007"', '--setenv=PS1=<mock-chroot> \\s-\\v\\$ ', '--setenv=LANG=en_US.UTF-8', '/usr/sbin/useradd', '-o', '-m', '-u', '1000', '-g', '135', '-d', '/builddir', 'mockbuild'] with env {'TERM': 'vt100', 'SHELL': '/bin/bash', 'HOME': '/builddir', 'HOSTNAME': 'mock', 'PATH': '/usr/bin:/bin:/usr/sbin:/sbin', 'PROMPT_COMMAND': 'printf "\\033]0;<mock-chroot>\\007"', 'PS1': '<mock-chroot> \\s-\\v\\$ ', 'LANG': 'en_US.UTF-8'} and shell False
DEBUG util.py:317:  Unsharing. Flags: 134217728
DEBUG util.py:617:  Child return code was: 0
DEBUG util.py:110:  ensuring that dir exists: /var/lib/mock/mageia-6-x86_64/root/builddir/build/RPMS
DEBUG util.py:113:  creating dir: /var/lib/mock/mageia-6-x86_64/root/builddir/build/RPMS
DEBUG util.py:110:  ensuring that dir exists: /var/lib/mock/mageia-6-x86_64/root/builddir/build/SPECS
DEBUG util.py:113:  creating dir: /var/lib/mock/mageia-6-x86_64/root/builddir/build/SPECS
DEBUG util.py:110:  ensuring that dir exists: /var/lib/mock/mageia-6-x86_64/root/builddir/build/SRPMS
DEBUG util.py:113:  creating dir: /var/lib/mock/mageia-6-x86_64/root/builddir/build/SRPMS
DEBUG util.py:110:  ensuring that dir exists: /var/lib/mock/mageia-6-x86_64/root/builddir/build/SOURCES
DEBUG util.py:113:  creating dir: /var/lib/mock/mageia-6-x86_64/root/builddir/build/SOURCES
DEBUG util.py:110:  ensuring that dir exists: /var/lib/mock/mageia-6-x86_64/root/builddir/build/BUILD
DEBUG util.py:113:  creating dir: /var/lib/mock/mageia-6-x86_64/root/builddir/build/BUILD
DEBUG util.py:110:  ensuring that dir exists: /var/lib/mock/mageia-6-x86_64/root/builddir/build/BUILDROOT
DEBUG util.py:113:  creating dir: /var/lib/mock/mageia-6-x86_64/root/builddir/build/BUILDROOT
DEBUG util.py:110:  ensuring that dir exists: /var/lib/mock/mageia-6-x86_64/root/builddir/build/originals
DEBUG util.py:113:  creating dir: /var/lib/mock/mageia-6-x86_64/root/builddir/build/originals
DEBUG util.py:123:  touching file: /var/lib/mock/mageia-6-x86_64/root/.initialized
DEBUG util.py:636:  child environment: None
DEBUG util.py:562:  Executing command: ['/usr/bin/systemd-nspawn', '-q', '-M', '1cddf2258c3042cca48f85288bcdead9', '-D', '/var/lib/mock/mageia-6-x86_64/root', '-a', '--setenv=TERM=vt100', '--setenv=SHELL=/bin/bash', '--setenv=HOME=/builddir', '--setenv=HOSTNAME=mock', '--setenv=PATH=/usr/bin:/bin:/usr/sbin:/sbin', '--setenv=PROMPT_COMMAND=printf "\\033]0;<mock-chroot>\\007"', '--setenv=PS1=<mock-chroot> \\s-\\v\\$ ', '--setenv=LANG=en_US.UTF-8', '-u', 'mockbuild', '/bin/rpm', '-Uvh', '--nodeps', '/builddir/build/originals/rstudio-1.1.415-0.git20180118_35c7c0e.1.mga7.src.rpm'] with env {'TERM': 'vt100', 'SHELL': '/bin/bash', 'HOME': '/builddir', 'HOSTNAME': 'mock', 'PATH': '/usr/bin:/bin:/usr/sbin:/sbin', 'PROMPT_COMMAND': 'printf "\\033]0;<mock-chroot>\\007"', 'PS1': '<mock-chroot> \\s-\\v\\$ ', 'LANG': 'en_US.UTF-8'} and shell False
DEBUG util.py:317:  Unsharing. Flags: 1073741824
DEBUG util.py:317:  Unsharing. Flags: 134217728
DEBUG util.py:479:  Updating / installing...
DEBUG util.py:479:  rstudio-1.1.415-0.git20180118_35c7c0e.warning: user stig does not exist - using root
DEBUG util.py:479:  warning: group stig does not exist - using root
DEBUG util.py:479:  warning: user stig does not exist - using root
DEBUG util.py:479:  warning: group stig does not exist - using root
DEBUG util.py:479:  #################################warning: user stig does not exist - using root
DEBUG util.py:479:  warning: group stig does not exist - using root
DEBUG util.py:479:  warning: user stig does not exist - using root
DEBUG util.py:479:  warning: group stig does not exist - using root
DEBUG util.py:479:  warning: user stig does not exist - using root
DEBUG util.py:479:  warning: group stig does not exist - using root
DEBUG util.py:479:  warning: user stig does not exist - using root
DEBUG util.py:479:  warning: group stig does not exist - using root
DEBUG util.py:479:  warning: user stig does not exist - using root
DEBUG util.py:479:  warning: group stig does not exist - using root
DEBUG util.py:479:  #######
DEBUG util.py:479:  warning: user stig does not exist - using root
DEBUG util.py:479:  warning: group stig does not exist - using root
DEBUG util.py:617:  Child return code was: 0
DEBUG util.py:636:  child environment: None
DEBUG util.py:562:  Executing command: ['/usr/bin/systemd-nspawn', '-q', '-M', '27fc7c8957ef46c781358b1602af6f09', '-D', '/var/lib/mock/mageia-6-x86_64/root', '-a', '--setenv=TERM=vt100', '--setenv=SHELL=/bin/bash', '--setenv=HOME=/builddir', '--setenv=HOSTNAME=mock', '--setenv=PATH=/usr/bin:/bin:/usr/sbin:/sbin', '--setenv=PROMPT_COMMAND=printf "\\033]0;<mock-chroot>\\007"', '--setenv=PS1=<mock-chroot> \\s-\\v\\$ ', '--setenv=LANG=en_US.UTF-8', '-u', 'mockbuild', '/bin/rpm', '-qpl', '/builddir/build/originals/rstudio-1.1.415-0.git20180118_35c7c0e.1.mga7.src.rpm'] with env {'TERM': 'vt100', 'SHELL': '/bin/bash', 'HOME': '/builddir', 'HOSTNAME': 'mock', 'PATH': '/usr/bin:/bin:/usr/sbin:/sbin', 'PROMPT_COMMAND': 'printf "\\033]0;<mock-chroot>\\007"', 'PS1': '<mock-chroot> \\s-\\v\\$ ', 'LANG': 'en_US.UTF-8'} and shell False
DEBUG util.py:317:  Unsharing. Flags: 1073741824
DEBUG util.py:317:  Unsharing. Flags: 134217728
DEBUG util.py:479:  gin-2.1.2.zip
DEBUG util.py:479:  gwt-2.8.1.zip
DEBUG util.py:479:  packrat-0.4.2.tar.gz
DEBUG util.py:479:  rmarkdown-1.8.tar.gz
DEBUG util.py:479:  rstudio-1.1.412-cmakelists-remove-pandoc.patch
DEBUG util.py:479:  rstudio-1.1.412-unique_ptr.patch
DEBUG util.py:479:  rstudio-1.1.415git20180118_35c7c0e.tar.gz
DEBUG util.py:479:  rstudio.spec
DEBUG util.py:617:  Child return code was: 0
DEBUG util.py:636:  child environment: None
DEBUG util.py:317:  Unsharing. Flags: 1073741824
DEBUG util.py:317:  Unsharing. Flags: 134217728
DEBUG util.py:222:  kill orphans
WARNING util.py:238:  Machine 3c960ab514354182b974b7f8f8e3f788 still running. Killing...
DEBUG util.py:636:  child environment: None
DEBUG util.py:562:  Executing command: ['/bin/umount', '-n', '/var/lib/mock/mageia-6-x86_64/root/var/cache/dnf/'] with env {'TERM': 'vt100', 'SHELL': '/bin/sh', 'HOME': '/builddir', 'HOSTNAME': 'mock', 'PATH': '/usr/bin:/bin:/usr/sbin:/sbin', 'LANG': 'en_US.UTF-8'} and shell False
DEBUG util.py:617:  Child return code was: 0
DEBUG util.py:636:  child environment: None
DEBUG util.py:562:  Executing command: ['btrfs', 'subv', 'list', '/var/lib/mock'] with env {'TERM': 'vt100', 'SHELL': '/bin/sh', 'HOME': '/builddir', 'HOSTNAME': 'mock', 'PATH': '/usr/bin:/bin:/usr/sbin:/sbin', 'LANG': 'en_US.UTF-8'} and shell False
DEBUG util.py:479:  ERROR: not a btrfs filesystem: /var/lib/mock
DEBUG util.py:479:  ERROR: can't access '/var/lib/mock'
DEBUG util.py:617:  Child return code was: 1
DEBUG util.py:1339:  Please ignore the error above above about btrfs.
DEBUG util.py:110:  ensuring that dir exists: /var/lib/mock/mageia-6-x86_64
DEBUG util.py:222:  kill orphans
INFO buildroot.py:348:  Mock Version: 1.4.8
DEBUG util.py:110:  ensuring that dir exists: /var/lib/mock/mageia-cauldron-x86_64/root/dev/pts
DEBUG util.py:113:  creating dir: /var/lib/mock/mageia-cauldron-x86_64/root/dev/pts
DEBUG util.py:110:  ensuring that dir exists: /var/lib/mock/mageia-cauldron-x86_64/root/dev/shm
DEBUG util.py:113:  creating dir: /var/lib/mock/mageia-cauldron-x86_64/root/dev/shm
DEBUG buildroot.py:479:  kernel version == 4.14.14-server-1.mga7
DEBUG util.py:123:  touching file: /var/lib/mock/mageia-cauldron-x86_64/root/etc/fstab
DEBUG util.py:123:  touching file: /var/lib/mock/mageia-cauldron-x86_64/root/etc/yum/yum.conf
DEBUG util.py:123:  touching file: /var/lib/mock/mageia-cauldron-x86_64/root/etc/dnf/dnf.conf
DEBUG util.py:123:  touching file: /var/lib/mock/mageia-cauldron-x86_64/root/var/log/yum.log
DEBUG util.py:110:  ensuring that dir exists: /var/lib/mock/mageia-cauldron-x86_64/root/var/cache/dnf/
DEBUG util.py:636:  child environment: None
DEBUG util.py:562:  Executing command: ['/bin/mount', '-n', '--bind', '/var/cache/mock/mageia-cauldron-x86_64/dnf_cache/', '/var/lib/mock/mageia-cauldron-x86_64/root/var/cache/dnf/'] with env {'TERM': 'vt100', 'SHELL': '/bin/sh', 'HOME': '/builddir', 'HOSTNAME': 'mock', 'PATH': '/usr/bin:/bin:/usr/sbin:/sbin', 'LANG': 'en_US.UTF-8'} and shell False
DEBUG util.py:617:  Child return code was: 0
DEBUG buildroot.py:142:  rootdir = /var/lib/mock/mageia-cauldron-x86_64/root
DEBUG buildroot.py:143:  resultdir = ./mock/
DEBUG util.py:110:  ensuring that dir exists: /var/lib/mock/mageia-cauldron-x86_64/root/etc/pki/mock
DEBUG util.py:113:  creating dir: /var/lib/mock/mageia-cauldron-x86_64/root/etc/pki/mock
DEBUG util.py:110:  ensuring that dir exists: /var/lib/mock/mageia-cauldron-x86_64/root/etc/dnf
DEBUG util.py:110:  ensuring that dir exists: /var/lib/mock/mageia-cauldron-x86_64/root/proc
DEBUG util.py:636:  child environment: None
DEBUG util.py:562:  Executing command: ['/bin/mount', '-n', '-t', 'proc', 'proc', '/var/lib/mock/mageia-cauldron-x86_64/root/proc'] with env {'TERM': 'vt100', 'SHELL': '/bin/sh', 'HOME': '/builddir', 'HOSTNAME': 'mock', 'PATH': '/usr/bin:/bin:/usr/sbin:/sbin', 'LANG': 'en_US.UTF-8'} and shell False
DEBUG util.py:617:  Child return code was: 0
DEBUG util.py:110:  ensuring that dir exists: /var/lib/mock/mageia-cauldron-x86_64/root/sys
DEBUG util.py:636:  child environment: None
DEBUG util.py:562:  Executing command: ['/bin/mount', '-n', '-t', 'sysfs', 'sysfs', '/var/lib/mock/mageia-cauldron-x86_64/root/sys'] with env {'TERM': 'vt100', 'SHELL': '/bin/sh', 'HOME': '/builddir', 'HOSTNAME': 'mock', 'PATH': '/usr/bin:/bin:/usr/sbin:/sbin', 'LANG': 'en_US.UTF-8'} and shell False
DEBUG util.py:617:  Child return code was: 0
DEBUG util.py:110:  ensuring that dir exists: /var/lib/mock/mageia-cauldron-x86_64/root/dev/shm
DEBUG util.py:636:  child environment: None
DEBUG util.py:562:  Executing command: ['/bin/mount', '-n', '-t', 'tmpfs', 'tmpfs', '/var/lib/mock/mageia-cauldron-x86_64/root/dev/shm'] with env {'TERM': 'vt100', 'SHELL': '/bin/sh', 'HOME': '/builddir', 'HOSTNAME': 'mock', 'PATH': '/usr/bin:/bin:/usr/sbin:/sbin', 'LANG': 'en_US.UTF-8'} and shell False
DEBUG util.py:617:  Child return code was: 0
DEBUG util.py:110:  ensuring that dir exists: /var/lib/mock/mageia-cauldron-x86_64/root/dev/pts
DEBUG util.py:636:  child environment: None
DEBUG util.py:562:  Executing command: ['/bin/mount', '-n', '-t', 'devpts', '-o', 'gid=5,mode=0620,ptmxmode=0666,newinstance', 'devpts', '/var/lib/mock/mageia-cauldron-x86_64/root/dev/pts'] with env {'TERM': 'vt100', 'SHELL': '/bin/sh', 'HOME': '/builddir', 'HOSTNAME': 'mock', 'PATH': '/usr/bin:/bin:/usr/sbin:/sbin', 'LANG': 'en_US.UTF-8'} and shell False
DEBUG util.py:617:  Child return code was: 0
DEBUG package_manager.py:111:  ['/usr/bin/dnf', '--installroot', '/var/lib/mock/mageia-cauldron-x86_64/root/', '--releasever', '7', '-C', '--disableplugin=local', '--setopt=deltarpm=False', 'install', 'basesystem-minimal', 'rpm-build', 'rpm-mageia-setup', 'rpm-mageia-setup-build']
DEBUG util.py:636:  child environment: None
DEBUG util.py:562:  Executing command: ['/usr/bin/dnf', '--installroot', '/var/lib/mock/mageia-cauldron-x86_64/root/', '--releasever', '7', '-C', '--disableplugin=local', '--setopt=deltarpm=False', 'install', 'basesystem-minimal', 'rpm-build', 'rpm-mageia-setup', 'rpm-mageia-setup-build'] with env {'TERM': 'vt100', 'SHELL': '/bin/bash', 'HOME': '/builddir', 'HOSTNAME': 'mock', 'PATH': '/usr/bin:/bin:/usr/sbin:/sbin', 'PROMPT_COMMAND': 'printf "\\033]0;<mock-chroot>\\007"', 'PS1': '<mock-chroot> \\s-\\v\\$ ', 'LANG': 'en_US.UTF-8', 'LC_MESSAGES': 'C'} and shell False
DEBUG util.py:479:  Cache-only enabled but no cache for 'mageia-cauldron', disabling.
DEBUG util.py:479:  No match for argument: basesystem-minimal
DEBUG util.py:479:  No match for argument: rpm-build
DEBUG util.py:479:  No match for argument: rpm-mageia-setup
DEBUG util.py:479:  No match for argument: rpm-mageia-setup-build
DEBUG util.py:479:  Error: Unable to find a match
DEBUG util.py:617:  Child return code was: 1
DEBUG util.py:636:  child environment: None
DEBUG util.py:562:  Executing command: ['/bin/umount', '-n', '-l', '/var/lib/mock/mageia-cauldron-x86_64/root/dev/pts'] with env {'TERM': 'vt100', 'SHELL': '/bin/sh', 'HOME': '/builddir', 'HOSTNAME': 'mock', 'PATH': '/usr/bin:/bin:/usr/sbin:/sbin', 'LANG': 'en_US.UTF-8'} and shell False
DEBUG util.py:617:  Child return code was: 0
DEBUG util.py:636:  child environment: None
DEBUG util.py:562:  Executing command: ['/bin/umount', '-n', '-l', '/var/lib/mock/mageia-cauldron-x86_64/root/dev/shm'] with env {'TERM': 'vt100', 'SHELL': '/bin/sh', 'HOME': '/builddir', 'HOSTNAME': 'mock', 'PATH': '/usr/bin:/bin:/usr/sbin:/sbin', 'LANG': 'en_US.UTF-8'} and shell False
DEBUG util.py:617:  Child return code was: 0
DEBUG util.py:636:  child environment: None
DEBUG util.py:562:  Executing command: ['/bin/umount', '-n', '-l', '/var/lib/mock/mageia-cauldron-x86_64/root/sys'] with env {'TERM': 'vt100', 'SHELL': '/bin/sh', 'HOME': '/builddir', 'HOSTNAME': 'mock', 'PATH': '/usr/bin:/bin:/usr/sbin:/sbin', 'LANG': 'en_US.UTF-8'} and shell False
DEBUG util.py:617:  Child return code was: 0
DEBUG util.py:636:  child environment: None
DEBUG util.py:562:  Executing command: ['/bin/umount', '-n', '-l', '/var/lib/mock/mageia-cauldron-x86_64/root/proc'] with env {'TERM': 'vt100', 'SHELL': '/bin/sh', 'HOME': '/builddir', 'HOSTNAME': 'mock', 'PATH': '/usr/bin:/bin:/usr/sbin:/sbin', 'LANG': 'en_US.UTF-8'} and shell False
DEBUG util.py:617:  Child return code was: 0
DEBUG util.py:222:  kill orphans
DEBUG util.py:636:  child environment: None
DEBUG util.py:562:  Executing command: ['/bin/umount', '-n', '/var/lib/mock/mageia-cauldron-x86_64/root/var/cache/dnf/'] with env {'TERM': 'vt100', 'SHELL': '/bin/sh', 'HOME': '/builddir', 'HOSTNAME': 'mock', 'PATH': '/usr/bin:/bin:/usr/sbin:/sbin', 'LANG': 'en_US.UTF-8'} and shell False
DEBUG util.py:617:  Child return code was: 0
DEBUG util.py:636:  child environment: None
DEBUG util.py:562:  Executing command: ['btrfs', 'subv', 'list', '/var/lib/mock'] with env {'TERM': 'vt100', 'SHELL': '/bin/sh', 'HOME': '/builddir', 'HOSTNAME': 'mock', 'PATH': '/usr/bin:/bin:/usr/sbin:/sbin', 'LANG': 'en_US.UTF-8'} and shell False
DEBUG util.py:479:  ERROR: not a btrfs filesystem: /var/lib/mock
DEBUG util.py:479:  ERROR: can't access '/var/lib/mock'
DEBUG util.py:617:  Child return code was: 1
DEBUG util.py:1339:  Please ignore the error above above about btrfs.
INFO buildroot.py:348:  Mock Version: 1.4.8
DEBUG util.py:110:  ensuring that dir exists: /var/lib/mock/mageia-cauldron-x86_64/root/dev/pts
DEBUG util.py:113:  creating dir: /var/lib/mock/mageia-cauldron-x86_64/root/dev/pts
DEBUG util.py:110:  ensuring that dir exists: /var/lib/mock/mageia-cauldron-x86_64/root/dev/shm
DEBUG util.py:113:  creating dir: /var/lib/mock/mageia-cauldron-x86_64/root/dev/shm
DEBUG buildroot.py:479:  kernel version == 4.14.14-server-1.mga7
DEBUG util.py:123:  touching file: /var/lib/mock/mageia-cauldron-x86_64/root/etc/fstab
DEBUG util.py:123:  touching file: /var/lib/mock/mageia-cauldron-x86_64/root/etc/yum/yum.conf
DEBUG util.py:123:  touching file: /var/lib/mock/mageia-cauldron-x86_64/root/etc/dnf/dnf.conf
DEBUG util.py:123:  touching file: /var/lib/mock/mageia-cauldron-x86_64/root/var/log/yum.log
DEBUG util.py:110:  ensuring that dir exists: /var/lib/mock/mageia-cauldron-x86_64/root/var/cache/dnf/
DEBUG util.py:636:  child environment: None
DEBUG util.py:562:  Executing command: ['/bin/mount', '-n', '--bind', '/var/cache/mock/mageia-cauldron-x86_64/dnf_cache/', '/var/lib/mock/mageia-cauldron-x86_64/root/var/cache/dnf/'] with env {'TERM': 'vt100', 'SHELL': '/bin/sh', 'HOME': '/builddir', 'HOSTNAME': 'mock', 'PATH': '/usr/bin:/bin:/usr/sbin:/sbin', 'LANG': 'en_US.UTF-8'} and shell False
DEBUG util.py:617:  Child return code was: 0
DEBUG buildroot.py:142:  rootdir = /var/lib/mock/mageia-cauldron-x86_64/root
DEBUG buildroot.py:143:  resultdir = ./mock/
DEBUG util.py:110:  ensuring that dir exists: /var/lib/mock/mageia-cauldron-x86_64/root/etc/pki/mock
DEBUG util.py:113:  creating dir: /var/lib/mock/mageia-cauldron-x86_64/root/etc/pki/mock
DEBUG util.py:110:  ensuring that dir exists: /var/lib/mock/mageia-cauldron-x86_64/root/etc/dnf
DEBUG util.py:110:  ensuring that dir exists: /var/lib/mock/mageia-cauldron-x86_64/root/proc
DEBUG util.py:636:  child environment: None
DEBUG util.py:562:  Executing command: ['/bin/mount', '-n', '-t', 'proc', 'proc', '/var/lib/mock/mageia-cauldron-x86_64/root/proc'] with env {'TERM': 'vt100', 'SHELL': '/bin/sh', 'HOME': '/builddir', 'HOSTNAME': 'mock', 'PATH': '/usr/bin:/bin:/usr/sbin:/sbin', 'LANG': 'en_US.UTF-8'} and shell False
DEBUG util.py:617:  Child return code was: 0
DEBUG util.py:110:  ensuring that dir exists: /var/lib/mock/mageia-cauldron-x86_64/root/sys
DEBUG util.py:636:  child environment: None
DEBUG util.py:562:  Executing command: ['/bin/mount', '-n', '-t', 'sysfs', 'sysfs', '/var/lib/mock/mageia-cauldron-x86_64/root/sys'] with env {'TERM': 'vt100', 'SHELL': '/bin/sh', 'HOME': '/builddir', 'HOSTNAME': 'mock', 'PATH': '/usr/bin:/bin:/usr/sbin:/sbin', 'LANG': 'en_US.UTF-8'} and shell False
DEBUG util.py:617:  Child return code was: 0
DEBUG util.py:110:  ensuring that dir exists: /var/lib/mock/mageia-cauldron-x86_64/root/dev/shm
DEBUG util.py:636:  child environment: None
DEBUG util.py:562:  Executing command: ['/bin/mount', '-n', '-t', 'tmpfs', 'tmpfs', '/var/lib/mock/mageia-cauldron-x86_64/root/dev/shm'] with env {'TERM': 'vt100', 'SHELL': '/bin/sh', 'HOME': '/builddir', 'HOSTNAME': 'mock', 'PATH': '/usr/bin:/bin:/usr/sbin:/sbin', 'LANG': 'en_US.UTF-8'} and shell False
DEBUG util.py:617:  Child return code was: 0
DEBUG util.py:110:  ensuring that dir exists: /var/lib/mock/mageia-cauldron-x86_64/root/dev/pts
DEBUG util.py:636:  child environment: None
DEBUG util.py:562:  Executing command: ['/bin/mount', '-n', '-t', 'devpts', '-o', 'gid=5,mode=0620,ptmxmode=0666,newinstance', 'devpts', '/var/lib/mock/mageia-cauldron-x86_64/root/dev/pts'] with env {'TERM': 'vt100', 'SHELL': '/bin/sh', 'HOME': '/builddir', 'HOSTNAME': 'mock', 'PATH': '/usr/bin:/bin:/usr/sbin:/sbin', 'LANG': 'en_US.UTF-8'} and shell False
DEBUG util.py:617:  Child return code was: 0
DEBUG package_manager.py:111:  ['/usr/bin/dnf', '--installroot', '/var/lib/mock/mageia-cauldron-x86_64/root/', '--releasever', '7', '-C', '--disableplugin=local', '--setopt=deltarpm=False', 'install', 'basesystem-minimal', 'rpm-build', 'rpm-mageia-setup', 'rpm-mageia-setup-build']
DEBUG util.py:636:  child environment: None
DEBUG util.py:562:  Executing command: ['/usr/bin/dnf', '--installroot', '/var/lib/mock/mageia-cauldron-x86_64/root/', '--releasever', '7', '-C', '--disableplugin=local', '--setopt=deltarpm=False', 'install', 'basesystem-minimal', 'rpm-build', 'rpm-mageia-setup', 'rpm-mageia-setup-build'] with env {'TERM': 'vt100', 'SHELL': '/bin/bash', 'HOME': '/builddir', 'HOSTNAME': 'mock', 'PATH': '/usr/bin:/bin:/usr/sbin:/sbin', 'PROMPT_COMMAND': 'printf "\\033]0;<mock-chroot>\\007"', 'PS1': '<mock-chroot> \\s-\\v\\$ ', 'LANG': 'en_US.UTF-8', 'LC_MESSAGES': 'C'} and shell False
DEBUG util.py:479:  Cache-only enabled but no cache for 'mageia-cauldron', disabling.
DEBUG util.py:479:  No match for argument: basesystem-minimal
DEBUG util.py:479:  No match for argument: rpm-build
DEBUG util.py:479:  No match for argument: rpm-mageia-setup
DEBUG util.py:479:  No match for argument: rpm-mageia-setup-build
DEBUG util.py:479:  Error: Unable to find a match
DEBUG util.py:617:  Child return code was: 1
DEBUG util.py:636:  child environment: None
DEBUG util.py:562:  Executing command: ['/bin/umount', '-n', '-l', '/var/lib/mock/mageia-cauldron-x86_64/root/dev/pts'] with env {'TERM': 'vt100', 'SHELL': '/bin/sh', 'HOME': '/builddir', 'HOSTNAME': 'mock', 'PATH': '/usr/bin:/bin:/usr/sbin:/sbin', 'LANG': 'en_US.UTF-8'} and shell False
DEBUG util.py:617:  Child return code was: 0
DEBUG util.py:636:  child environment: None
DEBUG util.py:562:  Executing command: ['/bin/umount', '-n', '-l', '/var/lib/mock/mageia-cauldron-x86_64/root/dev/shm'] with env {'TERM': 'vt100', 'SHELL': '/bin/sh', 'HOME': '/builddir', 'HOSTNAME': 'mock', 'PATH': '/usr/bin:/bin:/usr/sbin:/sbin', 'LANG': 'en_US.UTF-8'} and shell False
DEBUG util.py:617:  Child return code was: 0
DEBUG util.py:636:  child environment: None
DEBUG util.py:562:  Executing command: ['/bin/umount', '-n', '-l', '/var/lib/mock/mageia-cauldron-x86_64/root/sys'] with env {'TERM': 'vt100', 'SHELL': '/bin/sh', 'HOME': '/builddir', 'HOSTNAME': 'mock', 'PATH': '/usr/bin:/bin:/usr/sbin:/sbin', 'LANG': 'en_US.UTF-8'} and shell False
DEBUG util.py:617:  Child return code was: 0
DEBUG util.py:636:  child environment: None
DEBUG util.py:562:  Executing command: ['/bin/umount', '-n', '-l', '/var/lib/mock/mageia-cauldron-x86_64/root/proc'] with env {'TERM': 'vt100', 'SHELL': '/bin/sh', 'HOME': '/builddir', 'HOSTNAME': 'mock', 'PATH': '/usr/bin:/bin:/usr/sbin:/sbin', 'LANG': 'en_US.UTF-8'} and shell False
DEBUG util.py:617:  Child return code was: 0
DEBUG util.py:222:  kill orphans
DEBUG util.py:636:  child environment: None
DEBUG util.py:562:  Executing command: ['/bin/umount', '-n', '/var/lib/mock/mageia-cauldron-x86_64/root/var/cache/dnf/'] with env {'TERM': 'vt100', 'SHELL': '/bin/sh', 'HOME': '/builddir', 'HOSTNAME': 'mock', 'PATH': '/usr/bin:/bin:/usr/sbin:/sbin', 'LANG': 'en_US.UTF-8'} and shell False
DEBUG util.py:617:  Child return code was: 0
DEBUG util.py:636:  child environment: None
DEBUG util.py:562:  Executing command: ['btrfs', 'subv', 'list', '/var/lib/mock'] with env {'TERM': 'vt100', 'SHELL': '/bin/sh', 'HOME': '/builddir', 'HOSTNAME': 'mock', 'PATH': '/usr/bin:/bin:/usr/sbin:/sbin', 'LANG': 'en_US.UTF-8'} and shell False
DEBUG util.py:479:  ERROR: not a btrfs filesystem: /var/lib/mock
DEBUG util.py:479:  ERROR: can't access '/var/lib/mock'
DEBUG util.py:617:  Child return code was: 1
DEBUG util.py:1339:  Please ignore the error above above about btrfs.
