2018-01-18 11:42:35,742 - Mock Version: 1.4.8
2018-01-18 11:42:35,849 - Start: dnf install
2018-01-18 11:42:36,606 - Start: clean chroot
2018-01-18 11:42:36,995 - Finish: clean chroot
2018-01-18 11:57:42,759 - Mock Version: 1.4.8
2018-01-18 11:57:42,857 - Start: dnf install
2018-01-18 11:57:43,465 - Start: clean chroot
2018-01-18 11:57:43,597 - Finish: clean chroot
2018-01-18 12:01:00,708 - Mock Version: 1.4.8
2018-01-18 12:01:00,797 - Start: dnf install
2018-01-18 12:01:01,345 - Start: clean chroot
2018-01-18 12:01:01,477 - Finish: clean chroot
2018-01-18 12:03:08,755 - Mock Version: 1.4.8
2018-01-18 12:03:08,853 - Start: dnf install
2018-01-18 12:03:09,384 - Start: clean chroot
2018-01-18 12:03:09,483 - Finish: clean chroot
2018-01-18 12:03:38,616 - Mock Version: 1.4.8
2018-01-18 12:03:38,701 - Start: dnf install
2018-01-18 12:03:39,225 - Start: clean chroot
2018-01-18 12:03:39,353 - Finish: clean chroot
2018-01-18 12:05:53,424 - Mock Version: 1.4.8
2018-01-18 12:05:54,852 - Finish: chroot init
2018-01-18 12:05:54,855 - Start: build phase for rstudio-1.1.415-0.git20180118_35c7c0e.1.mga7.src.rpm
2018-01-18 12:05:54,857 - Start: build setup for rstudio-1.1.415-0.git20180118_35c7c0e.1.mga7.src.rpm
2018-01-18 12:05:58,394 - Start: clean chroot
2018-01-18 12:06:34,374 - Mock Version: 1.4.8
2018-01-18 12:06:34,475 - Start: dnf install
2018-01-18 12:06:35,027 - Start: clean chroot
2018-01-18 12:06:35,129 - Finish: clean chroot
2018-01-18 12:07:00,697 - Mock Version: 1.4.8
2018-01-18 12:07:00,784 - Start: dnf install
2018-01-18 12:07:01,265 - Start: clean chroot
2018-01-18 12:07:01,375 - Finish: clean chroot
