lib64gdk_pixbuf2.0_0-2.40.0-2.mga8.x86_64 1581872512 537432 c91d37ea714d47fa99541a14ffab1229 installed
lib64x11-xcb1-1.6.9-2.mga8.x86_64 1581894866 14784 e6c093165febcf9b2fd8d116bda59602 installed
lib64xcb-dri3_0-1.14-1.mga8.x86_64 1583328861 19464 120a0424b43707365dd91cd0b2547e03 installed
python-pip-wheel-19.3.1-3.mga8.noarch 1582917913 1266916 e7d0f178957eaa2003c14c38cc27910a installed
lib64xdamage1-1.1.5-2.mga8.x86_64 1581725517 15336 de930f240d100908ac9b1c978139c158 installed
rust-srpm-macros-10-2.mga8.noarch 1581782989 2439 9f7695d4cf96a0e97bb7228af066a9c5 installed
lib64xcursor1-1.2.0-2.mga8.x86_64 1581725576 45160 fe41a3acb0dbbe9ec04a64512d3173ec installed
popt-data-1:1.16-15.mga8.noarch 1581641114 60192 26e5e06ccc24ea47ca8fb3f3114e4886 installed
lib64xinerama1-1.1.4-3.mga8.x86_64 1581622757 15464 e6349146c57094eb97a672f81458b4bf installed
mageia-repos-keys-8-0.0.3.mga8.noarch 1581779673 1631 60977fb364d0456d493c275ba43c5b8f installed
lib64xcb-glx0-1.14-1.mga8.x86_64 1583328861 105672 dfd29c293bf6b4cda7ad8d78c689797e installed
libdrm-common-2.4.100-2.mga8.x86_64 1581889563 6991 c8bd11c1c68b5f43ed8daba30413d245 installed
lib64xkbcommon0-0.10.0-2.mga8.x86_64 1582130329 324836 6a78c158feaa48a93968ae6683e7d976 installed
icu65-data-1:65.1-2.mga8.noarch 1581863965 27977584 21b9c02f12b6a2063fadc5592b2409fe installed
nss-myhostname-241-17.mga8.x86_64 1582076902 1007936 f50f308eae9603aae4b9112e61e49a0d installed
appstream-glib-i18n-0.7.17-1.mga8.noarch 1582194485 245178 f46cae01a5770bf6b36d6b57f99b69ec installed
iproute2-5.5.0-2.mga8.x86_64 1582002908 2195760 ce063cbd01b5f8810eaaa574f907706f installed
run-parts-1:4.8.4-3.mga8.x86_64 1581647082 100699 75d3138bee444ca4de3468b6f4aba4e2 installed
openldap-2.4.48-1.mga8.x86_64 1564112310 15511 a7ea8ed8f7c6327cb5df2bc47e913c6f installed
perl-base-2:5.30.1-5.mga8.x86_64 1582994019 7949500 a958de5d8043698b1cd898c1448cd7a2 installed
dwz-0.13-1.mga8.x86_64 1583187153 237681 a002849d3acbb6d4f3f12de1e5be3635 installed
filesystem-2.1.9-30.mga7.x86_64 1537766754 0 bb347ff9a474f3c098fe34b0824608fc installed
gdb-headless-9.1-1.mga8.x86_64 1583198561 11153714 647c784de12fb87d8eb1d3c976c9a716 installed
lib64dbnss4.8-4.8.30-25.mga8.x86_64 1581693122 1165752 1813c07a0587621e4fd278a2cca5d698 installed
lib64cairo2-1.16.0-3.mga8.x86_64 1581695205 1785466 1d528123daf1f448f2312e6ffc6f6ac8 installed
libstdc++6-9.2.1-0.20200229.1.mga8.x86_64 1583021589 3895980 2adf6d8f6786ef41b49ff458209170e8 installed
mageia-release-Default-8-0.6.mga8.x86_64 1581826605 819 3c6a41d6281aab979174e252b48fa3ee installed
lib64zlib1-1.2.11-8.mga8.x86_64 1581678445 120411 73e834c4274c38b85887d36fdfdfe242 installed
lib64dbus1_3-1.13.8-6.mga8.x86_64 1582005816 345896 ce09c6514e68e9f4667dae94a4cf3d5f installed
lib64db5.3-5.3.28-19.mga8.x86_64 1581950666 2337886 e5d71a9e0e97dc13c4afba6b403be18b installed
pam-1.3.1-3.mga8.x86_64 1581794138 1601547 fd62b297f1c4f17daf0976e79807bb24 installed
lib64attr1-2.4.48-3.mga8.x86_64 1581532558 28168 69315ab35e6b4b8cc794067b553aa7b7 installed
util-linux-2.35.1-3.mga8.x86_64 1582217315 14054700 c7d1e95961c94316f9373c8780c0d4b8 installed
lib64bz2_1-1.0.8-1.mga8.x86_64 1563344914 78360 56bcfc029a03ed4b405063c5fd20c93f installed
rpm-1:4.15.1-3.mga8.x86_64 1577118058 2968457 016ba073b2d8b9b7d8e3550d7760f6b5 installed
lib64ffi6-3.2.1-8.mga8.x86_64 1581614201 53855 2055bbcce87295a3e94264aefd6a9f43 installed
lib64atspi0-2.35.92-1.mga8.x86_64 1583016511 220832 dde1a38cdf2defc9c3d557b55688da09 installed
lib64expat1-2.2.9-2.mga8.x86_64 1581867513 181824 15a839d97f79195b651d19cc45e3be2b installed
lib64cups2-2.3.1-5.mga8.x86_64 1583144602 706334 2923702b3a2801304c2c6cf188d36f27 installed
lib64mpfr6-0:4.0.2-2.mga8.x86_64 1581717012 518744 f90d25152c2dd087277813a04bc69805 installed
multiarch-utils-1.0.14-3.mga8.noarch 1581504968 12446 e0d284a720ac6461cdc391f0255178b6 installed
findutils-4.7.0-2.mga8.x86_64 1581979898 1721551 be5a2a176a16df6c98f45c6ba014579e installed
perl-File-Slurp-9999.290.0-2.mga8.noarch 1581998689 53003 66fc88cec84c2b99d2174dc168f4e3c1 installed
lib64lua5.3-5.3.5-4.mga8.x86_64 1582066506 240160 c845d36149ae75c9cb747d47ded34c43 installed
crontabs-1.10-24.mga8.noarch 1581451293 677 cfa256888c4f7376435fbd450df501f0 installed
libuser-0.62-16.mga8.x86_64 1581851901 1731834 1cbef5e6a305b3baf0c9b6506892b60b installed
rpmlint-mageia-policy-0.2.29-5.mga8.noarch 1581518927 11898 19496fa74c035f9dc9ac4cf9fac769a8 installed
lib64png16_16-2:1.6.37-2.mga8.x86_64 1581766231 376792 868a952364062b8fa7d4a3119e837c1a installed
cmake-rpm-macros-1:3.17.0-0.rc2.1.mga8.x86_64 1583316116 4659 aaa2a6955688d03733b4ed3104089c57 installed
lib64gpg-error0-1.36-3.mga8.x86_64 1581818497 138272 ddb664990b5ea915f615caeb809e39c6 installed
x11-proto-devel-2019.2-4.mga8.noarch 1583326542 2138452 0d688051ca41974352ecf248b4278bc7 installed
lib64isl15-0.18-2.mga8.x86_64 1582733698 1749824 8a7f7e31007fa3cf75b6edf720b79cb4 installed
lib64rsvg2_2-2.47.1-1.mga8.x86_64 1582602929 9692874 54eff445e5001184c844eebafddaa135 installed
lib64nettle7-1:3.5.1-2.mga8.x86_64 1581860032 1307880 444d2a7c92cc8d0e84f760eb06816448 installed
lib64xlib-gir2.0-1.63.2-1.mga8.x86_64 1582054601 836 451fd657de38855c5c468094126cf80e installed
lib64xshmfence1-1.3-3.mga8.x86_64 1581623142 15288 95487f8b660fb809abcf2f5f7d75c307 installed
lib64ffi-devel-3.2.1-8.mga8.x86_64 1581614201 27853 faf15173b0b289470b135c97cab76f45 installed
less-551-2.mga8.x86_64 1582055910 588018 dec6e6041586187978be6aa04fa89451 installed
lib64mount-devel-2.35.1-3.mga8.x86_64 1582217315 36937 063bbe9587484bbc68051cbaaf97c48d installed
lib64p11-kit0-0.23.20-2.mga8.x86_64 1582235758 1275146 d9aa4283fcc4afaa2cf87322fd98178f installed
lib64xau-devel-1.0.9-2.mga8.x86_64 1581719476 6843 f9720ccee8c3f38d8dd17fd947a10a23 installed
lib64rpm9-1:4.15.1-3.mga8.x86_64 1577118058 712520 04275a8936bc77dc5837f2e2b68c5aa1 installed
lib64wayland-devel-1.18.0-2.mga8.x86_64 1581730317 528589 ece90a84bb71e4152f566b2b19b70058 installed
lib64atk1.0_0-2.34.1-2.mga8.x86_64 1581830094 163976 3a75e87b08051e769160afbdc7eaa81b installed
lib64xcb-xvmc0-1.14-1.mga8.x86_64 1583328861 19200 729753b4a0a3e92e1e3af1949e69cc48 installed
tar-1.32-2.mga8.x86_64 1581721601 3169918 8713444a002fc70e326e3b0eea09c948 installed
lib64xcb-xinerama0-1.14-1.mga8.x86_64 1583328861 15096 3621706b007b5d76d4e8ec21e10e34e5 installed
psmisc-23.3-3.mga8.x86_64 1581979813 551028 6ea03f86c3e6680228e161df2eec87a9 installed
lib64xcb-res0-1.14-1.mga8.x86_64 1583328861 19280 2aeaaecaecaad49e50e5240efd81fcb1 installed
hicolor-icon-theme-0.17-3.mga8.noarch 1581503164 55940 b31b6df436cec1f0faea8944ae25a9c7 installed
lib64xcb-damage0-1.14-1.mga8.x86_64 1583328861 15144 94783af1112046d7384c145b50f21833 installed
lib64kmod2-27-1.mga8.x86_64 1582153287 104344 e5f841c07d7b1fb29a8c16c3ce383b9f installed
lib64pciaccess-devel-0.16-2.mga8.x86_64 1581790888 15686 e127fe05555e9b8f8b7152cbd4959df4 installed
vim-minimal-8.2.348-1.mga8.x86_64 1583268202 1281660 1c143fe7ae0ef2d695c1aa3598929dbd installed
lib64drm-devel-2.4.100-2.mga8.x86_64 1581889563 577183 78c0753d27270fbdf25ee221a4be3ae7 installed
cpio-2.13-3.mga8.x86_64 1581988837 1052916 ea0c61548106113046dc429bcde4b79f installed
lib64fribidi-devel-1.0.9-1.mga8.x86_64 1583232638 109725 b7e3f8a2107fff66b7b0363d5eee9db2 installed
diffutils-3.7-2.mga8.x86_64 1581709357 1409088 8e72494115d69181efdaabb4df6b2867 installed
lib64dbus-glib1_2-0.110-3.mga8.x86_64 1581549954 164088 ecc4526164c2877cdc290c90a42c1124 installed
lib64hogweed5-1:3.5.1-2.mga8.x86_64 1581860032 1224016 a10e7dd3f2339d139663d94e8077ff58 installed
lib64freetype2-devel-2.10.1-2.mga8.x86_64 1581780113 8437461 993606e18783f116b12e5f04d8eb9dc3 installed
fontconfig-2.13.1-2.mga8.x86_64 1581703903 442409 c333c74ac0d8d4f33a024f2ee15342b0 installed
lib64xcb-devel-1.14-1.mga8.x86_64 1583328861 2831509 5af1e91ecd1799ef6a11dbfbc6bea147 installed
lib64usb1.0_0-1.0.22-2.mga8.x86_64 1581703909 148936 9052d565b1f6ac067d339e023ac27042 installed
lib64xfixes-devel-5.0.3-3.mga8.x86_64 1581622592 9302 cd03d4ae0d046402bb9bc7ecc10186fc installed
lib64drm_radeon1-2.4.100-2.mga8.x86_64 1581889563 57080 b23cca6df3e921645f61774dac549d00 installed
lib64mesagl1-devel-20.0.0-4.mga8.x86_64 1583204103 1492150 29b1a0073321b6cc5dd55ba8905a7a03 installed
time-1.9-3.mga8.x86_64 1581435453 40394 7a541a3cef166e564d2f25753f79f0fc installed
lib64cairo-devel-1.16.0-3.mga8.x86_64 1581695205 3751150 0b34dc4743e7dc41a34aa2d7a3a145fb installed
lib64edit0-0:3.1-0.20191231.2.mga8.x86_64 1582068210 246110 eaf55ba044f3d5ed25cde14263886af0 installed
fontpackages-filesystem-1.44-13.mga8.noarch 1581443661 0 4e4c30139a5355ab3a7e9faed73fc7c7 installed
fribidi-1.0.9-1.mga8.x86_64 1583232638 197388 b7b50b5b508c6168b22e1b84589fc66b installed
lib64gtk+-x11-2.0_0-2.24.32-8.mga8.x86_64 1581949390 5285296 7d8b125a82ef69b047d300eca17e34a4 installed
ipcalc-0.2.0-6.mga8.x86_64 1581607118 62503 c22da80b0ea2358f20276d1c60d4fe7a installed
lib64menu-cache3-1.1.0-4.mga8.x86_64 1581629407 36888 6cab4a57f913d9f7aebacd885a7ec5a4 installed
ifplugd-0.28-22.mga8.x86_64 1581606885 122596 ec4df5b22d0af725229a96e3280f7a29 installed
lib64menu-cache-devel-1.1.0-4.mga8.x86_64 1581629407 6414 e07cd742c6c1d8a71fdde31c8a8e2f2b installed
lib64fuse2-2.9.9-3.mga8.x86_64 1582036811 297106 f7e8bda24bfed4b946e975241624423f installed
lib64harfbuzz0-2.6.4-2.mga8.x86_64 1581976673 1815894 8e90473dea91189ae22d63fc0e52ea60 installed
python3-enchant-2.0.0-11.mga8.noarch 1581877294 438477 d6ba6ea79a9d3580e79b0998c8b0b534 installed
lib64jbig1-2.1-7.mga8.x86_64 1581607915 113664 eb919c26d6a5bde31871f72ef2df2cc3 installed
lib64lcms2_2-2.9-4.mga8.x86_64 1581439709 376136 859d7af523fdbac3e48448974faa23c7 installed
lib64nghttp2_14-1.40.0-2.mga8.x86_64 1582007732 192396 dacdc3936c20188cb70dd3d43e1721c5 installed
lib64pcre2_0-10.34-3.mga8.x86_64 1582075785 1798546 c715cafe70610da12a37914e0eb31627 installed
lib64pkgconf3-1.6.3-2.mga8.x86_64 1581795007 76165 b0365b07439bfae36a88085e3a8d6e48 installed
glibc-devel-6:2.31-1.mga8.x86_64 1580676485 18639199 daa60894cfe40ba8870a8f15a27db9a6 installed
lib64gio2.0_0-2.64.0-1.mga8.x86_64 1582996259 1951728 051d62c274c1ae827648da2c45dddf0b installed
lib64json-glib1.0_0-1.4.4-3.mga8.x86_64 1581752626 168392 b0772372bd714b5c3474108313186254 installed
lib64sasl2_3-2.1.27-3.mga8.x86_64 1582040177 129392 036202588de1259294eaa8ab17f2a8ef installed
lib64tasn1_6-4.16.0-2.mga8.x86_64 1582209393 86472 f0bf8945ff4e194e1814f4b241d6300a installed
lib64krb53-1.18-2.mga8.x86_64 1582012575 1957960 b0c0ac4bd249db29185ad5a134bd05a9 installed
lib64webp7-1.1.0-2.mga8.x86_64 1582080997 491458 984bcc93855ff7923a072722852bb13b installed
lib64x11_6-1.6.9-2.mga8.x86_64 1581894866 1314864 64a072554a77af61398f105e3ac8cf3b installed
gpg-pubkey-80420f66-4d4fe123 1297080611 0 (none) installed
gdk-pixbuf2.0-2.40.0-2.mga8.x86_64 1581872512 2401774 18e0903a1e5897d44143ca5b274ffa31 installed
python-srpm-macros-3-11.mga8.noarch 1582206221 24108 5f637cbe94f0ffbf885ffe8a0338ca37 installed
lib64xrender1-0.9.10-3.mga8.x86_64 1581622961 48848 670cf0d037e660824d5c66ce2a665783 installed
python-rpm-macros-3-11.mga8.noarch 1582206221 5411 cd95ce89d134a75d15a43f849cec82c0 installed
lib64xcb-dri2_0-1.14-1.mga8.x86_64 1583328861 19272 e41636a81517b1a81b61296fe100deea installed
rootcerts-1:20191126.00-2.mga8.noarch 1582002193 2945078 b7c042eb75276784d484bdc77e3c4444 installed
lib64xcb-present0-1.14-1.mga8.x86_64 1583328861 15304 ea377ba52749971488c32436a003b5e2 installed
python3-rpm-macros-3-11.mga8.noarch 1582206221 1793 e63bc3e73776e26069ad12331139ad62 installed
gtk-update-icon-cache-3.24.14-2.mga8.x86_64 1582079379 34532 a645aaa4fbb5647176fbae4c9133eb70 installed
sash-3.8-8.mga8.x86_64 1581647578 1086308 0e9090082da3c6489fc821d5ff187053 installed
lib64xcb-xfixes0-1.14-1.mga8.x86_64 1583328861 31480 1bcb96df22e1b2722e24bd5c2a0ce1d8 installed
rootfiles-11.0-16.mga8.noarch 1581496820 14813 2f97e899c8dc32f470f6f7cb4054e45b installed
adwaita-icon-theme-3.35.92-1.mga8.noarch 1582820969 11458662 90b6dceaf3e5ce0736b57409efc8f6c1 installed
publicsuffix-list-dafsa-20200106-2.mga8.noarch 1582129527 65931 f77153084ffb01aac8703cbb7cfa0b15 installed
lib64xft2-2.3.3-2.mga8.x86_64 1581729088 96104 784d00b0814182cdc696266cedce87ec installed
pkgconf-m4-1.6.3-2.mga8.noarch 1581795495 14238 18ab10a94e6b65a2b030be852a69aa3f installed
lib64xi6-1.7.10-2.mga8.x86_64 1581781153 74112 312822a80d78244b9008fbdf7d3ade36 installed
ocaml-srpm-macros-6-2.mga8.noarch 1582091038 745 adf288241912e7f7f3f8a7876704bb6c installed
lib64xtst6-1.2.3-3.mga8.x86_64 1581623588 28216 25d75239c932f7224b1a0950af65a9e3 installed
libsoup-i18n-2.69.90-1.mga8.noarch 1582061278 257947 2124ee5822a0ff7ca36249e6e405e4ed installed
lib64xcomposite1-0.4.5-2.mga8.x86_64 1581725578 15232 3335e912749f325b4cc666c9f7eb8487 installed
libgpg-error-common-1.36-3.mga8.noarch 1581819091 470556 5df7b8efd7f2780bee02460918407b1b installed
lib64xcb-render0-1.14-1.mga8.x86_64 1583328861 60616 bd1722e4c963b2ffdfbbf4deebc13b5a installed
lib64brotlicommon1-1.0.7-4.mga8.x86_64 1581829230 139148 9fe7a9eebec245034ac93bf07a6893ab installed
lib64xcb-xkb1-1.14-1.mga8.x86_64 1583328861 118504 118d96481b57a27dc1f4dc70de2fa80e installed
isl-0.18-2.mga8.x86_64 1582733698 16757 18ae1339743971d4f18c5ee5e2b5031d installed
lib64yaml0_2-0.2.1-3.mga8.x86_64 1581975238 132046 74da4f2a132571ad8e14a8ff2eeff1e2 installed
go-srpm-macros-2-2.mga8.noarch 1582020396 6962 3ba31a28c27ab676907dbfa89eebee25 installed
libutempter-1.1.6-7.mga8.x86_64 1581621851 43997 b9ed9aac8ef5e0e8161f9bf35bc119a5 installed
atk1.0-common-2.34.1-2.mga8.noarch 1581830622 972509 5a85754d334fe7a83d06e0e664354fed installed
patch-2.7.6-6.mga8.x86_64 1581909534 273520 6fc82f1557d06d168ce2a93dd5dac637 installed
lib64gdbm6-1.18.1-2.mga8.x86_64 1581688506 87026 9a46de20a34e41129ef93214e0e53397 installed
iputils-20180629-4.mga8.x86_64 1581860298 309432 dbbcb718c054f7447243ae9f774d5e29 installed
perl-2:5.30.1-5.mga8.x86_64 1582994019 50981360 2d4aab8aef25477cc2e3efae0ded249d installed
zstd-1.4.4-2.mga8.x86_64 1582006839 1520983 6b4ad6af711cce64d2f7c4292a3c1e82 installed
lib64pam_userpass1-1.0.2-15.mga8.x86_64 1581637622 31763 cbfa9f9e5b95109bc94eb9d2f7d6f564 installed
lsb-release-2.0-56.mga8.noarch 1581780101 19265 47aeed563a4907df77274ce048dd4f5d installed
lib64cap-ng0-0.7.10-2.mga8.x86_64 1581861074 54622 25f909832fc7e7c9b14496a523531672 installed
lib64ldap2.4_2-2.4.48-1.mga8.x86_64 1564112310 751184 9423ecbf180fcbf1e7569dca838cf57a installed
perl-MDK-Common-1.2.34.2-4.mga8.noarch 1581512647 112832 7c31922441925af7fe7ea6a4e45109fb installed
lib64elfutils1-0.178-2.mga8.x86_64 1583228316 857359 587c3b5de199c949bf784c74e574c0ae installed
setup-2.7.24-4.mga8.noarch 1581730483 702922 4de4d616492151c611160051d4abc71a installed
elfutils-0.178-2.mga8.x86_64 1583228316 3387185 0af1609483c2ee8ec127f51a4fc3311c installed
bash-5.0-11.2.mga8.x86_64 1581829397 5646690 26a4e43a9ccb5f2626da09773872ab5f installed
lib64babeltrace1-1.5.7-3.mga8.x86_64 1581973127 593712 2696dade3c44c38d74b753f82031673a installed
lib64cap2-2.27-2.mga8.x86_64 1581768826 85312 6d80ec11d6fac5df85fa68b0fa28ce16 installed
mesa-20.0.0-4.mga8.x86_64 1583204103 27422 380913567518348c6657e8f8488e73c9 installed
lib64gmp10-6.2.0-2.mga8.x86_64 1582096355 545941 00918e84bdbc692e8d5ee4405c52f28e installed
lib64mesagl1-20.0.0-4.mga8.x86_64 1583204103 930224 97afa47e27c34406393d6f9c4fa7a155 installed
libgcc1-9.2.1-0.20200229.1.mga8.x86_64 1583021589 341932 e6ff289ca96336154f3bf3af8f606545 installed
pango-1.44.7-2.mga8.x86_64 1581967225 144666 4a387110a85a37f09465d83e6a2ed2eb installed
xz-5.2.4-5.mga8.x86_64 1581845085 528292 a5f3c04848becdc6ddff0af8593f9f12 installed
mageia-repos-pkgprefs-8-0.0.3.mga8.noarch 1581779673 0 0a2d205e2b69430379215bfb0e49666c installed
glibc-6:2.31-1.mga8.x86_64 1580676485 30779418 f72247de2a04e4f05b0e453a42ff10e2 installed
mageia-release-common-8-0.6.mga8.x86_64 1581826605 119058 077a8e8e4b4573e435ded91482245ae2 installed
lib64lzma5-5.2.4-5.mga8.x86_64 1581845085 209463 93dbcef60d59e26be1e6d57586e74bc5 installed
mageia-repos-8-0.0.3.mga8.x86_64 1581779565 37971 6579ba977f2264abea18739ab7c932a1 installed
lib64acl1-2.2.53-2.mga8.x86_64 1581704879 59407 f70761604060e36c75e09d2f1f53acb7 installed
dbus-1.13.8-6.mga8.x86_64 1582005816 618107 1ab8cae6a4cd89b8d58a4add15eb7fe3 installed
lib64pcre1-8.44-1.mga8.x86_64 1582893974 463904 9adcd922c5c5854b184d86911293ccb3 installed
tcb-1.1-10.mga8.x86_64 1581657062 54689 19695c258cb19adf3490f25a6f17eadc installed
lib64pam0-1.3.1-3.mga8.x86_64 1581794138 960000 280d713782cf98346880ebf187b3cd54 installed
resolvconf-1.79-5.mga8.noarch 1581518884 72605 9c1e771579f9eb5580164423038be9af installed
coreutils-8.31-2.mga8.x86_64 1581725615 16144973 14eb83341e16719e763a2788751eeed7 installed
nss_tcb-1.1-10.mga8.x86_64 1581657062 15336 fe4b271e20328e57bb9774c01aef5aab installed
info-install-6.7-2.mga8.x86_64 1582061184 127719 5eb5fcbd71cc8add403b82d6703c657d installed
systemd-241-17.mga8.x86_64 1582076902 20050258 4404ac6cb27ceaa136295091c9852a2d installed
lib64popt0-1:1.16-15.mga8.x86_64 1581640456 58945 6f489451ae55ed253446c5abac19cf1c installed
rpm-plugin-systemd-inhibit-1:4.15.1-3.mga8.x86_64 1577118058 16276 9d70f8e6c66820497d0e18346e4d9282 installed
lib64drm2-2.4.100-2.mga8.x86_64 1581889563 75088 c2242a3664d73de14448ab91b5b7ffff installed
python3-rpm-generators-4.14.2-7.mga8.noarch 1567523662 55785 ed7837d6d005c81e8d634e2678d7ad56 installed
lib64glib2.0_0-2.64.0-1.mga8.x86_64 1582996259 1651938 77fa106cbdfc12bc6bfccf650f2e52b0 installed
passwd-0.80-2.mga8.x86_64 1581703845 413010 45c9d25e34df43a9ef64a8d9e02d3be5 installed
lib64blkid1-2.35.1-3.mga8.x86_64 1582217315 320528 d6ee15b1b84216bcebffdfdfc0da66d0 installed
at-spi2-core-2.35.92-1.mga8.x86_64 1583016511 240206 abbae14524749842fd90b7ded3ea7e5c installed
lib64xml2_2-2.9.10-3.mga8.x86_64 1582233953 1482520 1ae0fc071681e1a8af89b845840b5147 installed
lib64avahi-client3-0.7-6.mga8.x86_64 1581849092 74112 98e7af072e2f6ff66b72668fb8ace8e6 installed
lib64intl8-0.20.1-4.mga8.x86_64 1582147857 265665 13a502a75cdd5ed968530e3aa41fefbf installed
gtk+3.0-3.24.14-2.mga8.x86_64 1582079379 25496548 f7c6d7bac7c78ac85bff076d43252569 installed
lib64unistring2-0.9.10-3.mga8.x86_64 1581621853 1628003 5a50791161a8a56884bba11359a91c34 installed
appstream-util-0.7.17-1.mga8.x86_64 1582193133 351229 a5962829e5b386e5b059f7430ce342a7 installed
lib64zstd1-1.4.4-2.mga8.x86_64 1582006839 692106 f640779305205133e8767d4e32630372 installed
perl-Exporter-Tiny-1.2.1-4.mga8.noarch 1581511279 94391 c963f87ec8bffd0999b790c6ccb7bab2 installed
lib64ncursesw6-6.2-20200212.2.mga8.x86_64 1582043208 472632 bbb442b28922ab5d3f7ca3c6207b7211 installed
perl-List-MoreUtils-XS-0.428-5.mga8.x86_64 1581820123 173877 603feb62345f6a31b612f069131f1b87 installed
lib64udev1-241-17.mga8.x86_64 1582076902 165448 4b51119fbcd84fb224458ebab1229fba installed
perl-JSON-4.20.0-2.mga8.noarch 1581720893 277560 3031d0c04793084a9d65b71aaf3e638a installed
lib64mpc3-1.1.0-4.mga8.x86_64 1581679183 119846 8294684e7ac89a61a429519a1bda279d installed
perl-YAML-Tiny-1.730.0-3.mga8.noarch 1581517811 178926 14a4433410326a8c3e257659d03520ed installed
lib64user1-0.62-16.mga8.x86_64 1581851901 129184 5b6133f69fba442fe743c01f0c5eea74 installed
libgomp1-9.2.1-0.20200229.1.mga8.x86_64 1583021589 473452 4fd388ef9f8684f5ef1b94aa469a7bde installed
lib64wayland-client0-1.18.0-2.mga8.x86_64 1581730317 66840 26042a2db466149b5df5c14de8303c93 installed
python3-rpm-1:4.15.1-3.mga8.x86_64 1577118058 179325 443cc89ad27dc0ea024cca6c5d162d91 installed
file-5.38-2.mga8.x86_64 1582061194 7053157 37a61e8dd83212adf2d02a21cbbfed41 installed
rpmlint-1.11-3.mga8.noarch 1582074750 742816 38e31b128f78310644b35139e9a6ba8a installed
lib64freetype6-2.10.1-2.mga8.x86_64 1581780113 708128 97532aa6f59ccef3d6f8259c6bc682f7 installed
spec-helper-0.31.22-3.mga8.noarch 1581821705 33304 9182d241e2aa1bc2cc9b54b540c41b89 installed
lib64glapi0-20.0.0-4.mga8.x86_64 1583204103 233864 caf1bdd80be08f2b238bc9d017f23465 installed
rpm-mageia-setup-build-2.53-2.mga8.x86_64 1582222949 177254 2602a18b9cd0d521a8911fffa3e2966b installed
lib64gcrypt20-1.8.5-4.mga8.x86_64 1581824210 1281066 5760eaeb8e768e4cdcd3858be8ee7024 installed
basesystem-minimal-1:8-0.2.mga8.x86_64 1581778834 0 70af9919e56c4fa7d74b3fa928580637 installed
lib64sqlite3_0-3.31.1-3.mga8.x86_64 1582163796 1177256 0648a161baca8a9db3d4f05e21b268f6 installed
lib64zlib-devel-1.2.11-8.mga8.x86_64 1581678445 951152 7f8616bf911c44536a593f2d1fb9cf92 installed
lib64jpeg8-1:2.0.4-2.mga8.x86_64 1582085580 2526292 a2e1a821a2b8428607375c0c86933f83 installed
lib64png-devel-2:1.6.37-2.mga8.x86_64 1581766231 1081341 2da356ca40ba653de0676e1472050d3d installed
lib64systemd0-241-17.mga8.x86_64 1582076902 669448 a9d91052886660b925350278ece78c45 installed
lib64expat-devel-2.2.9-2.mga8.x86_64 1581867513 185059 bb1a4d59dd9c696753379b4f7b8b2e09 installed
lib64sigsegv2-2.12-3.mga8.x86_64 1581620150 85488 99fa3af4d0ca023ecc1debbd235b9db7 installed
lib64xshmfence-devel-1.3-3.mga8.x86_64 1581623142 1937 683d9d37cac0a9570c9a8cafe1b14915 installed
lib64tcb0-1.1-10.mga8.x86_64 1581657062 33328 81fee6e1975c9f0531714fcf6948c050 installed
lib64uuid-devel-2.35.1-3.mga8.x86_64 1582217315 127426 dd711d3a9d51db41e878e778e0dd9461 installed
libstdc++-devel-9.2.1-0.20200229.1.mga8.x86_64 1583021589 13720735 109c160b29ac06d16bece42c1f5ebdf0 installed
lib64glapi0-devel-20.0.0-4.mga8.x86_64 1583204103 0 46bf87efa8d53bbcb18501780cee5d32 installed
lib64boost_regex1.72.0-1.72.0-2.mga8.x86_64 1582130889 976202 f48ead7772f40d60bbc49ee56381b02f installed
lib64cairo-gir1.0-1.63.2-1.mga8.x86_64 1582054601 14344 91c27cf54a65a327232114f69d9b829c installed
gzip-1.10-2.mga8.x86_64 1581708057 275645 686e10b5213df190ed1304d6ae9af7f5 installed
lib64blkid-devel-2.35.1-3.mga8.x86_64 1582217315 17307 8793a472f38f527523cc10f105fe6674 installed
gettext-base-0.20.1-4.mga8.x86_64 1582147857 3433709 c621f107e226c292618016000fa634b2 installed
lib64xft-gir2.0-1.63.2-1.mga8.x86_64 1582054601 464 00302e2da1086ae87d29a6ea0a1a7b76 installed
p11-kit-0.23.20-2.mga8.x86_64 1582235758 120812 28153b98085202c349b845635878828b installed
lib64harfbuzz-gir0.0-2.6.4-2.mga8.x86_64 1581976673 120007 bca52d352b7b5bc368eb7c635c8f066e installed
lib64openssl1.1-1.1.1d-3.mga8.x86_64 1582050200 3971748 268863cbca032bbe8f88452cd4e4b1c3 installed
xdg-user-dirs-0.17-4.mga8.x86_64 1581673388 153422 536f65ffbe2e38a220105aed1fd072ae installed
rpm-plugin-syslog-1:4.15.1-3.mga8.x86_64 1577118058 15408 ed492a4ce2687d5400a2758c3b8df19e installed
wayland-tools-1.18.0-2.mga8.x86_64 1581730317 49232 a9ca7c3edfc96c1eb7527fcdd202cc2b installed
desktop-file-utils-0.24-2.mga8.x86_64 1581791835 344089 12524bfa5924b98d2d6503e2ba470d44 installed
libpthread-stubs-0.4-3.mga8.x86_64 1581619544 226 a9d4f548f54fc15900116155a8ae9b6c installed
lib64wayland-server0-1.18.0-2.mga8.x86_64 1581730317 88008 170b4be7c5d2e518ccea47ebd5871b52 installed
binutils-1:2.34-5.mga8.x86_64 1582248123 25445843 a3ed2718a81bb6d2be091f07739f356b installed
which-2.21-5.mga8.x86_64 1581435354 54534 c4ee103276fa9752f041a6f52d1343e9 installed
lib64textstyle0-0.20.1-4.mga8.x86_64 1582147857 609304 baac26c6a60bf60b98a6e5d47d549c95 installed
lib64avahi-common3-0.7-6.mga8.x86_64 1581849092 53792 934b9652b71837db14032711bd2b5374 installed
net-tools-2.0-0.20150915git.6.mga8.x86_64 1581437868 975654 61b84b23676f6f19b6b3e2e7693f5cdb installed
lib64gettextmisc-0.20.1-4.mga8.x86_64 1582147857 967377 c1f88f700c76a27e0b16bc68f47d1cc4 installed
lib64rpmsign9-1:4.15.1-3.mga8.x86_64 1577118058 24064 156cd6b76743cac2c82125aec499020f installed
python3-3.8.2-1.mga8.x86_64 1582954888 28811 4fa2d71dc41c5d077dd0fc0148bb2cc0 installed
lib64python3.8-stdlib-3.8.2-1.mga8.x86_64 1582954888 30696301 30111ba0a2ceed7e7a7fce612bdab9b5 installed
python3-magic-5.38-2.mga8.noarch 1582062432 19399 5e4b6cb52c1f5512306c3f3ffc77df27 installed
rmt-0.4b46-7.mga8.x86_64 1582063574 45251 b6bbea671accfc7ffc44f357236851a2 installed
krb5-1.18-2.mga8.x86_64 1582012575 234391 11404a58e43a18f09bd4f68562289694 installed
pam_tcb-1.1-10.mga8.x86_64 1581657062 44124 14b87aa45016d7f0da1d8625e951ccfb installed
m4-1.4.18-3.mga8.x86_64 1581437205 301587 6408a4e5a89db0722814f5b4ef4f5cd0 installed
automake-1.16.1-4.mga8.noarch 1581502171 2575232 3e7e29b160b2533d4be87f37757c4d77 installed
lib64procps8-3.3.16-2.mga8.x86_64 1582119517 112213 11f051ff799a5ab938e75eb3404ffae2 installed
lib64fontconfig1-2.13.1-2.mga8.x86_64 1581703903 285384 9aea470eecf7f1f695d6699718879330 installed
libtool-base-2.4.6-10.mga8.x86_64 1581435432 1933094 398a723df2f9fb8f40b93baeb3b67718 installed
lib64devmapper1.02-1.02.154-3.mga8.x86_64 1578108066 363728 fcbf325e8084a7037a95d5fdc3301215 installed
lib64fdisk1-2.35.1-3.mga8.x86_64 1582217315 422528 8a93bdec2a698e96a3095776c7a4335e installed
lib64drm_nouveau2-2.4.100-2.mga8.x86_64 1581889563 36656 808e158251d5c45ae760d3e715582e3e installed
logrotate-3.15.1-2.mga8.x86_64 1581872093 148853 5b4d72a7f82673aa816a9992f22d601d installed
make-1:4.3-2.mga8.x86_64 1582094406 1870652 61e8e189ab0565860d3c8b68dae145c0 installed
timezone-6:2019c-2.mga8.x86_64 1581981020 1502508 a0b2356e0efd6368bf3e47fecb55ef6c installed
lib64pcreposix1-8.44-1.mga8.x86_64 1582893974 15344 e63515ff86706d028f37264f1b96380a installed
lib64llvm9.0-9.0.0-4.mga8.x86_64 1570449667 67100352 1b5c8b90689e0543db411762c44e4e69 installed
ethtool-1:5.4-2.mga8.x86_64 1582091392 401156 e3cac3e505d922886fbae78a498d3661 installed
lib64fribidi0-1.0.9-1.mga8.x86_64 1583232638 118408 bfbbe198e49cf9d6a4d2b6e4b1cd00c8 installed
ifmetric-0.3-19.mga8.x86_64 1581606871 16360 cc509542a44e2aef9ff59f598a508385 installed
lib64bsd0-0.10.0-2.mga8.x86_64 1581821943 100232 429fe7a98ae85b4cc48d932cde37085c installed
lib64daemon0-0.14-13.mga8.x86_64 1581612280 32408 f3fc4f995a459036df501710989c1467 installed
lib64datrie1-0.2.12-2.mga8.x86_64 1581706836 37072 ea29e3eea870ebfdc1643ec83f5d6eeb installed
lib64epoxy0-1.5.4-2.mga8.x86_64 1581998345 1261058 371a680300f2f9cf3b4a97ae39410614 installed
lib64ext2fs2-1.45.5-2.mga8.x86_64 1582083720 544525 2cecdc696416ee7e27fd6e481f12a993 installed
lib64graphite2_3-1.3.13-2.mga8.x86_64 1581709050 147000 b7c6ce789fc8af6537cbc79e1333cd47 installed
lib64hunspell1.7_0-1.7.0-4.mga8.x86_64 1582064650 458632 d36051578b94099d91660a8c9e15271a installed
enchant2-2.2.8-1.mga8.x86_64 1583146091 74710 400180f62903bc4a3af1c15201c63272 installed
lib64ip4tc2-1.8.4-2.mga8.x86_64 1582061408 36976 f9338beabf57968dd0a2074842700e87 installed
lib64iptables12-1.8.4-2.mga8.x86_64 1582061408 65960 3537ebdf933dd2458da273f123c30c04 installed
lib64json-c4-0.13.1-3.mga8.x86_64 1581608150 72389 1b1d243a46a25fb790ccf7844b6afde4 installed
lib64keyutils1-1.6.1-2.mga8.x86_64 1582198927 24072 6f9fa4abf41f4b8e6df222516fc52fb5 installed
lib64lm_sensors5-1:3.6.0-2.mga8.x86_64 1581890796 65792 d9764fa3b8b949edbb6226def38038f0 installed
lib64archive13-3.4.2-1.mga8.x86_64 1582639074 849024 1b941de49b15b91abac6ed119d6e7e0a installed
lib64pciaccess0-0.16-2.mga8.x86_64 1581790888 45016 cd1ed3394e7ae62ec526d3686b3f4826 installed
lib64pcre16_0-8.44-1.mga8.x86_64 1582893974 422896 df374148ceab2efd3490d56a5301bf3a installed
lib64pcre32_0-8.44-1.mga8.x86_64 1582893974 406504 57e41abcf4901429d433df3e502e8d77 installed
lib64pixman1_0-0.38.4-3.mga8.x86_64 1581752893 678360 8c7c95dea17d7b32f69908f4e12eaceb installed
pkgconf-1.6.3-2.mga8.x86_64 1581795007 74207 4acbcd56e19ea289c48e03c54bf073dd installed
lib64xcrypt-devel-4.4.14-1.mga8.x86_64 1582638871 32151 b4a1116dd0fa8d7643c16d3cbd3e9c57 installed
gcc-9.2.1-0.20200229.1.mga8.x86_64 1583021589 65405496 4822544c229ccabcc389a0fee821c92b installed
shared-mime-info-1.15-2.mga8.x86_64 1582053936 4596535 1128a468805b5118bd5ca33bf7d89b7c installed
gobject-introspection-1.63.2-1.mga8.x86_64 1582054601 1965302 b937b77ac5ba0fe935740b004eadce5c installed
json-glib-1.4.4-3.mga8.x86_64 1581752626 327125 5b6880213f686f3bd5878044b60b113c installed
lib64gusb2-0.3.3-2.mga8.x86_64 1582236526 102639 f13bcd7fdde883287852ad15d789af04 installed
lib64qrencode4-4.0.2-3.mga8.x86_64 1581642820 676697 6ac5c6f64a093c4720fb37b3627c91f4 installed
lib64seccomp2-2.3.3-3.mga8.x86_64 1581619888 274872 8fa11d860fe39be92f37f63efb52520a installed
lib64stemmer0-0-18.git.6b3b8b5.20160930.mga8.x86_64 1582731255 390792 dc15a292c138f03fa9b7ce92c83aa3a1 installed
lib64gnutls30-3.6.12-1.mga8.x86_64 1583125105 1916152 60ab7d4570f625e8ae53dc5154e4f152 installed
lib64verto1-0.3.1-2.mga8.x86_64 1582031524 31332 7ca9867929240f67a7a529dd66b7cb8e installed
lib64soup2.4_1-2.69.90-1.mga8.x86_64 1582059578 659944 ec02d27ac7e7c7064aab86ebed5a859f installed
lib64wayland-egl1-1:1.18.0-2.mga8.x86_64 1581730317 15040 383c56d8c25bcd77b19e013f03f08f25 installed
lib64tiff5-4.1.0-2.git20200301.1.mga8.x86_64 1583135933 551464 d20bfa8c514584d15c94adf9a9ddc34e installed
lib64xcb1-1.14-1.mga8.x86_64 1583328861 161896 53a678b8b67202a70cbfd9b3caf5f820 installed
lib64exif12-0.6.21-16.mga8.x86_64 1581985268 292192 15227aecf5ee4bf45dbc6a8400e17197 installed
lib64xcb-xv0-1.14-1.mga8.x86_64 1583328861 31776 2b789a3912f71ec3b5b2639c550d0e9d installed
lib64xcb-xinput0-1.14-1.mga8.x86_64 1583328861 139168 2f0c753551670943757172acf44b771a installed
lib64xcb-xf86dri0-1.14-1.mga8.x86_64 1583328861 19208 f6b7d4733dbfc77d88509e15b589db7d installed
lib64xcb-screensaver0-1.14-1.mga8.x86_64 1583328861 15336 b180cf00642f8e0376172eed340796c0 installed
lib64xcb-record0-1.14-1.mga8.x86_64 1583328861 19224 fbd5bc43e8c61657905dee67085066af installed
lib64xcb-dpms0-1.14-1.mga8.x86_64 1583328861 15152 0d33216e070fc06a556f40931b9e13ca installed
lib64xcb-composite0-1.14-1.mga8.x86_64 1583328861 15096 164ffea05ad79e29a521fe01dcd428b1 installed
lib64pcre-devel-8.44-1.mga8.x86_64 1582893974 1289106 33ae44aad03efaab0fb458e7a123b25d installed
lib64lzma-devel-5.2.4-5.mga8.x86_64 1581845085 2620196 b592738ceb81b6801499d5f86eafbe8e installed
lib64kms1-2.4.100-2.mga8.x86_64 1581889563 19776 a58074e400c6f11bb7dfd990b3704853 installed
lib64gbm1-devel-20.0.0-4.mga8.x86_64 1583204103 15762 520e927872f24afed69cbc2ce89df7ab installed
lib64graphite2-devel-1.3.13-2.mga8.x86_64 1581709050 49237 23bb14792517afbf3e4d9c094ad3bc94 installed
lib64freetype-gir2.0-1.63.2-1.mga8.x86_64 1582054601 420 6e968f76b3cb0be2872e3fea47fd1d90 installed
lib64pango-gir1.0-1.44.7-2.mga8.x86_64 1581967225 89432 cf4076b200d549a36f864e836687bf69 installed
lib64datrie-devel-0.2.12-2.mga8.x86_64 1581706836 645728 0ffe988fd47999c62297963f2e1c452c installed
lib64bz2-devel-1.0.8-1.mga8.x86_64 1563344914 375531 78fc885643ab7673f9bc073579f7b8d9 installed
lib64fontconfig-devel-2.13.1-2.mga8.x86_64 1581703903 981217 ab94dc75804bbb121c26ce0f207d9fcf installed
lib64xdmcp-devel-1.1.3-2.mga8.x86_64 1581728949 105729 91a5e10d33f18cdf4a427a652a79d38f installed
lib64x11-devel-1.6.9-2.mga8.x86_64 1581894866 1105215 c3cf9b7e654059b769b6a41378fca38e installed
lib64xrender-devel-0.9.10-3.mga8.x86_64 1581622961 30268 337eaec1aa7d289fef7e4972c985d845 installed
lib64xdamage-devel-1.1.5-2.mga8.x86_64 1581725517 2563 aab734a8b1ede4a3f5a66968c8bffb1b installed
lib64mesaegl1-devel-20.0.0-4.mga8.x86_64 1583204103 99670 11c6fd11ea5668bc83ecdbc33c72425f installed
lib64xft-devel-2.3.3-2.mga8.x86_64 1581729088 23381 180cefd3e16e3bf230d7adfd98c34cda installed
lib64glib2.0-devel-2.64.0-1.mga8.x86_64 1582996259 23819780 7db1cf5ed535ac5c0313e8d8d2cf3d10 installed
lib64gdk_pixbuf2.0-devel-2.40.0-2.mga8.x86_64 1581872512 406849 7cd8cd2ba56749913efe71b5cfc2bcf9 installed
lib64pango1.0-devel-1.44.7-2.mga8.x86_64 1581967225 1481103 3fa2a58251e7ead0de92c4be1878c5b0 installed
abattis-cantarell-fonts-0.201-2.mga8.noarch 1582088338 916469 591fd7c0413c5d87fd9096680d9cc249 installed
lib64gtk+2.0_0-2.24.32-8.mga8.x86_64 1581949390 552579 44ffea7382c23b26a664b41d9c989934 installed
adwaita-gtk2-theme-3.28-5.mga8.x86_64 1581730390 218295 ed6af3f5d2d3675a2bfb8f250d933ec2 installed
libfm-1.3.1-2.git20190224.2.mga8.x86_64 1581722855 1663576 8534c64aeece50c9cf86d732da2a6354 installed
menu-cache-1.1.0-4.mga8.x86_64 1581629407 86888 29005c679a2546d898d7c31a5ea13850 installed
lxshortcut-1.3.1-2.git20190224.2.mga8.x86_64 1581722855 21419 440ec4d2aae5f8a3aae226631fd72a5c installed
lib64rsvg2-devel-2.47.1-1.mga8.x86_64 1582602929 416646 987f955a9c599a6260e697bef8914d4c installed
lib64xinerama-devel-1.1.4-3.mga8.x86_64 1581622757 7377 4c521f5977bd794a9ebb3ee04874fc28 installed
lib64xext6-1:1.3.4-2.mga8.x86_64 1581729095 206063 a3aa9c9b634e580b55613c48e0b41ff1 installed
common-licenses-1.1-10.mga8.noarch 1581445821 167218 af8a7e88ab2749ecb021aea99103de41 installed
lib64xfixes3-5.0.3-3.mga8.x86_64 1581622592 27864 25910c8be13fe1ca9166b1da6663edb3 installed
rpm-mageia-setup-2.53-2.mga8.x86_64 1582222949 23870 76aea3a5fb6f3d89f4c0fd211dc6d013 installed
lib64xcb-sync1-1.14-1.mga8.x86_64 1583328861 31848 5ea03996b789f47a500cb98fec462c37 installed
thai-data-0.1.28-2.mga8.x86_64 1581693279 579256 7c454e9015d2cde962aff3ac50661554 installed
lib64mesaegl1-20.0.0-4.mga8.x86_64 1583204103 261800 30663ed5f9f2b55856061c81c59f86ff installed
python-setuptools-wheel-45.2.0-1.mga8.noarch 1582922412 361891 48fcdc97a18388229f93af8144265af4 installed
lib64xrandr2-1.5.2-2.mga8.x86_64 1581729205 49056 356a7cdf8157e6f2d7160f16a7288ab9 installed
perl-srpm-macros-1-34.mga8.noarch 1581824695 862 8a107e47af01f22de8fa09db3c8be776 installed
lib64xxf86vm1-1.1.4-4.mga8.x86_64 1581623257 23712 adbf73d366482dfce1b9481b0f307e2d installed
libidn2-i18n-2.3.0-2.mga8.noarch 1581991143 68705 4f2adf2091363f98fcf7ff4397137b0a installed
lib64xcb-shm0-1.14-1.mga8.x86_64 1583328861 15192 b6fbaa69795068b6893bcac347ebe34b installed
kernel-userspace-headers-5.5.7-1.mga8.x86_64 1582978959 5240724 7d9b9bc216f76a8aae231cd9e90d3842 installed
lib64appstream-glib8-0.7.17-1.mga8.x86_64 1582193133 490305 ebf372acf2e4521c0704885ddf7f68cf installed
dash-static-0.5.10.2-2.mga8.x86_64 1581692519 125155 7b4eed334a290d4189e860b9b0f08fb9 installed
traceroute-2.1.0-3.mga8.x86_64 1581658686 78115 6573cd0d6f5744943f5eb977ab137d0f installed
lib64gdbm_compat4-1.18.1-2.mga8.x86_64 1581688506 35850 79ba4bb21490b8b057a54a2c2380c24a installed
etcskel-1.63-36.mga8.noarch 1581442645 4609 3704e1cc1d6231e55f40bbfbd3fa05b6 installed
perl-File-Sync-0.110.0-29.mga8.x86_64 1581801886 22762 7e613556972902f04d629a8e66ac53d6 installed
lib64curl4-1:7.68.0-2.mga8.x86_64 1582084062 582920 df310244ba33ddd65fe54ed320607a1a installed
shadow-utils-2:4.6-2.mga8.x86_64 1581703859 3817524 8c6d862cac9234975747ad87eead24c8 installed
glib2.0-common-2.64.0-1.mga8.x86_64 1582996259 8929426 f6d5e1d494ef3347eed0250eefe35044 installed
lib64audit1-2.8.5-3.mga8.x86_64 1581834581 119771 0cc060647a66cbf4534c0fc7cf5151b3 installed
lib64dri-drivers-20.0.0-4.mga8.x86_64 1583204103 69496128 c0cc4c4a28331daad73607e402536e69 installed
lib64xcrypt1-4.4.14-1.mga8.x86_64 1582638871 266469 48945fdfa726a166327ff258b455f785 installed
lib64pango1.0_0-1.44.7-2.mga8.x86_64 1581967225 512968 36c5d56104e0ebe89478a82260e9d07a installed
grep-3.4-2.mga8.x86_64 1582073587 687455 637e66d300b46cd82afb8744450686c6 installed
mageia-repos-cauldron-8-0.0.3.mga8.x86_64 1581779565 37146 6de59ae4f1d1dce339c1bf34812476ac installed
lib64ncurses6-6.2-20200212.2.mga8.x86_64 1582043208 642776 17d359ed5b3c20abc653275c038cad9e installed
systemd-units-241-17.mga8.x86_64 1582076902 537476 e6c05b99905160b6a13ec6308cbf2734 installed
lib64crack2-2.9.7-3.mga8.x86_64 1582200841 44760 fca5e96ad14f67b926a6235968295919 installed
rpm-helper-0.24.17-6.mga8.noarch 1581496823 42413 e048a66b50fe78d712bdcd430a511bcd installed
makedev-4.4-26.mga8.noarch 1581888595 285828 9524d1b17f24c97ce78d564cce1d0161 installed
initscripts-9.78-14.mga8.x86_64 1582094415 6748147 d79ab2adba554127ab76006e4059d91d installed
chkconfig-1.11-3.mga8.x86_64 1581778780 772674 7bb66ea6584e97b3cf0756dc07dd979d installed
cronie-1.5.5-2.mga8.x86_64 1582004871 295257 c2c8440d0eb3c130ac23cd9a008d346b installed
lib64uuid1-2.35.1-3.mga8.x86_64 1582217315 32600 eb17e63d9b98aaef46d5d41843f557b8 installed
lib64atk-bridge2.0_0-2.34.2-1.mga8.x86_64 1583016509 214264 788727fb0c95cd150dd47cf35a763aad installed
sed-4.8-2.mga8.x86_64 1582088316 1145978 5d3281bb3cfd2dfee153b1a0f6366be1 installed
lib64gtk+3_0-3.24.14-2.mga8.x86_64 1582079379 8882655 30d871dd0139f1804c7f186e33e6c9d6 installed
lib64idn2_0-2.3.0-2.mga8.x86_64 1581989696 156671 4ba1f74306a72c64aa3a18be7e4af0a9 installed
perl-List-MoreUtils-0.428.0-7.mga8.noarch 1581801315 110634 7b179b689f8df9783ca50ecf1bb0440a installed
lib64readline8-8.0-2.mga8.x86_64 1582062429 380392 7893b5d71423b719bab0f79a97d49c21 installed
perl-YAML-1.300.0-2.mga8.noarch 1582163856 198286 2c549ae0aa17907a0287cf94d293158d installed
lib64mount1-2.35.1-3.mga8.x86_64 1582217315 366600 ff6bea5fbee92dcddd458a9f06a79b65 installed
lib64rpmbuild9-1:4.15.1-3.mga8.x86_64 1577118058 189224 43457e2befd70c769f0bf17f6a907dbc installed
lib64magic1-5.38-2.mga8.x86_64 1582061194 166512 401d5602a0bd70f2416dceb90cf5e665 installed
gettext-0.20.1-4.mga8.x86_64 1582147857 1711653 3ad29d7d7856de27bce204078a67067d installed
hostname-3.21-2.mga8.x86_64 1581706829 41599 9208c0504ecfe3d04dbe28d986137a99 installed
rpm-build-1:4.15.1-3.mga8.x86_64 1577118058 288046 37c82b2776a93c46a044940fe55b8073 installed
lib64icu65-1:65.1-2.mga8.x86_64 1581863622 5341424 7342c519fef4e80075d3910f2e66df54 installed
lib64glib-gir2.0-1.63.2-1.mga8.x86_64 1582054601 605596 397060653a4ce656fa012f1306ee661d installed
lib64lz4_1-1.9.2-2.mga8.x86_64 1581799617 135584 ee4936969a7fd7d00670c09dc84e54ae installed
lib64gdk_pixbuf-gir2.0-2.40.0-2.mga8.x86_64 1581872512 18640 ed01eda62248a48f0041d83f57ed6a92 installed
gawk-5.0.1-3.mga8.x86_64 1581791570 2730553 777d08c7e937c4292b838b740ab3b5fa installed
lib64mesakhr-devel-20.0.0-4.mga8.x86_64 1583204103 10449 ac33e468f7a018e7938569f88dd0fb83 installed
gcc-cpp-9.2.1-0.20200229.1.mga8.x86_64 1583021589 27429857 390542f20aacb8af7a3bda75ff6d9d1c installed
lib64rsvg-gir2.0-2.47.1-1.mga8.x86_64 1582602929 6332 922c31c7fd98126c0292242f0fddccd8 installed
lib64psl5-0.21.0-3.mga8.x86_64 1581864335 73040 2fb0bbb535e0f64dd8145b94b7af13e7 installed
librsvg-2.47.1-1.mga8.x86_64 1582602929 114188 b09307ffb9bd59a845d94cac19952bd4 installed
crypto-policies-20191128-2.mga8.noarch 1582036545 195404 475787e0cc5a4c86cf12ae380ee070a1 installed
xdg-user-dirs-gtk-0.10-7.mga8.x86_64 1581673567 188457 6e56cd0ba23d75edfb2004c430cce986 installed
kmod-27-1.mga8.x86_64 1582153287 209422 e9cea1dccb85282b888db9a71fb21fec installed
libexif12-common-0.6.21-16.mga8.x86_64 1581985268 1626234 5da8beca8b300d8393d99ec419358464 installed
bzip2-1.0.8-1.mga8.x86_64 1563344914 150113 dc7c38ca53de7d295597a9e6a4e780a0 installed
lib64xcb-xtest0-1.14-1.mga8.x86_64 1583328861 15296 3bf82929c3aeb09d09291ccdfad0c1ee installed
kbd-2.2.0-2.mga8.x86_64 1582246326 3357669 a822fbc440f2e77879613cd9174fc0e5 installed
lib64xcb-shape0-1.14-1.mga8.x86_64 1583328861 15184 9059e027c8e78472354d68d371bec38d installed
lib64brotlidec1-1.0.7-4.mga8.x86_64 1581829230 53724 7d54e2d708da24350b09b9ff6815d552 installed
lib64xcb-randr0-1.14-1.mga8.x86_64 1583328861 64568 635bceb1478a93da4087909ab169b943 installed
lib64gbm1-20.0.0-4.mga8.x86_64 1583204103 66744 08327f127d068d79d311adac8575a57d installed
lib64pixman-devel-0.38.4-3.mga8.x86_64 1581752893 51142 7aaf8c69e58b58d0de35c9657bca6de9 installed
lib64python3.8-3.8.2-1.mga8.x86_64 1582954888 3824760 1f102b3ca837abd758a870759e9e64d1 installed
lib64xml2-devel-2.9.10-3.mga8.x86_64 1582233953 9988887 7eb13fba60f135b407c4eed5465be46f installed
python3-pkg-resources-45.2.0-1.mga8.noarch 1582922412 857218 3985545ce4078d21c1eb537e01b5d953 installed
lib64icu-devel-1:65.1-2.mga8.x86_64 1581863622 4688176 eabee31d5c9097db3efebd43df2cc0c2 installed
lib64source-highlight4-3.1.9-3.mga8.x86_64 1582145509 807848 85d0fbdee53a97021c7f3c359f1a26ed installed
lib64fontconfig-gir2.0-1.63.2-1.mga8.x86_64 1582054601 348 0e46fda60cd6f8c764dd68c624c4ff7a installed
autoconf-1:2.69-13.mga7.noarch 1550248738 2212474 6d1047e0919aeb47ef99fbd04c5d704f installed
lib64thai-devel-0.1.28-2.mga8.x86_64 1581693279 52205 631011be2de822b74e41cd8edcb2a38a installed
procps-ng-3.3.16-2.mga8.x86_64 1582119517 1475629 c3c0e5f94b3bad88c6ea11047ee96734 installed
lib64bsd-devel-0.10.0-2.mga8.x86_64 1581821943 486359 cf204728a4a309ff7559018884df4350 installed
lib64wayland-cursor0-1.18.0-2.mga8.x86_64 1581730317 36440 9621f011afe60e93ffc4b84322261404 installed
lib64xext-devel-1:1.3.4-2.mga8.x86_64 1581729095 103851 67a7311e205d17468ed2dfc1c66b115a installed
lib64drm_amdgpu1-2.4.100-2.mga8.x86_64 1581889563 44712 357740ac77abb8ffd82bbc39fdbe04b7 installed
lib64xxf86vm-devel-1.1.4-4.mga8.x86_64 1581623257 13124 cbff2ce79086d57a7fc81ba61be81243 installed
unzip-6.1c-8.mga8.x86_64 1582001630 993706 fa1f74b4da3e5e707ada00c4a0b4c3e3 installed
glib-gettextize-2.64.0-1.mga8.x86_64 1582996259 30173 0996e1284ba1153877c6b3a06f1c7934 installed
cracklib-dicts-2.9.7-3.mga8.x86_64 1582200841 790177 381657f72ccdd7c5bcda3bd1ad1703f5 installed
lib64harfbuzz-devel-2.6.4-2.mga8.x86_64 1581976673 2645758 72fa67811553080aeee28d61614069c7 installed
ncurses-6.2-20200212.2.mga8.x86_64 1582043208 510994 f8f7358e8fbabd8074c30b0d9f485e23 installed
adwaita-cursor-theme-3.35.92-1.mga8.noarch 1582820969 12024992 df1254f2ccb19cb3235e3ce70d928724 installed
groff-for-man-1.22.4-2.mga8.x86_64 1581704722 3344030 35864ac441a48aa492ffc0e4901e806e installed
gtk+2.0-2.24.32-8.mga8.x86_64 1581949390 19954354 92f91dfbcad65a02922a62a0a251cf5f installed
lib64xdmcp6-1.1.3-2.mga8.x86_64 1581728949 28032 dca1517bf7d0d767a8573f0b05f154b7 installed
lib64fm4-1.3.1-2.git20190224.2.mga8.x86_64 1581722855 792040 bb62f7405466ddc88f7ba1bae6b365d7 installed
lib64thai0-0.1.28-2.mga8.x86_64 1581693279 198932 7a5a21ff7ef61a508dbbee78cd4ca878 installed
lib64xrandr-devel-1.5.2-2.mga8.x86_64 1581729205 22810 db11de98c8ee22c162879d72b0556a68 installed
e2fsprogs-1.45.5-2.mga8.x86_64 1582083720 4906553 29d4afc3348caaff13cccf0ea2239241 installed
lib64enchant2_2-2.2.8-1.mga8.x86_64 1583146091 104192 29178995478ccc9088565980244114b6 installed
lib64ipt2-2.0.1-2.mga8.x86_64 1581862512 118517 c1ca1c11c85df50eb403e03536af3ef8 installed
lib64cryptsetup12-2.3.0-2.mga8.x86_64 1582231588 498376 a19ebc497bce3203011290969fda1617 installed
lib64lzo2_2-2.10-4.mga8.x86_64 1581821790 182573 2d1e00dcc5d014ff7ddc057d43b6e1b8 installed
lib64drm_intel1-2.4.100-2.mga8.x86_64 1581889563 145840 c2ac69e6fdbc5f4e4599d0dd33637459 installed
pcre-8.44-1.mga8.x86_64 1582893974 252600 e0ced376d75058e5e44afc971b2a4053 installed
pkgconf-pkg-config-1.6.3-2.mga8.x86_64 1581795007 498 9c53974e3aba52f889f8f11bcdc8388c installed
gcc-c++-9.2.1-0.20200229.1.mga8.x86_64 1583021589 28702088 a723022f6de96b7dd1b0f7a6d7394904 installed
lib64girepository1.0_1-1.63.2-1.mga8.x86_64 1582054601 229912 f4142ba7bd808761da5e12d542038238 installed
lib64colord2-1.4.4-3.mga8.x86_64 1581751740 648504 d468a1fe7c2f5a8da42b797424286475 installed
lib64smartcols1-2.35.1-3.mga8.x86_64 1582217315 223504 099a4500060b91f034d00132309fe39e installed
lib64microhttpd12-0.9.70-2.mga8.x86_64 1582247539 280167 40f5ef8f4823ff29612d210992814b94 installed
lib64ssh4-1:0.9.3-2.mga8.x86_64 1582010637 581512 ddd26ae82b91c0603bae744a1f5e38a6 installed
lib64xau6-1.0.9-2.mga8.x86_64 1581719476 15528 70fcce7c4fac87db410b1c84ea2fa9b8 installed
