2020-03-04 18:39:23,968 - Mock Version: 1.4.15
2020-03-04 18:39:24,033 - Start: dnf install
2020-03-04 18:39:24,483 - Start: clean chroot
2020-03-04 18:39:24,562 - Finish: clean chroot
2020-03-04 18:40:22,648 - Mock Version: 1.4.15
2020-03-04 18:40:22,710 - Start: dnf install
2020-03-04 18:45:52,947 - Finish: dnf install
2020-03-04 18:45:54,584 - Start: creating root cache
2020-03-04 18:46:02,091 - Finish: creating root cache
2020-03-04 18:46:02,093 - Finish: chroot init
2020-03-04 18:46:02,168 - Start: build phase for jgmenu-4.1.0-1.intelsb.mga8.src.rpm
2020-03-04 18:46:02,169 - Start: build setup for jgmenu-4.1.0-1.intelsb.mga8.src.rpm
2020-03-04 18:50:01,501 - Finish: build setup for jgmenu-4.1.0-1.intelsb.mga8.src.rpm
2020-03-04 18:50:01,501 - Start: rpmbuild jgmenu-4.1.0-1.intelsb.mga8.src.rpm
2020-03-04 18:50:01,502 - Start: Outputting list of installed packages
2020-03-04 18:50:01,592 - Finish: Outputting list of installed packages
2020-03-04 18:50:05,855 - Finish: rpmbuild jgmenu-4.1.0-1.intelsb.mga8.src.rpm
2020-03-04 18:50:05,857 - Finish: build phase for jgmenu-4.1.0-1.intelsb.mga8.src.rpm
2020-03-04 18:50:05,858 - Start: clean chroot
2020-03-04 18:50:08,801 - Finish: clean chroot
2020-03-04 18:50:08,801 - Finish: run
