2018-01-19 09:52:43,175 - Mock Version: 1.4.8
2018-01-19 09:52:44,830 - Finish: chroot init
2018-01-19 09:52:44,833 - Start: build phase for graphicsmagick-1.3.27a-1.mga7.src.rpm
2018-01-19 09:52:44,835 - Start: build setup for graphicsmagick-1.3.27a-1.mga7.src.rpm
2018-01-19 09:52:47,763 - Start: clean chroot
2018-01-19 09:52:52,545 - Finish: clean chroot
2018-01-19 09:53:07,858 - Mock Version: 1.4.8
2018-01-19 09:53:09,109 - Finish: chroot init
2018-01-19 09:53:09,113 - Start: build phase for graphicsmagick-1.3.27a-1.mga7.src.rpm
2018-01-19 09:53:09,115 - Start: build setup for graphicsmagick-1.3.27a-1.mga7.src.rpm
2018-01-19 09:53:11,261 - Start: clean chroot
2018-01-19 09:53:15,179 - Finish: clean chroot
2018-01-19 09:53:58,896 - Mock Version: 1.4.8
2018-01-19 09:53:58,982 - Start: dnf install
2018-01-19 09:53:59,609 - Start: clean chroot
2018-01-19 09:53:59,731 - Finish: clean chroot
2018-01-19 09:55:51,031 - Mock Version: 1.4.8
2018-01-19 09:55:52,280 - Finish: chroot init
2018-01-19 09:55:52,284 - Start: build phase for graphicsmagick-1.3.27a-1.mga7.src.rpm
2018-01-19 09:55:52,286 - Start: build setup for graphicsmagick-1.3.27a-1.mga7.src.rpm
2018-01-19 09:55:54,691 - Start: clean chroot
2018-01-19 09:56:00,531 - Finish: clean chroot
2018-01-19 09:56:28,993 - Mock Version: 1.4.8
2018-01-19 09:56:29,091 - Start: dnf install
2018-01-19 09:56:29,690 - Start: clean chroot
2018-01-19 09:56:29,809 - Finish: clean chroot
2018-01-19 09:59:12,209 - Mock Version: 1.4.8
2018-01-19 09:59:13,400 - Finish: chroot init
2018-01-19 09:59:13,403 - Start: build phase for graphicsmagick-1.3.27a-1.mga7.src.rpm
2018-01-19 09:59:13,405 - Start: build setup for graphicsmagick-1.3.27a-1.mga7.src.rpm
2018-01-19 09:59:15,261 - Start: clean chroot
2018-01-19 09:59:19,211 - Finish: clean chroot
2018-01-19 09:59:30,686 - Mock Version: 1.4.8
2018-01-19 09:59:32,007 - Finish: chroot init
2018-01-19 09:59:32,010 - Start: build phase for graphicsmagick-1.3.27a-1.mga7.src.rpm
2018-01-19 09:59:32,011 - Start: build setup for graphicsmagick-1.3.27a-1.mga7.src.rpm
2018-01-19 09:59:33,671 - Start: clean chroot
2018-01-19 09:59:37,657 - Finish: clean chroot
