adwaita-icon-theme-3.37.2-1.mga8
atk1.0-common-2.36.0-1.mga8
at-spi2-core-2.37.90-1.mga8
autoconf-2.69.221-d0ac.5.mga8
automake-1.16.2-3.mga8
basesystem-minimal-8-0.4.mga8
basesystem-minimal-core-8-0.4.mga8
bash-5.0-17.2.mga8
binutils-2.34-14.mga8
bubblewrap-0.4.1-1.mga8
bzip2-1.0.8-2.mga8
chkconfig-1.11-3.mga8
clang-10.0.0-4.mga8
clang-tools-extra-10.0.0-4.mga8
cmake-3.18.1-1.mga8
cmake-rpm-macros-8-3.mga8
common-licenses-1.1-10.mga8
coreutils-8.32-1.mga8
cpio-2.13-5.mga8
cracklib-dicts-2.9.7-3.mga8
cronie-1.5.5-2.mga8
crontabs-1.10-24.mga8
crypto-policies-20200702-1.mga8
ctags-5.8-15.mga8
curl-7.71.1-1.mga8
dash-static-0.5.10.2-2.mga8
dbus-1.13.18-1.mga8
desktop-file-utils-0.26-1.mga8
diffutils-3.7-3.mga8
docbook-dtds-1.0-66.mga8
docbook-style-dsssl-1.79-19.mga8
docbook-style-xsl-1.79.2-5.mga8
docbook-utils-0.6.14-23.mga8
dwz-0.13-1.mga8
e2fsprogs-1.45.6-5.mga8
elfutils-0.180-2.mga8
etcskel-1.63-36.mga8
ethtool-5.8-1.mga8
file-5.39-2.mga8
filesystem-2.1.9-34.mga8
findutils-4.7.0-3.mga8
fontconfig-2.13.92-3.mga8
fonts-filesystem-2.0.5-4.mga8
fonts-srpm-macros-2.0.5-4.mga8
fribidi-1.0.10-1.mga8
gawk-5.1.0-1.mga8
gcc-10.2.0-2.mga8
gcc-c++-10.2.0-2.mga8
gcc-cpp-10.2.0-2.mga8
gdb-headless-9.2-1.mga8
gdk-pixbuf2.0-2.40.0-2.mga8
genhdlist2-7.12-2.mga8
gettext-0.21-1.mga8
gettext-base-0.21-1.mga8
gettext-devel-0.21-1.mga8
glib2.0-common-2.65.0-2.mga8
glibc-2.31-14.mga8
glibc-devel-2.31-14.mga8
glib-gettextize-2.65.0-2.mga8
gobject-introspection-1.64.1-3.mga8
go-srpm-macros-3.0.9-1.mga8
gpg-pubkey-80420f66-5d0d4576
grep-3.4-2.mga8
gstreamer1.0-plugins-base-1.16.2-2.mga8
gstreamer1.0-tools-1.16.2-4.mga8
gtk+3.0-3.24.22-1.mga8
gtk-doc-1.32-1.mga8
gtk-update-icon-cache-3.24.22-1.mga8
guile-runtime-2.0.14-7.mga8
gzip-1.10-4.mga8
help2man-1.47.16-1.mga8
hicolor-icon-theme-0.17-3.mga8
hostname-3.23-2.mga8
icu67-data-67.1-1.mga8
ifmetric-0.3-19.mga8
ifplugd-0.28-22.mga8
info-install-6.7-3.mga8
initscripts-9.78-27.mga8
ipcalc-0.4.1-1.mga8
iproute2-5.8.0-1.mga8
iputils-20180629-5.mga8
isl-0.18-2.mga8
kbd-2.3.0-1.mga8
kernel-userspace-headers-5.8.2-1.mga8
kmod-27-2.mga8
krb5-1.18.2-1.mga8
less-561-1.mga8
lib64acl1-2.2.53-2.mga8
lib64acl-devel-2.2.53-2.mga8
lib64alsa2-1.2.3.2-1.mga8
lib64alsa2-devel-1.2.3.2-1.mga8
lib64archive13-3.4.3-1.mga8
lib64argon2_1-20190702-3.mga8
lib64atk1.0_0-2.36.0-1.mga8
lib64atk1.0-devel-2.36.0-1.mga8
lib64atk-bridge2.0_0-2.37.90-1.mga8
lib64atk-bridge-devel-2.37.90-1.mga8
lib64atk-gir1.0-2.36.0-1.mga8
lib64atspi0-2.37.90-1.mga8
lib64atspi-devel-2.37.90-1.mga8
lib64atspi-gir2.0-2.37.90-1.mga8
lib64attr1-2.4.48-3.mga8
lib64audit1-2.8.5-3.mga8
lib64audit-devel-2.8.5-3.mga8
lib64avahi-client3-0.8-4.mga8
lib64avahi-common3-0.8-4.mga8
lib64babeltrace1-1.5.8-1.mga8
lib64blkid1-2.36-2.mga8
lib64blkid-devel-2.36-2.mga8
lib64boost_regex1.73.0-1.73.0-5.mga8
lib64brotlicommon1-1.0.7-6.mga8
lib64brotlidec1-1.0.7-6.mga8
lib64brotli-devel-1.0.7-6.mga8
lib64brotlienc1-1.0.7-6.mga8
lib64bsd0-0.10.0-2.mga8
lib64bsd-devel-0.10.0-2.mga8
lib64bz2_1-1.0.8-2.mga8
lib64bz2-devel-1.0.8-2.mga8
lib64cairo2-1.16.0-3.mga8
lib64cairo-devel-1.16.0-3.mga8
lib64cairo-gir1.0-1.64.1-3.mga8
lib64cap2-2.27-2.mga8
lib64cap-ng0-0.7.10-2.mga8
lib64cap-ng-devel-0.7.10-2.mga8
lib64clang10.0-10.0.0-4.mga8
lib64clang-devel-10.0.0-4.mga8
lib64colord2-1.4.4-3.mga8
lib64com_err2-1.45.6-5.mga8
lib64com_err-devel-1.45.6-5.mga8
lib64crack2-2.9.7-3.mga8
lib64croco0.6_3-0.6.13-3.mga8
lib64croco-devel-0.6.13-3.mga8
lib64cryptsetup12-2.3.3-1.mga8
lib64cups2-2.3.3-6.mga8
lib64curl4-7.71.1-1.mga8
lib64curl-devel-7.71.1-1.mga8
lib64daemon0-0.14-13.mga8
lib64datrie1-0.2.12-2.mga8
lib64datrie-devel-0.2.12-2.mga8
lib64db5.3-5.3.28-22.mga8
lib64dbnss4.8-4.8.30-26.mga8
lib64dbus1_3-1.13.18-1.mga8
lib64dbus-devel-1.13.18-1.mga8
lib64dbus-gir1.0-1.64.1-3.mga8
lib64devmapper1.02-1.02.173-1.mga8
lib64dri-drivers-20.1.5-3.mga8
lib64drm2-2.4.102-1.mga8
lib64drm_amdgpu1-2.4.102-1.mga8
lib64drm-devel-2.4.102-1.mga8
lib64drm_intel1-2.4.102-1.mga8
lib64drm_nouveau2-2.4.102-1.mga8
lib64drm_radeon1-2.4.102-1.mga8
lib64edit0-3.1-0.20191231.2.mga8
lib64edit-devel-3.1-0.20191231.2.mga8
lib64egl1-1.3.2-13.mga8
lib64elfutils1-0.180-2.mga8
lib64elfutils-devel-0.180-2.mga8
lib64enchant2_2-2.2.8-1.mga8
lib64enchant2-devel-2.2.8-1.mga8
lib64epoxy0-1.5.4-2.mga8
lib64epoxy-devel-1.5.4-2.mga8
lib64expat1-2.2.9-2.mga8
lib64expat-devel-2.2.9-2.mga8
lib64exslt0-1.1.34-2.mga8
lib64ext2fs2-1.45.6-5.mga8
lib64fdisk1-2.36-2.mga8
lib64ffi7-3.3-1.mga8
lib64ffi-devel-3.3-1.mga8
lib64fontconfig1-2.13.92-3.mga8
lib64fontconfig-devel-2.13.92-3.mga8
lib64fontconfig-gir2.0-1.64.1-3.mga8
lib64freetype2-devel-2.10.2-1.mga8
lib64freetype6-2.10.2-1.mga8
lib64freetype-gir2.0-1.64.1-3.mga8
lib64fribidi0-1.0.10-1.mga8
lib64fribidi-devel-1.0.10-1.mga8
lib64fuse2-2.9.9-4.mga8
lib64gbm1-20.1.5-3.mga8
lib64gbm1-devel-20.1.5-3.mga8
lib64gc1-8.0.4-2.mga8
lib64gcrypt20-1.8.5-4.mga8
lib64gcrypt-devel-1.8.5-4.mga8
lib64gdbm6-1.18.1-3.mga8
lib64gdbm_compat4-1.18.1-3.mga8
lib64gdk_pixbuf2.0_0-2.40.0-2.mga8
lib64gdk_pixbuf2.0-devel-2.40.0-2.mga8
lib64gdk_pixbuf-gir2.0-2.40.0-2.mga8
lib64gettextmisc-0.21-1.mga8
lib64gio2.0_0-2.65.0-2.mga8
lib64girepository1.0_1-1.64.1-3.mga8
lib64gl1-1.3.2-13.mga8
lib64glapi0-20.1.5-3.mga8
lib64glapi0-devel-20.1.5-3.mga8
lib64gldispatch0-1.3.2-13.mga8
lib64glesv1_cm1-1.3.2-13.mga8
lib64glesv22-1.3.2-13.mga8
lib64glib2.0_0-2.65.0-2.mga8
lib64glib2.0-devel-2.65.0-2.mga8
lib64glib-gir2.0-1.64.1-3.mga8
lib64glvnd-devel-1.3.2-13.mga8
lib64glx0-1.3.2-13.mga8
lib64gmp10-6.2.0-2.mga8
lib64gnutls30-3.6.14-2.mga8
lib64gpg-error0-1.36-3.mga8
lib64gpg-error-devel-1.36-3.mga8
lib64graphene1.0_0-1.10.2-1.mga8
lib64graphite2_3-1.3.14-1.mga8
lib64graphite2-devel-1.3.14-1.mga8
lib64gst-gir1.0-1.16.2-4.mga8
lib64gstgl1.0_0-1.16.2-2.mga8
lib64gstgl-gir1.0-1.16.2-2.mga8
lib64gstreamer1.0_0-1.16.2-4.mga8
lib64gstreamer1.0-devel-1.16.2-4.mga8
lib64gstreamer-plugins-base1.0_0-1.16.2-2.mga8
lib64gstreamer-plugins-base1.0-devel-1.16.2-2.mga8
lib64gstreamer-plugins-base-gir1.0-1.16.2-2.mga8
lib64gtk+3_0-3.24.22-1.mga8
lib64gtk+3.0-devel-3.24.22-1.mga8
lib64gtk-gir3.0-3.24.22-1.mga8
lib64gudev1.0_0-233-2.mga8
lib64gudev1.0-devel-233-2.mga8
lib64gudev-gir1.0-233-2.mga8
lib64guile2.0_22-2.0.14-7.mga8
lib64gusb2-0.3.5-1.mga8
lib64harfbuzz0-2.7.1-1.mga8
lib64harfbuzz-devel-2.7.1-1.mga8
lib64harfbuzz-gir0.0-2.7.1-1.mga8
lib64hogweed5-3.5.1-2.mga8
lib64hunspell1.7_0-1.7.0-4.mga8
lib64hunspell-devel-1.7.0-4.mga8
lib64hyphen0-2.8.8-8.mga8
lib64hyphen-devel-2.8.8-8.mga8
lib64ice6-1.0.10-2.mga8
lib64ice-devel-1.0.10-2.mga8
lib64icu67-67.1-1.mga8
lib64icu-devel-67.1-1.mga8
lib64idn2_0-2.3.0-4.mga8
lib64idn2-devel-2.3.0-4.mga8
lib64intl8-0.21-1.mga8
lib64ip4tc2-1.8.4-4.mga8
lib64ipt2-2.0.2-1.mga8
lib64iptables12-1.8.4-4.mga8
lib64isl15-0.18-2.mga8
lib64javascriptcore-gir4.0-2.29.91-1.mga8
lib64javascriptcoregtk4.0_18-2.29.91-1.mga8
lib64jbig1-2.1-7.mga8
lib64jbig-devel-2.1-7.mga8
lib64jpeg8-2.0.5-1.mga8
lib64jpeg-devel-2.0.5-1.mga8
lib64json-c4-0.13.1-5.mga8
lib64jsoncpp19-1.8.4-3.mga8
lib64keyutils1-1.6.1-2.mga8
lib64keyutils-devel-1.6.1-2.mga8
lib64kmod2-27-2.mga8
lib64kms1-2.4.102-1.mga8
lib64krb53-1.18.2-1.mga8
lib64krb53-devel-1.18.2-1.mga8
lib64lcms2_2-2.11-1.mga8
lib64ldap2.4_2-2.4.51-1.mga8
lib64ldap2.4_2-devel-2.4.51-1.mga8
lib64lldb0-10.0.0-6.mga8
lib64lldb-devel-10.0.0-6.mga8
lib64llvm10.0-10.0.0-5.mga8
lib64llvm-devel-10.0.0-5.mga8
lib64lm_sensors5-3.6.0-2.mga8
lib64ltdl7-2.4.6-13.mga8
lib64lua5.3-5.3.5-4.mga8
lib64lz4_1-1.9.2-2.mga8
lib64lz4-devel-1.9.2-2.mga8
lib64lzma5-5.2.5-1.mga8
lib64lzma-devel-5.2.5-1.mga8
lib64lzo2_2-2.10-4.mga8
lib64magic1-5.39-2.mga8
lib64mesaegl1-20.1.5-3.mga8
lib64mesagl1-20.1.5-3.mga8
lib64mesagl1-devel-20.1.5-3.mga8
lib64mesaglu1-9.0.1-2.mga8
lib64mesaglu1-devel-9.0.1-2.mga8
lib64mesakhr-devel-20.1.5-3.mga8
lib64mesavulkan-drivers-20.1.5-3.mga8
lib64microhttpd12-0.9.71-1.mga8
lib64mnl0-1.0.4-3.mga8
lib64mount1-2.36-2.mga8
lib64mount-devel-2.36-2.mga8
lib64mpc3-1.1.0-4.mga8
lib64mpfr6-4.1.0-1.mga8
lib64mspack0-0.10.1-0.alpha.2.mga8
lib64mspack-devel-0.10.1-0.alpha.2.mga8
lib64ncurses6-6.2-20200613.1.mga8
lib64ncurses-devel-6.2-20200613.1.mga8
lib64ncursesw6-6.2-20200613.1.mga8
lib64nettle7-3.5.1-2.mga8
lib64nghttp2_14-1.41.0-1.mga8
lib64nghttp2-devel-1.41.0-1.mga8
lib64notify4-0.7.9-1.mga8
lib64notify-devel-0.7.9-1.mga8
lib64notify-gir0.7-0.7.9-1.mga8
lib64ogg0-1.3.4-2.mga8
lib64opengl0-1.3.2-13.mga8
lib64openjade0-1.3.3-0.pre1.26.mga8
lib64openjp2_7-2.3.1-6.mga8
lib64openjpeg2-devel-2.3.1-6.mga8
lib64openssl1.1-1.1.1g-1.mga8
lib64openssl-devel-1.1.1g-1.mga8
lib64opus0-1.3.1-2.mga8
lib64orc0.4_0-0.4.31-4.mga8
lib64orc-devel-0.4.31-4.mga8
lib64osp5-1.5.2-21.mga8
lib64p11-kit0-0.23.20-8.mga8
lib64pam0-1.3.1-4.mga8
lib64pam-devel-1.3.1-4.mga8
lib64pam_userpass1-1.0.2-15.mga8
lib64pango1.0_0-1.46.0-1.mga8
lib64pango1.0-devel-1.46.0-1.mga8
lib64pango-gir1.0-1.46.0-1.mga8
lib64pciaccess0-0.16-2.mga8
lib64pciaccess-devel-0.16-2.mga8
lib64pcre16_0-8.44-1.mga8
lib64pcre1-8.44-1.mga8
lib64pcre2_0-10.35-1.mga8
lib64pcre32_0-8.44-1.mga8
lib64pcre-devel-8.44-1.mga8
lib64pcreposix1-8.44-1.mga8
lib64pixman1_0-0.40.0-1.mga8
lib64pixman-devel-0.40.0-1.mga8
lib64pkgconf3-1.7.3-1.mga8
lib64png16_16-1.6.37-2.mga8
lib64png-devel-1.6.37-2.mga8
lib64popt0-1.18-1.mga8
lib64procps8-3.3.16-2.mga8
lib64psl5-0.21.1-1.mga8
lib64psl-devel-0.21.1-1.mga8
lib64python3.8-3.8.5-1.mga8
lib64python3.8-stdlib-3.8.5-1.mga8
lib64python3-devel-3.8.5-1.mga8
lib64qrencode4-4.0.2-3.mga8
lib64readline8-8.0-3.mga8
lib64rhash0-1.3.9-2.mga8
lib64rpm9-4.16.0-0.beta3.2.mga8
lib64rpmbuild9-4.16.0-0.beta3.2.mga8
lib64sasl2_3-2.1.27-3.mga8
lib64sasl2-devel-2.1.27-3.mga8
lib64sdl2.0_0-2.0.12-1.mga8
lib64sdl2.0-devel-2.0.12-1.mga8
lib64seccomp2-2.5.0-2.mga8
lib64seccomp-devel-2.5.0-2.mga8
lib64secret1_0-0.20.3-1.mga8
lib64secret-devel-0.20.3-1.mga8
lib64secret-gir1-0.20.3-1.mga8
lib64selinux1-2.5-12.mga8
lib64sigsegv2-2.12-3.mga8
lib64sm6-1.2.3-2.mga8
lib64smartcols1-2.36-2.mga8
lib64sm-devel-1.2.3-2.mga8
lib64soup2.4_1-2.71.0-1.mga8
lib64soup-devel-2.71.0-1.mga8
lib64soup-gir2.4-2.71.0-1.mga8
lib64source-highlight4-3.1.9-6.mga8
lib64sqlite3_0-3.33.0-1.mga8
lib64sqlite3-devel-3.33.0-1.mga8
lib64ss2-1.45.6-5.mga8
lib64ssh4-0.9.4-2.mga8
lib64ssh-devel-0.9.4-2.mga8
lib64systemd0-246.2-1.mga8
lib64tasn1_6-4.16.0-4.mga8
lib64tasn1-devel-4.16.0-4.mga8
lib64tcb0-1.1-10.mga8
lib64textstyle0-0.21-1.mga8
lib64thai0-0.1.28-2.mga8
lib64thai-devel-0.1.28-2.mga8
lib64theoradec1-1.1.1-14.mga8
lib64theoraenc1-1.1.1-14.mga8
lib64tiff5-4.1.0-2.git20200606.1.mga8
lib64tiff-devel-4.1.0-2.git20200606.1.mga8
lib64turbojpeg0-2.0.5-1.mga8
lib64udev1-246.2-1.mga8
lib64udev-devel-246.2-1.mga8
lib64unistring2-0.9.10-4.mga8
lib64unistring-devel-0.9.10-4.mga8
lib64unwind8-1.2-4.mga8
lib64unwind-coredump0-1.2-4.mga8
lib64unwind-devel-1.2-4.mga8
lib64usb1.0_0-1.0.23-1.mga8
lib64user1-0.62-16.mga8
lib64uuid1-2.36-2.mga8
lib64uuid-devel-2.36-2.mga8
lib64uv1-1.38.1-1.mga8
lib64verto1-0.3.1-2.mga8
lib64verto-devel-0.3.1-2.mga8
lib64vorbis0-1.3.7-1.mga8
lib64vorbisenc2-1.3.7-1.mga8
lib64vulkan-loader1-1.2.131.2-1.mga8
lib64wayland-client0-1.18.0-3.mga8
lib64wayland-cursor0-1.18.0-3.mga8
lib64wayland-devel-1.18.0-3.mga8
lib64wayland-egl1-1.18.0-3.mga8
lib64wayland-server0-1.18.0-3.mga8
lib64webkit2-devel-2.29.91-1.mga8
lib64webkit2gtk4.0_37-2.29.91-1.mga8
lib64webkit2gtk-gir4.0-2.29.91-1.mga8
lib64webp7-1.1.0-2.mga8
lib64webpdecoder3-1.1.0-2.mga8
lib64webpdemux2-1.1.0-2.mga8
lib64webp-devel-1.1.0-2.mga8
lib64webpmux3-1.1.0-2.mga8
lib64woff2common1.0.2-1.0.2-3.mga8
lib64woff2dec1.0.2-1.0.2-3.mga8
lib64woff2-devel-1.0.2-3.mga8
lib64woff2enc1.0.2-1.0.2-3.mga8
lib64wrap0-7.6-49.mga8
lib64wrap-devel-7.6-49.mga8
lib64wx_baseu3.1_4-3.1.4-1.mga8
lib64wx_baseu_net3.1_4-3.1.4-1.mga8
lib64wx_baseu_xml3.1_4-3.1.4-1.mga8
lib64wx_gtk3u_adv3.1_4-3.1.4-1.mga8
lib64wx_gtk3u_aui3.1_4-3.1.4-1.mga8
lib64wx_gtk3u_core3.1_4-3.1.4-1.mga8
lib64wx_gtk3u_gl3.1_4-3.1.4-1.mga8
lib64wx_gtk3u_html3.1_4-3.1.4-1.mga8
lib64wx_gtk3u_media3.1_4-3.1.4-1.mga8
lib64wx_gtk3u_propgrid3.1_4-3.1.4-1.mga8
lib64wx_gtk3u_qa3.1_4-3.1.4-1.mga8
lib64wx_gtk3u_ribbon3.1_4-3.1.4-1.mga8
lib64wx_gtk3u_richtext3.1_4-3.1.4-1.mga8
lib64wx_gtk3u_stc3.1_4-3.1.4-1.mga8
lib64wx_gtk3u_webview3.1_4-3.1.4-1.mga8
lib64wx_gtk3u_xrc3.1_4-3.1.4-1.mga8
lib64wxgtku3.1-devel-3.1.4-1.mga8
lib64wxsqlite3_3.1_0-4.5.1-3.mga8
lib64wxsqlite3_3.1-devel-4.5.1-3.mga8
lib64x11_6-1.6.10-2.mga8
lib64x11-devel-1.6.10-2.mga8
lib64x11-xcb1-1.6.10-2.mga8
lib64xau6-1.0.9-2.mga8
lib64xau-devel-1.0.9-2.mga8
lib64xcb1-1.14-1.mga8
lib64xcb-composite0-1.14-1.mga8
lib64xcb-damage0-1.14-1.mga8
lib64xcb-devel-1.14-1.mga8
lib64xcb-dpms0-1.14-1.mga8
lib64xcb-dri2_0-1.14-1.mga8
lib64xcb-dri3_0-1.14-1.mga8
lib64xcb-glx0-1.14-1.mga8
lib64xcb-present0-1.14-1.mga8
lib64xcb-randr0-1.14-1.mga8
lib64xcb-record0-1.14-1.mga8
lib64xcb-render0-1.14-1.mga8
lib64xcb-res0-1.14-1.mga8
lib64xcb-screensaver0-1.14-1.mga8
lib64xcb-shape0-1.14-1.mga8
lib64xcb-shm0-1.14-1.mga8
lib64xcb-sync1-1.14-1.mga8
lib64xcb-xf86dri0-1.14-1.mga8
lib64xcb-xfixes0-1.14-1.mga8
lib64xcb-xinerama0-1.14-1.mga8
lib64xcb-xinput0-1.14-1.mga8
lib64xcb-xkb1-1.14-1.mga8
lib64xcb-xtest0-1.14-1.mga8
lib64xcb-xv0-1.14-1.mga8
lib64xcb-xvmc0-1.14-1.mga8
lib64xcomposite1-0.4.5-3.mga8
lib64xcomposite-devel-0.4.5-3.mga8
lib64xcrypt1-4.4.16-4.mga8
lib64xcrypt-devel-4.4.16-4.mga8
lib64xcursor1-1.2.0-2.mga8
lib64xcursor-devel-1.2.0-2.mga8
lib64xdamage1-1.1.5-2.mga8
lib64xdamage-devel-1.1.5-2.mga8
lib64xdmcp6-1.1.3-2.mga8
lib64xdmcp-devel-1.1.3-2.mga8
lib64xext6-1.3.4-2.mga8
lib64xext-devel-1.3.4-2.mga8
lib64xfixes3-5.0.3-3.mga8
lib64xfixes-devel-5.0.3-3.mga8
lib64xft2-2.3.3-2.mga8
lib64xft-devel-2.3.3-2.mga8
lib64xft-gir2.0-1.64.1-3.mga8
lib64xi6-1.7.10-2.mga8
lib64xi-devel-1.7.10-2.mga8
lib64xinerama1-1.1.4-3.mga8
lib64xinerama-devel-1.1.4-3.mga8
lib64xkbcommon0-0.10.0-2.mga8
lib64xkbcommon-devel-0.10.0-2.mga8
lib64xlib-gir2.0-1.64.1-3.mga8
lib64xml2_2-2.9.10-5.mga8
lib64xml2-devel-2.9.10-5.mga8
lib64xrandr2-1.5.2-2.mga8
lib64xrandr-devel-1.5.2-2.mga8
lib64xrender1-0.9.10-3.mga8
lib64xrender-devel-0.9.10-3.mga8
lib64xshmfence1-1.3-3.mga8
lib64xshmfence-devel-1.3-3.mga8
lib64xslt1-1.1.34-2.mga8
lib64xslt-devel-1.1.34-2.mga8
lib64xtst6-1.2.3-3.mga8
lib64xtst-devel-1.2.3-3.mga8
lib64xv1-1.0.11-3.mga8
lib64xxf86vm1-1.1.4-4.mga8
lib64xxf86vm-devel-1.1.4-4.mga8
lib64xxhash0-0.8.0-1.mga8
lib64zlib1-1.2.11-9.mga8
lib64zlib-devel-1.2.11-9.mga8
lib64zstd1-1.4.5-3.mga8
lib64zstd-devel-1.4.5-3.mga8
libalsa-data-1.2.3.2-1.mga8
libdrm-common-2.4.102-1.mga8
libedit-3.1-0.20191231.2.mga8
libgcc1-10.2.0-2.mga8
libglvnd-1.3.2-13.mga8
libgomp1-10.2.0-2.mga8
libgpg-error-common-1.36-3.mga8
libidn2-i18n-2.3.0-4.mga8
libpthread-stubs-0.4-3.mga8
libsecret-i18n-0.20.3-1.mga8
libsecret-tools-0.20.3-1.mga8
libsoup-i18n-2.71.0-1.mga8
libstdc++6-10.2.0-2.mga8
libstdc++-devel-10.2.0-2.mga8
libstdc++-static-devel-10.2.0-2.mga8
libtasn1-tools-4.16.0-4.mga8
libtool-base-2.4.6-13.mga8
libuser-0.62-16.mga8
libutempter-1.2.0-1.mga8
libxml2-utils-2.9.10-5.mga8
llvm-10.0.0-5.mga8
logrotate-3.16.0-1.mga8
lsb-release-2.0-56.mga8
m4-1.4.18-3.mga8
mageia-release-common-8-0.8.mga8
mageia-release-Default-8-0.8.mga8
mageia-repos-8-0.0.3.mga8
mageia-repos-cauldron-8-0.0.3.mga8
mageia-repos-keys-8-0.0.3.mga8
mageia-repos-pkgprefs-8-0.0.3.mga8
make-4.3-2.mga8
makedev-4.4-26.mga8
mesa-20.1.5-3.mga8
meta-task-8-0.24.mga8
multiarch-utils-1.0.14-3.mga8
ncurses-6.2-20200613.1.mga8
net-tools-2.0-0.20150915git.6.mga8
notification-daemon-3.20.0-3.mga8
nss-myhostname-246.2-1.mga8
nss_tcb-1.1-10.mga8
ocaml-srpm-macros-6-2.mga8
openjade-1.3.3-0.pre1.26.mga8
openjpeg2-2.3.1-6.mga8
openldap-2.4.51-1.mga8
opensp-1.5.2-21.mga8
orc-0.4.31-4.mga8
p11-kit-0.23.20-8.mga8
p11-kit-trust-0.23.20-8.mga8
pam-1.3.1-4.mga8
pam_tcb-1.1-10.mga8
pango-1.46.0-1.mga8
passwd-0.80-2.mga8
patch-2.7.6-6.mga8
pcre-8.44-1.mga8
perl-5.32.0-3.mga8
perl-base-5.32.0-3.mga8
perl-Config-IniFiles-3.0.3-1.mga8
perl-Exporter-Tiny-1.2.2-1.mga8
perl-File-Slurp-9999.320.0-1.mga8
perl-File-Sync-0.110.0-31.mga8
perl-Filesys-Df-0.920.0-31.mga8
perl-IO-stringy-2.113.0-1.mga8
perl-JSON-4.20.0-2.mga8
perl-List-MoreUtils-0.428.0-9.mga8
perl-List-MoreUtils-XS-0.428-7.mga8
perl-Locale-gettext-1.70.0-13.mga8
perl-MDK-Common-1.2.34.2-4.mga8
perl-MDV-Distribconf-4.101.0-3.mga8
perl-MDV-Packdrakeng-1.130.0-6.mga8
perl-SGMLSpm-1.03ii-4.mga8
perl-srpm-macros-1-34.mga8
perl-Time-ZoneInfo-0.300.0-10.mga8
perl-URPM-5.122-0.4.mga8
perl-XML-LibXML-2.20.500-3.mga8
perl-XML-NamespaceSupport-1.120.0-3.mga8
perl-XML-SAX-1.20.0-2.mga8
perl-XML-SAX-Base-1.90.0-4.mga8
perl-YAML-1.300.0-2.mga8
perl-YAML-Tiny-1.730.0-3.mga8
pkgconf-1.7.3-1.mga8
pkgconf-m4-1.7.3-1.mga8
pkgconf-pkg-config-1.7.3-1.mga8
popt-data-1.18-1.mga8
procps-ng-3.3.16-2.mga8
psmisc-23.3-3.mga8
publicsuffix-list-20200106-2.mga8
publicsuffix-list-dafsa-20200106-2.mga8
python3-3.8.5-1.mga8
python3-pkg-resources-47.3.1-1.mga8
python3-pygments-2.6.1-1.mga8
python3-rpm-generators-11-3.mga8
python3-rpm-macros-3-11.mga8
python3-setuptools-47.3.1-1.mga8
python3-six-1.14.0-1.mga8
python-pip-wheel-20.1.1-1.mga8
python-rpm-macros-3-11.mga8
python-setuptools-wheel-47.3.1-1.mga8
python-srpm-macros-3-11.mga8
resolvconf-1.79-5.mga8
rmt-0.4b46-8.mga8
rootcerts-20200612.00-1.mga8
rootfiles-11.0-16.mga8
rpm-4.16.0-0.beta3.2.mga8
rpm-build-4.16.0-0.beta3.2.mga8
rpm-helper-0.24.18-1.mga8
rpm-mageia-setup-2.57-2.mga8
rpm-mageia-setup-build-2.57-2.mga8
run-parts-4.8.4-3.mga8
rust-srpm-macros-13-1.mga8
sash-3.8-9.mga8
sed-4.8-3.mga8
setup-2.7.25-1.mga8
sgml-common-0.6.3-28.mga8
shadow-utils-4.6-2.mga8
shared-mime-info-1.15-2.mga8
source-highlight-3.1.9-6.mga8
spec-helper-0.31.23-1.mga8
sudo-1.9.0-1.mga8
systemd-246.2-1.mga8
systemd-devel-246.2-1.mga8
tar-1.32-3.mga8
tcb-1.1-10.mga8
thai-data-0.1.28-2.mga8
time-1.9-4.mga8
timezone-2020a-2.mga8
traceroute-2.1.0-3.mga8
unzip-6.1c-8.mga8
urpmi-8.123-1.mga8
util-linux-2.36-2.mga8
vim-minimal-8.2.1484-2.mga8
wayland-protocols-devel-1.20-1.mga8
wayland-tools-1.18.0-3.mga8
webkit2-2.29.91-1.mga8
webkit2-jsc-2.29.91-1.mga8
which-2.21-6.mga8
wxgtk3.1-3.1.4-1.mga8
x11-proto-devel-2020.1-1.mga8
xdg-dbus-proxy-0.1.1-4.mga8
xsltproc-1.1.34-2.mga8
xz-5.2.5-1.mga8
zstd-1.4.5-3.mga8
