Mock Version: 1.4.8
ENTER ['do'](['bash', '--login', '-c', '/usr/bin/rpmbuild -bs --target x86_64 --nodeps /builddir/build/SPECS/inotify-tools.spec'], gid=135nspawn_args=[]logger=<mockbuild.trace_decorator.getLog object at 0x7fe63126c9b0>user='mockbuild'shell=Falseunshare_net=TrueprintOutput=Trueenv={'TERM': 'vt100', 'SHELL': '/bin/bash', 'PATH': '/usr/bin:/bin:/usr/sbin:/sbin', 'HOME': '/builddir', 'PS1': '<mock-chroot> \\s-\\v\\$ ', 'HOSTNAME': 'mock', 'PROMPT_COMMAND': 'printf "\\033]0;<mock-chroot>\\007"', 'LANG': 'en_US.UTF-8'}chrootPath='/mock/cauldron/x86_64/'timeout=0uid=0)
Executing command: ['/usr/bin/systemd-nspawn', '-q', '-M', 'e32d361e787f458487a79c4959f553de', '-D', '/mock/cauldron/x86_64/', '-a', '--setenv=TERM=vt100', '--setenv=SHELL=/bin/bash', '--setenv=PATH=/usr/bin:/bin:/usr/sbin:/sbin', '--setenv=HOME=/builddir', '--setenv=PS1=<mock-chroot> \\s-\\v\\$ ', '--setenv=HOSTNAME=mock', '--setenv=PROMPT_COMMAND=printf "\\033]0;<mock-chroot>\\007"', '--setenv=LANG=en_US.UTF-8', '-u', 'mockbuild', 'bash', '--login', '-c', '/usr/bin/rpmbuild -bs --target x86_64 --nodeps /builddir/build/SPECS/inotify-tools.spec'] with env {'TERM': 'vt100', 'SHELL': '/bin/bash', 'PATH': '/usr/bin:/bin:/usr/sbin:/sbin', 'HOME': '/builddir', 'PS1': '<mock-chroot> \\s-\\v\\$ ', 'HOSTNAME': 'mock', 'PROMPT_COMMAND': 'printf "\\033]0;<mock-chroot>\\007"', 'LANG': 'en_US.UTF-8'} and shell False
/etc/profile.d/lang.sh: line 28: warning: setlocale: LC_CTYPE: cannot change locale (en_US.UTF-8): No such file or directory
/etc/profile.d/lang.sh: line 29: warning: setlocale: LC_COLLATE: cannot change locale (en_US.UTF-8): No such file or directory
/etc/profile.d/lang.sh: line 32: warning: setlocale: LC_MESSAGES: cannot change locale (en_US.UTF-8): No such file or directory
/etc/profile.d/lang.sh: line 35: warning: setlocale: LC_NUMERIC: cannot change locale (en_US.UTF-8): No such file or directory
/etc/profile.d/lang.sh: line 38: warning: setlocale: LC_TIME: cannot change locale (en_US.UTF-8): No such file or directory
Building target platforms: x86_64
Building for target x86_64
Wrote: /builddir/build/SRPMS/inotify-tools-3.20.1-1.mga7.src.rpm
Child return code was: 0
ENTER ['do'](['bash', '--login', '-c', '/usr/bin/rpmbuild -bb --target x86_64 --nodeps /builddir/build/SPECS/inotify-tools.spec'], gid=135nspawn_args=[]logger=<mockbuild.trace_decorator.getLog object at 0x7fe63126c9b0>user='mockbuild'shell=Falseunshare_net=TrueprintOutput=Trueenv={'TERM': 'vt100', 'SHELL': '/bin/bash', 'PATH': '/usr/bin:/bin:/usr/sbin:/sbin', 'HOME': '/builddir', 'PS1': '<mock-chroot> \\s-\\v\\$ ', 'HOSTNAME': 'mock', 'PROMPT_COMMAND': 'printf "\\033]0;<mock-chroot>\\007"', 'LANG': 'en_US.UTF-8'}chrootPath='/mock/cauldron/x86_64/'timeout=0uid=0)
Executing command: ['/usr/bin/systemd-nspawn', '-q', '-M', '20e5ccc0c67e43e5b2c687c56538d11c', '-D', '/mock/cauldron/x86_64/', '-a', '--setenv=TERM=vt100', '--setenv=SHELL=/bin/bash', '--setenv=PATH=/usr/bin:/bin:/usr/sbin:/sbin', '--setenv=HOME=/builddir', '--setenv=PS1=<mock-chroot> \\s-\\v\\$ ', '--setenv=HOSTNAME=mock', '--setenv=PROMPT_COMMAND=printf "\\033]0;<mock-chroot>\\007"', '--setenv=LANG=en_US.UTF-8', '-u', 'mockbuild', 'bash', '--login', '-c', '/usr/bin/rpmbuild -bb --target x86_64 --nodeps /builddir/build/SPECS/inotify-tools.spec'] with env {'TERM': 'vt100', 'SHELL': '/bin/bash', 'PATH': '/usr/bin:/bin:/usr/sbin:/sbin', 'HOME': '/builddir', 'PS1': '<mock-chroot> \\s-\\v\\$ ', 'HOSTNAME': 'mock', 'PROMPT_COMMAND': 'printf "\\033]0;<mock-chroot>\\007"', 'LANG': 'en_US.UTF-8'} and shell False
/etc/profile.d/lang.sh: line 28: warning: setlocale: LC_CTYPE: cannot change locale (en_US.UTF-8): No such file or directory
/etc/profile.d/lang.sh: line 29: warning: setlocale: LC_COLLATE: cannot change locale (en_US.UTF-8): No such file or directory
/etc/profile.d/lang.sh: line 32: warning: setlocale: LC_MESSAGES: cannot change locale (en_US.UTF-8): No such file or directory
/etc/profile.d/lang.sh: line 35: warning: setlocale: LC_NUMERIC: cannot change locale (en_US.UTF-8): No such file or directory
/etc/profile.d/lang.sh: line 38: warning: setlocale: LC_TIME: cannot change locale (en_US.UTF-8): No such file or directory
Building target platforms: x86_64
Building for target x86_64
Executing(%prep): /bin/sh -e /var/tmp/rpm-tmp.pxVn1K
+ umask 022
+ cd /builddir/build/BUILD
+ '[' 1 -eq 1 ']'
+ '[' 1 -eq 1 ']'
+ '[' 1 -eq 1 ']'
+ cd /builddir/build/BUILD
+ rm -rf inotify-tools-3.20.1
+ /usr/bin/gzip -dc /builddir/build/SOURCES/inotify-tools-3.20.1.tar.gz
+ /usr/bin/tar -xof -
+ STATUS=0
+ '[' 0 -ne 0 ']'
+ cd inotify-tools-3.20.1
+ /usr/bin/chmod -Rf a+rX,u+w,g-w,o-w .
+ exit 0
Executing(%build): /bin/sh -e /var/tmp/rpm-tmp.wsuCgH
+ umask 022
+ cd /builddir/build/BUILD
+ cd inotify-tools-3.20.1
+ '[' 1 -eq 1 ']'
+ '[' 1 -eq 1 ']'
+ CFLAGS='-O2 -g -pipe -Wformat -Werror=format-security -Wp,-D_FORTIFY_SOURCE=2 -fstack-protector --param=ssp-buffer-size=4'
+ export CFLAGS
+ CXXFLAGS='-O2 -g -pipe -Wformat -Werror=format-security -Wp,-D_FORTIFY_SOURCE=2 -fstack-protector --param=ssp-buffer-size=4'
+ export CXXFLAGS
+ FFLAGS='-O2 -g -pipe -Wformat -Werror=format-security -Wp,-D_FORTIFY_SOURCE=2 -fstack-protector --param=ssp-buffer-size=4'
+ export FFLAGS
+ LDFLAGS=' -Wl,--as-needed -Wl,--no-undefined -Wl,-z,relro -Wl,-O1 -Wl,--build-id -Wl,--enable-new-dtags'
+ export LDFLAGS
+ CONFIGURE_TOP=.
+ /usr/lib/rpm/mageia/force-as-needed-for-shared-lib-in-libtool
+ /usr/lib/rpm/mageia/drop-ld-no-undefined-for-shared-lib-modules-in-libtool
+ /usr/lib/rpm/mageia/fix-libtool-ltmain-from-overlinking
+ /usr/lib/rpm/mageia/fix-libtool-from-moving-options-after-libs .
+ /usr/lib/rpm/mageia/fix-dlsearch-path-in-libtool-for-multilib . lib64
+ '[' -f ./configure.in -o -f ./configure.ac ']'
+ CONFIGURE_XPATH='--x-includes=/usr/include --x-libraries=/usr/lib64'
+ ./configure --build=x86_64-mageia-linux-gnu --prefix=/usr --exec-prefix=/usr --bindir=/usr/bin --sbindir=/usr/sbin --sysconfdir=/etc --datadir=/usr/share --includedir=/usr/include --libdir=/usr/lib64 --libexecdir=/usr/libexec --localstatedir=/var --sharedstatedir=/var/lib --mandir=/usr/share/man --infodir=/usr/share/info --x-includes=/usr/include --x-libraries=/usr/lib64
/var/tmp/rpm-tmp.wsuCgH: line 50: ./configure: No such file or directory
RPM build errors:
error: Bad exit status from /var/tmp/rpm-tmp.wsuCgH (%build)
    Bad exit status from /var/tmp/rpm-tmp.wsuCgH (%build)
Child return code was: 1
EXCEPTION: [Error()]
Traceback (most recent call last):
  File "/usr/lib/python3.5/site-packages/mockbuild/trace_decorator.py", line 96, in trace
    result = func(*args, **kw)
  File "/usr/lib/python3.5/site-packages/mockbuild/util.py", line 619, in do
    raise exception.Error("Command failed: \n # %s\n%s" % (command, output), child.returncode)
mockbuild.exception.Error: Command failed: 
 # /usr/bin/systemd-nspawn -q -M 20e5ccc0c67e43e5b2c687c56538d11c -D /mock/cauldron/x86_64/ -a --setenv=TERM=vt100 --setenv=SHELL=/bin/bash --setenv=PATH=/usr/bin:/bin:/usr/sbin:/sbin --setenv=HOME=/builddir --setenv=PS1=<mock-chroot> \s-\v\$  --setenv=HOSTNAME=mock --setenv=PROMPT_COMMAND=printf "\033]0;<mock-chroot>\007" --setenv=LANG=en_US.UTF-8 -u mockbuild bash --login -c /usr/bin/rpmbuild -bb --target x86_64 --nodeps /builddir/build/SPECS/inotify-tools.spec

