2018-01-22 20:19:25,736 - Mock Version: 1.4.8
2018-01-22 20:19:28,959 - Start: dnf update
2018-01-22 20:20:10,093 - Finish: dnf update
2018-01-22 20:20:10,107 - Finish: chroot init
2018-01-22 20:20:10,112 - Start: build phase for bazel-0.9.0-2.mga7.src.rpm
2018-01-22 20:20:10,115 - Start: build setup for bazel-0.9.0-2.mga7.src.rpm
2018-01-22 20:20:36,783 - Start: clean chroot
2018-01-22 20:20:40,332 - Finish: clean chroot
2018-01-22 20:21:06,139 - Mock Version: 1.4.8
2018-01-22 20:21:16,197 - Start: dnf update
2018-01-22 20:21:26,303 - Finish: dnf update
2018-01-22 20:21:26,325 - Finish: chroot init
2018-01-22 20:21:26,328 - Start: build phase for bazel-0.9.0-2.mga7.src.rpm
2018-01-22 20:21:26,329 - Start: build setup for bazel-0.9.0-2.mga7.src.rpm
2018-01-22 20:21:39,243 - Start: clean chroot
2018-01-22 20:21:42,856 - Finish: clean chroot
2018-01-22 20:22:10,076 - Mock Version: 1.4.8
2018-01-22 20:22:13,300 - Start: dnf update
2018-01-22 20:22:54,473 - Finish: dnf update
2018-01-22 20:22:54,487 - Finish: chroot init
2018-01-22 20:22:54,490 - Start: build phase for bazel-0.9.0-2.mga7.src.rpm
2018-01-22 20:22:54,491 - Start: build setup for bazel-0.9.0-2.mga7.src.rpm
2018-01-22 20:23:27,283 - Start: clean chroot
2018-01-22 20:23:30,980 - Finish: clean chroot
2018-01-22 20:24:06,887 - Mock Version: 1.4.8
2018-01-22 20:24:10,051 - Start: dnf update
2018-01-22 20:24:28,143 - Finish: dnf update
2018-01-22 20:24:28,165 - Finish: chroot init
2018-01-22 20:24:28,168 - Start: build phase for bazel-0.9.0-2.mga7.src.rpm
2018-01-22 20:24:28,169 - Start: build setup for bazel-0.9.0-2.mga7.src.rpm
2018-01-22 20:25:57,395 - Finish: build setup for bazel-0.9.0-2.mga7.src.rpm
2018-01-22 20:25:57,395 - Start: rpmbuild bazel-0.9.0-2.mga7.src.rpm
2018-01-22 20:25:57,397 - Start: Outputting list of installed packages
2018-01-22 20:25:57,455 - Finish: Outputting list of installed packages
2018-01-22 20:27:24,361 - Start: clean chroot
2018-01-22 20:27:32,184 - Finish: clean chroot
2018-01-22 20:29:45,090 - Mock Version: 1.4.8
2018-01-22 20:29:48,245 - Start: dnf update
2018-01-22 20:29:57,223 - Finish: dnf update
2018-01-22 20:29:57,246 - Finish: chroot init
2018-01-22 20:29:57,249 - Start: build phase for bazel-0.9.0-2.mga7.src.rpm
2018-01-22 20:29:57,251 - Start: build setup for bazel-0.9.0-2.mga7.src.rpm
2018-01-22 20:30:13,492 - Start: clean chroot
2018-01-22 20:30:17,099 - Finish: clean chroot
2018-01-22 20:31:29,666 - Mock Version: 1.4.8
2018-01-22 20:31:31,267 - Start: dnf update
2018-01-22 20:32:13,653 - Finish: dnf update
2018-01-22 20:32:13,667 - Finish: chroot init
2018-01-22 20:32:13,670 - Start: build phase for bazel-0.9.0-2.mga7.src.rpm
2018-01-22 20:32:13,671 - Start: build setup for bazel-0.9.0-2.mga7.src.rpm
2018-01-22 20:32:27,333 - Start: clean chroot
2018-01-22 20:32:30,954 - Finish: clean chroot
2018-01-22 20:32:55,360 - Mock Version: 1.4.8
2018-01-22 20:32:56,997 - Start: dnf update
2018-01-22 20:33:36,073 - Finish: dnf update
2018-01-22 20:33:36,086 - Finish: chroot init
2018-01-22 20:33:36,089 - Start: build phase for bazel-0.9.0-2.mga7.src.rpm
2018-01-22 20:33:36,091 - Start: build setup for bazel-0.9.0-2.mga7.src.rpm
2018-01-22 20:34:38,915 - Finish: build setup for bazel-0.9.0-2.mga7.src.rpm
2018-01-22 20:34:38,915 - Start: rpmbuild bazel-0.9.0-2.mga7.src.rpm
2018-01-22 20:34:38,917 - Start: Outputting list of installed packages
2018-01-22 20:34:38,982 - Finish: Outputting list of installed packages
2018-01-22 20:45:31,177 - Start: clean chroot
2018-01-22 20:46:12,934 - Finish: clean chroot
2018-01-22 20:48:38,765 - Mock Version: 1.4.8
2018-01-22 20:48:47,019 - Start: dnf update
2018-01-22 20:49:53,733 - Finish: dnf update
2018-01-22 20:49:53,747 - Finish: chroot init
2018-01-22 20:49:53,750 - Start: build phase for bazel-0.9.0-2.mga7.src.rpm
2018-01-22 20:49:53,751 - Start: build setup for bazel-0.9.0-2.mga7.src.rpm
2018-01-22 20:50:06,322 - Start: clean chroot
2018-01-22 20:50:10,222 - Finish: clean chroot
2018-01-22 20:51:54,195 - Mock Version: 1.4.8
2018-01-22 20:51:55,736 - Start: dnf update
2018-01-22 20:52:01,543 - Finish: dnf update
2018-01-22 20:52:01,567 - Finish: chroot init
2018-01-22 20:52:01,570 - Start: build phase for bazel-0.9.0-2.mga7.src.rpm
2018-01-22 20:52:01,572 - Start: build setup for bazel-0.9.0-2.mga7.src.rpm
2018-01-22 20:53:19,095 - Finish: build setup for bazel-0.9.0-2.mga7.src.rpm
2018-01-22 20:53:19,095 - Start: rpmbuild bazel-0.9.0-2.mga7.src.rpm
2018-01-22 20:53:19,098 - Start: Outputting list of installed packages
2018-01-22 20:53:19,164 - Finish: Outputting list of installed packages
2018-01-22 20:56:28,741 - Start: clean chroot
2018-01-22 20:56:37,079 - Finish: clean chroot
2018-01-22 20:59:24,028 - Mock Version: 1.4.8
2018-01-22 20:59:27,041 - Start: dnf update
2018-01-22 21:00:03,313 - Finish: dnf update
2018-01-22 21:00:03,333 - Finish: chroot init
2018-01-22 21:00:03,336 - Start: build phase for bazel-0.9.0-2.mga7.src.rpm
2018-01-22 21:00:03,338 - Start: build setup for bazel-0.9.0-2.mga7.src.rpm
2018-01-22 21:00:10,433 - Start: clean chroot
2018-01-22 21:00:17,016 - Finish: clean chroot
2018-01-22 21:04:00,925 - Mock Version: 1.4.8
2018-01-22 21:04:03,818 - Start: dnf update
2018-01-22 21:04:17,854 - Finish: dnf update
2018-01-22 21:04:17,876 - Finish: chroot init
2018-01-22 21:04:17,879 - Start: build phase for bazel-0.9.0-2.mga7.src.rpm
2018-01-22 21:04:17,881 - Start: build setup for bazel-0.9.0-2.mga7.src.rpm
2018-01-22 21:05:35,073 - Start: clean chroot
2018-01-22 21:05:39,761 - Finish: clean chroot
2018-01-22 21:06:02,417 - Mock Version: 1.4.8
2018-01-22 21:06:06,854 - Start: dnf update
2018-01-22 21:06:44,954 - Finish: dnf update
2018-01-22 21:06:44,968 - Finish: chroot init
2018-01-22 21:06:44,972 - Start: build phase for bazel-0.9.0-2.mga7.src.rpm
2018-01-22 21:06:44,973 - Start: build setup for bazel-0.9.0-2.mga7.src.rpm
2018-01-22 21:07:36,413 - Start: clean chroot
2018-01-22 21:07:41,089 - Finish: clean chroot
2018-01-22 21:12:30,557 - Mock Version: 1.4.8
2018-01-22 21:12:33,830 - Start: dnf update
2018-01-22 21:13:13,203 - Finish: dnf update
2018-01-22 21:13:13,217 - Finish: chroot init
2018-01-22 21:13:13,220 - Start: build phase for bazel-0.9.0-2.mga7.src.rpm
2018-01-22 21:13:13,222 - Start: build setup for bazel-0.9.0-2.mga7.src.rpm
2018-01-22 21:14:04,733 - Start: clean chroot
2018-01-22 21:14:12,589 - Finish: clean chroot
