2018-01-21 22:13:53,977 - Mock Version: 1.4.8
2018-01-21 22:13:57,151 - Start: dnf update
2018-01-21 22:14:08,382 - Finish: dnf update
2018-01-21 22:14:08,404 - Finish: chroot init
2018-01-21 22:14:08,407 - Start: build phase for pure-ftpd-1.0.47-1.mga7.src.rpm
2018-01-21 22:14:08,409 - Start: build setup for pure-ftpd-1.0.47-1.mga7.src.rpm
2018-01-21 22:14:16,462 - Start: clean chroot
2018-01-21 22:14:20,018 - Finish: clean chroot
2018-01-21 22:23:47,705 - Mock Version: 1.4.8
2018-01-21 22:23:50,394 - Start: dnf update
2018-01-21 22:23:59,273 - Finish: dnf update
2018-01-21 22:23:59,297 - Finish: chroot init
2018-01-21 22:23:59,302 - Start: build phase for pure-ftpd-1.0.47-1.mga7.src.rpm
2018-01-21 22:23:59,305 - Start: build setup for pure-ftpd-1.0.47-1.mga7.src.rpm
2018-01-21 22:24:46,652 - Start: clean chroot
2018-01-21 22:24:50,739 - Finish: clean chroot
2018-01-21 22:26:59,882 - Mock Version: 1.4.8
2018-01-21 22:27:02,850 - Start: dnf update
2018-01-21 22:27:43,392 - Finish: dnf update
2018-01-21 22:27:43,406 - Finish: chroot init
2018-01-21 22:27:43,409 - Start: build phase for pure-ftpd-1.0.47-1.mga7.src.rpm
2018-01-21 22:27:43,411 - Start: build setup for pure-ftpd-1.0.47-1.mga7.src.rpm
2018-01-21 22:27:51,132 - Start: clean chroot
2018-01-21 22:27:54,800 - Finish: clean chroot
2018-01-21 22:28:20,581 - Mock Version: 1.4.8
2018-01-21 22:28:24,460 - Start: dnf update
2018-01-21 22:28:31,213 - Finish: dnf update
2018-01-21 22:28:31,237 - Finish: chroot init
2018-01-21 22:28:31,241 - Start: build phase for pure-ftpd-1.0.47-1.mga7.src.rpm
2018-01-21 22:28:31,243 - Start: build setup for pure-ftpd-1.0.47-1.mga7.src.rpm
2018-01-21 22:28:40,883 - Start: clean chroot
2018-01-21 22:28:44,519 - Finish: clean chroot
2018-01-21 22:30:20,120 - Mock Version: 1.4.8
2018-01-21 22:30:23,348 - Start: dnf update
2018-01-21 22:30:29,093 - Finish: dnf update
2018-01-21 22:30:29,116 - Finish: chroot init
2018-01-21 22:30:29,119 - Start: build phase for pure-ftpd-1.0.47-1.mga7.src.rpm
2018-01-21 22:30:29,121 - Start: build setup for pure-ftpd-1.0.47-1.mga7.src.rpm
2018-01-21 22:30:34,902 - Start: clean chroot
2018-01-21 22:30:38,483 - Finish: clean chroot
2018-01-21 22:31:24,091 - Mock Version: 1.4.8
2018-01-21 22:31:27,050 - Start: dnf update
2018-01-21 22:31:33,852 - Finish: dnf update
2018-01-21 22:31:33,875 - Finish: chroot init
2018-01-21 22:31:33,878 - Start: build phase for pure-ftpd-1.0.47-1.mga7.src.rpm
2018-01-21 22:31:33,880 - Start: build setup for pure-ftpd-1.0.47-1.mga7.src.rpm
2018-01-21 22:31:44,142 - Start: clean chroot
2018-01-21 22:31:47,991 - Finish: clean chroot
2018-01-21 22:34:53,819 - Mock Version: 1.4.8
2018-01-21 22:34:56,838 - Start: dnf update
2018-01-21 22:35:15,182 - Finish: dnf update
2018-01-21 22:35:15,204 - Finish: chroot init
2018-01-21 22:35:15,207 - Start: build phase for pure-ftpd-1.0.47-1.mga7.src.rpm
2018-01-21 22:35:15,209 - Start: build setup for pure-ftpd-1.0.47-1.mga7.src.rpm
2018-01-21 22:35:55,502 - Start: clean chroot
2018-01-21 22:35:59,536 - Finish: clean chroot
2018-01-21 22:37:17,454 - Mock Version: 1.4.8
2018-01-21 22:37:19,089 - Start: dnf update
2018-01-21 22:37:26,563 - Finish: dnf update
2018-01-21 22:37:26,585 - Finish: chroot init
2018-01-21 22:37:26,588 - Start: build phase for pure-ftpd-1.0.47-1.mga7.src.rpm
2018-01-21 22:37:26,589 - Start: build setup for pure-ftpd-1.0.47-1.mga7.src.rpm
2018-01-21 22:37:36,262 - Start: clean chroot
2018-01-21 22:37:39,858 - Finish: clean chroot
2018-01-21 22:38:26,857 - Mock Version: 1.4.8
2018-01-21 22:38:29,651 - Start: dnf update
2018-01-21 22:39:10,923 - Finish: dnf update
2018-01-21 22:39:10,936 - Finish: chroot init
2018-01-21 22:39:10,939 - Start: build phase for pure-ftpd-1.0.47-1.mga7.src.rpm
2018-01-21 22:39:10,941 - Start: build setup for pure-ftpd-1.0.47-1.mga7.src.rpm
2018-01-21 22:39:19,522 - Start: clean chroot
2018-01-21 22:39:23,219 - Finish: clean chroot
2018-01-21 22:42:57,496 - Mock Version: 1.4.8
2018-01-21 22:43:00,859 - Start: dnf update
2018-01-21 22:43:08,032 - Finish: dnf update
2018-01-21 22:43:08,054 - Finish: chroot init
2018-01-21 22:43:08,057 - Start: build phase for pure-ftpd-1.0.47-1.mga7.src.rpm
2018-01-21 22:43:08,059 - Start: build setup for pure-ftpd-1.0.47-1.mga7.src.rpm
2018-01-21 22:43:37,472 - Start: clean chroot
2018-01-21 22:43:41,128 - Finish: clean chroot
2018-01-21 22:44:05,234 - Mock Version: 1.4.8
2018-01-21 22:44:15,290 - Start: dnf update
2018-01-21 22:44:21,633 - Finish: dnf update
2018-01-21 22:44:21,656 - Finish: chroot init
2018-01-21 22:44:21,659 - Start: build phase for pure-ftpd-1.0.47-1.mga7.src.rpm
2018-01-21 22:44:21,661 - Start: build setup for pure-ftpd-1.0.47-1.mga7.src.rpm
2018-01-21 22:44:31,942 - Start: clean chroot
2018-01-21 22:44:35,877 - Finish: clean chroot
2018-01-21 23:13:58,100 - Mock Version: 1.4.8
2018-01-21 23:13:59,815 - Start: dnf update
2018-01-21 23:14:24,713 - Finish: dnf update
2018-01-21 23:14:24,736 - Finish: chroot init
2018-01-21 23:14:24,740 - Start: build phase for pure-ftpd-1.0.47-1.mga7.src.rpm
2018-01-21 23:14:24,741 - Start: build setup for pure-ftpd-1.0.47-1.mga7.src.rpm
2018-01-21 23:14:39,052 - Start: clean chroot
2018-01-21 23:14:42,697 - Finish: clean chroot
2018-01-21 23:41:45,661 - Mock Version: 1.4.8
2018-01-21 23:41:48,451 - Start: dnf update
2018-01-21 23:42:22,042 - Finish: dnf update
2018-01-21 23:42:22,056 - Finish: chroot init
2018-01-21 23:42:22,059 - Start: build phase for pure-ftpd-1.0.47-1.mga7.src.rpm
2018-01-21 23:42:22,061 - Start: build setup for pure-ftpd-1.0.47-1.mga7.src.rpm
2018-01-21 23:42:57,602 - Start: clean chroot
2018-01-21 23:43:01,690 - Finish: clean chroot
2018-01-21 23:45:08,983 - Mock Version: 1.4.8
2018-01-21 23:45:10,549 - Start: dnf update
2018-01-21 23:45:33,792 - Finish: dnf update
2018-01-21 23:45:33,814 - Finish: chroot init
2018-01-21 23:45:33,817 - Start: build phase for pure-ftpd-1.0.47-1.mga7.src.rpm
2018-01-21 23:45:33,819 - Start: build setup for pure-ftpd-1.0.47-1.mga7.src.rpm
2018-01-21 23:45:47,242 - Start: clean chroot
2018-01-21 23:45:50,830 - Finish: clean chroot
2018-01-21 23:46:27,848 - Mock Version: 1.4.8
2018-01-21 23:46:31,969 - Start: dnf update
2018-01-21 23:46:45,412 - Finish: dnf update
2018-01-21 23:46:45,434 - Finish: chroot init
2018-01-21 23:46:45,437 - Start: build phase for pure-ftpd-1.0.47-1.mga7.src.rpm
2018-01-21 23:46:45,439 - Start: build setup for pure-ftpd-1.0.47-1.mga7.src.rpm
2018-01-21 23:47:17,872 - Start: clean chroot
2018-01-21 23:47:21,858 - Finish: clean chroot
2018-01-23 00:30:47,820 - Mock Version: 1.4.8
2018-01-23 00:30:49,699 - Start: dnf update
2018-01-23 00:31:30,932 - Finish: dnf update
2018-01-23 00:31:30,946 - Finish: chroot init
2018-01-23 00:31:30,949 - Start: build phase for pure-ftpd-1.0.47-1.mga7.src.rpm
2018-01-23 00:31:30,950 - Start: build setup for pure-ftpd-1.0.47-1.mga7.src.rpm
2018-01-23 00:32:05,732 - Start: clean chroot
2018-01-23 00:32:10,682 - Finish: clean chroot
