pam-1.3.0-6.mga7.i586 1504615167 929809 4b6aeb065993b3ac43fffd81083017ac installed
dnf-conf-2.7.5-1.mga7.noarch 1508941590 37002 02e98483137daa005b95d776d0677fac installed
systemd-236-4.mga7.i586 1515525594 18755413 52e2a108a2e0fa79947644e0679172f8 installed
python2-rpm-macros-3-5.mga7.noarch 1502797638 1495 af515d58ca8cf4d5cee44c10a2bfccc3 installed
initscripts-9.78-5.mga7.i586 1515038431 6705414 38b871f16a063fbd7dd6f219738a8f82 installed
kernel-userspace-headers-4.14.14-2.mga7.i586 1516358682 4364248 7776f7be92748c1d2453e1e9a139828f installed
rpmlint-mageia-policy-0.2.29-3.mga7.noarch 1501191269 11898 2b103f51afa363e7b0f6b85c568d5e77 installed
rust-srpm-macros-5-2.mga7.noarch 1515883584 1136 4140d23da5fdcc3543daccae129064b0 installed
libgpgme11-1.9.0-1.mga7.i586 1509525299 375028 eeb4e5ae1e9507c10a93e385ff74adc0 installed
rootfiles-11.0-14.mga6.noarch 1455897202 14813 d308f7699a1f3454de2d1b5371095355 installed
python3-hawkey-0.11.1-1.mga7.i586 1508939467 162629 a442bdb7e0990f3fface51cb87819591 installed
filesystem-2.1.9-28.mga6.i586 1455178433 0 e5892ca683055de68a3f9d2d0f1284d6 installed
python3-dnf-plugins-core-2.1.5-1.mga7.noarch 1508942412 179837 dadae30c5212c9375ccdbad0081d1f15 installed
lsb-release-2.0-53.mga7.noarch 1500236526 19261 2b597d45c9b96a401fcd6db89930b98c installed
rpm-mageia-setup-build-2.25-2.mga7.i586 1505097446 141718 581abee7c65a1c05dc1651b51cf998f6 installed
libstdc++6-7.3.0-0.rc.20180117.1.mga7.i586 1516233765 1565788 069d361df230f37e33dfdbddeb912090 installed
rootcerts-1:20180104.00-1.mga7.noarch 1516471053 2953667 47c235adbe4621637cb3f0eb9d8465ac installed
bash-4.4-12.1.mga7.i586 1508531104 5061557 de21d8dde7ee916232ffaf47e2de20b1 installed
rpm-1:4.14.1-3.mga7.i586 1516488109 1997458 e6dbdf72beec6bd46ef8ca8b8e2c2944 installed
libgmp10-6.1.2-2.mga7.i586 1516266690 516911 88526b1d9fb0e83649208205e51cf50a installed
rpm-plugin-syslog-1:4.14.1-3.mga7.i586 1516488109 6436 18649840de80e812171be402d8ed197c installed
libgpg-error0-1.27-1.mga7.i586 1509489082 94884 30c99835c6c8b917bc80597cec2b0ce8 installed
perl-Try-Tiny-0.300.0-1.mga7.noarch 1514072292 140132 350a9c02f3b3b089034a8746cb99b663 installed
libblkid1-2.30.1-2.mga7.i586 1505645864 317652 df6a82baaf6ade7e5e14454fb085b0b8 installed
perltidy-20180101.0.0-1.mga7.noarch 1514761456 1588917 9e0ae7d94cb8dc08a18fc1bbb45c363d installed
libunistring2-0.9.8-1.mga7.i586 1515251430 1627299 24aebdc5a7915e58f7fe35c122512c40 installed
perl-IPC-System-Simple-1.250.0-5.mga6.noarch 1466303048 73279 217198f0ff1ace95289ebf0822aed319 installed
libmpfr4-0:3.1.5-2.mga7.i586 1516266846 437316 191c603454be463ea373a91956074a2e installed
perl-UNIVERSAL-require-0.180.0-3.mga6.noarch 1466332738 12796 48a7df8fd1cba0bc85218a7aea553278 installed
libmount1-2.30.1-2.mga7.i586 1505645864 367036 54ae213188119bbca4f76dc33a486135 installed
perl-XML-SAX-0.990.0-9.mga6.noarch 1466337995 217401 c96d96516753d1a6c32532aca9329a43 installed
sed-4.4-1.mga7.i586 1508034721 977283 ebcf988a2330a283328dc86a94f311d9 installed
perl-Data-Dump-1.230.0-3.mga6.noarch 1466285216 53252 6eeabc32e72e38b6cd1e3083c919ea67 installed
libattr1-2.4.48-1.mga7.i586 1516178320 19168 c8f98698b4a5578660109a0d73be13ad installed
perl-Parse-RecDescent-1.967.15-1.mga7.noarch 1500760392 432569 603dd4a3bde229b8e5145f456913f22e installed
mageia-release-Default-7-0.4.mga7.i586 1515337577 811 882674c22c2e421edd079b395feea79d installed
perl-Class-Tiny-1.6.0-1.mga7.noarch 1500476955 58231 8885973989f1ea719b779cf8a6bb9a83 installed
libudev1-236-4.mga7.i586 1515525594 131568 6ef13dceecfdcf67888c5a0e9d3026cf installed
perl-Net-HTTP-6.170.0-2.mga7.noarch 1506988231 123327 385a30c5d5bf246dabf6517fe7869ccc installed
libnettle6-1:3.3-1.mga6.i586 1475497953 917396 512ce1dbef012f91ea7f336a56a65a0d installed
perl-Pod-POM-2.10.0-4.mga6.noarch 1466317706 209212 9ef6d1fdc9d2f57ed564a985f0b3d89a installed
crypto-policies-20170606-2.mga7.noarch 1503748540 41853 fcd289d6ca12713916c7ea20e7e79e18 installed
perl-HTTP-Message-6.140.0-1.mga7.noarch 1514072205 251934 a87d5af72ff658e6c07710c4e0884d0c installed
libarchive13-3.3.2-3.mga7.i586 1504817734 872656 3e4f4fcbfbdabd375740eddd5ac42f3f installed
perl-HTML-Tagset-3.200.0-9.mga6.noarch 1466300982 19462 e093c791b519240881e580385026bb24 installed
which-2.21-3.mga6.i586 1455308604 49594 d410b52685960daa13a17a78c73cb724 installed
perl-Test-Deep-1.127.0-1.mga7.noarch 1500761433 118419 813c09bcc5f1ae3f9378086c90b01fd1 installed
libp11-kit0-0.23.2-2.mga6.i586 1463186423 411910 1f6971841bf9057fbcbc723de8ce4570 installed
perl-Time-Duration-Parse-0.130.0-2.mga6.noarch 1466331025 29596 bd71cd17e4bc882dd09dc140a20fcbd6 installed
libcrack2-2.9.6-5.mga6.i586 1481570468 35624 98540f92a740c94df74b9b62044042d6 installed
perl-Pod-Tidy-0.100.0-3.mga6.noarch 1466317880 60920 a1d27f0520562936db8087b536a971d3 installed
libpam0-1.3.0-6.mga7.i586 1504615167 666276 b74964befdc58662730048eadbf5754b installed
python3-pycparser-2.14-4.mga7.noarch 1515790162 630878 c0048c5908cb61d8982f00ad19b79411 installed
liblz4_1-1.8.0-2.mga7.i586 1513017076 85336 2cbb2808f15ca50b737aca90a9a087e2 installed
perl-Test-Differences-0.640.0-2.mga6.noarch 1466326112 30876 8a7e4b983c525420afb6eda93c0b1fe4 installed
perl-JSON-2.970.10-1.mga7.noarch 1514072229 253670 9a9db94d0e3cce4ff9701cf3e5b8adff installed
perl-Log-Any-1.704.0-1.mga7.noarch 1514072367 167604 19a929bffce69b2e97312e49d3af333a installed
perl-List-MoreUtils-XS-0.426-1.mga7.i586 1507015900 163017 c5ac751db39b8de283e24f1761d29d2d installed
perl-File-Zglob-0.110.0-9.mga7.noarch 1506979192 14109 7f9471ec2447ac79eb34136ecd772a7e installed
perl-YAML-1.240.0-1.mga7.noarch 1509467431 190910 1ef825c76351089de0a3e3d89ff49fa3 installed
perl-Dist-CheckConflicts-0.110.0-5.mga6.noarch 1466289334 66047 8828a77b38dd1e0e2db52c5d36d08ba3 installed
shadow-utils-2:4.4-2.mga7.i586 1513866830 3595366 561ef5be528d57fcafc32bfca7e63494 installed
perl-Module-Runtime-Conflicts-0.3.0-1.mga7.noarch 1500758332 117593 b9632c383b0786b7d2106bb032af15b9 installed
cracklib-dicts-2.9.6-5.mga6.i586 1481570468 9988544 ec52f8fd06764232fe7498cea31d43ed installed
perl-Exception-Class-1.440.0-1.mga7.noarch 1512977593 153758 207ee2c0db70289cf95e86eb645c80d9 installed
libsecret-tools-0.18.5-2.mga6.i586 1497173869 16708 30f988a9f5f6b08a4f3149c7ade1370f installed
python3-pycodestyle-2.3.1-2.mga7.noarch 1501966804 257842 517b1d5effb4cfe4fbb1e8420700e08b installed
perl-Type-Tiny-1.2.1-1.mga7.noarch 1500802543 703855 edcd054993894ebd958297a31df7e817 installed
cpio-2.12-3.mga6.i586 1458058607 919408 e778c4e457b7e67093a5581f02a5be51 installed
perl-Pegex-0.640.0-2.mga7.noarch 1506990077 257517 e90dcca9e0531d402fcc93aac58df82d installed
m4-1.4.18-1.mga6.i586 1483272396 296303 55caa19153bd480cd6683ba0050d78dc installed
python3-flake8-3.5.0-1.mga7.noarch 1512207528 383331 d2123b0f9dba013de1d611454f480d1e installed
libdevmapper-event1.02-1.02.137-3.mga7.i586 1514666400 27272 2b2efb90cecf1f163af4eda5d81e7630 installed
libapr1_0-1:1.6.3-1.mga7.i586 1508857836 282662 5900a20aa0e52458ea6bd45cdfb0d6ee installed
time-1.7-45.mga6.i586 1455305813 21474 bf1eff5aa77bca12bfd1421c4749a2e4 installed
perl-Sub-Name-0.210.0-3.mga7.i586 1506992924 137775 591470818839897ee7a3250825d0f457 installed
libbabeltrace1-1.5.3-3.mga7.i586 1512031869 614411 178e08eeaebfe722f6c9ef3feb38f31f installed
libapr-util1_0-1.6.1-2.mga7.i586 1514034565 240851 9254e88be0f1fd1389b37caa862cc850 installed
libcomps0-0.1.8-3.mga7.i586 1501826455 220000 62ffe292519ce98231ca11c7ef1cd366 installed
perl-YAML-LibYAML-0.690.0-1.mga7.i586 1514393907 202630 45945d0af73e025689dcde2849f55c16 installed
dwz-0.12-2.mga6.i586 1455174734 223565 8faaac80145feed2fc255585e8e8f983 installed
perl-Games-Solitaire-Verify-0.170.100-2.mga6.noarch 1466297416 283575 cdede5054f7c3099d40b98b874b7db9e installed
ncurses-6.0-20171223.2.mga7.i586 1515311876 481778 c644e93acfa38995b818c2e82246a656 installed
perl-Class-Load-XS-0.100.0-4.mga7.i586 1506969662 122144 9dd6b2f2d2244d8cb097ca1d40c54474 installed
libsqlite3_0-3.21.0-2.mga7.i586 1514553940 1102884 3dc6a8c38b33a970634195280aca122e installed
subversion-2:1.9.7-5.mga7.i586 1514814878 3804914 f94abbaef4e49b5c7da22467ba3c5317 installed
libxml++2.6_2-2.40.1-2.mga6.i586 1448795848 201828 46552cc49bd2bd407b7547258513e94a installed
perl-HTML-Parser-3.720.0-5.mga7.i586 1506981638 227767 664796eab230035fffa30dfc5dc1a771 installed
libenchant1-1.6.0-14.mga7.i586 1501944162 82312 6920e574a3a9fa772fd8b1e174a71f17 installed
perl-XML-Simple-2.240.0-1.mga7.noarch 1500762872 180935 e008c00a1805ddddc979c0ecfc70c464 installed
makedev-4.4-21.mga6.noarch 1455897082 285810 3166dff6169a210b4c2ec1685fc6daba installed
perl-B-Hooks-EndOfScope-0.210.0-1.mga7.noarch 1500753512 133372 54f9a033eba38647d81d0308eb003dbb installed
python3-3.6.2-4.mga7.i586 1514913926 12152 15dfc4bde28e326420b7db4dee8c22fd installed
perl-Test-Run-0.30.400-2.mga6.noarch 1466327998 250370 54fa011f35d54f7662d44386c0cb0531 installed
isl-0.16.1-1.mga6.i586 1453661340 16620 e7e29bce8750c6a3d65c19f292ef3515 installed
perl-Test-Run-Plugin-TrimDisplayedFilenames-0.12.500-3.mga6.noarch 1466327970 20368 af60d369674eefe3d0f474fa527514bd installed
libisl15-0.16.1-1.mga6.i586 1453661340 1989012 1b7ef106aa39797521487b6a485ef22f installed
perl-Test-Run-Plugin-ColorSummary-0.20.200-2.mga6.noarch 1466328025 20100 c5cebf4347c6accfed42878bdade688e installed
gcc-cpp-7.3.0-0.rc.20180117.1.mga7.i586 1516233765 24130780 ee132b197da8077112094e2aa5b01f93 installed
perl-Mason-Tidy-2.570.0-4.mga6.noarch 1466306079 68518 9e59ae15627640180347805e3d39cfe2 installed
libpython2.7-stdlib-2.7.14-1.mga7.i586 1512514480 20693244 904427c71a07e93a2c2fd1658dd9da32 installed
perl-Cpanel-JSON-XS-3.23.900-2.mga7.i586 1506971217 369553 a174455b491345b9c349b36c509f60ae installed
libpcreposix1-8.41-3.mga7.i586 1513263556 10516 4567957826ecf7536fa7ff8de52e7dd8 installed
libuv1-1.18.0-1.mga7.i586 1512749904 207538 5518459e86797e355eabe3f9425a1a04 installed
e2fsprogs-1.43.6-1.mga7.i586 1504972879 4612095 3496ed814eb1f16603d34ae7fbbde4d4 installed
perl-Task-FreecellSolver-Testing-0.0.11-1.mga7.noarch 1501707690 46695 9b22aecbf270dd527924602c5c092cc6 installed
libsmartcols1-2.30.1-2.mga7.i586 1505645864 196072 47535db735ae2fdee45d74833420cc75 installed
the_silver_searcher-2.1.0-1.20170825.mga7.i586 1511360006 104263 54534256519a7626eb2b3c0971f0c694 installed
pcre-8.41-3.mga7.i586 1513263556 229239 24504169923b8a99c2b0f10ad21fad99 installed
nss-myhostname-236-4.mga7.i586 1515525594 815164 927d9af8902f20ae55c71e96aacb3f19 installed
iputils-20161105-2.mga6.i586 1480335207 317630 c8f18ad55ddea7b099155f2f95bbd389 installed
libltdl7-2.4.6-6.mga7.i586 1505147631 45129 813e7ae436d13d9b60eab37d1bf06046 installed
spec-helper-0.31.11-1.mga6.noarch 1452376089 32435 2b14d3f147f0951754a0275a05968565 installed
libmicrohttpd12-0.9.58-1.mga7.i586 1512749384 255680 2b172ba9ca6151dc6489371e5bb408c3 installed
libverto1-0.2.6-7.mga7.i586 1505461681 22328 203853c2e058c8119c7798e85ad22a7b installed
libcurl4-1:7.57.0-2.mga7.i586 1512741058 620876 f750e25370781fc8b03ebadabd13cc85 installed
procps-ng-3.3.12-1.mga6.i586 1471034510 1155640 41c2b5df911c74517e7654b8d9b82954 installed
gpg-pubkey-80420f66-4d4fe123 1297080611 0 (none) installed
rpm-helper-0.24.17-4.mga6.noarch 1455897261 42353 55e8ce673ce10a1585e768e0f94b2960 installed
libsecret-i18n-0.18.5-2.mga6.noarch 1497173869 76954 0a18a627e5ca592a5604ba9d56a7b574 installed
nss_tcb-1.1-7.mga6.i586 1455304930 10480 a348cd4ea4661255c1904b9ff1241ad3 installed
rpm-mageia-setup-2.25-2.mga7.i586 1505097446 7519 51b7144a6af1be1b95f99049aeffc4b6 installed
resolvconf-1.79-1.mga6.noarch 1464209425 69744 25253ceda5f48e51af4761bf85342de7 installed
python3-rpm-macros-3-5.mga7.noarch 1502797638 1509 415cf583725fc4b0ef89a19f2bed276a installed
systemd-units-236-4.mga7.i586 1515525594 502469 ec35f6c8a231dd264d83a40dcb140261 installed
hawkey-man-0.11.1-1.mga7.noarch 1508939546 14996 935e6ceab6c7723566594cbd497c0695 installed
dmsetup-1.02.137-3.mga7.i586 1514666400 268938 6443db4cc6459f65089d514dc69d24c3 installed
mageia-repos-pkgprefs-7-0.0.1.mga6.noarch 1500235408 0 f37eb5898948e055f1f0e9e80f82b4ab installed
rpmlint-1.10-2.mga7.noarch 1510496455 1092356 212919633866d89156853b2105edb8ee installed
libgpg-error-common-1.27-1.mga7.noarch 1509489084 422805 66ded465ccfdb4d97dd341fe193b062f installed
python3-rpm-generators-4.13.0.1-2.6.mga7.noarch 1502063982 65745 3d0b5758fa8ce5d048e64eb02db290cc installed
guile-runtime-2.0.14-2.mga7.i586 1514908336 9385238 b92bf702f57ca3ed017567ffb910d245 installed
passwd-0.79-6.mga6.i586 1455253836 395055 d1a58aba3598075c39f317ced18e6a66 installed
dash-static-0.5.9-2.mga7.i586 1504379665 132423 5844db5c52b5b30dfd1c19b0e1715a13 installed
libnpth0-1.5-1.mga6.i586 1497360143 41633 349d72b9ff44c3f039ef66ad8df476a4 installed
python-srpm-macros-3-5.mga7.noarch 1502797638 621 87343683ca6ab6e94e7b1232d8f88160 installed
gnupg2-2.1.22-2.mga7.i586 1514903371 11360000 cacc318ea62f95132955c4587aad5538 installed
sash-3.8-6.mga6.i586 1455302291 820840 480cff56de2986329548384a0e49b0f6 installed
librepo0-1.7.20-3.mga7.i586 1501875762 175020 eacd0cd4668f255a49cc296c0c3c6b76 installed
common-licenses-1.1-8.mga6.noarch 1455896735 167218 c6035793ecaec8366a181fa988e54405 installed
libdnf1-0.11.1-1.mga7.i586 1508939467 332949 9f106b7a62131ba3bd549a044387be25 installed
setup-2.7.24-1.mga6.noarch 1472710689 702922 db4e26b38ea982361479a37bf17416f8 installed
python3-gpg-1.9.0-1.mga7.i586 1509525299 1239658 4825870823980d6fe1046e6fefe15d10 installed
grep-3.1-1.mga7.i586 1504106555 670185 fa2a4cd06f2846384e6e407504e64554 installed
dnf-2.7.5-1.mga7.noarch 1508941590 1388586 2de15a0b277cc5f5c063af1bbd98f705 installed
libpcre1-8.41-3.mga7.i586 1513263556 483612 630d45daeba663329bb550cac871feef installed
dnf-plugins-core-2.1.5-1.mga7.noarch 1508942412 238914 a5657b137c5a4e78a4a2693b5567c8c0 installed
crontabs-1.10-22.mga6.noarch 1455896779 677 cc30a7963a2bdc8c2a7e26bb3b2a6ff0 installed
gdb-headless-8.0.50.20171213-1.mga7.i586 1514620245 7892588 06a297c490ca110ace2d345c28d27ad4 installed
perl-base-2:5.26.1-2.mga7.i586 1516302974 6302099 47d917d3fbc6468837e104389b1f62e1 installed
libgcc1-7.3.0-0.rc.20180117.1.mga7.i586 1516233765 240604 248e457c5e8653c4001980638b87a8d9 installed
glibc-devel-6:2.22-27.mga7.i586 1516478428 4979370 5725b9ca0c9b4d16efb04477ba358c19 installed
libncurses6-6.0-20171223.2.mga7.i586 1515311876 646704 c9cf08f9f3f164e993e613e44f11204f installed
publicsuffix-list-dafsa-20180111-1.mga7.noarch 1516472428 54580 78f2e86097c76d8a8176784d39abaf80 installed
libbz2_1-1.0.6-11.mga7.i586 1515081865 73485 03c410ffa0e17229c8cf294882a44e28 installed
librpmbuild8-1:4.14.1-3.mga7.i586 1516488109 190748 576e1c42509bfe3b1cc4e651e7c1a629 installed
chkconfig-1.10-1.mga7.i586 1508027478 761517 d374d5a024818dccf094277482608026 installed
librpmsign8-1:4.14.1-3.mga7.i586 1516488109 18972 ba4d1a26f71f0f3254c6898b4245f48a installed
libelfutils1-0.170-1.mga7.i586 1505978332 859891 6b6075f62acc573184930d1bb420d338 installed
rpm-build-1:4.14.1-3.mga7.i586 1516488109 265354 ceba62b81d63cb0c5250ac5bdedaab3f installed
libcap2-2.25-1.mga6.i586 1460387704 54096 85fb6860fe69a54abc917355a2b64af9 installed
rpm-plugin-systemd-inhibit-1:4.14.1-3.mga7.i586 1516488109 7296 b6c49a3d192b08eb6cc6e318849b5112 installed
libncursesw6-6.0-20171223.2.mga7.i586 1515311876 470504 863215eecd80b43dee31089c8b99bebf installed
perl-MRO-Compat-0.130.0-1.mga7.noarch 1500757369 25159 4e30191585cf3951e5ab0b6de8d7f4ec installed
libuuid1-2.30.1-2.mga7.i586 1505645864 19296 e90ac963a2b4ea4bfe8c36c2b8f3e00e installed
perl-HTTP-Date-6.20.0-7.mga6.noarch 1466301331 20799 6d117b6b698fba9a8436851d153fa314 installed
libexpat1-2.2.5-1.mga7.i586 1509563980 201668 34e97c4a697de1e862898792872a3b3f installed
perl-URI-1.730.0-1.mga7.noarch 1515676825 268685 bb404adabd078167dc7b8c5f33dc7967 installed
libglib2.0_0-2.54.3-1.mga7.i586 1515447344 1670114 88b47daba85180d4314b703bc9b0f03c installed
perl-LWP-MediaTypes-6.20.0-7.mga6.noarch 1466305495 63469 3705f9515a8cbbf7c12fe176f60ac944 installed
libreadline7-7.0-1.mga7.i586 1508422529 342048 0c9aca628b1a2dc1ec4c2dea04168b14 installed
perl-Text-Glob-0.110.0-1.mga7.noarch 1500762028 11211 1dce6d7cbcc29e9af28ad3efff214557 installed
libidn2_0-2.0.4-1.mga7.i586 1507729805 143495 943090d04b173f17893ff1e073c40872 installed
perl-Sub-Install-0.928.0-5.mga6.noarch 1466323252 71762 1a2afe30a477287ff1df630dd3b0c19c installed
libintl8-0.19.8.1-1.mga6.i586 1465844912 190525 42fc3bcfc550dc9cdfb853574a4d02f1 installed
perl-Capture-Tiny-0.460.0-1.mga7.noarch 1500753779 76953 0137d2599f4fa9218858321949345da3 installed
liblua5.3-5.3.4-3.mga7.i586 1512249076 263404 d68dad5e7d6fe8a320d6d4da1bc2bf7a installed
perl-Encode-Locale-1.50.0-3.mga6.noarch 1466294195 22191 c556869ce7f736a14b11b111974b7083 installed
libassuan0-2.4.3-1.mga6.i586 1470925949 81988 9ba5b2945996af463608ad84b9b28728 installed
perl-XML-SAX-Base-1.90.0-1.mga7.noarch 1500762760 179634 9601c1393a8e85894ffbfc4704a599f6 installed
info-install-6.1-1.mga6.i586 1462821612 45822 0ac51018f557da3cf328678e72aede72 installed
perl-Eval-Closure-0.140.0-1.mga7.noarch 1500754749 77720 4fad1cf0145283ef3878891a1154bba7 installed
findutils-4.6.0-1.mga6.i586 1451426884 1691701 ca7881e5b5618b5248967dc65d6dcb01 installed
perl-Devel-GlobalDestruction-0.140.0-1.mga7.noarch 1500754537 12917 643e5ca686fa7677dc8c19f30aec14eb installed
file-5.32-1.mga7.i586 1508361499 5992524 f3b48faf1c4999b41740c1b6aa22ec36 installed
perl-Test-Trap-0.3.3-2.mga7.noarch 1506994642 108479 bda74e755cd3c949c659b77db5fbcb6b installed
libacl1-2.2.52-7.mga6.i586 1455119780 171591 86e4b383fdcad7ee8b20cc39fa4389a0 installed
perl-Role-Tiny-2.0.6-1.mga7.noarch 1510169749 43769 29934b1fe5bd8609d415006e963885c4 installed
mageia-release-common-7-0.4.mga7.i586 1515337577 143014 2f1869bfeca42485563cd796ed843964 installed
perl-Inline-0.800.0-6.mga7.noarch 1506982313 240994 0afa6beac22cb908a97c450def7ea33a installed
mageia-repos-cauldron-7-0.0.1.mga6.i586 1500235170 22458 bc98a7d2f0edb3ca76240ebcc2834356 installed
perl-Test-RunValgrind-0.0.2-1.mga7.noarch 1514302488 49881 137c32765a862d33af7c2a71ea22e786 installed
bzip2-1.0.6-11.mga7.i586 1515081865 143766 72ad7faabef14b17578b6272b83c3918 installed
perl-Test-Exception-0.430.0-2.mga6.noarch 1466326216 33412 e3047bc751f1e29e6820b667ad56cf56 installed
libdevmapper1.02-1.02.137-3.mga7.i586 1514666400 394052 7885e9ed50dc75f807f869d46ec86f14 installed
perl-Perl-Tidy-Sweetened-1.120.0-1.mga7.noarch 1500476916 75065 9752a5b9c2eec5c9f34c0683ae71c2cd installed
gawk-4.2.0-1.mga7.i586 1509109258 2454327 cbb63ca0a17052a23dd084a6504cba91 installed
perl-WWW-RobotRules-6.20.0-8.mga6.noarch 1466334979 26877 6359f5a2254e18b48cd5deea47e38af5 installed
libgdbm4-1.13-1.mga7.i586 1512139341 92365 f066285f74b2d45e4e2dca37a2fca982 installed
perl-Test-Fatal-0.14.0-3.mga6.noarch 1466326281 75863 99fb8e81c5a4f256ca42b1b70ac677f8 installed
libtcb0-1.1-7.mga6.i586 1455304930 23612 ba34c12f16774c217e6cf62c2ff2e780 installed
perl-Encode-Newlines-0.50.0-2.mga6.noarch 1466294203 29090 0d0e5f28ff65ab0b74577657030bd6cf installed
libopenssl1.1-1.1.0g-1.mga7.i586 1509956245 3232543 99bbe72c6626fc5a23b1aee8b9a17fdf installed
perl-IO-HTML-1.1.0-6.mga6.noarch 1466302369 63440 a29708d4efb4966a802c68deab40b8bb installed
perl-HTTP-Cookies-6.40.0-2.mga7.noarch 1506981898 116985 2a99ad22f4eee16a493cf45d51d10051 installed
less-487-2.mga7.i586 1504717821 574630 d8ee666a65a6d5dfce4eb3a329ed148c installed
perl-HTTP-Negotiate-6.10.0-7.mga6.noarch 1466301402 29821 7760aaecd40ccd0f8cc612dc01d07424 installed
tar-1.29-4.mga7.i586 1504805516 2849502 88a3317f62a7cfba80405ceecac9c3c0 installed
perl-File-Slurp-Tiny-0.4.0-3.mga6.noarch 1466296700 31179 2a15e8a2f28dc3f1c4a76ef3dd903814 installed
binutils-1:2.29.1-8.mga7.i586 1516267564 24171594 7757cd5bf1f2ae62561ac837c0ed57bb installed
perl-Test-Warn-0.320.0-1.mga7.noarch 1500762033 28535 a9a12944218ef67988526b44be53cce1 installed
pkgconfig-0.29.2-1.mga7.i586 1509630088 168382 31926953749a490979235e2b677284b8 installed
perl-Class-Inspector-1.320.0-2.mga7.noarch 1506969541 64349 b3ca6be3f7adff55bd1b188cef7e4d2a installed
p11-kit-0.23.2-2.mga6.i586 1463186423 60604 a0c8c2653bbb391cdd9d22c0c8284d5f installed
perl-Exporter-Lite-0.80.0-2.mga6.noarch 1466294801 15385 6471844f2887aaa09cbcff6ca6a5a66e installed
kmod-24-2.mga6.i586 1495518601 220065 a6a0e486c50658ed73548e10deb0a42e installed
perl-Test-Cmd-1.90.0-1.mga6.noarch 1447606800 92801 2ceb6f5fc16cc30ea48f6749d75b736c installed
hostname-3.18-1.mga6.i586 1470925037 36747 d26d785973d67ea8fb7a22be40ae0244 installed
perl-IO-String-1.80.0-7.mga6.noarch 1466302726 17428 e6225c1f6d061e72b899f826a1c0a864 installed
libaudit1-2.8.2-1.mga7.i586 1513764285 114647 ac071294b388f2bc9b9ecc0e3e9d3912 installed
perl-Lingua-EN-Inflect-1.903.0-1.mga7.noarch 1509360078 132958 b8c73c54f10db5232e10ed2c462b52bc installed
kbd-2.0.3-1.mga6.i586 1451607898 3307219 523c9fc64d144e8990c28fbd02d7c427 installed
python3-ply-3.10-1.mga7.noarch 1515560954 840763 b060471fdf248c9555e519d60eb9fc7c installed
libuser-0.62-12.mga7.i586 1515511005 1658682 c67b741ed9a00aca9bdf6f5a576b88cc installed
perl-Number-Compare-0.30.0-7.mga6.noarch 1466314107 5404 5a7f8dd284ea46d5f8376e7423807df9 installed
krb5-1.16-1.mga7.i586 1516303117 229886 16f7a6f58446e9d3890da2d87a3526f3 installed
perl-Text-Diff-1.450.0-2.mga7.noarch 1506995162 87983 1ec09c0eaf3403d7120b9501b2c1a1b6 installed
nikto-2.1.5-9.mga6.noarch 1454893526 2066530 6abb058ba24b5da3a05fff5e1b9b5922 installed
perl-Test-PerlTidy-20130104.0.0-1.mga6.noarch 1480612282 16018 9445b2b63d9a8085fe726f123d924681 installed
perl-File-Slurp-9999.190.0-8.mga6.noarch 1466296652 49678 42e71e36674d265d5226ec06fc832615 installed
perl-Scope-Guard-0.210.0-3.mga6.noarch 1466320615 10584 563d82070560c8b8c566ed3e15358a11 installed
perl-List-MoreUtils-0.428.0-1.mga7.noarch 1513075712 110554 fa6bac10302116e28c45cfcb8bc98c0e installed
perl-List-Compare-0.530.0-3.mga6.noarch 1466304849 222671 d2476ed8ad23be363904ba7b51ef30bd installed
perl-File-pushd-1.14.0-1.mga7.noarch 1500755042 38692 f6e4045cfcfe3214cbdd6f8a4cf49959 installed
etcskel-1.63-34.mga6.noarch 1455896840 4609 c0908ca80e979be1bd0c6405f7ca011b installed
perl-Module-Build-1:0.422.400-1.mga7.noarch 1501229834 676786 8a208508d94233cab02d6a25d1d2c02d installed
libsystemd0-236-4.mga7.i586 1515525594 564044 8363153cd49c6fdfb1c8ccd259f52f2a installed
perl-Module-Implementation-0.90.0-5.mga6.noarch 1466307985 60214 128d172a334b8250f87dee9ab735cb81 installed
libpam_userpass1-1.0.2-13.mga7.i586 1504202202 13947 9c2ecf6ecb6129d30bd3258c48ff9999 installed
perl-Import-Into-1.2.5-3.mga6.noarch 1466301934 23640 e13bfd00940e915455bfbe9e8a6e8ec5 installed
openldap-2.4.45-3.mga7.i586 1501710380 15507 adc9f650fcefcda8a8f3c9a26dd70157 installed
perl-Specio-Library-Path-Tiny-0.40.0-1.mga7.noarch 1501255764 81486 65087d06565dbf047823f3be9a352e04 installed
pam_tcb-1.1-7.mga6.i586 1455304930 39024 3e441ca57fda02251c6110b30e5e50a5 installed
perl-List-SomeUtils-0.560.0-1.mga7.noarch 1501243682 171966 9fc54388316489e5e5dca141c1ef3a01 installed
shared-mime-info-1.8-2.mga7.i586 1505266430 2354601 de9ed64a60738a14ddcaf662a9aecb5c installed
perl-Class-Data-Inheritable-0.80.0-7.mga6.noarch 1466279312 6703 54694ad0af226f542ca1f938614c79b7 installed
libsecret1_0-0.18.5-2.mga6.i586 1497173869 358436 d3081b018b81bd8c9291dd1e8e05df2b installed
perl-Test-Most-0.350.0-1.mga7.noarch 1500761753 44047 d6ae88e91088e773bce9ecab6d99b891 installed
pinentry-1.1.0-1.mga7.i586 1515218999 236022 b15824e30821078e1442a0622bb69c81 installed
python3-pyflakes-1.6.0-1.mga7.noarch 1512203481 554244 a5503eb8cc9ec82b37a9d3b5625d6e0a installed
libsolv0-0.6.30-1.mga7.i586 1508936045 947971 95b8fd0712db81ac31792d5fe7c29236 installed
python3-mccabe-0.6.1-1.mga7.noarch 1512206686 28886 34ea79bc981ad1b5fb03bfbfc0df34a4 installed
rmt-0.4b46-4.mga7.i586 1514905737 35239 5d38f5be02edf2eadbc393fdec399ac3 installed
libssh2_1-1.8.0-1.mga7.i586 1502010526 405445 50017c02b1cd5614ecbd7243c0b7874f installed
diffutils-3.6-1.mga7.i586 1504104890 1295325 3e651c851daaa64931a0c31aa403aef8 installed
autoconf-1:2.69-9.mga7.noarch 1504534326 2211216 b4920951dd3dbd18137ca445d7701217 installed
libcryptsetup4-1.7.5-1.mga6.i586 1493634030 193024 f2abfd70f93e5f9afafa9db23a152a6e installed
libusb1.0_0-1.0.21-1.mga6.i586 1478193068 146528 57563d14882e476560d82e39c068d2ab installed
timezone-6:2017b-1.mga6.i586 1490470545 1347138 701c12ad173d06b0c18eedf1f88c16f4 installed
make-1:4.2.1-1.mga7.i586 1505505828 1483205 40cb10f90ebc67a01d26be46b03c06cf installed
libpsl5-0.19.1-1.mga7.i586 1510404461 55856 69eb84132684efc9a5d756517aa7931f installed
desktop-file-utils-0.23-2.mga6.i586 1471486417 315016 166019ca5184a4311ab70525c9da7d8d installed
libgettextmisc-0.19.8.1-1.mga6.i586 1465844912 1010517 fcb13c9109204340cf3164c691c7e44f installed
libfdisk1-2.30.1-2.mga7.i586 1505645864 424972 32ddfbc1312c6b8d5138208b644bf39e installed
elfutils-0.170-1.mga7.i586 1505978332 1907816 f7d1f7adcecb77e43fe84bdab2de1141 installed
vim-minimal-8.0.1428-2.mga7.i586 1515188134 914298 3d0a57528051cd10f32bd01d473312b6 installed
unzip-6.0-18.mga7.i586 1513804347 763466 965d6735ae8f857bd83053e5969a109e installed
libkmod2-24-2.mga6.i586 1495518601 107060 a857dffa6caa0bba1f81f131d57a5ac8 installed
libicu59-1:59.1-5.mga7.i586 1514477184 4776276 6dc36d753212c6d1f3e8bad4fe030658 installed
libhunspell1.6_0-1.6.2-2.mga7.i586 1513695963 480940 8920fb3d84a1aededc1c4f520bbd6675 installed
libglibmm2.4_1-2.52.1-1.mga7.i586 1513618277 2378833 0e37588ed19494093719cbb36822d8f3 installed
libhfstospell10-0.4.5-1.mga7.i586 1514582571 255048 255e9f3571749a6798513e5613a9680d installed
enchant-1.6.0-14.mga7.i586 1501944162 33284 926f5b6188083dfb28c537873dffe8c8 installed
perl-File-Sync-0.110.0-22.mga7.i586 1506979143 13854 eb6aceb335492fb4b697b681e4fb782e installed
multiarch-utils-1.0.13-7.mga6.noarch 1455896961 12031 3cc0c1ce186edb678fe4b5fc716e0b53 installed
python3-setuptools-36.2.4-6.mga7.noarch 1506931547 1322120 b5c0baab1e39a17b81661f6c8327def6 installed
python3-pip-9.0.1-2.mga7.noarch 1501347836 9373485 3fcc885df78db794a07503bc4edd6ed6 installed
libpython3.6-3.6.2-4.mga7.i586 1514913926 2849864 7c6e37aa65b9f6152d758f518d861c78 installed
python2-pkg-resources-36.2.4-6.mga7.noarch 1506931547 924201 f31015f3ad5c48d77bce5a8336f789ac installed
python3-enchant-1.6.10-1.mga7.noarch 1505460982 443571 970642693b22d9dff04eaa2745b0dec0 installed
python3-six-1.10.0-3.mga7.noarch 1501763932 119471 96a02f326db8044d535ca7709b0bb47b installed
libgirepository1.0_1-1.54.1-1.mga7.i586 1506948468 252656 f6f658cde6d669c528669a8bfaf7ec79 installed
python3-iniparse-0.4-15.mga7.noarch 1501797718 146627 192802484d68fc12b96da5bf59c16e83 installed
python3-libcomps-0.1.8-3.mga7.i586 1501826455 129638 8b8d5e1c967c81664a6c1c167754b970 installed
libpython2.7-2.7.14-1.mga7.i586 1512514480 1875588 043ee9e424549f10bf4925362afa3dd2 installed
libstdc++-devel-7.3.0-0.rc.20180117.1.mga7.i586 1516233765 9961598 89a732c8f19bd4ff5475dc9d4adede72 installed
gcc-c++-7.3.0-0.rc.20180117.1.mga7.i586 1516233765 25368598 6de1e59d2a306a99deb1c63930f23361 installed
patch-2.7.5-2.mga6.i586 1455254521 256020 46edcc44a15dfb6b1e5dff62f4d8e46c installed
libext2fs2-1.43.6-1.mga7.i586 1504972879 481151 f365b13e931e19b2e97b21f5016a1306 installed
ethtool-1:4.13-1.mga7.i586 1512026841 332057 a93bec307eb3484a0dbbb81b58d901c5 installed
ipcalc-0.2.0-4.mga7.i586 1514664689 57623 2d4e932495bf26eea522976431d026a9 installed
libipt1-1.4.4-2.mga6.i586 1460584762 86889 1be75edef60f726e126c162292da24d9 installed
libpcre32_0-8.41-3.mga7.i586 1513263556 418000 07dd79361a4ad116b7cf0648f5c15ead installed
libip4tc0-1.6.1-3.mga7.i586 1514846432 31868 0251a79e7aa2a4dd113d7cb0af09f90b installed
libseccomp2-2.3.2-1.mga6.i586 1488782175 147160 8e2334400c412bd9e8ac7da8e067a9d0 installed
libdaemon0-0.14-10.mga6.i586 1455208965 27180 07bd81ca44ad3d41d70babc62b80dcd5 installed
traceroute-2.1.0-1.mga6.i586 1462555220 70867 d8b3d4e651a248cd0fecb9a7d4aa3c7b installed
iproute2-4.14.1-1.mga7.i586 1511705682 1918312 63d18742066cd918d891d11c5554524e installed
libgc1-7.4.2-8.mga6.i586 1496600896 214269 c5dc54263cc6fc62da31b3e61c8f3c4f installed
libguile2.0_22-2.0.14-2.mga7.i586 1514908336 1588008 5ed517e9973c1a38a7cb32f2b76d79bc installed
gettext-0.19.8.1-1.mga6.i586 1465844912 1576039 b1d738c9d070ed5a9a35cb73b37d4b76 installed
libnghttp2_14-1.25.0-1.mga7.i586 1504881073 166952 ac5e1079fd98b46c2d5448f3d99ddba9 installed
libgnutls30-3.6.1-3.mga7.i586 1509119292 1576844 5f0b8fd9b82fbc959c711b64686e6a38 installed
liblockdev1-1.0.4-0.120111007git.12.mga6.i586 1455235627 33075 4c91a8069d7016d4d84c19bfc328121a installed
libbrotlidec1-1.0.2-1.mga7.i586 1512738622 53068 d388269c317a9aac22d5bcc84501a50e installed
libkrb53-1.16-1.mga7.i586 1516303117 2175124 a603314b58509d22ba8cc67cb4afd302 installed
libldap2.4_2-2.4.45-3.mga7.i586 1501710380 800896 49a5cf017b084704af6ee05e9bb71f79 installed
libdbus1_3-1.10.16-1.mga6.i586 1487347327 380144 db66b9aa813f30b1f1cad0176e592fef installed
lockdev-1.0.4-0.120111007git.12.mga6.i586 1455235627 7236 7a5f87070e83e954ce1b235d5ae0f88e installed
perl-AppConfig-1.710.0-4.mga7.noarch 1506961706 196790 2cb39b40407a7ec0fb6d6013c1780fd1 installed
perl-Class-Method-Modifiers-2.120.0-2.mga6.noarch 1466279842 141418 ec1854608b1fb3519bfbc76d4d9e8e48 installed
perl-MooX-late-0.15.0-5.mga6.noarch 1466310731 47545 327bc74d7fd20bddf6a861d596f53199 installed
perl-Inline-C-0.780.0-3.mga7.noarch 1506982368 198687 ae9d2fdc26a6f1ed786eb4a9df0ef97e installed
perl-Env-Path-0.190.0-7.mga6.noarch 1466294248 35673 1abcf7295db9ccf175e5fa831b2a5d89 installed
python3-random2-1.0.1-5.mga7.noarch 1501880255 81162 96f8373fb6b9e8afd64c4155ce2113c9 installed
libgmp-devel-6.1.2-2.mga7.i586 1516266690 2359565 deda12efcf2ce598e3f7454526dcf956 installed
perl-Params-Util-1.70.0-15.mga7.i586 1506989722 89978 7815848a6e6ead85a28a32a56ff44073 installed
perl-Sub-Exporter-0.987.0-6.mga6.noarch 1466323117 129911 0833e028f21eb52ca1a1bd4736773094 installed
perl-Sub-Identify-0.140.0-3.mga7.i586 1506992913 19886 d732bd4d9f4ab2ffaa173a5e5b44a5d4 installed
perl-MooX-0.101.0-8.mga6.noarch 1466310638 38355 0cb60a8f72474d5f43a6961e25321ed5 installed
perl-Package-Stash-XS-0.280.0-13.mga7.i586 1506989537 81702 4b78e16eb54f43aed2c9808f36214214 installed
perl-Class-Load-0.240.0-1.mga7.noarch 1501268314 137224 f5ff75b97c9bb33e1364edc03ab75992 installed
perl-Devel-OverloadInfo-0.4.0-3.mga6.noarch 1466288500 31866 dae685b380e8ff0fc26921516d025c24 installed
perl-Test-Data-Split-0.2.0-2.mga6.noarch 1466326014 30715 59c8e0a694fd36f5136d17648de92194 installed
perl-File-Find-Object-0.3.2-1.mga7.noarch 1500754836 81255 3b468e9a440a2d5aa5147b54562cbefb installed
perl-Test-TrailingSpace-0.30.100-1.mga7.noarch 1500761850 13773 022352bc02c69fac8a5c3dd6abf1f770 installed
perl-Moose-2.200.900-1.mga7.i586 1512073111 2377449 8df9dedee6f461cfa6ecac099402b2aa installed
libsvn0-2:1.9.7-5.mga7.i586 1514814878 4644029 367b4482ba50083b75b25ddc2068a3b1 installed
perl-Template-Toolkit-2.270.0-5.mga7.i586 1506993359 1574175 63c447c30f1ecd376e7b91b7ad786236 installed
perl-Getopt-Long-Descriptive-0.100.0-1.mga7.noarch 1500755117 121772 489e4503b1eeead007c628d6d640b2ef installed
perl-libwww-perl-6.310.0-1.mga7.noarch 1513075674 604716 c030d96895df4227c43711743bc46a05 installed
perl-XML-SAX-Expat-0.510.0-6.mga6.noarch 1466338041 27088 ba2731eeeebbac1054f7e40c47636cf2 installed
perl-SVN-Look-0.410.0-5.mga6.noarch 1466323479 42322 9664d46ba6ab4867504f08d8069499f5 installed
perl-Variable-Magic-0.620.0-1.mga7.i586 1509974255 127443 2d8a45cfd489137ff0ba29b37a0f344d installed
perl-namespace-clean-0.270.0-1.mga7.noarch 1500763238 29555 33deda52a50554399125b0348873039e installed
perl-MooseX-StrictConstructor-0.210.0-2.mga7.noarch 1506987262 108584 da413b54a0f1a5d832906bba4a913657 installed
perl-MooseX-Role-Parameterized-1.100.0-1.mga7.noarch 1501241207 181514 b3b92ce66b31c73f784fc1fb8dbc1b5b installed
perl-Test-Run-CmdLine-0.13.100-2.mga6.noarch 1466327993 82784 7a1f6f857940825f5b61f2df43ee8f1e installed
perl-Test-Run-Plugin-AlternateInterpreters-0.12.400-3.mga6.noarch 1466327919 23200 69114476d4fe6c7b4b99fbbc1086b00d installed
perl-Test-Run-Plugin-ColorFileVerdicts-0.12.400-3.mga6.noarch 1466328102 27343 e559cdf1eb335bfce36d9b5213aa6197 installed
perl-Task-Test-Run-AllPlugins-0.10.500-1.mga6.noarch 1484946266 10860 05d30f4645a7cdb5d15cd2d55ba74f5e installed
perl-Method-Signatures-Simple-1.70.0-7.mga6.noarch 1466307313 33179 244b98264f5ea4e2562c9c455cc076fa installed
perl-PerlIO-utf8_strict-0.7.0-3.mga7.i586 1506990449 42413 f1bb36fe749654dff0f5bcacd45d1bfd installed
perl-Config-INI-0.25.0-3.mga6.noarch 1466282531 109627 d337b46017db2e4a5e9c166b473e1418 installed
perl-JSON-MaybeXS-1.3.9-1.mga7.noarch 1501230871 27353 5875089e409b50673b0e15642a1beff6 installed
libtap0-1.03-7.mga6.i586 1454434317 12577 401102b2d7312f1eaa2fda33b9087010 installed
librhash0-1.3.4-4.mga7.i586 1500310294 182424 67427ad43e718cf7cf768e900006a425 installed
libtap-devel-1.03-7.mga6.i586 1454434317 12229 402ecc08e745525748bc2d6b16878c21 installed
cmake-1:3.10.1-1.mga7.i586 1514825590 26450833 6e933bd02f7e1c2726161302e74a8809 installed
valgrind-3.13.0-10.mga7.i586 1515358213 26279166 5975e4bd262dedf82e7d9ed0b9f6849f installed
gperf-3.1-1.mga6.i586 1486340873 236104 ee6bb0e508c915c0574a6ee07d73845a installed
tcb-1.1-7.mga6.i586 1455304930 45065 493162c6978c30144f31c25dbb2070d0 installed
python-rpm-macros-3-5.mga7.noarch 1502797638 3278 aadb3c7bcfb7a2cf6da62300e6f8cf13 installed
util-linux-2.30.1-2.mga7.i586 1505645864 11284176 f8968e56a6d67e0e0a387dd2edcc7987 installed
mageia-dnf-conf-1.0-1.mga6.noarch 1461537916 29 ebe7ee8039a6b5ed2a8f4cd1ee1cf046 installed
net-tools-2.0-0.20150915git.4.mga6.i586 1481358543 938647 efe99249ff280adc80a9944e0dd227c3 installed
icu59-data-1:59.1-5.mga7.noarch 1514477184 26290848 47c4f20ceb6ff1c522e9172d20403313 installed
mageia-repos-keys-7-0.0.1.mga6.noarch 1500235408 1666 2e54f5ee602a430a0265583fd3ffb1ab installed
cronie-1.5.1-1.mga6.i586 1470931330 232979 6152a686061f9db39387802ced6ec425 installed
popt-data-1:1.16-13.mga6.noarch 1456060419 60192 e2f0bbc20efb9468c20917ebbcaed90f installed
basesystem-minimal-1:7-0.1.mga7.i586 1502718146 0 e2bc37b29b50554c2d532573a65e6e24 installed
cmake-rpm-macros-1:3.10.1-1.mga7.i586 1514825590 4534 6b2d60316f789cc606f03616b0576799 installed
python3-librepo-1.7.20-3.mga7.i586 1501875762 213936 107e69cf9e1eafdf1945d91049e68e77 installed
run-parts-1:4.4-7.mga6.i586 1455301827 92625 cf5fed36bf256e919ea1a4728faba107 installed
python3-dnf-2.7.5-1.mga7.noarch 1508941590 1906196 05a10dd06a1ca6b0d014fb8b87145837 installed
dnf-utils-2.1.5-1.mga7.noarch 1508942412 3844 7ae0479b0a6327b4f6a0591f214e85e1 installed
libzlib1-1.2.11-4.mga6.i586 1490774434 119507 2903560da8f640dee41d083bea806c4b installed
glibc-6:2.22-27.mga7.i586 1516478428 18608597 37a379bd96d6dd91fda22db992d4f2fd installed
liblzma5-5.2.3-2.mga7.i586 1504715925 245342 0db0f0743a38e4d4679753b67da50458 installed
librpm8-1:4.14.1-3.mga7.i586 1516488109 731420 e557bcf2fb2e2a56e7cbdda98d3e054f installed
libpopt0-1:1.16-13.mga6.i586 1456060411 53693 65026a03cddece43e723a2cecf1e9053 installed
python3-rpm-1:4.14.1-3.mga7.i586 1516488109 173658 b05c1317508c323737909344424d0a10 installed
libxml2_2-2.9.7-2.mga7.i586 1514395672 1590896 aef34a1ee311fe01295610111650abc6 installed
perl-parent-0.234.0-3.mga6.noarch 1466315403 10828 e1c24b611fae046dcaceca5df45a0f6e installed
libdb5.3-5.3.28-14.mga7.i586 1515161318 1982994 b29f2c45aa745919cb46ac2a476df312 installed
perl-Path-Tiny-0.104.0-1.mga6.noarch 1487799985 210694 1f37c7d6ce877788affead1ad596055f installed
libffi6-3.2.1-5.mga6.i586 1455209063 49027 fbcdf89f0e2fc5d4b50e0396c27963aa installed
perl-XML-NamespaceSupport-1.120.0-1.mga7.noarch 1500762696 52825 ccba1b7d5f11f1be7c341591781bf535 installed
libgcrypt20-1.8.1-1.mga7.i586 1509527309 1027382 e8643dc8e24aea20e1004a26f528b9c7 installed
perl-Devel-StackTrace-2.30.0-1.mga7.noarch 1511073686 127644 6c2582eeee2f7a631b8c2e0b18a22e05 installed
libmpc3-1.0.3-2.mga7.i586 1516266764 127561 785b4befceaae1391184659fb8923084 installed
perl-Sub-Uplevel-0.280.0-1.mga7.noarch 1500761063 57598 9e8746134fb0799e7b5222df16fb4a56 installed
xz-5.2.3-2.mga7.i586 1504715925 511719 29e0ec59f8edd7b9a618882e11995460 installed
perl-Sub-Exporter-Progressive-0.1.13-1.mga7.noarch 1500761054 31127 5ad73baf97d9ab517a221b8aff8ef076 installed
libmagic1-5.32-1.mga7.i586 1508361499 160660 bd340ad8c9504842681b6bdfb8c62876 installed
perl-Sub-Quote-2.4.0-1.mga7.noarch 1501232973 36380 7c766e30deeb5fd3b61815636219fc83 installed
coreutils-8.28-1.mga7.i586 1505152410 14999148 80e4bc1c4461b50b00d5ca347e2cab77 installed
perl-File-Which-1.220.0-2.mga7.noarch 1506979189 47663 9d9d8ef30e49ece14eeeed0ddf7e5fd6 installed
mageia-repos-7-0.0.1.mga6.i586 1500235170 22941 a3f7d363a0b5cf7b062e744043a06345 installed
perl-File-Finder-0.530.0-8.mga6.noarch 1466295725 40900 56b651fe170accf9c8b3c410b76357be installed
libsigsegv2-2.10-7.mga6.i586 1455214903 68035 6dbcba4217fe110d78dd167b876b3f20 installed
perl-File-Listing-6.40.0-8.mga6.noarch 1466296067 17891 554b48082aca5322a0f2cf9747daf54e installed
perl-2:5.26.1-2.mga7.i586 1516302974 37948418 b1b8a5311de2eed9df6ea8df6cd89dd5 installed
perl-Text-Sprintf-Named-0.40.200-6.mga6.noarch 1466330137 19281 e989a4752efa13cda08045dde3c0bbda installed
perl-HTTP-Daemon-6.10.0-7.mga6.noarch 1466301339 40889 29b6343315bb2f1b4345f9d25885c6fd installed
gzip-1.9-2.mga7.i586 1515695801 264120 90c35280c1ea4fe0db5b15e7f085f7d6 installed
perl-Tree-DAG_Node-1.290.0-2.mga6.noarch 1466331703 143935 9c7d99c957629dc8a4732a13c129e199 installed
gettext-base-0.19.8.1-1.mga6.i586 1465844912 3427501 ea016df8985598a98cd5f29a5bc6507c installed
perl-File-ShareDir-1.104.0-1.mga7.noarch 1500755109 42390 a6e309fbe0b21187c033acbe39201841 installed
psmisc-22.21-7.mga6.i586 1455297207 466406 75d337046d24d73504f73c07a92296c7 installed
perl-Pod-Wrap-0.10.0-3.mga6.noarch 1466318332 21432 617021c8084bddc9bbe86ef49a453faa installed
libcap-ng0-0.7.8-2.mga7.i586 1501938031 45510 b803579dffd9cc0efe7eb9d7833796d9 installed
perl-Pod-Spell-1.200.0-1.mga6.noarch 1462710572 77083 584d2f43782d02e5124b8b0236afe790 installed
libuser1-0.62-12.mga7.i586 1515511005 127632 171fdc96aa12e10607e2d4cd119d56f4 installed
perl-Algorithm-Diff-1:1.190.300-4.mga7.noarch 1506959712 111645 df288e9b8d0b1c651faa5818b7c39208 installed
perl-YAML-Tiny-1.700.0-1.mga7.noarch 1500762979 172401 296b2791ba7aa313b14a13175da711bd installed
perl-TimeDate-2.300.0-6.mga6.noarch 1466331015 98174 200678f14c2bdbbc165f5e3e8c794d0e installed
perl-Exporter-Tiny-1.0.0-1.mga7.noarch 1500650345 91285 6e4366c47c0bee0f9caa17ba3b664a85 installed
perl-IPC-Run3-0.48.0-5.mga6.noarch 1466302923 67141 400cf400af0ad328fb617d8694be781a installed
libtool-base-2.4.6-6.mga7.i586 1505147631 1929516 82b6668b0699eaec7a7063e11658c7d3 installed
perl-Module-Runtime-0.16.0-1.mga7.noarch 1508356996 36854 9d038208f0fd9cfbc06c7054fe7dc9bf installed
libprocps6-3.3.12-1.mga6.i586 1471034510 98461 6393312e6dccdb1d338e25a70d1d1693 installed
perl-Specio-0.420.0-1.mga7.noarch 1509973949 464804 2ffdbe2a2c8486e45934aec0c4ffc4f4 installed
libutempter-1.1.6-5.mga6.i586 1455215504 35141 10fe86fbb7637a103389c9babf3eb775 installed
perl-Test-Class-0.500.0-3.mga6.noarch 1466325731 170862 788a24e8358374d2cfba8447ec04b7e1 installed
libgio2.0_0-2.54.3-1.mga7.i586 1515447344 1986796 dc67beeedc34cdf9a3733cf573edab7c installed
perl-Test-Class-Most-0.80.0-6.mga6.noarch 1466325773 17001 0eb2212e45b810ff0dc6211e960af5f8 installed
libsolv-tools-0.6.30-1.mga7.i586 1508936045 301183 89f4ea7e9720ca64962d886411c0ed24 installed
perl-IO-All-0.870.0-1.mga7.noarch 1500756274 219821 849c14611ad6468cd49a04ff15b3b292 installed
deltarpm-3.6.1-6.mga7.i586 1504204342 814884 11bf3dd1a1d5a0ec1e307f5768606ebf installed
perl-Moo-2.3.4-1.mga7.noarch 1512196405 170945 ddfcb8c9760e1c50548a867ed9c2246b installed
libhogweed4-1:3.3-1.mga6.i586 1475497953 693588 3a42c3c1e8b569d9c10f9147256241c0 installed
perl-String-ShellQuote-1.40.0-10.mga6.noarch 1466322997 16586 c27d860f11d94df4fdcb808852a0bf0c installed
automake-1.15.1-1.mga7.noarch 1508027706 2468865 30a780734e4131151d373d02a0de4897 installed
perl-devel-2:5.26.1-2.mga7.i586 1516302974 1945837 10a7e5930cd4b200d3e34cf795f9b6cc installed
logrotate-3.12.2-1.mga6.i586 1495518726 126047 18fc1c83f640b4699e5b2ed4a388a5d1 installed
perl-Data-OptList-0.110.0-2.mga6.noarch 1466285506 74955 1ea8110ed352b9a530b720ed171484ba installed
libidn11-1.33-3.mga7.i586 1507120773 247060 cf4252296acd1adbc70f34735df4468d installed
perl-Class-XSAccessor-1.190.0-12.mga7.i586 1506969870 137442 bbe466068037f844c0dcfb8e93864f76 installed
libcroco0.6_3-0.6.12-2.mga6.i586 1492961802 605651 d4427abacc55601b272887917e95b422 installed
perl-Package-Stash-0.370.0-3.mga6.noarch 1466314738 96746 3e721c86d607a944d852e285a7a0a28f installed
libksba8-1.3.5-1.mga6.i586 1471867760 252800 3395bc86b4465f8fb6c01b527637b60c installed
perl-Package-DeprecationManager-0.170.0-1.mga7.noarch 1500759962 99958 f7edf6fd0463d180daf6c5a284a9ba5e installed
libnatspec0-0.3.1-2.mga6.i586 1455540841 151537 842f44226efedbaef601e7f22d5e577e installed
perl-File-Find-Object-Rule-0.30.600-1.mga7.noarch 1500754833 81060 ae85e82acc0b222311b4a0a86537f3f2 installed
groff-for-man-1.22.3-1.mga6.i586 1448985697 2719332 e34301926a9cecb51aa7e43b5aeac78b installed
libserf2_2-1.4.0-0.4.mga7.i586 1506253527 285805 5598441251417defd61cb08b4614302d installed
libsigc++2.0_0-2.10.0-1.mga6.i586 1474720437 80277 1e4d2e353d2b0a8dbdc427612b566b5e installed
perl-Params-Validate-1.290.0-3.mga7.i586 1506989730 246590 9c82d9f65b609911d4ab8e40a294d6f2 installed
libvoikko1-4.1.1-3.mga7.i586 1514903424 299665 30633abf24f8e81cdb0db0fbd2674eaf installed
perl-XML-Parser-2.440.0-11.mga7.i586 1506997902 486844 aa03b0a91a6e9aa1bc35ead2585f7749 installed
perl-MDK-Common-1.2.34-1.mga7.noarch 1509151121 122580 9f908e4173dd08c0cb6e46776a96f82c installed
perl-B-Hooks-OP-Check-0.220.0-2.mga7.i586 1506967626 13607 1f8c8637c3cbe2422d13bb97af815496 installed
python3-pkg-resources-36.2.4-6.mga7.noarch 1506931547 840129 b1038fbe39eebe455a9215808bf09954 installed
perl-namespace-autoclean-0.280.0-3.mga6.noarch 1466311533 104409 87143deb9c4fe79f47e3804bb34ca5a0 installed
libpython3.6-stdlib-3.6.2-4.mga7.i586 1514913926 29933018 1dc3579c056bea8eb72155847a075d0e installed
perl-MooseX-Getopt-0.710.0-1.mga7.noarch 1500759048 224159 2e1c7db0e86c64607cb63b8f7a1eb832 installed
python3-magic-5.32-1.mga7.noarch 1508361504 17965 7a9f7480e4554341712233dc1083c7b7 installed
perl-Test-Run-Plugin-BreakOnFailure-0.0.5-3.mga6.noarch 1466328070 17874 338deed2e2f4ee5c996a5039d151f45a installed
gobject-introspection-1.54.1-1.mga7.i586 1506948468 2028496 b80a4af68f9d2cd9b919527b6cb020d9 installed
perl-Devel-Declare-1:0.6.19-3.mga7.i586 1506975901 101511 94bb32dda7f802b44cbb1f5f9b9739ab installed
python-2.7.14-1.mga7.i586 1512514480 272637 76f0512e678d626a5bbe63f7b8a88f05 installed
perl-Mixin-Linewise-0.108.0-3.mga6.noarch 1466307535 81691 2656e4469cfba30356d40932dcaab16f installed
gcc-7.3.0-0.rc.20180117.1.mga7.i586 1516233765 44912453 1abede7d729a8fbd4290f7513b752942 installed
perl-Code-TidyAll-0.690.0-1.mga7.noarch 1512943066 368217 dee057d1474c0a9173d2911c497a71d8 installed
libfuse2-2.9.7-3.mga7.i586 1507356440 270170 45cc0af7d056b217629c2d895bee9188 installed
libjsoncpp19-1.8.3-1.mga7.i586 1507878048 213388 bc64e725296042edf8d26bc5b5100d10 installed
ifmetric-0.3-17.mga6.i586 1455503907 11548 7d64de765665c7d82f47fe198743f53d installed
python3-cffi-1.11.1-1.mga7.i586 1507615118 999062 239ce089442a255a5f34d7e9e2d96a01 installed
libpcre16_0-8.41-3.mga7.i586 1513263556 438488 0c155607132e500211096ca203bc210e installed
libqrencode4-4.0.0-1.mga7.i586 1507398091 648356 acc7f438d67c54d0fc25e37ce3d90b0b installed
ifplugd-0.28-20.mga6.i586 1455504112 112272 fa4c60dee22961bcfd57120d1d303a50 installed
libatomic_ops1-7.6.2-1.mga7.i586 1515217929 6216 222224da44623d34a7af5b2e8fca23ca installed
libgomp1-7.3.0-0.rc.20180117.1.mga7.i586 1516233765 204528 cbb537bf7fcc35c2361101307196a01f installed
libtasn1_6-4.12-1.mga6.i586 1496851597 81316 5309e802c9a634ada4d8f9a8ad4f0375 installed
libbrotlicommon1-1.0.2-1.mga7.i586 1512738622 130400 f53c356ece37a2cb62e2cbd46b151d8c installed
libsasl2_3-2.1.26-14.mga7.i586 1514029273 132112 9667f8ea48d050a717aa9cb75269a9dd installed
dbus-1.10.16-1.mga6.i586 1487347327 532434 e1a6698f1452f55cdf2e50cf1289f577 installed
