2018-01-22 20:19:25,736 - Mock Version: 1.4.8
2018-01-22 20:19:28,959 - Start: dnf update
2018-01-22 20:20:10,093 - Finish: dnf update
2018-01-22 20:20:10,107 - Finish: chroot init
2018-01-22 20:20:10,112 - Start: build phase for bazel-0.9.0-2.mga7.src.rpm
2018-01-22 20:20:10,115 - Start: build setup for bazel-0.9.0-2.mga7.src.rpm
2018-01-22 20:20:36,783 - Start: clean chroot
2018-01-22 20:20:40,332 - Finish: clean chroot
2018-01-22 20:21:06,139 - Mock Version: 1.4.8
2018-01-22 20:21:16,197 - Start: dnf update
2018-01-22 20:21:26,303 - Finish: dnf update
2018-01-22 20:21:26,325 - Finish: chroot init
2018-01-22 20:21:26,328 - Start: build phase for bazel-0.9.0-2.mga7.src.rpm
2018-01-22 20:21:26,329 - Start: build setup for bazel-0.9.0-2.mga7.src.rpm
2018-01-22 20:21:39,243 - Start: clean chroot
2018-01-22 20:21:42,856 - Finish: clean chroot
2018-01-22 20:22:10,076 - Mock Version: 1.4.8
2018-01-22 20:22:13,300 - Start: dnf update
2018-01-22 20:22:54,473 - Finish: dnf update
2018-01-22 20:22:54,487 - Finish: chroot init
2018-01-22 20:22:54,490 - Start: build phase for bazel-0.9.0-2.mga7.src.rpm
2018-01-22 20:22:54,491 - Start: build setup for bazel-0.9.0-2.mga7.src.rpm
2018-01-22 20:23:27,283 - Start: clean chroot
2018-01-22 20:23:30,980 - Finish: clean chroot
2018-01-22 20:24:06,887 - Mock Version: 1.4.8
2018-01-22 20:24:10,051 - Start: dnf update
2018-01-22 20:24:28,143 - Finish: dnf update
2018-01-22 20:24:28,165 - Finish: chroot init
2018-01-22 20:24:28,168 - Start: build phase for bazel-0.9.0-2.mga7.src.rpm
2018-01-22 20:24:28,169 - Start: build setup for bazel-0.9.0-2.mga7.src.rpm
2018-01-22 20:25:57,395 - Finish: build setup for bazel-0.9.0-2.mga7.src.rpm
2018-01-22 20:25:57,395 - Start: rpmbuild bazel-0.9.0-2.mga7.src.rpm
2018-01-22 20:25:57,397 - Start: Outputting list of installed packages
2018-01-22 20:25:57,455 - Finish: Outputting list of installed packages
2018-01-22 20:27:24,361 - Start: clean chroot
2018-01-22 20:27:32,184 - Finish: clean chroot
2018-01-22 20:29:45,090 - Mock Version: 1.4.8
2018-01-22 20:29:48,245 - Start: dnf update
2018-01-22 20:29:57,223 - Finish: dnf update
2018-01-22 20:29:57,246 - Finish: chroot init
2018-01-22 20:29:57,249 - Start: build phase for bazel-0.9.0-2.mga7.src.rpm
2018-01-22 20:29:57,251 - Start: build setup for bazel-0.9.0-2.mga7.src.rpm
2018-01-22 20:30:13,492 - Start: clean chroot
2018-01-22 20:30:17,099 - Finish: clean chroot
2018-01-22 20:31:29,666 - Mock Version: 1.4.8
2018-01-22 20:31:31,267 - Start: dnf update
2018-01-22 20:32:13,653 - Finish: dnf update
2018-01-22 20:32:13,667 - Finish: chroot init
2018-01-22 20:32:13,670 - Start: build phase for bazel-0.9.0-2.mga7.src.rpm
2018-01-22 20:32:13,671 - Start: build setup for bazel-0.9.0-2.mga7.src.rpm
2018-01-22 20:32:27,333 - Start: clean chroot
2018-01-22 20:32:30,954 - Finish: clean chroot
2018-01-22 20:32:55,360 - Mock Version: 1.4.8
2018-01-22 20:32:56,997 - Start: dnf update
2018-01-22 20:33:36,073 - Finish: dnf update
2018-01-22 20:33:36,086 - Finish: chroot init
2018-01-22 20:33:36,089 - Start: build phase for bazel-0.9.0-2.mga7.src.rpm
2018-01-22 20:33:36,091 - Start: build setup for bazel-0.9.0-2.mga7.src.rpm
2018-01-22 20:34:38,915 - Finish: build setup for bazel-0.9.0-2.mga7.src.rpm
2018-01-22 20:34:38,915 - Start: rpmbuild bazel-0.9.0-2.mga7.src.rpm
2018-01-22 20:34:38,917 - Start: Outputting list of installed packages
2018-01-22 20:34:38,982 - Finish: Outputting list of installed packages
2018-01-22 20:45:31,177 - Start: clean chroot
2018-01-22 20:46:12,934 - Finish: clean chroot
2018-01-22 20:48:38,765 - Mock Version: 1.4.8
2018-01-22 20:48:47,019 - Start: dnf update
2018-01-22 20:49:53,733 - Finish: dnf update
2018-01-22 20:49:53,747 - Finish: chroot init
2018-01-22 20:49:53,750 - Start: build phase for bazel-0.9.0-2.mga7.src.rpm
2018-01-22 20:49:53,751 - Start: build setup for bazel-0.9.0-2.mga7.src.rpm
2018-01-22 20:50:06,322 - Start: clean chroot
2018-01-22 20:50:10,222 - Finish: clean chroot
2018-01-22 20:51:54,195 - Mock Version: 1.4.8
2018-01-22 20:51:55,736 - Start: dnf update
2018-01-22 20:52:01,543 - Finish: dnf update
2018-01-22 20:52:01,567 - Finish: chroot init
2018-01-22 20:52:01,570 - Start: build phase for bazel-0.9.0-2.mga7.src.rpm
2018-01-22 20:52:01,572 - Start: build setup for bazel-0.9.0-2.mga7.src.rpm
2018-01-22 20:53:19,095 - Finish: build setup for bazel-0.9.0-2.mga7.src.rpm
2018-01-22 20:53:19,095 - Start: rpmbuild bazel-0.9.0-2.mga7.src.rpm
2018-01-22 20:53:19,098 - Start: Outputting list of installed packages
2018-01-22 20:53:19,164 - Finish: Outputting list of installed packages
2018-01-22 20:56:28,741 - Start: clean chroot
2018-01-22 20:56:37,079 - Finish: clean chroot
2018-01-22 20:59:24,028 - Mock Version: 1.4.8
2018-01-22 20:59:27,041 - Start: dnf update
2018-01-22 21:00:03,313 - Finish: dnf update
2018-01-22 21:00:03,333 - Finish: chroot init
2018-01-22 21:00:03,336 - Start: build phase for bazel-0.9.0-2.mga7.src.rpm
2018-01-22 21:00:03,338 - Start: build setup for bazel-0.9.0-2.mga7.src.rpm
2018-01-22 21:00:10,433 - Start: clean chroot
2018-01-22 21:00:17,016 - Finish: clean chroot
2018-01-22 21:04:00,925 - Mock Version: 1.4.8
2018-01-22 21:04:03,818 - Start: dnf update
2018-01-22 21:04:17,854 - Finish: dnf update
2018-01-22 21:04:17,876 - Finish: chroot init
2018-01-22 21:04:17,879 - Start: build phase for bazel-0.9.0-2.mga7.src.rpm
2018-01-22 21:04:17,881 - Start: build setup for bazel-0.9.0-2.mga7.src.rpm
2018-01-22 21:05:35,073 - Start: clean chroot
2018-01-22 21:05:39,761 - Finish: clean chroot
2018-01-22 21:06:02,417 - Mock Version: 1.4.8
2018-01-22 21:06:06,854 - Start: dnf update
2018-01-22 21:06:44,954 - Finish: dnf update
2018-01-22 21:06:44,968 - Finish: chroot init
2018-01-22 21:06:44,972 - Start: build phase for bazel-0.9.0-2.mga7.src.rpm
2018-01-22 21:06:44,973 - Start: build setup for bazel-0.9.0-2.mga7.src.rpm
2018-01-22 21:07:36,413 - Start: clean chroot
2018-01-22 21:07:41,089 - Finish: clean chroot
2018-01-22 21:12:30,557 - Mock Version: 1.4.8
2018-01-22 21:12:33,830 - Start: dnf update
2018-01-22 21:13:13,203 - Finish: dnf update
2018-01-22 21:13:13,217 - Finish: chroot init
2018-01-22 21:13:13,220 - Start: build phase for bazel-0.9.0-2.mga7.src.rpm
2018-01-22 21:13:13,222 - Start: build setup for bazel-0.9.0-2.mga7.src.rpm
2018-01-22 21:14:04,733 - Start: clean chroot
2018-01-22 21:14:12,589 - Finish: clean chroot
2018-01-22 21:58:03,362 - Mock Version: 1.4.8
2018-01-22 21:58:06,308 - Start: dnf update
2018-01-22 21:58:46,693 - Finish: dnf update
2018-01-22 21:58:46,707 - Finish: chroot init
2018-01-22 21:58:46,710 - Start: build phase for bazel-0.9.0-2.mga7.src.rpm
2018-01-22 21:58:46,711 - Start: build setup for bazel-0.9.0-2.mga7.src.rpm
2018-01-22 21:59:01,103 - Start: clean chroot
2018-01-22 21:59:04,774 - Finish: clean chroot
2018-01-22 21:59:51,860 - Mock Version: 1.4.8
2018-01-22 21:59:54,859 - Start: dnf update
2018-01-22 22:00:37,123 - Finish: dnf update
2018-01-22 22:00:37,137 - Finish: chroot init
2018-01-22 22:00:37,140 - Start: build phase for bazel-0.9.0-2.mga7.src.rpm
2018-01-22 22:00:37,141 - Start: build setup for bazel-0.9.0-2.mga7.src.rpm
2018-01-22 22:00:52,853 - Start: clean chroot
2018-01-22 22:00:56,502 - Finish: clean chroot
2018-01-22 22:01:17,081 - Mock Version: 1.4.8
2018-01-22 22:01:19,993 - Start: dnf update
2018-01-22 22:01:46,433 - Finish: dnf update
2018-01-22 22:01:46,448 - Finish: chroot init
2018-01-22 22:01:46,451 - Start: build phase for bazel-0.9.0-2.mga7.src.rpm
2018-01-22 22:01:46,453 - Start: build setup for bazel-0.9.0-2.mga7.src.rpm
2018-01-22 22:02:08,123 - Start: clean chroot
2018-01-22 22:02:11,736 - Finish: clean chroot
2018-01-22 22:02:33,667 - Mock Version: 1.4.8
2018-01-22 22:02:38,160 - Start: dnf update
2018-01-22 22:03:23,904 - Finish: dnf update
2018-01-22 22:03:23,917 - Finish: chroot init
2018-01-22 22:03:23,920 - Start: build phase for bazel-0.9.0-2.mga7.src.rpm
2018-01-22 22:03:23,922 - Start: build setup for bazel-0.9.0-2.mga7.src.rpm
2018-01-22 22:03:30,153 - Start: clean chroot
2018-01-22 22:03:38,044 - Finish: clean chroot
2018-01-22 22:04:08,416 - Mock Version: 1.4.8
2018-01-22 22:04:13,218 - Start: dnf update
2018-01-22 22:04:35,453 - Finish: dnf update
2018-01-22 22:04:35,474 - Finish: chroot init
2018-01-22 22:04:35,477 - Start: build phase for bazel-0.9.0-2.mga7.src.rpm
2018-01-22 22:04:35,478 - Start: build setup for bazel-0.9.0-2.mga7.src.rpm
2018-01-22 22:05:18,132 - Start: clean chroot
2018-01-22 22:05:21,686 - Finish: clean chroot
2018-01-22 22:05:53,807 - Mock Version: 1.4.8
2018-01-22 22:05:55,600 - Start: dnf update
2018-01-22 22:06:13,834 - Finish: dnf update
2018-01-22 22:06:13,858 - Finish: chroot init
2018-01-22 22:06:13,861 - Start: build phase for bazel-0.9.0-2.mga7.src.rpm
2018-01-22 22:06:13,863 - Start: build setup for bazel-0.9.0-2.mga7.src.rpm
2018-01-22 22:06:40,502 - Start: clean chroot
2018-01-22 22:06:44,165 - Finish: clean chroot
2018-01-22 22:07:20,671 - Mock Version: 1.4.8
2018-01-22 22:07:25,580 - Start: dnf update
2018-01-22 22:08:21,963 - Finish: dnf update
2018-01-22 22:08:21,976 - Finish: chroot init
2018-01-22 22:08:21,979 - Start: build phase for bazel-0.9.0-2.mga7.src.rpm
2018-01-22 22:08:21,981 - Start: build setup for bazel-0.9.0-2.mga7.src.rpm
2018-01-22 22:09:43,703 - Start: clean chroot
2018-01-22 22:09:48,489 - Finish: clean chroot
2018-01-22 22:25:38,771 - Mock Version: 1.4.8
2018-01-22 22:25:42,438 - Start: dnf update
2018-01-22 22:26:38,632 - Finish: dnf update
2018-01-22 22:26:38,646 - Finish: chroot init
2018-01-22 22:26:38,648 - Start: build phase for bazel-0.9.0-2.mga7.src.rpm
2018-01-22 22:26:38,650 - Start: build setup for bazel-0.9.0-2.mga7.src.rpm
2018-01-22 22:26:55,842 - Start: clean chroot
2018-01-22 22:26:59,506 - Finish: clean chroot
2018-01-22 22:27:37,475 - Mock Version: 1.4.8
2018-01-22 22:27:41,287 - Start: dnf update
2018-01-22 22:27:46,443 - Finish: dnf update
2018-01-22 22:27:46,464 - Finish: chroot init
2018-01-22 22:27:46,466 - Start: build phase for bazel-0.9.0-2.mga7.src.rpm
2018-01-22 22:27:46,468 - Start: build setup for bazel-0.9.0-2.mga7.src.rpm
2018-01-22 22:28:01,442 - Start: clean chroot
2018-01-22 22:28:50,878 - Mock Version: 1.4.8
2018-01-22 22:28:53,670 - Start: dnf update
2018-01-22 22:29:01,533 - Finish: dnf update
2018-01-22 22:29:01,554 - Finish: chroot init
2018-01-22 22:29:01,557 - Start: build phase for bazel-0.9.0-2.mga7.src.rpm
2018-01-22 22:29:01,558 - Start: build setup for bazel-0.9.0-2.mga7.src.rpm
2018-01-22 22:29:19,452 - Start: clean chroot
2018-01-22 22:29:22,931 - Finish: clean chroot
2018-01-22 22:29:46,622 - Mock Version: 1.4.8
2018-01-22 22:29:48,246 - Start: dnf update
2018-01-22 22:30:37,302 - Finish: dnf update
2018-01-22 22:30:37,316 - Finish: chroot init
2018-01-22 22:30:37,319 - Start: build phase for bazel-0.9.0-2.mga7.src.rpm
2018-01-22 22:30:37,320 - Start: build setup for bazel-0.9.0-2.mga7.src.rpm
2018-01-22 22:31:46,212 - Start: clean chroot
2018-01-22 22:31:51,227 - Finish: clean chroot
2018-01-22 22:39:52,275 - Mock Version: 1.4.8
2018-01-22 22:39:53,878 - Start: dnf update
2018-01-22 22:40:25,393 - Finish: dnf update
2018-01-22 22:40:25,406 - Finish: chroot init
2018-01-22 22:40:25,409 - Start: build phase for bazel-0.9.0-2.mga7.src.rpm
2018-01-22 22:40:25,410 - Start: build setup for bazel-0.9.0-2.mga7.src.rpm
2018-01-22 22:41:30,782 - Start: clean chroot
2018-01-22 22:41:36,207 - Finish: clean chroot
