D: [iurt_root_command] chroot
warning: line 884: It's not recommended to have unversioned Obsoletes: Obsoletes:	crda
warning: line 884: It's not recommended to have unversioned Obsoletes: Obsoletes:	crda-devel
warning: line 884: It's not recommended to have unversioned Obsoletes: Obsoletes:	fuse-exfat
warning: line 884: It's not recommended to have unversioned Obsoletes: Obsoletes:	vboxadditions-kernel-desktop-latest
warning: line 884: It's not recommended to have unversioned Obsoletes: Obsoletes:	kernel-tmb-desktop-latest
warning: line 884: It's not recommended to have unversioned Obsoletes: Obsoletes:	kernel-tmb-desktop-devel-latest
warning: line 1003: It's not recommended to have unversioned Obsoletes: Obsoletes:	cpufreq cpufrequtils
Installing /home/stig/rpmbuild/SRPMS/kernel-5.6.13-10.mga8.src.rpm
Executing(%prep): /bin/sh -e /home/stig/rpmbuild/tmp/rpm-tmp.fXA34u
+ umask 022
+ cd /home/stig/rpmbuild/BUILD
+ '[' 1 -eq 1 ']'
+ '[' 1 -eq 1 ']'
+ '[' 1 -eq 1 ']'
+ cd /home/stig/rpmbuild/BUILD
+ rm -rf kernel-x86_64
+ /usr/bin/mkdir -p kernel-x86_64
+ cd kernel-x86_64
+ /usr/bin/xz -dc /home/stig/rpmbuild/SOURCES/linux-5.6.tar.xz
+ /usr/bin/tar -xof -
+ STATUS=0
+ '[' 0 -ne 0 ']'
+ /usr/bin/chmod -Rf a+rX,u+w,g-w,o-w .
+ cd /home/stig/rpmbuild/BUILD/kernel-x86_64/linux-5.6
+ /usr/bin/xz -dc /home/stig/rpmbuild/SOURCES/patch-5.6.13.xz
+ /usr/bin/patch -p1 -s --fuzz=0 --no-backup-if-mismatch
+ /usr/bin/cat /home/stig/rpmbuild/SOURCES/x86-pci-toshiba-equium-a60-assign-busses.patch
+ /usr/bin/patch -p1 -s --fuzz=0 --no-backup-if-mismatch
+ /usr/bin/cat /home/stig/rpmbuild/SOURCES/x86-boot-video-80x25-if-break.patch
+ /usr/bin/patch -p1 -s --fuzz=0 --no-backup-if-mismatch
+ /usr/bin/cat /home/stig/rpmbuild/SOURCES/x86-default_poweroff_up_machines.patch
+ /usr/bin/patch -p1 -s --fuzz=0 --no-backup-if-mismatch
+ /usr/bin/cat /home/stig/rpmbuild/SOURCES/x86-increase-default-minimum-vmalloc-area-by-64MB-to-192MB.patch
+ /usr/bin/patch -p1 -s --fuzz=0 --no-backup-if-mismatch
+ /usr/bin/cat /home/stig/rpmbuild/SOURCES/Revert-cpufreq-pcc-Enable-autoload-of-pcc-cpufreq-fo.patch
+ /usr/bin/patch -p1 -s --fuzz=0 --no-backup-if-mismatch
+ /usr/bin/cat /home/stig/rpmbuild/SOURCES/x86-cpu-amd-Make-erratum-1054-a-legacy-erratum.patch
+ /usr/bin/patch -p1 -s --fuzz=0 --no-backup-if-mismatch
+ /usr/bin/cat /home/stig/rpmbuild/SOURCES/x86-disable-HPET-on-Intel-Coffee-Lake-Refresh-platforms.patch
+ /usr/bin/patch -p1 -s --fuzz=0 --no-backup-if-mismatch
+ /usr/bin/cat /home/stig/rpmbuild/SOURCES/x86-Fix-early-boot-crash-on-gcc-10.patch
+ /usr/bin/patch -p1 -s --fuzz=0 --no-backup-if-mismatch
+ /usr/bin/cat /home/stig/rpmbuild/SOURCES/scripts-gcc-plugins-gcc-common.h-Update-for-GCC-10.patch
+ /usr/bin/patch -p1 -s --fuzz=0 --no-backup-if-mismatch
+ /usr/bin/cat /home/stig/rpmbuild/SOURCES/kernel-Makefile-disallow-data-races-on-gcc-10-as-well.patch
+ /usr/bin/patch -p1 -s --fuzz=0 --no-backup-if-mismatch
+ /usr/bin/cat /home/stig/rpmbuild/SOURCES/drop_monitor-work-around-gcc-10-stringop-overflow-wa.patch
+ /usr/bin/patch -p1 -s --fuzz=0 --no-backup-if-mismatch
+ /usr/bin/cat /home/stig/rpmbuild/SOURCES/gcc-10-warnings-fix-low-hanging-fruit.patch
+ /usr/bin/patch -p1 -s --fuzz=0 --no-backup-if-mismatch
+ /usr/bin/cat /home/stig/rpmbuild/SOURCES/Stop-the-ad-hoc-games-with-Wno-maybe-initialized.patch
+ /usr/bin/patch -p1 -s --fuzz=0 --no-backup-if-mismatch
+ /usr/bin/cat /home/stig/rpmbuild/SOURCES/gcc-10-disable-zero-length-bounds-warning-for-now.patch
+ /usr/bin/patch -p1 -s --fuzz=0 --no-backup-if-mismatch
+ /usr/bin/cat /home/stig/rpmbuild/SOURCES/gcc-10-disable-array-bounds-warning-for-now.patch
+ /usr/bin/patch -p1 -s --fuzz=0 --no-backup-if-mismatch
+ /usr/bin/cat /home/stig/rpmbuild/SOURCES/gcc-10-disable-stringop-overflow-warning-for-now.patch
+ /usr/bin/patch -p1 -s --fuzz=0 --no-backup-if-mismatch
+ /usr/bin/cat /home/stig/rpmbuild/SOURCES/gcc-10-disable-restrict-warning-for-now.patch
+ /usr/bin/patch -p1 -s --fuzz=0 --no-backup-if-mismatch
+ /usr/bin/cat /home/stig/rpmbuild/SOURCES/gcc-10-mark-more-functions-__init-to-avoid-section-m.patch
+ /usr/bin/patch -p1 -s --fuzz=0 --no-backup-if-mismatch
+ /usr/bin/cat /home/stig/rpmbuild/SOURCES/fork-prevent-accidental-access-to-clone3-features.patch
+ /usr/bin/patch -p1 -s --fuzz=0 --no-backup-if-mismatch
+ /usr/bin/cat /home/stig/rpmbuild/SOURCES/acpi-CLEVO-M360S-disable_acpi_irq.patch
+ /usr/bin/patch -p1 -s --fuzz=0 --no-backup-if-mismatch
+ /usr/bin/cat /home/stig/rpmbuild/SOURCES/acpi-processor-M720SR-limit-to-C2.patch
+ /usr/bin/patch -p1 -s --fuzz=0 --no-backup-if-mismatch
+ /usr/bin/cat /home/stig/rpmbuild/SOURCES/ACPI-video-Add-a-quirk-to-force-acpi-video-backlight.patch
+ /usr/bin/patch -p1 -s --fuzz=0 --no-backup-if-mismatch
+ /usr/bin/cat /home/stig/rpmbuild/SOURCES/ACPI-EC-PM-Avoid-premature-returns-from-acpi_s2idle_.patch
+ /usr/bin/patch -p1 -s --fuzz=0 --no-backup-if-mismatch
+ /usr/bin/cat /home/stig/rpmbuild/SOURCES/scsi-megaraid-new-sysfs-name.patch
+ /usr/bin/patch -p1 -s --fuzz=0 --no-backup-if-mismatch
+ /usr/bin/cat /home/stig/rpmbuild/SOURCES/ide-pci-sis5513-965.patch
+ /usr/bin/patch -p1 -s --fuzz=0 --no-backup-if-mismatch
+ /usr/bin/cat /home/stig/rpmbuild/SOURCES/dm-raid-aliases.patch
+ /usr/bin/patch -p1 -s --fuzz=0 --no-backup-if-mismatch
+ /usr/bin/cat /home/stig/rpmbuild/SOURCES/block-floppy-disable-pnp-modalias.patch
+ /usr/bin/patch -p1 -s --fuzz=0 --no-backup-if-mismatch
+ /usr/bin/cat /home/stig/rpmbuild/SOURCES/ata-prefer-ata-drivers-over-ide-drivers-when-both-are-built.patch
+ /usr/bin/patch -p1 -s --fuzz=0 --no-backup-if-mismatch
+ /usr/bin/cat /home/stig/rpmbuild/SOURCES/fs-aufs-5.6.patch
+ /usr/bin/patch -p1 -s --fuzz=0 --no-backup-if-mismatch
+ /usr/bin/cat /home/stig/rpmbuild/SOURCES/fs-aufs-5.6-modular.patch
+ /usr/bin/patch -p1 -s --fuzz=0 --no-backup-if-mismatch
+ /usr/bin/cat /home/stig/rpmbuild/SOURCES/fs-aufs-5.6-fix.patch
+ /usr/bin/patch -p1 -s --fuzz=0 --no-backup-if-mismatch
+ /usr/bin/cat /home/stig/rpmbuild/SOURCES/fs-fat-Improve-the-readahead-for-FAT-entries.patch
+ /usr/bin/patch -p1 -s --fuzz=0 --no-backup-if-mismatch
+ /usr/bin/cat /home/stig/rpmbuild/SOURCES/fs-exfat-remove-from-staging.patch
+ /usr/bin/patch -p1 -s --fuzz=0 --no-backup-if-mismatch
+ /usr/bin/cat /home/stig/rpmbuild/SOURCES/fs-exfat-add-in-memory-and-on-disk-structures-and-heade.patch
+ /usr/bin/patch -p1 -s --fuzz=0 --no-backup-if-mismatch
+ /usr/bin/cat /home/stig/rpmbuild/SOURCES/fs-exfat-add-super-block-operations.patch
+ /usr/bin/patch -p1 -s --fuzz=0 --no-backup-if-mismatch
+ /usr/bin/cat /home/stig/rpmbuild/SOURCES/fs-exfat-add-inode-operations.patch
+ /usr/bin/patch -p1 -s --fuzz=0 --no-backup-if-mismatch
+ /usr/bin/cat /home/stig/rpmbuild/SOURCES/fs-exfat-add-directory-operations.patch
+ /usr/bin/patch -p1 -s --fuzz=0 --no-backup-if-mismatch
+ /usr/bin/cat /home/stig/rpmbuild/SOURCES/fs-exfat-add-file-operations.patch
+ /usr/bin/patch -p1 -s --fuzz=0 --no-backup-if-mismatch
+ /usr/bin/cat /home/stig/rpmbuild/SOURCES/fs-exfat-add-fat-entry-operations.patch
+ /usr/bin/patch -p1 -s --fuzz=0 --no-backup-if-mismatch
+ /usr/bin/cat /home/stig/rpmbuild/SOURCES/fs-exfat-add-bitmap-operations.patch
+ /usr/bin/patch -p1 -s --fuzz=0 --no-backup-if-mismatch
+ /usr/bin/cat /home/stig/rpmbuild/SOURCES/fs-exfat-add-exfat-cache.patch
+ /usr/bin/patch -p1 -s --fuzz=0 --no-backup-if-mismatch
+ /usr/bin/cat /home/stig/rpmbuild/SOURCES/fs-exfat-add-misc-operations.patch
+ /usr/bin/patch -p1 -s --fuzz=0 --no-backup-if-mismatch
+ /usr/bin/cat /home/stig/rpmbuild/SOURCES/fs-exfat-add-nls-operations.patch
+ /usr/bin/patch -p1 -s --fuzz=0 --no-backup-if-mismatch
+ /usr/bin/cat /home/stig/rpmbuild/SOURCES/fs-exfat-add-Kconfig-and-Makefile.patch
+ /usr/bin/patch -p1 -s --fuzz=0 --no-backup-if-mismatch
+ /usr/bin/cat /home/stig/rpmbuild/SOURCES/fs-MAINTAINERS-add-exfat-filesystem.patch
+ /usr/bin/patch -p1 -s --fuzz=0 --no-backup-if-mismatch
+ /usr/bin/cat /home/stig/rpmbuild/SOURCES/fs-exfat-update-file-system-parameter-handling.patch
+ /usr/bin/patch -p1 -s --fuzz=0 --no-backup-if-mismatch
+ /usr/bin/cat /home/stig/rpmbuild/SOURCES/fs-exfat-add-module_alias_fs.patch
+ /usr/bin/patch -p1 -s --fuzz=0 --no-backup-if-mismatch
+ /usr/bin/cat /home/stig/rpmbuild/SOURCES/fs-exfat-fix-discard-support.patch
+ /usr/bin/patch -p1 -s --fuzz=0 --no-backup-if-mismatch
+ /usr/bin/cat /home/stig/rpmbuild/SOURCES/firewire-ieee1394-module-aliases.patch
+ /usr/bin/patch -p1 -s --fuzz=0 --no-backup-if-mismatch
+ /usr/bin/cat /home/stig/rpmbuild/SOURCES/char-agp-intel-new-Q57-id.patch
+ /usr/bin/patch -p1 -s --fuzz=0 --no-backup-if-mismatch
+ /usr/bin/cat /home/stig/rpmbuild/SOURCES/Revert-drm-radeon-simplify-and-cleanup-setting-the-d.patch
+ /usr/bin/patch -p1 -s --fuzz=0 --no-backup-if-mismatch
+ /usr/bin/cat /home/stig/rpmbuild/SOURCES/Revert-drm-radeon-handle-PCIe-root-ports-with-addres.patch
+ /usr/bin/patch -p1 -s --fuzz=0 --no-backup-if-mismatch
+ /usr/bin/cat /home/stig/rpmbuild/SOURCES/hwmon-k10temp-Swap-Tdie-and-Tctl-on-Family-17h-CPUs.patch
+ /usr/bin/patch -p1 -s --fuzz=0 --no-backup-if-mismatch
+ /usr/bin/cat /home/stig/rpmbuild/SOURCES/hwmon-k10temp-Reorganize-and-simplify-temperature-support-detection.patch
+ /usr/bin/patch -p1 -s --fuzz=0 --no-backup-if-mismatch
+ /usr/bin/cat /home/stig/rpmbuild/SOURCES/hwmon-k10temp-Update-driver-documentation.patch
+ /usr/bin/patch -p1 -s --fuzz=0 --no-backup-if-mismatch
+ /usr/bin/cat /home/stig/rpmbuild/SOURCES/input-i8042-quirks-for-Fujitsu-Lifebook-A544-and-Lif.patch
+ /usr/bin/patch -p1 -s --fuzz=0 --no-backup-if-mismatch
+ /usr/bin/cat /home/stig/rpmbuild/SOURCES/hid-SFH-Add-maintainer-list-and-documentation-for-AMD-SF.patch
+ /usr/bin/patch -p1 -s --fuzz=0 --no-backup-if-mismatch
+ /usr/bin/cat /home/stig/rpmbuild/SOURCES/hid-SFH-PCI-driver-to-add-support-of-AMD-sensor-fusion-H.patch
+ /usr/bin/patch -p1 -s --fuzz=0 --no-backup-if-mismatch
+ /usr/bin/cat /home/stig/rpmbuild/SOURCES/hid-SFH-Transport-Driver-to-add-support-of-AMD-sensor-fu.patch
+ /usr/bin/patch -p1 -s --fuzz=0 --no-backup-if-mismatch
+ /usr/bin/cat /home/stig/rpmbuild/SOURCES/hid-SFH-Create-HID-report-to-Enable-support-of-AMD-senso.patch
+ /usr/bin/patch -p1 -s --fuzz=0 --no-backup-if-mismatch
+ /usr/bin/cat /home/stig/rpmbuild/SOURCES/net-sis190-fix-list-usage.patch
+ /usr/bin/patch -p1 -s --fuzz=0 --no-backup-if-mismatch
+ /usr/bin/cat /home/stig/rpmbuild/SOURCES/net-netfilter-IFWLOG.patch
+ /usr/bin/patch -p1 -s --fuzz=0 --no-backup-if-mismatch
+ /usr/bin/cat /home/stig/rpmbuild/SOURCES/net-netfilter-IFWLOG-mdv.patch
+ /usr/bin/patch -p1 -s --fuzz=0 --no-backup-if-mismatch
+ /usr/bin/cat /home/stig/rpmbuild/SOURCES/net-netfilter-IFWLOG-2.6.35-buildfix.patch
+ /usr/bin/patch -p1 -s --fuzz=0 --no-backup-if-mismatch
+ /usr/bin/cat /home/stig/rpmbuild/SOURCES/net-netfilter-IFWLOG-2.6.37-buildfix.patch
+ /usr/bin/patch -p1 -s --fuzz=0 --no-backup-if-mismatch
+ /usr/bin/cat /home/stig/rpmbuild/SOURCES/net-ipv4-netfilter-ipt_IFWLOG-3.6-buildfix.patch
+ /usr/bin/patch -p1 -s --fuzz=0 --no-backup-if-mismatch
+ /usr/bin/cat /home/stig/rpmbuild/SOURCES/net-netfilter-IFWLOG-3.7-buildfix.patch
+ /usr/bin/patch -p1 -s --fuzz=0 --no-backup-if-mismatch
+ /usr/bin/cat /home/stig/rpmbuild/SOURCES/net-netfilter-IFWLOG-remove-unused-label.patch
+ /usr/bin/patch -p1 -s --fuzz=0 --no-backup-if-mismatch
+ /usr/bin/cat /home/stig/rpmbuild/SOURCES/net-netfilter-ipt_IFWLOG-4.12-buildfix.patch
+ /usr/bin/patch -p1 -s --fuzz=0 --no-backup-if-mismatch
+ /usr/bin/cat /home/stig/rpmbuild/SOURCES/net-netfilter-IFWLOG-5.0-buildfix.patch
+ /usr/bin/patch -p1 -s --fuzz=0 --no-backup-if-mismatch
+ /usr/bin/cat /home/stig/rpmbuild/SOURCES/net-netfilter-psd.patch
+ /usr/bin/patch -p1 -s --fuzz=0 --no-backup-if-mismatch
+ /usr/bin/cat /home/stig/rpmbuild/SOURCES/net-netfilter-psd-mdv.patch
+ /usr/bin/patch -p1 -s --fuzz=0 --no-backup-if-mismatch
+ /usr/bin/cat /home/stig/rpmbuild/SOURCES/net-netfilter-psd-2.6.35-buildfix.patch
+ /usr/bin/patch -p1 -s --fuzz=0 --no-backup-if-mismatch
+ /usr/bin/cat /home/stig/rpmbuild/SOURCES/net-netfilter-psd-fix-redefines.patch
+ /usr/bin/patch -p1 -s --fuzz=0 --no-backup-if-mismatch
+ /usr/bin/cat /home/stig/rpmbuild/SOURCES/net-wireless-rtw88-add-r8822be-alias.patch
+ /usr/bin/patch -p1 -s --fuzz=0 --no-backup-if-mismatch
+ /usr/bin/cat /home/stig/rpmbuild/SOURCES/net-wireless-rtw88-disable-TX-AMSDU-on-2.4G-band.patch
+ /usr/bin/patch -p1 -s --fuzz=0 --no-backup-if-mismatch
+ /usr/bin/cat /home/stig/rpmbuild/SOURCES/net-wireless-iwlwifi-pcie-handle-QuZ-configs-with-killer-NICs-as-well.patch
+ /usr/bin/patch -p1 -s --fuzz=0 --no-backup-if-mismatch
+ /usr/bin/cat /home/stig/rpmbuild/SOURCES/platform-x86-add-shuttle-wmi-driver.patch
+ /usr/bin/patch -p1 -s --fuzz=0 --no-backup-if-mismatch
+ /usr/bin/cat /home/stig/rpmbuild/SOURCES/platform-x86-shuttle-wmi-drop-devinit-exit.patch
+ /usr/bin/patch -p1 -s --fuzz=0 --no-backup-if-mismatch
+ /usr/bin/cat /home/stig/rpmbuild/SOURCES/platform-x86-shuttle-wmi-4.2-buildfix.patch
+ /usr/bin/patch -p1 -s --fuzz=0 --no-backup-if-mismatch
+ /usr/bin/cat /home/stig/rpmbuild/SOURCES/platform-x86-shuttle-wmi-4.13-buildfix.patch
+ /usr/bin/patch -p1 -s --fuzz=0 --no-backup-if-mismatch
+ /usr/bin/cat /home/stig/rpmbuild/SOURCES/platform-x86-shuttle-wmi-kernel-5.5.patch
+ /usr/bin/patch -p1 -s --fuzz=0 --no-backup-if-mismatch
+ /usr/bin/cat /home/stig/rpmbuild/SOURCES/hid-usbhid-IBM-BladeCenterHS20-quirk.patch
+ /usr/bin/patch -p1 -s --fuzz=0 --no-backup-if-mismatch
+ /usr/bin/cat /home/stig/rpmbuild/SOURCES/usb-storage-unusual_devs-add-id.patch
+ /usr/bin/patch -p1 -s --fuzz=0 --no-backup-if-mismatch
+ /usr/bin/cat /home/stig/rpmbuild/SOURCES/usb-storage-unusual_devs-add-id-2.6.37-buildfix.patch
+ /usr/bin/patch -p1 -s --fuzz=0 --no-backup-if-mismatch
+ /usr/bin/cat /home/stig/rpmbuild/SOURCES/media-usb-pwc-lie-in-proc-usb-devices.patch
+ /usr/bin/patch -p1 -s --fuzz=0 --no-backup-if-mismatch
+ /usr/bin/cat /home/stig/rpmbuild/SOURCES/video-mageia-logo.patch
+ /usr/bin/patch -p1 -s --fuzz=0 --no-backup-if-mismatch
+ /usr/bin/cat /home/stig/rpmbuild/SOURCES/video-console-vgacon-treat-nokmsboot-as-nomodeset.patch
+ /usr/bin/patch -p1 -s --fuzz=0 --no-backup-if-mismatch
+ /usr/bin/cat /home/stig/rpmbuild/SOURCES/KVM-squelch-uninitialized-variable-warning.patch
+ /usr/bin/patch -p1 -s --fuzz=0 --no-backup-if-mismatch
+ /usr/bin/cat /home/stig/rpmbuild/SOURCES/tools-testing-selftest-Makefile-remove-powerpc-reference.patch
+ /usr/bin/patch -p1 -s --fuzz=0 --no-backup-if-mismatch
+ /usr/bin/cat /home/stig/rpmbuild/SOURCES/revert-objtool-silence-build-output.patch
+ /usr/bin/patch -p1 -s --fuzz=0 --no-backup-if-mismatch
+ /usr/bin/cat /home/stig/rpmbuild/SOURCES/tools-perf-util-srcline.c-binutils-hack.patch
+ /usr/bin/patch -p1 -s --fuzz=0 --no-backup-if-mismatch
+ /usr/bin/cat /home/stig/rpmbuild/SOURCES/perf-cs-etm-Move-definition-of-traceid_list-global-variable-from-header-file.patch
+ /usr/bin/patch -p1 -s --fuzz=0 --no-backup-if-mismatch
+ /usr/bin/cat /home/stig/rpmbuild/SOURCES/uapi-avoid-namespace-conflict-in-linux-posix_types.h.patch
+ /usr/bin/patch -p1 -s --fuzz=0 --no-backup-if-mismatch
+ /usr/bin/cat /home/stig/rpmbuild/SOURCES/3rd-3rdparty-tree.patch
+ /usr/bin/patch -p1 -s --fuzz=0 --no-backup-if-mismatch
+ /usr/bin/cat /home/stig/rpmbuild/SOURCES/3rd-3rdparty-merge.patch
+ /usr/bin/patch -p1 -s --fuzz=0 --no-backup-if-mismatch
+ /usr/bin/cat /home/stig/rpmbuild/SOURCES/3rd-ndiswrapper-1.63.patch
+ /usr/bin/patch -p1 -s --fuzz=0 --no-backup-if-mismatch
+ /usr/bin/cat /home/stig/rpmbuild/SOURCES/3rd-ndiswrapper-Kconfig.patch
+ /usr/bin/patch -p1 -s --fuzz=0 --no-backup-if-mismatch
+ /usr/bin/cat /home/stig/rpmbuild/SOURCES/3rd-ndiswrapper-Makefile-build-fix.patch
+ /usr/bin/patch -p1 -s --fuzz=0 --no-backup-if-mismatch
+ /usr/bin/cat /home/stig/rpmbuild/SOURCES/3rd-niswrapper-Kconfig-Makefile.patch
+ /usr/bin/patch -p1 -s --fuzz=0 --no-backup-if-mismatch
+ /usr/bin/cat /home/stig/rpmbuild/SOURCES/3rd-rtl8812au.patch
+ /usr/bin/patch -p1 -s --fuzz=0 --no-backup-if-mismatch
+ /usr/bin/cat /home/stig/rpmbuild/SOURCES/3rd-rtl8812au-Kconfig-Makefile.patch
+ /usr/bin/patch -p1 -s --fuzz=0 --no-backup-if-mismatch
+ /usr/bin/cat /home/stig/rpmbuild/SOURCES/3rd-rtl8812au-rename.patch
+ /usr/bin/patch -p1 -s --fuzz=0 --no-backup-if-mismatch
+ /usr/bin/cat /home/stig/rpmbuild/SOURCES/3rd-rtl8723de.patch
+ /usr/bin/patch -p1 -s --fuzz=0 --no-backup-if-mismatch
+ /usr/bin/cat /home/stig/rpmbuild/SOURCES/3rd-rtl8723de-Kconfig-Makefile.patch
+ /usr/bin/patch -p1 -s --fuzz=0 --no-backup-if-mismatch
+ /usr/bin/cat /home/stig/rpmbuild/SOURCES/3rd-rtl8723de-fix-redefine.patch
+ /usr/bin/patch -p1 -s --fuzz=0 --no-backup-if-mismatch
+ /usr/bin/cat /home/stig/rpmbuild/SOURCES/3rd-rtl8723de-nodebug.patch
+ /usr/bin/patch -p1 -s --fuzz=0 --no-backup-if-mismatch
+ /usr/bin/cat /home/stig/rpmbuild/SOURCES/3rd-rtl8223de-kernel-5.6.patch
+ /usr/bin/patch -p1 -s --fuzz=0 --no-backup-if-mismatch
+ /usr/bin/cat /home/stig/rpmbuild/SOURCES/3rd-viahss-0.92.patch
+ /usr/bin/patch -p1 -s --fuzz=0 --no-backup-if-mismatch
+ /usr/bin/cat /home/stig/rpmbuild/SOURCES/3rd-viahss-config.patch
+ /usr/bin/patch -p1 -s --fuzz=0 --no-backup-if-mismatch
+ /usr/bin/cat /home/stig/rpmbuild/SOURCES/3rd-viahss-module-license.patch
+ /usr/bin/patch -p1 -s --fuzz=0 --no-backup-if-mismatch
+ /usr/bin/cat /home/stig/rpmbuild/SOURCES/3rd-viahss-2.6.35-buildfix.patch
+ /usr/bin/patch -p1 -s --fuzz=0 --no-backup-if-mismatch
+ /usr/bin/cat /home/stig/rpmbuild/SOURCES/3rd-viahss-3.0-buildfix.patch
+ /usr/bin/patch -p1 -s --fuzz=0 --no-backup-if-mismatch
+ /usr/bin/cat /home/stig/rpmbuild/SOURCES/3rd-viahss-Kconfig-Makefile.patch
+ /usr/bin/patch -p1 -s --fuzz=0 --no-backup-if-mismatch
+ /usr/bin/cat /home/stig/rpmbuild/SOURCES/3rd-rtl8821ce.patch
+ /usr/bin/patch -p1 -s --fuzz=0 --no-backup-if-mismatch
+ /usr/bin/cat /home/stig/rpmbuild/SOURCES/3rd-rtl8821ce-Kconfig-Makefile.patch
+ /usr/bin/patch -p1 -s --fuzz=0 --no-backup-if-mismatch
+ /usr/bin/cat /home/stig/rpmbuild/SOURCES/linux-5.5-python3.patch
+ /usr/bin/patch -p1 -s --fuzz=0 --no-backup-if-mismatch
+ /usr/bin/cat /home/stig/rpmbuild/SOURCES/CVE-2019-12379.patch
+ /usr/bin/patch -p1 -s --fuzz=0 --no-backup-if-mismatch
+ /usr/bin/cat /home/stig/rpmbuild/SOURCES/0001-cpu-5.6-merge-graysky-s-patchset.patch
+ /usr/bin/patch -p1 -s --fuzz=0 --no-backup-if-mismatch
+ /usr/bin/cat /home/stig/rpmbuild/SOURCES/0002-init-Kconfig-enable-O3-for-all-arches.patch
+ /usr/bin/patch -p1 -s --fuzz=0 --no-backup-if-mismatch
1 out of 1 hunk FAILED -- saving rejects to file init/Kconfig.rej
error: Bad exit status from /home/stig/rpmbuild/tmp/rpm-tmp.fXA34u (%prep)


RPM build errors:
    line 884: It's not recommended to have unversioned Obsoletes: Obsoletes:	crda
    line 884: It's not recommended to have unversioned Obsoletes: Obsoletes:	crda-devel
    line 884: It's not recommended to have unversioned Obsoletes: Obsoletes:	fuse-exfat
    line 884: It's not recommended to have unversioned Obsoletes: Obsoletes:	vboxadditions-kernel-desktop-latest
    line 884: It's not recommended to have unversioned Obsoletes: Obsoletes:	kernel-tmb-desktop-latest
    line 884: It's not recommended to have unversioned Obsoletes: Obsoletes:	kernel-tmb-desktop-devel-latest
    line 1003: It's not recommended to have unversioned Obsoletes: Obsoletes:	cpufreq cpufrequtils
    Bad exit status from /home/stig/rpmbuild/tmp/rpm-tmp.fXA34u (%prep)
I: [iurt_root_command] ERROR: chroot
