Mock Version: 1.4.8
ENTER ['do'](['bash', '--login', '-c', '/usr/bin/rpmbuild -bs --target x86_64 --nodeps /builddir/build/SPECS/cadence.spec'], chrootPath='/home/stig/rpmbuild/mock/6/x86_64'env={'TERM': 'vt100', 'SHELL': '/bin/bash', 'HOME': '/builddir', 'HOSTNAME': 'mock', 'PATH': '/usr/bin:/bin:/usr/sbin:/sbin', 'PROMPT_COMMAND': 'printf "\\033]0;<mock-chroot>\\007"', 'PS1': '<mock-chroot> \\s-\\v\\$ ', 'LANG': 'en_US.UTF-8'}shell=Falselogger=<mockbuild.trace_decorator.getLog object at 0x7f7b1aa16710>timeout=0uid=1000gid=135user='mockbuild'nspawn_args=[]unshare_net=TrueprintOutput=True)
Executing command: ['/usr/bin/systemd-nspawn', '-q', '-M', '210278e958ad40d69aa998072a94f370', '-D', '/home/stig/rpmbuild/mock/6/x86_64', '-a', '--setenv=TERM=vt100', '--setenv=SHELL=/bin/bash', '--setenv=HOME=/builddir', '--setenv=HOSTNAME=mock', '--setenv=PATH=/usr/bin:/bin:/usr/sbin:/sbin', '--setenv=PROMPT_COMMAND=printf "\\033]0;<mock-chroot>\\007"', '--setenv=PS1=<mock-chroot> \\s-\\v\\$ ', '--setenv=LANG=en_US.UTF-8', '-u', 'mockbuild', 'bash', '--login', '-c', '/usr/bin/rpmbuild -bs --target x86_64 --nodeps /builddir/build/SPECS/cadence.spec'] with env {'TERM': 'vt100', 'SHELL': '/bin/bash', 'HOME': '/builddir', 'HOSTNAME': 'mock', 'PATH': '/usr/bin:/bin:/usr/sbin:/sbin', 'PROMPT_COMMAND': 'printf "\\033]0;<mock-chroot>\\007"', 'PS1': '<mock-chroot> \\s-\\v\\$ ', 'LANG': 'en_US.UTF-8'} and shell False
/etc/profile.d/10lang.sh: line 28: warning: setlocale: LC_CTYPE: cannot change locale (en_US.UTF-8): No such file or directory
/etc/profile.d/10lang.sh: line 29: warning: setlocale: LC_COLLATE: cannot change locale (en_US.UTF-8): No such file or directory
/etc/profile.d/10lang.sh: line 32: warning: setlocale: LC_MESSAGES: cannot change locale (en_US.UTF-8): No such file or directory
/etc/profile.d/10lang.sh: line 35: warning: setlocale: LC_NUMERIC: cannot change locale (en_US.UTF-8): No such file or directory
/etc/profile.d/10lang.sh: line 38: warning: setlocale: LC_TIME: cannot change locale (en_US.UTF-8): No such file or directory
Building target platforms: x86_64
Building for target x86_64
Wrote: /builddir/build/SRPMS/cadence-1.0-0.git20170707.1.mga6.src.rpm
Child return code was: 0
ENTER ['do'](['bash', '--login', '-c', '/usr/bin/rpmbuild -bb --target x86_64 --nodeps /builddir/build/SPECS/cadence.spec'], chrootPath='/home/stig/rpmbuild/mock/6/x86_64'env={'TERM': 'vt100', 'SHELL': '/bin/bash', 'HOME': '/builddir', 'HOSTNAME': 'mock', 'PATH': '/usr/bin:/bin:/usr/sbin:/sbin', 'PROMPT_COMMAND': 'printf "\\033]0;<mock-chroot>\\007"', 'PS1': '<mock-chroot> \\s-\\v\\$ ', 'LANG': 'en_US.UTF-8'}shell=Falselogger=<mockbuild.trace_decorator.getLog object at 0x7f7b1aa16710>timeout=0uid=1000gid=135user='mockbuild'nspawn_args=[]unshare_net=TrueprintOutput=True)
Executing command: ['/usr/bin/systemd-nspawn', '-q', '-M', 'b50de8b8199f4045926a2e1db8fea62e', '-D', '/home/stig/rpmbuild/mock/6/x86_64', '-a', '--setenv=TERM=vt100', '--setenv=SHELL=/bin/bash', '--setenv=HOME=/builddir', '--setenv=HOSTNAME=mock', '--setenv=PATH=/usr/bin:/bin:/usr/sbin:/sbin', '--setenv=PROMPT_COMMAND=printf "\\033]0;<mock-chroot>\\007"', '--setenv=PS1=<mock-chroot> \\s-\\v\\$ ', '--setenv=LANG=en_US.UTF-8', '-u', 'mockbuild', 'bash', '--login', '-c', '/usr/bin/rpmbuild -bb --target x86_64 --nodeps /builddir/build/SPECS/cadence.spec'] with env {'TERM': 'vt100', 'SHELL': '/bin/bash', 'HOME': '/builddir', 'HOSTNAME': 'mock', 'PATH': '/usr/bin:/bin:/usr/sbin:/sbin', 'PROMPT_COMMAND': 'printf "\\033]0;<mock-chroot>\\007"', 'PS1': '<mock-chroot> \\s-\\v\\$ ', 'LANG': 'en_US.UTF-8'} and shell False
/etc/profile.d/10lang.sh: line 28: warning: setlocale: LC_CTYPE: cannot change locale (en_US.UTF-8): No such file or directory
/etc/profile.d/10lang.sh: line 29: warning: setlocale: LC_COLLATE: cannot change locale (en_US.UTF-8): No such file or directory
/etc/profile.d/10lang.sh: line 32: warning: setlocale: LC_MESSAGES: cannot change locale (en_US.UTF-8): No such file or directory
/etc/profile.d/10lang.sh: line 35: warning: setlocale: LC_NUMERIC: cannot change locale (en_US.UTF-8): No such file or directory
/etc/profile.d/10lang.sh: line 38: warning: setlocale: LC_TIME: cannot change locale (en_US.UTF-8): No such file or directory
Building target platforms: x86_64
Building for target x86_64
Executing(%prep): /bin/sh -e /var/tmp/rpm-tmp.1RanbK
+ umask 022
+ cd /builddir/build/BUILD
+ '[' 1 -eq 1 ']'
+ '[' 1 -eq 1 ']'
+ '[' 1 -eq 1 ']'
+ cd /builddir/build/BUILD
+ rm -rf Cadence-master
+ /usr/bin/gzip -dc /builddir/build/SOURCES/cadence-1.0-git20170707.tar.gz
+ /usr/bin/tar -xof -
+ STATUS=0
+ '[' 0 -ne 0 ']'
+ cd Cadence-master
+ /usr/bin/chmod -Rf a+rX,u+w,g-w,o-w .
+ find . -name '*.py'
+ xargs sed -i '1s|^#!python|#!/usr/bin/python3|'
+ find . -name '*.py'
+ xargs sed -i '1s|^#!/usr/bin/env python3|#!/usr/bin/python3|'
+ rm -R data/unity/
+ /usr/bin/cat /builddir/build/SOURCES/cadence-0.8.1-mga-systrayRemoveAppIndicator.patch
+ /usr/bin/patch -p1 -s --fuzz=0 --no-backup-if-mismatch
1 out of 1 hunk FAILED -- saving rejects to file src/systray.py.rej
error: Bad exit status from /var/tmp/rpm-tmp.1RanbK (%prep)
RPM build errors:
    Bad exit status from /var/tmp/rpm-tmp.1RanbK (%prep)
Child return code was: 1
EXCEPTION: [Error()]
Traceback (most recent call last):
  File "/usr/lib/python3.6/site-packages/mockbuild/trace_decorator.py", line 96, in trace
    result = func(*args, **kw)
  File "/usr/lib/python3.6/site-packages/mockbuild/util.py", line 619, in do
    raise exception.Error("Command failed: \n # %s\n%s" % (command, output), child.returncode)
mockbuild.exception.Error: Command failed: 
 # /usr/bin/systemd-nspawn -q -M b50de8b8199f4045926a2e1db8fea62e -D /home/stig/rpmbuild/mock/6/x86_64 -a --setenv=TERM=vt100 --setenv=SHELL=/bin/bash --setenv=HOME=/builddir --setenv=HOSTNAME=mock --setenv=PATH=/usr/bin:/bin:/usr/sbin:/sbin --setenv=PROMPT_COMMAND=printf "\033]0;<mock-chroot>\007" --setenv=PS1=<mock-chroot> \s-\v\$  --setenv=LANG=en_US.UTF-8 -u mockbuild bash --login -c /usr/bin/rpmbuild -bb --target x86_64 --nodeps /builddir/build/SPECS/cadence.spec

