lib64uuid-devel-2.28.2-2.mga6.x86_64 1487848604 113997 34d83000c2f089a0450ea1ef404307da installed
rootcerts-1:20171122.00-1.1.mga6.noarch 1513640019 3019710 fb2dd45eb83d418ae93341fc7499771a installed
lib64xext6-1:1.3.3-4.mga6.x86_64 1454941380 200671 b2347184adbf8deb1c3ea85ccd13df54 installed
python-rpm-macros-3-4.mga6.noarch 1484743671 3268 88f57476bada85917b920a96163dad92 installed
lib64xcb-dri3_0-1.12-2.mga6.x86_64 1467524268 11184 5beafa4d43f95049748989825c726200 installed
mageia-repos-pkgprefs-6-1.mga6.noarch 1499371760 0 5e1d32abaef68a768bb843aa4d31914a installed
lib64xrandr2-1.5.1-1.mga6.x86_64 1475692115 44320 e7efb53225f75da26174dd5c2acac366 installed
cmake-rpm-macros-1:3.7.2-3.mga6.x86_64 1496990563 4534 90673a3d155d90b66ad2a27dd85ed3d7 installed
lib64xdamage1-1.1.4-8.mga6.x86_64 1454942656 11160 26779b424b6af213a6b73ae35a33278f installed
run-parts-1:4.4-7.mga6.x86_64 1455301833 93729 a8d8c564e895e3049e0aee4d6b372cba installed
lib64glibmm2.4_1-2.50.1-1.mga6.x86_64 1491329940 2484500 840eb9091ad29a766bb0ad2456eb4110 installed
glibc-6:2.22-26.mga6.x86_64 1513388203 27406675 6c54d0daf9c95a84d962534d6c58115f installed
lib64xcb-composite0-1.12-2.mga6.x86_64 1467524268 11176 fd2b0b6f43323cb22044263df1e26189 installed
lib64popt0-1:1.16-13.mga6.x86_64 1456060419 54457 e1101a4814f951cbc5c337e52f7e59f5 installed
lib64xcb-record0-1.12-2.mga6.x86_64 1467524268 19400 2d40511b2dd4784f7bcefe1c06be3236 installed
lib64openssl1.0.0-1.0.2n-1.mga6.x86_64 1513156831 3224856 e250c109a35d387a646139adf26e213b installed
lib64xcb-shape0-1.12-2.mga6.x86_64 1467524268 15264 aa3bda8333666757ff037ba368437510 installed
lib64cap2-2.25-1.mga6.x86_64 1460387733 71216 0b8534a73aeabf685c76a1bac063adec installed
lib64xcb-xkb1-1.12-2.mga6.x86_64 1467524268 114104 49d9fc2de1e4d58922d808a9fa9e1f87 installed
lib64ffi6-3.2.1-5.mga6.x86_64 1455209060 53623 193f7267b19db640409187a51e0026e0 installed
lib64xau-devel-1.0.8-7.mga6.x86_64 1455233243 6843 e096aad5cdbb5f5f19ce1544a38cac97 installed
lib64attr1-2.4.47-7.mga6.x86_64 1455121420 71376 7b799fedc22fb16ec3b37bb5b33401f3 installed
lib64pciaccess-devel-0.13.5-1.mga6.x86_64 1494969783 15314 e99d4ae9f5eeb15f9b49e0a34df77f9a installed
lib64nettle6-1:3.3-1.mga6.x86_64 1475498006 1003216 5758d37931b2ecb7a99f217beb29abe0 installed
lib64xshmfence-devel-1.2-2.mga6.x86_64 1455234541 1937 717719c7a410f85c40f5204604b5ceac installed
gettext-base-0.19.8.1-1.mga6.x86_64 1465844977 3429413 d7a4e341a05dc64eef437d09f689a006 installed
lib64openssl-devel-1.0.2n-1.mga6.x86_64 1513156831 5113157 9fd502a19ee5287ec867a629d3ae046c installed
xz-5.2.3-1.mga6.x86_64 1483134182 510975 106962849159d0a27d32da2cd2267fdd installed
lib64jbig1-2.1-4.mga6.x86_64 1455204088 104936 8a2af3fe3146ac1ff92496f76802b769 installed
file-5.25-5.mga6.x86_64 1477005109 4761378 6a4a5313d0e28afa10f3529441bc2f5f installed
libdrm-common-2.4.81-1.mga6.x86_64 1496725319 56 8cdabcd54152d3235f2873b7d02701e4 installed
lib64audit1-2.7.7-1.mga6.x86_64 1498044133 111523 abe177585d4048ca8c2208fb49f206b9 installed
lib64drm_nouveau2-2.4.81-1.mga6.x86_64 1496725319 32432 7fbf1105c2087c437f065bf978c1ea6d installed
lib64nspr4-2:4.17-1.mga6.x86_64 1506716079 291528 d44cbd3d8d46b6570b4764e7a2eef12c installed
mesa-17.1.5-1.mga6.x86_64 1500291991 6026 a4a8326aabafca0376957c5f68ad4f1b installed
lib64gcrypt20-1.7.8-1.1.mga6.x86_64 1504882790 1220130 a19cfde8bdc4e8b6c5f25ba338c0e9b5 installed
lib64gpg-error-devel-1.24-1.mga6.x86_64 1470926360 199270 cebbbb81ebea0448401dab5c4fb79ed4 installed
lib64devmapper-event1.02-1.02.137-1.mga6.x86_64 1480623493 28136 544d3e8ed328bd76f7d32b6c813c25f6 installed
lib64pcre-devel-8.41-1.mga6.x86_64 1513457408 1283696 7c2dc943dc06a0ea9dca2f6d222984b9 installed
perl-File-Sync-0.110.0-17.mga6.x86_64 1466296764 18658 5b43684b99c8d8833c42d93d15a90f62 installed
python3-3.5.3-1.1.mga6.x86_64 1514681663 16775 19fa82b4c57add0b144118d9725d341b installed
perl-List-MoreUtils-0.415.0-1.mga6.x86_64 1462572808 162036 bfeda5edd530434780d8b55537b15270 installed
python3-sip-1:4.18.1-1.mga6.x86_64 1470935714 375401 166de1de51fa8f03571d16a61e115727 installed
lib64archive13-3.3.1-1.1.mga6.x86_64 1504818096 778583 264dd1c8a4817f370a5ea08869561da4 installed
python3-qt4-script-4.11.4-10.mga6.x86_64 1475736178 308609 6ef58d53348b331a2de9a275166f26d2 installed
rmt-0.4b46-1.mga6.x86_64 1478892844 41243 9353d181d993e91b1b6f31866a99353e installed
lib64xml2-devel-2.9.7-1.mga6.x86_64 1514396114 9966126 a9a132e5a9ea4829d72fd9815ac76935 installed
unzip-6.0-17.mga6.x86_64 1483736915 742718 7e21140f375b3071a7fe52d93894f8ca installed
lib64xext-devel-1:1.3.3-4.mga6.x86_64 1454941380 103851 0525ab863ea1b65759c370ff882b0cb7 installed
lib64fuse2-0:2.9.7-1.mga6.x86_64 1470851502 261224 ce4ace23ffd20814e9522112173280f8 installed
lib64xcursor-devel-1.1.14-6.1.mga6.x86_64 1512118945 19802 83a74b8451586f587ff0c54b6eca3338 installed
lib64daemon0-0.14-10.mga6.x86_64 1455208973 28088 571ae182431fb1dcf4e96a6294323b2f installed
lib64xxf86vm-devel-1.1.4-2.mga6.x86_64 1455234436 13124 a1529e9ad2f2cfa91cd5d33a8b982d51 installed
lib64pcre32_0-8.41-1.mga6.x86_64 1513457408 406456 51c098196eb0cfcfe7869583c8598b42 installed
lib64unwind8-1.2-1.mga6.x86_64 1496851451 130517 77fadd62bccc9e45d5461dc1bc5f8d6b installed
lib64gnutls30-3.5.13-1.mga6.x86_64 1497091215 1481704 e1970b1a83a04749260afb2f8b145d4f installed
lib64gstreamer-plugins-base1.0_0-1.10.4-1.mga6.x86_64 1487860867 1983632 7e375331f9dec22f8b8b3f8741050d92 installed
lib64pam0-1.3.0-5.mga6.x86_64 1473494980 731896 f6b72326b05f92975c90e79c2e4fc73a installed
lib64qtsvg4-4:4.8.7-15.mga6.x86_64 1489668734 412168 d77a143bd4b337d7cf56f5da20ccd72b installed
lib64sasl2_3-2.1.26-12.mga6.x86_64 1455153375 128472 b1b1ff6de756d43c55371d74ccaf5040 installed
lib64qtmultimedia4-4:4.8.7-15.mga6.x86_64 1489668734 116232 96a78ecd4ad00dcce785ddd9059f0a4a installed
crontabs-1.10-22.mga6.noarch 1455896779 677 cc30a7963a2bdc8c2a7e26bb3b2a6ff0 installed
lib64qtlocation1-1.2.2-4.mga6.x86_64 1463771916 1130048 b8d3ea06abbeadbaed1c675453bfbdfd installed
bash-4.3-48.3.mga6.x86_64 1483479000 4494842 e086ad574e1673f4e0a4e0984b2f8351 installed
python3-qt4-test-4.11.4-10.mga6.x86_64 1475736178 62036 5b71e96e17ed9fc3e10aaa8008826fbf installed
gawk-4.1.4-1.mga6.x86_64 1472225032 2331709 30bae07c4f953d66ea56a2dc84df8dc9 installed
qt4-qtconfig-4:4.8.7-15.mga6.x86_64 1489668734 474883 e348f4b37a60210b775d9045f70296c8 installed
e2fsprogs-1.43.4-1.mga6.x86_64 1486019023 4384994 b135e1c967d5d19183bd9dd3a916e9c7 installed
glib-gettextize-2.52.2-2.mga6.x86_64 1495174244 30107 cf80f412e2a54dbf233dec45620bb798 installed
mageia-repos-6-1.mga6.x86_64 1499371763 38571 67b31107cd3054fc0e422553dca1199a installed
lib64fontconfig-devel-2.12.1-2.mga6.x86_64 1484842486 878136 ffef4013f243514b1c81b0e5bb95094c installed
lib64readline6-6.3-9.mga6.x86_64 1455300768 335552 cae9f5784dce2c0aaf963cdf2cc8db4e installed
lib64webp6-0.5.2-2.mga6.x86_64 1485096770 434296 2bb87433da2a50134c5ea45c727409bd installed
iputils-20161105-2.mga6.x86_64 1480335214 323382 53be525563c805ca3947d6935b59fa76 installed
python-sip-1:4.18.1-1.mga6.x86_64 1470935714 755562 d26e835f85e5eb38a3d60557aa2f624e installed
gzip-1.8-1.mga6.x86_64 1461748738 250922 14eed7d8cae8a5308285eac96d697333 installed
lib64config9-1.5-1.mga6.x86_64 1451668290 149771 12417cd17ebde9c2b04e21fd3f8013cc installed
glibc-devel-6:2.22-26.mga6.x86_64 1513388203 5917924 da0c85b146ccabe64359e02ecac16d0d installed
jackit-1.9.10-6.mga6.x86_64 1450392591 1440475 751dc431a29d4bb2289776a52b0953c1 installed
openldap-2.4.45-2.mga6.x86_64 1496611863 15507 b2b159e175e9195031ba2899257ca06e installed
python3-sip-devel-1:4.18.1-1.mga6.x86_64 1470935714 443167 fccb8f28459e43bd64f215e8c9138d02 installed
etcskel-1.63-34.mga6.noarch 1455896840 4609 c0908ca80e979be1bd0c6405f7ca011b installed
make-1:4.1-5.mga6.x86_64 1455236890 1402930 0c14ff6ad5093de8bc5749f7d105d3f4 installed
automake-1.15.1-1.mga6.noarch 1498285764 2468857 9da177d7d18fe324b5f98ed9fff9a830 installed
vim-minimal-8.0.388-1.mga6.x86_64 1488488982 809226 e88582d84bd5901defcfc6ab897195b6 installed
lib64sqlite3_0-3.17.0-2.1.mga6.x86_64 1501378771 894768 8c88c8f29deb2a5597522c06995ed90b installed
lib64girepository1.0_1-1.52.1-1.mga6.x86_64 1491809889 217040 252a76de02fad2022ec7f9f664896eab installed
dbus-1.10.16-1.mga6.x86_64 1487347310 520614 804a0d8d0bd9426cfe23f0880e093ccb installed
rpm-helper-0.24.17-4.mga6.noarch 1455897261 42353 55e8ce673ce10a1585e768e0f94b2960 installed
resolvconf-1.79-1.mga6.noarch 1464209425 69744 25253ceda5f48e51af4761bf85342de7 installed
dmsetup-1.02.137-1.mga6.x86_64 1480623493 267886 a0d3db0de172868d7943470ab89f79cf installed
lib64rpm7-1:4.13.0.2-3.1.mga6.x86_64 1509022715 677144 0382048870dcc1dbac56e7df216ea924 installed
python2-rpm-1:4.13.0.2-3.1.mga6.x86_64 1509022715 190578 76fd8d07efd7264d56d8052e6687845e installed
isl-0.16.1-1.mga6.x86_64 1453661691 16646 230e57f36d6703f4a7652e76c6f77070 installed
gcc-c++-5.4.0-5.mga6.x86_64 1498866346 21794410 39cf3783dd1dc6e74660b237040b995d installed
libgomp1-5.4.0-5.mga6.x86_64 1498866346 315368 b20b0b863fd57ca70f1373ab620a1ba4 installed
rpm-build-1:4.13.0.2-3.1.mga6.x86_64 1509022715 419347 e5d9f9ab92862cb4b820c8faa5034fc7 installed
x11-proto-devel-7.7-28.mga6.noarch 1487793311 2169107 158f9050bcf790f81ef9accb7d31b47e installed
lib64zlib-devel-1.2.11-4.1.mga6.x86_64 1509029249 868768 16fed1ebf28cea62894c4f22115a56bd installed
lib64qtdbus4-4:4.8.7-15.mga6.x86_64 1489668734 538864 915d64fb8468dc3d79e9f7d601606164 installed
lib64fontconfig1-2.12.1-2.mga6.x86_64 1484842486 285320 0e73f961bc9cfc604adadecc6508cde9 installed
lib64xshmfence1-1.2-2.mga6.x86_64 1455234541 11096 f5685f4cc2d268465f27edfdac343fb8 installed
lib64samplerate0-0.1.9-1.mga6.x86_64 1478901274 1490264 a8092d6e134373a52c61b5b193bdc2cf installed
lib64xdmcp6-1.1.2-5.mga6.x86_64 1488374738 23888 d2691a33032fc462745d90a62ab020c1 installed
lib64qtclucene4-4:4.8.7-15.mga6.x86_64 1489668734 1063184 8fe1c7ff9b77c2507e708641ff699b08 installed
gpg-pubkey-80420f66-4d4fe123 1297080611 0 (none) installed
lib64lzma-devel-5.2.3-1.mga6.x86_64 1483134182 1995462 6d4a277c35acf7ca7c1887b99d1ba9f0 installed
krb5-1.15.1-2.2.mga6.x86_64 1510410037 31897 fd3fc16e57a6aa8dedbbb53d9993ae36 installed
lib64xau6-1.0.8-7.mga6.x86_64 1455233243 15424 123d054063ec80fde968fc5142acd250 installed
icu58-data-1:58.2-3.2.mga6.noarch 1514471688 26213232 ea3189cd7c560ca8cadac3505115e162 installed
lib64x11_6-1.6.5-1.mga6.x86_64 1488391850 1314744 08994ac5c759b3212a29bd893a6517ca installed
kernel-userspace-headers-4.14.13-1.mga6.x86_64 1515589811 4364212 d95d4ed5e5a49fff64a8dd00d364c46a installed
lib64xrender1-0.9.10-1.mga6.x86_64 1475692200 40432 a8c548991d30966c7d89df0d328012b1 installed
python2-rpm-macros-3-4.mga6.noarch 1484743671 1485 18c1aaeb353a5e1dc86718492552e0b4 installed
lib64xcb-dri2_0-1.12-2.mga6.x86_64 1467524268 19384 3dc09d212203d026c69b43498427d53a installed
rust-srpm-macros-4-1.mga6.noarch 1501182312 1131 cfb9ea018d7a52f89e7754c390ef2452 installed
lib64xcb-present0-1.12-2.mga6.x86_64 1467524268 11176 c848cd7455b1f60f8ce2891e1e02d5df installed
mageia-repos-keys-6-1.mga6.noarch 1499371760 1666 36832091ab6cc9c82fe0a4ec9372f9f2 installed
lib64xcursor1-1.1.14-6.1.mga6.x86_64 1512118945 45112 ec415ef092c05bce49d60e3c27bea17f installed
python-srpm-macros-3-4.mga6.noarch 1484743671 621 10a11d4fbc2efcbe705321b144710d39 installed
lib64xi6-1.7.9-1.mga6.x86_64 1485536920 65712 185b6deef32e324775fcfbe7537f9f32 installed
sash-3.8-6.mga6.x86_64 1455302300 996788 c18a24d8c9f8951a6c7fcf9c2a84e5eb installed
lib64xxf86vm1-1.1.4-2.mga6.x86_64 1455234436 23608 6c85c8fa156beb9b04a10c9cf2fad06b installed
common-licenses-1.1-8.mga6.noarch 1455896735 167218 c6035793ecaec8366a181fa988e54405 installed
lib64xcb-glx0-1.12-2.mga6.x86_64 1467524268 101336 39f9d778f0a3c36c5c82c53f40cf07ff installed
setup-2.7.24-1.mga6.noarch 1472710689 702922 db4e26b38ea982361479a37bf17416f8 installed
lib64sigc++2.0_0-2.10.0-1.mga6.x86_64 1474720461 81145 0500f98a5ae39bb306871ace10825cea installed
grep-3.0-1.mga6.x86_64 1486892679 790453 8eaf5e2f9c0c0abb03741fa3e383a7f3 installed
lib64raw1394_11-2.1.2-1.mga6.x86_64 1460386190 61736 4f3ea57584a522022c10890f97286726 installed
lib64pcre1-8.41-1.mga6.x86_64 1513457408 463904 a95d3ee430e7782a1a3e2a2061c2ceeb installed
lib64xml++2.6_2-2.40.1-2.mga6.x86_64 1448795881 216368 ce47596e73949eca28f3a24cd817175e installed
perl-base-2:5.22.3-3.1.mga6.x86_64 1507025557 5913014 effa7c35238b4886ffcf8513e6054539 installed
lib64xcb-damage0-1.12-2.mga6.x86_64 1467524268 11176 736f6a97fd987a19f2414e3bbac1ab5f installed
chkconfig-1.10-1.mga6.x86_64 1493453925 763353 bd74d2596d9af85acf2aef8c938a09a2 installed
lib64xcb-randr0-1.12-2.mga6.x86_64 1467524268 60576 281ae0021260b2de1f0bd3289cdd5fe3 installed
lib64gmp10-6.1.2-1.mga6.x86_64 1483268708 539455 9c652b4ddba2c84141c88e2ef5d2ab79 installed
lib64xcb-render0-1.12-2.mga6.x86_64 1467524268 52376 3a02fd465d0efb689524737eb419c706 installed
lib64openssl-engines1.0.0-1.0.2n-1.mga6.x86_64 1513156831 297544 19a9de27ab290ab2611a5ac8a7a5716f installed
lib64xcb-screensaver0-1.12-2.mga6.x86_64 1467524268 15320 289b07f40c52bb238459a23147aaa417 installed
lib64bzip2_1-1.0.6-10.mga6.x86_64 1479977831 70133 e6c9849c84261541e10c2de11b49c362 installed
lib64xcb-shm0-1.12-2.mga6.x86_64 1467524268 11176 1057d918dd57fc242e74cbd50a00216a installed
lib64uuid1-2.28.2-2.mga6.x86_64 1487848604 20200 52a7e0b3b44a524bb46693ac789bdb1c installed
lib64xcb-xinerama0-1.12-2.mga6.x86_64 1467524268 11168 7ce8e783c347bab87f221f904a1b3afd installed
lib64xml2_2-2.9.7-1.mga6.x86_64 1514396114 1499120 b7cb925153c552f63e4adeab5ceb644d installed
lib64xcb-xtest0-1.12-2.mga6.x86_64 1467524268 11160 74139b064b09eb9ea5bb3ac2cb115f1a installed
lib64glib2.0_0-2.52.2-2.mga6.x86_64 1495174244 1516562 7458029bc3283aa8fb40e1ba31f41b45 installed
lib64xcb-xvmc0-1.12-2.mga6.x86_64 1467524268 15272 5a94e309a3ba335f0e07b2d2605ff73b installed
lib64mpc3-1.0.3-1.mga6.x86_64 1451796601 107509 681985b17f436e29a44e506c2d7b07c2 installed
lib64sm-devel-1.2.2-6.mga6.x86_64 1455214956 230753 653dddfa04d54ec69dfd3ce3202cba24 installed
lib64acl1-2.2.52-7.mga6.x86_64 1455119789 204951 8147b9e0c8a600b36d305376931a30e0 installed
lib64mount-devel-2.28.2-2.mga6.x86_64 1487848604 32304 bcae8f6b4485cffa5801ab1c04e6dfc9 installed
lib64sigsegv2-2.10-7.mga6.x86_64 1455214956 68787 f7bcb407d23e09f9fff70d01b1c81c1f installed
lib64vorbisenc2-1.3.5-2.1.mga6.x86_64 1515659780 691328 0e57e50af69827183ddfd976a182a9d9 installed
lib64unistring2-0.9.7-1.mga6.x86_64 1481193383 1555700 83448d3b5e53cafb5ea4fc9d06631647 installed
lib64samplerate-devel-0.1.9-1.mga6.x86_64 1478901274 254548 a8c777667a23269eaa0d1ca7818a19a0 installed
lib64db5.3-5.3.28-10.1.mga6.x86_64 1502489052 1845718 ded023acf2b090e7b69c0c60f4313cf4 installed
lib64flac8-1.3.2-1.mga6.x86_64 1483731919 490400 4d5fb187cdb4bf44794d4cb0d3314363 installed
lib64p11-kit0-0.23.2-2.mga6.x86_64 1463186562 422254 5e5097ce2f8d213c38c02914bb9d0fee installed
lib64glapi0-devel-17.1.5-1.mga6.x86_64 1500291991 0 c9c94fc493edefe92d6a18f64e9459b4 installed
kmod-24-2.mga6.x86_64 1495518618 196553 42a2af9eed0855c4502a39a0c0d75741 installed
lib64qtsensors1-1.2.2-4.mga6.x86_64 1463771916 272784 a561542ac0e4ad091e5fda6bbb6f3936 installed
info-install-6.1-1.mga6.x86_64 1462821644 51402 373ae2a1345a813f1d1a4e30fdad28e6 installed
lib64jpeg-devel-1:1.5.1-1.1.mga6.x86_64 1509969969 164716 f11b9d9f1c1ee9ac97793a31a940a3f7 installed
lib64magic1-5.25-5.mga6.x86_64 1477005109 137032 4eb4d6001d5f9c6955b8197649f70105 installed
lib64tiff5-4.0.9-1.mga6.x86_64 1511427526 509864 4a3fc329c101068a08caa3dbaa6a8ac6 installed
lib64crack2-2.9.6-5.mga6.x86_64 1481570481 44736 fb551ea493a955f0974443211907ef7c installed
lib64llvm3.9-3.9.1-6.mga6.x86_64 1493838401 39239816 96ff5e850bbfa54c1946ce8ce9465250 installed
lib64cap-ng0-0.7.8-1.mga6.x86_64 1470856115 50310 7892cf6e4568a0e7a40ad3ea88ba204c installed
lib64drm2-2.4.81-1.mga6.x86_64 1496725319 66816 ea04d1338157ed77e06756e99b877f7e installed
lib64expat1-2.2.1-1.mga6.x86_64 1497809427 177744 a3ab9363abbd726cd2449a2a63ca48d7 installed
lib64drm_intel1-2.4.81-1.mga6.x86_64 1496725319 146024 797e6433bb1e99eb776d6d606e882af6 installed
perl-2:5.22.3-3.1.mga6.x86_64 1507025557 42590428 0a563d658d7f4b0c831567eecca37112 installed
lib64drm_radeon1-2.4.81-1.mga6.x86_64 1496725319 48912 7f22a740732a1f189aaacb337bc6b30f installed
lib64udev1-230-12.2.mga6.x86_64 1514833224 129984 1a052abb36fd9a4f1b53c1f199cb3bbc installed
lib64mesagl1-17.1.5-1.mga6.x86_64 1500291991 896528 6414123ab45fdd68e5a40415d5a8989c installed
lib64gpg-error0-1.24-1.mga6.x86_64 1470926360 78808 d59d1793d97783e452b413b160672517 installed
lib64mesaglu1-9.0.0-6.mga6.x86_64 1454893977 519760 f971657979459485b1f076690f88a30d installed
lib64systemd0-230-12.2.mga6.x86_64 1514833224 549224 a6265f25628082579aa45c94c5b0245d installed
lib64drm-devel-2.4.81-1.mga6.x86_64 1496725319 476120 64b5cd428b82b2160317e54ecba19075 installed
lib64cryptsetup4-1.7.5-1.mga6.x86_64 1493634028 166720 dc4ce80d81baf2f5d92145831bcfd5a2 installed
lib64gcrypt-devel-1.7.8-1.1.mga6.x86_64 1504882790 578049 0ffab673e6762ee3b2759f1c2304eb8f installed
perl-YAML-Tiny-1.690.0-3.mga6.noarch 1466338609 167548 04f4acb3adc899d591dace2991079c34 installed
lib64dbus-devel-1.10.16-1.mga6.x86_64 1487347310 119399 e59ab90af5d45767531e48a2ccee23aa installed
perl-File-Slurp-9999.190.0-8.mga6.noarch 1466296652 49678 42e71e36674d265d5226ec06fc832615 installed
python3-rpm-macros-3-4.mga6.noarch 1484743671 1499 751f8f6259a9281e2030c9cc9247be80 installed
perl-MDK-Common-1.2.32-2.mga6.noarch 1466307101 122844 879496a6035b2b319f725c2c1fef7f74 installed
lib64python3.5-3.5.3-1.1.mga6.x86_64 1514681663 2776464 4495512ff7bb763095960a6842d27392 installed
perl-Exporter-Tiny-0.42.0-3.mga6.noarch 1466294835 86885 cf0178df4f049504a8ff56c3f92e7e64 installed
python3-pkg-resources-19.6.2-1.mga6.noarch 1454319792 532200 ee0be85470229f37f6885a94098aa5a5 installed
cracklib-dicts-2.9.6-5.mga6.x86_64 1481570481 9994892 0e53ab3d9db2591fd64741b3987e95e0 installed
python3-pip-8.0.2-6.mga6.noarch 1454317321 8928914 d9916077c756d43a418d82946c3434e8 installed
bzip2-1.0.6-10.mga6.x86_64 1479977831 141158 5a520627e206611de85b7c489497211b installed
python3-qt4-core-4.11.4-10.mga6.x86_64 1475736178 4585645 6ce5843210d98c72aefb2faae2b429c0 installed
pkgconfig-0.29.1-3.mga6.x86_64 1487869169 168936 e0c6b4085578cfe017f517f3b49ac19f installed
python3-qt4-network-4.11.4-10.mga6.x86_64 1475736178 1075815 431ab350a4030b7017a9c9a22e63db6a installed
dwz-0.12-2.mga6.x86_64 1455174740 225249 98b6fdf928f9a85196a3bd897b783894 installed
python3-qt4-xml-4.11.4-10.mga6.x86_64 1475736178 464878 7d08aefc6bd3776b19c64369ea785a77 installed
lib64ssh2_1-1.7.0-2.mga6.x86_64 1460709217 384732 cd3e6d523eb507ce912ea809aa930d52 installed
lib64python3-devel-3.5.3-1.1.mga6.x86_64 1514681663 589091 a6858a1dff401154eabc5bef98a5af91 installed
lib64natspec0-0.3.1-2.mga6.x86_64 1455540844 244713 200b98f3afb9567cb647e2f49415e32d installed
libpthread-stubs-0.3-7.mga6.x86_64 1455214609 156 32947b71abfffbc46b21dd8c2e4eeb6a installed
perl-YAML-1.150.0-3.mga6.noarch 1466338561 185041 0f5bb14772b08a41fde0dd3020594a5e installed
lib64x11-devel-1.6.5-1.mga6.x86_64 1488391850 1127274 b3f96d6d7a8e24564d41db3f594911f0 installed
patch-2.7.5-2.mga6.x86_64 1455254537 232560 fc8fa6e11ec7b200bde2b359156c1271 installed
lib64xfixes-devel-5.0.3-1.mga6.x86_64 1475692152 9302 405f4ba704743f9d303ac85881ade0d4 installed
ethtool-1:4.8-1.mga6.x86_64 1478892876 319162 794629159add894d875c2ca96522e078 installed
lib64xrandr-devel-1.5.1-1.mga6.x86_64 1475692115 22810 19910cb1c28d61f7b2accee0518112f7 installed
lib64smartcols1-2.28.2-2.mga6.x86_64 1487848604 151824 3f3d3be6c5fda10706639f0cc6230ca2 installed
lib64xi-devel-1.7.9-1.mga6.x86_64 1485536920 422180 0676ef8392cea98561aad90a9c6bc493 installed
ifplugd-0.28-20.mga6.x86_64 1455504116 114560 0853a7561355f4d848a3e83ae7570c4f installed
lib64xinerama-devel-1.1.3-6.mga6.x86_64 1454367779 7377 f293ce5b8db3affba2601552062bda53 installed
lib64pcre16_0-8.41-1.mga6.x86_64 1513457408 422840 4bb08e25bf9287442d8d8d152c738a61 installed
lib64mesagl1-devel-17.1.5-1.mga6.x86_64 1500291991 1407150 cb4b89ac7d0b49945bafb6267b6df606 installed
pcre-8.41-1.mga6.x86_64 1513457408 240111 1d2d2d3c1ab72085ec713d352d64183c installed
lib64proj9-4.9.2-1.mga6.x86_64 1463642480 374616 5b0345aace25c1d6c35961dcadab2d3d installed
lib64tasn1_6-4.12-1.mga6.x86_64 1496851685 78056 7f0fa433dae2b4c5cc5bf19d658972f3 installed
gstreamer1.0-tools-1.10.4-1.mga6.x86_64 1487860101 1479193 935757b518cab21aa12d842602952e6e installed
lib64microhttpd12-0.9.55-1.mga6.x86_64 1496938792 243275 82780462d4c95b85d8320bab7baa17d0 installed
lib64orc0.4_0-0.4.26-1.mga6.x86_64 1473281180 566480 3f5d5d3db99266377abd66d5646aaf6f installed
lib64dbnss5.3-5.3.28-10.1.mga6.x86_64 1502489052 1281776 ade63cd1870b78b1f63c1f78ec9e9d3b installed
lib64lcms2_2-2.8-2.mga6.x86_64 1471357642 377800 9562837c7894dc2b0d600f42b0f78515 installed
pam_tcb-1.1-7.mga6.x86_64 1455304952 40132 ac50aab20b6267d8bb252a47f3f0a4b4 installed
lib64qtgui4-4:4.8.7-15.mga6.x86_64 1489668734 11613744 8f64d58ab3b86ad89bdfda28dd929082 installed
lib64nghttp2_14-1.9.2-1.mga6.x86_64 1460240322 154772 37fc429b3dea3e9b2861d04f3414d857 installed
lib64qtdeclarative4-4:4.8.7-15.mga6.x86_64 1489668734 3971024 68f35903dd51a1e00ffd479b8a73a8ed installed
nss-myhostname-230-12.2.mga6.x86_64 1514833224 638284 6811be46d70a0b4e6ab19e19e2e400ed installed
lib64qtopengl4-4:4.8.7-15.mga6.x86_64 1489668734 1052400 753f07034a855b300c92487ed739ce61 installed
lsb-release-2.0-52.mga6.noarch 1499374806 19261 459aa42cc2e119dcf51cf527cbfeb66c installed
python3-qt4-multimedia-4.11.4-10.mga6.x86_64 1475736178 214736 ffdc689b481228f2e806cb25d803af3e installed
libstdc++6-5.4.0-5.mga6.x86_64 1498866346 3074320 b23f993ad1de76fa5152656f7041a851 installed
python3-qt4-declarative-4.11.4-10.mga6.x86_64 1475736178 364624 7d1f53cb3a051e0560f944b51e3511fa installed
lib64ncurses6-6.0-8.1.mga6.x86_64 1514588989 671352 b85cef7688c9c9dc4ec06b5ad1c26913 installed
python3-qt4-svg-4.11.4-10.mga6.x86_64 1475736178 130641 2f4c2e4de80bf7f611a5759b649e25bf installed
sed-4.2.2-9.mga6.x86_64 1455302816 686768 0d343b6bbc5a13c52c1ccd7b4f4f8e2e installed
lib64blkid1-2.28.2-2.mga6.x86_64 1487848604 265728 5fa498846fb717d56aada946107865b5 installed
findutils-4.6.0-1.mga6.x86_64 1451426987 1682205 af9979ee197ced62509b3d3d69c14636 installed
lib64ext2fs2-1.43.4-1.mga6.x86_64 1486019023 426479 aa7ee7f195006b5869346ee09a4a79ce installed
lib64mount1-2.28.2-2.mga6.x86_64 1487848604 295112 78d4b909bbc2c761410989272da6fab8 installed
mageia-release-Default-6-4.mga6.x86_64 1499719693 797 5ddb9d9599fad9c8f9b77cd43b02016b installed
lib64user1-0.62-8.1.mga6.x86_64 1514746205 120896 68c8ae083124cebd8a26cdfeb18c54d0 installed
lib64gio2.0_0-2.52.2-2.mga6.x86_64 1495174244 1678456 52aeb6965667da6f6b1238f18b77e318 installed
kbd-2.0.3-1.mga6.x86_64 1451607906 3354235 d5adad64f340f3a9fb266596715af861 installed
lib64idn11-1.33-1.1.mga6.x86_64 1507120845 252004 90adbe707728cc56ff602cb4ed087321 installed
less-487-1.mga6.x86_64 1490907633 567034 adec4c9e782c745968906451911b6750 installed
elfutils-0.169-1.mga6.x86_64 1494346810 2309742 1ff41c4cd38f94963bd6b6793fd62d8f installed
iproute2-4.14.1-1.mga6.x86_64 1512928590 1781868 802d5aeca7df0ddd1970f1075382a71e installed
lib64krb53-1.15.1-2.2.mga6.x86_64 1510410037 2128032 b55b46f8435045cce65bacdab1b60909 installed
lib64fdisk1-2.28.2-2.mga6.x86_64 1487848604 342712 1f3f79b382ae77528cd13b8c406428fe installed
makedev-4.4-21.mga6.noarch 1455897082 285810 3166dff6169a210b4c2ec1685fc6daba installed
lib64ldap2.4_2-2.4.45-2.mga6.x86_64 1496611863 751120 bec136b23198fb9c214e749bf49d7c2b installed
libtool-base-2.4.6-5.mga6.x86_64 1478034422 1929486 9e3eb804a2df51f4e3e2cdb6368ce18e installed
logrotate-3.12.2-1.mga6.x86_64 1495518817 123127 c006df14190b7696fddf8d3a71fbf950 installed
timezone-6:2017b-1.mga6.x86_64 1490470548 1344702 7c86443e3e0a8c3a5d79e6584702c85f installed
diffutils-3.3-6.mga6.x86_64 1455174128 951359 003b770cc1059a8713b1d8d9385140da installed
autoconf-1:2.69-8.mga6.noarch 1452947991 2211296 49262e2cc78b0fab85916f335243b766 installed
cpio-2.12-3.mga6.x86_64 1458058612 909720 dd1b933f25ec685464835e967fcfb499 installed
desktop-file-utils-0.23-2.mga6.x86_64 1471486494 328020 9676a035e4a8dbcb96dcbafdd3027b2d installed
lib64gettextmisc-0.19.8.1-1.mga6.x86_64 1465844977 980193 b32d2ebfe4e8d967810ced20187f8c85 installed
lib64icu58-1:58.2-3.2.mga6.x86_64 1514471393 4631384 151d93831cc5bfb157ccb854bf8fd203 installed
python-2.7.13-1.1.mga6.x86_64 1514680420 273742 46b0eb6fe458351d19847e8c06c24098 installed
lib64python2.7-stdlib-2.7.13-1.1.mga6.x86_64 1514680420 20836747 31c8a466071dcce11cf670d36c33021c installed
gobject-introspection-1.52.1-1.mga6.x86_64 1491809889 2016407 46626dde3c8024f7bd7be78466a3b621 installed
lib64dbus1_3-1.10.16-1.mga6.x86_64 1487347310 333344 ea27da666355c11ea7dce763c90c78d5 installed
lockdev-1.0.4-0.120111007git.12.mga6.x86_64 1455235590 8004 dc37189ee820fec85f88cd61aaa62966 installed
tcb-1.1-7.mga6.x86_64 1455304952 46677 b8b75a1c4262fecfa7ea4c29bbf70759 installed
pam-1.3.0-5.mga6.x86_64 1473494980 932773 d131208fafa1e531d540bb5e893f103f installed
util-linux-2.28.2-2.mga6.x86_64 1487848604 10368994 dd2937b8555b630dd6c89d640cdbe46d installed
systemd-230-12.2.mga6.x86_64 1514833224 27800670 c51dd895194c4591e62241c6142844d6 installed
net-tools-2.0-0.20150915git.4.mga6.x86_64 1481358697 934275 d76b6f6826c41aef91398e42bfe28f1b installed
initscripts-9.55-24.mga6.x86_64 1489527386 6722329 e2cfbfd071db1a591b9bff62905a3c1e installed
lib64nss3-2:3.28.6-1.2.mga6.x86_64 1513641511 3366952 98854389589dcc9229e30091f33eabb9 installed
rpm-1:4.13.0.2-3.1.mga6.x86_64 1509022715 2180178 6220b1e472fd55c1c1d880389a1768a9 installed
lib64rpmsign7-1:4.13.0.2-3.1.mga6.x86_64 1509022715 19904 a8538ab21e2e1b2a3e9a854f820961ac installed
cronie-1.5.1-1.mga6.x86_64 1470931335 231559 cd522215a5ecc020324f320c6a76fca7 installed
python-pkg-resources-19.6.2-1.mga6.noarch 1454319792 388808 7f0a0983aa82f79718ee7c897cb11bef installed
lib64isl15-0.16.1-1.mga6.x86_64 1453661691 1694056 feec0ee8b973be4503705a4ab591befd installed
gcc-5.4.0-5.mga6.x86_64 1498866346 47928710 f093624cd8a45df4e0a858bb8e12bd78 installed
python-magic-5.25-5.mga6.noarch 1477005126 15642 f3ffe88f628bd4bf572dd3539641804a installed
rpmlint-mageia-policy-0.2.29-2.mga6.noarch 1455938179 11829 3fe05959532fa1cef2045e626466032d installed
gettext-0.19.8.1-1.mga6.x86_64 1465844977 1641775 7c49cef108a7217368dea80af0ff694c installed
rpm-mageia-setup-build-2.20.1-1.mga6.x86_64 1505752830 161924 f83d3eec4ec754ac8b09610d592dbfa6 installed
basesystem-minimal-1:6-0.4.mga6.x86_64 1464642167 0 af4d83d2eb6e77eb7fa4f466c6f502fc installed
lib64qtcore4-4:4.8.7-15.mga6.x86_64 1489668734 3662704 2d2c5711206d0502f71eefe7dc14fad1 installed
lib64qtnetwork4-4:4.8.7-15.mga6.x86_64 1489668734 1372216 eb20b033811f302b05d50d52fc3413a1 installed
lib64qtsql4-4:4.8.7-15.mga6.x86_64 1489668734 266040 38f7cba11f794ffb6a68a537b46b6355 installed
qt4-xmlpatterns-4:4.8.7-15.mga6.x86_64 1489668734 71440 86f2f68091a2b9863e7ba3fd6e785ee7 installed
lib64jpeg8-1:1.5.1-1.1.mga6.x86_64 1509969969 710209 bcbca82e5aec69a0890485c0f05d0a9e installed
lib64qtscript4-4:4.8.7-15.mga6.x86_64 1489668734 2843032 16e6a1b5748141e66f408881671bfcf5 installed
lib64freetype6-2.7.1-2.mga6.x86_64 1499453029 654192 a6823f5d54aa61a9716bb4623d951953 installed
fontconfig-2.12.1-2.mga6.x86_64 1484842486 349911 129bcb9b35fed6c71b13b691cc1abbc9 installed
lib64ogg0-1.3.2-4.mga6.x86_64 1454437242 33804 2206bfd76885f612718d979c00e3138e installed
lib64bsd0-0.8.3-1.mga6.x86_64 1462891016 82592 d35b9fb3697d7f6098ea828b78193220 installed
lib64x11-xcb1-1.6.5-1.mga6.x86_64 1488391850 6848 d5b5d7ebb6c34b72c9fcaa243fc09cbb installed
lib64sm6-1.2.2-6.mga6.x86_64 1455214956 31840 2249e546830ffdc62c53894fac244edc installed
lib64ice-devel-1.0.9-5.mga6.x86_64 1488374619 267826 2f739fd9bc91dc07b6d49cfc9b32fb24 installed
lib64vorbis0-1.3.5-2.1.mga6.x86_64 1515659780 186087 4ecfbcab410b8d605d345e8c3de83538 installed
lib64qttest4-4:4.8.7-15.mga6.x86_64 1489668734 160096 eb9bb19f157c79de7d89cb5012a026b2 installed
python3-qt4-sql-4.11.4-10.mga6.x86_64 1475736178 446565 5aa389faa1228afee711e0c976bde954 installed
lib64qt3support4-4:4.8.7-15.mga6.x86_64 1489668734 3055792 61d10c64c92dca1de7fea49750e90cef installed
lib64qtscripttools4-4:4.8.7-15.mga6.x86_64 1489668734 803448 1f7b5949878e1dff52390f273aadd938 installed
qt4-qtdbus-4:4.8.7-15.mga6.x86_64 1489668734 189008 d14d0b5a8987cf95e41407e5b4aa441c installed
glib2.0-common-2.52.2-2.mga6.x86_64 1495174244 8257992 e9a56318032667599382cf2bcc34f091 installed
lib64glib2.0-devel-2.52.2-2.mga6.x86_64 1495174244 22797148 cc7b69beca9b6d253441af94bb839904 installed
lib64freetype6-devel-2.7.1-2.mga6.x86_64 1499453029 5126068 2e0f5c43d89973941d8603e454d6538e installed
lib64qt4-devel-4:4.8.7-15.mga6.x86_64 1489668734 43339988 be1889232249c0385ae408c867864911 installed
lib64xslt1-1.1.29-6.mga6.x86_64 1495781780 415800 17f8035927bf190c85b19e90fe0ccb3a installed
qtwebkit-qmlplugin-2.3.4-9.mga6.x86_64 1489614931 89159 06ff8a3806d1533534b46f89bc8c9c9d installed
python3-qt4-webkit-4.11.4-10.mga6.x86_64 1475736178 639387 579a3475edd797ef509709cff571e952 installed
python-qt4-core-4.11.4-10.mga6.x86_64 1475736178 4539140 6a2361200c75bea9c3c8109ef51ec0ed installed
python3-qt4-4.11.4-10.mga6.x86_64 1475736178 576589 7c12565fbe406a3a595772c71bf808df installed
lib64ffado2-2.3.0-1.mga6.x86_64 1470939681 2517398 276ebb16d34c85429267a35fcfab7a52 installed
lib64alsa2-2:1.1.4.1-1.mga6.x86_64 1496299852 1220494 430000b47edd465c179c8ff832df0229 installed
lib64jack0-1.9.10-6.mga6.x86_64 1450392591 1447376 8756750b3bff11dd83f4a46e3f81620b installed
python3-qt4-devel-4.11.4-10.mga6.x86_64 1475736178 294794 1a15b2180d5fdf7c68847f968605ace4 installed
lib64pciaccess0-0.13.5-1.mga6.x86_64 1494969783 40880 be9304a6d1ce1a142ed3f72f6e9475a3 installed
rpm-mageia-setup-2.20.1-1.mga6.x86_64 1505752830 7519 af7daa2dace3d53c03a696ef74f73b11 installed
lib64xcb1-1.12-2.mga6.x86_64 1467524268 155944 64d0cd7dbc980f0e6f476e8d3490f3a0 installed
libgpg-error-common-1.24-1.mga6.noarch 1470926308 420991 cd4bec36babd5823e25449115f9dba33 installed
lib64xfixes3-5.0.3-1.mga6.x86_64 1475692152 23472 3bbd4d5134f693dcb1d94444dc1033a7 installed
dash-static-0.5.9-1.mga6.x86_64 1473485377 132931 27b15f6c6d3f0e4f0b5d5d8dca562e00 installed
lib64xcb-sync1-1.12-2.mga6.x86_64 1467524268 27648 90e208b2c580011164a87de96cf5a4d2 installed
popt-data-1:1.16-13.mga6.noarch 1456060419 60192 e2f0bbc20efb9468c20917ebbcaed90f installed
lib64xinerama1-1.1.3-6.mga6.x86_64 1454367779 11288 0374645631ba41346bce09d45556cd61 installed
rootfiles-11.0-14.mga6.noarch 1455897202 14813 d308f7699a1f3454de2d1b5371095355 installed
lib64xcb-xfixes0-1.12-2.mga6.x86_64 1467524268 31648 c8fabb9f71be4a625dc9f39d2f92fdfe installed
filesystem-2.1.9-28.mga6.x86_64 1455178462 0 45b49454b231e86ab72c4fa32b62dc84 installed
lib64iec61883_0-1.2.0-13.mga6.x86_64 1454929179 83369 2d0bf7e48774b63f005b19d790d4199b installed
lib64zlib1-1.2.11-4.1.mga6.x86_64 1509029249 120347 dadc9ba668ec59b88936da9fa3168567 installed
lib64xcb-dpms0-1.12-2.mga6.x86_64 1467524268 11160 734e27560bc6a3693ce51bca47666929 installed
lib64lzma5-5.2.3-1.mga6.x86_64 1483134182 221646 ce6fc1a39a86ebcfef7dda1256e3a3d8 installed
lib64xcb-res0-1.12-2.mga6.x86_64 1467524268 15296 5dc4d62096ae16e94af22112028f12d4 installed
lib64elfutils1-0.169-1.mga6.x86_64 1494346810 99960 d6244320f23650a13ffa6494044d8a48 installed
lib64xcb-xf86dri0-1.12-2.mga6.x86_64 1467524268 19392 169d7a217d68a26624fb62dc7ea1d1d6 installed
lib64mpfr4-0:3.1.5-1.mga6.x86_64 1477500592 406256 8f8d63336796d9154e1e75c4ec8a2454 installed
lib64xcb-xv0-1.12-2.mga6.x86_64 1467524268 27664 e1df06c2a97bebca92a3a5a096d97396 installed
lib64intl8-0.19.8.1-1.mga6.x86_64 1465844977 234489 83950cd2c4431e7e62cd840eb18324f9 installed
lib64blkid-devel-2.28.2-2.mga6.x86_64 1487848604 15558 e0dda0d51495a3e79ee1fcbbbbedd27e installed
coreutils-8.25-3.mga6.x86_64 1493726892 13841961 eb7c16acd93f3c2250cb9b6a4ed4ee9f installed
lib64xdmcp-devel-1.1.2-5.mga6.x86_64 1488374738 105752 30e7fa1b4d9955701f95e6c339fc9245 installed
lib64tcb0-1.1-7.mga6.x86_64 1455304952 25160 3a33ecf358decda0ce4d75a815343093 installed
lib64sndfile1-1.0.28-3.1.mga6.x86_64 1504897866 506195 ef1d726a70759737d8eea4e6f86bbf79 installed
p11-kit-0.23.2-2.mga6.x86_64 1463186562 62480 ba7e0e93102dfaaaad6456c7d5070d7d installed
lib64turbojpeg0-1:1.5.1-1.1.mga6.x86_64 1509969969 475256 5a077a999c6c57724d20922bc6f77007 installed
which-2.21-3.mga6.x86_64 1455308603 50534 744d1c75d1640178f7fe94bc9c775fdc installed
lib64expat-devel-2.2.1-1.mga6.x86_64 1497809427 144895 c49bbf2fdd3a9153a4059198fc244806 installed
hostname-3.18-1.mga6.x86_64 1470925066 37619 9d85525953b414224933f7ad6bd610fe installed
lib64drm_amdgpu1-2.4.81-1.mga6.x86_64 1496725319 40688 518cd1cc3d0a3d37c84e638282cdb0ed installed
lib64gdbm4-1.12-1.mga6.x86_64 1463494331 75878 6589dcce6e01031cd186ca99f0761e1a installed
lib64dri-drivers-17.1.5-1.mga6.x86_64 1500291991 23125816 dc59108dd9a028768740b3b6101d2674 installed
lib64devmapper1.02-1.02.137-1.mga6.x86_64 1480623493 347064 c5ace08ab430db326b29b57749c9107a installed
lib64kms1-2.4.81-1.mga6.x86_64 1496725319 15656 780b4d006be3e1fda1f958025027e670 installed
lib64procps6-3.3.12-1.mga6.x86_64 1471034217 99389 7163687c66559c87d52727fb39d5a01d installed
systemd-devel-230-12.2.mga6.x86_64 1514833224 89178 b366834616f1702752eec01732892a00 installed
perl-JSON-2.900.0-5.mga6.noarch 1466303227 275252 72e86b4f1f08fdd4617ae6e9c6d0f195 installed
lib64python3.5-stdlib-3.5.3-1.1.mga6.x86_64 1514681663 35108132 8d6e7f3eead903cafb3faf0032f30496 installed
multiarch-utils-1.0.13-7.mga6.noarch 1455896961 12031 3cc0c1ce186edb678fe4b5fc716e0b53 installed
python3-setuptools-19.6.2-1.mga6.noarch 1454319792 1426468 1c6642820d8a2e639d9b4fcac70a2016 installed
lib64hogweed4-1:3.3-1.mga6.x86_64 1475498006 834680 987bb8bb7d414bb2c5dc22df9689aa6e installed
python3-qt4-dbus-4.11.4-10.mga6.x86_64 1475736178 369245 53e9d716576959c0cf734ef939629db4 installed
lib64croco0.6_3-0.6.12-2.mga6.x86_64 1492961795 577875 14a4a369a5078b106b31e19d9b782636 installed
python3-qt4-xmlpatterns-4.11.4-10.mga6.x86_64 1475736178 253685 12906c982626e586ad605f356f810312 installed
lib64kmod2-24-2.mga6.x86_64 1495518618 91680 9543075d50a5d919433e3eb3b6c6fd7b installed
lib64xcb-devel-1.12-2.mga6.x86_64 1467524268 2798315 b88ef0d0f46995cdb6b6de5d5a701f0b installed
lib64pcreposix1-8.41-1.mga6.x86_64 1513457408 11216 da3df27865a1621c6318ee5136a3231a installed
lib64xrender-devel-0.9.10-1.mga6.x86_64 1475692200 30268 54e9c6d3507a9a03d9dd185be2bd4e97 installed
ifmetric-0.3-17.mga6.x86_64 1455503911 16448 e979cd8efa3ae96ede6b157433f79a31 installed
lib64xdamage-devel-1.1.4-8.mga6.x86_64 1454942656 2563 20db1c28ab6333a79aa9536de83b23ba installed
traceroute-2.1.0-1.mga6.x86_64 1462555580 74099 e342987823b0e420831742e48510d352 installed
lib64mesaglu1-devel-9.0.0-6.mga6.x86_64 1454893977 20768 06a3fdcf65cc7a505953773feb29008a installed
lib64qrencode3-3.4.4-5.mga6.x86_64 1455300365 596113 e033ebcca9ed6699d9cb09c6ae62d4d0 installed
lib64gstreamer1.0_0-1.10.4-1.mga6.x86_64 1487860101 2425576 a1dadeb38979b31c6d4deb47cecbb174 installed
lib64lockdev1-1.0.4-0.120111007git.12.mga6.x86_64 1455235590 29727 e89ab7fb01128f798fb70d2086235765 installed
lib64mng2-2.0.3-1.mga6.x86_64 1451675628 519472 ac07bd019ad6ecfae1b6595cc96911d7 installed
lib64pam_userpass1-1.0.2-13.mga6.x86_64 1455253207 15315 3de2bdf93d5ef0c14b566ab3d101fce1 installed
lib64qtdesigner4-4:4.8.7-15.mga6.x86_64 1489668734 8533576 e01b78f5b6d2886fe92db979546f0f95 installed
lib64verto1-0.2.6-6.mga6.x86_64 1487166750 27220 11fc96690638a2311bcd2191e1866b21 installed
python3-qt4-designer-4.11.4-10.mga6.x86_64 1475736178 516212 a7cfeb9a8d4a4646650709419051179e installed
libgcc1-5.4.0-5.mga6.x86_64 1498866346 279136 5f3267761b2c2d18128e9946439cc7b7 installed
python3-qt4-gui-4.11.4-10.mga6.x86_64 1475736178 11322023 ee770c14f508f1f8bf90f8f400499267 installed
shadow-utils-2:4.4-1.1.mga6.x86_64 1513867120 3634614 3f461612247f5f0522134ea6a9d493b4 installed
lib64qthelp4-4:4.8.7-15.mga6.x86_64 1489668734 592040 877480d67eae6594b22b5ba5286624f0 installed
lib64ncursesw6-6.0-8.1.mga6.x86_64 1514588989 464192 f107b5a7f24706bd9467a6215aa0a2b4 installed
lib64ffi-devel-3.2.1-5.mga6.x86_64 1455209060 27853 7859eec67f449d29ac3681874c07f736 installed
mageia-release-common-6-4.mga6.x86_64 1499719693 135621 e624767e4b449e84ce81a9c1002aa339 installed
lib64bzip2-devel-1.0.6-10.mga6.x86_64 1479977831 502137 4eb6049f88cf33eeb6bb26ebaf1cc11a installed
libuser-0.62-8.1.mga6.x86_64 1514746205 1674850 4a1169da0e0b85d222eb79c29b9e9e22 installed
qt4-designer-4:4.8.7-15.mga6.x86_64 1489668734 2045377 9c283224dfec19318737f2b195abe8f7 installed
tar-1.29-3.mga6.x86_64 1479307980 2820262 0618f69b7fea9f22fff51ec67baab77a installed
lib64qtwebkit2.2_4-2.3.4-9.mga6.x86_64 1489614931 37148792 11ed95ce4053eed41b6dbe60522b4515 installed
psmisc-22.21-7.mga6.x86_64 1455297226 479566 4182fe9f38ccee0d48ca76c8ebb050d8 installed
python3-qt4-opengl-4.11.4-10.mga6.x86_64 1475736178 415675 8257ca97bdb86276379b7db85737a595 installed
lib64lua5.2-5.2.4-1.mga6.x86_64 1473282639 209752 2df3aa81082c5c3d2bc36242fbf78b8b installed
libalsa-data-2:1.1.4.1-1.mga6.noarch 1496299852 393462 d5f1959ab4b77015fcae853047355729 installed
libutempter-1.1.6-5.mga6.x86_64 1455215518 39893 21c29c359d56ff79b975cb67aab26837 installed
lib64jack-devel-1.9.10-6.mga6.x86_64 1450392591 22857335 3ff8472e8ca852b8e6e7b1e5f57ecdbb installed
lib64curl4-1:7.54.1-2.4.mga6.x86_64 1514408575 523536 cefa5674e264ee869d6f5967e22bf129 installed
time-1.7-45.mga6.x86_64 1455305815 22414 f7115f3406ca61ec1b0a63c5e3bc6692 installed
m4-1.4.18-1.mga6.x86_64 1483272404 293307 4695c9954f4849a07497c819f5d39bc0 installed
binutils-1:2.25.1-7.mga6.x86_64 1498928025 23586683 31b331c557a4d776e9af3118ed527076 installed
ncurses-6.0-8.1.mga6.x86_64 1514588989 465471 c184429ad5f524451056cb6f28c108bc installed
lib64python2.7-2.7.13-1.1.mga6.x86_64 1514680420 1858760 d47f409e07b2be9711980ad9de52411a installed
libstdc++-devel-5.4.0-5.mga6.x86_64 1498866346 10895224 6d2d56c940f8dcfd8d4d53f427bbdf6b installed
procps-ng-3.3.12-1.mga6.x86_64 1471034217 1188740 a3db0f3e7db01bd0115cb6b05d1bec39 installed
nss_tcb-1.1-7.mga6.x86_64 1455304952 11208 b25dfe34dcb5fedeb8d49af486d4a03b installed
systemd-units-230-12.2.mga6.x86_64 1514833224 960803 439fda95a1848604a12bdf31cad56a95 installed
nss-2:3.28.6-1.2.mga6.x86_64 1513641511 16780238 56c5326f76e2177381816a2d5fe9f207 installed
lib64rpmbuild7-1:4.13.0.2-3.1.mga6.x86_64 1509022715 155504 8ad924462cfdbe9134866f367400ee22 installed
passwd-0.79-6.mga6.x86_64 1455253903 395731 f4336b99eeb54b719bba079b8a6f537c installed
gcc-cpp-5.4.0-5.mga6.x86_64 1498866346 20818521 0a6bb87dcd95bd5086e126db260d6ebf installed
rpmlint-1.5-4.mga6.noarch 1455884865 1193261 7f313d6523d254e2ddab9a4d34a091f0 installed
spec-helper-0.31.11-1.mga6.noarch 1452376089 32435 2b14d3f147f0951754a0275a05968565 installed
qt4-common-4:4.8.7-15.mga6.x86_64 1489668734 5255079 ac5f76b3f6dd9be2e418173012703920 installed
lib64qtxml4-4:4.8.7-15.mga6.x86_64 1489668734 288656 e33c4c132c1790295b22654efa0dbfdf installed
lib64qtxmlpatterns4-4:4.8.7-15.mga6.x86_64 1489668734 4774216 7255923cc04749cb876f918be6e95a3b installed
lib64png16_16-2:1.6.34-1.mga6.x86_64 1509294213 389008 4c475ba838a81b8ef12f8cbbfaf37fe5 installed
lib64glapi0-17.1.5-1.mga6.x86_64 1500291991 199800 c61418c9d9fee5e568ded71825b302e9 installed
lib64ice6-1.0.9-5.mga6.x86_64 1488374619 104608 0a4597414c48f894d5a7f670aed0444c installed
lib64bsd-devel-0.8.3-1.mga6.x86_64 1462891016 359313 8faabfec602791259b9f980073fd11e9 installed
lib64png-devel-2:1.6.34-1.mga6.x86_64 1509294213 1080108 50b71b213e1a3843328605f5e9ea1f49 installed
