2018-01-21 13:36:44,478 - Mock Version: 1.4.8
2018-01-21 13:36:46,220 - Start: dnf update
2018-01-21 13:37:18,912 - Finish: dnf update
2018-01-21 13:37:18,926 - Finish: chroot init
2018-01-21 13:37:18,929 - Start: build phase for freecell-solver-4.16.0-1.mga7.src.rpm
2018-01-21 13:37:18,931 - Start: build setup for freecell-solver-4.16.0-1.mga7.src.rpm
2018-01-21 13:38:50,674 - Finish: build setup for freecell-solver-4.16.0-1.mga7.src.rpm
2018-01-21 13:38:50,675 - Start: rpmbuild freecell-solver-4.16.0-1.mga7.src.rpm
2018-01-21 13:38:50,677 - Start: Outputting list of installed packages
2018-01-21 13:38:50,756 - Finish: Outputting list of installed packages
2018-01-21 13:40:01,069 - Finish: rpmbuild freecell-solver-4.16.0-1.mga7.src.rpm
2018-01-21 13:40:01,073 - Finish: build phase for freecell-solver-4.16.0-1.mga7.src.rpm
2018-01-21 13:40:01,074 - Start: clean chroot
2018-01-21 13:40:07,036 - Finish: clean chroot
2018-01-21 13:40:07,038 - Finish: run
2018-01-21 13:42:21,274 - Mock Version: 1.4.8
2018-01-21 13:42:23,119 - Start: dnf update
2018-01-21 13:42:57,662 - Finish: dnf update
2018-01-21 13:42:57,676 - Finish: chroot init
2018-01-21 13:42:57,679 - Start: build phase for freecell-solver-4.16.0-1.mga7.src.rpm
2018-01-21 13:42:57,681 - Start: build setup for freecell-solver-4.16.0-1.mga7.src.rpm
2018-01-21 13:43:41,582 - Start: clean chroot
2018-01-21 13:43:45,259 - Finish: clean chroot
2018-01-21 13:44:57,293 - Mock Version: 1.4.8
2018-01-21 13:44:59,041 - Start: dnf update
2018-01-21 13:45:06,433 - Finish: dnf update
2018-01-21 13:45:06,455 - Finish: chroot init
2018-01-21 13:45:06,458 - Start: build phase for freecell-solver-4.16.0-1.mga7.src.rpm
2018-01-21 13:45:06,460 - Start: build setup for freecell-solver-4.16.0-1.mga7.src.rpm
2018-01-21 13:46:57,018 - Finish: build setup for freecell-solver-4.16.0-1.mga7.src.rpm
2018-01-21 13:46:57,018 - Start: rpmbuild freecell-solver-4.16.0-1.mga7.src.rpm
2018-01-21 13:46:57,020 - Start: Outputting list of installed packages
2018-01-21 13:46:57,093 - Finish: Outputting list of installed packages
2018-01-21 13:46:57,800 - Start: clean chroot
2018-01-21 13:47:03,041 - Finish: clean chroot
2018-01-21 13:48:53,819 - Mock Version: 1.4.8
2018-01-21 13:48:55,568 - Start: dnf update
2018-01-21 13:49:30,142 - Finish: dnf update
2018-01-21 13:49:30,156 - Finish: chroot init
2018-01-21 13:49:30,159 - Start: build phase for freecell-solver-4.16.0-1.mga7.src.rpm
2018-01-21 13:49:30,161 - Start: build setup for freecell-solver-4.16.0-1.mga7.src.rpm
2018-01-21 13:49:42,282 - Start: clean chroot
2018-01-21 13:49:45,863 - Finish: clean chroot
