libalsa-data-2:1.1.5-1.mga7.noarch 1511464671 402361 5ac6fac3a80a0ad3923fd8e7c5cf9234 installed
cronie-1.5.1-1.mga6.x86_64 1470931335 231559 cd522215a5ecc020324f320c6a76fca7 installed
dnf-conf-2.7.5-1.mga7.noarch 1508941590 37002 02e98483137daa005b95d776d0677fac installed
javapackages-tools-5.0.0-3.mga7.noarch 1504283557 72015 9ded3c0003fdb444a3e40f429c926ad4 installed
python3-librepo-1.7.20-3.mga7.x86_64 1501875745 216220 fcf1f0539b92c0efefadcebde7463b7a installed
python2-rpm-macros-3-5.mga7.noarch 1502797638 1495 af515d58ca8cf4d5cee44c10a2bfccc3 installed
lib64pango1.0_0-1.40.14-1.mga7.x86_64 1510803161 493576 2d25fda6ebabd4aaad25bbd257c82be7 installed
python3-dnf-2.7.5-1.mga7.noarch 1508941590 1906196 05a10dd06a1ca6b0d014fb8b87145837 installed
kernel-userspace-headers-4.14.14-2.mga7.x86_64 1516358715 4364248 d7a586c0d274f7af84ee56eb93a9bf65 installed
perl-IPC-System-Simple-1.250.0-5.mga6.noarch 1466303048 73279 217198f0ff1ace95289ebf0822aed319 installed
dnf-utils-2.1.5-1.mga7.noarch 1508942412 3844 7ae0479b0a6327b4f6a0591f214e85e1 installed
rootcerts-1:20171122.00-1.mga7.noarch 1513129764 3031377 6749f352adec2aa81db0be5a0484dfae installed
perl-Algorithm-Diff-1:1.190.300-4.mga7.noarch 1506959712 111645 df288e9b8d0b1c651faa5818b7c39208 installed
lib64hunspell1.6_0-1.6.2-2.mga7.x86_64 1513695971 465760 8916f4328fd400e70934ca43e8fef9d8 installed
rust-srpm-macros-5-2.mga7.noarch 1515883584 1136 4140d23da5fdcc3543daccae129064b0 installed
lib64ext2fs-devel-1.43.6-1.mga7.x86_64 1504972815 3323145 3634b9c4d20d6326514941994818ab1f installed
lib64hfstospell10-0.4.5-1.mga7.x86_64 1514582568 248688 2c01b437838cf897bf66c7723e9361aa installed
rootfiles-11.0-14.mga6.noarch 1455897202 14813 d308f7699a1f3454de2d1b5371095355 installed
libpthread-stubs-0.4-1.mga7.x86_64 1510134860 226 8d2d42c3a0def4af53ed9ecf5c11f358 installed
python3-enchant-1.6.10-1.mga7.noarch 1505460982 443571 970642693b22d9dff04eaa2745b0dec0 installed
filesystem-2.1.9-28.mga6.x86_64 1455178462 0 45b49454b231e86ab72c4fa32b62dc84 installed
lib64xrender-devel-0.9.10-1.mga6.x86_64 1475692200 30268 54e9c6d3507a9a03d9dd185be2bd4e97 installed
libgomp1-7.3.0-0.rc.20180117.1.mga7.x86_64 1516234135 397780 9c4cc2e4a42aa1596e5658d78b365d3a installed
lib64zlib1-1.2.11-4.mga6.x86_64 1490774438 120355 a6f2878af6f9341c02292fab608027f9 installed
lib64mesaegl1-devel-17.3.3-2.mga7.x86_64 1516443212 97434 eeb05480e9ab9af6d6275b17aba70fc8 installed
rpm-build-1:4.14.1-1.mga7.x86_64 1516259877 275105 c8fe0dee70f0c3a20cb5b45038834057 installed
lib64popt0-1:1.16-13.mga6.x86_64 1456060419 54457 e1101a4814f951cbc5c337e52f7e59f5 installed
glib2.0-common-2.54.3-1.mga7.x86_64 1515447294 8435995 7336a7162295534c04b5f4490ea0e089 installed
lib64png16_16-2:1.6.34-1.mga7.x86_64 1509163107 384968 ddd54d9346d5bb2509c8a9b43896174a installed
lib64xml2_2-2.9.7-2.mga7.x86_64 1514395653 1487208 34a2f306c22b45e1bc893f161168ba77 installed
java-1.8.0-openjdk-devel-1:1.8.0.151-1.b12.1.mga7.x86_64 1513693070 42133629 2e703069540b862bf8b7d813fd8e56b0 installed
lib64jpeg8-1:1.5.3-1.mga7.x86_64 1514318897 700337 8f81971d2cad0ff5c0d3b96aef3cbc99 installed
lib64uuid1-2.30.1-2.mga7.x86_64 1505645837 20152 a1850709e9ae1e872e33d649d8023325 installed
lib64pathplan4-2.40.1-6.mga7.x86_64 1514810920 32224 5463f46621c4d4908c90cbbfed8063cb installed
lib64glapi0-17.3.3-2.mga7.x86_64 1516443212 204088 00f487708497bb1a5f1acbc9a19e9bc8 installed
lib64unistring2-0.9.8-1.mga7.x86_64 1515251331 1620699 6abb89320ea625622ac5d7d40326cb10 installed
lib64zziplib0-0.13.62-9.mga7.x86_64 1506198229 210834 0b925d72b7962d3248fc625ca8c7c95e installed
perl-LWP-MediaTypes-6.20.0-7.mga6.noarch 1466305495 63469 3705f9515a8cbbf7c12fe176f60ac944 installed
lib64intl8-0.19.8.1-1.mga6.x86_64 1465844977 234489 83950cd2c4431e7e62cd840eb18324f9 installed
texlive-20170524-3.mga7.x86_64 1515509969 38558279 4c1837a58fa23462e0a0d164ca74df0c installed
lib64wayland-client0-1.14.0-2.mga7.x86_64 1514506555 62640 c74b1041ee0cd6eb48ecd35868dcee59 installed
info-install-6.1-1.mga6.x86_64 1462821644 51402 373ae2a1345a813f1d1a4e30fdad28e6 installed
perl-libintl-perl-1.290.0-1.mga7.x86_64 1512944084 4282268 a3f3c14cf5a53b0de4934b63ee6bcde7 installed
lib64tcl8.6-1:8.6.8-1.mga7.x86_64 1515338767 1791312 d67370b54db7ff5fd9eb38fa8d220267 installed
lib64acl1-2.2.52-7.mga6.x86_64 1455119789 204951 8147b9e0c8a600b36d305376931a30e0 installed
lib64turbojpeg0-1:1.5.3-1.mga7.x86_64 1514318897 462984 45b271a8afa6779e00d82a65292d9474 installed
lib64jbig1-2.1-5.mga7.x86_64 1514918444 105400 bbdbf103babfb8279172c4ef0450ef45 installed
lib64devmapper1.02-1.02.137-3.mga7.x86_64 1514666474 343008 45cfc964c5c8a7355f5399ed1a27e9d1 installed
x11-util-cf-files-1.0.6-3.mga6.noarch 1476551558 1160404 0200cc54f89d414027e6bc92e081efc1 installed
lib64avahi-client3-0.7-1.mga7.x86_64 1508051805 69992 aa9fa65a5a45e776bfb3d312778c644a installed
perl-2:5.26.1-2.mga7.x86_64 1516303054 45236572 0eca8fb6585b083a5b95da1fac81785d installed
lib64glib2.0-devel-2.54.3-1.mga7.x86_64 1515447294 23095346 1ca8dca6166d7160039a8694466d8725 installed
lib64nss3-2:3.34.1-1.mga7.x86_64 1512992409 3441624 81e9c32ba53d299ce5c6f2fd4a970fa5 installed
pkgconfig-0.29.2-1.mga7.x86_64 1509630090 165390 5b57edd905f04aa6c52fb4fb0f7d7392 installed
lib64freetype6-devel-2.8.1-1.mga7.x86_64 1506350917 5293564 351f944670881ee5435ad587124c4a6d installed
lib64ice-devel-1.0.9-5.mga6.x86_64 1488374619 267826 2f739fd9bc91dc07b6d49cfc9b32fb24 installed
lib64crack2-2.9.6-5.mga6.x86_64 1481570481 44736 fb551ea493a955f0974443211907ef7c installed
lib64harfbuzz-devel-1.7.4-1.mga7.x86_64 1514584285 1465749 f46b52f4636add457a932b4d00a35b18 installed
perl-Sub-Uplevel-0.280.0-1.mga7.noarch 1500761063 57598 9e8746134fb0799e7b5222df16fb4a56 installed
lib64pam0-1.3.0-6.mga7.x86_64 1504615160 714288 293746bf7804485ae272725ca4e34fda installed
lib64gpm-devel-1.20.7-7.mga6.x86_64 1454350692 146511 91e2941d9c448d9f0a6b58cffad1274a installed
perl-Encode-Locale-1.50.0-3.mga6.noarch 1466294195 22191 c556869ce7f736a14b11b111974b7083 installed
lib64pam_userpass1-1.0.2-13.mga7.x86_64 1504202208 15371 057512d30bb082bf04c43a61aaa9a2e7 installed
lib64tre-devel-0.8.0-14.mga6.x86_64 1479307885 10395 b9f54bcb4599426b164bd1c2614a91da installed
perl-HTML-Tree-1:5.70.0-2.mga7.noarch 1506981812 548768 743fbd3fc3cf71b33ae9646f9738d57d installed
nikto-2.1.5-9.mga6.noarch 1454893526 2066530 6abb058ba24b5da3a05fff5e1b9b5922 installed
lib64xmu-devel-1.1.2-5.mga6.x86_64 1454933679 223162 655630d2cbf38fa09846c878ec508f26 installed
perl-File-Which-1.220.0-2.mga7.noarch 1506979189 47663 9d9d8ef30e49ece14eeeed0ddf7e5fd6 installed
perl-List-MoreUtils-0.428.0-1.mga7.noarch 1513075712 110554 fa6bac10302116e28c45cfcb8bc98c0e installed
bison-3.0.4-4.mga7.x86_64 1506270128 1820521 a731243528deedb289828c8d9873909c installed
lib64xext6-1:1.3.3-4.mga6.x86_64 1454941380 200671 b2347184adbf8deb1c3ea85ccd13df54 installed
lib64devmapper-event1.02-1.02.137-3.mga7.x86_64 1514666474 24056 111ed555932436518ca69d3d0cb5a40b installed
lib64hdf5_10-1.8.15-4.mga7.x86_64 1504331583 3538256 d443e7cc1afbf561af77333964aa101e installed
lib64xcb-dri3_0-1.12-2.mga6.x86_64 1467524268 11184 5beafa4d43f95049748989825c726200 installed
lib64croco0.6_3-0.6.12-2.mga6.x86_64 1492961795 577875 14a4a369a5078b106b31e19d9b782636 installed
lib64blas3-3.7.1-1.mga7.x86_64 1507508577 770344 572239433a2d618d8220ba12090e4bf8 installed
lib64xcb-render0-1.12-2.mga6.x86_64 1467524268 52376 3a02fd465d0efb689524737eb419c706 installed
lib64natspec0-0.3.1-2.mga6.x86_64 1455540844 244713 200b98f3afb9567cb647e2f49415e32d installed
netcdf-4.3.3.1-2.mga6.x86_64 1455578746 520348 47d0c4e384c2607beb242044742b2d75 installed
lib64tk8.6-1:8.6.8-1.mga7.x86_64 1515341093 1436120 154b81c17988df04630d4963240f9b1e installed
perl-File-Sync-0.110.0-22.mga7.x86_64 1506979134 18634 7bf1194e5fab1e247316ff2e248c0472 installed
lib64gmt-devel-4.5.12-5.mga7.x86_64 1505306769 5119813 6de3477f409b8b03aa770880b04f0a3a installed
lib64xlib-gir2.0-1.54.1-1.mga7.x86_64 1506948404 836 ee328f0134663b626734ac04f273948c installed
patch-2.7.5-2.mga6.x86_64 1455254537 232560 fc8fa6e11ec7b200bde2b359156c1271 installed
gcc-objc++-7.3.0-0.rc.20180117.1.mga7.x86_64 1516234135 23968238 01a845336d5f9c8d4f64c9b20f7657a5 installed
urw-fonts-2.4-7.mga6.noarch 1454922816 4595417 44947a3d1758d4617f69e0ded3c8dc33 installed
ipcalc-0.2.0-4.mga7.x86_64 1514664687 58479 bbe889e7405a88e3b02127c24af4f098 installed
pango-1.40.14-1.mga7.x86_64 1510803161 121725 d4cbfbc75e87321de74dec56721879fb installed
lib64pcre32_0-8.41-3.mga7.x86_64 1513263578 406512 66b76f7cdfd5851bea523b01aa06a8ad installed
lib64idn2-devel-2.0.4-1.mga7.x86_64 1507729794 207058 c9157f8dd55f4ea9b1bfd20c16d528e7 installed
lib64seccomp2-2.3.2-1.mga6.x86_64 1488782177 270760 54d425b8e310cc6c5024188f4320439e installed
tk-1:8.6.8-1.mga7.x86_64 1515341093 2463130 dba74ac32d179be3203c39b9b2682172 installed
traceroute-2.1.0-1.mga6.x86_64 1462555580 74099 e342987823b0e420831742e48510d352 installed
lib64xtst6-1.2.3-1.mga6.x86_64 1475692320 23904 54492e427b49ac0bbeafd5302c74cf41 installed
lib64tasn1_6-4.12-1.mga6.x86_64 1496851685 78056 7f0fa433dae2b4c5cc5bf19d658972f3 installed
lib64xcb-composite0-1.12-2.mga6.x86_64 1467524268 11176 fd2b0b6f43323cb22044263df1e26189 installed
lib64brotlicommon1-1.0.2-1.mga7.x86_64 1512738609 131036 e5c53cb38329866bbf0df8c8f97d3961 installed
lib64xcb-record0-1.12-2.mga6.x86_64 1467524268 19400 2d40511b2dd4784f7bcefe1c06be3236 installed
lib64npth0-1.5-1.mga6.x86_64 1497360148 42509 b39609b948f03386b1d1816386f245bb installed
lib64xcb-xf86dri0-1.12-2.mga6.x86_64 1467524268 19392 169d7a217d68a26624fb62dc7ea1d1d6 installed
libgcc1-7.3.0-0.rc.20180117.1.mga7.x86_64 1516234135 320908 e8445fb3bdcad09c026d856bb9b77ed5 installed
lib64xcb-xv0-1.12-2.mga6.x86_64 1467524268 27664 e1df06c2a97bebca92a3a5a096d97396 installed
shadow-utils-2:4.4-2.mga7.x86_64 1513866833 3626198 177a3d1f5a93cc35d9eadb7ea77f6886 installed
graphite2-1.3.10-1.mga6.x86_64 1495520500 60261 f7944c6a7eee967d8ad2e587e9d9023c installed
gawk-4.2.0-1.mga7.x86_64 1509109269 2418923 4cb40da7380f5a86769ca2bbce28e3ef installed
copy-jdk-configs-3.3-3.mga7.noarch 1512165555 15711 a6ed2531c648558fb77a6b9a5b308b9b installed
mageia-repos-cauldron-7-0.0.1.mga6.x86_64 1500235173 37746 ecbdd9905e74fbc8fe308b9db65d28ee installed
lib64pciaccess-devel-0.14-1.mga7.x86_64 1509780979 15686 f9518b858071a5a35d76feac9735c78b installed
e2fsprogs-1.43.6-1.mga7.x86_64 1504972815 4442955 4038ce9a30c1cf311d1540f81c65307d installed
lib64tcl-devel-1:8.6.8-1.mga7.x86_64 1515338767 1025910 d749760e7f0380dfc5b5c97eadedb381 installed
crypto-policies-20170606-2.mga7.noarch 1503748540 41853 fcd289d6ca12713916c7ea20e7e79e18 installed
paper-utils-1.1.24-7.mga6.x86_64 1454712568 22832 4ef93d836046914fc9e3702893a79c80 installed
lib64archive13-3.3.2-3.mga7.x86_64 1504817719 772808 d20171d8e476e7cc65402700fa62302f installed
lib64pixman-devel-0.34.0-1.mga6.x86_64 1455168541 50451 167772e74e7a2887e13c81c63b3ba5d6 installed
less-487-2.mga7.x86_64 1504717854 567098 5ceb9ab91539d32fbe5cde8d47d16199 installed
lib64jasper1-1.900.23-5.mga6.x86_64 1492606784 350792 9362d8db4bfc0f85b564f476d2f77600 installed
lib64guile2.0_22-2.0.14-2.mga7.x86_64 1514908096 1582616 bfc0678c75f88876762edc64c702159f installed
lib64fontconfig-gir2.0-1.54.1-1.mga7.x86_64 1506948404 348 61c6c0c46ef36f08e324347165cb5f58 installed
lib64rpmsign8-1:4.14.1-1.mga7.x86_64 1516259877 19912 aae435956fbb7e0081dd3be154490d4e installed
perl-Test-Warn-0.320.0-1.mga7.noarch 1500762033 28535 a9a12944218ef67988526b44be53cce1 installed
lib64ssh2_1-1.8.0-1.mga7.x86_64 1502010569 386377 bb37d08ec39933cac916d52cd517515d installed
lib64sasl2-devel-2.1.26-14.mga7.x86_64 1514029257 192665 db0058287dcf223c93a02c7ca19b83ff installed
lib64fdisk1-2.30.1-2.mga7.x86_64 1505645837 384424 4761b6599719a1888eed322006944694 installed
perl-HTML-Form-6.30.0-7.mga6.noarch 1466300365 65772 8258c6558a9bcb376eac2f6ab9a2c55e installed
lib64ldap2.4_2-2.4.45-3.mga7.x86_64 1501710364 746880 3a00240ec0d8856547d4a3fb9664a2c9 installed
perl-Spreadsheet-WriteExcel-2.400.0-7.mga6.noarch 1466322335 1657732 1361d20091a91bcd9a1c01cfdb8e3cb1 installed
logrotate-3.12.2-1.mga6.x86_64 1495518817 123127 c006df14190b7696fddf8d3a71fbf950 installed
x11-font-daewoo-misc-1.0.3-6.mga6.noarch 1454949703 830644 134cea6236738bea1d3158f7892b8eef installed
diffutils-3.6-1.mga7.x86_64 1504104894 1299541 739aa3b578be7f489d27d21fbd635c87 installed
lib64xmu6-1.1.2-5.mga6.x86_64 1454933679 108776 9d2afcd1240b32f5de1ab4a5f4bc3aa2 installed
lib64idn11-1.33-3.mga7.x86_64 1507120831 252044 a45b7579a4e894f2a16888cbcc927a51 installed
lib64edit0-0:3.1-0.20150325.2.mga6.x86_64 1455209022 209146 902ddffe8357e7cb192b26ed87df5f47 installed
lib64gio2.0_0-2.54.3-1.mga7.x86_64 1515447294 1696216 a193e2eaf15b9fe5c1a46fe93495586c installed
perl-Try-Tiny-0.300.0-1.mga7.noarch 1514072292 140132 350a9c02f3b3b089034a8746cb99b663 installed
desktop-file-utils-0.23-2.mga6.x86_64 1471486494 328020 9676a035e4a8dbcb96dcbafdd3027b2d installed
perl-XML-XPath-1.420.0-2.mga7.noarch 1506998083 222062 a65f747bd5298dd142d7f676061141cf installed
groff-for-man-1.22.3-1.mga6.x86_64 1448985700 2712980 13b9c014c20f68dbc7d239aaba2bbcf7 installed
perl-Unicode-LineBreak-1:2017.4.0-3.mga7.x86_64 1506996579 368560 127ac51e1b5f25e4fa05515dc2da8206 installed
python3-pkg-resources-36.2.4-6.mga7.noarch 1506931547 840129 b1038fbe39eebe455a9215808bf09954 installed
perl-Digest-Perl-MD5-1.900.0-5.mga6.noarch 1466289190 19768 dd657e7306fc457b4d67c13bf845cad9 installed
lib64python3.6-stdlib-3.6.2-4.mga7.x86_64 1514912703 30186459 95542d20e2b6c9f66884f09d7f2eab59 installed
perl-HTML-Format-2.120.0-1.mga7.noarch 1507622636 192509 f15bf706fbdcce4e8edd71248a553938 installed
python3-libcomps-0.1.8-3.mga7.x86_64 1501826474 143562 2c237eba9903440ce938aee2e4581c09 installed
perl-File-Copy-Recursive-0.400.0-1.mga7.noarch 1516191747 42721 fdec43c613c15fab6d5d775781539a08 installed
gcc-cpp-7.3.0-0.rc.20180117.1.mga7.x86_64 1516234135 23869096 343cd8847cde522c763384c373b17683 installed
ghostscript-common-9.22-2.mga7.x86_64 1513091442 18783821 f6f141df67580a67e7ecbb0fad0d5cc7 installed
python3-six-1.10.0-3.mga7.noarch 1501763932 119471 96a02f326db8044d535ca7709b0bb47b installed
lib64ldap2.4_2-devel-2.4.45-3.mga7.x86_64 1501710364 1559732 bbfe25e84cc1f33dd8afd9148cc66c97 installed
lib64python2.7-stdlib-2.7.14-1.mga7.x86_64 1512514289 20886590 d72e87d0315cd4ec1129a7cf5c5e9b2a installed
lib64drm_intel1-2.4.89-1.mga7.x86_64 1513579211 145800 60168ef21b14e7af25d5ed17e7f3b4ba installed
procps-ng-3.3.12-1.mga6.x86_64 1471034217 1188740 a3db0f3e7db01bd0115cb6b05d1bec39 installed
lib64mesaegl1-17.3.3-2.mga7.x86_64 1516443212 227776 4c07c3ea593a068530f4f6f0eb0ae578 installed
nss_tcb-1.1-7.mga6.x86_64 1455304952 11208 b25dfe34dcb5fedeb8d49af486d4a03b installed
lib64cairo2-1.14.10-1.mga6.x86_64 1498125220 1708260 5ec704b90947d22a6218cdaa4ff72cbd installed
systemd-units-236-4.mga7.x86_64 1515525474 491505 e0b7bd4a4585c787ddaeab668ac41da9 installed
wayland-tools-1.14.0-2.mga7.x86_64 1514506555 41088 68924587f06d666953a781ee31fc8a76 installed
rpm-1:4.14.1-1.mga7.x86_64 1516259877 2023479 a52f9a667b103897c3898a76bbbec82f installed
gpg-pubkey-80420f66-4d4fe123 1297080611 0 (none) installed
python3-rpm-generators-4.13.0.1-2.6.mga7.noarch 1502063982 65745 3d0b5758fa8ce5d048e64eb02db290cc installed
libsecret-i18n-0.18.5-2.mga6.noarch 1497173869 76954 0a18a627e5ca592a5604ba9d56a7b574 installed
gnupg2-2.1.22-2.mga7.x86_64 1514902652 10929080 b00eda79226ed8845a8ab127d7eff4cc installed
rpm-mageia-setup-2.25-2.mga7.x86_64 1505097451 7519 e363229dbabf943f3213105bc7d80c8b installed
lib64repo0-1.7.20-3.mga7.x86_64 1501875745 168904 df9a128c5ca1365e061b7529caff10be installed
python3-rpm-macros-3-5.mga7.noarch 1502797638 1509 415cf583725fc4b0ef89a19f2bed276a installed
lib64dnf1-0.11.1-1.mga7.x86_64 1508939546 312089 74fc5af1402c32355f8ff007ca5b6672 installed
hawkey-man-0.11.1-1.mga7.noarch 1508939546 14996 935e6ceab6c7723566594cbd497c0695 installed
python3-gpg-1.9.0-1.mga7.x86_64 1509525302 1252610 4863bbd95d0a2375dcda725efe960e78 installed
publicsuffix-list-dafsa-20171028-1.mga7.noarch 1510395140 54085 21863eeae5565b4690cb7bd1310ebbc3 installed
dnf-2.7.5-1.mga7.noarch 1508941590 1388586 2de15a0b277cc5f5c063af1bbd98f705 installed
mageia-repos-pkgprefs-7-0.0.1.mga6.noarch 1500235408 0 f37eb5898948e055f1f0e9e80f82b4ab installed
dnf-plugins-core-2.1.5-1.mga7.noarch 1508942412 238914 a5657b137c5a4e78a4a2693b5567c8c0 installed
libgpg-error-common-1.27-1.mga7.noarch 1509489084 422805 66ded465ccfdb4d97dd341fe193b062f installed
gdb-headless-8.0.50.20171213-1.mga7.x86_64 1514620166 7775014 d8efd822bcccc2ac524dbf9e6b6d2978 installed
guile-runtime-2.0.14-2.mga7.x86_64 1514908096 9408506 a2d9e8229e2af66d34574ba73bb3c4dc installed
rpm-plugin-systemd-inhibit-1:4.14.1-1.mga7.x86_64 1516259877 12180 f6dac30c4813c1bf6162eac84e858f3d installed
dash-static-0.5.9-2.mga7.x86_64 1504379672 132963 fbc73310aa121964bf2bb247f394c8e4 installed
lib64sigc++2.0_0-2.10.0-1.mga6.x86_64 1474720461 81145 0500f98a5ae39bb306871ace10825cea installed
python-srpm-macros-3-5.mga7.noarch 1502797638 621 87343683ca6ab6e94e7b1232d8f88160 installed
lib64xml++2.6_2-2.40.1-2.mga6.x86_64 1448795881 216368 ce47596e73949eca28f3a24cd817175e installed
sash-3.8-6.mga6.x86_64 1455302300 996788 c18a24d8c9f8951a6c7fcf9c2a84e5eb installed
lib64voikko1-4.1.1-3.mga7.x86_64 1514903435 288521 6e2767316f4e57d72faedb97303847a3 installed
common-licenses-1.1-8.mga6.noarch 1455896735 167218 c6035793ecaec8366a181fa988e54405 installed
lib64enchant1-1.6.0-14.mga7.x86_64 1501944165 84928 1806c7aa33693c0935a4cdfb067dbfe8 installed
setup-2.7.24-1.mga6.noarch 1472710689 702922 db4e26b38ea982361479a37bf17416f8 installed
rpmlint-1.10-2.mga7.noarch 1510496455 1092356 212919633866d89156853b2105edb8ee installed
grep-3.1-1.mga7.x86_64 1504106597 667265 0e59b4e6447afeb783c52eda2c2cca71 installed
elfutils-0.170-1.mga7.x86_64 1505978332 1954144 ab7204d7b2b475005898d8d60824a2ef installed
lib64pcre1-8.41-3.mga7.x86_64 1513263578 468032 8dd5dd653be7b7aa4c7408f244f9ece8 installed
gettext-0.19.8.1-1.mga6.x86_64 1465844977 1641775 7c49cef108a7217368dea80af0ff694c installed
perl-base-2:5.26.1-2.mga7.x86_64 1516303054 6226292 dafa10e70d6bf29b9dcd743fc28e48a8 installed
rpm-mageia-setup-build-2.25-2.mga7.x86_64 1505097451 142980 b0009ca661060d58ef55163838d917fc installed
lib64bz2_1-1.0.6-11.mga7.x86_64 1515081866 70165 d76161a9dc86d1e9d952568efaef7083 installed
basesystem-minimal-1:7-0.1.mga7.x86_64 1502718147 0 b9a2c7b5c934c182ce4bd681b8a73e6a installed
chkconfig-1.10-1.mga7.x86_64 1508027479 763425 fdd81b38a1fca61b24aa6d366f1900d4 installed
lib64zlib-devel-1.2.11-4.mga6.x86_64 1490774438 868322 b63b31973e9bbacb7d6072879469f27b installed
lib64elfutils1-0.170-1.mga7.x86_64 1505978332 840431 46e796c124953f53024a68c80381d818 installed
lib64freetype6-2.8.1-1.mga7.x86_64 1506350917 674968 3a90dbd1e04db08dbafc69b2ae776433 installed
lib64cap2-2.25-1.mga6.x86_64 1460387733 71216 0b8534a73aeabf685c76a1bac063adec installed
fontconfig-2.12.6-1.mga7.x86_64 1506663524 359010 a2a22d1d6e3f8633ab00dbd67dad5495 installed
lib64db5.3-5.3.28-14.mga7.x86_64 1515161363 2333798 cffc1c98db18cefcd02bcbe3aa3f7b1d installed
perl-URI-1.730.0-1.mga7.noarch 1515676825 268685 bb404adabd078167dc7b8c5f33dc7967 installed
lib64expat1-2.2.5-1.mga7.x86_64 1509563979 206424 3a771e6bf3b4998893f165c4b8219304 installed
lib64xshmfence1-1.2-2.mga6.x86_64 1455234541 11096 f5685f4cc2d268465f27edfdac343fb8 installed
lib64glib2.0_0-2.54.3-1.mga7.x86_64 1515447294 1523882 02e242c15498118ea2cfa84842ceee10 installed
lib64x11-xcb1-1.6.5-1.mga6.x86_64 1488391850 6848 d5b5d7ebb6c34b72c9fcaa243fc09cbb installed
lib64gcrypt20-1.8.1-1.mga7.x86_64 1509527223 1274794 e60d87ae7111acd871d2d8641dbd0f87 installed
lib64openssl-devel-1.1.0g-1.mga7.x86_64 1509956404 5104535 c3135fe88e156f2b66812ad6afabfbd1 installed
lib64mpfr4-0:3.1.5-2.mga7.x86_64 1516266801 402128 f6364939a494835b8906d4fb17a5b967 installed
lib64bsd0-0.8.3-1.mga6.x86_64 1462891016 82592 d35b9fb3697d7f6098ea828b78193220 installed
lib64mpc3-1.0.3-2.mga7.x86_64 1516266740 108477 5af5404f8327cd78565e977fd70cef94 installed
lib64wayland-server0-1.14.0-2.mga7.x86_64 1514506555 79632 f96eac5fbc9c1cf01ec3cb9dac3f1747 installed
xz-5.2.3-2.mga7.x86_64 1504715941 506967 a5cb6d0ae322e0ecf5e082a975d3c4ca installed
lib64nspr4-2:4.17-1.mga7.x86_64 1506695860 287472 da94383e4e1f6136c099be89fff9993e installed
lib64magic1-5.32-1.mga7.x86_64 1508361504 149880 ce7004ce05fccc2529ccf48f1dc9377f installed
lib64lcms2_2-2.8-2.mga6.x86_64 1471357642 377800 9562837c7894dc2b0d600f42b0f78515 installed
lib64attr1-2.4.48-1.mga7.x86_64 1516178326 19960 076be52ab49fbf9566eee5e582c92708 installed
lib64paper1-1.1.24-7.mga6.x86_64 1454712568 16768 2b1f0bf03c877e06d3ac71c36e3ba80d installed
coreutils-8.28-1.mga7.x86_64 1505152406 14438756 941ad53c2f154c4b4a845942f8aa8c76 installed
lib64openjp2_7-2.2.0-3.mga7.x86_64 1514481937 313104 5c1adab7df8c004ec273acb14c28e719 installed
lib64udev1-236-4.mga7.x86_64 1515525474 124032 b9e2fa614250a45a8c7292b88c353172 installed
lib64tiff5-4.0.9-2.git20171231.1.mga7.x86_64 1514902984 509800 30430c4909df9bedc6f6509af3a43315 installed
lib64sigsegv2-2.10-7.mga6.x86_64 1455214956 68787 f7bcb407d23e09f9fff70d01b1c81c1f installed
lib64ncurses-devel-6.0-20171223.2.mga7.x86_64 1515311877 13062733 ceb858688aa0bdd15334f8d25a4c26a9 installed
lib64gdbm4-1.13-1.mga7.x86_64 1512139345 86049 68ffb25c84abd7bedfa9a307cfd16e38 installed
lib64cups2-2.2.6-1.mga7.x86_64 1509966243 875288 38e7ca5a6f7c32d16c11e45138f71fbf installed
lib64tcb0-1.1-7.mga6.x86_64 1455304952 25160 3a33ecf358decda0ce4d75a815343093 installed
nss-2:3.34.1-1.mga7.x86_64 1512992409 16841382 fe37688dc5429f19576d28eca64ca101 installed
gettext-base-0.19.8.1-1.mga6.x86_64 1465844977 3429413 d7a4e341a05dc64eef437d09f689a006 installed
lib64sm6-1.2.2-6.mga6.x86_64 1455214956 31840 2249e546830ffdc62c53894fac244edc installed
lib64p11-kit0-0.23.2-2.mga6.x86_64 1463186562 422254 5e5097ce2f8d213c38c02914bb9d0fee installed
lib64bsd-devel-0.8.3-1.mga6.x86_64 1462891016 359313 8faabfec602791259b9f980073fd11e9 installed
kmod-24-2.mga6.x86_64 1495518618 196553 42a2af9eed0855c4502a39a0c0d75741 installed
lib64glapi0-devel-17.3.3-2.mga7.x86_64 1516443212 0 1379d809fa8cfecd966ef5edad3acb08 installed
hostname-3.18-1.mga6.x86_64 1470925066 37619 9d85525953b414224933f7ad6bd610fe installed
lib64png-devel-2:1.6.34-1.mga7.x86_64 1509163107 1080124 20cadbf159253b7b2e59934927387b90 installed
lib64audit1-2.8.2-1.mga7.x86_64 1513726185 115675 a4b133347f7f6a39e4721f4aa984c3f0 installed
lib64pciaccess0-0.14-1.mga7.x86_64 1509780979 40888 896c409d1cfccc4df5e354baa642c8a9 installed
lib64lz4_1-1.8.0-2.mga7.x86_64 1513017078 86128 72431eb58165b61c47875c8b0bf341e6 installed
lua-5.2.4-2.mga7.x86_64 1514902730 702508 f21705047dbd29e9dd78265d5bcc5936 installed
lib64procps6-3.3.12-1.mga6.x86_64 1471034217 99389 7163687c66559c87d52727fb39d5a01d installed
perl-OLE-Storage_Lite-0.190.0-7.mga6.noarch 1466314426 88594 d61ed86b0f04df0731c7b60605407384 installed
pam_tcb-1.1-7.mga6.x86_64 1455304952 40132 ac50aab20b6267d8bb252a47f3f0a4b4 installed
perl-HTML-Parser-3.720.0-5.mga7.x86_64 1506981610 228731 f97e9abdf50139b33da94728005951c1 installed
perl-YAML-Tiny-1.700.0-1.mga7.noarch 1500762979 172401 296b2791ba7aa313b14a13175da711bd installed
lib64datrie1-0.2.10-1.mga6.x86_64 1451796432 32760 fcaa2e0e7534895f087da71b914218d5 installed
perl-JSON-2.970.10-1.mga7.noarch 1514072229 253670 9a9db94d0e3cce4ff9701cf3e5b8adff installed
lib64harfbuzz0-1.7.4-1.mga7.x86_64 1514584285 672650 e745bb2c0fce94361113ec7b3ed0dd61 installed
perl-Exporter-Tiny-1.0.0-1.mga7.noarch 1500650345 91285 6e4366c47c0bee0f9caa17ba3b664a85 installed
lib64xau6-1.0.8-7.mga6.x86_64 1455233243 15424 123d054063ec80fde968fc5142acd250 installed
perl-List-MoreUtils-XS-0.426-1.mga7.x86_64 1507015898 159853 da3a44bfa3be71402407d8376531d7a7 installed
lib64x11_6-1.6.5-1.mga6.x86_64 1488391850 1314744 08994ac5c759b3212a29bd893a6517ca installed
lib64cryptsetup4-1.7.5-1.mga6.x86_64 1493634028 166720 dc4ce80d81baf2f5d92145831bcfd5a2 installed
lib64xrender1-0.9.10-1.mga6.x86_64 1475692200 40432 a8c548991d30966c7d89df0d328012b1 installed
lib64usb1.0_0-1.0.21-1.mga6.x86_64 1478193234 143540 b72779d0aab170441f806ea394b77b25 installed
lib64xcb-dri2_0-1.12-2.mga6.x86_64 1467524268 19384 3dc09d212203d026c69b43498427d53a installed
lib64babeltrace1-1.5.3-3.mga7.x86_64 1512031857 563091 8074cd96f4d92d6393c6be41873cd74d installed
lib64xcb-present0-1.12-2.mga6.x86_64 1467524268 11176 c848cd7455b1f60f8ce2891e1e02d5df installed
lib64comps0-0.1.8-3.mga7.x86_64 1501826474 206784 fca14d4f9302432e39002152d569e09b installed
lib64xpm4-3.5.12-1.mga6.x86_64 1483126323 74448 f8fa9cdb8737219399e3ab593d745081 installed
dwz-0.12-2.mga6.x86_64 1455174740 225249 98b6fdf928f9a85196a3bd897b783894 installed
lib64xcb-xfixes0-1.12-2.mga6.x86_64 1467524268 31648 c8fabb9f71be4a625dc9f39d2f92fdfe installed
unzip-6.0-18.mga7.x86_64 1513804348 738662 3b0e1c3eaf5dd37629b8cbce4628b6cf installed
lib64xscrnsaver1-1.2.2-7.mga6.x86_64 1454690918 15408 2ec229bd8b0b70512e5afb9f20d90131 installed
perl-YAML-1.240.0-1.mga7.noarch 1509467431 190910 1ef825c76351089de0a3e3d89ff49fa3 installed
lib64xmuu1-1.1.2-5.mga6.x86_64 1454933679 19464 6da7fd1aaa00fec63a4cae2646c95ab3 installed
perl-MDK-Common-1.2.34-1.mga7.noarch 1509151121 122580 9f908e4173dd08c0cb6e46776a96f82c installed
lib64xfixes3-5.0.3-1.mga6.x86_64 1475692152 23472 3bbd4d5134f693dcb1d94444dc1033a7 installed
lib64pcreposix1-8.41-3.mga7.x86_64 1513263578 11240 f037cb206cc0f27b357f2d7c1bde7bb4 installed
lib64xcb-shm0-1.12-2.mga6.x86_64 1467524268 11176 1057d918dd57fc242e74cbd50a00216a installed
lib64fuse2-2.9.7-3.mga7.x86_64 1507356443 288890 ba41c91371b56d98c26a542c3f1cd8c8 installed
lib64ffi-devel-3.2.1-5.mga6.x86_64 1455209060 27853 7859eec67f449d29ac3681874c07f736 installed
ifmetric-0.3-17.mga6.x86_64 1455503911 16448 e979cd8efa3ae96ede6b157433f79a31 installed
lib64cdt5-2.40.1-6.mga7.x86_64 1514810920 27920 40e73ff551a521b96c2fa4174d756fd7 installed
lib64smartcols1-2.30.1-2.mga7.x86_64 1505645837 185328 7a07a21832fbfb67b7fe7e4bced85bb0 installed
lib64kpathsea6-20170524-3.mga7.x86_64 1515509969 95840 64100b60b638b9528f73335c49f1b133 installed
lib64pcre16_0-8.41-3.mga7.x86_64 1513263578 426968 2db3623137352da581b94629fb035c74 installed
lib64unistring-devel-0.9.8-1.mga7.x86_64 1515251331 756147 0d3e17158db450ccfbb75a8f676ed52e installed
pcre-8.41-3.mga7.x86_64 1513263578 240175 6f5f1a8411e8efe91cffc6d5b94efd02 installed
lib64xml2-devel-2.9.7-2.mga7.x86_64 1514395653 9966126 2ee55cc2ef66385c03370a78ddc27f45 installed
lib64qrencode4-4.0.0-1.mga7.x86_64 1507398084 649360 fcf886896298ff85064691d200e7b883 installed
lib64ptexenc1-20170524-3.mga7.x86_64 1515509969 45192 c16176d48225502362888b95521f9137 installed
nss-myhostname-236-4.mga7.x86_64 1515525474 807832 f93bd977a12fb615b26aaaca0291753b installed
xset-1.2.3-5.mga6.x86_64 1454708299 37400 81ef9325b4ef6b49c4249c3a75834927 installed
ifplugd-0.28-20.mga6.x86_64 1455504116 114560 0853a7561355f4d848a3e83ae7570c4f installed
lib64gd3-2.2.5-2.mga7.x86_64 1515170080 416764 32abc55de4406722781963fc2171345e installed
lib64atomic_ops1-7.6.2-1.mga7.x86_64 1515217929 6904 ace678c62d7843b1087d5e9604bd4277 installed
lib64nghttp2_14-1.25.0-1.mga7.x86_64 1504881070 159028 0fb6b9c85f7d22071c6ccf2c7ef69853 installed
lib64gnutls30-3.6.1-3.mga7.x86_64 1509119225 1417336 8be158aee4c86e37907339312a308f89 installed
lib64lockdev1-1.0.4-0.120111007git.12.mga6.x86_64 1455235590 29727 e89ab7fb01128f798fb70d2086235765 installed
lib64brotlidec1-1.0.2-1.mga7.x86_64 1512738609 49620 89fb93dd2bda381a509843223a5d3edb installed
lib64sasl2_3-2.1.26-14.mga7.x86_64 1514029257 125280 0a60d5e8d06f8428c110fa798b0c3cc3 installed
lsb-release-2.0-53.mga7.noarch 1500236526 19261 2b597d45c9b96a401fcd6db89930b98c installed
libstdc++6-7.3.0-0.rc.20180117.1.mga7.x86_64 1516234135 3139684 fc4a1d5450e1737d91595506ada5c972 installed
lib64ncurses6-6.0-20171223.2.mga7.x86_64 1515311877 655040 4401841ca25f98e448b46cd26090139a installed
sed-4.4-1.mga7.x86_64 1508034718 978495 8f53b4538f2469f0176df41ef93901f2 installed
lib64blkid1-2.30.1-2.mga7.x86_64 1505645837 290856 6de152caae4cfd8956ae63570054f9ef installed
lib64readline7-7.0-1.mga7.x86_64 1508422595 355512 d9c3c6cf27b1db112c5d4543a9b96a05 installed
findutils-4.6.0-1.mga6.x86_64 1451426987 1682205 af9979ee197ced62509b3d3d69c14636 installed
mageia-release-Default-7-0.4.mga7.x86_64 1515337584 819 65d2e3a3c13e9485997afb42c0608ab6 installed
mageia-repos-7-0.0.1.mga6.x86_64 1500235173 38571 e265fca52471f9cdd80644ec6f8e6cd0 installed
lib64ext2fs2-1.43.6-1.mga7.x86_64 1504972815 430823 46020c92c0e062f3a0c87ca9bca94ca2 installed
lib64mount1-2.30.1-2.mga7.x86_64 1505645837 328504 7c504bd6de5aa9b573b480af75b16f72 installed
libuser-0.62-12.mga7.x86_64 1515510938 1675098 c2c6fe887ca18a571f7dfb2f2f3d9be6 installed
lib64openssl1.1-1.1.0g-1.mga7.x86_64 1509956404 3419099 e011485df1e6fb171f6463e33e80f90a installed
lib64rpmbuild8-1:4.14.1-1.mga7.x86_64 1516259877 172472 b08fd80f96cbd96b6f947acd89a180b8 installed
kbd-2.0.3-1.mga6.x86_64 1451607906 3354235 d5adad64f340f3a9fb266596715af861 installed
binutils-1:2.29.1-8.mga7.x86_64 1516267714 27092550 88b33e355c4fb4bbc38162027c4655db installed
gzip-1.9-2.mga7.x86_64 1515695801 265252 d14f2cae01bbd724ff4269d9ced25b87 installed
lib64gc1-7.4.2-8.mga6.x86_64 1496600903 204901 9de5e7bd7af147f6fa3639a0f656c9c7 installed
libsolv-tools-0.6.30-1.mga7.x86_64 1508936051 325239 09e8915937d87d677b3e0b497c86be86 installed
rpm-plugin-syslog-1:4.14.1-1.mga7.x86_64 1516259877 11304 89eb5eb7099ce340b6b600abcaa487d2 installed
deltarpm-3.6.1-6.mga7.x86_64 1504204393 841532 78abdac72f78eb945758584725f74321 installed
cpio-2.12-3.mga6.x86_64 1458058612 909720 dd1b933f25ec685464835e967fcfb499 installed
krb5-1.16-1.mga7.x86_64 1516303251 229886 672a9a2f50824e312cd74f1d91cc4302 installed
glibc-devel-6:2.22-26.mga7.x86_64 1513388716 5910194 181edd8ab115e105fc28d761d28eccb6 installed
libutempter-1.1.6-5.mga6.x86_64 1455215518 39893 21c29c359d56ff79b975cb67aab26837 installed
openldap-2.4.45-3.mga7.x86_64 1501710364 15507 73bf493cd2bcf7dbe8ac82c9842c77de installed
lib64curl4-1:7.57.0-2.mga7.x86_64 1512741055 553584 bb8576e715905e29fc15710713fedd7f installed
etcskel-1.63-34.mga6.noarch 1455896840 4609 c0908ca80e979be1bd0c6405f7ca011b installed
time-1.7-45.mga6.x86_64 1455305815 22414 f7115f3406ca61ec1b0a63c5e3bc6692 installed
make-1:4.2.1-1.mga7.x86_64 1505505940 1477713 0dba2065a4d32b7aa34a7001675c1dca installed
m4-1.4.18-1.mga6.x86_64 1483272404 293307 4695c9954f4849a07497c819f5d39bc0 installed
automake-1.15.1-1.mga7.noarch 1508027706 2468865 30a780734e4131151d373d02a0de4897 installed
iputils-20161105-2.mga6.x86_64 1480335214 323382 53be525563c805ca3947d6935b59fa76 installed
shared-mime-info-1.8-2.mga7.x86_64 1505266429 2351729 538550cdbb487c7044f8126294b59811 installed
lib64secret1_0-0.18.5-2.mga6.x86_64 1497173859 336248 1d434189d1655503ca0bf257234553be installed
pinentry-1.1.0-1.mga7.x86_64 1515218917 234578 dfc9ea197d6ccde63403ab68fa56c2ed installed
vim-minimal-8.0.1428-2.mga7.x86_64 1515188120 886602 69a3055afde21cacfba98910aeb310f2 installed
lib64gettextmisc-0.19.8.1-1.mga6.x86_64 1465844977 980193 b32d2ebfe4e8d967810ced20187f8c85 installed
lib64icu59-1:59.1-5.mga7.x86_64 1514477185 4607600 ace9ed9d4ddd9b6eba25e45d9f45d89f installed
python3-setuptools-36.2.4-6.mga7.noarch 1506931547 1322120 b5c0baab1e39a17b81661f6c8327def6 installed
python3-pip-9.0.1-2.mga7.noarch 1501347836 9373485 3fcc885df78db794a07503bc4edd6ed6 installed
lib64python3.6-3.6.2-4.mga7.x86_64 1514912703 2801688 f4b579dd64cd5410f0e79ff52713d960 installed
lib64girepository1.0_1-1.54.1-1.mga7.x86_64 1506948404 217064 04cb5d7e5074c46ceb692c2d5891dee7 installed
libstdc++-devel-7.3.0-0.rc.20180117.1.mga7.x86_64 1516234135 11277975 e5b39276d587e6c0086a1c819e358d3d installed
python2-pkg-resources-36.2.4-6.mga7.noarch 1506931547 924201 f31015f3ad5c48d77bce5a8336f789ac installed
lib64isl15-0.16.1-1.mga6.x86_64 1453661691 1694056 feec0ee8b973be4503705a4ab591befd installed
gcc-7.3.0-0.rc.20180117.1.mga7.x86_64 1516234135 51625610 b6ce665cbebd43933e3299890dcd7df8 installed
python3-magic-5.32-1.mga7.noarch 1508361504 17965 7a9f7480e4554341712233dc1083c7b7 installed
python3-iniparse-0.4-15.mga7.noarch 1501797718 146627 192802484d68fc12b96da5bf59c16e83 installed
lib64python2.7-2.7.14-1.mga7.x86_64 1512514289 1825960 94de4034407b825469718c94980e1e69 installed
lib64dbus1_3-1.10.16-1.mga6.x86_64 1487347310 333344 ea27da666355c11ea7dce763c90c78d5 installed
lockdev-1.0.4-0.120111007git.12.mga6.x86_64 1455235590 8004 dc37189ee820fec85f88cd61aaa62966 installed
tcb-1.1-7.mga6.x86_64 1455304952 46677 b8b75a1c4262fecfa7ea4c29bbf70759 installed
pam-1.3.0-6.mga7.x86_64 1504615160 930805 a0f98bef7cae7f0616f9ae50eef15f30 installed
util-linux-2.30.1-2.mga7.x86_64 1505645837 11304700 9f901e2a1aeab5f877e097b96245b887 installed
systemd-236-4.mga7.x86_64 1515525474 19027105 d0df39d0a4e453c5240fca753a6e00d4 installed
net-tools-2.0-0.20150915git.4.mga6.x86_64 1481358697 934275 d76b6f6826c41aef91398e42bfe28f1b installed
initscripts-9.78-5.mga7.x86_64 1515038429 6717658 ccb71334108d4d7f5fd75f52c45aabf7 installed
lib64gbm1-devel-17.3.3-2.mga7.x86_64 1516443212 15298 b7d0b47477a9604df0157a355cce6df1 installed
lib64alsa2-2:1.1.5-1.mga7.x86_64 1511464671 1204222 edd00448a8503960ad28a14df597b271 installed
rootcerts-java-1:20171122.00-1.mga7.noarch 1513129764 195758 70aa52bde103c3c9e45a0c99106b78d7 installed
java-1.8.0-openjdk-headless-1:1.8.0.151-1.b12.1.mga7.x86_64 1513693070 107479424 68c2476e9c2a6aa12fb36040a11c16de installed
lib64thai0-0.1.27-1.mga7.x86_64 1515251656 195411 01d12308c0c1668c4f463d01abd5e486 installed
lib64rsvg2_2-2.42.0-1.mga7.x86_64 1515458430 1194299 9f5dd3359176b39ba88cc9fa3e67e79f installed
perl-TimeDate-2.300.0-6.mga6.noarch 1466331015 98174 200678f14c2bdbbc165f5e3e8c794d0e installed
perl-Digest-SHA1-2.130.0-23.mga7.x86_64 1506976909 49711 af11e4fd1db6a641e11ed1862a39dc96 installed
lib64xaw7-1.0.13-1.mga6.x86_64 1451798261 480024 5d9d17822347c1df897e79ca64bbe2f1 installed
lib64glib-gir2.0-1.54.1-1.mga7.x86_64 1506948404 589248 2e76079c6cae5d1964d716c4f0e40708 installed
lib64verto-devel-0.2.6-7.mga7.x86_64 1505461537 25972 fe669c28da419f1f0edf347123070e84 installed
lib64krb53-devel-1.16-1.mga7.x86_64 1516303251 1101457 a3bef91027d1169e4c72a4b23a31779e installed
lib64brotli-devel-1.0.2-1.mga7.x86_64 1512738609 51797 ee937b9c99e4bbcb407554fcc6373916 installed
lib64xcb-devel-1.12-2.mga6.x86_64 1467524268 2798315 b88ef0d0f46995cdb6b6de5d5a701f0b installed
lib64xext-devel-1:1.3.3-4.mga6.x86_64 1454941380 103851 0525ab863ea1b65759c370ff882b0cb7 installed
lib64xfixes-devel-5.0.3-1.mga6.x86_64 1475692152 9302 405f4ba704743f9d303ac85881ade0d4 installed
lib64xxf86vm-devel-1.1.4-2.mga6.x86_64 1455234436 13124 a1529e9ad2f2cfa91cd5d33a8b982d51 installed
lib64mesagl1-devel-17.3.3-2.mga7.x86_64 1516443212 1609727 98cb31d414374442955e851dbdfee254 installed
lib64xt-devel-1.1.5-2.mga6.x86_64 1455234118 1684964 70a646f6f5e82fbfc72c8fced5a13a91 installed
glib-gettextize-2.54.3-1.mga7.x86_64 1515447294 30111 9663e401889497f1a82f701c22c0ed74 installed
java-1.8.0-openjdk-1:1.8.0.151-1.b12.1.mga7.x86_64 1513693070 504493 fb4345d89eb17a7a0189e42851e274eb installed
lib64lqr0-0.4.2-5.mga6.x86_64 1454924246 103930 2ac59b74bfeacd99b43fc09984167f34 installed
lib64ilmimf2_2_22-2.2.0-11.mga7.x86_64 1515509328 3078312 3f1b04273a7193e6b7868636666ab397 installed
lib64gvc6-2.40.1-6.mga7.x86_64 1514810920 645888 2d52ae9544eb0ae7db70f39dd2749c1f installed
lib64acl-devel-2.2.52-7.mga6.x86_64 1455119789 557866 50f88558a99c2cc9ad8db3a49d116e77 installed
lib64texlua5-20170524-3.mga7.x86_64 1515509969 725136 f54be56caadc8b9fc48bf07a455ef64c installed
cdialog-1.3-1.20160828.1.mga6.x86_64 1473885231 299633 2bc16978b76478334030d43f80c9aa10 installed
texlive-collection-basic-20170524-2.mga7.noarch 1515409806 272693362 2a352fbb1fd960612862093ca528ec2f installed
texlive-dist-20170524-2.mga7.noarch 1515409806 1616259416 4e23eedabee8e7a93c83cd467dac3f3b installed
texinfo-6.1-1.mga6.x86_64 1462821644 7867933 be67a1ed34011cb52cd6ba563617d115 installed
lib64tre5-0.8.0-14.mga6.x86_64 1479307885 135688 3e08168a6f7a7a4a11447f45ed1871e9 installed
lib64jpeg-devel-1:1.5.3-1.mga7.x86_64 1514318897 165125 1bbfff9d6e5f2229a1ff6fa92e3fd54e installed
locales-2.22-5.mga6.x86_64 1464875389 4934505 54c226360ae71e9242ac9cffbc1deb9b installed
lib64gpm2-1.20.7-7.mga6.x86_64 1454350692 81120 7356881972256ba9227502afc54e030c installed
lib64pcre-devel-8.41-3.mga7.x86_64 1513263578 1283696 43089b002417b87f62a1d900a2bebceb installed
lib64croco-devel-0.6.12-2.mga6.x86_64 1492961795 935960 dbf39756d21e7c626583abd58e252671 installed
lib64bz2-devel-1.0.6-11.mga7.x86_64 1515081866 376532 cb4873166867c89abcaa04d087ac1d59 installed
lib64fontconfig-devel-2.12.6-1.mga7.x86_64 1506663524 888735 93f4230dd593693da3efc62cc37b22a9 installed
lib64cairo-devel-1.14.10-1.mga6.x86_64 1498125220 4060445 1dbba973a3be60bc96ff3b99c4355095 installed
lib64pango1.0-devel-1.40.14-1.mga7.x86_64 1510803161 1048329 e2a043ebabff2e1b42c62fe4f56dbae3 installed
gettext-devel-0.19.8.1-1.mga6.x86_64 1465844977 5427462 3cd1cd4a885f5e4b25fe67b0e1c31bb4 installed
imake-1.0.7-4.mga6.x86_64 1454931672 59895 0eae401bc2e19690f230f2548afc6554 installed
lib64tiff-devel-4.0.9-2.git20171231.1.mga7.x86_64 1514902984 1558544 29727f144cf226b5c2c70d5d638a58cb installed
lib64pth-devel-2.0.7-16.mga7.x86_64 1504239330 215923 5f12ab73349de5d09dcc22fa7c89fd9d installed
texlive-fontsextra-20170524-2.mga7.noarch 1515409806 192876690 a5b1e8b9853e2cb9fa6d245097e50498 installed
lib64readline-devel-7.0-1.mga7.x86_64 1508422595 8216452 c1d026153b8054441857f374a1915868 installed
zip-3.0-10.mga7.x86_64 1506195871 823023 8c334cb894d3bd060c0bee8a0e87f19c installed
libquadmath0-7.3.0-0.rc.20180117.1.mga7.x86_64 1516234135 682268 48048ac044b44af2f7c68c5203f9c3ff installed
libgfortran4-7.3.0-0.rc.20180117.1.mga7.x86_64 1516234135 3781058 5194f2ec1052fa8b090c201474457bef installed
gcc-gfortran-7.3.0-0.rc.20180117.1.mga7.x86_64 1516234135 49665735 6d8cfec7654bc4fa0b707fe7b930e3f8 installed
lib64netcdf7-4.3.3.1-2.mga6.x86_64 1455578746 1333367 01aee3e7e3ed822b2f74d5ae23f81fa4 installed
lib64blas-devel-3.7.1-1.mga7.x86_64 1507508577 0 86d4978a0f5612e511190dc14924eb3e installed
lib64gmt4-4.5.12-5.mga7.x86_64 1505306769 1572736 016cbc395a5dd6d54973cba04e4b4b69 installed
lib64hdf5-devel-1.8.15-4.mga7.x86_64 1504331583 25990157 a4b063d9d0b012adb64233a7b6da9a69 installed
lib64netcdf-devel-4.3.3.1-2.mga6.x86_64 1455578746 79135 a9931e8d3cd1c212cc9d00d6cd2bdac7 installed
lib64magick-7Q16HDRI_5-7.0.7.21-1.mga7.x86_64 1516285368 3993464 0ccfffa81d646bd04bec19f93578a42c installed
gcc-objc-7.3.0-0.rc.20180117.1.mga7.x86_64 1516234135 24117460 ec7d5159fc83d9ee09fdf7cc2171779d installed
imagemagick-7.0.7.21-1.mga7.x86_64 1516285368 4137452 3852b552112d4c18c48932100d5a973a installed
lib64xi6-1.7.9-1.mga6.x86_64 1485536920 65712 185b6deef32e324775fcfbe7537f9f32 installed
xprop-1.2.2-5.mga6.x86_64 1454635001 44788 2fee187591d467787c5ce48b76470fab installed
lib64xcomposite1-0.4.4-8.mga6.x86_64 1454592389 11120 55e4d1762bfa9c4304657b8f5812af8c installed
lib64xcb-damage0-1.12-2.mga6.x86_64 1467524268 11176 736f6a97fd987a19f2414e3bbac1ab5f installed
lib64xcb-randr0-1.12-2.mga6.x86_64 1467524268 60576 281ae0021260b2de1f0bd3289cdd5fe3 installed
lib64xcb-res0-1.12-2.mga6.x86_64 1467524268 15296 5dc4d62096ae16e94af22112028f12d4 installed
lib64xcb-shape0-1.12-2.mga6.x86_64 1467524268 15264 aa3bda8333666757ff037ba368437510 installed
lib64xcb-xinerama0-1.12-2.mga6.x86_64 1467524268 11168 7ce8e783c347bab87f221f904a1b3afd installed
lib64xcb-xtest0-1.12-2.mga6.x86_64 1467524268 11160 74139b064b09eb9ea5bb3ac2cb115f1a installed
lib64xcb-xvmc0-1.12-2.mga6.x86_64 1467524268 15272 5a94e309a3ba335f0e07b2d2605ff73b installed
perl-File-HomeDir-1.2.0-5.mga7.noarch 1506979018 111317 48e7cc354a229db053f0e4883e611117 installed
lib64graphite2-devel-1.3.10-1.mga6.x86_64 1495520500 48710 b57a70542309b93551bcf3494b263449 installed
lua-posix-33.3.1-2.mga6.x86_64 1453898075 1163491 2413a34e6feb159aa522ee5eba10d741 installed
lib64sm-devel-1.2.2-6.mga6.x86_64 1455214956 230753 653dddfa04d54ec69dfd3ce3202cba24 installed
lib64mount-devel-2.30.1-2.mga7.x86_64 1505645837 33954 6aaf0d96a9697e87f804a62c27f9c5a8 installed
perl-Test-Exception-0.430.0-2.mga6.noarch 1466326216 33412 e3047bc751f1e29e6820b667ad56cf56 installed
lib64poppler72-0.61.1-3.mga7.x86_64 1515762940 2740304 384f2c8173529c5b1b19aad2d7872c0b installed
lib64ncursesw-devel-6.0-20171223.2.mga7.x86_64 1515311877 6415286 7fa4361a6acdf2bb54460a763bede095 installed
lib64webpmux3-0.6.0-1.mga7.x86_64 1500300476 40928 492feb6ac7e6f59dc4621e9c6425c07f installed
psutils-1.23-1.mga6.x86_64 1452534047 177813 6925e33e56e89cf9e69096ffd1b8be39 installed
lib64ssh2-devel-1.8.0-1.mga7.x86_64 1502010569 1789645 3f0daaaaca2bf5e5516b4f9dc9d7c365 installed
perl-File-Listing-6.40.0-8.mga6.noarch 1466296067 17891 554b48082aca5322a0f2cf9747daf54e installed
perl-WWW-RobotRules-6.20.0-8.mga6.noarch 1466334979 26877 6359f5a2254e18b48cd5deea47e38af5 installed
gdk-pixbuf2.0-2.36.11-1.mga7.x86_64 1506960210 2379653 02cb256293cf53de0c7e1701122ed9bc installed
lib64wmf0.2_7-0.2.8.4-38.mga7.x86_64 1505474184 513560 6343a6cbbf5aeb1bca5e5e750eab7eb9 installed
lib64freetype-gir2.0-1.54.1-1.mga7.x86_64 1506948404 420 b8c660a773141eae6d70a71b727ca536 installed
perl-Tree-DAG_Node-1.290.0-2.mga6.noarch 1466331703 143935 9c7d99c957629dc8a4732a13c129e199 installed
lib64cap-ng-devel-0.7.8-2.mga7.x86_64 1501938029 15678 2154219d2ecdd013581538d1fd548592 installed
lib64pam-devel-1.3.0-6.mga7.x86_64 1504615160 102093 848a92a57d87363e0b2f93e99880436c installed
perl-IO-HTML-1.1.0-6.mga6.noarch 1466302369 63440 a29708d4efb4966a802c68deab40b8bb installed
perl-HTTP-Cookies-6.40.0-2.mga7.noarch 1506981898 116985 2a99ad22f4eee16a493cf45d51d10051 installed
perl-HTTP-Daemon-6.10.0-7.mga6.noarch 1466301339 40889 29b6343315bb2f1b4345f9d25885c6fd installed
perl-Parse-RecDescent-1.967.15-1.mga7.noarch 1500760392 432569 603dd4a3bde229b8e5145f456913f22e installed
lib64fontenc1-1.1.3-2.mga6.x86_64 1455209062 31696 b0a1acf6c0cc0ff291dcd782624e8683 installed
mkfontdir-1.0.7-8.mga6.noarch 1455933457 65 d938b043e9f1c85433180c3b5ee00a42 installed
x11-font-isas-misc-1.0.3-6.mga6.noarch 1454895508 946438 c47a0e17c08e99b4dde8eab51b9587ab installed
lib64xt6-1.1.5-2.mga6.x86_64 1455234118 425672 ffc7441d0cf61c76d4faf4787a580f26 installed
x11-font-bitstream-type1-1.0.3-6.mga6.noarch 1454603411 444765 c9db248a5e4338f2e65b5b8e9373be6d installed
x11-font-type1-1.0.0-13.mga6.noarch 1454898082 0 e4debaa9c8f73122f4299b46df6fa60f installed
lib64llvm5.0-5.0.1-1.mga7.x86_64 1514284401 53286024 c179c6be834da5853a89efdc22371813 installed
lksctp-tools-1.0.17-1.mga7.x86_64 1514810423 105797 0083313377d48ae03f9076bee7f47f0e installed
perl-Data-Dump-1.230.0-3.mga6.noarch 1466285216 53252 6eeabc32e72e38b6cd1e3083c919ea67 installed
perl-XML-Parser-2.440.0-11.mga7.x86_64 1506997905 471540 c6ba437bbe68ddeee63991a43483fa15 installed
perl-WWW-Mechanize-1.860.0-3.mga7.noarch 1506997421 285104 b280b7ba5c9b3eaba1690c63e4528409 installed
perl-MIME-Charset-1.12.2-1.mga7.noarch 1501254150 109434 8e620eb032688fd13f275f9e584d352e installed
perl-Text-CSV_XS-1.340.0-1.mga7.x86_64 1509974463 290872 7dbdfca90e3029a66ca4789eba6171dd installed
perl-IO-stringy-2.111.0-3.mga6.noarch 1466302747 129513 357d8b0667ba16c4fe9c9472d5d9e9dd installed
perl-Crypt-RC4-2.20.0-7.mga6.noarch 1466284474 8055 5c74dba0310b368339b29bc955e62898 installed
perl-Font-AFM-1.200.0-7.mga6.noarch 1466297087 40836 dcc4506c58efee1f77a7316f1b010b84 installed
perl-Test-File-1.443.0-2.mga7.noarch 1506993917 68045 60b91cf01829feb9f28d1f38e7e60035 installed
perl-Path-Tiny-0.104.0-1.mga6.noarch 1487799985 210694 1f37c7d6ce877788affead1ad596055f installed
lib64jbig2dec0-0.14-1.mga7.x86_64 1514471908 142299 3b527bf11e551c45a73bcd4f33ef444c installed
ghostscript-fonts-8.11-21.mga6.noarch 1455910761 988175 9562e70fe1f420731456b1eec57c10f0 installed
ghostscript-9.22-2.mga7.x86_64 1513091442 7288 5abb48f3c760f76e91cb1b680704552c installed
lib64wrap-devel-7.6-47.mga6.x86_64 1454941284 316144 279ec76de8e8ce10ba7ff2bdefe5db71 installed
libdrm-common-2.4.89-1.mga7.x86_64 1513579211 6475 b4e2825eab8e9a63ed03d526879d262c installed
lib64drm_amdgpu1-2.4.89-1.mga7.x86_64 1513579211 40760 47ef5e124ef221e64c29323516cfb30b installed
lib64drm_nouveau2-2.4.89-1.mga7.x86_64 1513579211 32424 068c0cce7c5f0f3b588dda7aa70a1d8b installed
lib64gbm1-17.3.3-2.mga7.x86_64 1516443212 62792 06f9d4f008c1b5158815e94cce2b7423 installed
lib64dri-drivers-17.3.3-2.mga7.x86_64 1516443212 25680672 863ea7ef564ed8f882bd33b097f6d99e installed
mesa-17.3.3-2.mga7.x86_64 1516443212 12474 064cd3c454297a23290deef1256b0a81 installed
lib64cairo-gir1.0-1.54.1-1.mga7.x86_64 1506948404 14168 7123dc301faf24fd7170d693a1f134f9 installed
lib64drm-devel-2.4.89-1.mga7.x86_64 1513579211 502879 27a0c0ac4e5ff86dbfa3f51d1d2f24b0 installed
lib64wayland-devel-1.14.0-2.mga7.x86_64 1514506555 502807 cad15213e18e77d468a450b0fa89ae9f installed
python3-rpm-1:4.14.1-1.mga7.x86_64 1516259877 188814 1b723e6b55f5466d06e4a9ed7fa51aa7 installed
python-rpm-macros-3-5.mga7.noarch 1502797638 3278 aadb3c7bcfb7a2cf6da62300e6f8cf13 installed
timezone-java-6:2017b-1.mga6.noarch 1490470545 371340 85dde70e0b9525369c3948c3720505ae installed
lib64gpgme11-1.9.0-1.mga7.x86_64 1509525302 337752 667c6a1f103983610aa1e9519f99081f installed
mageia-dnf-conf-1.0-1.mga6.noarch 1461537916 29 ebe7ee8039a6b5ed2a8f4cd1ee1cf046 installed
thai-data-0.1.27-1.mga7.x86_64 1515251656 572026 3d81eed1273303e1db42be3ec93b2629 installed
python3-hawkey-0.11.1-1.mga7.x86_64 1508939546 175811 1713dc51dbf245fae51065765ac28584 installed
icu59-data-1:59.1-5.mga7.noarch 1514477184 26290848 47c4f20ceb6ff1c522e9172d20403313 installed
lib64thai-devel-0.1.27-1.mga7.x86_64 1515251656 52101 f0bb5bf98e23dc3aaed1e4aed744fbe7 installed
python3-dnf-plugins-core-2.1.5-1.mga7.noarch 1508942412 179837 dadae30c5212c9375ccdbad0081d1f15 installed
mageia-repos-keys-7-0.0.1.mga6.noarch 1500235408 1666 2e54f5ee602a430a0265583fd3ffb1ab installed
x11-data-bitmaps-1.1.1-9.mga6.noarch 1476880946 183588 6c1b8ab564625d01dd777815745a6c07 installed
passwd-0.79-6.mga6.x86_64 1455253903 395731 f4336b99eeb54b719bba079b8a6f537c installed
popt-data-1:1.16-13.mga6.noarch 1456060419 60192 e2f0bbc20efb9468c20917ebbcaed90f installed
lib64pango-gir1.0-1.40.14-1.mga7.x86_64 1510803161 74916 c9a960dc017df1788a590c3d9b2576b5 installed
lib64glibmm2.4_1-2.52.1-1.mga7.x86_64 1513618276 2470021 920d4aeb895e53adbae402e0cd63f8eb installed
cmake-rpm-macros-1:3.10.1-1.mga7.x86_64 1514825298 4534 3d4cf3469cf1b105eb7866043f93e89d installed
lib64brotlienc1-1.0.2-1.mga7.x86_64 1512738609 546588 8efb4a9037a6f41c0d010ad59d2a8c6c installed
enchant-1.6.0-14.mga7.x86_64 1501944165 34932 138af6fc54b0da10ad98c295ae65139a installed
run-parts-1:4.4-7.mga6.x86_64 1455301833 93729 a8d8c564e895e3049e0aee4d6b372cba installed
lib64x11-devel-1.6.5-1.mga6.x86_64 1488391850 1127274 b3f96d6d7a8e24564d41db3f594911f0 installed
rpmlint-mageia-policy-0.2.29-3.mga7.noarch 1501191269 11898 2b103f51afa363e7b0f6b85c568d5e77 installed
glibc-6:2.22-26.mga7.x86_64 1513388716 27395015 0f734d28ea094221da2ce90405817907 installed
lib64xdamage-devel-1.1.4-8.mga6.x86_64 1454942656 2563 20db1c28ab6333a79aa9536de83b23ba installed
spec-helper-0.31.11-1.mga6.noarch 1452376089 32435 2b14d3f147f0951754a0275a05968565 installed
lib64lzma5-5.2.3-2.mga7.x86_64 1504715941 238006 222cbd13b43f8f0078d64e8a6c11231a installed
lib64xscrnsaver-devel-1.2.2-7.mga6.x86_64 1454690918 10389 b7991b7ab0c3a2ca1997fb2a0ead98ac installed
x11-proto-devel-7.7-29.mga7.noarch 1504986839 2169107 157bcb85506da44f759547eca36da7f1 installed
lib64gmp10-6.1.2-2.mga7.x86_64 1516266597 535367 ce65554e2fb7fadb7e7490d9ea3f77fa installed
lib64gif7-5.1.4-1.mga6.x86_64 1462809245 101452 20bd87ad9f703d8402c27a8dba7dbee0 installed
lib64fontconfig1-2.12.6-1.mga7.x86_64 1506663524 285080 0fdc73c0b4f28ceee76ba649dd0e587c installed
lib64gpg-error0-1.27-1.mga7.x86_64 1509489084 83440 607c29b7c519192dde5610695162b052 installed
lib64ilmbase23-2.2.1-1.mga7.x86_64 1515445359 524832 25a14b081fb1150c83e892d7dd4bd27e installed
perl-HTTP-Date-6.20.0-7.mga6.noarch 1466301331 20799 6d117b6b698fba9a8436851d153fa314 installed
lib64ffi6-3.2.1-5.mga6.x86_64 1455209060 53623 193f7267b19db640409187a51e0026e0 installed
lib64attr-devel-2.4.48-1.mga7.x86_64 1516178326 35193 acbfd25163769506fd33443114a075f2 installed
lib64pixman1_0-0.34.0-1.mga6.x86_64 1455168541 686320 b0e547b9beac082293eae79413113f20 installed
lib64idn2_0-2.0.4-1.mga7.x86_64 1507729794 144319 f4d2fc48a6c2808a4772d3c3ffe0055f installed
lib64synctex1-20170524-3.mga7.x86_64 1515509969 73872 044c59b7985da124f3d0dafd6b73db60 installed
lib64ice6-1.0.9-5.mga6.x86_64 1488374619 104608 0a4597414c48f894d5a7f670aed0444c installed
lib64assuan0-2.4.3-1.mga6.x86_64 1470926306 78864 c574e1725e0cb38c4189d0109700aab5 installed
texlive-texmf-20170524-2.mga7.noarch 1515409806 0 73e98fd69b91ad583d9f4e32adeca8b4 installed
lib64expat-devel-2.2.5-1.mga7.x86_64 1509563979 176366 34137b8878d9e4905ac832ff2eb76937 installed
file-5.32-1.mga7.x86_64 1508361504 5993468 09f38e2e5fbbc39f6abe9431f4232f1c installed
lib64pth20-2.0.7-16.mga7.x86_64 1504239330 83712 e103a9e798ab5fcc7c6b16b1dba6c241 installed
lib64webp7-0.6.0-1.mga7.x86_64 1500300476 461538 6afbbff5f92833ac1ab192aed748191a installed
bzip2-1.0.6-11.mga7.x86_64 1515081866 141310 f701c08ce40dde58b05b83cb1f081c92 installed
lib64nghttp2-devel-1.25.0-1.mga7.x86_64 1504881070 240975 fe76649a3d0d282920642f23b04e3de4 installed
lib64avahi-common3-0.7-1.mga7.x86_64 1508051805 53816 9c42f2b9e21535905bf529379a128ac9 installed
lib64nettle6-1:3.3-1.mga6.x86_64 1475498006 1003216 5758d37931b2ecb7a99f217beb29abe0 installed
libquadmath-devel-7.3.0-0.rc.20180117.1.mga7.x86_64 1516234135 2192687 76f38f5282abb1b903f544b8f13ab1c8 installed
tcl-1:8.6.8-1.mga7.x86_64 1515338767 7837495 29e6cd6e36ad0bdf0b669fe0e19cf2fe installed
which-2.21-3.mga6.x86_64 1455308603 50534 744d1c75d1640178f7fe94bc9c775fdc installed
lib64icu-devel-1:59.1-5.mga7.x86_64 1514477185 4244794 809a6fa74b3fc9b42a78e780c9c1e174 installed
lib64xdmcp6-1.1.2-5.mga6.x86_64 1488374738 23888 d2691a33032fc462745d90a62ab020c1 installed
p11-kit-0.23.2-2.mga6.x86_64 1463186562 62480 ba7e0e93102dfaaaad6456c7d5070d7d installed
lib64xft-devel-2.3.2-4.mga6.x86_64 1454603487 23381 7c7bb25c88ce52fa5f93277e70d60374 installed
lib64xshmfence-devel-1.2-2.mga6.x86_64 1455234541 1937 717719c7a410f85c40f5204604b5ceac installed
lib64cap-ng0-0.7.8-2.mga7.x86_64 1501938029 50470 baff33d56fba6c20c9a97a0d9472da92 installed
lib64tk-devel-1:8.6.8-1.mga7.x86_64 1515341093 2054717 c9f1bec46309495817c231f163e8ca40 installed
lib64uuid-devel-2.30.1-2.mga7.x86_64 1505645837 117120 f1ad6a7eb3c4628b4b1c94283d1061e4 installed
lib64systemd0-236-4.mga7.x86_64 1515525474 524544 f032fc5fc61ba0382cc749cc9323b6b6 installed
locales-en-2.22-5.mga6.x86_64 1464875389 1348206 95e787efb5cfbe6f961383c4cf6870f4 installed
perl-HTML-Tagset-3.200.0-9.mga6.noarch 1466300982 19462 e093c791b519240881e580385026bb24 installed
cracklib-dicts-2.9.6-5.mga6.x86_64 1481570481 9994892 0e53ab3d9db2591fd64741b3987e95e0 installed
texinfo-tex-6.1-1.mga6.x86_64 1462821644 502404 09361a0ff579f6376a5a502a278f6a75 installed
lib64graphite2_3-1.3.10-1.mga6.x86_64 1495520500 184624 929c2ad9ed22e37535e6136261ecba2e installed
perl-File-Slurp-9999.190.0-8.mga6.noarch 1466296652 49678 42e71e36674d265d5226ec06fc832615 installed
cups-common-2.2.6-1.mga7.x86_64 1509966243 4255460 f08589ee135ad5fccb79e5fafbd1f037 installed
lib64xcb1-1.12-2.mga6.x86_64 1467524268 155944 64d0cd7dbc980f0e6f476e8d3490f3a0 installed
lib64hogweed4-1:3.3-1.mga6.x86_64 1475498006 834680 987bb8bb7d414bb2c5dc22df9689aa6e installed
lib64fftw3-3.3.6-3.mga7.x86_64 1507461316 7380405 7c77ee6ca25a470da0ea3ff7a060f7ae installed
lib64xft2-2.3.2-4.mga6.x86_64 1454603487 91232 5a6ef687e5a0a2b7885c15f7b30ad64b installed
lib64psl5-0.19.1-1.mga7.x86_64 1510404463 56648 a3ff68b9e3eb1f925132fecb99d61754 installed
lib64hdf5_hl10-1.8.15-4.mga7.x86_64 1504331583 243088 e1a49d1b5fc9eb916e019671ee741306 installed
lib64xcb-sync1-1.12-2.mga6.x86_64 1467524268 27648 90e208b2c580011164a87de96cf5a4d2 installed
lib64ksba8-1.3.5-1.mga6.x86_64 1471867840 232304 60b6d0ec33be3c2039b318786d9c3faf installed
lib64lapack3-3.7.1-1.mga7.x86_64 1507508577 12846256 851a81e34ae5279fe7f4b9760f8c5a1b installed
lib64xxf86vm1-1.1.4-2.mga6.x86_64 1455234436 23608 6c85c8fa156beb9b04a10c9cf2fad06b installed
lib64kmod2-24-2.mga6.x86_64 1495518618 91680 9543075d50a5d919433e3eb3b6c6fd7b installed
lib64curl-devel-1:7.57.0-2.mga7.x86_64 1512741055 1220942 96f53ea8cd3a7ff210bb2f817d0cb499 installed
lib64xdamage1-1.1.4-8.mga6.x86_64 1454942656 11160 26779b424b6af213a6b73ae35a33278f installed
multiarch-utils-1.0.13-7.mga6.noarch 1455896961 12031 3cc0c1ce186edb678fe4b5fc716e0b53 installed
libobjc4-7.3.0-0.rc.20180117.1.mga7.x86_64 1516234135 483545 783a2b1473946ff7ae9d950e13293eca installed
lib64xcb-glx0-1.12-2.mga6.x86_64 1467524268 101336 39f9d778f0a3c36c5c82c53f40cf07ff installed
ethtool-1:4.13-1.mga7.x86_64 1512026844 320657 55ff56aae09027dcfb40254f1ebad40f installed
lib64lapack-devel-3.7.1-1.mga7.x86_64 1507508577 1285155 984eb51383a81e663af1c9db8ce32ae1 installed
lib64cgraph6-2.40.1-6.mga7.x86_64 1514810920 98120 bb6c48a22365c76d3f5b6e6737b34293 installed
lib64ipt1-1.4.4-2.mga6.x86_64 1460584767 74813 47759b245bf67d4a77f52697f9e9defc installed
lib64lzma-devel-5.2.3-2.mga7.x86_64 1504715941 1464126 530511f590dedd20da32456f1131f77b installed
lib64ip4tc0-1.6.1-3.mga7.x86_64 1514846438 32872 d91966a8d88534296fd3c5d38713fd57 installed
lib64xft-gir2.0-1.54.1-1.mga7.x86_64 1506948404 464 b5d969564d237ebd67a77ba3e59d1093 installed
lib64daemon0-0.14-10.mga6.x86_64 1455208973 28088 571ae182431fb1dcf4e96a6294323b2f installed
perl-Tk-804.34.0-2.mga7.x86_64 1506996286 14249207 e4b3f2d2edf66c86e913277c39e0b415 installed
lib64ltdl7-2.4.6-6.mga7.x86_64 1505148014 41981 56ddbba77f87198ec6ac197bf63b9c2c installed
xdg-utils-1.1.2-2.mga7.noarch 1510172226 297886 2c7a3cc6aa60e778facdab19d018dc9b installed
lib64microhttpd12-0.9.58-1.mga7.x86_64 1512749475 244432 fb29a9a007ba25925217af2c117aca67 installed
lib64xcb-dpms0-1.12-2.mga6.x86_64 1467524268 11160 734e27560bc6a3693ce51bca47666929 installed
lib64verto1-0.2.6-7.mga7.x86_64 1505461537 23060 08bfbafe8dd213969c81b511aeda5868 installed
lib64xcb-screensaver0-1.12-2.mga6.x86_64 1467524268 15320 289b07f40c52bb238459a23147aaa417 installed
crontabs-1.10-22.mga6.noarch 1455896779 677 cc30a7963a2bdc8c2a7e26bb3b2a6ff0 installed
lib64xcb-xkb1-1.12-2.mga6.x86_64 1467524268 114104 49d9fc2de1e4d58922d808a9fa9e1f87 installed
bash-4.4-12.1.mga7.x86_64 1508531107 4984928 fdbe0cce500dc4c53948148397f483ab installed
lib64xau-devel-1.0.8-7.mga6.x86_64 1455233243 6843 e096aad5cdbb5f5f19ce1544a38cac97 installed
lib64ncursesw6-6.0-20171223.2.mga7.x86_64 1515311877 447880 365f2afba7c9e2b163c24e99a8b085b0 installed
lib64datrie-devel-0.2.10-1.mga6.x86_64 1451796432 560161 8e9ad6a0a4f4fbb138d178d839ee6978 installed
mageia-release-common-7-0.4.mga7.x86_64 1515337584 143016 b72e196cac97047f8ef9eb914f365e24 installed
lib64blkid-devel-2.30.1-2.mga7.x86_64 1505645837 17167 475bd1fbcb0a805d084943ba3bb17fe4 installed
lib64lua5.3-5.3.4-3.mga7.x86_64 1512249100 235936 8c03f6d9e35ab11cc662574bbcbb240b installed
lib64xdmcp-devel-1.1.2-5.mga6.x86_64 1488374738 105752 30e7fa1b4d9955701f95e6c339fc9245 installed
lib64user1-0.62-12.mga7.x86_64 1515510938 125000 0b7a98a604fe8c1ca2ef5fa5afce9b39 installed
lib64jbig-devel-2.1-5.mga7.x86_64 1514918444 115725 5bdf62bb16b7f1aa4cc29d2045ba7437 installed
lib64rpm8-1:4.14.1-1.mga7.x86_64 1516259877 678584 b401aec745078d0a89a14d0b7e5c724e installed
lib64wayland-cursor0-1.14.0-2.mga7.x86_64 1514506555 32296 8e35a086bf75c3ed3609b28bd9cfc1fc installed
tar-1.29-4.mga7.x86_64 1504805539 2816314 968170782e6938d4c8144648a9e4f55e installed
perl-Net-HTTP-6.170.0-2.mga7.noarch 1506988231 123327 385a30c5d5bf246dabf6517fe7869ccc installed
psmisc-22.21-7.mga6.x86_64 1455297226 479566 4182fe9f38ccee0d48ca76c8ebb050d8 installed
lib64gdk_pixbuf2.0_0-2.36.11-1.mga7.x86_64 1506960210 505504 07c9b636e82f657516bbe4d21128bcde installed
lib64solv0-0.6.30-1.mga7.x86_64 1508936051 872371 b0d5b0d3783db0845d9e74105a25208e installed
perl-File-Slurp-Tiny-0.4.0-3.mga6.noarch 1466296700 31179 2a15e8a2f28dc3f1c4a76ef3dd903814 installed
rmt-0.4b46-4.mga7.x86_64 1514905844 41251 eaf1846dd2a36989e73987446e149073 installed
lib64audit-devel-2.8.2-1.mga7.x86_64 1513726185 96253 e7b8b3e46b8fa5267bec11a71821d102 installed
lib64krb53-1.16-1.mga7.x86_64 1516303251 2127504 ee5d7475a97ed4a0da4a6401deedc73e installed
perl-HTTP-Message-6.140.0-1.mga7.noarch 1514072205 251934 a87d5af72ff658e6c07710c4e0884d0c installed
makedev-4.4-21.mga6.noarch 1455897082 285810 3166dff6169a210b4c2ec1685fc6daba installed
perl-HTTP-Negotiate-6.10.0-7.mga6.noarch 1466301402 29821 7760aaecd40ccd0f8cc612dc01d07424 installed
libtool-base-2.4.6-6.mga7.x86_64 1505148014 1929518 3f0ec4897f284f2d343912e015c85482 installed
mkfontscale-1.1.2-3.mga6.x86_64 1455237935 34940 b4c3aa4f36ca106f66e8d40059a40875 installed
timezone-6:2017b-1.mga6.x86_64 1490470548 1344702 7c86443e3e0a8c3a5d79e6584702c85f installed
x11-font-jis-misc-1.0.3-6.mga6.noarch 1454695218 618999 e0f40914a845f75608895854bb9eea29 installed
autoconf-1:2.69-9.mga7.noarch 1504534326 2211216 b4920951dd3dbd18137ca445d7701217 installed
x11-font-xfree86-type1-1.0.4-6.mga6.noarch 1454087232 56168 d9c19c68cc2a02beb2cb823de5b3830c installed
iproute2-4.14.1-1.mga7.x86_64 1511705858 1773628 d6d988d4dc03a108447f0b0b92a69378 installed
lib64sctp1-1.0.17-1.mga7.x86_64 1514810423 118050 7fbe665841f58f682b62b44c686d5b31 installed
libsecret-tools-0.18.5-2.mga6.x86_64 1497173859 21744 0cb6789af5d7f7be0e87214c6353d7e1 installed
perl-libwww-perl-6.310.0-1.mga7.noarch 1513075674 604716 c030d96895df4227c43711743bc46a05 installed
ncurses-6.0-20171223.2.mga7.x86_64 1515311877 483770 0c3bb579faadcd612f796f9452c85826 installed
perl-Unicode-Map-0.112.0-27.mga7.x86_64 1506996624 700405 41ebc01f7628628c70884d115bcd1907 installed
lib64sqlite3_0-3.21.0-2.mga7.x86_64 1514553896 1029192 782ae987959358d8d47f679a33e2c628 installed
perl-Jcode-2.70.0-18.mga7.x86_64 1506983164 212803 33b6b1c09f108c3cc0e3d06d22ea2109 installed
python3-3.6.2-4.mga7.x86_64 1514912703 17000 2ae551fc1500792ec567efe4c751355b installed
perl-Spreadsheet-ParseExcel-1:0.650.0-5.mga6.noarch 1466322277 544004 f7c13fb858f70a298a86af1b6f569345 installed
gobject-introspection-1.54.1-1.mga7.x86_64 1506948404 2003550 26cd548870fa1ba1259c80a64aca4c36 installed
perl-Test-Deep-1.127.0-1.mga7.noarch 1500761433 118419 813c09bcc5f1ae3f9378086c90b01fd1 installed
isl-0.16.1-1.mga6.x86_64 1453661691 16646 230e57f36d6703f4a7652e76c6f77070 installed
lib64gs9-9.22-2.mga7.x86_64 1513091442 16043720 aa7c473040f4804ef8ae07bc90ace0c7 installed
gcc-c++-7.3.0-0.rc.20180117.1.mga7.x86_64 1516234135 25004614 8b7246eccc87c135c28a3e4df3bd88a6 installed
lib64wrap0-7.6-47.mga6.x86_64 1454941284 90239 b7fb8dcecf774b188ee99cf08cb00343 installed
python-2.7.14-1.mga7.x86_64 1512514289 273357 236e33921e046b12e4b413e498ee47e9 installed
lib64drm2-2.4.89-1.mga7.x86_64 1513579211 71072 9c9f815b8066f634e64cecb070748b9b installed
dbus-1.10.16-1.mga6.x86_64 1487347310 520614 804a0d8d0bd9426cfe23f0880e093ccb installed
lib64drm_radeon1-2.4.89-1.mga7.x86_64 1513579211 48928 9e71dc46bf3afbb27805062c86c5334b installed
rpm-helper-0.24.17-4.mga6.noarch 1455897261 42353 55e8ce673ce10a1585e768e0f94b2960 installed
lib64mesagl1-17.3.3-2.mga7.x86_64 1516443212 896224 189af8747fb6b56cd371f2bf943c18d1 installed
resolvconf-1.79-1.mga6.noarch 1464209425 69744 25253ceda5f48e51af4761bf85342de7 installed
lib64kms1-2.4.89-1.mga7.x86_64 1513579211 15664 3ba07ec28451b7f139ff40aedcf96644 installed
dmsetup-1.02.137-3.mga7.x86_64 1514666474 267990 3ffa62aac0dfb3de67931f4571636531 installed
