2018-01-20 23:42:15,150 - Mock Version: 1.4.8
2018-01-20 23:42:17,202 - Start: dnf update
2018-01-20 23:42:53,293 - Finish: dnf update
2018-01-20 23:42:53,307 - Finish: chroot init
2018-01-20 23:42:53,310 - Start: build phase for e3-2.82-1.intelsb.mga6.src.rpm
2018-01-20 23:42:53,312 - Start: build setup for e3-2.82-1.intelsb.mga6.src.rpm
2018-01-20 23:43:00,649 - Finish: build setup for e3-2.82-1.intelsb.mga6.src.rpm
2018-01-20 23:43:00,649 - Start: rpmbuild e3-2.82-1.intelsb.mga6.src.rpm
2018-01-20 23:43:00,652 - Start: Outputting list of installed packages
2018-01-20 23:43:00,715 - Finish: Outputting list of installed packages
2018-01-20 23:43:01,460 - Finish: rpmbuild e3-2.82-1.intelsb.mga6.src.rpm
2018-01-20 23:43:01,464 - Finish: build phase for e3-2.82-1.intelsb.mga6.src.rpm
2018-01-20 23:43:01,465 - Start: clean chroot
2018-01-20 23:43:05,148 - Finish: clean chroot
2018-01-20 23:43:05,149 - Finish: run
2018-01-20 23:44:20,232 - Mock Version: 1.4.8
2018-01-20 23:44:20,336 - Start: dnf install
2018-01-20 23:44:27,581 - Start: clean chroot
2018-01-20 23:44:27,689 - Finish: clean chroot
2018-01-20 23:44:39,167 - Mock Version: 1.4.8
2018-01-20 23:44:39,287 - Start: dnf install
2018-01-20 23:45:18,051 - Start: clean chroot
2018-01-20 23:45:18,149 - Finish: clean chroot
2018-01-20 23:46:22,463 - Mock Version: 1.4.8
2018-01-20 23:46:22,577 - Start: dnf install
2018-01-20 23:50:49,354 - Finish: dnf install
2018-01-20 23:50:51,654 - Start: creating root cache
2018-01-20 23:50:56,166 - Finish: creating root cache
2018-01-20 23:50:56,171 - Finish: chroot init
2018-01-20 23:50:56,233 - Start: build phase for e3-2.82-1.intelsb.mga6.src.rpm
2018-01-20 23:50:56,235 - Start: build setup for e3-2.82-1.intelsb.mga6.src.rpm
2018-01-20 23:51:23,720 - Finish: build setup for e3-2.82-1.intelsb.mga6.src.rpm
2018-01-20 23:51:23,720 - Start: rpmbuild e3-2.82-1.intelsb.mga6.src.rpm
2018-01-20 23:51:23,724 - Start: Outputting list of installed packages
2018-01-20 23:51:23,790 - Finish: Outputting list of installed packages
2018-01-20 23:51:24,150 - Start: clean chroot
2018-01-20 23:51:28,369 - Finish: clean chroot
2018-01-20 23:57:15,931 - Mock Version: 1.4.8
2018-01-20 23:57:17,733 - Start: dnf update
2018-01-20 23:57:39,623 - Finish: dnf update
2018-01-20 23:57:39,645 - Finish: chroot init
2018-01-20 23:57:39,649 - Start: build phase for e3-2.82-1.intelsb.mga6.src.rpm
2018-01-20 23:57:39,650 - Start: build setup for e3-2.82-1.intelsb.mga6.src.rpm
2018-01-20 23:57:48,582 - Start: clean chroot
2018-01-20 23:57:52,291 - Finish: clean chroot
2018-01-20 23:58:46,038 - Mock Version: 1.4.8
2018-01-20 23:58:47,893 - Start: dnf update
2018-01-20 23:59:14,233 - Finish: dnf update
2018-01-20 23:59:14,247 - Finish: chroot init
2018-01-20 23:59:14,250 - Start: build phase for e3-2.82-1.intelsb.mga6.src.rpm
2018-01-20 23:59:14,252 - Start: build setup for e3-2.82-1.intelsb.mga6.src.rpm
2018-01-20 23:59:23,812 - Start: clean chroot
2018-01-20 23:59:27,531 - Finish: clean chroot
