rpm-mageia-setup-2.20-9.mga6.x86_64 1483714489 7519 2984700f16891450ae4b49028727aa78 installed
python2-rpm-macros-3-4.mga6.noarch 1484743671 1485 18c1aaeb353a5e1dc86718492552e0b4 installed
krb5-1.15.1-2.mga6.x86_64 1493057206 31897 0886276e3baffa91a68d989573f046a9 installed
mageia-repos-pkgprefs-6-1.mga6.noarch 1499371760 0 5e1d32abaef68a768bb843aa4d31914a installed
libgpg-error-common-1.24-1.mga6.noarch 1470926308 420991 cd4bec36babd5823e25449115f9dba33 installed
popt-data-1:1.16-13.mga6.noarch 1456060419 60192 e2f0bbc20efb9468c20917ebbcaed90f installed
python-srpm-macros-3-4.mga6.noarch 1484743671 621 10a11d4fbc2efcbe705321b144710d39 installed
sash-3.8-6.mga6.x86_64 1455302300 996788 c18a24d8c9f8951a6c7fcf9c2a84e5eb installed
common-licenses-1.1-8.mga6.noarch 1455896735 167218 c6035793ecaec8366a181fa988e54405 installed
setup-2.7.24-1.mga6.noarch 1472710689 702922 db4e26b38ea982361479a37bf17416f8 installed
grep-3.0-1.mga6.x86_64 1486892679 790453 8eaf5e2f9c0c0abb03741fa3e383a7f3 installed
lib64pcre1-8.40-2.mga6.x86_64 1488122186 467984 371e767634e161cc355b76b0a336d447 installed
perl-base-2:5.22.3-3.mga6.x86_64 1496774556 5912974 21cb0a02450754cecac5c1e31a029d73 installed
chkconfig-1.10-1.mga6.x86_64 1493453925 763353 bd74d2596d9af85acf2aef8c938a09a2 installed
lib64gmp10-6.1.2-1.mga6.x86_64 1483268708 539455 9c652b4ddba2c84141c88e2ef5d2ab79 installed
lib64openssl-engines1.0.0-1.0.2l-1.mga6.x86_64 1495781253 297544 1f08b1293eeb1ab641cf950b36100b30 installed
lib64bzip2_1-1.0.6-10.mga6.x86_64 1479977831 70133 e6c9849c84261541e10c2de11b49c362 installed
lib64uuid1-2.28.2-2.mga6.x86_64 1487848604 20200 52a7e0b3b44a524bb46693ac789bdb1c installed
lib64xml2_2-2.9.4-8.mga6.x86_64 1499406120 1505480 984e03e5e47609138b58578535a5e151 installed
lib64glib2.0_0-2.52.2-2.mga6.x86_64 1495174244 1516562 7458029bc3283aa8fb40e1ba31f41b45 installed
lib64mpc3-1.0.3-1.mga6.x86_64 1451796601 107509 681985b17f436e29a44e506c2d7b07c2 installed
lib64acl1-2.2.52-7.mga6.x86_64 1455119789 204951 8147b9e0c8a600b36d305376931a30e0 installed
lib64db5.3-5.3.28-10.mga6.x86_64 1458769489 1834342 341eb97e97c53d90b6f18001908ac7e6 installed
lib64nettle6-1:3.3-1.mga6.x86_64 1475498006 1003216 5758d37931b2ecb7a99f217beb29abe0 installed
lib64tcb0-1.1-7.mga6.x86_64 1455304952 25160 3a33ecf358decda0ce4d75a815343093 installed
lib64p11-kit0-0.23.2-2.mga6.x86_64 1463186562 422254 5e5097ce2f8d213c38c02914bb9d0fee installed
kmod-24-2.mga6.x86_64 1495518618 196553 42a2af9eed0855c4502a39a0c0d75741 installed
info-install-6.1-1.mga6.x86_64 1462821644 51402 373ae2a1345a813f1d1a4e30fdad28e6 installed
lib64magic1-5.25-5.mga6.x86_64 1477005109 137032 4eb4d6001d5f9c6955b8197649f70105 installed
lib64crack2-2.9.6-5.mga6.x86_64 1481570481 44736 fb551ea493a955f0974443211907ef7c installed
lib64cap-ng0-0.7.8-1.mga6.x86_64 1470856115 50310 7892cf6e4568a0e7a40ad3ea88ba204c installed
lib64udev1-230-12.mga6.x86_64 1498764124 129984 9576cedf76a5bc9c0a8d1055ffde7983 installed
lib64gdbm4-1.12-1.mga6.x86_64 1463494331 75878 6589dcce6e01031cd186ca99f0761e1a installed
lib64gpg-error0-1.24-1.mga6.x86_64 1470926360 78808 d59d1793d97783e452b413b160672517 installed
lib64systemd0-230-12.mga6.x86_64 1498764124 549232 374b6ef348c94ab2d0c4a1087103a5dc installed
lib64expat1-2.2.1-1.mga6.x86_64 1497809427 177744 a3ab9363abbd726cd2449a2a63ca48d7 installed
lib64cryptsetup4-1.7.5-1.mga6.x86_64 1493634028 166720 dc4ce80d81baf2f5d92145831bcfd5a2 installed
perl-JSON-2.900.0-5.mga6.noarch 1466303227 275252 72e86b4f1f08fdd4617ae6e9c6d0f195 installed
perl-Exporter-Tiny-0.42.0-3.mga6.noarch 1466294835 86885 cf0178df4f049504a8ff56c3f92e7e64 installed
lib64devmapper-event1.02-1.02.137-1.mga6.x86_64 1480623493 28136 544d3e8ed328bd76f7d32b6c813c25f6 installed
lib64hogweed4-1:3.3-1.mga6.x86_64 1475498006 834680 987bb8bb7d414bb2c5dc22df9689aa6e installed
lib64archive13-3.3.1-1.mga6.x86_64 1488391994 778575 5d11fe35ab6da4a8c2237ce81683df1a installed
lib64croco0.6_3-0.6.12-2.mga6.x86_64 1492961795 577875 14a4a369a5078b106b31e19d9b782636 installed
rmt-0.4b46-1.mga6.x86_64 1478892844 41243 9353d181d993e91b1b6f31866a99353e installed
lib64kmod2-24-2.mga6.x86_64 1495518618 91680 9543075d50a5d919433e3eb3b6c6fd7b installed
unzip-6.0-17.mga6.x86_64 1483736915 742718 7e21140f375b3071a7fe52d93894f8ca installed
perl-File-Sync-0.110.0-17.mga6.x86_64 1466296764 18658 5b43684b99c8d8833c42d93d15a90f62 installed
multiarch-utils-1.0.13-7.mga6.noarch 1455896961 12031 3cc0c1ce186edb678fe4b5fc716e0b53 installed
patch-2.7.5-2.mga6.x86_64 1455254537 232560 fc8fa6e11ec7b200bde2b359156c1271 installed
ethtool-1:4.8-1.mga6.x86_64 1478892876 319162 794629159add894d875c2ca96522e078 installed
lib64smartcols1-2.28.2-2.mga6.x86_64 1487848604 151824 3f3d3be6c5fda10706639f0cc6230ca2 installed
lib64pcre32_0-8.40-2.mga6.x86_64 1488122186 410560 184647a552270dc5b1fff664020738fb installed
lib64dbnss5.3-5.3.28-10.mga6.x86_64 1458769489 1276808 0f5c21541471f4e27f484edfe9adcf02 installed
lib64pam_userpass1-1.0.2-13.mga6.x86_64 1455253207 15315 3de2bdf93d5ef0c14b566ab3d101fce1 installed
lib64qrencode3-3.4.4-5.mga6.x86_64 1455300365 596113 e033ebcca9ed6699d9cb09c6ae62d4d0 installed
lib64daemon0-0.14-10.mga6.x86_64 1455208973 28088 571ae182431fb1dcf4e96a6294323b2f installed
traceroute-2.1.0-1.mga6.x86_64 1462555580 74099 e342987823b0e420831742e48510d352 installed
lib64tasn1_6-4.12-1.mga6.x86_64 1496851685 78056 7f0fa433dae2b4c5cc5bf19d658972f3 installed
lib64microhttpd12-0.9.55-1.mga6.x86_64 1496938792 243275 82780462d4c95b85d8320bab7baa17d0 installed
lib64verto1-0.2.6-6.mga6.x86_64 1487166750 27220 11fc96690638a2311bcd2191e1866b21 installed
lsb-release-2.0-52.mga6.noarch 1499374806 19261 459aa42cc2e119dcf51cf527cbfeb66c installed
libstdc++6-5.4.0-5.mga6.x86_64 1498866346 3074320 b23f993ad1de76fa5152656f7041a851 installed
lib64ncurses6-6.0-8.mga6.x86_64 1484305261 662984 32f74c999e8a391ec6d2c345d197d462 installed
sed-4.2.2-9.mga6.x86_64 1455302816 686768 0d343b6bbc5a13c52c1ccd7b4f4f8e2e installed
lib64blkid1-2.28.2-2.mga6.x86_64 1487848604 265728 5fa498846fb717d56aada946107865b5 installed
findutils-4.6.0-1.mga6.x86_64 1451426987 1682205 af9979ee197ced62509b3d3d69c14636 installed
lib64ext2fs2-1.43.4-1.mga6.x86_64 1486019023 426479 aa7ee7f195006b5869346ee09a4a79ce installed
lib64mount1-2.28.2-2.mga6.x86_64 1487848604 295112 78d4b909bbc2c761410989272da6fab8 installed
mageia-release-Default-6-4.mga6.x86_64 1499719693 797 5ddb9d9599fad9c8f9b77cd43b02016b installed
lib64user1-0.62-8.mga6.x86_64 1473494808 120128 d0825814dc5e2892a780158763fcc187 installed
lib64gio2.0_0-2.52.2-2.mga6.x86_64 1495174244 1678456 52aeb6965667da6f6b1238f18b77e318 installed
kbd-2.0.3-1.mga6.x86_64 1451607906 3354235 d5adad64f340f3a9fb266596715af861 installed
lib64idn11-1.33-1.mga6.x86_64 1469137035 251720 45b2915977e4f102cd47aa651b94bffd installed
less-487-1.mga6.x86_64 1490907633 567034 adec4c9e782c745968906451911b6750 installed
elfutils-0.169-1.mga6.x86_64 1494346810 2309742 1ff41c4cd38f94963bd6b6793fd62d8f installed
iproute2-4.9.0-1.mga6.x86_64 1483271807 1595949 6496e2846bb1ff0716c23e0242255c3f installed
lib64krb53-1.15.1-2.mga6.x86_64 1493057206 2127952 9e74d138a317980f6e3cc59a8640e213 installed
lib64fdisk1-2.28.2-2.mga6.x86_64 1487848604 342712 1f3f79b382ae77528cd13b8c406428fe installed
makedev-4.4-21.mga6.noarch 1455897082 285810 3166dff6169a210b4c2ec1685fc6daba installed
lib64ldap2.4_2-2.4.45-2.mga6.x86_64 1496611863 751120 bec136b23198fb9c214e749bf49d7c2b installed
libtool-base-2.4.6-5.mga6.x86_64 1478034422 1929486 9e3eb804a2df51f4e3e2cdb6368ce18e installed
logrotate-3.12.2-1.mga6.x86_64 1495518817 123127 c006df14190b7696fddf8d3a71fbf950 installed
timezone-6:2017b-1.mga6.x86_64 1490470548 1344702 7c86443e3e0a8c3a5d79e6584702c85f installed
cpio-2.12-3.mga6.x86_64 1458058612 909720 dd1b933f25ec685464835e967fcfb499 installed
m4-1.4.18-1.mga6.x86_64 1483272404 293307 4695c9954f4849a07497c819f5d39bc0 installed
automake-1.15.1-1.mga6.noarch 1498285764 2468857 9da177d7d18fe324b5f98ed9fff9a830 installed
desktop-file-utils-0.23-2.mga6.x86_64 1471486494 328020 9676a035e4a8dbcb96dcbafdd3027b2d installed
ncurses-6.0-8.mga6.x86_64 1484305261 444382 1b174818eb7cf43b02399d49faf6b4ec installed
lib64icu58-1:58.2-3.mga6.x86_64 1492654214 4631400 48edc14f830842dd2850327ccd451049 installed
python-2.7.13-1.mga6.x86_64 1485625438 273734 fa6dd4222b89f4c4d1417cbcf3b3bfc7 installed
lib64python2.7-stdlib-2.7.13-1.mga6.x86_64 1485625438 20836731 32f5182d469abba557cb8b2332ff749f installed
gobject-introspection-1.52.1-1.mga6.x86_64 1491809889 2016407 46626dde3c8024f7bd7be78466a3b621 installed
lib64dbus1_3-1.10.16-1.mga6.x86_64 1487347310 333344 ea27da666355c11ea7dce763c90c78d5 installed
lockdev-1.0.4-0.120111007git.12.mga6.x86_64 1455235590 8004 dc37189ee820fec85f88cd61aaa62966 installed
tcb-1.1-7.mga6.x86_64 1455304952 46677 b8b75a1c4262fecfa7ea4c29bbf70759 installed
pam-1.3.0-5.mga6.x86_64 1473494980 932773 d131208fafa1e531d540bb5e893f103f installed
util-linux-2.28.2-2.mga6.x86_64 1487848604 10368994 dd2937b8555b630dd6c89d640cdbe46d installed
systemd-230-12.mga6.x86_64 1498764124 27796662 54f963787ce8d93234e71ad38d701217 installed
net-tools-2.0-0.20150915git.4.mga6.x86_64 1481358697 934275 d76b6f6826c41aef91398e42bfe28f1b installed
initscripts-9.55-24.mga6.x86_64 1489527386 6722329 e2cfbfd071db1a591b9bff62905a3c1e installed
lib64nss3-2:3.28.5-1.mga6.x86_64 1496143514 3469144 3598127764fd8cd50ac01f0d398a1ee5 installed
rpm-1:4.13.0.1-3.mga6.x86_64 1499683683 2180178 c137b6ce6318d96dbc2f375529738978 installed
python2-rpm-1:4.13.0.1-3.mga6.x86_64 1499683683 190410 61920c8c07c91f078f01662436876b8c installed
passwd-0.79-6.mga6.x86_64 1455253903 395731 f4336b99eeb54b719bba079b8a6f537c installed
isl-0.16.1-1.mga6.x86_64 1453661691 16646 230e57f36d6703f4a7652e76c6f77070 installed
gcc-cpp-5.4.0-5.mga6.x86_64 1498866346 20818521 0a6bb87dcd95bd5086e126db260d6ebf installed
gcc-c++-5.4.0-5.mga6.x86_64 1498866346 21794410 39cf3783dd1dc6e74660b237040b995d installed
rpmlint-1.5-4.mga6.noarch 1455884865 1193261 7f313d6523d254e2ddab9a4d34a091f0 installed
libgomp1-5.4.0-5.mga6.x86_64 1498866346 315368 b20b0b863fd57ca70f1373ab620a1ba4 installed
spec-helper-0.31.11-1.mga6.noarch 1452376089 32435 2b14d3f147f0951754a0275a05968565 installed
rpm-build-1:4.13.0.1-3.mga6.x86_64 1499683683 419283 5ead867c991590908bacdd6ed619f45d installed
yasm-1.3.0-2.mga6.x86_64 1455717936 2058405 13a153cc0e95bd8ea2fd319bd9ade635 installed
gpg-pubkey-80420f66-4d4fe123 1297080611 0 (none) installed
python-rpm-macros-3-4.mga6.noarch 1484743671 3268 88f57476bada85917b920a96163dad92 installed
icu58-data-1:58.2-3.mga6.noarch 1492654220 26213232 19877e7ed47da4560e4a88dd869cd1d7 installed
kernel-userspace-headers-4.9.35-1.mga6.x86_64 1498772064 4340613 b246c7fdd91748b2e9e828b57c7e1dc7 installed
mageia-repos-keys-6-1.mga6.noarch 1499371760 1666 36832091ab6cc9c82fe0a4ec9372f9f2 installed
rootcerts-1:20170404.00-1.mga6.noarch 1492813793 3715337 fa57f560cd3ee08439115071e340d507 installed
dash-static-0.5.9-1.mga6.x86_64 1473485377 132931 27b15f6c6d3f0e4f0b5d5d8dca562e00 installed
cmake-rpm-macros-1:3.7.2-3.mga6.x86_64 1496990563 4534 90673a3d155d90b66ad2a27dd85ed3d7 installed
rootfiles-11.0-14.mga6.noarch 1455897202 14813 d308f7699a1f3454de2d1b5371095355 installed
run-parts-1:4.4-7.mga6.x86_64 1455301833 93729 a8d8c564e895e3049e0aee4d6b372cba installed
filesystem-2.1.9-28.mga6.x86_64 1455178462 0 45b49454b231e86ab72c4fa32b62dc84 installed
glibc-6:2.22-25.mga6.x86_64 1498315217 27406343 5cc7d675da0fb0b95653a88e3a665f9e installed
lib64zlib1-1.2.11-4.mga6.x86_64 1490774438 120355 a6f2878af6f9341c02292fab608027f9 installed
lib64popt0-1:1.16-13.mga6.x86_64 1456060419 54457 e1101a4814f951cbc5c337e52f7e59f5 installed
lib64lzma5-5.2.3-1.mga6.x86_64 1483134182 221646 ce6fc1a39a86ebcfef7dda1256e3a3d8 installed
lib64openssl1.0.0-1.0.2l-1.mga6.x86_64 1495781253 3224575 18ee668fdf8de94ce1f4816b0252d328 installed
lib64elfutils1-0.169-1.mga6.x86_64 1494346810 99960 d6244320f23650a13ffa6494044d8a48 installed
lib64cap2-2.25-1.mga6.x86_64 1460387733 71216 0b8534a73aeabf685c76a1bac063adec installed
lib64mpfr4-0:3.1.5-1.mga6.x86_64 1477500592 406256 8f8d63336796d9154e1e75c4ec8a2454 installed
lib64ffi6-3.2.1-5.mga6.x86_64 1455209060 53623 193f7267b19db640409187a51e0026e0 installed
lib64intl8-0.19.8.1-1.mga6.x86_64 1465844977 234489 83950cd2c4431e7e62cd840eb18324f9 installed
lib64attr1-2.4.47-7.mga6.x86_64 1455121420 71376 7b799fedc22fb16ec3b37bb5b33401f3 installed
coreutils-8.25-3.mga6.x86_64 1493726892 13841961 eb7c16acd93f3c2250cb9b6a4ed4ee9f installed
lib64sigsegv2-2.10-7.mga6.x86_64 1455214956 68787 f7bcb407d23e09f9fff70d01b1c81c1f installed
lib64unistring2-0.9.7-1.mga6.x86_64 1481193383 1555700 83448d3b5e53cafb5ea4fc9d06631647 installed
gettext-base-0.19.8.1-1.mga6.x86_64 1465844977 3429413 d7a4e341a05dc64eef437d09f689a006 installed
p11-kit-0.23.2-2.mga6.x86_64 1463186562 62480 ba7e0e93102dfaaaad6456c7d5070d7d installed
xz-5.2.3-1.mga6.x86_64 1483134182 510975 106962849159d0a27d32da2cd2267fdd installed
which-2.21-3.mga6.x86_64 1455308603 50534 744d1c75d1640178f7fe94bc9c775fdc installed
file-5.25-5.mga6.x86_64 1477005109 4761378 6a4a5313d0e28afa10f3529441bc2f5f installed
hostname-3.18-1.mga6.x86_64 1470925066 37619 9d85525953b414224933f7ad6bd610fe installed
lib64audit1-2.7.7-1.mga6.x86_64 1498044133 111523 abe177585d4048ca8c2208fb49f206b9 installed
lib64devmapper1.02-1.02.137-1.mga6.x86_64 1480623493 347064 c5ace08ab430db326b29b57749c9107a installed
perl-2:5.22.3-3.mga6.x86_64 1496774556 42588284 4a04510e861435143732ae1cb0cbe8dc installed
lib64gcrypt20-1.7.8-1.mga6.x86_64 1499103269 1220106 3b6e5c7b6d3ad4d94a0dba7420f0e7d7 installed
lib64nspr4-2:4.15-2.mga6.x86_64 1497423396 291560 dc1c3356ff22a727b44bf3c44d9c198f installed
lib64procps6-3.3.12-1.mga6.x86_64 1471034217 99389 7163687c66559c87d52727fb39d5a01d installed
perl-YAML-Tiny-1.690.0-3.mga6.noarch 1466338609 167548 04f4acb3adc899d591dace2991079c34 installed
perl-File-Slurp-9999.190.0-8.mga6.noarch 1466296652 49678 42e71e36674d265d5226ec06fc832615 installed
perl-List-MoreUtils-0.415.0-1.mga6.x86_64 1462572808 162036 bfeda5edd530434780d8b55537b15270 installed
cracklib-dicts-2.9.6-5.mga6.x86_64 1481570481 9994892 0e53ab3d9db2591fd64741b3987e95e0 installed
bzip2-1.0.6-10.mga6.x86_64 1479977831 141158 5a520627e206611de85b7c489497211b installed
pkgconfig-0.29.1-3.mga6.x86_64 1487869169 168936 e0c6b4085578cfe017f517f3b49ac19f installed
dwz-0.12-2.mga6.x86_64 1455174740 225249 98b6fdf928f9a85196a3bd897b783894 installed
lib64ssh2_1-1.7.0-2.mga6.x86_64 1460709217 384732 cd3e6d523eb507ce912ea809aa930d52 installed
lib64natspec0-0.3.1-2.mga6.x86_64 1455540844 244713 200b98f3afb9567cb647e2f49415e32d installed
perl-YAML-1.150.0-3.mga6.noarch 1466338561 185041 0f5bb14772b08a41fde0dd3020594a5e installed
perl-MDK-Common-1.2.32-2.mga6.noarch 1466307101 122844 879496a6035b2b319f725c2c1fef7f74 installed
lib64pcreposix1-8.40-2.mga6.x86_64 1488122186 11216 12de9bea1ac9a98f44f62b9c03745563 installed
lib64fuse2-0:2.9.7-1.mga6.x86_64 1470851502 261224 ce4ace23ffd20814e9522112173280f8 installed
ifmetric-0.3-17.mga6.x86_64 1455503911 16448 e979cd8efa3ae96ede6b157433f79a31 installed
lib64pcre16_0-8.40-2.mga6.x86_64 1488122186 431064 10804af445c5d4fdce93ec2be11c9465 installed
pcre-8.40-2.mga6.x86_64 1488122186 239973 29eb9c9dd163f93278e9e3c6e3c2261a installed
lib64pam0-1.3.0-5.mga6.x86_64 1473494980 731896 f6b72326b05f92975c90e79c2e4fc73a installed
pam_tcb-1.1-7.mga6.x86_64 1455304952 40132 ac50aab20b6267d8bb252a47f3f0a4b4 installed
nss-myhostname-230-12.mga6.x86_64 1498764124 638284 0280a5d737d863684109749bdd9c714a installed
ifplugd-0.28-20.mga6.x86_64 1455504116 114560 0853a7561355f4d848a3e83ae7570c4f installed
lib64nghttp2_14-1.9.2-1.mga6.x86_64 1460240322 154772 37fc429b3dea3e9b2861d04f3414d857 installed
lib64gnutls30-3.5.13-1.mga6.x86_64 1497091215 1481704 e1970b1a83a04749260afb2f8b145d4f installed
lib64lockdev1-1.0.4-0.120111007git.12.mga6.x86_64 1455235590 29727 e89ab7fb01128f798fb70d2086235765 installed
lib64sasl2_3-2.1.26-12.mga6.x86_64 1455153375 128472 b1b1ff6de756d43c55371d74ccaf5040 installed
crontabs-1.10-22.mga6.noarch 1455896779 677 cc30a7963a2bdc8c2a7e26bb3b2a6ff0 installed
libgcc1-5.4.0-5.mga6.x86_64 1498866346 279136 5f3267761b2c2d18128e9946439cc7b7 installed
bash-4.3-48.3.mga6.x86_64 1483479000 4494842 e086ad574e1673f4e0a4e0984b2f8351 installed
shadow-utils-2:4.4-1.mga6.x86_64 1485206773 3634550 e797c97b74292e1db3222c5b70d5b7ac installed
gawk-4.1.4-1.mga6.x86_64 1472225032 2331709 30bae07c4f953d66ea56a2dc84df8dc9 installed
lib64ncursesw6-6.0-8.mga6.x86_64 1484305261 451544 9e151fbfb6e57f695babd4e40990fcde installed
e2fsprogs-1.43.4-1.mga6.x86_64 1486019023 4384994 b135e1c967d5d19183bd9dd3a916e9c7 installed
mageia-release-common-6-4.mga6.x86_64 1499719693 135621 e624767e4b449e84ce81a9c1002aa339 installed
mageia-repos-6-1.mga6.x86_64 1499371763 38571 67b31107cd3054fc0e422553dca1199a installed
libuser-0.62-8.mga6.x86_64 1473494808 1675138 f51b10f46dd6e4d0242fe13cd54f37c9 installed
lib64readline6-6.3-9.mga6.x86_64 1455300768 335552 cae9f5784dce2c0aaf963cdf2cc8db4e installed
tar-1.29-3.mga6.x86_64 1479307980 2820262 0618f69b7fea9f22fff51ec67baab77a installed
iputils-20161105-2.mga6.x86_64 1480335214 323382 53be525563c805ca3947d6935b59fa76 installed
psmisc-22.21-7.mga6.x86_64 1455297226 479566 4182fe9f38ccee0d48ca76c8ebb050d8 installed
gzip-1.8-1.mga6.x86_64 1461748738 250922 14eed7d8cae8a5308285eac96d697333 installed
lib64lua5.2-5.2.4-1.mga6.x86_64 1473282639 209752 2df3aa81082c5c3d2bc36242fbf78b8b installed
glibc-devel-6:2.22-25.mga6.x86_64 1498315217 5916724 cddf157a708bf29d0ab1c543c17f32d3 installed
libutempter-1.1.6-5.mga6.x86_64 1455215518 39893 21c29c359d56ff79b975cb67aab26837 installed
openldap-2.4.45-2.mga6.x86_64 1496611863 15507 b2b159e175e9195031ba2899257ca06e installed
lib64curl4-1:7.54.1-2.mga6.x86_64 1497892142 523624 80a690d306709086fa2365c97085a6a0 installed
etcskel-1.63-34.mga6.noarch 1455896840 4609 c0908ca80e979be1bd0c6405f7ca011b installed
time-1.7-45.mga6.x86_64 1455305815 22414 f7115f3406ca61ec1b0a63c5e3bc6692 installed
make-1:4.1-5.mga6.x86_64 1455236890 1402930 0c14ff6ad5093de8bc5749f7d105d3f4 installed
diffutils-3.3-6.mga6.x86_64 1455174128 951359 003b770cc1059a8713b1d8d9385140da installed
autoconf-1:2.69-8.mga6.noarch 1452947991 2211296 49262e2cc78b0fab85916f335243b766 installed
binutils-1:2.25.1-7.mga6.x86_64 1498928025 23586683 31b331c557a4d776e9af3118ed527076 installed
vim-minimal-8.0.388-1.mga6.x86_64 1488488982 809226 e88582d84bd5901defcfc6ab897195b6 installed
lib64gettextmisc-0.19.8.1-1.mga6.x86_64 1465844977 980193 b32d2ebfe4e8d967810ced20187f8c85 installed
lib64sqlite3_0-3.17.0-2.mga6.x86_64 1489620955 894768 c426f6f8dba71ac867e6e8006f023e16 installed
lib64python2.7-2.7.13-1.mga6.x86_64 1485625438 1858792 ef0f8b525509394e4616a5acf5e3a53e installed
lib64girepository1.0_1-1.52.1-1.mga6.x86_64 1491809889 217040 252a76de02fad2022ec7f9f664896eab installed
libstdc++-devel-5.4.0-5.mga6.x86_64 1498866346 10895224 6d2d56c940f8dcfd8d4d53f427bbdf6b installed
dbus-1.10.16-1.mga6.x86_64 1487347310 520614 804a0d8d0bd9426cfe23f0880e093ccb installed
procps-ng-3.3.12-1.mga6.x86_64 1471034217 1188740 a3db0f3e7db01bd0115cb6b05d1bec39 installed
rpm-helper-0.24.17-4.mga6.noarch 1455897261 42353 55e8ce673ce10a1585e768e0f94b2960 installed
nss_tcb-1.1-7.mga6.x86_64 1455304952 11208 b25dfe34dcb5fedeb8d49af486d4a03b installed
resolvconf-1.79-1.mga6.noarch 1464209425 69744 25253ceda5f48e51af4761bf85342de7 installed
systemd-units-230-12.mga6.x86_64 1498764124 960811 ced3d0c492cae484a40118987f0b1f1b installed
dmsetup-1.02.137-1.mga6.x86_64 1480623493 267886 a0d3db0de172868d7943470ab89f79cf installed
nss-2:3.28.5-1.mga6.x86_64 1496143514 16779486 29632c72224cbd6df57f27d8de4309ed installed
lib64rpm7-1:4.13.0.1-3.mga6.x86_64 1499683683 677128 336b47f2dcdb37c0408c99945a24dbb0 installed
lib64rpmbuild7-1:4.13.0.1-3.mga6.x86_64 1499683683 155504 f2b8df40d0a5566b0a436acbd95e8b79 installed
cronie-1.5.1-1.mga6.x86_64 1470931335 231559 cd522215a5ecc020324f320c6a76fca7 installed
python-pkg-resources-19.6.2-1.mga6.noarch 1454319792 388808 7f0a0983aa82f79718ee7c897cb11bef installed
lib64isl15-0.16.1-1.mga6.x86_64 1453661691 1694056 feec0ee8b973be4503705a4ab591befd installed
gcc-5.4.0-5.mga6.x86_64 1498866346 47928710 f093624cd8a45df4e0a858bb8e12bd78 installed
python-magic-5.25-5.mga6.noarch 1477005126 15642 f3ffe88f628bd4bf572dd3539641804a installed
rpmlint-mageia-policy-0.2.29-2.mga6.noarch 1455938179 11829 3fe05959532fa1cef2045e626466032d installed
gettext-0.19.8.1-1.mga6.x86_64 1465844977 1641775 7c49cef108a7217368dea80af0ff694c installed
rpm-mageia-setup-build-2.20-9.mga6.x86_64 1483714489 161915 563fb5d252767839a83978b1b4db02ae installed
basesystem-minimal-1:6-0.4.mga6.x86_64 1464642167 0 af4d83d2eb6e77eb7fa4f466c6f502fc installed
