INFO buildroot.py:348:  Mock Version: 1.4.8
DEBUG util.py:110:  ensuring that dir exists: /mock/cauldron/x86_64/dev/pts
DEBUG util.py:113:  creating dir: /mock/cauldron/x86_64/dev/pts
DEBUG util.py:110:  ensuring that dir exists: /mock/cauldron/x86_64/dev/shm
DEBUG util.py:113:  creating dir: /mock/cauldron/x86_64/dev/shm
DEBUG buildroot.py:479:  kernel version == 4.9.77-ck1
DEBUG util.py:123:  touching file: /mock/cauldron/x86_64/etc/fstab
DEBUG util.py:123:  touching file: /mock/cauldron/x86_64/etc/yum/yum.conf
DEBUG util.py:123:  touching file: /mock/cauldron/x86_64/etc/dnf/dnf.conf
DEBUG util.py:123:  touching file: /mock/cauldron/x86_64/var/log/yum.log
DEBUG util.py:110:  ensuring that dir exists: /mock/cauldron/x86_64/var/cache/dnf/
DEBUG util.py:636:  child environment: None
DEBUG util.py:562:  Executing command: ['/bin/mount', '-n', '--bind', '/var/cache/mock/mageia-cauldron-x86_64/dnf_cache/', '/mock/cauldron/x86_64/var/cache/dnf/'] with env {'HOME': '/builddir', 'TERM': 'vt100', 'SHELL': '/bin/sh', 'PATH': '/usr/bin:/bin:/usr/sbin:/sbin', 'HOSTNAME': 'mock', 'LANG': 'en_US.UTF-8'} and shell False
DEBUG util.py:617:  Child return code was: 0
DEBUG buildroot.py:142:  rootdir = /mock/cauldron/x86_64/
DEBUG buildroot.py:143:  resultdir = /home/stig/Downloads/mgarepo/padawan/inotify-tools/mock
DEBUG util.py:110:  ensuring that dir exists: /mock/cauldron/x86_64/etc/pki/mock
DEBUG util.py:110:  ensuring that dir exists: /mock/cauldron/x86_64/etc/dnf
DEBUG util.py:636:  child environment: None
DEBUG util.py:562:  Executing command: ['/usr/bin/systemd-nspawn', '-q', '-M', '1c4cdb633d554e239965e2de7d4d25cb', '-D', '/mock/cauldron/x86_64/', '-a', '--setenv=TERM=vt100', '--setenv=SHELL=/bin/bash', '--setenv=PATH=/usr/bin:/bin:/usr/sbin:/sbin', '--setenv=HOME=/builddir', '--setenv=PS1=<mock-chroot> \\s-\\v\\$ ', '--setenv=HOSTNAME=mock', '--setenv=PROMPT_COMMAND=printf "\\033]0;<mock-chroot>\\007"', '--setenv=LANG=en_US.UTF-8', '/usr/sbin/userdel', '-r', '-f', 'mockbuild'] with env {'TERM': 'vt100', 'SHELL': '/bin/bash', 'PATH': '/usr/bin:/bin:/usr/sbin:/sbin', 'HOME': '/builddir', 'PS1': '<mock-chroot> \\s-\\v\\$ ', 'HOSTNAME': 'mock', 'PROMPT_COMMAND': 'printf "\\033]0;<mock-chroot>\\007"', 'LANG': 'en_US.UTF-8'} and shell False
DEBUG util.py:317:  Unsharing. Flags: 134217728
DEBUG util.py:479:  userdel: mockbuild mail spool (/var/spool/mail/mockbuild) not found
DEBUG util.py:617:  Child return code was: 0
DEBUG util.py:636:  child environment: None
DEBUG util.py:562:  Executing command: ['/usr/bin/systemd-nspawn', '-q', '-M', '99502bcd3e244f5499a5839477708bea', '-D', '/mock/cauldron/x86_64/', '-a', '--setenv=TERM=vt100', '--setenv=SHELL=/bin/bash', '--setenv=PATH=/usr/bin:/bin:/usr/sbin:/sbin', '--setenv=HOME=/builddir', '--setenv=PS1=<mock-chroot> \\s-\\v\\$ ', '--setenv=HOSTNAME=mock', '--setenv=PROMPT_COMMAND=printf "\\033]0;<mock-chroot>\\007"', '--setenv=LANG=en_US.UTF-8', '/usr/sbin/groupdel', 'mock'] with env {'TERM': 'vt100', 'SHELL': '/bin/bash', 'PATH': '/usr/bin:/bin:/usr/sbin:/sbin', 'HOME': '/builddir', 'PS1': '<mock-chroot> \\s-\\v\\$ ', 'HOSTNAME': 'mock', 'PROMPT_COMMAND': 'printf "\\033]0;<mock-chroot>\\007"', 'LANG': 'en_US.UTF-8'} and shell False
DEBUG util.py:317:  Unsharing. Flags: 134217728
DEBUG util.py:617:  Child return code was: 0
DEBUG util.py:636:  child environment: None
DEBUG util.py:562:  Executing command: ['/usr/bin/systemd-nspawn', '-q', '-M', 'fb303142931642c885f896b5968ccd37', '-D', '/mock/cauldron/x86_64/', '-a', '--setenv=TERM=vt100', '--setenv=SHELL=/bin/bash', '--setenv=PATH=/usr/bin:/bin:/usr/sbin:/sbin', '--setenv=HOME=/builddir', '--setenv=PS1=<mock-chroot> \\s-\\v\\$ ', '--setenv=HOSTNAME=mock', '--setenv=PROMPT_COMMAND=printf "\\033]0;<mock-chroot>\\007"', '--setenv=LANG=en_US.UTF-8', '/usr/sbin/groupadd', '-g', '135', 'mock'] with env {'TERM': 'vt100', 'SHELL': '/bin/bash', 'PATH': '/usr/bin:/bin:/usr/sbin:/sbin', 'HOME': '/builddir', 'PS1': '<mock-chroot> \\s-\\v\\$ ', 'HOSTNAME': 'mock', 'PROMPT_COMMAND': 'printf "\\033]0;<mock-chroot>\\007"', 'LANG': 'en_US.UTF-8'} and shell False
DEBUG util.py:317:  Unsharing. Flags: 134217728
DEBUG util.py:617:  Child return code was: 0
DEBUG util.py:636:  child environment: None
DEBUG util.py:562:  Executing command: ['/usr/bin/systemd-nspawn', '-q', '-M', '54ca10dbc28944cf8752956717ef8c74', '-D', '/mock/cauldron/x86_64/', '-a', '--setenv=TERM=vt100', '--setenv=SHELL=/bin/bash', '--setenv=PATH=/usr/bin:/bin:/usr/sbin:/sbin', '--setenv=HOME=/builddir', '--setenv=PS1=<mock-chroot> \\s-\\v\\$ ', '--setenv=HOSTNAME=mock', '--setenv=PROMPT_COMMAND=printf "\\033]0;<mock-chroot>\\007"', '--setenv=LANG=en_US.UTF-8', '/usr/sbin/useradd', '-o', '-m', '-u', '0', '-g', '135', '-d', '/builddir', 'mockbuild'] with env {'TERM': 'vt100', 'SHELL': '/bin/bash', 'PATH': '/usr/bin:/bin:/usr/sbin:/sbin', 'HOME': '/builddir', 'PS1': '<mock-chroot> \\s-\\v\\$ ', 'HOSTNAME': 'mock', 'PROMPT_COMMAND': 'printf "\\033]0;<mock-chroot>\\007"', 'LANG': 'en_US.UTF-8'} and shell False
DEBUG util.py:317:  Unsharing. Flags: 134217728
DEBUG util.py:617:  Child return code was: 0
DEBUG util.py:110:  ensuring that dir exists: /mock/cauldron/x86_64/builddir/build/RPMS
DEBUG util.py:113:  creating dir: /mock/cauldron/x86_64/builddir/build/RPMS
DEBUG util.py:110:  ensuring that dir exists: /mock/cauldron/x86_64/builddir/build/SPECS
DEBUG util.py:113:  creating dir: /mock/cauldron/x86_64/builddir/build/SPECS
DEBUG util.py:110:  ensuring that dir exists: /mock/cauldron/x86_64/builddir/build/SRPMS
DEBUG util.py:113:  creating dir: /mock/cauldron/x86_64/builddir/build/SRPMS
DEBUG util.py:110:  ensuring that dir exists: /mock/cauldron/x86_64/builddir/build/SOURCES
DEBUG util.py:113:  creating dir: /mock/cauldron/x86_64/builddir/build/SOURCES
DEBUG util.py:110:  ensuring that dir exists: /mock/cauldron/x86_64/builddir/build/BUILD
DEBUG util.py:113:  creating dir: /mock/cauldron/x86_64/builddir/build/BUILD
DEBUG util.py:110:  ensuring that dir exists: /mock/cauldron/x86_64/builddir/build/BUILDROOT
DEBUG util.py:113:  creating dir: /mock/cauldron/x86_64/builddir/build/BUILDROOT
DEBUG util.py:110:  ensuring that dir exists: /mock/cauldron/x86_64/builddir/build/originals
DEBUG util.py:113:  creating dir: /mock/cauldron/x86_64/builddir/build/originals
DEBUG util.py:110:  ensuring that dir exists: /mock/cauldron/x86_64/proc
DEBUG util.py:636:  child environment: None
DEBUG util.py:562:  Executing command: ['/bin/mount', '-n', '-t', 'proc', 'proc', '/mock/cauldron/x86_64/proc'] with env {'HOME': '/builddir', 'TERM': 'vt100', 'SHELL': '/bin/sh', 'PATH': '/usr/bin:/bin:/usr/sbin:/sbin', 'HOSTNAME': 'mock', 'LANG': 'en_US.UTF-8'} and shell False
DEBUG util.py:617:  Child return code was: 0
DEBUG util.py:110:  ensuring that dir exists: /mock/cauldron/x86_64/sys
DEBUG util.py:636:  child environment: None
DEBUG util.py:562:  Executing command: ['/bin/mount', '-n', '-t', 'sysfs', 'sysfs', '/mock/cauldron/x86_64/sys'] with env {'HOME': '/builddir', 'TERM': 'vt100', 'SHELL': '/bin/sh', 'PATH': '/usr/bin:/bin:/usr/sbin:/sbin', 'HOSTNAME': 'mock', 'LANG': 'en_US.UTF-8'} and shell False
DEBUG util.py:617:  Child return code was: 0
DEBUG util.py:110:  ensuring that dir exists: /mock/cauldron/x86_64/dev/shm
DEBUG util.py:636:  child environment: None
DEBUG util.py:562:  Executing command: ['/bin/mount', '-n', '-t', 'tmpfs', 'tmpfs', '/mock/cauldron/x86_64/dev/shm'] with env {'HOME': '/builddir', 'TERM': 'vt100', 'SHELL': '/bin/sh', 'PATH': '/usr/bin:/bin:/usr/sbin:/sbin', 'HOSTNAME': 'mock', 'LANG': 'en_US.UTF-8'} and shell False
DEBUG util.py:617:  Child return code was: 0
DEBUG util.py:110:  ensuring that dir exists: /mock/cauldron/x86_64/dev/pts
DEBUG util.py:636:  child environment: None
DEBUG util.py:562:  Executing command: ['/bin/mount', '-n', '-t', 'devpts', '-o', 'gid=5,mode=0620,ptmxmode=0666,newinstance', 'devpts', '/mock/cauldron/x86_64/dev/pts'] with env {'HOME': '/builddir', 'TERM': 'vt100', 'SHELL': '/bin/sh', 'PATH': '/usr/bin:/bin:/usr/sbin:/sbin', 'HOSTNAME': 'mock', 'LANG': 'en_US.UTF-8'} and shell False
DEBUG util.py:617:  Child return code was: 0
DEBUG package_manager.py:111:  ['/usr/bin/dnf', '--installroot', '/mock/cauldron/x86_64/', '-y', '--releasever', '7', '--disableplugin=local', '--setopt=deltarpm=False', 'update']
DEBUG util.py:636:  child environment: None
DEBUG util.py:562:  Executing command: ['/usr/bin/dnf', '--installroot', '/mock/cauldron/x86_64/', '-y', '--releasever', '7', '--disableplugin=local', '--setopt=deltarpm=False', 'update'] with env {'TERM': 'vt100', 'SHELL': '/bin/bash', 'PATH': '/usr/bin:/bin:/usr/sbin:/sbin', 'LC_MESSAGES': 'C', 'HOME': '/builddir', 'PS1': '<mock-chroot> \\s-\\v\\$ ', 'HOSTNAME': 'mock', 'PROMPT_COMMAND': 'printf "\\033]0;<mock-chroot>\\007"', 'LANG': 'en_US.UTF-8'} and shell False
DEBUG util.py:479:  Mageia Cauldron - x86_64                        4.1 MB/s |  37 MB     00:09    
DEBUG util.py:479:  Last metadata expiration check: 0:00:08 ago on Fri 26 Jan 2018 09:14:32 AM CET.
DEBUG util.py:479:  Dependencies resolved.
DEBUG util.py:479:  Nothing to do.
DEBUG util.py:479:  Complete!
DEBUG util.py:617:  Child return code was: 0
DEBUG util.py:636:  child environment: None
DEBUG util.py:562:  Executing command: ['/bin/umount', '-n', '-l', '/mock/cauldron/x86_64/dev/pts'] with env {'HOME': '/builddir', 'TERM': 'vt100', 'SHELL': '/bin/sh', 'PATH': '/usr/bin:/bin:/usr/sbin:/sbin', 'HOSTNAME': 'mock', 'LANG': 'en_US.UTF-8'} and shell False
DEBUG util.py:617:  Child return code was: 0
DEBUG util.py:636:  child environment: None
DEBUG util.py:562:  Executing command: ['/bin/umount', '-n', '-l', '/mock/cauldron/x86_64/dev/shm'] with env {'HOME': '/builddir', 'TERM': 'vt100', 'SHELL': '/bin/sh', 'PATH': '/usr/bin:/bin:/usr/sbin:/sbin', 'HOSTNAME': 'mock', 'LANG': 'en_US.UTF-8'} and shell False
DEBUG util.py:617:  Child return code was: 0
DEBUG util.py:636:  child environment: None
DEBUG util.py:562:  Executing command: ['/bin/umount', '-n', '-l', '/mock/cauldron/x86_64/sys'] with env {'HOME': '/builddir', 'TERM': 'vt100', 'SHELL': '/bin/sh', 'PATH': '/usr/bin:/bin:/usr/sbin:/sbin', 'HOSTNAME': 'mock', 'LANG': 'en_US.UTF-8'} and shell False
DEBUG util.py:617:  Child return code was: 0
DEBUG util.py:636:  child environment: None
DEBUG util.py:562:  Executing command: ['/bin/umount', '-n', '-l', '/mock/cauldron/x86_64/proc'] with env {'HOME': '/builddir', 'TERM': 'vt100', 'SHELL': '/bin/sh', 'PATH': '/usr/bin:/bin:/usr/sbin:/sbin', 'HOSTNAME': 'mock', 'LANG': 'en_US.UTF-8'} and shell False
DEBUG util.py:617:  Child return code was: 0
DEBUG util.py:123:  touching file: /mock/cauldron/x86_64/.initialized
DEBUG buildroot.py:367:  removing 3 rpm db files
DEBUG buildroot.py:372:  nuke_rpm_db: removing /mock/cauldron/x86_64/var/lib/rpm/__db.001
DEBUG buildroot.py:372:  nuke_rpm_db: removing /mock/cauldron/x86_64/var/lib/rpm/__db.002
DEBUG buildroot.py:372:  nuke_rpm_db: removing /mock/cauldron/x86_64/var/lib/rpm/__db.003
DEBUG util.py:636:  child environment: None
DEBUG util.py:562:  Executing command: ['/usr/bin/systemd-nspawn', '-q', '-M', '9b5d5ccbd23349aca845faef66581cc0', '-D', '/mock/cauldron/x86_64/', '-a', '--setenv=TERM=vt100', '--setenv=SHELL=/bin/bash', '--setenv=PATH=/usr/bin:/bin:/usr/sbin:/sbin', '--setenv=HOME=/builddir', '--setenv=PS1=<mock-chroot> \\s-\\v\\$ ', '--setenv=HOSTNAME=mock', '--setenv=PROMPT_COMMAND=printf "\\033]0;<mock-chroot>\\007"', '--setenv=LANG=en_US.UTF-8', '-u', 'mockbuild', '/bin/rpm', '-Uvh', '--nodeps', '/builddir/build/originals/inotify-tools-3.20.1-1.intelsb.mga6.src.rpm'] with env {'TERM': 'vt100', 'SHELL': '/bin/bash', 'PATH': '/usr/bin:/bin:/usr/sbin:/sbin', 'HOME': '/builddir', 'PS1': '<mock-chroot> \\s-\\v\\$ ', 'HOSTNAME': 'mock', 'PROMPT_COMMAND': 'printf "\\033]0;<mock-chroot>\\007"', 'LANG': 'en_US.UTF-8'} and shell False
DEBUG util.py:317:  Unsharing. Flags: 1073741824
DEBUG util.py:317:  Unsharing. Flags: 134217728
DEBUG util.py:479:  Updating / installing...
DEBUG util.py:479:  inotify-tools-3.20.1-1.intelsb.mga6   warning: user stig does not exist - using root
DEBUG util.py:479:  warning: group stig does not exist - using root
DEBUG util.py:479:  #######################################warning: user stig does not exist - using root
DEBUG util.py:479:  #
DEBUG util.py:479:  warning: group stig does not exist - using root
DEBUG util.py:617:  Child return code was: 0
DEBUG buildroot.py:367:  removing 3 rpm db files
DEBUG buildroot.py:372:  nuke_rpm_db: removing /mock/cauldron/x86_64/var/lib/rpm/__db.001
DEBUG buildroot.py:372:  nuke_rpm_db: removing /mock/cauldron/x86_64/var/lib/rpm/__db.002
DEBUG buildroot.py:372:  nuke_rpm_db: removing /mock/cauldron/x86_64/var/lib/rpm/__db.003
DEBUG util.py:636:  child environment: None
DEBUG util.py:562:  Executing command: ['/usr/bin/systemd-nspawn', '-q', '-M', 'ce2e47dda35b42b09b9e89b30f20eebd', '-D', '/mock/cauldron/x86_64/', '-a', '--setenv=TERM=vt100', '--setenv=SHELL=/bin/bash', '--setenv=PATH=/usr/bin:/bin:/usr/sbin:/sbin', '--setenv=HOME=/builddir', '--setenv=PS1=<mock-chroot> \\s-\\v\\$ ', '--setenv=HOSTNAME=mock', '--setenv=PROMPT_COMMAND=printf "\\033]0;<mock-chroot>\\007"', '--setenv=LANG=en_US.UTF-8', '-u', 'mockbuild', '/bin/rpm', '-qpl', '/builddir/build/originals/inotify-tools-3.20.1-1.intelsb.mga6.src.rpm'] with env {'TERM': 'vt100', 'SHELL': '/bin/bash', 'PATH': '/usr/bin:/bin:/usr/sbin:/sbin', 'HOME': '/builddir', 'PS1': '<mock-chroot> \\s-\\v\\$ ', 'HOSTNAME': 'mock', 'PROMPT_COMMAND': 'printf "\\033]0;<mock-chroot>\\007"', 'LANG': 'en_US.UTF-8'} and shell False
DEBUG util.py:317:  Unsharing. Flags: 1073741824
DEBUG util.py:317:  Unsharing. Flags: 134217728
DEBUG util.py:479:  inotify-tools-3.20.1.tar.gz
DEBUG util.py:479:  inotify-tools.spec
DEBUG util.py:617:  Child return code was: 0
DEBUG util.py:636:  child environment: None
DEBUG util.py:317:  Unsharing. Flags: 1073741824
DEBUG util.py:317:  Unsharing. Flags: 134217728
DEBUG util.py:110:  ensuring that dir exists: /mock/cauldron/x86_64/proc
DEBUG util.py:636:  child environment: None
DEBUG util.py:562:  Executing command: ['/bin/mount', '-n', '-t', 'proc', 'proc', '/mock/cauldron/x86_64/proc'] with env {'HOME': '/builddir', 'TERM': 'vt100', 'SHELL': '/bin/sh', 'PATH': '/usr/bin:/bin:/usr/sbin:/sbin', 'HOSTNAME': 'mock', 'LANG': 'en_US.UTF-8'} and shell False
DEBUG util.py:617:  Child return code was: 0
DEBUG util.py:110:  ensuring that dir exists: /mock/cauldron/x86_64/sys
DEBUG util.py:636:  child environment: None
DEBUG util.py:562:  Executing command: ['/bin/mount', '-n', '-t', 'sysfs', 'sysfs', '/mock/cauldron/x86_64/sys'] with env {'HOME': '/builddir', 'TERM': 'vt100', 'SHELL': '/bin/sh', 'PATH': '/usr/bin:/bin:/usr/sbin:/sbin', 'HOSTNAME': 'mock', 'LANG': 'en_US.UTF-8'} and shell False
DEBUG util.py:617:  Child return code was: 0
DEBUG util.py:110:  ensuring that dir exists: /mock/cauldron/x86_64/dev/shm
DEBUG util.py:636:  child environment: None
DEBUG util.py:562:  Executing command: ['/bin/mount', '-n', '-t', 'tmpfs', 'tmpfs', '/mock/cauldron/x86_64/dev/shm'] with env {'HOME': '/builddir', 'TERM': 'vt100', 'SHELL': '/bin/sh', 'PATH': '/usr/bin:/bin:/usr/sbin:/sbin', 'HOSTNAME': 'mock', 'LANG': 'en_US.UTF-8'} and shell False
DEBUG util.py:617:  Child return code was: 0
DEBUG util.py:110:  ensuring that dir exists: /mock/cauldron/x86_64/dev/pts
DEBUG util.py:636:  child environment: None
DEBUG util.py:562:  Executing command: ['/bin/mount', '-n', '-t', 'devpts', '-o', 'gid=5,mode=0620,ptmxmode=0666,newinstance', 'devpts', '/mock/cauldron/x86_64/dev/pts'] with env {'HOME': '/builddir', 'TERM': 'vt100', 'SHELL': '/bin/sh', 'PATH': '/usr/bin:/bin:/usr/sbin:/sbin', 'HOSTNAME': 'mock', 'LANG': 'en_US.UTF-8'} and shell False
DEBUG util.py:617:  Child return code was: 0
DEBUG package_manager.py:111:  ['/usr/bin/dnf', 'builddep', '--installroot', '/mock/cauldron/x86_64/', '--releasever', '7', '/mock/cauldron/x86_64///builddir/build/SRPMS/inotify-tools-3.20.1-1.mga7.src.rpm']
DEBUG util.py:636:  child environment: None
DEBUG util.py:562:  Executing command: ['/usr/bin/dnf', 'builddep', '--installroot', '/mock/cauldron/x86_64/', '--releasever', '7', '/mock/cauldron/x86_64///builddir/build/SRPMS/inotify-tools-3.20.1-1.mga7.src.rpm'] with env {'TERM': 'vt100', 'SHELL': '/bin/bash', 'PATH': '/usr/bin:/bin:/usr/sbin:/sbin', 'LC_MESSAGES': 'C', 'HOME': '/builddir', 'PS1': '<mock-chroot> \\s-\\v\\$ ', 'HOSTNAME': 'mock', 'PROMPT_COMMAND': 'printf "\\033]0;<mock-chroot>\\007"', 'LANG': 'en_US.UTF-8'} and shell False
DEBUG util.py:479:  Mageia Cauldron - x86_64                                                                     4.8 MB/s |  35 MB     00:07    
DEBUG util.py:479:  Last metadata expiration check: 0:00:11 ago on Fri 26 Jan 2018 09:14:50 AM CET.
DEBUG util.py:479:  Dependencies resolved.
DEBUG util.py:479:  =============================================================================================================================
DEBUG util.py:479:   Package                  Arch                    Version                             Repository                        Size
DEBUG util.py:479:  =============================================================================================================================
DEBUG util.py:479:  Installing:
DEBUG util.py:479:   doxygen                  x86_64                  1:1.8.14-2.mga7                     mageia-cauldron                  3.3 M
DEBUG util.py:479:  Transaction Summary
DEBUG util.py:479:  =============================================================================================================================
DEBUG util.py:479:  Install  1 Package
DEBUG util.py:479:  Total download size: 3.3 M
DEBUG util.py:479:  Installed size: 12 M
DEBUG util.py:479:  Downloading Packages:
DEBUG util.py:479:  doxygen-1.8.14-2.mga7.x86_64.rpm                                                             4.4 MB/s | 3.3 MB     00:00    
DEBUG util.py:479:  -----------------------------------------------------------------------------------------------------------------------------
DEBUG util.py:479:  Total                                                                                        3.0 MB/s | 3.3 MB     00:01     
DEBUG util.py:479:  Running transaction check
DEBUG util.py:479:  Transaction check succeeded.
DEBUG util.py:479:  Running transaction test
DEBUG util.py:479:  Transaction test succeeded.
DEBUG util.py:479:  Running transaction
DEBUG util.py:479:    Preparing        :                                                                                                     1/1 
DEBUG util.py:479:    Installing       : doxygen-1:1.8.14-2.mga7.x86_64                                                                      1/1 
DEBUG util.py:479:    Verifying        : doxygen-1:1.8.14-2.mga7.x86_64                                                                      1/1 
DEBUG util.py:479:  Installed:
DEBUG util.py:479:    doxygen.x86_64 1:1.8.14-2.mga7                                                                                             
DEBUG util.py:479:  Complete!
DEBUG util.py:617:  Child return code was: 0
DEBUG util.py:636:  child environment: None
DEBUG util.py:562:  Executing command: ['/bin/umount', '-n', '-l', '/mock/cauldron/x86_64/dev/pts'] with env {'HOME': '/builddir', 'TERM': 'vt100', 'SHELL': '/bin/sh', 'PATH': '/usr/bin:/bin:/usr/sbin:/sbin', 'HOSTNAME': 'mock', 'LANG': 'en_US.UTF-8'} and shell False
DEBUG util.py:617:  Child return code was: 0
DEBUG util.py:636:  child environment: None
DEBUG util.py:562:  Executing command: ['/bin/umount', '-n', '-l', '/mock/cauldron/x86_64/dev/shm'] with env {'HOME': '/builddir', 'TERM': 'vt100', 'SHELL': '/bin/sh', 'PATH': '/usr/bin:/bin:/usr/sbin:/sbin', 'HOSTNAME': 'mock', 'LANG': 'en_US.UTF-8'} and shell False
DEBUG util.py:617:  Child return code was: 0
DEBUG util.py:636:  child environment: None
DEBUG util.py:562:  Executing command: ['/bin/umount', '-n', '-l', '/mock/cauldron/x86_64/sys'] with env {'HOME': '/builddir', 'TERM': 'vt100', 'SHELL': '/bin/sh', 'PATH': '/usr/bin:/bin:/usr/sbin:/sbin', 'HOSTNAME': 'mock', 'LANG': 'en_US.UTF-8'} and shell False
DEBUG util.py:617:  Child return code was: 0
DEBUG util.py:636:  child environment: None
DEBUG util.py:562:  Executing command: ['/bin/umount', '-n', '-l', '/mock/cauldron/x86_64/proc'] with env {'HOME': '/builddir', 'TERM': 'vt100', 'SHELL': '/bin/sh', 'PATH': '/usr/bin:/bin:/usr/sbin:/sbin', 'HOSTNAME': 'mock', 'LANG': 'en_US.UTF-8'} and shell False
DEBUG util.py:617:  Child return code was: 0
DEBUG util.py:636:  child environment: None
DEBUG util.py:562:  Executing command: rpm -qa --root '/mock/cauldron/x86_64/' --qf '%{nevra} %{buildtime} %{size} %{pkgid} installed\n' > /home/stig/Downloads/mgarepo/padawan/inotify-tools/mock/installed_pkgs.log with env {'HOME': '/builddir', 'PS1': '<mock-chroot> \\s-\\v\\$ ', 'TERM': 'vt100', 'SHELL': '/bin/bash', 'PATH': '/usr/bin:/bin:/usr/sbin:/sbin', 'HOSTNAME': 'mock', 'PROMPT_COMMAND': 'printf "\\033]0;<mock-chroot>\\007"', 'LANG': 'en_US.UTF-8'} and shell True
DEBUG util.py:617:  Child return code was: 0
DEBUG util.py:636:  child environment: None
DEBUG util.py:317:  Unsharing. Flags: 1073741824
DEBUG util.py:317:  Unsharing. Flags: 134217728
DEBUG util.py:222:  kill orphans
DEBUG util.py:636:  child environment: None
DEBUG util.py:562:  Executing command: ['/bin/umount', '-n', '/mock/cauldron/x86_64/var/cache/dnf/'] with env {'HOME': '/builddir', 'TERM': 'vt100', 'SHELL': '/bin/sh', 'PATH': '/usr/bin:/bin:/usr/sbin:/sbin', 'HOSTNAME': 'mock', 'LANG': 'en_US.UTF-8'} and shell False
DEBUG util.py:617:  Child return code was: 0
DEBUG util.py:636:  child environment: None
DEBUG util.py:562:  Executing command: ['btrfs', 'subv', 'list', '/var/lib/mock'] with env {'HOME': '/builddir', 'TERM': 'vt100', 'SHELL': '/bin/sh', 'PATH': '/usr/bin:/bin:/usr/sbin:/sbin', 'HOSTNAME': 'mock', 'LANG': 'en_US.UTF-8'} and shell False
DEBUG util.py:479:  ERROR: not a btrfs filesystem: /var/lib/mock
DEBUG util.py:479:  ERROR: can't access '/var/lib/mock'
DEBUG util.py:617:  Child return code was: 1
DEBUG util.py:1339:  Please ignore the error above above about btrfs.
INFO buildroot.py:348:  Mock Version: 1.4.8
DEBUG util.py:110:  ensuring that dir exists: /mock/cauldron/x86_64/dev/pts
DEBUG util.py:113:  creating dir: /mock/cauldron/x86_64/dev/pts
DEBUG util.py:110:  ensuring that dir exists: /mock/cauldron/x86_64/dev/shm
DEBUG util.py:113:  creating dir: /mock/cauldron/x86_64/dev/shm
DEBUG buildroot.py:479:  kernel version == 4.9.77-ck1
DEBUG util.py:123:  touching file: /mock/cauldron/x86_64/etc/fstab
DEBUG util.py:123:  touching file: /mock/cauldron/x86_64/etc/yum/yum.conf
DEBUG util.py:123:  touching file: /mock/cauldron/x86_64/etc/dnf/dnf.conf
DEBUG util.py:123:  touching file: /mock/cauldron/x86_64/var/log/yum.log
DEBUG util.py:110:  ensuring that dir exists: /mock/cauldron/x86_64/var/cache/dnf/
DEBUG util.py:636:  child environment: None
DEBUG util.py:562:  Executing command: ['/bin/mount', '-n', '--bind', '/var/cache/mock/mageia-cauldron-x86_64/dnf_cache/', '/mock/cauldron/x86_64/var/cache/dnf/'] with env {'HOME': '/builddir', 'HOSTNAME': 'mock', 'TERM': 'vt100', 'PATH': '/usr/bin:/bin:/usr/sbin:/sbin', 'LANG': 'en_US.UTF-8', 'SHELL': '/bin/sh'} and shell False
DEBUG util.py:617:  Child return code was: 0
DEBUG buildroot.py:142:  rootdir = /mock/cauldron/x86_64/
DEBUG buildroot.py:143:  resultdir = /home/stig/Downloads/mgarepo/padawan/inotify-tools/mock
DEBUG util.py:110:  ensuring that dir exists: /mock/cauldron/x86_64/etc/pki/mock
DEBUG util.py:110:  ensuring that dir exists: /mock/cauldron/x86_64/etc/dnf
DEBUG util.py:636:  child environment: None
DEBUG util.py:562:  Executing command: ['/usr/bin/systemd-nspawn', '-q', '-M', 'c0a54193fab94ae4b0267c6fd1bd3c58', '-D', '/mock/cauldron/x86_64/', '-a', '--setenv=PROMPT_COMMAND=printf "\\033]0;<mock-chroot>\\007"', '--setenv=HOME=/builddir', '--setenv=PATH=/usr/bin:/bin:/usr/sbin:/sbin', '--setenv=LANG=en_US.UTF-8', '--setenv=HOSTNAME=mock', '--setenv=SHELL=/bin/bash', '--setenv=TERM=vt100', '--setenv=PS1=<mock-chroot> \\s-\\v\\$ ', '/usr/sbin/userdel', '-r', '-f', 'mockbuild'] with env {'PROMPT_COMMAND': 'printf "\\033]0;<mock-chroot>\\007"', 'HOME': '/builddir', 'PATH': '/usr/bin:/bin:/usr/sbin:/sbin', 'LANG': 'en_US.UTF-8', 'HOSTNAME': 'mock', 'SHELL': '/bin/bash', 'TERM': 'vt100', 'PS1': '<mock-chroot> \\s-\\v\\$ '} and shell False
DEBUG util.py:317:  Unsharing. Flags: 134217728
DEBUG util.py:479:  userdel: mockbuild mail spool (/var/spool/mail/mockbuild) not found
DEBUG util.py:617:  Child return code was: 0
DEBUG util.py:636:  child environment: None
DEBUG util.py:562:  Executing command: ['/usr/bin/systemd-nspawn', '-q', '-M', '372c7e04e5c34815be7fa63cf71b1059', '-D', '/mock/cauldron/x86_64/', '-a', '--setenv=PROMPT_COMMAND=printf "\\033]0;<mock-chroot>\\007"', '--setenv=HOME=/builddir', '--setenv=PATH=/usr/bin:/bin:/usr/sbin:/sbin', '--setenv=LANG=en_US.UTF-8', '--setenv=HOSTNAME=mock', '--setenv=SHELL=/bin/bash', '--setenv=TERM=vt100', '--setenv=PS1=<mock-chroot> \\s-\\v\\$ ', '/usr/sbin/groupdel', 'mock'] with env {'PROMPT_COMMAND': 'printf "\\033]0;<mock-chroot>\\007"', 'HOME': '/builddir', 'PATH': '/usr/bin:/bin:/usr/sbin:/sbin', 'LANG': 'en_US.UTF-8', 'HOSTNAME': 'mock', 'SHELL': '/bin/bash', 'TERM': 'vt100', 'PS1': '<mock-chroot> \\s-\\v\\$ '} and shell False
DEBUG util.py:317:  Unsharing. Flags: 134217728
DEBUG util.py:617:  Child return code was: 0
DEBUG util.py:636:  child environment: None
DEBUG util.py:562:  Executing command: ['/usr/bin/systemd-nspawn', '-q', '-M', '7cccc9caa87441b38848494b11145119', '-D', '/mock/cauldron/x86_64/', '-a', '--setenv=PROMPT_COMMAND=printf "\\033]0;<mock-chroot>\\007"', '--setenv=HOME=/builddir', '--setenv=PATH=/usr/bin:/bin:/usr/sbin:/sbin', '--setenv=LANG=en_US.UTF-8', '--setenv=HOSTNAME=mock', '--setenv=SHELL=/bin/bash', '--setenv=TERM=vt100', '--setenv=PS1=<mock-chroot> \\s-\\v\\$ ', '/usr/sbin/groupadd', '-g', '135', 'mock'] with env {'PROMPT_COMMAND': 'printf "\\033]0;<mock-chroot>\\007"', 'HOME': '/builddir', 'PATH': '/usr/bin:/bin:/usr/sbin:/sbin', 'LANG': 'en_US.UTF-8', 'HOSTNAME': 'mock', 'SHELL': '/bin/bash', 'TERM': 'vt100', 'PS1': '<mock-chroot> \\s-\\v\\$ '} and shell False
DEBUG util.py:317:  Unsharing. Flags: 134217728
DEBUG util.py:617:  Child return code was: 0
DEBUG util.py:636:  child environment: None
DEBUG util.py:562:  Executing command: ['/usr/bin/systemd-nspawn', '-q', '-M', '138cd7a6c4574c5f98478fb68a38f085', '-D', '/mock/cauldron/x86_64/', '-a', '--setenv=PROMPT_COMMAND=printf "\\033]0;<mock-chroot>\\007"', '--setenv=HOME=/builddir', '--setenv=PATH=/usr/bin:/bin:/usr/sbin:/sbin', '--setenv=LANG=en_US.UTF-8', '--setenv=HOSTNAME=mock', '--setenv=SHELL=/bin/bash', '--setenv=TERM=vt100', '--setenv=PS1=<mock-chroot> \\s-\\v\\$ ', '/usr/sbin/useradd', '-o', '-m', '-u', '0', '-g', '135', '-d', '/builddir', 'mockbuild'] with env {'PROMPT_COMMAND': 'printf "\\033]0;<mock-chroot>\\007"', 'HOME': '/builddir', 'PATH': '/usr/bin:/bin:/usr/sbin:/sbin', 'LANG': 'en_US.UTF-8', 'HOSTNAME': 'mock', 'SHELL': '/bin/bash', 'TERM': 'vt100', 'PS1': '<mock-chroot> \\s-\\v\\$ '} and shell False
DEBUG util.py:317:  Unsharing. Flags: 134217728
DEBUG util.py:617:  Child return code was: 0
DEBUG util.py:110:  ensuring that dir exists: /mock/cauldron/x86_64/builddir/build/RPMS
DEBUG util.py:113:  creating dir: /mock/cauldron/x86_64/builddir/build/RPMS
DEBUG util.py:110:  ensuring that dir exists: /mock/cauldron/x86_64/builddir/build/SPECS
DEBUG util.py:113:  creating dir: /mock/cauldron/x86_64/builddir/build/SPECS
DEBUG util.py:110:  ensuring that dir exists: /mock/cauldron/x86_64/builddir/build/SRPMS
DEBUG util.py:113:  creating dir: /mock/cauldron/x86_64/builddir/build/SRPMS
DEBUG util.py:110:  ensuring that dir exists: /mock/cauldron/x86_64/builddir/build/SOURCES
DEBUG util.py:113:  creating dir: /mock/cauldron/x86_64/builddir/build/SOURCES
DEBUG util.py:110:  ensuring that dir exists: /mock/cauldron/x86_64/builddir/build/BUILD
DEBUG util.py:113:  creating dir: /mock/cauldron/x86_64/builddir/build/BUILD
DEBUG util.py:110:  ensuring that dir exists: /mock/cauldron/x86_64/builddir/build/BUILDROOT
DEBUG util.py:113:  creating dir: /mock/cauldron/x86_64/builddir/build/BUILDROOT
DEBUG util.py:110:  ensuring that dir exists: /mock/cauldron/x86_64/builddir/build/originals
DEBUG util.py:113:  creating dir: /mock/cauldron/x86_64/builddir/build/originals
DEBUG util.py:110:  ensuring that dir exists: /mock/cauldron/x86_64/proc
DEBUG util.py:636:  child environment: None
DEBUG util.py:562:  Executing command: ['/bin/mount', '-n', '-t', 'proc', 'proc', '/mock/cauldron/x86_64/proc'] with env {'HOME': '/builddir', 'HOSTNAME': 'mock', 'TERM': 'vt100', 'PATH': '/usr/bin:/bin:/usr/sbin:/sbin', 'LANG': 'en_US.UTF-8', 'SHELL': '/bin/sh'} and shell False
DEBUG util.py:617:  Child return code was: 0
DEBUG util.py:110:  ensuring that dir exists: /mock/cauldron/x86_64/sys
DEBUG util.py:636:  child environment: None
DEBUG util.py:562:  Executing command: ['/bin/mount', '-n', '-t', 'sysfs', 'sysfs', '/mock/cauldron/x86_64/sys'] with env {'HOME': '/builddir', 'HOSTNAME': 'mock', 'TERM': 'vt100', 'PATH': '/usr/bin:/bin:/usr/sbin:/sbin', 'LANG': 'en_US.UTF-8', 'SHELL': '/bin/sh'} and shell False
DEBUG util.py:617:  Child return code was: 0
DEBUG util.py:110:  ensuring that dir exists: /mock/cauldron/x86_64/dev/shm
DEBUG util.py:636:  child environment: None
DEBUG util.py:562:  Executing command: ['/bin/mount', '-n', '-t', 'tmpfs', 'tmpfs', '/mock/cauldron/x86_64/dev/shm'] with env {'HOME': '/builddir', 'HOSTNAME': 'mock', 'TERM': 'vt100', 'PATH': '/usr/bin:/bin:/usr/sbin:/sbin', 'LANG': 'en_US.UTF-8', 'SHELL': '/bin/sh'} and shell False
DEBUG util.py:617:  Child return code was: 0
DEBUG util.py:110:  ensuring that dir exists: /mock/cauldron/x86_64/dev/pts
DEBUG util.py:636:  child environment: None
DEBUG util.py:562:  Executing command: ['/bin/mount', '-n', '-t', 'devpts', '-o', 'gid=5,mode=0620,ptmxmode=0666,newinstance', 'devpts', '/mock/cauldron/x86_64/dev/pts'] with env {'HOME': '/builddir', 'HOSTNAME': 'mock', 'TERM': 'vt100', 'PATH': '/usr/bin:/bin:/usr/sbin:/sbin', 'LANG': 'en_US.UTF-8', 'SHELL': '/bin/sh'} and shell False
DEBUG util.py:617:  Child return code was: 0
DEBUG package_manager.py:111:  ['/usr/bin/dnf', '--installroot', '/mock/cauldron/x86_64/', '-y', '--releasever', '7', '--disableplugin=local', '--setopt=deltarpm=False', 'update']
DEBUG util.py:636:  child environment: None
DEBUG util.py:562:  Executing command: ['/usr/bin/dnf', '--installroot', '/mock/cauldron/x86_64/', '-y', '--releasever', '7', '--disableplugin=local', '--setopt=deltarpm=False', 'update'] with env {'PROMPT_COMMAND': 'printf "\\033]0;<mock-chroot>\\007"', 'HOME': '/builddir', 'PATH': '/usr/bin:/bin:/usr/sbin:/sbin', 'LC_MESSAGES': 'C', 'LANG': 'en_US.UTF-8', 'HOSTNAME': 'mock', 'SHELL': '/bin/bash', 'TERM': 'vt100', 'PS1': '<mock-chroot> \\s-\\v\\$ '} and shell False
DEBUG util.py:479:  Last metadata expiration check: 0:00:00 ago on Fri 26 Jan 2018 09:16:33 AM CET.
DEBUG util.py:479:  Dependencies resolved.
DEBUG util.py:479:  =============================================================================================================================
DEBUG util.py:479:   Package                               Arch              Version                            Repository                  Size
DEBUG util.py:479:  =============================================================================================================================
DEBUG util.py:479:  Upgrading:
DEBUG util.py:479:   gcc                                   x86_64            7.3.0-1.mga7                       mageia-cauldron             14 M
DEBUG util.py:479:   gcc-c++                               x86_64            7.3.0-1.mga7                       mageia-cauldron            7.3 M
DEBUG util.py:479:   gcc-cpp                               x86_64            7.3.0-1.mga7                       mageia-cauldron            6.7 M
DEBUG util.py:479:   glibc                                 x86_64            6:2.22-27.mga7                     mageia-cauldron            5.5 M
DEBUG util.py:479:   glibc-devel                           x86_64            6:2.22-27.mga7                     mageia-cauldron            2.9 M
DEBUG util.py:479:   kbd                                   x86_64            2.0.4-1.mga7                       mageia-cauldron            1.6 M
DEBUG util.py:479:   kernel-userspace-headers              x86_64            4.14.15-2.mga7                     mageia-cauldron            1.0 M
DEBUG util.py:479:   lib64acl1                             x86_64            2.2.52-8.mga7                      mageia-cauldron             59 k
DEBUG util.py:479:   lib64curl4                            x86_64            1:7.58.0-1.mga7                    mageia-cauldron            224 k
DEBUG util.py:479:   lib64gdbm4                            x86_64            1.14-1.mga7                        mageia-cauldron             42 k
DEBUG util.py:479:   lib64rpm8                             x86_64            1:4.14.1-3.mga7                    mageia-cauldron            270 k
DEBUG util.py:479:   lib64rpmbuild8                        x86_64            1:4.14.1-3.mga7                    mageia-cauldron             92 k
DEBUG util.py:479:   lib64rpmsign8                         x86_64            1:4.14.1-3.mga7                    mageia-cauldron             31 k
DEBUG util.py:479:   libgcc1                               x86_64            7.3.0-1.mga7                       mageia-cauldron            133 k
DEBUG util.py:479:   libgomp1                              x86_64            7.3.0-1.mga7                       mageia-cauldron            166 k
DEBUG util.py:479:   libstdc++-devel                       x86_64            7.3.0-1.mga7                       mageia-cauldron            1.6 M
DEBUG util.py:479:   libstdc++6                            x86_64            7.3.0-1.mga7                       mageia-cauldron            738 k
DEBUG util.py:479:   publicsuffix-list-dafsa               noarch            20180111-1.mga7                    mageia-cauldron             44 k
DEBUG util.py:479:   python3-rpm                           x86_64            1:4.14.1-3.mga7                    mageia-cauldron             76 k
DEBUG util.py:479:   rootcerts                             noarch            1:20180104.00-1.mga7               mageia-cauldron            555 k
DEBUG util.py:479:   rpm                                   x86_64            1:4.14.1-3.mga7                    mageia-cauldron            464 k
DEBUG util.py:479:   rpm-build                             x86_64            1:4.14.1-3.mga7                    mageia-cauldron            120 k
DEBUG util.py:479:   rpm-mageia-setup                      x86_64            2.26-1.mga7                        mageia-cauldron             13 k
DEBUG util.py:479:   rpm-mageia-setup-build                x86_64            2.26-1.mga7                        mageia-cauldron             57 k
DEBUG util.py:479:   rpm-plugin-syslog                     x86_64            1:4.14.1-3.mga7                    mageia-cauldron             27 k
DEBUG util.py:479:   rpm-plugin-systemd-inhibit            x86_64            1:4.14.1-3.mga7                    mageia-cauldron             28 k
DEBUG util.py:479:  Installing dependencies:
DEBUG util.py:479:   ocaml-srpm-macros                     noarch            5-1.mga7                           mageia-cauldron            6.8 k
DEBUG util.py:479:  Transaction Summary
DEBUG util.py:479:  =============================================================================================================================
DEBUG util.py:479:  Install   1 Package
DEBUG util.py:479:  Upgrade  26 Packages
DEBUG util.py:479:  Total size: 43 M
DEBUG util.py:479:  Total download size: 31 M
DEBUG util.py:479:  Downloading Packages:
DEBUG util.py:479:  [SKIPPED] glibc-2.22-27.mga7.x86_64.rpm: Already downloaded                                                                 
DEBUG util.py:479:  [SKIPPED] glibc-devel-2.22-27.mga7.x86_64.rpm: Already downloaded                                                           
DEBUG util.py:479:  [SKIPPED] kbd-2.0.4-1.mga7.x86_64.rpm: Already downloaded                                                                   
DEBUG util.py:479:  [SKIPPED] lib64gdbm4-1.14-1.mga7.x86_64.rpm: Already downloaded                                                             
DEBUG util.py:479:  [SKIPPED] lib64rpm8-4.14.1-3.mga7.x86_64.rpm: Already downloaded                                                            
DEBUG util.py:479:  [SKIPPED] lib64rpmbuild8-4.14.1-3.mga7.x86_64.rpm: Already downloaded                                                       
DEBUG util.py:479:  [SKIPPED] lib64rpmsign8-4.14.1-3.mga7.x86_64.rpm: Already downloaded                                                        
DEBUG util.py:479:  [SKIPPED] publicsuffix-list-dafsa-20180111-1.mga7.noarch.rpm: Already downloaded                                            
DEBUG util.py:479:  [SKIPPED] python3-rpm-4.14.1-3.mga7.x86_64.rpm: Already downloaded                                                          
DEBUG util.py:479:  [SKIPPED] rootcerts-20180104.00-1.mga7.noarch.rpm: Already downloaded                                                       
DEBUG util.py:479:  [SKIPPED] rpm-4.14.1-3.mga7.x86_64.rpm: Already downloaded                                                                  
DEBUG util.py:479:  [SKIPPED] rpm-build-4.14.1-3.mga7.x86_64.rpm: Already downloaded                                                            
DEBUG util.py:479:  [SKIPPED] rpm-plugin-syslog-4.14.1-3.mga7.x86_64.rpm: Already downloaded                                                    
DEBUG util.py:479:  [SKIPPED] rpm-plugin-systemd-inhibit-4.14.1-3.mga7.x86_64.rpm: Already downloaded                                           
DEBUG util.py:479:  (15/27): ocaml-srpm-macros-5-1.mga7.noarch.rpm                                                83 kB/s | 6.8 kB     00:00    
DEBUG util.py:479:  (16/27): gcc-c++-7.3.0-1.mga7.x86_64.rpm                                                     1.9 MB/s | 7.3 MB     00:03    
DEBUG util.py:479:  (17/27): kernel-userspace-headers-4.14.15-2.mga7.x86_64.rpm                                  1.7 MB/s | 1.0 MB     00:00    
DEBUG util.py:479:  (18/27): lib64acl1-2.2.52-8.mga7.x86_64.rpm                                                  639 kB/s |  59 kB     00:00    
DEBUG util.py:479:  (19/27): lib64curl4-7.58.0-1.mga7.x86_64.rpm                                                 1.1 MB/s | 224 kB     00:00    
DEBUG util.py:479:  (20/27): libgcc1-7.3.0-1.mga7.x86_64.rpm                                                     1.1 MB/s | 133 kB     00:00    
DEBUG util.py:479:  (21/27): libgomp1-7.3.0-1.mga7.x86_64.rpm                                                    1.3 MB/s | 166 kB     00:00    
DEBUG util.py:479:  (22/27): libstdc++-devel-7.3.0-1.mga7.x86_64.rpm                                             1.6 MB/s | 1.6 MB     00:00    
DEBUG util.py:479:  (23/27): gcc-7.3.0-1.mga7.x86_64.rpm                                                         2.1 MB/s |  14 MB     00:06    
DEBUG util.py:479:  (24/27): libstdc++6-7.3.0-1.mga7.x86_64.rpm                                                  1.5 MB/s | 738 kB     00:00    
DEBUG util.py:479:  (25/27): rpm-mageia-setup-2.26-1.mga7.x86_64.rpm                                             250 kB/s |  13 kB     00:00    
DEBUG util.py:479:  (26/27): rpm-mageia-setup-build-2.26-1.mga7.x86_64.rpm                                       957 kB/s |  57 kB     00:00    
DEBUG util.py:479:  (27/27): gcc-cpp-7.3.0-1.mga7.x86_64.rpm                                                     1.0 MB/s | 6.7 MB     00:06    
DEBUG util.py:479:  -----------------------------------------------------------------------------------------------------------------------------
DEBUG util.py:479:  Total                                                                                        4.6 MB/s |  31 MB     00:06     
DEBUG util.py:479:  Running transaction check
DEBUG util.py:479:  Transaction check succeeded.
DEBUG util.py:479:  Running transaction test
DEBUG util.py:479:  Transaction test succeeded.
DEBUG util.py:479:  Running transaction
DEBUG util.py:479:    Preparing        :                                                                                                     1/1 
DEBUG util.py:479:    Upgrading        : rpm-mageia-setup-2.26-1.mga7.x86_64                                                                1/53 
DEBUG util.py:479:    Upgrading        : rootcerts-1:20180104.00-1.mga7.noarch                                                              2/53 
DEBUG util.py:479:    Upgrading        : kernel-userspace-headers-4.14.15-2.mga7.x86_64                                                     3/53 
DEBUG util.py:479:    Installing       : ocaml-srpm-macros-5-1.mga7.noarch                                                                  4/53 
DEBUG util.py:479:    Running scriptlet: glibc-6:2.22-27.mga7.x86_64                                                                        5/53 
DEBUG util.py:479:    Upgrading        : glibc-6:2.22-27.mga7.x86_64                                                                        5/53 
DEBUG util.py:479:    Running scriptlet: glibc-6:2.22-27.mga7.x86_64                                                                        5/53 
DEBUG util.py:479:  Running in chroot, ignoring request.
DEBUG util.py:479:    Upgrading        : lib64acl1-2.2.52-8.mga7.x86_64                                                                     6/53 
DEBUG util.py:479:    Upgrading        : lib64rpm8-1:4.14.1-3.mga7.x86_64                                                                   7/53 
DEBUG util.py:479:    Upgrading        : lib64rpmbuild8-1:4.14.1-3.mga7.x86_64                                                              8/53 
DEBUG util.py:479:    Running scriptlet: rpm-1:4.14.1-3.mga7.x86_64                                                                         9/53 
DEBUG util.py:479:    Upgrading        : rpm-1:4.14.1-3.mga7.x86_64                                                                         9/53 
DEBUG util.py:479:    Running scriptlet: rpm-1:4.14.1-3.mga7.x86_64                                                                         9/53 
DEBUG util.py:479:    Upgrading        : lib64rpmsign8-1:4.14.1-3.mga7.x86_64                                                              10/53 
DEBUG util.py:479:    Upgrading        : gcc-cpp-7.3.0-1.mga7.x86_64                                                                       11/53 
DEBUG util.py:479:    Running scriptlet: gcc-cpp-7.3.0-1.mga7.x86_64                                                                       11/53 
DEBUG util.py:479:    Running scriptlet: glibc-devel-6:2.22-27.mga7.x86_64                                                                 12/53 
DEBUG util.py:479:    Upgrading        : glibc-devel-6:2.22-27.mga7.x86_64                                                                 12/53 
DEBUG util.py:479:    Upgrading        : rpm-mageia-setup-build-2.26-1.mga7.x86_64                                                         13/53 
DEBUG util.py:479:    Upgrading        : python3-rpm-1:4.14.1-3.mga7.x86_64                                                                14/53 
DEBUG util.py:479:    Upgrading        : rpm-plugin-syslog-1:4.14.1-3.mga7.x86_64                                                          15/53 
DEBUG util.py:479:    Upgrading        : rpm-plugin-systemd-inhibit-1:4.14.1-3.mga7.x86_64                                                 16/53 
DEBUG util.py:479:    Upgrading        : kbd-2.0.4-1.mga7.x86_64                                                                           17/53 
DEBUG util.py:479:    Upgrading        : lib64curl4-1:7.58.0-1.mga7.x86_64                                                                 18/53 
DEBUG util.py:479:    Upgrading        : lib64gdbm4-1.14-1.mga7.x86_64                                                                     19/53 
DEBUG util.py:479:    Upgrading        : publicsuffix-list-dafsa-20180111-1.mga7.noarch                                                    20/53 
DEBUG util.py:479:    Upgrading        : libgcc1-7.3.0-1.mga7.x86_64                                                                       21/53 
DEBUG util.py:479:    Upgrading        : libstdc++6-7.3.0-1.mga7.x86_64                                                                    22/53 
DEBUG util.py:479:    Upgrading        : libstdc++-devel-7.3.0-1.mga7.x86_64                                                               23/53 
DEBUG util.py:479:    Upgrading        : gcc-7.3.0-1.mga7.x86_64                                                                           24/53 
DEBUG util.py:479:    Running scriptlet: gcc-7.3.0-1.mga7.x86_64                                                                           24/53 
DEBUG util.py:479:    Upgrading        : gcc-c++-7.3.0-1.mga7.x86_64                                                                       25/53 
DEBUG util.py:479:    Running scriptlet: gcc-c++-7.3.0-1.mga7.x86_64                                                                       25/53 
DEBUG util.py:479:    Upgrading        : rpm-build-1:4.14.1-3.mga7.x86_64                                                                  26/53 
DEBUG util.py:479:    Upgrading        : libgomp1-7.3.0-1.mga7.x86_64                                                                      27/53 
DEBUG util.py:479:    Cleanup          : rpm-build-1:4.14.1-1.mga7.x86_64                                                                  28/53 
DEBUG util.py:479:    Cleanup          : python3-rpm-1:4.14.1-1.mga7.x86_64                                                                29/53 
DEBUG util.py:479:    Cleanup          : rpm-1:4.14.1-1.mga7.x86_64                                                                        30/53 
DEBUG util.py:479:    Running scriptlet: rpm-1:4.14.1-1.mga7.x86_64                                                                        30/53 
DEBUG util.py:479:    Cleanup          : gcc-c++-7.3.0-0.rc.20180117.1.mga7.x86_64                                                         31/53 
DEBUG util.py:479:    Running scriptlet: gcc-c++-7.3.0-0.rc.20180117.1.mga7.x86_64                                                         31/53 
DEBUG util.py:479:    Cleanup          : gcc-7.3.0-0.rc.20180117.1.mga7.x86_64                                                             32/53 
DEBUG util.py:479:    Running scriptlet: gcc-7.3.0-0.rc.20180117.1.mga7.x86_64                                                             32/53 
DEBUG util.py:479:    Cleanup          : rpm-plugin-systemd-inhibit-1:4.14.1-1.mga7.x86_64                                                 33/53 
DEBUG util.py:479:    Cleanup          : rpm-plugin-syslog-1:4.14.1-1.mga7.x86_64                                                          34/53 
DEBUG util.py:479:    Cleanup          : glibc-devel-6:2.22-26.mga7.x86_64                                                                 35/53 
DEBUG util.py:479:    Cleanup          : lib64rpmbuild8-1:4.14.1-1.mga7.x86_64                                                             36/53 
DEBUG util.py:479:    Cleanup          : lib64rpmsign8-1:4.14.1-1.mga7.x86_64                                                              37/53 
DEBUG util.py:479:    Cleanup          : lib64rpm8-1:4.14.1-1.mga7.x86_64                                                                  38/53 
DEBUG util.py:479:    Cleanup          : lib64curl4-1:7.57.0-2.mga7.x86_64                                                                 39/53 
DEBUG util.py:479:    Cleanup          : libstdc++-devel-7.3.0-0.rc.20180117.1.mga7.x86_64                                                 40/53 
DEBUG util.py:479:    Cleanup          : libgcc1-7.3.0-0.rc.20180117.1.mga7.x86_64                                                         41/53 
DEBUG util.py:479:    Cleanup          : libstdc++6-7.3.0-0.rc.20180117.1.mga7.x86_64                                                      42/53 
DEBUG util.py:479:    Cleanup          : rpm-mageia-setup-build-2.25-2.mga7.x86_64                                                         43/53 
DEBUG util.py:479:    Cleanup          : libgomp1-7.3.0-0.rc.20180117.1.mga7.x86_64                                                        44/53 
DEBUG util.py:479:    Cleanup          : lib64acl1-2.2.52-7.mga6.x86_64                                                                    45/53 
DEBUG util.py:479:    Cleanup          : gcc-cpp-7.3.0-0.rc.20180117.1.mga7.x86_64                                                         46/53 
DEBUG util.py:479:    Running scriptlet: gcc-cpp-7.3.0-0.rc.20180117.1.mga7.x86_64                                                         46/53 
DEBUG util.py:479:    Cleanup          : lib64gdbm4-1.13-1.mga7.x86_64                                                                     47/53 
DEBUG util.py:479:    Cleanup          : kbd-2.0.3-1.mga6.x86_64                                                                           48/53 
DEBUG util.py:479:    Cleanup          : glibc-6:2.22-26.mga7.x86_64                                                                       49/53 
DEBUG util.py:479:    Cleanup          : rpm-mageia-setup-2.25-2.mga7.x86_64                                                               50/53 
DEBUG util.py:479:    Cleanup          : rootcerts-1:20171122.00-1.mga7.noarch                                                             51/53 
DEBUG util.py:479:    Cleanup          : kernel-userspace-headers-4.14.14-2.mga7.x86_64                                                    52/53 
DEBUG util.py:479:    Cleanup          : publicsuffix-list-dafsa-20171028-1.mga7.noarch                                                    53/53 
DEBUG util.py:479:    Running scriptlet: glibc-6:2.22-27.mga7.x86_64                                                                       53/53 
DEBUG util.py:479:    Verifying        : ocaml-srpm-macros-5-1.mga7.noarch                                                                  1/53 
DEBUG util.py:479:    Verifying        : gcc-7.3.0-1.mga7.x86_64                                                                            2/53 
DEBUG util.py:479:    Verifying        : gcc-c++-7.3.0-1.mga7.x86_64                                                                        3/53 
DEBUG util.py:479:    Verifying        : gcc-cpp-7.3.0-1.mga7.x86_64                                                                        4/53 
DEBUG util.py:479:    Verifying        : glibc-6:2.22-27.mga7.x86_64                                                                        5/53 
DEBUG util.py:479:    Verifying        : glibc-devel-6:2.22-27.mga7.x86_64                                                                  6/53 
DEBUG util.py:479:    Verifying        : kbd-2.0.4-1.mga7.x86_64                                                                            7/53 
DEBUG util.py:479:    Verifying        : kernel-userspace-headers-4.14.15-2.mga7.x86_64                                                     8/53 
DEBUG util.py:479:    Verifying        : lib64acl1-2.2.52-8.mga7.x86_64                                                                     9/53 
DEBUG util.py:479:    Verifying        : lib64curl4-1:7.58.0-1.mga7.x86_64                                                                 10/53 
DEBUG util.py:479:    Verifying        : lib64gdbm4-1.14-1.mga7.x86_64                                                                     11/53 
DEBUG util.py:479:    Verifying        : lib64rpm8-1:4.14.1-3.mga7.x86_64                                                                  12/53 
DEBUG util.py:479:    Verifying        : lib64rpmbuild8-1:4.14.1-3.mga7.x86_64                                                             13/53 
DEBUG util.py:479:    Verifying        : lib64rpmsign8-1:4.14.1-3.mga7.x86_64                                                              14/53 
DEBUG util.py:479:    Verifying        : libgcc1-7.3.0-1.mga7.x86_64                                                                       15/53 
DEBUG util.py:479:    Verifying        : libgomp1-7.3.0-1.mga7.x86_64                                                                      16/53 
DEBUG util.py:479:    Verifying        : libstdc++-devel-7.3.0-1.mga7.x86_64                                                               17/53 
DEBUG util.py:479:    Verifying        : libstdc++6-7.3.0-1.mga7.x86_64                                                                    18/53 
DEBUG util.py:479:    Verifying        : publicsuffix-list-dafsa-20180111-1.mga7.noarch                                                    19/53 
DEBUG util.py:479:    Verifying        : python3-rpm-1:4.14.1-3.mga7.x86_64                                                                20/53 
DEBUG util.py:479:    Verifying        : rootcerts-1:20180104.00-1.mga7.noarch                                                             21/53 
DEBUG util.py:479:    Verifying        : rpm-1:4.14.1-3.mga7.x86_64                                                                        22/53 
DEBUG util.py:479:    Verifying        : rpm-build-1:4.14.1-3.mga7.x86_64                                                                  23/53 
DEBUG util.py:479:    Verifying        : rpm-mageia-setup-2.26-1.mga7.x86_64                                                               24/53 
DEBUG util.py:479:    Verifying        : rpm-mageia-setup-build-2.26-1.mga7.x86_64                                                         25/53 
DEBUG util.py:479:    Verifying        : rpm-plugin-syslog-1:4.14.1-3.mga7.x86_64                                                          26/53 
DEBUG util.py:479:    Verifying        : rpm-plugin-systemd-inhibit-1:4.14.1-3.mga7.x86_64                                                 27/53 
DEBUG util.py:479:    Verifying        : libstdc++6-7.3.0-0.rc.20180117.1.mga7.x86_64                                                      28/53 
DEBUG util.py:479:    Verifying        : lib64acl1-2.2.52-7.mga6.x86_64                                                                    29/53 
DEBUG util.py:479:    Verifying        : python3-rpm-1:4.14.1-1.mga7.x86_64                                                                30/53 
DEBUG util.py:479:    Verifying        : rootcerts-1:20171122.00-1.mga7.noarch                                                             31/53 
DEBUG util.py:479:    Verifying        : rpm-1:4.14.1-1.mga7.x86_64                                                                        32/53 
DEBUG util.py:479:    Verifying        : rpm-build-1:4.14.1-1.mga7.x86_64                                                                  33/53 
DEBUG util.py:479:    Verifying        : rpm-mageia-setup-2.25-2.mga7.x86_64                                                               34/53 
DEBUG util.py:479:    Verifying        : rpm-mageia-setup-build-2.25-2.mga7.x86_64                                                         35/53 
DEBUG util.py:479:    Verifying        : rpm-plugin-syslog-1:4.14.1-1.mga7.x86_64                                                          36/53 
DEBUG util.py:479:    Verifying        : rpm-plugin-systemd-inhibit-1:4.14.1-1.mga7.x86_64                                                 37/53 
DEBUG util.py:479:    Verifying        : lib64curl4-1:7.57.0-2.mga7.x86_64                                                                 38/53 
DEBUG util.py:479:    Verifying        : kbd-2.0.3-1.mga6.x86_64                                                                           39/53 
DEBUG util.py:479:    Verifying        : lib64rpm8-1:4.14.1-1.mga7.x86_64                                                                  40/53 
DEBUG util.py:479:    Verifying        : lib64rpmbuild8-1:4.14.1-1.mga7.x86_64                                                             41/53 
DEBUG util.py:479:    Verifying        : lib64rpmsign8-1:4.14.1-1.mga7.x86_64                                                              42/53 
DEBUG util.py:479:    Verifying        : lib64gdbm4-1.13-1.mga7.x86_64                                                                     43/53 
DEBUG util.py:479:    Verifying        : gcc-7.3.0-0.rc.20180117.1.mga7.x86_64                                                             44/53 
DEBUG util.py:479:    Verifying        : gcc-c++-7.3.0-0.rc.20180117.1.mga7.x86_64                                                         45/53 
DEBUG util.py:479:    Verifying        : gcc-cpp-7.3.0-0.rc.20180117.1.mga7.x86_64                                                         46/53 
DEBUG util.py:479:    Verifying        : glibc-6:2.22-26.mga7.x86_64                                                                       47/53 
DEBUG util.py:479:    Verifying        : glibc-devel-6:2.22-26.mga7.x86_64                                                                 48/53 
DEBUG util.py:479:    Verifying        : publicsuffix-list-dafsa-20171028-1.mga7.noarch                                                    49/53 
DEBUG util.py:479:    Verifying        : libgcc1-7.3.0-0.rc.20180117.1.mga7.x86_64                                                         50/53 
DEBUG util.py:479:    Verifying        : libgomp1-7.3.0-0.rc.20180117.1.mga7.x86_64                                                        51/53 
DEBUG util.py:479:    Verifying        : libstdc++-devel-7.3.0-0.rc.20180117.1.mga7.x86_64                                                 52/53 
DEBUG util.py:479:    Verifying        : kernel-userspace-headers-4.14.14-2.mga7.x86_64                                                    53/53 
DEBUG util.py:479:  Installed:
DEBUG util.py:479:    ocaml-srpm-macros.noarch 5-1.mga7                                                                                          
DEBUG util.py:479:  Upgraded:
DEBUG util.py:479:    gcc.x86_64 7.3.0-1.mga7                                     gcc-c++.x86_64 7.3.0-1.mga7                                   
DEBUG util.py:479:    gcc-cpp.x86_64 7.3.0-1.mga7                                 glibc.x86_64 6:2.22-27.mga7                                   
DEBUG util.py:479:    glibc-devel.x86_64 6:2.22-27.mga7                           kbd.x86_64 2.0.4-1.mga7                                       
DEBUG util.py:479:    kernel-userspace-headers.x86_64 4.14.15-2.mga7              lib64acl1.x86_64 2.2.52-8.mga7                                
DEBUG util.py:479:    lib64curl4.x86_64 1:7.58.0-1.mga7                           lib64gdbm4.x86_64 1.14-1.mga7                                 
DEBUG util.py:479:    lib64rpm8.x86_64 1:4.14.1-3.mga7                            lib64rpmbuild8.x86_64 1:4.14.1-3.mga7                         
DEBUG util.py:479:    lib64rpmsign8.x86_64 1:4.14.1-3.mga7                        libgcc1.x86_64 7.3.0-1.mga7                                   
DEBUG util.py:479:    libgomp1.x86_64 7.3.0-1.mga7                                libstdc++-devel.x86_64 7.3.0-1.mga7                           
DEBUG util.py:479:    libstdc++6.x86_64 7.3.0-1.mga7                              publicsuffix-list-dafsa.noarch 20180111-1.mga7                
DEBUG util.py:479:    python3-rpm.x86_64 1:4.14.1-3.mga7                          rootcerts.noarch 1:20180104.00-1.mga7                         
DEBUG util.py:479:    rpm.x86_64 1:4.14.1-3.mga7                                  rpm-build.x86_64 1:4.14.1-3.mga7                              
DEBUG util.py:479:    rpm-mageia-setup.x86_64 2.26-1.mga7                         rpm-mageia-setup-build.x86_64 2.26-1.mga7                     
DEBUG util.py:479:    rpm-plugin-syslog.x86_64 1:4.14.1-3.mga7                    rpm-plugin-systemd-inhibit.x86_64 1:4.14.1-3.mga7             
DEBUG util.py:479:  Complete!
DEBUG util.py:617:  Child return code was: 0
DEBUG util.py:636:  child environment: None
DEBUG util.py:562:  Executing command: ['/bin/umount', '-n', '-l', '/mock/cauldron/x86_64/dev/pts'] with env {'HOME': '/builddir', 'HOSTNAME': 'mock', 'TERM': 'vt100', 'PATH': '/usr/bin:/bin:/usr/sbin:/sbin', 'LANG': 'en_US.UTF-8', 'SHELL': '/bin/sh'} and shell False
DEBUG util.py:617:  Child return code was: 0
DEBUG util.py:636:  child environment: None
DEBUG util.py:562:  Executing command: ['/bin/umount', '-n', '-l', '/mock/cauldron/x86_64/dev/shm'] with env {'HOME': '/builddir', 'HOSTNAME': 'mock', 'TERM': 'vt100', 'PATH': '/usr/bin:/bin:/usr/sbin:/sbin', 'LANG': 'en_US.UTF-8', 'SHELL': '/bin/sh'} and shell False
DEBUG util.py:617:  Child return code was: 0
DEBUG util.py:636:  child environment: None
DEBUG util.py:562:  Executing command: ['/bin/umount', '-n', '-l', '/mock/cauldron/x86_64/sys'] with env {'HOME': '/builddir', 'HOSTNAME': 'mock', 'TERM': 'vt100', 'PATH': '/usr/bin:/bin:/usr/sbin:/sbin', 'LANG': 'en_US.UTF-8', 'SHELL': '/bin/sh'} and shell False
DEBUG util.py:617:  Child return code was: 0
DEBUG util.py:636:  child environment: None
DEBUG util.py:562:  Executing command: ['/bin/umount', '-n', '-l', '/mock/cauldron/x86_64/proc'] with env {'HOME': '/builddir', 'HOSTNAME': 'mock', 'TERM': 'vt100', 'PATH': '/usr/bin:/bin:/usr/sbin:/sbin', 'LANG': 'en_US.UTF-8', 'SHELL': '/bin/sh'} and shell False
DEBUG util.py:617:  Child return code was: 0
DEBUG util.py:123:  touching file: /mock/cauldron/x86_64/.initialized
DEBUG util.py:636:  child environment: None
DEBUG util.py:562:  Executing command: ['/usr/bin/systemd-nspawn', '-q', '-M', '22a37f893dcd471188f8b856e6edac10', '-D', '/mock/cauldron/x86_64/', '-a', '--setenv=PROMPT_COMMAND=printf "\\033]0;<mock-chroot>\\007"', '--setenv=HOME=/builddir', '--setenv=PATH=/usr/bin:/bin:/usr/sbin:/sbin', '--setenv=LANG=en_US.UTF-8', '--setenv=HOSTNAME=mock', '--setenv=SHELL=/bin/bash', '--setenv=TERM=vt100', '--setenv=PS1=<mock-chroot> \\s-\\v\\$ ', '-u', 'mockbuild', '/bin/rpm', '-Uvh', '--nodeps', '/builddir/build/originals/inotify-tools-3.20.1-1.intelsb.mga6.src.rpm'] with env {'PROMPT_COMMAND': 'printf "\\033]0;<mock-chroot>\\007"', 'HOME': '/builddir', 'PATH': '/usr/bin:/bin:/usr/sbin:/sbin', 'LANG': 'en_US.UTF-8', 'HOSTNAME': 'mock', 'SHELL': '/bin/bash', 'TERM': 'vt100', 'PS1': '<mock-chroot> \\s-\\v\\$ '} and shell False
DEBUG util.py:317:  Unsharing. Flags: 1073741824
DEBUG util.py:317:  Unsharing. Flags: 134217728
DEBUG util.py:479:  Updating / installing...
DEBUG util.py:479:  inotify-tools-3.20.1-1.intelsb.mga6   warning: user stig does not exist - using root
DEBUG util.py:479:  warning: group stig does not exist - using root
DEBUG util.py:479:  #######################################warning: user stig does not exist - using root
DEBUG util.py:479:  warning: group stig does not exist - using root
DEBUG util.py:479:  #
DEBUG util.py:617:  Child return code was: 0
DEBUG buildroot.py:367:  removing 3 rpm db files
DEBUG buildroot.py:372:  nuke_rpm_db: removing /mock/cauldron/x86_64/var/lib/rpm/__db.001
DEBUG buildroot.py:372:  nuke_rpm_db: removing /mock/cauldron/x86_64/var/lib/rpm/__db.002
DEBUG buildroot.py:372:  nuke_rpm_db: removing /mock/cauldron/x86_64/var/lib/rpm/__db.003
DEBUG util.py:636:  child environment: None
DEBUG util.py:562:  Executing command: ['/usr/bin/systemd-nspawn', '-q', '-M', 'ce913015b0884d42803d7425a4ffcb86', '-D', '/mock/cauldron/x86_64/', '-a', '--setenv=PROMPT_COMMAND=printf "\\033]0;<mock-chroot>\\007"', '--setenv=HOME=/builddir', '--setenv=PATH=/usr/bin:/bin:/usr/sbin:/sbin', '--setenv=LANG=en_US.UTF-8', '--setenv=HOSTNAME=mock', '--setenv=SHELL=/bin/bash', '--setenv=TERM=vt100', '--setenv=PS1=<mock-chroot> \\s-\\v\\$ ', '-u', 'mockbuild', '/bin/rpm', '-qpl', '/builddir/build/originals/inotify-tools-3.20.1-1.intelsb.mga6.src.rpm'] with env {'PROMPT_COMMAND': 'printf "\\033]0;<mock-chroot>\\007"', 'HOME': '/builddir', 'PATH': '/usr/bin:/bin:/usr/sbin:/sbin', 'LANG': 'en_US.UTF-8', 'HOSTNAME': 'mock', 'SHELL': '/bin/bash', 'TERM': 'vt100', 'PS1': '<mock-chroot> \\s-\\v\\$ '} and shell False
DEBUG util.py:317:  Unsharing. Flags: 1073741824
DEBUG util.py:317:  Unsharing. Flags: 134217728
DEBUG util.py:479:  inotify-tools-3.20.1.tar.gz
DEBUG util.py:479:  inotify-tools.spec
DEBUG util.py:617:  Child return code was: 0
DEBUG util.py:636:  child environment: None
DEBUG util.py:317:  Unsharing. Flags: 1073741824
DEBUG util.py:317:  Unsharing. Flags: 134217728
DEBUG util.py:110:  ensuring that dir exists: /mock/cauldron/x86_64/proc
DEBUG util.py:636:  child environment: None
DEBUG util.py:562:  Executing command: ['/bin/mount', '-n', '-t', 'proc', 'proc', '/mock/cauldron/x86_64/proc'] with env {'HOME': '/builddir', 'HOSTNAME': 'mock', 'TERM': 'vt100', 'PATH': '/usr/bin:/bin:/usr/sbin:/sbin', 'LANG': 'en_US.UTF-8', 'SHELL': '/bin/sh'} and shell False
DEBUG util.py:617:  Child return code was: 0
DEBUG util.py:110:  ensuring that dir exists: /mock/cauldron/x86_64/sys
DEBUG util.py:636:  child environment: None
DEBUG util.py:562:  Executing command: ['/bin/mount', '-n', '-t', 'sysfs', 'sysfs', '/mock/cauldron/x86_64/sys'] with env {'HOME': '/builddir', 'HOSTNAME': 'mock', 'TERM': 'vt100', 'PATH': '/usr/bin:/bin:/usr/sbin:/sbin', 'LANG': 'en_US.UTF-8', 'SHELL': '/bin/sh'} and shell False
DEBUG util.py:617:  Child return code was: 0
DEBUG util.py:110:  ensuring that dir exists: /mock/cauldron/x86_64/dev/shm
DEBUG util.py:636:  child environment: None
DEBUG util.py:562:  Executing command: ['/bin/mount', '-n', '-t', 'tmpfs', 'tmpfs', '/mock/cauldron/x86_64/dev/shm'] with env {'HOME': '/builddir', 'HOSTNAME': 'mock', 'TERM': 'vt100', 'PATH': '/usr/bin:/bin:/usr/sbin:/sbin', 'LANG': 'en_US.UTF-8', 'SHELL': '/bin/sh'} and shell False
DEBUG util.py:617:  Child return code was: 0
DEBUG util.py:110:  ensuring that dir exists: /mock/cauldron/x86_64/dev/pts
DEBUG util.py:636:  child environment: None
DEBUG util.py:562:  Executing command: ['/bin/mount', '-n', '-t', 'devpts', '-o', 'gid=5,mode=0620,ptmxmode=0666,newinstance', 'devpts', '/mock/cauldron/x86_64/dev/pts'] with env {'HOME': '/builddir', 'HOSTNAME': 'mock', 'TERM': 'vt100', 'PATH': '/usr/bin:/bin:/usr/sbin:/sbin', 'LANG': 'en_US.UTF-8', 'SHELL': '/bin/sh'} and shell False
DEBUG util.py:617:  Child return code was: 0
DEBUG package_manager.py:111:  ['/usr/bin/dnf', 'builddep', '--installroot', '/mock/cauldron/x86_64/', '--releasever', '7', '/mock/cauldron/x86_64///builddir/build/SRPMS/inotify-tools-3.20.1-1.mga7.src.rpm']
DEBUG util.py:636:  child environment: None
DEBUG util.py:562:  Executing command: ['/usr/bin/dnf', 'builddep', '--installroot', '/mock/cauldron/x86_64/', '--releasever', '7', '/mock/cauldron/x86_64///builddir/build/SRPMS/inotify-tools-3.20.1-1.mga7.src.rpm'] with env {'PROMPT_COMMAND': 'printf "\\033]0;<mock-chroot>\\007"', 'HOME': '/builddir', 'PATH': '/usr/bin:/bin:/usr/sbin:/sbin', 'LC_MESSAGES': 'C', 'LANG': 'en_US.UTF-8', 'HOSTNAME': 'mock', 'SHELL': '/bin/bash', 'TERM': 'vt100', 'PS1': '<mock-chroot> \\s-\\v\\$ '} and shell False
DEBUG util.py:479:  Mageia Cauldron - x86_64                                                                     2.3 MB/s |  37 MB     00:16    
DEBUG util.py:479:  Last metadata expiration check: 0:00:20 ago on Fri 26 Jan 2018 09:17:19 AM CET.
DEBUG util.py:479:  Dependencies resolved.
DEBUG util.py:479:  =============================================================================================================================
DEBUG util.py:479:   Package                  Arch                    Version                             Repository                        Size
DEBUG util.py:479:  =============================================================================================================================
DEBUG util.py:479:  Installing:
DEBUG util.py:479:   doxygen                  x86_64                  1:1.8.13-2.mga6                     mageia-cauldron                  3.6 M
DEBUG util.py:479:  Transaction Summary
DEBUG util.py:479:  =============================================================================================================================
DEBUG util.py:479:  Install  1 Package
DEBUG util.py:479:  Total download size: 3.6 M
DEBUG util.py:479:  Installed size: 14 M
DEBUG util.py:479:  Downloading Packages:
DEBUG util.py:479:  doxygen-1.8.13-2.mga6.x86_64.rpm                                                             2.0 MB/s | 3.6 MB     00:01    
DEBUG util.py:479:  -----------------------------------------------------------------------------------------------------------------------------
DEBUG util.py:479:  Total                                                                                        1.7 MB/s | 3.6 MB     00:02     
DEBUG util.py:479:  Running transaction check
DEBUG util.py:479:  Transaction check succeeded.
DEBUG util.py:479:  Running transaction test
DEBUG util.py:479:  Transaction test succeeded.
DEBUG util.py:479:  Running transaction
DEBUG util.py:479:    Preparing        :                                                                                                     1/1 
DEBUG util.py:479:    Installing       : doxygen-1:1.8.13-2.mga6.x86_64                                                                      1/1 
DEBUG util.py:479:    Verifying        : doxygen-1:1.8.13-2.mga6.x86_64                                                                      1/1 
DEBUG util.py:479:  Installed:
DEBUG util.py:479:    doxygen.x86_64 1:1.8.13-2.mga6                                                                                             
DEBUG util.py:479:  Complete!
DEBUG util.py:617:  Child return code was: 0
DEBUG util.py:636:  child environment: None
DEBUG util.py:562:  Executing command: ['/bin/umount', '-n', '-l', '/mock/cauldron/x86_64/dev/pts'] with env {'HOME': '/builddir', 'HOSTNAME': 'mock', 'TERM': 'vt100', 'PATH': '/usr/bin:/bin:/usr/sbin:/sbin', 'LANG': 'en_US.UTF-8', 'SHELL': '/bin/sh'} and shell False
DEBUG util.py:617:  Child return code was: 0
DEBUG util.py:636:  child environment: None
DEBUG util.py:562:  Executing command: ['/bin/umount', '-n', '-l', '/mock/cauldron/x86_64/dev/shm'] with env {'HOME': '/builddir', 'HOSTNAME': 'mock', 'TERM': 'vt100', 'PATH': '/usr/bin:/bin:/usr/sbin:/sbin', 'LANG': 'en_US.UTF-8', 'SHELL': '/bin/sh'} and shell False
DEBUG util.py:617:  Child return code was: 0
DEBUG util.py:636:  child environment: None
DEBUG util.py:562:  Executing command: ['/bin/umount', '-n', '-l', '/mock/cauldron/x86_64/sys'] with env {'HOME': '/builddir', 'HOSTNAME': 'mock', 'TERM': 'vt100', 'PATH': '/usr/bin:/bin:/usr/sbin:/sbin', 'LANG': 'en_US.UTF-8', 'SHELL': '/bin/sh'} and shell False
DEBUG util.py:617:  Child return code was: 0
DEBUG util.py:636:  child environment: None
DEBUG util.py:562:  Executing command: ['/bin/umount', '-n', '-l', '/mock/cauldron/x86_64/proc'] with env {'HOME': '/builddir', 'HOSTNAME': 'mock', 'TERM': 'vt100', 'PATH': '/usr/bin:/bin:/usr/sbin:/sbin', 'LANG': 'en_US.UTF-8', 'SHELL': '/bin/sh'} and shell False
DEBUG util.py:617:  Child return code was: 0
DEBUG util.py:636:  child environment: None
DEBUG util.py:562:  Executing command: rpm -qa --root '/mock/cauldron/x86_64/' --qf '%{nevra} %{buildtime} %{size} %{pkgid} installed\n' > /home/stig/Downloads/mgarepo/padawan/inotify-tools/mock/installed_pkgs.log with env {'PROMPT_COMMAND': 'printf "\\033]0;<mock-chroot>\\007"', 'HOME': '/builddir', 'HOSTNAME': 'mock', 'PS1': '<mock-chroot> \\s-\\v\\$ ', 'TERM': 'vt100', 'PATH': '/usr/bin:/bin:/usr/sbin:/sbin', 'LANG': 'en_US.UTF-8', 'SHELL': '/bin/bash'} and shell True
DEBUG util.py:617:  Child return code was: 0
DEBUG util.py:636:  child environment: None
DEBUG util.py:317:  Unsharing. Flags: 1073741824
DEBUG util.py:317:  Unsharing. Flags: 134217728
DEBUG backend.py:505:  Copying packages to result dir
DEBUG util.py:222:  kill orphans
DEBUG util.py:636:  child environment: None
DEBUG util.py:562:  Executing command: ['/bin/umount', '-n', '/mock/cauldron/x86_64/var/cache/dnf/'] with env {'HOME': '/builddir', 'HOSTNAME': 'mock', 'TERM': 'vt100', 'PATH': '/usr/bin:/bin:/usr/sbin:/sbin', 'LANG': 'en_US.UTF-8', 'SHELL': '/bin/sh'} and shell False
DEBUG util.py:617:  Child return code was: 0
DEBUG util.py:636:  child environment: None
DEBUG util.py:562:  Executing command: ['btrfs', 'subv', 'list', '/var/lib/mock'] with env {'HOME': '/builddir', 'HOSTNAME': 'mock', 'TERM': 'vt100', 'PATH': '/usr/bin:/bin:/usr/sbin:/sbin', 'LANG': 'en_US.UTF-8', 'SHELL': '/bin/sh'} and shell False
DEBUG util.py:479:  ERROR: not a btrfs filesystem: /var/lib/mock
DEBUG util.py:479:  ERROR: can't access '/var/lib/mock'
DEBUG util.py:617:  Child return code was: 1
DEBUG util.py:1339:  Please ignore the error above above about btrfs.
