lib64qt5widgets-devel-5.9.3-2.mga7.x86_64 1514574976 1765160 7b8f06385466f255dbae78977cfc0077 installed
lib64repo0-1.7.20-3.mga7.x86_64 1501875745 168904 df9a128c5ca1365e061b7529caff10be installed
locales-is-2.22-5.mga6.x86_64 1464875389 133278 b55355af3f0e59b8a39d61babc1710db installed
python2-rpm-macros-3-5.mga7.noarch 1502797638 1495 af515d58ca8cf4d5cee44c10a2bfccc3 installed
lib64uv1-1.18.0-1.mga7.x86_64 1512749910 193062 19900a1325eee9587b3a7dda778a7cc6 installed
dnf-plugins-core-2.1.5-1.mga7.noarch 1508942412 238914 a5657b137c5a4e78a4a2693b5567c8c0 installed
locales-lb-2.22-5.mga6.x86_64 1464875389 1525693 e507137a0a90ec2ef7d78541045c4e8d installed
rootcerts-1:20171025.00-1.mga7.noarch 1510668400 3377593 6520b6ff0201e505451227cb6c9a3dd2 installed
lib64boost_container1.66.0-1.66.0-2.mga7.x86_64 1514554117 83754 38c0e512dbe1d8ac0741dad931adebe7 installed
lib64xml++2.6_2-2.40.1-2.mga6.x86_64 1448795881 216368 ce47596e73949eca28f3a24cd817175e installed
locales-mn-2.22-5.mga6.x86_64 1464875389 1527900 76875a7a45df98b1d5fcbe9fd5239cfd installed
rootfiles-11.0-14.mga6.noarch 1455897202 14813 d308f7699a1f3454de2d1b5371095355 installed
lib64pango1.0-devel-1.40.14-1.mga7.x86_64 1510803161 1048329 e2a043ebabff2e1b42c62fe4f56dbae3 installed
elfutils-0.170-1.mga7.x86_64 1505978332 1954144 ab7204d7b2b475005898d8d60824a2ef installed
locales-nso-2.22-5.mga6.x86_64 1464875389 251905 e68fc0fa35cf7f4028ebc09e130a2372 installed
lib64zlib1-1.2.11-4.mga6.x86_64 1490774438 120355 a6f2878af6f9341c02292fab608027f9 installed
hunspell-1.6.2-2.mga7.x86_64 1513695971 341925 479ada157105d447c2e046fb7bef746e installed
lib64zlib-devel-1.2.11-4.mga6.x86_64 1490774438 868322 b63b31973e9bbacb7d6072879469f27b installed
locales-rw-2.22-5.mga6.x86_64 1464875389 3667 74f37cd2b8a4df041254b08d238f0659 installed
hunspell-ur-0.64-12.mga6.noarch 1454459240 1411430 7248ecd6b8e6f543176de20c407a8477 installed
lib64png16_16-2:1.6.34-1.mga7.x86_64 1509163107 384968 ddd54d9346d5bb2509c8a9b43896174a installed
locales-sq-2.22-5.mga6.x86_64 1464875389 1734333 2c8b5d31149eb98e546ea1fcbf1d44ac installed
hunspell-ta-20100226-10.mga6.noarch 1454941860 3359609 f37eee62650ba06bb31f13008e82bcfb installed
lib64wayland-server0-1.14.0-2.mga7.x86_64 1514506555 79632 f96eac5fbc9c1cf01ec3cb9dac3f1747 installed
locales-th-2.22-5.mga6.x86_64 1464875389 329610 547968f241529be646704984709dc0f4 installed
xz-5.2.3-2.mga7.x86_64 1504715941 506967 a5cb6d0ae322e0ecf5e082a975d3c4ca installed
hunspell-sl-0.20070127.1-14.mga6.noarch 1454712705 2983703 984c0292179f2596953ce8e0a70fbf3c installed
lib64orc0.4_0-0.4.28-1.mga7.x86_64 1513427111 551192 da713463c5184a1e70c71d5a7af3f3f1 installed
locales-ve-2.22-5.mga6.x86_64 1464875389 3760 49a8046c26e2b140470803a0a326ce95 installed
hunspell-ro-3.3.7-6.mga6.noarch 1454635898 2241310 35a817d1d513ff0db8eb6474e44b9fc6 installed
lib64udev-devel-236-4.mga7.x86_64 1515525474 10923 88f068366b6d9a8ab674a9f7827e8bd0 installed
lib64seccomp2-2.3.2-1.mga6.x86_64 1488782177 270760 54d425b8e310cc6c5024188f4320439e installed
gettext-base-0.19.8.1-1.mga6.x86_64 1465844977 3429413 d7a4e341a05dc64eef437d09f689a006 installed
hunspell-nl-2.10-6.mga6.noarch 1454950824 2461815 b81d6ae3969e8abd579a6d4bec3e1eea installed
lib64pixman1_0-0.34.0-1.mga6.x86_64 1455168541 686320 b0e547b9beac082293eae79413113f20 installed
lib64input10-1.9.4-1.mga7.x86_64 1513372646 239984 44634be05669a2851d4ff185f10cd036 installed
hunspell-mk-0.20051126.1-12.mga6.noarch 1454954602 2930537 0fc146a8deb1c75ec0dc2adcd5bff5df installed
lib64bsd-devel-0.8.3-1.mga6.x86_64 1462891016 359313 8faabfec602791259b9f980073fd11e9 installed
lib64ts1.0_0-1.1-3.mga6.x86_64 1457144139 144360 0ed1a5923b5487a31c0fa456b22d4d31 installed
perl-File-Slurp-9999.190.0-8.mga6.noarch 1466296652 49678 42e71e36674d265d5226ec06fc832615 installed
hunspell-ku-0.21-16.mga6.noarch 1454454580 113490 636b4958e4bb5dfa0878d551e1b64824 installed
lib64edit0-0:3.1-0.20150325.2.mga6.x86_64 1455209022 209146 902ddffe8357e7cb192b26ed87df5f47 installed
lib64drm_nouveau2-2.4.89-1.mga7.x86_64 1513579211 32424 068c0cce7c5f0f3b588dda7aa70a1d8b installed
lib64psl5-0.19.1-1.mga7.x86_64 1510404463 56648 a3ff68b9e3eb1f925132fecb99d61754 installed
hunspell-hy-0.20.0-11.mga6.noarch 1454691454 2127154 cafe839a11fe19363b052b04d0b3493c installed
lua-5.2.4-2.mga7.x86_64 1514902730 702508 f21705047dbd29e9dd78265d5bcc5936 installed
lib64mesaglu1-9.0.0-6.mga7.x86_64 1508031094 512216 293ea2ce1e143e94f4907b286d64be2f installed
unzip-6.0-17.mga6.x86_64 1483736915 742718 7e21140f375b3071a7fe52d93894f8ca installed
hunspell-gu-20061015-12.mga6.noarch 1454942796 3793302 5a1ae0c468ff282aa83605cbc6b54432 installed
lib64xcb1-1.12-2.mga6.x86_64 1467524268 155944 64d0cd7dbc980f0e6f476e8d3490f3a0 installed
lib64alsa2-2:1.1.5-1.mga7.x86_64 1511464671 1204222 edd00448a8503960ad28a14df597b271 installed
lib64fuse2-2.9.7-3.mga7.x86_64 1507356443 288890 ba41c91371b56d98c26a542c3f1cd8c8 installed
hunspell-fa-0.20070116.1-14.mga6.noarch 1454695179 7388080 1dff2566a16c2c217fe453346bfacf0f installed
lib64xcomposite1-0.4.4-8.mga6.x86_64 1454592389 11120 55e4d1762bfa9c4304657b8f5812af8c installed
lib64xt6-1.1.5-2.mga6.x86_64 1455234118 425672 ffc7441d0cf61c76d4faf4787a580f26 installed
lib64qrencode3-3.4.4-5.mga6.x86_64 1455300365 596113 e033ebcca9ed6699d9cb09c6ae62d4d0 installed
hunspell-da-1.7.42-5.mga6.noarch 1454941341 1173318 69e4fdae316aafa4d2eab378a7703205 installed
lib64xcb-xkb1-1.12-2.mga6.x86_64 1467524268 114104 49d9fc2de1e4d58922d808a9fa9e1f87 installed
timezone-java-6:2017b-1.mga6.noarch 1490470545 371340 85dde70e0b9525369c3948c3720505ae installed
lib64tasn1_6-4.12-1.mga6.x86_64 1496851685 78056 7f0fa433dae2b4c5cc5bf19d658972f3 installed
hunspell-bg-4.3-11.mga6.noarch 1454721374 1699358 09308abcaf46c0648cd69f9bf8f925ba installed
lib64xcb-xinerama0-1.12-2.mga6.x86_64 1467524268 11168 7ce8e783c347bab87f221f904a1b3afd installed
lib64dbus-devel-1.10.16-1.mga6.x86_64 1487347310 119399 e59ab90af5d45767531e48a2ccee23aa installed
lib64npth0-1.5-1.mga6.x86_64 1497360148 42509 b39609b948f03386b1d1816386f245bb installed
hunspell-af-0.20080825.1-14.mga6.noarch 1454945098 1553547 337476de2cfb73677c25d4a7468c2c11 installed
lib64gstreamer-plugins-base1.0_0-1.12.4-1.mga7.x86_64 1513424046 2045736 8f88ee08832a1322c3e4db76e96f5dfa installed
lib64xext-devel-1:1.3.3-4.mga6.x86_64 1454941380 103851 0525ab863ea1b65759c370ff882b0cb7 installed
shadow-utils-2:4.4-1.mga6.x86_64 1485206773 3634550 e797c97b74292e1db3222c5b70d5b7ac installed
hunspell-quh-0.20110816.1-6.mga6.noarch 1454407126 1371021 e0f42e15205052db509fd6a178127459 installed
lib64boost_wserialization1.66.0-1.66.0-2.mga7.x86_64 1514554117 177474 cef2b6eb33957606a5baf741763a8c1f installed
lib64xcomposite-devel-0.4.4-8.mga6.x86_64 1454592389 8517 f4de73333de52ae2a59af97220eb4f1e installed
lib64readline7-7.0-1.mga7.x86_64 1508422595 355512 d9c3c6cf27b1db112c5d4543a9b96a05 installed
hunspell-hil-1:0.14-9.mga6.noarch 1454545130 226198 9bc33969dbed1962d52391524cc37521 installed
lib64xv1-1.0.11-1.mga6.x86_64 1475692087 19712 b350b77febc06b5870528840616a49ac installed
lib64webp-devel-0.6.0-1.mga7.x86_64 1500300476 94358 cc172a87f436bcda464a97b615d5abb0 installed
lib64readline6-6.3-9.mga6.x86_64 1455300768 335552 cae9f5784dce2c0aaf963cdf2cc8db4e installed
libgfortran4-7.2.2-20171221.1.mga7.x86_64 1514037038 3781026 a239b16f58096e7c327062510002acca installed
lib64xcb-xtest0-1.12-2.mga6.x86_64 1467524268 11160 74139b064b09eb9ea5bb3ac2cb115f1a installed
lib64jbig1-2.1-5.mga7.x86_64 1514918444 105400 bbdbf103babfb8279172c4ef0450ef45 installed
lib64idn11-1.33-3.mga7.x86_64 1507120831 252044 a45b7579a4e894f2a16888cbcc927a51 installed
lib64evdev-devel-1.5.7-1.mga6.x86_64 1494095075 91932 6d4d6493e037dc96f9b1172ad979c51e installed
qtbase5-common-5.9.3-2.mga7.x86_64 1514574976 1432677 ee13629bde83340717afc74b648db8dc installed
libsolv-tools-0.6.30-1.mga7.x86_64 1508936051 325239 09e8915937d87d677b3e0b497c86be86 installed
lib64avahi-client3-0.7-1.mga7.x86_64 1508051805 69992 aa9fa65a5a45e776bfb3d312778c644a installed
qtbase5-common-devel-5.9.3-2.mga7.x86_64 1514574976 6993073 76226b4424b21c03c4cf559b86b642b9 installed
lib64ssh2_1-1.8.0-1.mga7.x86_64 1502010569 386377 bb37d08ec39933cac916d52cd517515d installed
lib64lz4-devel-1.8.0-2.mga7.x86_64 1513017078 65046 6a35117ec90178455c6d9990f7d4a8bf installed
lib64qt5test5-5.9.3-2.mga7.x86_64 1514574976 227376 8bb414387bc20e5fabb5fcea91f1ab0e installed
lib64ldap2.4_2-2.4.45-3.mga7.x86_64 1501710364 746880 3a00240ec0d8856547d4a3fb9664a2c9 installed
lib64orc-devel-0.4.28-1.mga7.x86_64 1513427111 609317 10b7d43d0a9bbf9d006b20e620242fb6 installed
gstreamer1.0-plugins-base-1.12.4-1.mga7.x86_64 1513424046 2840303 9c80a67d86473092b9d6d6b6538b85b1 installed
diffutils-3.6-1.mga7.x86_64 1504104894 1299541 739aa3b578be7f489d27d21fbd635c87 installed
lib64boost_random1.66.0-1.66.0-2.mga7.x86_64 1514554117 29402 bcb07a14c0a51fbf514892f1d3b1d3cd installed
lib64qt5waylandcompositor5-5.9.3-1.mga7.x86_64 1514286251 1012224 094c9a189e65d359c678462d5077482e installed
pinentry-1.0.0-2.mga6.x86_64 1484665873 203345 5a8113e93ebfc16412c8f8bc44ab8c03 installed
mathjax-size1-fonts-2.7.2-1.mga7.noarch 1507989836 37760 fe63b304af705a7e86b1413e32d12c53 installed
lib64qt5xml5-5.9.3-2.mga7.x86_64 1514574976 251216 372fa3aaa37b0e914aaa15dc8562a445 installed
python3-setuptools-36.2.4-6.mga7.noarch 1506931547 1322120 b5c0baab1e39a17b81661f6c8327def6 installed
lib64openssl-devel-1.1.0g-1.mga7.x86_64 1509956404 5104535 c3135fe88e156f2b66812ad6afabfbd1 installed
lib64fontconfig-devel-2.12.6-1.mga7.x86_64 1506663524 888735 93f4230dd593693da3efc62cc37b22a9 installed
libstdc++-devel-7.2.2-20171207.1.mga7.x86_64 1512758114 11273882 84bddf6e61314ba85d27859ee903990e installed
locales-ber-2.22-5.mga6.x86_64 1464875389 2492295 0fd901227676070014169f0b836525c4 installed
lib64llvm-devel-5.0.1-1.mga7.x86_64 1514284401 28775188 425562b0d8e49fae4ab8db2a2cdcd9bf installed
python3-magic-5.32-1.mga7.noarch 1508361504 17965 7a9f7480e4554341712233dc1083c7b7 installed
locales-cy-2.22-5.mga6.x86_64 1464875389 1280250 d8a7a3b0b29cfeef54e7c3cc5cd0affa installed
lib64qt5network-devel-5.9.3-2.mga7.x86_64 1514574976 644071 d9f9a06e34865e33b1deb5fe772fba1b installed
lockdev-1.0.4-0.120111007git.12.mga6.x86_64 1455235590 8004 dc37189ee820fec85f88cd61aaa62966 installed
locales-eu-2.22-5.mga6.x86_64 1464875389 675226 bfe9104871d3a4b26e363df3056acc6a installed
lib64qt5sensors-devel-5.9.3-1.mga7.x86_64 1514285657 1066450 d931b67abf15e029e2499f34154e6d2a installed
locales-gl-2.22-5.mga6.x86_64 1464875389 1958549 057cde09d27dfbdd74dc3862debd600d installed
lib64qt5eglfsdeviceintegration-devel-5.9.3-2.mga7.x86_64 1514574976 37079 6e030618e6601aa27c47d8750374dcf3 installed
cronie-1.5.1-1.mga6.x86_64 1470931335 231559 cd522215a5ecc020324f320c6a76fca7 installed
locales-hsb-2.22-5.mga6.x86_64 1464875389 620311 00ad7a62f96288541935a367d8d19fb4 installed
libsecret-i18n-0.18.5-2.mga6.noarch 1497173869 76954 0a18a627e5ca592a5604ba9d56a7b574 installed
lib64qt5webkit-devel-5.212.0-1.alpha2.3.mga7.x86_64 1515145535 62535 bf4684ffc441b5e3d93d548dca4c9fe8 installed
python3-dnf-2.7.5-1.mga7.noarch 1508941590 1906196 05a10dd06a1ca6b0d014fb8b87145837 installed
locales-km-2.22-5.mga6.x86_64 1464875389 1509739 9b5ffb7e0f700480cb734d6ec231b51b installed
publicsuffix-list-dafsa-20171028-1.mga7.noarch 1510395140 54085 21863eeae5565b4690cb7bd1310ebbc3 installed
lib64boost_signals1.66.0-1.66.0-2.mga7.x86_64 1514554117 99338 41104032c703f345f942dc73ff18a5df installed
locales-mai-2.22-5.mga6.x86_64 1464875389 285275 3ac9141a35e0fa25390b96daa632d63a installed
dash-static-0.5.9-2.mga7.x86_64 1504379672 132963 fbc73310aa121964bf2bb247f394c8e4 installed
lib64qt5base5-devel-5.9.3-2.mga7.x86_64 1514574976 0 62716f6af70af37375cea3b747a1b2c3 installed
python3-enchant-1.6.10-1.mga7.noarch 1505460982 443571 970642693b22d9dff04eaa2745b0dec0 installed
locales-mt-2.22-5.mga6.x86_64 1464875389 1273357 dc4625844d7bfda9fceca052624f9d59 installed
setup-2.7.24-1.mga6.noarch 1472710689 702922 db4e26b38ea982361479a37bf17416f8 installed
lib64pam-devel-1.3.0-6.mga7.x86_64 1504615160 102093 848a92a57d87363e0b2f93e99880436c installed
rpm-build-1:4.14.0-5.mga7.x86_64 1511329840 275445 ba3af7da862c1eb9ab1d8f3d1c32c3b4 installed
locales-pa-2.22-5.mga6.x86_64 1464875389 567017 44a75d036f572cd1db494c5072aa3d04 installed
hunspell-vi-0.20080604.1-12.mga6.noarch 1454541462 45097 0be8b37fb3621c0da02324a2677aa26d installed
lib64boost_chrono1.66.0-1.66.0-2.mga7.x86_64 1514554117 33386 b54fc3976fe19ee4361be376da341aa8 installed
locales-shs-2.22-5.mga6.x86_64 1464875389 1248142 e4d37293c7f16ad7331f0f9e51eb45d7 installed
lib64gcrypt20-1.8.1-1.mga7.x86_64 1509527223 1274794 e60d87ae7111acd871d2d8641dbd0f87 installed
hunspell-tk-1:0.02-6.mga6.noarch 1454635370 101832 c99b4550d2878b7d307befd67772bfbc installed
lib64fontconfig1-2.12.6-1.mga7.x86_64 1506663524 285080 0fdc73c0b4f28ceee76ba649dd0e587c installed
locales-st-2.22-5.mga6.x86_64 1464875389 7346 8ddb598ee58dc9f669d2c5338008f9bf installed
lib64mpfr4-0:3.1.5-1.mga6.x86_64 1477500592 406256 8f8d63336796d9154e1e75c4ec8a2454 installed
hunspell-sr-0.20100920.1-12.mga6.noarch 1454334281 5808593 5af42f47882781a7cd193d4d8ac1dd9e installed
lib64glib2.0_0-2.54.3-1.mga7.x86_64 1515447294 1523882 02e242c15498118ea2cfa84842ceee10 installed
locales-tn-2.22-5.mga6.x86_64 1464875389 3761 03d1898f276d2ac51f6aaece0ba54fdf installed
file-5.32-1.mga7.x86_64 1508361504 5993468 09f38e2e5fbbc39f6abe9431f4232f1c installed
hunspell-sc-0.20081101.1-13.mga6.noarch 1454686461 1357038 7e215297b4eb3dd78fb3f8523298e5ba installed
lib64gudev1.0_0-232-1.mga7.x86_64 1505418640 40944 5d821cb8dfe03ed99c31fb4381ae89f2 installed
locales-xh-2.22-5.mga6.x86_64 1464875389 7656 d452da199ccc65b39da624514761f124 installed
lib64nettle6-1:3.3-1.mga6.x86_64 1475498006 1003216 5758d37931b2ecb7a99f217beb29abe0 installed
hunspell-oc-0.5-12.mga6.noarch 1454894261 684243 35c7c8464723a84c14485f8c38a814f1 installed
lib64ice6-1.0.9-5.mga6.x86_64 1488374619 104608 0a4597414c48f894d5a7f670aed0444c installed
systemd-units-236-4.mga7.x86_64 1515525474 491505 e0b7bd4a4585c787ddaeab668ac41da9 installed
p11-kit-0.23.2-2.mga6.x86_64 1463186562 62480 ba7e0e93102dfaaaad6456c7d5070d7d installed
hunspell-mr-20060920-15.mga6.noarch 1454718023 325119 4cfddcf214d189583bd222c922125639 installed
tcl-1:8.6.8-1.mga7.x86_64 1515338767 7837495 29e6cd6e36ad0bdf0b669fe0e19cf2fe installed
lib64sctp1-1.0.17-1.mga7.x86_64 1514810423 118050 7fbe665841f58f682b62b44c686d5b31 installed
pam_tcb-1.1-7.mga6.x86_64 1455304952 40132 ac50aab20b6267d8bb252a47f3f0a4b4 installed
hunspell-lt-1.2.1-15.mga6.noarch 1454598085 1371123 7958d7ecd74270f91c7dc1983e800533 installed
lib64mtdev-devel-1.1.5-5.mga6.x86_64 1454694758 14734 aa9e1213251762390263e959e17f93ab installed
lib64drm2-2.4.89-1.mga7.x86_64 1513579211 71072 9c9f815b8066f634e64cecb070748b9b installed
perl-List-MoreUtils-XS-0.426-1.mga7.x86_64 1507015898 159853 da3a44bfa3be71402407d8376531d7a7 installed
hunspell-it-2.4-0.6.20070901.10.mga6.noarch 1454895691 1445648 1091e5f8a74529638965a7e62fb39c91 installed
lib64pcre32_0-8.41-3.mga7.x86_64 1513263578 406512 66b76f7cdfd5851bea523b01aa06a8ad installed
lib64mesagl1-17.3.2-1.mga7.x86_64 1515543497 896272 da5e8bb9fd3fbe6bd6856f34254a0023 installed
lib64croco0.6_3-0.6.12-2.mga6.x86_64 1492961795 577875 14a4a369a5078b106b31e19d9b782636 installed
hunspell-hi-20050726-16.mga6.noarch 1454895495 325771 bf01e1ba288936aa19c1a99126d12285 installed
lib64datrie1-0.2.10-1.mga6.x86_64 1451796432 32760 fcaa2e0e7534895f087da71b914218d5 installed
lib64drm-devel-2.4.89-1.mga7.x86_64 1513579211 502879 27a0c0ac4e5ff86dbfa3f51d1d2f24b0 installed
perl-File-Sync-0.110.0-22.mga7.x86_64 1506979134 18634 7bf1194e5fab1e247316ff2e248c0472 installed
hunspell-fur-0.20050912.1-14.mga6.noarch 1454636106 423414 c9fc80439d82f78937ffc26ca098c678 installed
lib64xcb-render0-1.12-2.mga6.x86_64 1467524268 52376 3a02fd465d0efb689524737eb419c706 installed
mkfontdir-1.0.7-8.mga6.noarch 1455933457 65 d938b043e9f1c85433180c3b5ee00a42 installed
lib64smartcols1-2.30.1-2.mga7.x86_64 1505645837 185328 7a07a21832fbfb67b7fe7e4bced85bb0 installed
hunspell-en-0.20140811.1-3.mga7.noarch 1505619846 5367197 cea829b6b125e85e9d3fb5805bd0a2fc installed
lib64xcb-xfixes0-1.12-2.mga6.x86_64 1467524268 31648 c8fabb9f71be4a625dc9f39d2f92fdfe installed
x11-font-xfree86-type1-1.0.4-6.mga6.noarch 1454087232 56168 d9c19c68cc2a02beb2cb823de5b3830c installed
ifplugd-0.28-20.mga6.x86_64 1455504116 114560 0853a7561355f4d848a3e83ae7570c4f installed
hunspell-ca-2.3-4.mga6.noarch 1454592021 1315717 390fa31416f9859437cf04fd92c3996b installed
lib64xlib-gir2.0-1.54.1-1.mga7.x86_64 1506948404 836 ee328f0134663b626734ac04f273948c installed
java-1.8.0-openjdk-headless-1:1.8.0.151-1.b12.1.mga7.x86_64 1513693070 107479424 68c2476e9c2a6aa12fb36040a11c16de installed
lib64lockdev1-1.0.4-0.120111007git.12.mga6.x86_64 1455235590 29727 e89ab7fb01128f798fb70d2086235765 installed
hunspell-as-1.0.3-13.mga6.noarch 1454549819 402685 e7bad32a1e88fe16f1763a8aadd46022 installed
lib64unwind8-1.2-1.mga6.x86_64 1496851451 130517 77fadd62bccc9e45d5461dc1bc5f8d6b installed
lib64unwind-coredump0-1.2-1.mga6.x86_64 1496851451 14848 ed04ba057894ef35e4464f32ebb75596 installed
libstdc++6-7.2.2-20171207.1.mga7.x86_64 1512758114 3139704 8ac64e8914e9e7c9e1b2c0f784571780 installed
hunspell-tpi-0.07-5.mga6.noarch 1454691422 122291 e8c68f775bdc60f63ce6f5389ade67fc installed
lib64boost_context1.66.0-1.66.0-2.mga7.x86_64 1514554117 12554 2bc8ced8908868faf4c0a1252f851c5b installed
lib64xdamage-devel-1.1.4-8.mga6.x86_64 1454942656 2563 20db1c28ab6333a79aa9536de83b23ba installed
gawk-4.2.0-1.mga7.x86_64 1509109269 2418923 4cb40da7380f5a86769ca2bbce28e3ef installed
hunspell-ln-0.02-10.mga6.noarch 1454892365 88585 eb944139e34a19eedce35e5312d208c6 installed
lib64tk8.6-1:8.6.8-1.mga7.x86_64 1515341093 1436120 154b81c17988df04630d4963240f9b1e installed
lib64xcb-util-renderutil-devel-0.3.9-4.mga6.x86_64 1454946702 61739 fbf48718970a220d1cf8f1d28de1dd84 installed
hunspell-cop-0.3-8.mga6.noarch 1454579451 190135 f4ac61261665366753fca37005948c71 installed
lib64xcb-res0-1.12-2.mga6.x86_64 1467524268 15296 5dc4d62096ae16e94af22112028f12d4 installed
lib64cap-ng-devel-0.7.8-2.mga7.x86_64 1501938029 15678 2154219d2ecdd013581538d1fd548592 installed
lib64rpm8-1:4.14.0-5.mga7.x86_64 1511329840 678408 5d6ca632d8aaa579d9386aee3cd1976c installed
graphite2-1.3.10-1.mga6.x86_64 1495520500 60261 f7944c6a7eee967d8ad2e587e9d9023c installed
lib64icu59-1:59.1-5.mga7.x86_64 1514477185 4607600 ace9ed9d4ddd9b6eba25e45d9f45d89f installed
less-487-2.mga7.x86_64 1504717854 567098 5ceb9ab91539d32fbe5cde8d47d16199 installed
lib64freetds0-0.95.87-2.mga7.x86_64 1514906443 1638180 98ceb8b80c197ab386dc73e91bf78929 installed
lib64qt5dbus5-5.9.3-2.mga7.x86_64 1514574976 565928 c01307dc4d9c5fee0898c780869f0dab installed
rpm-plugin-syslog-1:4.14.0-5.mga7.x86_64 1511329840 11312 fc73a2f359c73d0c0b8225192947cb6e installed
lib64boost_wave1.66.0-1.66.0-2.mga7.x86_64 1514554117 1167410 106fff302f766f2f910fab03cda5f57d installed
lib64qt5quick5-5.9.3-2.mga7.x86_64 1515073088 4529728 c90b19d359f0aac2b54232ffdee503af installed
glibc-devel-6:2.22-25.mga6.x86_64 1498315217 5916724 cddf157a708bf29d0ab1c543c17f32d3 installed
lib64webpdemux2-0.6.0-1.mga7.x86_64 1500300476 19672 b7879d8d3fdeaae101dc0789a8b7ba69 installed
lib64qt5webchannel5-5.9.3-1.mga7.x86_64 1514285872 125536 cd75bb2d5e6a3dd5a7eb3247a45bd35b installed
etcskel-1.63-34.mga6.noarch 1455896840 4609 c0908ca80e979be1bd0c6405f7ca011b installed
lib64boost_type_erasure1.66.0-1.66.0-2.mga7.x86_64 1514554117 66514 84eae12ebaf0d080c5ab6b7fe6f691c5 installed
lib64qt5-database-plugin-odbc-5.9.3-2.mga7.x86_64 1514574976 101480 8d1f1fe08f0a98633e577b9113e06b06 installed
automake-1.15.1-1.mga7.noarch 1508027706 2468865 30a780734e4131151d373d02a0de4897 installed
mathjax-math-fonts-2.7.2-1.mga7.noarch 1507989836 356055 a96e041ecb8601da67e2af36912055f3 installed
lib64qt5svg5-5.9.3-1.mga7.x86_64 1514277537 419288 29694627ef006a9e742f70df548565fd installed
ncurses-6.0-9.mga7.x86_64 1505003952 444566 e3b55cbd8a11be84f0f86466a577393d installed
mathjax-vector-fonts-2.7.2-1.mga7.noarch 1507989836 8498 d5652efb84942df2e4e6e49dd29775bd installed
lib64sqlite3-devel-3.21.0-2.mga7.x86_64 1514553896 541552 75aa3d447e72c2af1d5243330efc53b0 installed
locales-ast-2.22-5.mga6.x86_64 1464875389 1727556 77fcb1dd914ce51abc2318f3a7ffe14d installed
lib64xft-devel-2.3.2-4.mga6.x86_64 1454603487 23381 7c7bb25c88ce52fa5f93277e70d60374 installed
isl-0.16.1-1.mga6.x86_64 1453661691 16646 230e57f36d6703f4a7652e76c6f77070 installed
locales-cs-2.22-5.mga6.x86_64 1464875389 141276 3fa6a97b24991a0f0403f9c852852db0 installed
clang-tools-extra-5.0.1-3.mga7.x86_64 1514288452 1402696 b3713f10ed5ecc175d0c44cf95414845 installed
python-2.7.14-1.mga7.x86_64 1512514289 273357 236e33921e046b12e4b413e498ee47e9 installed
locales-eo-2.22-5.mga6.x86_64 1464875389 1786991 644dc919f2d23a9a922f43df8afdb359 installed
lib64gstreamer1.0-devel-1.12.4-2.mga7.x86_64 1513422409 17684926 aad48232b8571e2171824d41a83dbe40 installed
rpm-helper-0.24.17-4.mga6.noarch 1455897261 42353 55e8ce673ce10a1585e768e0f94b2960 installed
locales-fy-2.22-5.mga6.x86_64 1464875389 6859 aee2b901c578a3775b5c54c7952f7195 installed
lib64qt5xml-devel-5.9.3-2.mga7.x86_64 1514574976 58990 2721f208f21fa5683a30436324b34635 installed
dmsetup-1.02.137-1.mga6.x86_64 1480623493 267886 a0d3db0de172868d7943470ab89f79cf installed
locales-hr-2.22-5.mga6.x86_64 1464875389 135715 e579bbf46ce09a951d669b9cb605b7fd installed
gnupg2-2.1.22-1.mga7.x86_64 1501340546 10909784 4c7d1074c88244f7fb7964cbdca53b0e installed
python-rpm-macros-3-5.mga7.noarch 1502797638 3278 aadb3c7bcfb7a2cf6da62300e6f8cf13 installed
lib64qt5opengl-devel-5.9.3-2.mga7.x86_64 1514574976 3521597 cf227a42d1d277ab9ea024bdc3cdb7da installed
locales-hy-2.22-5.mga6.x86_64 1464875389 264816 66996d160b6f55ec7493e925a44ec145 installed
lib64dnf1-0.11.1-1.mga7.x86_64 1508939546 312089 74fc5af1402c32355f8ff007ca5b6672 installed
mageia-dnf-conf-1.0-1.mga6.noarch 1461537916 29 ebe7ee8039a6b5ed2a8f4cd1ee1cf046 installed
locales-kk-2.22-5.mga6.x86_64 1464875389 1509742 d3347bc72901a5826d05c6d601a85c85 installed
dnf-2.7.5-1.mga7.noarch 1508941590 1388586 2de15a0b277cc5f5c063af1bbd98f705 installed
icu58-data-1:58.2-3.mga6.noarch 1492654220 26213232 19877e7ed47da4560e4a88dd869cd1d7 installed
locales-ku-2.22-5.mga6.x86_64 1464875389 1727195 9cc7aa8835b2aa497c11278deed86c0e installed
gdb-headless-8.0.1-3.mga7.x86_64 1509348159 7317567 11a0328a344944a7c180a4afa5a6a5bb installed
mageia-repos-keys-7-0.0.1.mga6.noarch 1500235408 1666 2e54f5ee602a430a0265583fd3ffb1ab installed
locales-lv-2.22-5.mga6.x86_64 1464875389 133619 a9fc8374e9c3b9957dbed3b443a44645 installed
lib64sigc++2.0_0-2.10.0-1.mga6.x86_64 1474720461 81145 0500f98a5ae39bb306871ace10825cea installed
popt-data-1:1.16-13.mga6.noarch 1456060419 60192 e2f0bbc20efb9468c20917ebbcaed90f installed
locales-mk-2.22-5.mga6.x86_64 1464875389 7242 bc5547243afd63e5348b56d4daeda593 installed
lib64voikko1-4.1.1-2.mga7.x86_64 1501938601 292713 16162bc0581b0108ff5709bd70807994 installed
cmake-rpm-macros-1:3.10.0-0.rc4.1.mga7.x86_64 1509605757 4534 026196bfd43cd34bd12f6e204ff6bcd3 installed
locales-ms-2.22-5.mga6.x86_64 1464875389 7350 1cf322a22cd4923d1510f40bdb101196 installed
rpmlint-1.10-2.mga7.noarch 1510496455 1092356 212919633866d89156853b2105edb8ee installed
run-parts-1:4.4-7.mga6.x86_64 1455301833 93729 a8d8c564e895e3049e0aee4d6b372cba installed
locales-nl-2.22-5.mga6.x86_64 1464875389 20750 2ec602870678211b0a942333b4d43c3a installed
gettext-0.19.8.1-1.mga6.x86_64 1465844977 1641775 7c49cef108a7217368dea80af0ff694c installed
glibc-6:2.22-25.mga6.x86_64 1498315217 27406343 5cc7d675da0fb0b95653a88e3a665f9e installed
locales-or-2.22-5.mga6.x86_64 1464875389 306172 586a2e610acc2479719abe02a7d30979 installed
basesystem-minimal-1:7-0.1.mga7.x86_64 1502718147 0 b9a2c7b5c934c182ce4bd681b8a73e6a installed
lib64lzma5-5.2.3-2.mga7.x86_64 1504715941 238006 222cbd13b43f8f0078d64e8a6c11231a installed
locales-ro-2.22-5.mga6.x86_64 1464875389 1786837 34135c131ec65b6cb6c72e6f0ba837a6 installed
x11-proto-devel-7.7-29.mga7.noarch 1504986839 2169107 157bcb85506da44f759547eca36da7f1 installed
lib64gmp10-6.1.2-1.mga6.x86_64 1483268708 539455 9c652b4ddba2c84141c88e2ef5d2ab79 installed
locales-se-2.22-5.mga6.x86_64 1464875389 1247832 2002ab55ed19242fcb0e739e9b587ef8 installed
lib64udev1-236-4.mga7.x86_64 1515525474 124032 b9e2fa614250a45a8c7292b88c353172 installed
lib64gpg-error0-1.27-1.mga7.x86_64 1509489084 83440 607c29b7c519192dde5610695162b052 installed
locales-sl-2.22-5.mga6.x86_64 1464875389 133161 9bc7ae2ded4e25f7a49d681b6227ce2f installed
lib64jpeg8-1:1.5.3-1.mga7.x86_64 1514318897 700337 8f81971d2cad0ff5c0d3b96aef3cbc99 installed
lib64expat1-2.2.5-1.mga7.x86_64 1509563979 206424 3a771e6bf3b4998893f165c4b8219304 installed
locales-ss-2.22-5.mga6.x86_64 1464875389 3738 a641793e0108be059d896a95add047bb installed
fontconfig-2.12.6-1.mga7.x86_64 1506663524 359010 a2a22d1d6e3f8633ab00dbd67dad5495 installed
locales-ta-2.22-5.mga6.x86_64 1464875389 285644 24884b92c6571ceb2667e561620aace7 installed
lib64mtdev1-1.1.5-5.mga6.x86_64 1454694758 23640 e4d7755faa343f405f1eb2d5b4b8d49c installed
lib64idn2_0-2.0.4-1.mga7.x86_64 1507729794 144319 f4d2fc48a6c2808a4772d3c3ffe0055f installed
locales-tl-2.22-5.mga6.x86_64 1464875389 2518558 4048bc39f5457fccf310a899469fcd44 installed
lib64gio2.0_0-2.54.3-1.mga7.x86_64 1515447294 1696216 a193e2eaf15b9fe5c1a46fe93495586c installed
lib64magic1-5.32-1.mga7.x86_64 1508361504 149880 ce7004ce05fccc2529ccf48f1dc9377f installed
locales-ur-2.22-5.mga6.x86_64 1464875389 285774 33e46173c471d072bbed5dc25a62fa87 installed
lib64glapi0-17.3.2-1.mga7.x86_64 1515543497 204112 0f8b7fbb7f85d918d18a4e54ab51776f installed
coreutils-8.28-1.mga7.x86_64 1505152406 14438756 941ad53c2f154c4b4a845942f8aa8c76 installed
locales-wa-2.22-5.mga6.x86_64 1464875389 763726 14a475bf82e4ba58aad64ea631b80197 installed
lib64bz2-devel-1.0.6-11.mga7.x86_64 1515081866 376532 cb4873166867c89abcaa04d087ac1d59 installed
lib64sigsegv2-2.10-7.mga6.x86_64 1455214956 68787 f7bcb407d23e09f9fff70d01b1c81c1f installed
mageia-release-Default-7-0.4.mga7.x86_64 1515337584 819 65d2e3a3c13e9485997afb42c0608ab6 installed
lib64boost_filesystem1.66.0-1.66.0-2.mga7.x86_64 1514554117 96234 483ae2b6bf90981f13d1ab822ff0ba1a installed
lib64tcb0-1.1-7.mga6.x86_64 1455304952 25160 3a33ecf358decda0ce4d75a815343093 installed
lib64ip4tc0-1.6.1-3.mga7.x86_64 1514846438 32872 d91966a8d88534296fd3c5d38713fd57 installed
lib64sm6-1.2.2-6.mga6.x86_64 1455214956 31840 2249e546830ffdc62c53894fac244edc installed
lib64p11-kit0-0.23.2-2.mga6.x86_64 1463186562 422254 5e5097ce2f8d213c38c02914bb9d0fee installed
lib64wacom2-1:0.26-1.mga7.x86_64 1504864181 52872 72f0838abe6d9bd756048a8343cd4f10 installed
lib64boost_date_time1.66.0-1.66.0-2.mga7.x86_64 1514554117 70570 ecddaf36de991c820bbb96a408391315 installed
hostname-3.18-1.mga6.x86_64 1470925066 37619 9d85525953b414224933f7ad6bd610fe installed
lib64edit-devel-0:3.1-0.20150325.2.mga6.x86_64 1455209022 42522 5db69815e83e8adde703fd22510aaad6 installed
lib64vorbis0-1.3.5-3.mga7.x86_64 1515659742 186103 6f7cd702b1d47e39f1aa2fcb81aad5c8 installed
lib64pam_userpass1-1.0.2-13.mga7.x86_64 1504202208 15371 057512d30bb082bf04c43a61aaa9a2e7 installed
lib64mariadb3-10.2.12-1.mga7.x86_64 1515223705 326848 5f83c035e54ee143046a5c052015d30d installed
lib64systemd0-236-4.mga7.x86_64 1515525474 524544 f032fc5fc61ba0382cc749cc9323b6b6 installed
nikto-2.1.5-9.mga6.noarch 1454893526 2066530 6abb058ba24b5da3a05fff5e1b9b5922 installed
libdrm-common-2.4.89-1.mga7.x86_64 1513579211 6475 b4e2825eab8e9a63ed03d526879d262c installed
lib64wayland-cursor0-1.14.0-2.mga7.x86_64 1514506555 32296 8e35a086bf75c3ed3609b28bd9cfc1fc installed
perl-List-MoreUtils-0.426.0-1.mga7.noarch 1507899489 110142 d1f637c095444c4eee5aa9018ba73e54 installed
lib64drm_amdgpu1-2.4.89-1.mga7.x86_64 1513579211 40760 47ef5e124ef221e64c29323516cfb30b installed
lib64ncurses-devel-6.0-20171223.2.mga7.x86_64 1515311877 13062733 ceb858688aa0bdd15334f8d25a4c26a9 installed
lib64devmapper-event1.02-1.02.137-1.mga6.x86_64 1480623493 28136 544d3e8ed328bd76f7d32b6c813c25f6 installed
lib64dri-drivers-17.3.2-1.mga7.x86_64 1515543497 25679592 7e31c059c1f41b8cb8d87bad3f7ead7d installed
lib64pcre16_0-8.41-3.mga7.x86_64 1513263578 426968 2db3623137352da581b94629fb035c74 installed
lib64babeltrace1-1.5.3-3.mga7.x86_64 1512031857 563091 8074cd96f4d92d6393c6be41873cd74d installed
lib64cairo-gir1.0-1.54.1-1.mga7.x86_64 1506948404 14168 7123dc301faf24fd7170d693a1f134f9 installed
lib64uuid-devel-2.30.1-2.mga7.x86_64 1505645837 117120 f1ad6a7eb3c4628b4b1c94283d1061e4 installed
dwz-0.12-2.mga6.x86_64 1455174740 225249 98b6fdf928f9a85196a3bd897b783894 installed
lib64kms1-2.4.89-1.mga7.x86_64 1513579211 15664 3ba07ec28451b7f139ff40aedcf96644 installed
lib64graphite2_3-1.3.10-1.mga6.x86_64 1495520500 184624 929c2ad9ed22e37535e6136261ecba2e installed
perl-YAML-1.240.0-1.mga7.noarch 1509467431 190910 1ef825c76351089de0a3e3d89ff49fa3 installed
lib64wayland-egl1-17.3.2-1.mga7.x86_64 1515543497 6848 31c6c08756682db3ea28c8765ea7c822 installed
lib64xext6-1:1.3.3-4.mga6.x86_64 1454941380 200671 b2347184adbf8deb1c3ea85ccd13df54 installed
lib64pcreposix1-8.40-2.mga6.x86_64 1488122186 11216 12de9bea1ac9a98f44f62b9c03745563 installed
mkfontscale-1.1.2-3.mga6.x86_64 1455237935 34940 b4c3aa4f36ca106f66e8d40059a40875 installed
lib64xcb-sync1-1.12-2.mga6.x86_64 1467524268 27648 90e208b2c580011164a87de96cf5a4d2 installed
ifmetric-0.3-17.mga6.x86_64 1455503911 16448 e979cd8efa3ae96ede6b157433f79a31 installed
x11-font-isas-misc-1.0.3-6.mga6.noarch 1454895508 946438 c47a0e17c08e99b4dde8eab51b9587ab installed
lib64xcb-dri2_0-1.12-2.mga6.x86_64 1467524268 19384 3dc09d212203d026c69b43498427d53a installed
x11-font-bitstream-type1-1.0.3-6.mga6.noarch 1454603411 444765 c9db248a5e4338f2e65b5b8e9373be6d installed
lib64xxf86vm1-1.1.4-2.mga6.x86_64 1455234436 23608 6c85c8fa156beb9b04a10c9cf2fad06b installed
lib64daemon0-0.14-10.mga6.x86_64 1455208973 28088 571ae182431fb1dcf4e96a6294323b2f installed
lib64thai0-0.1.27-1.mga7.x86_64 1515251656 195411 01d12308c0c1668c4f463d01abd5e486 installed
lib64xcb-util-renderutil0-0.3.9-4.mga6.x86_64 1454946702 38038 542999d4f5ebcd67658fc07cffb0d250 installed
lib64ltdl7-2.4.6-6.mga7.x86_64 1505148014 41981 56ddbba77f87198ec6ac197bf63b9c2c installed
javapackages-tools-5.0.0-3.mga7.noarch 1504283557 72015 9ded3c0003fdb444a3e40f429c926ad4 installed
lib64xcb-randr0-1.12-2.mga6.x86_64 1467524268 60576 281ae0021260b2de1f0bd3289cdd5fe3 installed
lib64microhttpd12-0.9.58-1.mga7.x86_64 1512749475 244432 fb29a9a007ba25925217af2c117aca67 installed
lib64gcrypt-devel-1.8.1-1.mga7.x86_64 1509527223 607080 c95033c19c26ef0d2d695404e0495805 installed
lib64xcb-util-keysyms1-0.4.0-3.mga6.x86_64 1454921969 11136 bfde06e848d8a54326ceb7a795bf768a installed
lib64verto1-0.2.6-7.mga7.x86_64 1505461537 23060 08bfbafe8dd213969c81b511aeda5868 installed
lib64opus0-1.1.5-1.mga6.x86_64 1495992702 341895 879e3d79fac612edb651e371ff82b70b installed
lib64gstreamer1.0_0-1.12.4-2.mga7.x86_64 1513422409 2455672 7381250c96ebd1220eb85e89ffa33546 installed
crontabs-1.10-22.mga6.noarch 1455896779 677 cc30a7963a2bdc8c2a7e26bb3b2a6ff0 installed
lib64xcb-devel-1.12-2.mga6.x86_64 1467524268 2798315 b88ef0d0f46995cdb6b6de5d5a701f0b installed
lib64hyphen0-2.8.8-6.mga6.x86_64 1455502000 48578 7a902099570ca16a0550c8584338be0e installed
bash-4.4-12.1.mga7.x86_64 1508531107 4984928 fdbe0cce500dc4c53948148397f483ab installed
lib64xrender-devel-0.9.10-1.mga6.x86_64 1475692200 30268 54e9c6d3507a9a03d9dd185be2bd4e97 installed
lib64boost_atomic1.66.0-1.66.0-2.mga7.x86_64 1514554117 8098 1501d4070799df5d7ba71e5e7dd14899 installed
lib64blkid1-2.30.1-2.mga7.x86_64 1505645837 290856 6de152caae4cfd8956ae63570054f9ef installed
lib64mesagl1-devel-17.3.2-1.mga7.x86_64 1515543497 1609727 95b51cf63ae0c0cb5a3be00a459e2042 installed
lib64gstreamer-plugins-base-gir1.0-1.12.4-1.mga7.x86_64 1513424046 275200 7941f040ad625ce366f6909351a3d2a2 installed
e2fsprogs-1.43.6-1.mga7.x86_64 1504972815 4442955 4038ce9a30c1cf311d1540f81c65307d installed
lib64xcb-util-keysyms-devel-0.4.0-3.mga6.x86_64 1454921969 22951 23c3e8108650639e1276d774fdf117c1 installed
tk-1:8.6.8-1.mga7.x86_64 1515341093 2463130 dba74ac32d179be3203c39b9b2682172 installed
mageia-release-common-7-0.1.mga6.x86_64 1500235159 135655 aa5ca8911e13086e70773b5e16250125 installed
lib64xcb-util-image-devel-0.4.0-2.mga6.x86_64 1454597440 68975 0f3ec934c0b3165993c8dfe2a8b18f83 installed
lib64xcb-damage0-1.12-2.mga6.x86_64 1467524268 11176 736f6a97fd987a19f2414e3bbac1ab5f installed
lib64user1-0.62-9.mga7.x86_64 1502188099 120912 7776edd4c00896a9b8dbdb8f683f7680 installed
lib64jpeg-devel-1:1.5.3-1.mga7.x86_64 1514318897 165125 1bbfff9d6e5f2229a1ff6fa92e3fd54e installed
lib64xcb-screensaver0-1.12-2.mga6.x86_64 1467524268 15320 289b07f40c52bb238459a23147aaa417 installed
lib64openssl1.1-1.1.0g-1.mga7.x86_64 1509956404 3419099 e011485df1e6fb171f6463e33e80f90a installed
java-1.8.0-openjdk-1:1.8.0.151-1.b12.1.mga7.x86_64 1513693070 504493 fb4345d89eb17a7a0189e42851e274eb installed
lib64xcb-xvmc0-1.12-2.mga6.x86_64 1467524268 15272 5a94e309a3ba335f0e07b2d2605ff73b installed
kbd-2.0.3-1.mga6.x86_64 1451607906 3354235 d5adad64f340f3a9fb266596715af861 installed
icu59-data-1:59.1-5.mga7.noarch 1514477184 26290848 47c4f20ceb6ff1c522e9172d20403313 installed
lib64graphite2-devel-1.3.10-1.mga6.x86_64 1495520500 48710 b57a70542309b93551bcf3494b263449 installed
binutils-1:2.29.1-6.mga7.x86_64 1512363210 27083694 c91a31dd2aca8038e99ca9bc75f3cf45 installed
lib64boost_regex1.66.0-1.66.0-2.mga7.x86_64 1514554117 1087178 8d8fba42e29ccb01ada76ef50b594366 installed
lib64blkid-devel-2.30.1-2.mga7.x86_64 1505645837 17167 475bd1fbcb0a805d084943ba3bb17fe4 installed
lib64gc1-7.4.2-8.mga6.x86_64 1496600903 204901 9de5e7bd7af147f6fa3639a0f656c9c7 installed
lib64qt5network5-5.9.3-2.mga7.x86_64 1514574976 1613352 2f6e9ca4dfae046920e3292e96b5aca8 installed
lua-posix-33.3.1-2.mga6.x86_64 1453898075 1163491 2413a34e6feb159aa522ee5eba10d741 installed
iproute2-4.14.1-1.mga7.x86_64 1511705858 1773628 d6d988d4dc03a108447f0b0b92a69378 installed
lib64qt5gui5-5.9.3-2.mga7.x86_64 1514574976 7514173 85be093de11bc68f80b3ef5452d31638 installed
lib64pcre-devel-8.41-3.mga7.x86_64 1513263578 1283696 43089b002417b87f62a1d900a2bebceb installed
rmt-0.4b46-3.mga7.x86_64 1504971673 41251 26cd87f6607db32280f401f52d8de7f5 installed
lib64qt5widgets5-5.9.3-2.mga7.x86_64 1514574976 6588520 09090ca8e2e5f41b3360e81ab2ca1f56 installed
lib64pixman-devel-0.34.0-1.mga6.x86_64 1455168541 50451 167772e74e7a2887e13c81c63b3ba5d6 installed
lib64krb53-1.15.2-1.mga7.x86_64 1507983314 2115144 dd5f8bfa2de2dfe595f1ba6f96c9dbbd installed
qtxmlpatterns5-xmlpatterns-5.9.3-1.mga7.x86_64 1514277783 63488 5063c68983af9d890f0766400e4e1cae installed
lib64boost_unit_test_framework1.66.0-1.66.0-2.mga7.x86_64 1514554117 785338 62206f5a9e03caf873f320e137ed3606 installed
makedev-4.4-21.mga6.noarch 1455897082 285810 3166dff6169a210b4c2ec1685fc6daba installed
lib64qt5sensors5-5.9.3-1.mga7.x86_64 1514285657 804900 93153206e3d717a217b8743d7e0b9882 installed
lib64webpmux3-0.6.0-1.mga7.x86_64 1500300476 40928 492feb6ac7e6f59dc4621e9c6425c07f installed
libtool-base-2.4.6-6.mga7.x86_64 1505148014 1929518 3f0ec4897f284f2d343912e015c85482 installed
lib64qt5webkitwidgets5-5.212.0-1.alpha2.3.mga7.x86_64 1515145535 307304 49f17830e5993dbe449c7809438616a4 installed
lib64fontconfig-gir2.0-1.54.1-1.mga7.x86_64 1506948404 348 61c6c0c46ef36f08e324347165cb5f58 installed
timezone-6:2017b-1.mga6.x86_64 1490470548 1344702 7c86443e3e0a8c3a5d79e6584702c85f installed
lib64qt5-database-plugin-mysql-5.9.3-2.mga7.x86_64 1514574976 80632 222ef4799808d7fb9f63ad405c2959d2 installed
lib64freetype-gir2.0-1.54.1-1.mga7.x86_64 1506948404 420 b8c660a773141eae6d70a71b727ca536 installed
autoconf-1:2.69-9.mga7.noarch 1504534326 2211216 b4920951dd3dbd18137ca445d7701217 installed
lib64qt5-database-plugin-tds-5.9.3-2.mga7.x86_64 1514574976 63760 7e96743bea902070723031dd1ba26927 installed
mathjax-caligraphic-fonts-2.7.2-1.mga7.noarch 1507989836 100299 4aae91d0b2354163dce71b0e80577193 installed
lib64secret1_0-0.18.5-2.mga6.x86_64 1497173859 336248 1d434189d1655503ca0bf257234553be installed
qtdeclarative5-5.9.3-2.mga7.x86_64 1515073088 3712450 940bee3f42c2c4b7babcc8ff61c820de installed
mathjax-sansserif-fonts-2.7.2-1.mga7.noarch 1507989836 245736 441b5dd6c62e77d5f950d67094dee113 installed
vim-minimal-8.0.1283-1.mga7.x86_64 1510601040 882314 168132063b227774aa0b4f7775b808f9 installed
qtwayland5-5.9.3-1.mga7.x86_64 1514286251 1146047 fb220ea645aa7987f4440f9811ff5432 installed
mathjax-size3-fonts-2.7.2-1.mga7.noarch 1507989836 16836 c773293bf704a39270af77a422a9a969 installed
lib64icu58-1:58.2-3.mga6.x86_64 1492654214 4631400 48edc14f830842dd2850327ccd451049 installed
lib64boost_log1.66.0-1.66.0-2.mga7.x86_64 1514554117 1607122 c0ec635a779734ee4cf7bb25211721cb installed
mathjax-winchrome-fonts-2.7.2-1.mga7.noarch 1507989836 9070 4099943cd9488805773d2069bd1c8a09 installed
python3-pip-9.0.1-2.mga7.noarch 1501347836 9373485 3fcc885df78db794a07503bc4edd6ed6 installed
lib64python3.6-stdlib-3.6.2-4.mga7.x86_64 1514912703 30186459 95542d20e2b6c9f66884f09d7f2eab59 installed
locales-am-2.22-5.mga6.x86_64 1464875389 5379321 4e15ae550b4c3e9f856656c89d6e2e8d installed
lib64girepository1.0_1-1.54.1-1.mga7.x86_64 1506948404 217064 04cb5d7e5074c46ceb692c2d5891dee7 installed
lib64boost_numpy1.66.0-1.66.0-2.mga7.x86_64 1514554117 95266 a0ca749ba79ce81863c2aae9836b06a5 installed
locales-az-2.22-5.mga6.x86_64 1464875389 1495540 c955f6b8f14524b9c1b79a3268146395 installed
python2-pkg-resources-36.2.4-6.mga7.noarch 1506931547 924201 f31015f3ad5c48d77bce5a8336f789ac installed
lib64python3-devel-3.6.2-4.mga7.x86_64 1514912703 631406 126e849f20a98cccd666cf83c7096f17 installed
locales-bn-2.22-5.mga6.x86_64 1464875389 289828 4035afe6c1eccde614ebd0d87b0dd441 installed
gcc-7.2.2-20171207.1.mga7.x86_64 1512758114 51600838 75391872767acf203c55839791baf534 installed
clang-5.0.1-3.mga7.x86_64 1514288452 6892003 c608f323c74069ee9930c4fd79fe3c3e installed
locales-csb-2.22-5.mga6.x86_64 1464875389 1247410 0c91aa41e56e03276af2e3e63ae54f01 installed
python3-iniparse-0.4-15.mga7.noarch 1501797718 146627 192802484d68fc12b96da5bf59c16e83 installed
lib64glib2.0-devel-2.54.3-1.mga7.x86_64 1515447294 23095346 1ca8dca6166d7160039a8694466d8725 installed
locales-de-2.22-5.mga6.x86_64 1464875389 2055226 5a569010885802c2fac54de8e5417036 installed
lib64dbus1_3-1.10.16-1.mga6.x86_64 1487347310 333344 ea27da666355c11ea7dce763c90c78d5 installed
lib64qt5dbus-devel-5.9.3-2.mga7.x86_64 1514574976 234201 2dbcc70c3ddb044bc672b213815add84 installed
locales-es-2.22-5.mga6.x86_64 1464875389 3304495 f3da65c735cecde06b2580cfe5d5c845 installed
tcb-1.1-7.mga6.x86_64 1455304952 46677 b8b75a1c4262fecfa7ea4c29bbf70759 installed
lib64qt5webchannel-devel-5.9.3-1.mga7.x86_64 1514285872 53128 397e70a922fbad71718f770c2a9c3a56 installed
locales-fo-2.22-5.mga6.x86_64 1464875389 1786664 d9e35bc0b98abd8cca0612531aade48c installed
util-linux-2.30.1-2.mga7.x86_64 1505645837 11304700 9f901e2a1aeab5f877e097b96245b887 installed
lib64qt5sql-devel-5.9.3-2.mga7.x86_64 1514574976 100118 4032a844d55af4ebb03a72faed780729 installed
locales-ga-2.22-5.mga6.x86_64 1464875389 11438 c47305c43ce73ccd9cdcfeead9711598 installed
net-tools-2.0-0.20150915git.4.mga6.x86_64 1481358697 934275 d76b6f6826c41aef91398e42bfe28f1b installed
lib64wacom-devel-1:0.26-1.mga7.x86_64 1504864181 19770 7884bdf87654e86ff8f2e81456a76eb0 installed
locales-gv-2.22-5.mga6.x86_64 1464875389 8106 206fb154febe12d8e45d77b5f31af903 installed
python3-rpm-1:4.14.0-5.mga7.x86_64 1511329840 188814 4cd1968d261daf6b75199473b6e096de installed
lib64qt5eglfskmssupport-devel-5.9.3-2.mga7.x86_64 1514574976 1419 bfd19644283c7b7c3c7985822db22108 installed
lib64jsoncpp19-1.8.3-1.mga7.x86_64 1507878053 207216 8d33dc82c6f7ee048d1f765545fbdb8b installed
lib64boost_program_options1.66.0-1.66.0-2.mga7.x86_64 1514554117 503466 d0ef6a9fc59ee03669e09b22ac2b2baa installed
lib64boost-devel-1.66.0-2.mga7.x86_64 1514554117 115349091 b8578ec0d3f0f72db8354cdb456d56f1 installed
lib64qt5webkitwidgets-devel-5.212.0-1.alpha2.3.mga7.x86_64 1515145535 64404 f235d2bfa0fd8b725c46b709602a54fd installed
lib64clang-devel-5.0.1-3.mga7.x86_64 1514288452 10223665 6f1e58bc7a7cd58577ae48a841e95ccf installed
ant-0:1.10.1-1.mga7.noarch 1506620021 473860 967433fd9dd57b0e057a7b1890623014 installed
hunspell-yi-1.1-10.mga6.noarch 1454725423 2281736 80dd868d7a3e703c05da07efbcfe3033 installed
hunspell-ve-0.20091030.1-10.mga6.noarch 1454087250 94275 cdee0f048e2d9aab0f0e740ee0374dfb installed
hunspell-ts-0.20091101.1-10.mga6.noarch 1454524736 284467 24be22def62bbf335ae5c45ee863016e installed
hunspell-th-0.20061212.1-14.mga6.noarch 1454635986 360265 2b047885d32d7ae4ccf43d4b8bc68c94 installed
hunspell-sv-2.28-4.mga6.noarch 1454691394 4416038 efcdbbeedd9306b8045f7eea0c5354b4 installed
hunspell-sq-1.6.4-6.mga6.noarch 1454692157 2614024 f77b0e7cc78b0bec7f1c7646f87ea18e installed
hunspell-si-0.2.1-12.mga6.noarch 1454685740 931415 58b8809b663c8d10212ff193d5fcfb71 installed
hunspell-rw-0.20050109.1-12.mga6.noarch 1454930919 66588 b398da6401f1adda76912af7c5dd6baf installed
hunspell-pl-0.20130925.1-5.mga6.noarch 1454897654 4623014 2b78acfbc1e8eb7f9589a03ce9ca939e installed
hunspell-nso-0.20091201.1-10.mga6.noarch 1454690733 545623 ac0a683f1d5c2c95eb4a1751d2ffaccb installed
hunspell-nds-0.1-13.mga6.noarch 1454933426 73653 022d06ce6f351009c3c8ded7c6cbab3a installed
hunspell-mn-0.20080709.1-12.mga6.noarch 1454635518 5717250 57bcb2e2c7ffe930f9248bd4bb41e03f installed
hunspell-mg-0.20050109.1-14.mga6.noarch 1454717167 202764 3c7b91ca5987eb96ef7d5ae285588ddd installed
hunspell-lb-0.20130913.1-5.mga6.noarch 1454951602 869191 3a2d38ed9371369b8c458b7462168e00 installed
hunspell-kn-1.0.3-11.mga6.noarch 1454952202 1872462 5417243250e647544bd317ccdb0d005a installed
hunspell-is-0.20090823.1-11.mga6.noarch 1454927907 2437828 e8db8c3893caa89e716108f5d1cd8906 installed
hunspell-ht-0.06-10.mga6.noarch 1454717603 156294 181564ad1777dd2f1eca04a086d524fd installed
hunspell-he-1.2-9.mga7.noarch 1505397540 7789636 16d7633a9eaa31d0ce2e3f797f1fc32c installed
hunspell-gd-2.7-5.mga6.noarch 1454894731 2075733 dbe2f7736313e31c8d45c7784e0ad1ac installed
hunspell-fr-6.2-1.mga7.noarch 1513322411 1453434 f18e6d19fc78cd20e5c05c6970f92cd1 installed
hunspell-et-0.20030606.1-17.mga6.noarch 1454931844 4624196 c309407942905e6de066cefb04d13a2e installed
hunspell-el-1:0.8-12.mga6.noarch 1454592504 7025304 d94be3d310790ba065bbb4029df2c9d2 installed
hunspell-cv-1.02-11.mga6.noarch 1454597656 617650 ea6a988942419a01b8449fd40159c1b5 installed
hunspell-br-1:0.12-4.mga6.noarch 1454714313 5639074 680ed262e1ce2bdbe4ece31e87d80c67 installed
hunspell-be-1.1-12.mga6.noarch 1454591890 18327154 5bc6d2c49ee03ecd010bf16a6a6670c2 installed
hunspell-ar-0.20080110.1-16.mga6.noarch 1454686295 2628113 6f4f2e8d2388993c8f8e1eac6cce3b17 installed
hunspell-nb-2.2-1.mga6.noarch 1465409697 5291573 7f4f778700ba5a7ef5fa4bc90218b9a3 installed
hunspell-ti-0.20090911.1-9.mga6.noarch 1454367697 1350148 96d15d455c571797959f0c53ddc4ad74 installed
hunspell-om-1:0.04-10.mga6.noarch 1454922536 1017809 c36b2cc41b72af216034aca5cfbf2f8b installed
hunspell-la-0.20130331.1-5.mga6.noarch 1454718299 2159445 afa0a91ab51a9a81f99da034c447c4be installed
hunspell-grc-2.1.5-9.mga6.noarch 1454717664 19778612 af287170d1a878804060122d0b9e0496 installed
hunspell-ak-0.6-10.mga6.noarch 1454720967 48756 ef87bdc8f5d959aa49e63f1d2f84b7ba installed
lib64lapack3-3.7.1-1.mga7.x86_64 1507508577 12846256 851a81e34ae5279fe7f4b9760f8c5a1b installed
lib64qt5gui-devel-5.9.3-2.mga7.x86_64 1514574976 7019896 5a103ef6ef59adbbdf99737854f6fa3d installed
gpg-pubkey-80420f66-4d4fe123 1297080611 0 (none) installed
lib64gpgme11-1.9.0-1.mga7.x86_64 1509525302 337752 667c6a1f103983610aa1e9519f99081f installed
locales-hu-2.22-5.mga6.x86_64 1464875389 1815967 69841bb54a6d7cd5b6fc8ba4c9d533e7 installed
rpm-mageia-setup-2.25-2.mga7.x86_64 1505097451 7519 e363229dbabf943f3213105bc7d80c8b installed
python3-hawkey-0.11.1-1.mga7.x86_64 1508939546 175811 1713dc51dbf245fae51065765ac28584 installed
locales-it-2.22-5.mga6.x86_64 1464875389 17401 2f11ebd468abdaab4cb7bdb487f5fd4c installed
hawkey-man-0.11.1-1.mga7.noarch 1508939546 14996 935e6ceab6c7723566594cbd497c0695 installed
python3-dnf-plugins-core-2.1.5-1.mga7.noarch 1508942412 179837 dadae30c5212c9375ccdbad0081d1f15 installed
locales-ko-2.22-5.mga6.x86_64 1464875389 2373855 9cc499a01d727a0ff449d8572f785bd6 installed
mageia-repos-pkgprefs-7-0.0.1.mga6.noarch 1500235408 0 f37eb5898948e055f1f0e9e80f82b4ab installed
passwd-0.79-6.mga6.x86_64 1455253903 395731 f4336b99eeb54b719bba079b8a6f537c installed
locales-lt-2.22-5.mga6.x86_64 1464875389 133591 1d5c849bbc52a1f142f3bd077ed92399 installed
guile-runtime-2.0.14-1.mga7.x86_64 1507316915 9408794 aa0c0439b71f2b5f06ace0e2771fb571 installed
lib64glibmm2.4_1-2.50.1-2.mga7.x86_64 1503764124 2484564 cc3cc713a3f9abc9dab72499a6767ecc installed
locales-mi-2.22-5.mga6.x86_64 1464875389 1274096 5558e7af2ffa89f78fb8d3b3b39344ab installed
python-srpm-macros-3-5.mga7.noarch 1502797638 621 87343683ca6ab6e94e7b1232d8f88160 installed
enchant-1.6.0-14.mga7.x86_64 1501944165 34932 138af6fc54b0da10ad98c295ae65139a installed
locales-mr-2.22-5.mga6.x86_64 1464875389 1529457 5928f72ec3997e9428aca55e4bb13e8b installed
common-licenses-1.1-8.mga6.noarch 1455896735 167218 c6035793ecaec8366a181fa988e54405 installed
rpmlint-mageia-policy-0.2.29-3.mga7.noarch 1501191269 11898 2b103f51afa363e7b0f6b85c568d5e77 installed
locales-ne-2.22-5.mga6.x86_64 1464875389 4322 2083866858273e36d6f688630deab0b8 installed
grep-3.1-1.mga7.x86_64 1504106597 667265 0e59b4e6447afeb783c52eda2c2cca71 installed
spec-helper-0.31.11-1.mga6.noarch 1452376089 32435 2b14d3f147f0951754a0275a05968565 installed
locales-oc-2.22-5.mga6.x86_64 1464875389 6968 d36e8bcb82406d304c31af2820414f5d installed
perl-base-2:5.26.1-1.mga7.x86_64 1506544575 6221811 0843c10316f90e76f659ca51a959f941 installed
locales-2.22-5.mga6.x86_64 1464875389 4934505 54c226360ae71e9242ac9cffbc1deb9b installed
locales-pt-2.22-5.mga6.x86_64 1464875389 17037 dd072b181868c66e5fa1b2f9ce990e84 installed
chkconfig-1.10-1.mga7.x86_64 1508027479 763425 fdd81b38a1fca61b24aa6d366f1900d4 installed
lib64boost_system1.66.0-1.66.0-2.mga7.x86_64 1514554117 21210 fe2b99446d327cbb3aabb914971f95d3 installed
locales-sc-2.22-5.mga6.x86_64 1464875389 1247228 92205c367df0f3b5fb1767566b72e1be installed
lib64cap2-2.25-1.mga6.x86_64 1460387733 71216 0b8534a73aeabf685c76a1bac063adec installed
lib64bz2_1-1.0.6-11.mga7.x86_64 1515081866 70165 d76161a9dc86d1e9d952568efaef7083 installed
locales-sk-2.22-5.mga6.x86_64 1464875389 141105 a4d85d99511135de92fb4a1a6ec5f8b5 installed
lib64uuid1-2.30.1-2.mga7.x86_64 1505645837 20152 a1850709e9ae1e872e33d649d8023325 installed
lib64boost_thread1.66.0-1.66.0-2.mga7.x86_64 1514554117 174114 f09d9e61bebca6436ae3256ccd696c7b installed
locales-sr-2.22-5.mga6.x86_64 1464875389 1783841 5e651c4f20d3c906aa74a881ff58d9f3 installed
lib64unistring2-0.9.7-1.mga6.x86_64 1481193383 1555700 83448d3b5e53cafb5ea4fc9d06631647 installed
lib64x11-xcb1-1.6.5-1.mga6.x86_64 1488391850 6848 d5b5d7ebb6c34b72c9fcaa243fc09cbb installed
locales-sw-2.22-5.mga6.x86_64 1464875389 7816 2bc74aa724e3e3a613c5134a436e6e1f installed
lib64mpc3-1.0.3-1.mga6.x86_64 1451796601 107509 681985b17f436e29a44e506c2d7b07c2 installed
lib64png-devel-2:1.6.34-1.mga7.x86_64 1509163107 1080124 20cadbf159253b7b2e59934927387b90 installed
locales-tk-2.22-5.mga6.x86_64 1464875389 1527533 a2d6ee4e77e32c92e458bc10a1e4e1ce installed
info-install-6.1-1.mga6.x86_64 1462821644 51402 373ae2a1345a813f1d1a4e30fdad28e6 installed
lib64glib-gir2.0-1.54.1-1.mga7.x86_64 1506948404 589248 2e76079c6cae5d1964d716c4f0e40708 installed
locales-uk-2.22-5.mga6.x86_64 1464875389 1735764 fb6fcd094089f825765db15a9a37a91d installed
lib64acl1-2.2.52-7.mga6.x86_64 1455119789 204951 8147b9e0c8a600b36d305376931a30e0 installed
lib64webp7-0.6.0-1.mga7.x86_64 1500300476 461538 6afbbff5f92833ac1ab192aed748191a installed
locales-vi-2.22-5.mga6.x86_64 1464875389 1525683 e0f626b23532dceb16a03b7e1b471577 installed
lib64devmapper1.02-1.02.137-1.mga6.x86_64 1480623493 347064 c5ace08ab430db326b29b57749c9107a installed
lib64freetype6-devel-2.8.1-1.mga7.x86_64 1506350917 5293564 351f944670881ee5435ad587124c4a6d installed
locales-zu-2.22-5.mga6.x86_64 1464875389 7600 e5435f986e289339071623738e109b6c installed
perl-2:5.26.1-1.mga7.x86_64 1506544575 45227228 3d7cb866720c26aa150580824db884e1 installed
lib64lz4_1-1.8.0-2.mga7.x86_64 1513017078 86128 72431eb58165b61c47875c8b0bf341e6 installed
lib64qrencode4-4.0.0-1.mga7.x86_64 1507398084 649360 fcf886896298ff85064691d200e7b883 installed
pkgconfig-0.29.2-1.mga7.x86_64 1509630090 165390 5b57edd905f04aa6c52fb4fb0f7d7392 installed
lib64ogg0-1.3.2-4.mga6.x86_64 1454437242 33804 2206bfd76885f612718d979c00e3138e installed
libwacom-1:0.26-1.mga7.x86_64 1504864181 396284 9bd9833867fd9398909aa91006aa2695 installed
lib64crack2-2.9.6-5.mga6.x86_64 1481570481 44736 fb551ea493a955f0974443211907ef7c installed
lib64tcl8.6-1:8.6.8-1.mga7.x86_64 1515338767 1791312 d67370b54db7ff5fd9eb38fa8d220267 installed
libedit-0:3.1-0.20150325.2.mga6.x86_64 1455209022 28362 ecceeedc2a8869663b11145bc4ca8de9 installed
lib64pam0-1.3.0-6.mga7.x86_64 1504615160 714288 293746bf7804485ae272725ca4e34fda installed
lib64xdmcp6-1.1.2-5.mga6.x86_64 1488374738 23888 d2691a33032fc462745d90a62ab020c1 installed
lib64pq5-9.6.6-2.mga7.x86_64 1514909917 209632 ca27db10fe1785a85f94ece22d6e65f8 installed
perl-YAML-Tiny-1.700.0-1.mga7.noarch 1500762979 172401 296b2791ba7aa313b14a13175da711bd installed
lib64glapi0-devel-17.3.2-1.mga7.x86_64 1515543497 0 814b75f17e54fe2b3a276aae93940c12 installed
lib64ts-devel-1.1-3.mga6.x86_64 1457144139 2401 770ddf9dd2f89a98d1e1f307ea3a3e83 installed
perl-Exporter-Tiny-1.0.0-1.mga7.noarch 1500650345 91285 6e4366c47c0bee0f9caa17ba3b664a85 installed
lib64xslt1-1.1.30-2.mga7.x86_64 1506928148 415752 b295873dc62ffb7495e317a12e5e13ce installed
lib64mesaegl1-17.3.2-1.mga7.x86_64 1515543497 227768 ea157580a5beed49626cf0fcbe2d8bf4 installed
lib64cryptsetup4-1.7.5-1.mga6.x86_64 1493634028 166720 dc4ce80d81baf2f5d92145831bcfd5a2 installed
locales-no-2.22-5.mga6.x86_64 1464875389 1278065 be8ecd6a6d57dad1ede38a30fd19d4e1 installed
lib64drm_radeon1-2.4.89-1.mga7.x86_64 1513579211 48928 9e71dc46bf3afbb27805062c86c5334b installed
lib64procps6-3.3.12-1.mga6.x86_64 1471034217 99389 7163687c66559c87d52727fb39d5a01d installed
lib64avahi-common3-0.7-1.mga7.x86_64 1508051805 53816 9c42f2b9e21535905bf529379a128ac9 installed
lib64cairo2-1.14.10-1.mga6.x86_64 1498125220 1708260 5ec704b90947d22a6218cdaa4ff72cbd installed
lib64ksba8-1.3.5-1.mga6.x86_64 1471867840 232304 60b6d0ec33be3c2039b318786d9c3faf installed
lib64pciaccess0-0.14-1.mga7.x86_64 1509780979 40888 896c409d1cfccc4df5e354baa642c8a9 installed
glxinfo-8.3.0-3.mga7.x86_64 1512369796 48120 0d6fa4fe4733cd4548ea9ba272d775e2 installed
lib64kmod2-24-2.mga6.x86_64 1495518618 91680 9543075d50a5d919433e3eb3b6c6fd7b installed
lib64xau6-1.0.8-7.mga6.x86_64 1455233243 15424 123d054063ec80fde968fc5142acd250 installed
lib64compat-openssl10_1.0.0-1:1.0.2n-1.mga7.x86_64 1513172048 2884358 d28e17f099560c2af60e8845c168d312 installed
multiarch-utils-1.0.13-7.mga6.noarch 1455896961 12031 3cc0c1ce186edb678fe4b5fc716e0b53 installed
lib64xrender1-0.9.10-1.mga6.x86_64 1475692200 40432 a8c548991d30966c7d89df0d328012b1 installed
lib64fontenc1-1.1.3-2.mga6.x86_64 1455209062 31696 b0a1acf6c0cc0ff291dcd782624e8683 installed
ethtool-1:4.13-1.mga7.x86_64 1512026844 320657 55ff56aae09027dcfb40254f1ebad40f installed
lib64xi6-1.7.9-1.mga6.x86_64 1485536920 65712 185b6deef32e324775fcfbe7537f9f32 installed
x11-font-daewoo-misc-1.0.3-6.mga6.noarch 1454949703 830644 134cea6236738bea1d3158f7892b8eef installed
lib64xcb-dri3_0-1.12-2.mga6.x86_64 1467524268 11184 5beafa4d43f95049748989825c726200 installed
lib64xmu6-1.1.2-5.mga6.x86_64 1454933679 108776 9d2afcd1240b32f5de1ab4a5f4bc3aa2 installed
nss-myhostname-230-12.mga6.x86_64 1498764124 638284 0280a5d737d863684109749bdd9c714a installed
lib64xcb-glx0-1.12-2.mga6.x86_64 1467524268 101336 39f9d778f0a3c36c5c82c53f40cf07ff installed
thai-data-0.1.27-1.mga7.x86_64 1515251656 572026 3d81eed1273303e1db42be3ec93b2629 installed
lib64atomic_ops1-7.4.2-6.mga6.x86_64 1455532608 10984 dfb87ab0995017aace4430c2e5c64d09 installed
lib64xdamage1-1.1.4-8.mga6.x86_64 1454942656 11160 26779b424b6af213a6b73ae35a33278f installed
rootcerts-java-1:20171122.00-1.mga7.noarch 1513129764 195758 70aa52bde103c3c9e45a0c99106b78d7 installed
lib64gnutls30-3.6.1-3.mga7.x86_64 1509119225 1417336 8be158aee4c86e37907339312a308f89 installed
lib64xcb-shape0-1.12-2.mga6.x86_64 1467524268 15264 aa3bda8333666757ff037ba368437510 installed
lib64gpg-error-devel-1.27-1.mga7.x86_64 1509489084 314500 8cf0bc47a7d152f711ff2c8c3eb19f02 installed
lib64brotlidec1-1.0.2-1.mga7.x86_64 1512738609 49620 89fb93dd2bda381a509843223a5d3edb installed
lib64xcb-util1-0.4.0-2.mga6.x86_64 1454597471 23648 5dbc9acce390ff71b68a745ccaa8e319 installed
lib64theoradec1-1.1.1-11.mga6.x86_64 1454592637 117586 b42c37a224e2f2d541e1145092c8dd15 installed
lsb-release-2.0-53.mga7.noarch 1500236526 19261 2b597d45c9b96a401fcd6db89930b98c installed
gstreamer1.0-tools-1.12.4-2.mga7.x86_64 1513422409 1517473 5537b78f595c200ff3cab0b8e4bcf4ce installed
libpthread-stubs-0.4-1.mga7.x86_64 1510134860 226 8d2d42c3a0def4af53ed9ecf5c11f358 installed
pango-1.40.14-1.mga7.x86_64 1510803161 121725 d4cbfbc75e87321de74dec56721879fb installed
lib64xfixes-devel-5.0.3-1.mga6.x86_64 1475692152 9302 405f4ba704743f9d303ac85881ade0d4 installed
lib64ncursesw6-6.0-9.mga7.x86_64 1505003952 443288 a5d9d61a01c6129e79875b8311faa24f installed
lib64boost_coroutine1.66.0-1.66.0-2.mga7.x86_64 1514554117 70626 29a6041ac64ba90f45952219b9fcb6df installed
lib64mesaegl1-devel-17.3.2-1.mga7.x86_64 1515543497 97434 284cd9f78c800cd33b268acd6cce9a2c installed
lib64ext2fs2-1.43.6-1.mga7.x86_64 1504972815 430823 46020c92c0e062f3a0c87ca9bca94ca2 installed
lib64xft-gir2.0-1.54.1-1.mga7.x86_64 1506948404 464 b5d969564d237ebd67a77ba3e59d1093 installed
lib64xi-devel-1.7.9-1.mga6.x86_64 1485536920 422180 0676ef8392cea98561aad90a9c6bc493 installed
lib64lua5.3-5.3.4-3.mga7.x86_64 1512249100 235936 8c03f6d9e35ab11cc662574bbcbb240b installed
lib64xtst6-1.2.3-1.mga6.x86_64 1475692320 23904 54492e427b49ac0bbeafd5302c74cf41 installed
lib64xcb-util-devel-0.4.0-2.mga6.x86_64 1454597471 11205 9554d308a4b98a3f3d973d2e35e18e87 installed
mageia-repos-7-0.0.1.mga6.x86_64 1500235173 38571 e265fca52471f9cdd80644ec6f8e6cd0 installed
lib64xcb-dpms0-1.12-2.mga6.x86_64 1467524268 11160 734e27560bc6a3693ce51bca47666929 installed
lib64turbojpeg0-1:1.5.3-1.mga7.x86_64 1514318897 462984 45b271a8afa6779e00d82a65292d9474 installed
crypto-policies-20170606-2.mga7.noarch 1503748540 41853 fcd289d6ca12713916c7ea20e7e79e18 installed
lib64xcb-xf86dri0-1.12-2.mga6.x86_64 1467524268 19392 169d7a217d68a26624fb62dc7ea1d1d6 installed
lib64gif7-5.1.4-1.mga6.x86_64 1462809245 101452 20bd87ad9f703d8402c27a8dba7dbee0 installed
lib64archive13-3.3.2-3.mga7.x86_64 1504817719 772808 d20171d8e476e7cc65402700fa62302f installed
lib64xcb-ewmh2-0.4.1-4.mga6.x86_64 1454459920 52536 ec0b21e44ab82d4df3bdb2f56e925659 installed
lib64tiff5-4.0.9-2.git20171231.1.mga7.x86_64 1514902984 509800 30430c4909df9bedc6f6509af3a43315 installed
iputils-20161105-2.mga6.x86_64 1480335214 323382 53be525563c805ca3947d6935b59fa76 installed
lib64datrie-devel-0.2.10-1.mga6.x86_64 1451796432 560161 8e9ad6a0a4f4fbb138d178d839ee6978 installed
lib64sqlite3_0-3.21.0-2.mga7.x86_64 1514553896 1029192 782ae987959358d8d47f679a33e2c628 installed
psmisc-22.21-7.mga6.x86_64 1455297226 479566 4182fe9f38ccee0d48ca76c8ebb050d8 installed
lib64mount-devel-2.30.1-2.mga7.x86_64 1505645837 33954 6aaf0d96a9697e87f804a62c27f9c5a8 installed
lib64qt5core5-5.9.3-2.mga7.x86_64 1514574976 5594656 fe9964d1e7cf7766b459947db32d5bcd installed
lib64solv0-0.6.30-1.mga7.x86_64 1508936051 872371 b0d5b0d3783db0845d9e74105a25208e installed
copy-jdk-configs-3.3-3.mga7.noarch 1512165555 15711 a6ed2531c648558fb77a6b9a5b308b9b installed
lib64qt5eglfsdeviceintegration5-5.9.3-2.mga7.x86_64 1514574976 1057704 ed480e160e2fd4543ed8437abd539ae1 installed
deltarpm-3.6.1-6.mga7.x86_64 1504204393 841532 78abdac72f78eb945758584725f74321 installed
lib64xdmcp-devel-1.1.2-5.mga6.x86_64 1488374738 105752 30e7fa1b4d9955701f95e6c339fc9245 installed
lib64qt5qml5-5.9.3-2.mga7.x86_64 1515073088 4188632 57f363a142e5cd113acc7e031e1e2168 installed
krb5-1.15.2-1.mga7.x86_64 1507983314 33664 f9b210fc335f1e03509afc0df4bf7d58 installed
lib64theoraenc1-1.1.1-11.mga6.x86_64 1454592637 266018 eb5cde3d52b0f7874a37857b9eb20fed installed
lib64pango1.0_0-1.40.14-1.mga7.x86_64 1510803161 493576 2d25fda6ebabd4aaad25bbd257c82be7 installed
libutempter-1.1.6-5.mga6.x86_64 1455215518 39893 21c29c359d56ff79b975cb67aab26837 installed
lib64elfutils-devel-0.170-1.mga7.x86_64 1505978332 210588 fc43ad6201d58b7b0c1b1fc670a466c6 installed
lib64qt5printsupport5-5.9.3-2.mga7.x86_64 1514574976 537744 0f8cf5a8f1a1c9a727322fee0bf23d2f installed
lib64curl4-1:7.57.0-2.mga7.x86_64 1512741055 553584 bb8576e715905e29fc15710713fedd7f installed
orc-0.4.28-1.mga7.x86_64 1513427111 57063 b69e0d0fb49876523194bf7949f430a9 installed
lib64qt5webkit5-5.212.0-1.alpha2.3.mga7.x86_64 1515145535 47283304 427aa3dadec380654fa291bf33d4adef installed
time-1.7-45.mga6.x86_64 1455305815 22414 f7115f3406ca61ec1b0a63c5e3bc6692 installed
wayland-tools-1.14.0-2.mga7.x86_64 1514506555 41088 68924587f06d666953a781ee31fc8a76 installed
lib64pango-gir1.0-1.40.14-1.mga7.x86_64 1510803161 74916 c9a960dc017df1788a590c3d9b2576b5 installed
m4-1.4.18-1.mga6.x86_64 1483272404 293307 4695c9954f4849a07497c819f5d39bc0 installed
lib64boost_iostreams1.66.0-1.66.0-2.mga7.x86_64 1514554117 120466 0e15a68c4fed447d7d23a3925b6791b3 installed
lib64qt5-database-plugin-sqlite-5.9.3-2.mga7.x86_64 1514574976 72232 b0ffffc29cc5a7952589926c4438c7ab installed
mathjax-fraktur-fonts-2.7.2-1.mga7.noarch 1507989836 229960 f1e5763aef425760a81015e723d1b6c2 installed
lib64qt5quickparticles5-5.9.3-2.mga7.x86_64 1515073088 591928 a1bff9cb1ab35b6a3daae29d17178b76 installed
desktop-file-utils-0.23-2.mga6.x86_64 1471486494 328020 9676a035e4a8dbcb96dcbafdd3027b2d installed
mathjax-script-fonts-2.7.2-1.mga7.noarch 1507989836 61428 b134812f734029da94a59e636c4c9137 installed
lib64qt5waylandclient5-5.9.3-1.mga7.x86_64 1514286251 998104 cb096507378883b614b5b4af553042d6 installed
groff-for-man-1.22.3-1.mga6.x86_64 1448985700 2712980 13b9c014c20f68dbc7d239aaba2bbcf7 installed
mathjax-size4-fonts-2.7.2-1.mga7.noarch 1507989836 29884 cc7d4f2f07359f98f8e187b3d9c609f9 installed
lib64boost_graph1.66.0-1.66.0-2.mga7.x86_64 1514554117 344082 53d27f51ab4417573a7f93b46498c949 installed
python3-pkg-resources-36.2.4-6.mga7.noarch 1506931547 840129 b1038fbe39eebe455a9215808bf09954 installed
mathjax-winie6-fonts-2.7.2-1.mga7.noarch 1507989836 57784 50311c2eddf35aea0ca7f7995845dc30 installed
lib64python3.6-3.6.2-4.mga7.x86_64 1514912703 2801688 f4b579dd64cd5410f0e79ff52713d960 installed
locales-ar-2.22-5.mga6.x86_64 1464875389 774651 d060049ced085d0611a661f3bc4591dd installed
lib64boost_python1.66.0-1.66.0-2.mga7.x86_64 1514554117 523858 d19ea9214ac8bdacf4b2e065d299c0a9 installed
python3-libcomps-0.1.8-3.mga7.x86_64 1501826474 143562 2c237eba9903440ce938aee2e4581c09 installed
locales-be-2.22-5.mga6.x86_64 1464875389 1524446 20fc6d54b5fd45682bd6a71a79315e60 installed
lib64boost-python3_1.66.0-1.66.0-2.mga7.x86_64 1514554117 258490 c9abe4b5f89dd0ab3164fc341431ee2f installed
gcc-cpp-7.2.2-20171207.1.mga7.x86_64 1512758114 23848580 48476c1510be132dcc2d3c0f7b2ba7be installed
locales-br-2.22-5.mga6.x86_64 1464875389 1275543 fa70b574181579fd68a14c2b6e527e4f installed
lib64clang5.0-5.0.1-3.mga7.x86_64 1514288452 50631160 1b972366cfc4965c90eb443e223c19b0 installed
python3-six-1.10.0-3.mga7.noarch 1501763932 119471 96a02f326db8044d535ca7709b0bb47b installed
locales-cv-2.22-5.mga6.x86_64 1464875389 1247157 721e9d580e3e8d9828156de3fe3fdb3f installed
glib-gettextize-2.54.3-1.mga7.x86_64 1515447294 30111 9663e401889497f1a82f701c22c0ed74 installed
lib64python2.7-stdlib-2.7.14-1.mga7.x86_64 1512514289 20886590 d72e87d0315cd4ec1129a7cf5c5e9b2a installed
locales-el-2.22-5.mga6.x86_64 1464875389 8713 6544852ec18082169686c68a04487f58 installed
lib64qt5qml-devel-5.9.3-2.mga7.x86_64 1515073088 48165539 bde460c0599c409397716209219745c3 installed
procps-ng-3.3.12-1.mga6.x86_64 1471034217 1188740 a3db0f3e7db01bd0115cb6b05d1bec39 installed
locales-et-2.22-5.mga6.x86_64 1464875389 155766 6618a5db2e224e1b90e28f7b70121f23 installed
lib64gstreamer-plugins-base1.0-devel-1.12.4-1.mga7.x86_64 1513424046 9583347 bf129b1c0086b7b3890639a999ffc601 installed
nss_tcb-1.1-7.mga6.x86_64 1455304952 11208 b25dfe34dcb5fedeb8d49af486d4a03b installed
locales-fr-2.22-5.mga6.x86_64 1464875389 1307052 7b2f583ec1ad76f713ab960928a8db3c installed
lib64qt5concurrent-devel-5.9.3-2.mga7.x86_64 1514574976 272341 26941c919eaea0ce3c8e220b507043a2 installed
locales-gd-2.22-5.mga6.x86_64 1464875389 7987 483c55fe178d61c7c9364821ed36bfaf installed
lib64gudev1.0-devel-232-1.mga7.x86_64 1505418640 285926 a48549dec39217ce4664098a69bc35ac installed
rpm-1:4.14.0-5.mga7.x86_64 1511329840 2023651 ef37a19a493cc6d582bd8dd63566dea7 installed
locales-he-2.22-5.mga6.x86_64 1464875389 263859 3e4be39395b10552d57824e2353d1ab9 installed
lib64qt5xcbqpa-devel-5.9.3-2.mga7.x86_64 1514574976 1477 78f106819cf0837effe5f56270e00324 installed
lib64qt5test-devel-5.9.3-2.mga7.x86_64 1514574976 505099 e383e4f5d8e295e97d9b074ea23181d5 installed
web-assets-filesystem-5-3.mga6.noarch 1454968226 0 e97388523f1d729462b50bed1de9afbc installed
lib64python-devel-2.7.14-1.mga7.x86_64 1512514289 9636095 a32535b7dd0bb212bb74478e408624a7 installed
lib64boost_math1.66.0-1.66.0-2.mga7.x86_64 1514554117 902186 ae64382d6593461042f900d4a7fe270d installed
cmake-1:3.10.1-1.mga7.x86_64 1514825298 26259965 bfada27757415d613863da4c4cf1d06c installed
lib64qt5svg-devel-5.9.3-1.mga7.x86_64 1514277537 81199 da3648643ed59caf16da6995ce68dd3c installed
extra-cmake-modules-5.41.0-1.mga7.noarch 1514392454 1779189 bd43b6b0f880e943d6940c10ad782f6e installed
xml-commons-apis-1.4.01-22.mga7.noarch 1504363681 336776 a6a7c8067bbbcd6b0cb255d602b97392 installed
hunspell-xh-0.20091030.1-10.mga6.noarch 1454707196 191365 5655aa87338fae19f859cdffb72fb835 installed
hunspell-uz-0.6-12.mga6.noarch 1454374703 2271669 b399c28992b1f7b7a106cbcb991f9ba0 installed
hunspell-tn-0.20091101.1-11.mga6.noarch 1454350366 101833 3acb82322fb4da41b9538a49ae9db038 installed
hunspell-te-0.20050929.1-13.mga6.noarch 1454544085 3420974 2a4e87ddf830b771694192966f31fb2b installed
hunspell-st-0.20091030.1-10.mga6.noarch 1454894144 66447 bafcbfa207a95d715651ddfd6f584407 installed
hunspell-so-1.0.2-6.mga6.noarch 1454923840 287713 2c1e8641d64ea28ccd4fb1929499ada3 installed
hunspell-shs-0.20090828.1-10.mga6.noarch 1454922611 88872 9a93f9181491db7523821707ff25eaa6 installed
hunspell-ru-1:0.99g5-6.mga6.noarch 1454718341 2025182 082891809c53a88e7376acf057d55e1a installed
hunspell-pa-20050726-13.mga6.noarch 1454698047 61447 dd6828e771ede4da5ce21eac31114439 installed
hunspell-nr-0.20091030.1-10.mga6.noarch 1454721197 202588 632e9dfb2b7a6987de6b69a1d2eb78a8 installed
hunspell-mt-0.20020708.1-12.mga6.noarch 1454690860 10980102 d0b5f69bdfa5b0b0dde752d0efe5e345 installed
hunspell-ml-0.1-13.mga6.noarch 1454407097 5431882 6b5e4b859a4129b6ea1665cbe1a996c3 installed
hunspell-mai-1.0.1-10.mga6.noarch 1454718983 1059936 e30fac3306609933a3f44f045a63cb06 installed
hunspell-ky-0.20090415.1-12.mga6.noarch 1454540960 163976 3a35e31d9421b7b08b312da4c19b9237 installed
hunspell-km-1.1-12.mga6.noarch 1454939541 2065781 d3e943373b501478a547a981db44c9ec installed
hunspell-id-0.20040812.1-14.mga6.noarch 1454718050 262118 5fff75fe71e83de7fbc7d7476073fc76 installed
hunspell-hsb-0.20060327.3-9.mga6.noarch 1454893930 601346 073de85400a387ea041f4565e5cf9f47 installed
hunspell-gv-0.20040505.1-13.mga6.noarch 1454924219 334625 5f501d12139a0b23622a11131d80b682 installed
hunspell-ga-4.6-10.mga6.noarch 1454344833 1314067 38bef71c25338d4d39492833583d46d3 installed
hunspell-fo-0.4.2-5.mga6.noarch 1454697603 5881397 8e15683cd1bf77ad8f2d93afdcf8510b installed
hunspell-es-0.20081215.1-13.mga6.noarch 1454695668 1121950 ff7be319214f34440e694276756dad3b installed
hunspell-de-0.20131206.1-4.mga6.noarch 1454636497 3345281 4ed4fb1495ef85bc98b332ca660f098e installed
hunspell-csb-0.20050311.1-15.mga6.noarch 1454896451 71515 f61e90d8e6f2cc9f12edf384ecd2a3b9 installed
hunspell-bn-1:1.0.0-4.mga6.noarch 1454897497 7200502 c5ca44530fa8c23fabde41d4bc39723e installed
hunspell-az-0.20040827.1-15.mga6.noarch 1454953282 234785 d345b1554cfc4c9642160b13d213ea19 installed
hunspell-am-0.20090704.1-14.mga6.noarch 1454496038 2895769 67a02a9d5ed40eeb4020b364a5a11d98 installed
hunspell-nn-2.2-1.mga6.noarch 1465409697 3292365 544fe82c126d0d976c52a56d67ca2906 installed
hunspell-smj-1.0-0.3.beta7.8.mga6.noarch 1454934174 6975808 5b86f5c5548d14bc3ebdec6c6ec7fb6f installed
hunspell-ny-1:0.01-8.mga6.noarch 1454949759 75699 fba963d48a9920368a0278099a5f2969 installed
hunspell-ia-0.20050226.1-12.mga6.noarch 1454634871 318655 1859388a92bf03fd7c48584a7b01ffc8 installed
hunspell-fj-1.2-10.mga6.noarch 1454579686 292649 c48f8e01376248fc523caa9241151b63 installed
libquadmath0-7.2.2-20171221.1.mga7.x86_64 1514037038 682264 7d66fdc828961e3cbf6f359904269a71 installed
R-base-3.4.2-2.mga7.x86_64 1514580165 64826385 93aa56c372d5e9ddc22882fd8c2ea81a installed
locales-ht-2.22-5.mga6.x86_64 1464875389 3323 d1c97bb37da2d083a010fa6a548abea4 installed
dnf-conf-2.7.5-1.mga7.noarch 1508941590 37002 02e98483137daa005b95d776d0677fac installed
lib64qt5quick-devel-5.9.3-2.mga7.x86_64 1515073088 26355362 044f3a2ec70aac2203f7c19c2ed53f21 installed
python3-gpg-1.9.0-1.mga7.x86_64 1509525302 1252610 4863bbd95d0a2375dcda725efe960e78 installed
locales-kn-2.22-5.mga6.x86_64 1464875389 284738 187b16409503efe87c3f2d980b65ed1c installed
kernel-userspace-headers-4.14.4-1.mga7.x86_64 1512512228 4363852 a03eed2467c30bd8bdfcd96475b8c841 installed
lib64boost_stacktrace1.66.0-1.66.0-2.mga7.x86_64 1514554117 76906 758758883c89df8d7ec889e4898daf6f installed
rpm-plugin-systemd-inhibit-1:4.14.0-5.mga7.x86_64 1511329840 12180 37f42af96adfce8072020ec5e2f6db60 installed
locales-mg-2.22-5.mga6.x86_64 1464875389 7164 f3992e249d59eeb5411af8122dfff3dd installed
rust-srpm-macros-4-1.mga7.noarch 1500928446 1131 d1e219169f8b0b33c379572ade7bc41d installed
mathjax-2.7.2-1.mga7.noarch 1507989836 26376735 ced1af67f3fc8ac34c5b7502e0e2f1f6 installed
lib64enchant1-1.6.0-14.mga7.x86_64 1501944165 84928 1806c7aa33693c0935a4cdfb067dbfe8 installed
locales-nds-2.22-5.mga6.x86_64 1464875389 254775 99445591912735d111cc3410ced60434 installed
filesystem-2.1.9-28.mga6.x86_64 1455178462 0 45b49454b231e86ab72c4fa32b62dc84 installed
gwt-2.6.1-4.mga6.noarch 1454516073 78707277 a33abc350b1a63811f5b186972d449fd installed
rpm-mageia-setup-build-2.25-2.mga7.x86_64 1505097451 142980 b0009ca661060d58ef55163838d917fc installed
locales-pl-2.22-5.mga6.x86_64 1464875389 133319 c2b97eb4d236a5a7288ee85b454ed16a installed
lib64popt0-1:1.16-13.mga6.x86_64 1456060419 54457 e1101a4814f951cbc5c337e52f7e59f5 installed
hunspell-wa-0.4.17-5.mga6.noarch 1454950897 44784 ec9a002ef1c9f403e40eef97450aa8b8 installed
lib64ncurses6-6.0-20171223.2.mga7.x86_64 1515311877 655040 4401841ca25f98e448b46cd26090139a installed
locales-si-2.22-5.mga6.x86_64 1464875389 4167 048c2a8247f952e805619e7a4e66ce93 installed
lib64db5.3-5.3.28-13.mga7.x86_64 1505109296 2333790 0bdf766f6de1679fd80a95fa05710a10 installed
hunspell-tl-0.20050109.1-14.mga6.noarch 1454691340 158117 e3ef42444db51d16bd6aa53a716ae428 installed
lib64xml2_2-2.9.7-2.mga7.x86_64 1514395653 1487208 34a2f306c22b45e1bc893f161168ba77 installed
locales-sv-2.22-5.mga6.x86_64 1464875389 2564332 7f0e3e9f1fb7e0cf9fea9053246dcc4b installed
lib64intl8-0.19.8.1-1.mga6.x86_64 1465844977 234489 83950cd2c4431e7e62cd840eb18324f9 installed
hunspell-ss-0.20091030.1-10.mga6.noarch 1454720416 211607 b50d477bf304805abf09eac7c50862f3 installed
lib64pcre1-8.41-3.mga7.x86_64 1513263578 468032 8dd5dd653be7b7aa4c7408f244f9ece8 installed
locales-ts-2.22-5.mga6.x86_64 1464875389 3799 5e09793c8874f83e7855e86b22fc225e installed
lib64attr1-2.4.47-7.mga6.x86_64 1455121420 71376 7b799fedc22fb16ec3b37bb5b33401f3 installed
hunspell-se-1.0-0.3.beta7.10.mga6.noarch 1454686143 25964688 9633e23276437e2096c9881d9cb33150 installed
lib64lzma-devel-5.2.3-2.mga7.x86_64 1504715941 1464126 530511f590dedd20da32456f1131f77b installed
locales-yi-2.22-5.mga6.x86_64 1464875389 1789772 8b7a750c6cf8c4bd888fae97acfb3054 installed
lib64gdbm4-1.13-1.mga7.x86_64 1512139345 86049 68ffb25c84abd7bedfa9a307cfd16e38 installed
hunspell-or-20050726-13.mga6.noarch 1454954184 81905 5369dfe64a53622b5faf9d9cf6f31aab installed
lib64bsd0-0.8.3-1.mga6.x86_64 1462891016 82592 d35b9fb3697d7f6098ea828b78193220 installed
systemd-236-4.mga7.x86_64 1515525474 19027105 d0df39d0a4e453c5240fca753a6e00d4 installed
kmod-24-2.mga6.x86_64 1495518618 196553 42a2af9eed0855c4502a39a0c0d75741 installed
hunspell-ms-0.20050117.1-14.mga6.noarch 1454711980 233941 83f84d830a2ce3ad9dff36cabf2df8ed installed
lib64ffi-devel-3.2.1-5.mga6.x86_64 1455209060 27853 7859eec67f449d29ac3681874c07f736 installed
lksctp-tools-1.0.17-1.mga7.x86_64 1514810423 105797 0083313377d48ae03f9076bee7f47f0e installed
cracklib-dicts-2.9.6-5.mga6.x86_64 1481570481 9994892 0e53ab3d9db2591fd64741b3987e95e0 installed
hunspell-lv-0.9.4-13.mga6.noarch 1454949734 2333363 55373e4872e5474c1ba1df461f197b0f installed
lib64xshmfence-devel-1.2-2.mga6.x86_64 1455234541 1937 717719c7a410f85c40f5204604b5ceac installed
lib64gbm1-17.3.2-1.mga7.x86_64 1515543497 62792 8be4fcaa9432eadcba70aaa425313c81 installed
lib64hogweed4-1:3.3-1.mga6.x86_64 1475498006 834680 987bb8bb7d414bb2c5dc22df9689aa6e installed
hunspell-kk-1.1-11.mga6.noarch 1454577429 2181124 211c65e71f245679edac42017432f52c installed
lib64audit1-2.8.2-1.mga7.x86_64 1513726185 115675 a4b133347f7f6a39e4721f4aa984c3f0 installed
mesa-17.3.2-1.mga7.x86_64 1515543497 12474 4a8541fef90e8ba6e37de2af379b76fd installed
lib64comps0-0.1.8-3.mga7.x86_64 1501826474 206784 fca14d4f9302432e39002152d569e09b installed
hunspell-hr-1:0.20040608.1-17.mga6.noarch 1454597755 2354767 14b1020728935e756d47fad31e66cf68 installed
lib64evdev2-1.5.7-1.mga6.x86_64 1494095075 105768 562aad8d2860b8bf36aeff2e139da0b8 installed
lib64gbm1-devel-17.3.2-1.mga7.x86_64 1515543497 15298 0afc62f422f350e42aa3e6e71e792aac installed
perl-MDK-Common-1.2.34-1.mga7.noarch 1509151121 122580 9f908e4173dd08c0cb6e46776a96f82c installed
hunspell-fy-2.0.1-11.mga6.noarch 1454707508 3790838 ba64e74d562f1bd1dfdb9269d1953564 installed
lib64xft2-2.3.2-4.mga6.x86_64 1454603487 91232 5a6ef687e5a0a2b7885c15f7b30ad64b installed
x11-font-adobe-100dpi-1.0.3-6.mga6.noarch 1454927006 6382258 1e7291ddad3a127c5a165003f555a2d9 installed
lib64ipt1-1.4.4-2.mga6.x86_64 1460584767 74813 47759b245bf67d4a77f52697f9e9defc installed
hunspell-eo-1.0-0.3.dev.11.mga6.noarch 1454893839 1312728 c8776c14ed70170fcfbfb45544189495 installed
lib64xcb-present0-1.12-2.mga6.x86_64 1467524268 11176 c848cd7455b1f60f8ce2891e1e02d5df installed
x11-font-type1-1.0.0-13.mga6.noarch 1454898082 0 e4debaa9c8f73122f4299b46df6fa60f installed
traceroute-2.1.0-1.mga6.x86_64 1462555580 74099 e342987823b0e420831742e48510d352 installed
hunspell-cs-20060303-21.mga6.noarch 1454406848 3880106 bb1b6857c1f9b09f678fc628fb16454b installed
lib64xfixes3-5.0.3-1.mga6.x86_64 1475692152 23472 3bbd4d5134f693dcb1d94444dc1033a7 installed
ant-lib-0:1.10.1-1.mga7.noarch 1506620021 2213849 b0b8c943aee8d32f9e196a876da45afa installed
lib64brotlicommon1-1.0.2-1.mga7.x86_64 1512738609 131036 e5c53cb38329866bbf0df8c8f97d3961 installed
hunspell-ast-1:0.02-8.mga6.noarch 1454543959 950331 0a5b9c6123ed027fab1bfc4672e36850 installed
lib64xcb-util-image0-0.4.0-2.mga6.x86_64 1454597440 19496 c271b9ab064b2e3d0dde40c6f092c469 installed
lib64unwind-devel-1.2-1.mga6.x86_64 1496851451 278084 28296a05cde92908fc9affbd737c76e3 installed
libgcc1-7.2.2-20171207.1.mga7.x86_64 1512758114 320900 495142a72fb1f2abc054be23c4a3957a installed
bzip2-1.0.6-11.mga7.x86_64 1515081866 141310 f701c08ce40dde58b05b83cb1f081c92 installed
lib64boost_serialization1.66.0-1.66.0-2.mga7.x86_64 1514554117 257530 0bd818f2e43ecc26688f7bdf5c83a402 installed
lib64xxf86vm-devel-1.1.4-2.mga6.x86_64 1455234436 13124 a1529e9ad2f2cfa91cd5d33a8b982d51 installed
findutils-4.6.0-1.mga6.x86_64 1451426987 1682205 af9979ee197ced62509b3d3d69c14636 installed
hunspell-mos-0.20101130.1-9.mga6.noarch 1454955058 950280 dfe572e7f38a1dbd0851e1ec57591257 installed
lib64xscrnsaver1-1.2.2-7.mga6.x86_64 1454690918 15408 2ec229bd8b0b70512e5afb9f20d90131 installed
lib64xcb-util-wm-devel-0.4.1-4.mga6.x86_64 1454459920 507617 4803511349dbc9fe9e4d585e271b22e3 installed
mageia-repos-cauldron-7-0.0.1.mga6.x86_64 1500235173 37746 ecbdd9905e74fbc8fe308b9db65d28ee installed
hunspell-dsb-1.4.6-5.mga6.noarch 1454516153 1029312 a208c12f52ec50b276f03d7646f2518a installed
lib64xcb-record0-1.12-2.mga6.x86_64 1467524268 19400 2d40511b2dd4784f7bcefe1c06be3236 installed
lib64audit-devel-2.8.2-1.mga7.x86_64 1513726185 96253 e7b8b3e46b8fa5267bec11a71821d102 installed
lib64rpmbuild8-1:4.14.0-5.mga7.x86_64 1511329840 172480 8421a1aaa8de4541a3077c19786dd2bb installed
lib64xau-devel-1.0.8-7.mga6.x86_64 1455233243 6843 e096aad5cdbb5f5f19ce1544a38cac97 installed
lib64icu-devel-1:59.1-5.mga7.x86_64 1514477185 4244794 809a6fa74b3fc9b42a78e780c9c1e174 installed
gzip-1.8-1.mga6.x86_64 1461748738 250922 14eed7d8cae8a5308285eac96d697333 installed
lib64sm-devel-1.2.2-6.mga6.x86_64 1455214956 230753 653dddfa04d54ec69dfd3ce3202cba24 installed
lib64qt5xcbqpa5-5.9.3-2.mga7.x86_64 1514574976 1223784 04f6fbbe2b6fb856dac7c23e7999d9c1 installed
lib64rpmsign8-1:4.14.0-5.mga7.x86_64 1511329840 19912 614d985ce9e4c8d1d6d3aadc8bccf595 installed
lib64vorbisenc2-1.3.5-3.mga7.x86_64 1515659742 691344 5219d0a629af64de1bb6938ab1fa0cc0 installed
lib64qt5sql5-5.9.3-2.mga7.x86_64 1514574976 298928 e887cd8c644f4403b732405f146b1699 installed
lib64fdisk1-2.30.1-2.mga7.x86_64 1505645837 384424 4761b6599719a1888eed322006944694 installed
lib64gudev-gir1.0-232-1.mga7.x86_64 1505418640 7528 ff6e6b6b9fdac02ac37712274c7f4614 installed
lib64qt5positioning5-5.9.3-1.mga7.x86_64 1514576025 386704 f2d075cc3ce4005b51ac39678036d81a installed
logrotate-3.12.2-1.mga6.x86_64 1495518817 123127 c006df14190b7696fddf8d3a71fbf950 installed
lib64wayland-devel-1.14.0-2.mga7.x86_64 1514506555 502807 cad15213e18e77d468a450b0fa89ae9f installed
lib64qt5-database-plugin-pgsql-5.9.3-2.mga7.x86_64 1514574976 84616 3b89c3acec4015431edcf5a9eebd4290 installed
shared-mime-info-1.8-2.mga7.x86_64 1505266429 2351729 538550cdbb487c7044f8126294b59811 installed
mathjax-main-fonts-2.7.2-1.mga7.noarch 1507989836 571686 02b28fe325246ca592724de91e938fc4 installed
lib64qt5opengl5-5.9.3-2.mga7.x86_64 1514574976 360544 0229d6f27aa9a93a0167dea20a26eb0d installed
lib64gettextmisc-0.19.8.1-1.mga6.x86_64 1465844977 980193 b32d2ebfe4e8d967810ced20187f8c85 installed
mathjax-typewriter-fonts-2.7.2-1.mga7.noarch 1507989836 108216 b1ef3b90f00430c9584e11e7d48c4570 installed
python3-3.6.2-4.mga7.x86_64 1514912703 17000 2ae551fc1500792ec567efe4c751355b installed
locales-as-2.22-5.mga6.x86_64 1464875389 285386 f369f00021b0f61ba3c53bcb74bd7543 installed
lib64xslt-devel-1.1.30-2.mga7.x86_64 1506928148 1648558 2c4fe4ab0ca956f8c37e08bf1da983c9 installed
lib64isl15-0.16.1-1.mga6.x86_64 1453661691 1694056 feec0ee8b973be4503705a4ab591befd installed
locales-ca-2.22-5.mga6.x86_64 1464875389 1297083 355c942db4cf0a267eff9d017613e00e installed
lib64boost_locale1.66.0-1.66.0-2.mga7.x86_64 1514554117 946522 f849d4a4f9356b54233aee78e01177ef installed
lib64python2.7-2.7.14-1.mga7.x86_64 1512514289 1825960 94de4034407b825469718c94980e1e69 installed
locales-en-2.22-5.mga6.x86_64 1464875389 1348206 95e787efb5cfbe6f961383c4cf6870f4 installed
lib64harfbuzz-devel-1.7.4-1.mga7.x86_64 1514584285 1465749 f46b52f4636add457a932b4d00a35b18 installed
pam-1.3.0-6.mga7.x86_64 1504615160 930805 a0f98bef7cae7f0616f9ae50eef15f30 installed
locales-fur-2.22-5.mga6.x86_64 1464875389 1247129 dbdfe784a1bc9e4f671b062e49dd78f2 installed
lib64cairo-devel-1.14.10-1.mga6.x86_64 1498125220 4060445 1dbba973a3be60bc96ff3b99c4355095 installed
initscripts-9.55-27.mga7.x86_64 1501677332 6722481 e5840d615ac379cefcb2c080e730d03d installed
locales-hi-2.22-5.mga6.x86_64 1464875389 285295 85f93399293b99cd04dd5709187ce05a installed
lib64qt5printsupport-devel-5.9.3-2.mga7.x86_64 1514574976 122816 aef3b0aae08d1d67dbb1db4e28370ff0 installed
python3-librepo-1.7.20-3.mga7.x86_64 1501875745 216220 fcf1f0539b92c0efefadcebde7463b7a installed
locales-id-2.22-5.mga6.x86_64 1464875389 6756 acc07258150352dc611bf6b8fae5b280 installed
python3-rpm-macros-3-5.mga7.noarch 1502797638 1509 415cf583725fc4b0ef89a19f2bed276a installed
lib64rhash0-1.3.4-4.mga7.x86_64 1500310298 151320 f526af9fc82a4c3fe5abad32d29e675b installed
dnf-utils-2.1.5-1.mga7.noarch 1508942412 3844 7ae0479b0a6327b4f6a0591f214e85e1 installed
locales-ky-2.22-5.mga6.x86_64 1464875389 1495593 732e49e8e8b07fb023eb01479d10df21 installed
libgpg-error-common-1.27-1.mga7.noarch 1509489084 422805 66ded465ccfdb4d97dd341fe193b062f installed
lib64boost-python3-devel-1.66.0-2.mga7.x86_64 1514554117 1338 46b5b4dfb363fb0c1887ba7493d931ed installed
lib64hfstospell8-0.4.3-3.mga6.x86_64 1489670034 239919 70cfb9fa997ee2ab7f4676c7b1a24e76 installed
locales-ml-2.22-5.mga6.x86_64 1464875389 285178 94f3cd2624b337d15ea5f008589bd931 installed
sash-3.8-6.mga6.x86_64 1455302300 996788 c18a24d8c9f8951a6c7fcf9c2a84e5eb installed
lib64qt5xmlpatterns-devel-5.9.3-1.mga7.x86_64 1514277783 2670636 bed9cc0254f8b4ed01d88702f701a74b installed
libgomp1-7.2.2-20171207.1.mga7.x86_64 1512758114 397760 e01038bae111fde63c8350165a7de539 installed
locales-nr-2.22-5.mga6.x86_64 1464875389 3685 31b4bcf0f2caa3c78e6a8b592a5c9669 installed
hunspell-zu-0.20100126.1-11.mga6.noarch 1454923401 1434736 4978ecd8365a68eeed5766d4682ca2a9 installed
fontpackages-filesystem-1.44-11.mga6.noarch 1454635209 0 f0e862f4d8f3c0c463b17ce7091de8e6 installed
locales-ru-2.22-5.mga6.x86_64 1464875389 1282107 663290b5607805a420c7326f38c90eb6 installed
lib64elfutils1-0.170-1.mga7.x86_64 1505978332 840431 46e796c124953f53024a68c80381d818 installed
hunspell-uk-1.7.1-4.mga6.noarch 1454939552 3090635 abf31234d8d0f3652dff38812b0a47d7 installed
lib64freetype6-2.8.1-1.mga7.x86_64 1506350917 674968 3a90dbd1e04db08dbafc69b2ae776433 installed
locales-so-2.22-5.mga6.x86_64 1464875389 1569708 1f2c180bac1a4c877c7ef8d8e382a116 installed
lib64ffi6-3.2.1-5.mga6.x86_64 1455209060 53623 193f7267b19db640409187a51e0026e0 installed
hunspell-sw-0.20050819.1-14.mga6.noarch 1454707811 634234 c0fe15524025396248bb2c44e2cec84a installed
lib64wayland-client0-1.14.0-2.mga7.x86_64 1514506555 62640 c74b1041ee0cd6eb48ecd35868dcee59 installed
locales-te-2.22-5.mga6.x86_64 1464875389 285456 06d711c2020b1beb90df0a505025bbdb installed
lib64assuan0-2.4.3-1.mga6.x86_64 1470926306 78864 c574e1725e0cb38c4189d0109700aab5 installed
hunspell-sk-1:0.20110228.1-6.mga6.noarch 1454697812 3675942 45981b2c95a2a4645861c3aca4e1a97f installed
lib64xshmfence1-1.2-2.mga6.x86_64 1455234541 11096 f5685f4cc2d268465f27edfdac343fb8 installed
locales-uz-2.22-5.mga6.x86_64 1464875389 1794087 1c8da4437a43225aea9ec164e9c1549e installed
hunspell-pt-0.20150704.1-2.mga6.noarch 1455902952 6875617 193137f5347bb7123489715d63c5c5c6 installed
lib64boost_timer1.66.0-1.66.0-2.mga7.x86_64 1514554117 25410 796bc4e6a28c394c48ba96514656e4ae installed
lib64hunspell1.6_0-1.6.2-2.mga7.x86_64 1513695971 465760 8916f4328fd400e70934ca43e8fef9d8 installed
which-2.21-3.mga6.x86_64 1455308603 50534 744d1c75d1640178f7fe94bc9c775fdc installed
hunspell-ne-20080425-11.mga6.noarch 1454718978 959559 3b6365276f0d3ca750777bfd217cf865 installed
lib64expat-devel-2.2.5-1.mga7.x86_64 1509563979 176366 34137b8878d9e4905ac832ff2eb76937 installed
libinput-udev-1.9.4-1.mga7.x86_64 1513372646 30759 d73b6097be480e005af60afc1c1cedcf installed
lib64cap-ng0-0.7.8-2.mga7.x86_64 1501938029 50470 baff33d56fba6c20c9a97a0d9472da92 installed
hunspell-mi-0.20080630.1-13.mga6.noarch 1454691719 193528 4564d833cb0964c4a82a17fcf664f161 installed
lib64ice-devel-1.0.9-5.mga6.x86_64 1488374619 267826 2f739fd9bc91dc07b6d49cfc9b32fb24 installed
tslib-common-1.1-3.mga6.noarch 1457144272 20960 f5458e87b5ed774c2711fbe347e81fcc installed
perl-JSON-2.970.0-1.mga7.noarch 1511280851 253403 9504091433f2d53c8b35be7f7d10f089 installed
hunspell-ko-0.5.5-5.mga6.noarch 1454896939 16954009 0b88db39eb46f0ecbbfe5544884e83c7 installed
lib64llvm5.0-5.0.1-1.mga7.x86_64 1514284401 53286024 c179c6be834da5853a89efdc22371813 installed
lib64drm_intel1-2.4.89-1.mga7.x86_64 1513579211 145800 60168ef21b14e7af25d5ed17e7f3b4ba installed
lib64usb1.0_0-1.0.21-1.mga6.x86_64 1478193234 143540 b72779d0aab170441f806ea394b77b25 installed
hunspell-hu-1.6.1-11.mga6.noarch 1454405746 3554406 ca1148f9bbbe20a6f771d4ae44f0ea8e installed
lib64unixODBC2-2.3.4-3.mga7.x86_64 1514911745 1033304 af1a6d1e2bb878d1c95fdb2f3f5ad4e6 installed
lib64freeglut3-3.0.0-1.mga6.x86_64 1452190610 649922 30d943409e7dcceeec053f70bb07eb5b installed
lib64natspec0-0.3.1-2.mga6.x86_64 1455540844 244713 200b98f3afb9567cb647e2f49415e32d installed
hunspell-gl-0.20080515.1-13.mga6.noarch 1454949254 879916 a89f722f3c0720c103da7e76ce724d3a installed
lib64x11_6-1.6.5-1.mga6.x86_64 1488391850 1314744 08994ac5c759b3212a29bd893a6517ca installed
libalsa-data-2:1.1.5-1.mga7.noarch 1511464671 402361 5ac6fac3a80a0ad3923fd8e7c5cf9234 installed
patch-2.7.5-2.mga6.x86_64 1455254537 232560 fc8fa6e11ec7b200bde2b359156c1271 installed
hunspell-eu-0.20080507.1-13.mga6.noarch 1454365009 3284671 8dde76b6f5bb09bdc4d02c8b7a5ec579 installed
lib64xcb-shm0-1.12-2.mga6.x86_64 1467524268 11176 1057d918dd57fc242e74cbd50a00216a installed
x11-font-jis-misc-1.0.3-6.mga6.noarch 1454695218 618999 e0f40914a845f75608895854bb9eea29 installed
hunspell-cy-0.20040425.1-15.mga6.noarch 1454432418 1617691 b24fc35d1d17eed83836e69a97856ed8 installed
lib64xkbcommon0-0.7.1-1.mga6.x86_64 1484850795 297352 ddb87edb5df0162b82ccc241bd46111c installed
lib64thai-devel-0.1.27-1.mga7.x86_64 1515251656 52101 f0bb5bf98e23dc3aaed1e4aed744fbe7 installed
lib64nghttp2_14-1.25.0-1.mga7.x86_64 1504881070 159028 0fb6b9c85f7d22071c6ccf2c7ef69853 installed
hunspell-ber-0.20080210.1-12.mga6.noarch 1454950697 52413 58fd3a30a36e01f11c57176ce76f6e18 installed
lib64xcb-icccm4-0.4.1-4.mga6.x86_64 1454459920 19328 eb3a56b9291aa5522fcc0d488d037464 installed
systemd-devel-236-4.mga7.x86_64 1515525474 97248 6831d9aeecd371e5dd8c47a0ec07803e installed
lib64sasl2_3-2.1.26-13.mga7.x86_64 1504993826 125296 29774d52ddf49fff7efb34740977fb2f installed
pcre-8.41-3.mga7.x86_64 1513263578 240175 6f5f1a8411e8efe91cffc6d5b94efd02 installed
lib64gst-gir1.0-1.12.4-2.mga7.x86_64 1513422409 296976 e79b40f7c3e67f4d43ea613cc0845c89 installed
lib64x11-devel-1.6.5-1.mga6.x86_64 1488391850 1127274 b3f96d6d7a8e24564d41db3f594911f0 installed
sed-4.4-1.mga7.x86_64 1508034718 978495 8f53b4538f2469f0176df41ef93901f2 installed
hunspell-qu-0.9-6.mga6.noarch 1454541208 295727 dc602e81c0dbf48bcc3db9a541abf482 installed
lib64hyphen-devel-2.8.8-6.mga6.x86_64 1455502000 10652 01f16fca01d1c1dd22665b26f169457a installed
lib64xkbcommon-devel-0.7.1-1.mga6.x86_64 1484850795 306416 226f763149e7b1753327b66b8fc6f20e installed
lib64mount1-2.30.1-2.mga7.x86_64 1505645837 328504 7c504bd6de5aa9b573b480af75b16f72 installed
hunspell-haw-0.02-5.mga6.noarch 1454954835 70411 3f85d90cdf24fd51ecf9d27df6d71004 installed
lib64xcb-composite0-1.12-2.mga6.x86_64 1467524268 11176 fd2b0b6f43323cb22044263df1e26189 installed
lib64webpdecoder3-0.6.0-1.mga7.x86_64 1500300476 220584 a13360a67b59ed7502a372474b0fccc6 installed
libuser-0.62-9.mga7.x86_64 1502188099 1675106 753e21f1ca2fdd2cfdf23d2efca5a4bb installed
lib64blas3-3.7.1-1.mga7.x86_64 1507508577 770344 572239433a2d618d8220ba12090e4bf8 installed
lib64xcb-xv0-1.12-2.mga6.x86_64 1467524268 27664 e1df06c2a97bebca92a3a5a096d97396 installed
java-1.8.0-openjdk-devel-1:1.8.0.151-1.b12.1.mga7.x86_64 1513693070 42133629 2e703069540b862bf8b7d813fd8e56b0 installed
tar-1.29-4.mga7.x86_64 1504805539 2816314 968170782e6938d4c8144648a9e4f55e installed
lib64pciaccess-devel-0.14-1.mga7.x86_64 1509780979 15686 f9518b858071a5a35d76feac9735c78b installed
lib64harfbuzz0-1.7.4-1.mga7.x86_64 1514584285 672650 e745bb2c0fce94361113ec7b3ed0dd61 installed
lib64guile2.0_22-2.0.14-1.mga7.x86_64 1507316915 1582616 b054196e03a850ca20c75de4c62a1f57 installed
lib64cups2-2.2.6-1.mga7.x86_64 1509966243 875288 38e7ca5a6f7c32d16c11e45138f71fbf installed
lib64qt5eglfskmssupport5-5.9.3-2.mga7.x86_64 1514574976 104920 2605a2b25036e8ad4989d53f88a5268e installed
cpio-2.12-3.mga6.x86_64 1458058612 909720 dd1b933f25ec685464835e967fcfb499 installed
lib64boost_prg_exec_monitor1.66.0-1.66.0-2.mga7.x86_64 1514554117 67826 1fb2804b928058712fa1191c949046b9 installed
lib64qt5xmlpatterns5-5.9.3-1.mga7.x86_64 1514277783 3852424 d8f77487a7d46cfd5ae0b2050560a723 installed
openldap-2.4.45-3.mga7.x86_64 1501710364 15507 73bf493cd2bcf7dbe8ac82c9842c77de installed
glib2.0-common-2.54.3-1.mga7.x86_64 1515447294 8435995 7336a7162295534c04b5f4490ea0e089 installed
lib64qt5quicktest5-5.9.3-2.mga7.x86_64 1515073088 154968 9e65fc3456b003fd1e7fb9b4101cffe0 installed
make-1:4.2.1-1.mga7.x86_64 1505505940 1477713 0dba2065a4d32b7aa34a7001675c1dca installed
mathjax-ams-fonts-2.7.2-1.mga7.noarch 1507989836 273538 441da3b8276c6c7cafbcc9dd28297f3d installed
lib64qt5quickwidgets5-5.9.3-2.mga7.x86_64 1515073088 75880 b606ec57cd20346d4057ae40d1dc2c7b installed
libsecret-tools-0.18.5-2.mga6.x86_64 1497173859 21744 0cb6789af5d7f7be0e87214c6353d7e1 installed
mathjax-size2-fonts-2.7.2-1.mga7.noarch 1507989836 35262 a9d8bd79a4b7f6c8ab55fcadc4efea11 installed
lib64qt5concurrent5-5.9.3-2.mga7.x86_64 1514574976 28712 a9fc3307b2e9e1f8974ab5ea9991e1ef installed
locales-af-2.22-5.mga6.x86_64 1464875389 7208 8ab3b113c58559bc4453f11d1650c7a5 installed
lib64xml2-devel-2.9.7-2.mga7.x86_64 1514395653 9966126 2ee55cc2ef66385c03370a78ddc27f45 installed
gobject-introspection-1.54.1-1.mga7.x86_64 1506948404 2003550 26cd548870fa1ba1259c80a64aca4c36 installed
locales-bg-2.22-5.mga6.x86_64 1464875389 1273101 ecc83e47ce4be842688eaa82cc2fa0cb installed
llvm-5.0.1-1.mga7.x86_64 1514284401 9476926 3295a9763309725360f190aefd792f9c installed
gcc-c++-7.2.2-20171207.1.mga7.x86_64 1512758114 24979542 7f9a5bafba447c71893fbcea186bc7dc installed
locales-da-2.22-5.mga6.x86_64 1464875389 1786407 4ec40d3c9e407f68a020e283476f0b5f installed
lib64qt5core-devel-5.9.3-2.mga7.x86_64 1514574976 4052024 9b28beec869eb9f1a5af139f15b7d1d4 installed
dbus-1.10.16-1.mga6.x86_64 1487347310 520614 804a0d8d0bd9426cfe23f0880e093ccb installed
locales-fa-2.22-5.mga6.x86_64 1464875389 1535020 831458bc78998664a82decb268d4f751 installed
lib64qt5positioning-devel-5.9.3-1.mga7.x86_64 1514576025 2547695 ee97d09c47947acc344e1f7ca3c39645 installed
resolvconf-1.79-1.mga6.noarch 1464209425 69744 25253ceda5f48e51af4761bf85342de7 installed
locales-gu-2.22-5.mga6.x86_64 1464875389 285040 e154fb2044229f3a27cc7dd7608f05e0 installed
lib64input-devel-1.9.4-1.mga7.x86_64 1513372646 182449 f5284e5c7e16d29a3d6f4f2d553974ec installed
python3-rpm-generators-4.13.0.1-2.6.mga7.noarch 1502063982 65745 3d0b5758fa8ce5d048e64eb02db290cc installed
