2018-01-16 11:47:25,897 - Mock Version: 1.4.8
2018-01-16 11:47:27,349 - Finish: chroot init
2018-01-16 11:47:27,353 - Start: build phase for golang-1.8.5-2.mga7.src.rpm
2018-01-16 11:47:27,354 - Start: build setup for golang-1.8.5-2.mga7.src.rpm
2018-01-16 11:47:40,584 - Finish: build setup for golang-1.8.5-2.mga7.src.rpm
2018-01-16 11:47:40,584 - Start: rpmbuild golang-1.8.5-2.mga7.src.rpm
2018-01-16 11:47:40,586 - Start: Outputting list of installed packages
2018-01-16 11:47:40,631 - Finish: Outputting list of installed packages
2018-01-16 11:51:21,941 - Start: clean chroot
2018-01-16 11:51:30,840 - Finish: clean chroot
2018-01-16 11:55:24,213 - Mock Version: 1.4.8
2018-01-16 11:55:25,810 - Finish: chroot init
2018-01-16 11:55:25,813 - Start: build phase for golang-1.8.5-2.mga7.src.rpm
2018-01-16 11:55:25,815 - Start: build setup for golang-1.8.5-2.mga7.src.rpm
2018-01-16 11:55:37,914 - Finish: build setup for golang-1.8.5-2.mga7.src.rpm
2018-01-16 11:55:37,914 - Start: rpmbuild golang-1.8.5-2.mga7.src.rpm
2018-01-16 11:55:37,916 - Start: Outputting list of installed packages
2018-01-16 11:55:37,962 - Finish: Outputting list of installed packages
2018-01-16 11:59:22,850 - Start: clean chroot
2018-01-16 11:59:31,623 - Finish: clean chroot
2018-01-16 12:06:05,505 - Mock Version: 1.4.8
2018-01-16 12:06:06,898 - Finish: chroot init
2018-01-16 12:06:06,901 - Start: build phase for golang-1.8.5-2.mga7.src.rpm
2018-01-16 12:06:06,903 - Start: build setup for golang-1.8.5-2.mga7.src.rpm
2018-01-16 12:06:20,094 - Finish: build setup for golang-1.8.5-2.mga7.src.rpm
2018-01-16 12:06:20,094 - Start: rpmbuild golang-1.8.5-2.mga7.src.rpm
2018-01-16 12:06:20,096 - Start: Outputting list of installed packages
2018-01-16 12:06:20,142 - Finish: Outputting list of installed packages
2018-01-16 12:09:42,771 - Start: clean chroot
2018-01-16 12:09:51,549 - Finish: clean chroot
2018-01-16 12:10:53,148 - Mock Version: 1.4.8
2018-01-16 12:10:54,558 - Finish: chroot init
2018-01-16 12:10:54,561 - Start: build phase for golang-1.8.5-2.mga7.src.rpm
2018-01-16 12:10:54,564 - Start: build setup for golang-1.8.5-2.mga7.src.rpm
2018-01-16 12:11:07,056 - Finish: build setup for golang-1.8.5-2.mga7.src.rpm
2018-01-16 12:11:07,057 - Start: rpmbuild golang-1.8.5-2.mga7.src.rpm
2018-01-16 12:11:07,059 - Start: Outputting list of installed packages
2018-01-16 12:11:07,107 - Finish: Outputting list of installed packages
2018-01-16 12:14:29,800 - Start: clean chroot
2018-01-16 12:14:38,676 - Finish: clean chroot
