autoconf-2.69-13.mga7
automake-1.16.1-3.mga7
basesystem-minimal-7-0.4.mga7
bash-4.4-23.1.mga7
binutils-2.32-5.mga7
bzip2-1.0.6-12.mga7
chkconfig-1.11-1.mga7
cmake-rpm-macros-3.14.3-1.mga7
common-licenses-1.1-9.mga7
coreutils-8.31-1.mga7
cpio-2.12-5.mga7
cracklib-dicts-2.9.7-1.mga7
cronie-1.5.4-1.mga7
crontabs-1.10-23.mga7
crypto-policies-20170606-2.mga7
curl-7.64.1-1.mga7
dash-static-0.5.10.2-1.mga7
dbus-1.13.8-4.mga7
desktop-file-utils-0.23-5.mga7
diffutils-3.7-1.mga7
dwz-0.12-3.mga7
e2fsprogs-1.45.0-1.mga7
elfutils-0.176-1.mga7
enchant2-2.2.3-6.mga7
etcskel-1.63-35.mga7
ethtool-5.0-1.mga7
file-5.36-1.mga7
filesystem-2.1.9-30.mga7
findutils-4.6.0-2.mga7
gawk-4.2.1-2.mga7
gcc-8.3.1-0.20190419.2.mga7
gcc-c++-8.3.1-0.20190419.2.mga7
gcc-cpp-8.3.1-0.20190419.2.mga7
gdb-headless-8.2-7.mga7
genhdlist2-7.10-1.mga7
gettext-0.19.8.1-4.mga7
gettext-base-0.19.8.1-4.mga7
glibc-2.29-7.mga7
glibc-devel-2.29-7.mga7
gobject-introspection-1.60.1-2.mga7
go-srpm-macros-2-1.mga7
gpg-pubkey-80420f66-4d4fe123
grep-3.3-1.mga7
groff-for-man-1.22.4-1.mga7
guile-runtime-2.0.14-3.mga7
gzip-1.10-1.mga7
hostname-3.21-1.mga7
icu63-data-63.1-1.mga7
ifmetric-0.3-18.mga7
ifplugd-0.28-21.mga7
info-install-6.5-7.mga7
initscripts-9.78-10.mga7
ipcalc-0.2.0-5.mga7
iproute2-5.0.0-1.mga7
iputils-20180629-2.mga7
isl-0.18-1.mga7
kbd-2.0.4-2.mga7
kernel-userspace-headers-5.1.0-0.rc6.1.mga7
kmod-26-1.mga7
krb5-1.17-2.mga7
less-550-1.mga7
lib64acl1-2.2.53-1.mga7
lib64archive13-3.3.3-4.mga7
lib64atomic_ops1-7.6.10-1.mga7
lib64attr1-2.4.48-2.mga7
lib64audit1-2.8.5-1.mga7
lib64babeltrace1-1.5.6-1.mga7
lib64blkid1-2.33.2-1.mga7
lib64brotlicommon1-1.0.7-2.mga7
lib64brotlidec1-1.0.7-2.mga7
lib64bz2_1-1.0.6-12.mga7
lib64cap2-2.26-1.mga7
lib64cap-ng0-0.7.9-3.mga7
lib64crack2-2.9.7-1.mga7
lib64croco0.6_3-0.6.13-1.mga7
lib64cryptsetup12-2.1.0-1.mga7
lib64curl4-7.64.1-1.mga7
lib64daemon0-0.14-12.mga7
lib64db5.3-5.3.28-17.mga7
lib64dbus1_3-1.13.8-4.mga7
lib64devmapper1.02-1.02.154-1.mga7
lib64elfutils1-0.176-1.mga7
lib64enchant2_2-2.2.3-6.mga7
lib64expat1-2.2.6-2.mga7
lib64ext2fs2-1.45.0-1.mga7
lib64fdisk1-2.33.2-1.mga7
lib64ffi6-3.2.1-7.mga7
lib64fuse2-2.9.9-1.mga7
lib64gc1-7.6.4-2.mga7
lib64gcrypt20-1.8.4-1.mga7
lib64gdbm6-1.18.1-1.mga7
lib64gdbm_compat4-1.18.1-1.mga7
lib64gettextmisc-0.19.8.1-4.mga7
lib64gio2.0_0-2.60.1-2.mga7
lib64girepository1.0_1-1.60.1-2.mga7
lib64glib2.0_0-2.60.1-2.mga7
lib64gmp10-6.1.2-3.mga7
lib64gnutls30-3.6.7-1.mga7
lib64gpg-error0-1.36-1.mga7
lib64guile2.0_22-2.0.14-3.mga7
lib64hogweed4-3.4.1-1.mga7
lib64hunspell1.7_0-1.7.0-1.mga7
lib64icu63-63.1-1.mga7
lib64idn2_0-2.1.1a-1.mga7
lib64intl8-0.19.8.1-4.mga7
lib64ip4tc0-1.8.2-5.mga7
lib64ipt1-1.4.4-3.mga7
lib64iptables12-1.8.2-5.mga7
lib64isl15-0.18-1.mga7
lib64json-c4-0.13.1-2.mga7
lib64keyutils1-1.6-1.mga7
lib64kmod2-26-1.mga7
lib64krb53-1.17-2.mga7
lib64ldap2.4_2-2.4.47-2.mga7
lib64ltdl7-2.4.6-9.mga7
lib64lua5.3-5.3.5-2.mga7
lib64lz4_1-1.8.3-1.mga7
lib64lzma5-5.2.4-2.mga7
lib64lzo2_2-2.10-2.mga7
lib64magic1-5.36-1.mga7
lib64microhttpd12-0.9.63-1.mga7
lib64mount1-2.33.2-1.mga7
lib64mpc3-1.1.0-3.mga7
lib64mpfr6-4.0.2-1.mga7
lib64ncurses6-6.1-20181117.3.mga7
lib64ncursesw6-6.1-20181117.3.mga7
lib64nettle6-3.4.1-1.mga7
lib64nghttp2_14-1.38.0-1.mga7
lib64openssl1.1-1.1.0j-1.mga7
lib64p11-kit0-0.23.15-1.mga7
lib64pam0-1.3.1-1.mga7
lib64pam_userpass1-1.0.2-14.mga7
lib64pcre16_0-8.43-1.mga7
lib64pcre1-8.43-1.mga7
lib64pcre32_0-8.43-1.mga7
lib64pcreposix1-8.43-1.mga7
lib64pkgconf3-1.5.4-1.mga7
lib64popt0-1.16-14.mga7
lib64procps7-3.3.15-1.mga7
lib64psl5-0.21.0-1.mga7
lib64python2.7-2.7.16-1.mga7
lib64python2.7-stdlib-2.7.16-1.mga7
lib64python3.7-3.7.3-1.mga7
lib64python3.7-stdlib-3.7.3-1.mga7
lib64qrencode4-4.0.2-2.mga7
lib64readline7-7.0-3.mga7
lib64rpm8-4.14.2.1-10.mga7
lib64rpmbuild8-4.14.2.1-10.mga7
lib64rpmsign8-4.14.2.1-10.mga7
lib64sasl2_3-2.1.27-1.mga7
lib64seccomp2-2.3.3-2.mga7
lib64sigsegv2-2.12-2.mga7
lib64smartcols1-2.33.2-1.mga7
lib64sqlite3_0-3.28.0-1.mga7
lib64ssh4-0.8.7-1.mga7
lib64systemd0-241-7.mga7
lib64tasn1_6-4.13-2.mga7
lib64tcb0-1.1-9.mga7
lib64udev1-241-7.mga7
lib64unistring2-0.9.10-2.mga7
lib64user1-0.62-14.mga7
lib64uuid1-2.33.2-1.mga7
lib64verto1-0.3.0-3.mga7
lib64xcrypt1-4.4.4-1.mga7
lib64xcrypt-devel-4.4.4-1.mga7
lib64xml2_2-2.9.9-2.mga7
lib64zlib1-1.2.11-7.mga7
lib64zstd1-1.4.0-1.mga7
libgcc1-8.3.1-0.20190419.2.mga7
libgomp1-8.3.1-0.20190419.2.mga7
libgpg-error-common-1.36-1.mga7
libidn2-i18n-2.1.1a-1.mga7
libstdc++6-8.3.1-0.20190419.2.mga7
libstdc++-devel-8.3.1-0.20190419.2.mga7
libtool-base-2.4.6-9.mga7
libuser-0.62-14.mga7
libutempter-1.1.6-6.mga7
logrotate-3.15.0-1.mga7
lsb-release-2.0-54.mga7
m4-1.4.18-2.mga7
mageia-release-common-7-0.11.mga7
mageia-release-Default-7-0.11.mga7
mageia-repos-7-0.0.3.mga7
mageia-repos-cauldron-7-0.0.3.mga7
mageia-repos-keys-7-0.0.3.mga7
mageia-repos-pkgprefs-7-0.0.3.mga7
make-4.2.1-3.mga7
makedev-4.4-23.2.mga7
meta-task-7-0.25.mga7
multiarch-utils-1.0.14-2.mga7
ncurses-6.1-20181117.3.mga7
net-tools-2.0-0.20150915git.5.mga7
nss-myhostname-241-7.mga7
nss_tcb-1.1-9.mga7
ocaml-srpm-macros-5-2.mga7
openldap-2.4.47-2.mga7
p11-kit-0.23.15-1.mga7
pam-1.3.1-1.mga7
pam_tcb-1.1-9.mga7
passwd-0.80-1.mga7
patch-2.7.6-4.mga7
pcre-8.43-1.mga7
perl-5.28.2-1.mga7
perl-Alien-Build-1.670.0-1.mga7
perl-Alien-Libxml2-0.70.0-1.mga7
perl-base-5.28.2-1.mga7
perl-Capture-Tiny-0.480.0-2.mga7
perl-Config-IniFiles-3.0.2-1.mga7
perl-Exporter-Tiny-1.2.1-3.mga7
perl-FFI-CheckLib-0.230.0-1.mga7
perl-File-chdir-0.101.100-2.mga7
perl-File-Slurp-9999.270.0-1.mga7
perl-File-Sync-0.110.0-26.mga7
perl-Filesys-Df-0.920.0-26.mga7
perl-File-Which-1.230.0-1.mga7
perl-IO-stringy-2.111.0-5.mga7
perl-JSON-4.20.0-1.mga7
perl-List-MoreUtils-0.428.0-4.mga7
perl-List-MoreUtils-XS-0.428-1.mga7
perl-Locale-gettext-1.70.0-8.mga7
perl-MDK-Common-1.2.34.2-3.mga7
perl-MDV-Distribconf-4.101.0-2.mga7
perl-MDV-Packdrakeng-1.130.0-5.mga7
perl-Path-Tiny-0.108.0-2.mga7
perl-Time-ZoneInfo-0.300.0-9.mga7
perl-URPM-5.21-1.mga7
perl-XML-LibXML-2.20.0-1.mga7
perl-XML-NamespaceSupport-1.120.0-2.mga7
perl-XML-SAX-1.0.0-3.mga7
perl-XML-SAX-Base-1.90.0-3.mga7
perl-YAML-1.270.0-1.mga7
perl-YAML-Tiny-1.730.0-2.mga7
pkgconf-1.5.4-1.mga7
pkgconf-m4-1.5.4-1.mga7
pkgconf-pkg-config-1.5.4-1.mga7
popt-data-1.16-14.mga7
procps-ng-3.3.15-1.mga7
psmisc-23.2-2.mga7
publicsuffix-list-dafsa-20190417-1.mga7
python-2.7.16-1.mga7
python2-rpm-macros-3-7.mga7
python3-3.7.3-1.mga7
python3-enchant-2.0.0-7.mga7
python3-magic-5.36-1.mga7
python3-pkg-resources-41.0.0-1.mga7
python3-rpm-4.14.2.1-10.mga7
python3-rpm-generators-4.14.2-6.mga7
python3-rpm-macros-3-7.mga7
python3-setuptools-41.0.0-1.mga7
python-pip-wheel-19.0.3-1.mga7
python-rpm-macros-3-7.mga7
python-setuptools-wheel-41.0.0-1.mga7
python-srpm-macros-3-7.mga7
resolvconf-1.79-4.mga7
rmt-0.4b46-5.mga7
rootcerts-20190306.00-1.mga7
rootfiles-11.0-15.mga7
rpm-4.14.2.1-10.mga7
rpm-build-4.14.2.1-10.mga7
rpm-helper-0.24.17-5.mga7
rpmlint-1.10-4.mga7
rpmlint-mageia-policy-0.2.29-4.mga7
rpm-mageia-setup-2.38-1.mga7
rpm-mageia-setup-build-2.38-1.mga7
rpm-plugin-syslog-4.14.2.1-10.mga7
rpm-plugin-systemd-inhibit-4.14.2.1-10.mga7
run-parts-4.8.4-2.mga7
rust-srpm-macros-6-2.mga7
sash-3.8-7.mga7
sed-4.7-1.mga7
setup-2.7.24-3.mga7
shadow-utils-4.6-1.mga7
shared-mime-info-1.12-4.mga7
spec-helper-0.31.22-1.mga7
sudo-1.8.27-1.mga7
systemd-241-7.mga7
systemd-units-241-7.mga7
tar-1.32-1.mga7
tcb-1.1-9.mga7
time-1.9-2.mga7
timezone-2018i-1.mga7
traceroute-2.1.0-2.mga7
unzip-6.1c-3.mga7
urpmi-8.114-2.mga7
urpmi-debuginfo-install-8.2-7.mga7
util-linux-2.33.2-1.mga7
vim-minimal-8.1.1048-1.mga7
which-2.21-4.mga7
xz-5.2.4-2.mga7
zstd-1.4.0-1.mga7
