Mock Version: 1.4.8
ENTER ['do'](['bash', '--login', '-c', '/usr/bin/rpmbuild -bs --target x86_64 --nodeps /builddir/build/SPECS/pure-ftpd.spec'], gid=135nspawn_args=[]user='mockbuild'uid=1000unshare_net=Trueshell=Falselogger=<mockbuild.trace_decorator.getLog object at 0x7fcd6e031e10>env={'PATH': '/usr/bin:/bin:/usr/sbin:/sbin', 'PS1': '<mock-chroot> \\s-\\v\\$ ', 'PROMPT_COMMAND': 'printf "\\033]0;<mock-chroot>\\007"', 'SHELL': '/bin/bash', 'TERM': 'vt100', 'HOME': '/builddir', 'LANG': 'en_US.UTF-8', 'HOSTNAME': 'mock'}timeout=0chrootPath='/mock/cauldron/x86_64'printOutput=True)
Executing command: ['/usr/bin/systemd-nspawn', '-q', '-M', 'd3d8fba3b6144f8db0de30bb3f2bc7e3', '-D', '/mock/cauldron/x86_64', '-a', '--setenv=PATH=/usr/bin:/bin:/usr/sbin:/sbin', '--setenv=PS1=<mock-chroot> \\s-\\v\\$ ', '--setenv=PROMPT_COMMAND=printf "\\033]0;<mock-chroot>\\007"', '--setenv=SHELL=/bin/bash', '--setenv=TERM=vt100', '--setenv=HOME=/builddir', '--setenv=LANG=en_US.UTF-8', '--setenv=HOSTNAME=mock', '-u', 'mockbuild', 'bash', '--login', '-c', '/usr/bin/rpmbuild -bs --target x86_64 --nodeps /builddir/build/SPECS/pure-ftpd.spec'] with env {'PATH': '/usr/bin:/bin:/usr/sbin:/sbin', 'PS1': '<mock-chroot> \\s-\\v\\$ ', 'PROMPT_COMMAND': 'printf "\\033]0;<mock-chroot>\\007"', 'SHELL': '/bin/bash', 'TERM': 'vt100', 'HOME': '/builddir', 'LANG': 'en_US.UTF-8', 'HOSTNAME': 'mock'} and shell False
/etc/profile.d/lang.sh: line 28: warning: setlocale: LC_CTYPE: cannot change locale (en_US.UTF-8): No such file or directory
/etc/profile.d/lang.sh: line 29: warning: setlocale: LC_COLLATE: cannot change locale (en_US.UTF-8): No such file or directory
/etc/profile.d/lang.sh: line 32: warning: setlocale: LC_MESSAGES: cannot change locale (en_US.UTF-8): No such file or directory
/etc/profile.d/lang.sh: line 35: warning: setlocale: LC_NUMERIC: cannot change locale (en_US.UTF-8): No such file or directory
/etc/profile.d/lang.sh: line 38: warning: setlocale: LC_TIME: cannot change locale (en_US.UTF-8): No such file or directory
Building target platforms: x86_64
Building for target x86_64
Wrote: /builddir/build/SRPMS/pure-ftpd-1.0.47-1.mga7.src.rpm
Child return code was: 0
Mock Version: 1.4.8
ENTER ['do'](['bash', '--login', '-c', '/usr/bin/rpmbuild -bs --target x86_64 --nodeps /builddir/build/SPECS/pure-ftpd.spec'], unshare_net=Trueuid=1000env={'LANG': 'en_US.UTF-8', 'SHELL': '/bin/bash', 'HOME': '/builddir', 'PATH': '/usr/bin:/bin:/usr/sbin:/sbin', 'PROMPT_COMMAND': 'printf "\\033]0;<mock-chroot>\\007"', 'TERM': 'vt100', 'PS1': '<mock-chroot> \\s-\\v\\$ ', 'HOSTNAME': 'mock'}chrootPath='/mock/cauldron/x86_64'printOutput=Truegid=135shell=Falsenspawn_args=[]user='mockbuild'logger=<mockbuild.trace_decorator.getLog object at 0x7faf86906e10>timeout=0)
Executing command: ['/usr/bin/systemd-nspawn', '-q', '-M', 'c7ea44563b5d4f9fa8a60d311f6cc785', '-D', '/mock/cauldron/x86_64', '-a', '--setenv=LANG=en_US.UTF-8', '--setenv=SHELL=/bin/bash', '--setenv=HOME=/builddir', '--setenv=PATH=/usr/bin:/bin:/usr/sbin:/sbin', '--setenv=PROMPT_COMMAND=printf "\\033]0;<mock-chroot>\\007"', '--setenv=TERM=vt100', '--setenv=PS1=<mock-chroot> \\s-\\v\\$ ', '--setenv=HOSTNAME=mock', '-u', 'mockbuild', 'bash', '--login', '-c', '/usr/bin/rpmbuild -bs --target x86_64 --nodeps /builddir/build/SPECS/pure-ftpd.spec'] with env {'LANG': 'en_US.UTF-8', 'SHELL': '/bin/bash', 'HOME': '/builddir', 'PATH': '/usr/bin:/bin:/usr/sbin:/sbin', 'PROMPT_COMMAND': 'printf "\\033]0;<mock-chroot>\\007"', 'TERM': 'vt100', 'PS1': '<mock-chroot> \\s-\\v\\$ ', 'HOSTNAME': 'mock'} and shell False
/etc/profile.d/lang.sh: line 28: warning: setlocale: LC_CTYPE: cannot change locale (en_US.UTF-8): No such file or directory
/etc/profile.d/lang.sh: line 29: warning: setlocale: LC_COLLATE: cannot change locale (en_US.UTF-8): No such file or directory
/etc/profile.d/lang.sh: line 32: warning: setlocale: LC_MESSAGES: cannot change locale (en_US.UTF-8): No such file or directory
/etc/profile.d/lang.sh: line 35: warning: setlocale: LC_NUMERIC: cannot change locale (en_US.UTF-8): No such file or directory
/etc/profile.d/lang.sh: line 38: warning: setlocale: LC_TIME: cannot change locale (en_US.UTF-8): No such file or directory
Building target platforms: x86_64
Building for target x86_64
Wrote: /builddir/build/SRPMS/pure-ftpd-1.0.47-1.mga7.src.rpm
Child return code was: 0
Mock Version: 1.4.8
ENTER ['do'](['bash', '--login', '-c', '/usr/bin/rpmbuild -bs --target x86_64 --nodeps /builddir/build/SPECS/pure-ftpd.spec'], user='mockbuild'timeout=0printOutput=TruechrootPath='/mock/cauldron/x86_64'uid=1000unshare_net=Trueenv={'PATH': '/usr/bin:/bin:/usr/sbin:/sbin', 'PROMPT_COMMAND': 'printf "\\033]0;<mock-chroot>\\007"', 'PS1': '<mock-chroot> \\s-\\v\\$ ', 'SHELL': '/bin/bash', 'TERM': 'vt100', 'HOME': '/builddir', 'HOSTNAME': 'mock', 'LANG': 'en_US.UTF-8'}gid=135logger=<mockbuild.trace_decorator.getLog object at 0x7f04f9435dd8>shell=Falsenspawn_args=[])
Executing command: ['/usr/bin/systemd-nspawn', '-q', '-M', 'b06d8f4c054147bb9c9c780aac94fda5', '-D', '/mock/cauldron/x86_64', '-a', '--setenv=PATH=/usr/bin:/bin:/usr/sbin:/sbin', '--setenv=PROMPT_COMMAND=printf "\\033]0;<mock-chroot>\\007"', '--setenv=PS1=<mock-chroot> \\s-\\v\\$ ', '--setenv=SHELL=/bin/bash', '--setenv=TERM=vt100', '--setenv=HOME=/builddir', '--setenv=HOSTNAME=mock', '--setenv=LANG=en_US.UTF-8', '-u', 'mockbuild', 'bash', '--login', '-c', '/usr/bin/rpmbuild -bs --target x86_64 --nodeps /builddir/build/SPECS/pure-ftpd.spec'] with env {'PATH': '/usr/bin:/bin:/usr/sbin:/sbin', 'PROMPT_COMMAND': 'printf "\\033]0;<mock-chroot>\\007"', 'PS1': '<mock-chroot> \\s-\\v\\$ ', 'SHELL': '/bin/bash', 'TERM': 'vt100', 'HOME': '/builddir', 'HOSTNAME': 'mock', 'LANG': 'en_US.UTF-8'} and shell False
/etc/profile.d/lang.sh: line 28: warning: setlocale: LC_CTYPE: cannot change locale (en_US.UTF-8): No such file or directory
/etc/profile.d/lang.sh: line 29: warning: setlocale: LC_COLLATE: cannot change locale (en_US.UTF-8): No such file or directory
/etc/profile.d/lang.sh: line 32: warning: setlocale: LC_MESSAGES: cannot change locale (en_US.UTF-8): No such file or directory
/etc/profile.d/lang.sh: line 35: warning: setlocale: LC_NUMERIC: cannot change locale (en_US.UTF-8): No such file or directory
/etc/profile.d/lang.sh: line 38: warning: setlocale: LC_TIME: cannot change locale (en_US.UTF-8): No such file or directory
Building target platforms: x86_64
Building for target x86_64
Wrote: /builddir/build/SRPMS/pure-ftpd-1.0.47-1.mga7.src.rpm
Child return code was: 0
