Mock Version: 1.4.8
ENTER ['do'](['bash', '--login', '-c', '/usr/bin/rpmbuild -bs --target i586 --nodeps /builddir/build/SPECS/aspectc++.spec'], chrootPath='/home/stig/rpmbuild/mock/cauldron/i586'env={'TERM': 'vt100', 'SHELL': '/bin/bash', 'HOME': '/builddir', 'HOSTNAME': 'mock', 'PATH': '/usr/bin:/bin:/usr/sbin:/sbin', 'PROMPT_COMMAND': 'printf "\\033]0;<mock-chroot>\\007"', 'PS1': '<mock-chroot> \\s-\\v\\$ ', 'LANG': 'en_US.UTF-8'}shell=Falselogger=<mockbuild.trace_decorator.getLog object at 0x7f2d62870898>timeout=0uid=1000gid=135user='mockbuild'nspawn_args=[]unshare_net=TrueprintOutput=True)
Executing command: ['/usr/bin/systemd-nspawn', '-q', '-M', '53e3c8b282be43de848e99880110e16f', '-D', '/home/stig/rpmbuild/mock/cauldron/i586', '-a', '--setenv=TERM=vt100', '--setenv=SHELL=/bin/bash', '--setenv=HOME=/builddir', '--setenv=HOSTNAME=mock', '--setenv=PATH=/usr/bin:/bin:/usr/sbin:/sbin', '--setenv=PROMPT_COMMAND=printf "\\033]0;<mock-chroot>\\007"', '--setenv=PS1=<mock-chroot> \\s-\\v\\$ ', '--setenv=LANG=en_US.UTF-8', '-u', 'mockbuild', 'bash', '--login', '-c', '/usr/bin/rpmbuild -bs --target i586 --nodeps /builddir/build/SPECS/aspectc++.spec'] with env {'TERM': 'vt100', 'SHELL': '/bin/bash', 'HOME': '/builddir', 'HOSTNAME': 'mock', 'PATH': '/usr/bin:/bin:/usr/sbin:/sbin', 'PROMPT_COMMAND': 'printf "\\033]0;<mock-chroot>\\007"', 'PS1': '<mock-chroot> \\s-\\v\\$ ', 'LANG': 'en_US.UTF-8'} and shell False
/etc/profile.d/lang.sh: line 28: warning: setlocale: LC_CTYPE: cannot change locale (en_US.UTF-8): No such file or directory
/etc/profile.d/lang.sh: line 29: warning: setlocale: LC_COLLATE: cannot change locale (en_US.UTF-8): No such file or directory
/etc/profile.d/lang.sh: line 32: warning: setlocale: LC_MESSAGES: cannot change locale (en_US.UTF-8): No such file or directory
/etc/profile.d/lang.sh: line 35: warning: setlocale: LC_NUMERIC: cannot change locale (en_US.UTF-8): No such file or directory
/etc/profile.d/lang.sh: line 38: warning: setlocale: LC_TIME: cannot change locale (en_US.UTF-8): No such file or directory
Building target platforms: i586
Building for target i586
Wrote: /builddir/build/SRPMS/aspectc++-2.3-0.nightly20180126.3.mga7.src.rpm
Child return code was: 0
ENTER ['do'](['bash', '--login', '-c', '/usr/bin/rpmbuild -bb --target i586 --nodeps /builddir/build/SPECS/aspectc++.spec'], chrootPath='/home/stig/rpmbuild/mock/cauldron/i586'env={'TERM': 'vt100', 'SHELL': '/bin/bash', 'HOME': '/builddir', 'HOSTNAME': 'mock', 'PATH': '/usr/bin:/bin:/usr/sbin:/sbin', 'PROMPT_COMMAND': 'printf "\\033]0;<mock-chroot>\\007"', 'PS1': '<mock-chroot> \\s-\\v\\$ ', 'LANG': 'en_US.UTF-8'}shell=Falselogger=<mockbuild.trace_decorator.getLog object at 0x7f2d62870898>timeout=0uid=1000gid=135user='mockbuild'nspawn_args=[]unshare_net=TrueprintOutput=True)
Executing command: ['/usr/bin/systemd-nspawn', '-q', '-M', 'a202a38b6ff24bcea704ba144db4ed3e', '-D', '/home/stig/rpmbuild/mock/cauldron/i586', '-a', '--setenv=TERM=vt100', '--setenv=SHELL=/bin/bash', '--setenv=HOME=/builddir', '--setenv=HOSTNAME=mock', '--setenv=PATH=/usr/bin:/bin:/usr/sbin:/sbin', '--setenv=PROMPT_COMMAND=printf "\\033]0;<mock-chroot>\\007"', '--setenv=PS1=<mock-chroot> \\s-\\v\\$ ', '--setenv=LANG=en_US.UTF-8', '-u', 'mockbuild', 'bash', '--login', '-c', '/usr/bin/rpmbuild -bb --target i586 --nodeps /builddir/build/SPECS/aspectc++.spec'] with env {'TERM': 'vt100', 'SHELL': '/bin/bash', 'HOME': '/builddir', 'HOSTNAME': 'mock', 'PATH': '/usr/bin:/bin:/usr/sbin:/sbin', 'PROMPT_COMMAND': 'printf "\\033]0;<mock-chroot>\\007"', 'PS1': '<mock-chroot> \\s-\\v\\$ ', 'LANG': 'en_US.UTF-8'} and shell False
/etc/profile.d/lang.sh: line 28: warning: setlocale: LC_CTYPE: cannot change locale (en_US.UTF-8): No such file or directory
/etc/profile.d/lang.sh: line 29: warning: setlocale: LC_COLLATE: cannot change locale (en_US.UTF-8): No such file or directory
/etc/profile.d/lang.sh: line 32: warning: setlocale: LC_MESSAGES: cannot change locale (en_US.UTF-8): No such file or directory
/etc/profile.d/lang.sh: line 35: warning: setlocale: LC_NUMERIC: cannot change locale (en_US.UTF-8): No such file or directory
/etc/profile.d/lang.sh: line 38: warning: setlocale: LC_TIME: cannot change locale (en_US.UTF-8): No such file or directory
Building target platforms: i586
Building for target i586
Executing(%prep): /bin/sh -e /var/tmp/rpm-tmp.HPcjJN
+ umask 022
+ cd /builddir/build/BUILD
+ '[' 1 -eq 1 ']'
+ '[' 1 -eq 1 ']'
+ '[' 1 -eq 1 ']'
+ cd /builddir/build/BUILD
+ rm -rf aspectc++
+ /usr/bin/bzip2 -dc /builddir/build/SOURCES/ac-2.3-nightly-20180126.tar.gz
+ /usr/bin/tar -xof -
+ STATUS=0
+ '[' 0 -ne 0 ']'
+ cd aspectc++
+ /usr/bin/chmod -Rf a+rX,u+w,g-w,o-w .
+ /usr/bin/cat /builddir/build/SOURCES/ac-2.3-pre-mga-add-clang-5.0.1.patch
+ /usr/bin/patch -p1 -s --fuzz=0 --no-backup-if-mismatch
+ /usr/bin/cp /builddir/build/SOURCES/clang-5.0.1.mk AspectC++/config/clang-5.0.1.mk
+ /usr/bin/rm -rf Puma/COPYING Puma/INSTALL Puma/Makefile Puma/README Puma/TODO Puma/doc Puma/examples Puma/extensions.mk Puma/extern Puma/files.mk Puma/src Puma/tests Puma/tools Puma/vars.mk
+ tar xfj /builddir/build/SOURCES/puma-source-woven.tar.bz2
+ exit 0
Executing(%build): /bin/sh -e /var/tmp/rpm-tmp.iltVZL
+ umask 022
+ cd /builddir/build/BUILD
+ cd aspectc++
+ '[' 1 -eq 1 ']'
+ '[' 1 -eq 1 ']'
+ /usr/bin/make -O -j8 -C Puma
make: Entering directory '/builddir/build/BUILD/aspectc++/Puma'
---
Making PUMA for TARGET=linux-release
  Extensions = gnuext winext acppext cc1xext
---
make: Leaving directory '/builddir/build/BUILD/aspectc++/Puma'
make[2]: Nothing to be done for 'all'.
make[2]: Nothing to be done for 'all'.
Generating ac++ config file...
make[1]: ag++: Command not found
make[1]: *** [Makefile:48: config] Error 127
make[1]: *** Waiting for unfinished jobs....
make: *** [Makefile:68: src] Error 2
RPM build errors:
error: Bad exit status from /var/tmp/rpm-tmp.iltVZL (%build)
    Bad exit status from /var/tmp/rpm-tmp.iltVZL (%build)
Child return code was: 1
EXCEPTION: [Error()]
Traceback (most recent call last):
  File "/usr/lib/python3.6/site-packages/mockbuild/trace_decorator.py", line 96, in trace
    result = func(*args, **kw)
  File "/usr/lib/python3.6/site-packages/mockbuild/util.py", line 619, in do
    raise exception.Error("Command failed: \n # %s\n%s" % (command, output), child.returncode)
mockbuild.exception.Error: Command failed: 
 # /usr/bin/systemd-nspawn -q -M a202a38b6ff24bcea704ba144db4ed3e -D /home/stig/rpmbuild/mock/cauldron/i586 -a --setenv=TERM=vt100 --setenv=SHELL=/bin/bash --setenv=HOME=/builddir --setenv=HOSTNAME=mock --setenv=PATH=/usr/bin:/bin:/usr/sbin:/sbin --setenv=PROMPT_COMMAND=printf "\033]0;<mock-chroot>\007" --setenv=PS1=<mock-chroot> \s-\v\$  --setenv=LANG=en_US.UTF-8 -u mockbuild bash --login -c /usr/bin/rpmbuild -bb --target i586 --nodeps /builddir/build/SPECS/aspectc++.spec

Mock Version: 1.4.8
ENTER ['do'](['bash', '--login', '-c', '/usr/bin/rpmbuild -bs --target i586 --nodeps /builddir/build/SPECS/aspectc++.spec'], chrootPath='/home/stig/rpmbuild/mock/cauldron/i586'env={'TERM': 'vt100', 'SHELL': '/bin/bash', 'HOME': '/builddir', 'HOSTNAME': 'mock', 'PATH': '/usr/bin:/bin:/usr/sbin:/sbin', 'PROMPT_COMMAND': 'printf "\\033]0;<mock-chroot>\\007"', 'PS1': '<mock-chroot> \\s-\\v\\$ ', 'LANG': 'en_US.UTF-8'}shell=Falselogger=<mockbuild.trace_decorator.getLog object at 0x7f1a4032f940>timeout=0uid=1000gid=135user='mockbuild'nspawn_args=[]unshare_net=TrueprintOutput=True)
Executing command: ['/usr/bin/systemd-nspawn', '-q', '-M', 'f61d80d3488c4b5996b6d5c511bfee8f', '-D', '/home/stig/rpmbuild/mock/cauldron/i586', '-a', '--setenv=TERM=vt100', '--setenv=SHELL=/bin/bash', '--setenv=HOME=/builddir', '--setenv=HOSTNAME=mock', '--setenv=PATH=/usr/bin:/bin:/usr/sbin:/sbin', '--setenv=PROMPT_COMMAND=printf "\\033]0;<mock-chroot>\\007"', '--setenv=PS1=<mock-chroot> \\s-\\v\\$ ', '--setenv=LANG=en_US.UTF-8', '-u', 'mockbuild', 'bash', '--login', '-c', '/usr/bin/rpmbuild -bs --target i586 --nodeps /builddir/build/SPECS/aspectc++.spec'] with env {'TERM': 'vt100', 'SHELL': '/bin/bash', 'HOME': '/builddir', 'HOSTNAME': 'mock', 'PATH': '/usr/bin:/bin:/usr/sbin:/sbin', 'PROMPT_COMMAND': 'printf "\\033]0;<mock-chroot>\\007"', 'PS1': '<mock-chroot> \\s-\\v\\$ ', 'LANG': 'en_US.UTF-8'} and shell False
/etc/profile.d/lang.sh: line 28: warning: setlocale: LC_CTYPE: cannot change locale (en_US.UTF-8): No such file or directory
/etc/profile.d/lang.sh: line 29: warning: setlocale: LC_COLLATE: cannot change locale (en_US.UTF-8): No such file or directory
/etc/profile.d/lang.sh: line 32: warning: setlocale: LC_MESSAGES: cannot change locale (en_US.UTF-8): No such file or directory
/etc/profile.d/lang.sh: line 35: warning: setlocale: LC_NUMERIC: cannot change locale (en_US.UTF-8): No such file or directory
/etc/profile.d/lang.sh: line 38: warning: setlocale: LC_TIME: cannot change locale (en_US.UTF-8): No such file or directory
Building target platforms: i586
Building for target i586
Wrote: /builddir/build/SRPMS/aspectc++-2.3-0.nightly20180126.3.mga7.src.rpm
Child return code was: 0
