lib64qt5opengl5-5.9.3-2.mga7.x86_64 1514574976 360544 0229d6f27aa9a93a0167dea20a26eb0d installed
cronie-1.5.1-1.mga6.x86_64 1470931335 231559 cd522215a5ecc020324f320c6a76fca7 installed
dnf-conf-2.7.5-1.mga7.noarch 1508941590 37002 02e98483137daa005b95d776d0677fac installed
lib64qt5-database-plugin-pgsql-5.9.3-2.mga7.x86_64 1514574976 84616 3b89c3acec4015431edcf5a9eebd4290 installed
python3-librepo-1.7.20-3.mga7.x86_64 1501875745 216220 fcf1f0539b92c0efefadcebde7463b7a installed
python2-rpm-macros-3-5.mga7.noarch 1502797638 1495 af515d58ca8cf4d5cee44c10a2bfccc3 installed
lib64qt5network-devel-5.9.3-2.mga7.x86_64 1514574976 644071 d9f9a06e34865e33b1deb5fe772fba1b installed
python3-dnf-2.7.5-1.mga7.noarch 1508941590 1906196 05a10dd06a1ca6b0d014fb8b87145837 installed
lib64qt5concurrent-devel-5.9.3-2.mga7.x86_64 1514574976 272341 26941c919eaea0ce3c8e220b507043a2 installed
dnf-utils-2.1.5-1.mga7.noarch 1508942412 3844 7ae0479b0a6327b4f6a0591f214e85e1 installed
rootcerts-1:20180104.00-1.mga7.noarch 1516471053 2953667 47c235adbe4621637cb3f0eb9d8465ac installed
lib64wayland-egl1-18.0.0-0.rc3.2.mga7.x86_64 1517512145 6856 137a79ba4cadc71e97eaf7318860f143 installed
lib64hunspell1.6_0-1.6.2-2.mga7.x86_64 1513695971 465760 8916f4328fd400e70934ca43e8fef9d8 installed
rust-srpm-macros-5-2.mga7.noarch 1515883584 1136 4140d23da5fdcc3543daccae129064b0 installed
lib64qt5xcbqpa-devel-5.9.3-2.mga7.x86_64 1514574976 1477 78f106819cf0837effe5f56270e00324 installed
lib64hfstospell10-0.4.5-1.mga7.x86_64 1514582568 248688 2c01b437838cf897bf66c7723e9361aa installed
sash-3.8-6.mga6.x86_64 1455302300 996788 c18a24d8c9f8951a6c7fcf9c2a84e5eb installed
lib64qt5test-devel-5.9.3-2.mga7.x86_64 1514574976 505099 e383e4f5d8e295e97d9b074ea23181d5 installed
python3-enchant-1.6.10-1.mga7.noarch 1505460982 443571 970642693b22d9dff04eaa2745b0dec0 installed
setup-2.7.24-1.mga6.noarch 1472710689 702922 db4e26b38ea982361479a37bf17416f8 installed
lib64boost-python3_1.66.0-1.66.0-2.mga7.x86_64 1514554117 258490 c9abe4b5f89dd0ab3164fc341431ee2f installed
libgomp1-7.3.0-1.mga7.x86_64 1516914181 397764 3d4dda07f055d80db0fae2baf636d856 installed
lib64pcre1-8.41-3.mga7.x86_64 1513263578 468032 8dd5dd653be7b7aa4c7408f244f9ece8 installed
lib64jsoncpp19-1.8.3-1.mga7.x86_64 1507878053 207216 8d33dc82c6f7ee048d1f765545fbdb8b installed
rpm-build-1:4.14.1-3.mga7.x86_64 1516487941 275762 d8d353ff825c08198146888b8fff181c installed
lib64bz2_1-1.0.6-11.mga7.x86_64 1515081866 70165 d76161a9dc86d1e9d952568efaef7083 installed
lib64boost_program_options1.66.0-1.66.0-2.mga7.x86_64 1514554117 503466 d0ef6a9fc59ee03669e09b22ac2b2baa installed
vim-minimal-8.0.1451-2.mga7.x86_64 1517501693 886602 d18e7fca5fc4c81e56a5158d82053df8 installed
lib64acl1-2.2.52-8.mga7.x86_64 1516888409 211415 5c71bf33b0491f07b9fbc9889ed8439a installed
lib64python3-devel-3.6.2-4.mga7.x86_64 1514912703 631406 126e849f20a98cccd666cf83c7096f17 installed
lib64sasl2_3-2.1.26-15.mga7.x86_64 1517753051 125280 52e60e9e42ab216509842dac5b8f7e9b installed
lib64gpg-error0-1.27-1.mga7.x86_64 1509489084 83440 607c29b7c519192dde5610695162b052 installed
lib64boost-static-devel-1.66.0-2.mga7.x86_64 1514554117 233807832 434c09b377bac567daf9d9d27366d41c installed
x11-proto-devel-7.7-29.mga7.noarch 1504986839 2169107 157bcb85506da44f759547eca36da7f1 installed
lib64ffi6-3.2.1-5.mga6.x86_64 1455209060 53623 193f7267b19db640409187a51e0026e0 installed
lib64qt5base5-devel-5.9.3-2.mga7.x86_64 1514574976 0 62716f6af70af37375cea3b747a1b2c3 installed
lib64boost_thread1.66.0-1.66.0-2.mga7.x86_64 1514554117 174114 f09d9e61bebca6436ae3256ccd696c7b installed
lib64idn2_0-2.0.4-1.mga7.x86_64 1507729794 144319 f4d2fc48a6c2808a4772d3c3ffe0055f installed
libgfortran4-7.3.0-1.mga7.x86_64 1516914181 3781026 694a6550e69c15d7d1ae6efe3b74bb4e installed
lib64mtdev1-1.1.5-5.mga6.x86_64 1454694758 23640 e4d7755faa343f405f1eb2d5b4b8d49c installed
lib64assuan0-2.4.3-1.mga6.x86_64 1470926306 78864 c574e1725e0cb38c4189d0109700aab5 installed
python3-numpy-devel-1:1.13.3-3.mga7.x86_64 1507882636 333681 a56f6c41f403c7eae2babc876cdbb1f6 installed
lib64freetype6-2.8.1-1.mga7.x86_64 1506350917 674968 3a90dbd1e04db08dbafc69b2ae776433 installed
file-5.32-1.mga7.x86_64 1508361504 5993468 09f38e2e5fbbc39f6abe9431f4232f1c installed
lib64gudev1.0_0-232-1.mga7.x86_64 1505418640 40944 5d821cb8dfe03ed99c31fb4381ae89f2 installed
lib64nettle6-1:3.3-1.mga6.x86_64 1475498006 1003216 5758d37931b2ecb7a99f217beb29abe0 installed
lib64xau6-1.0.8-7.mga6.x86_64 1455233243 15424 123d054063ec80fde968fc5142acd250 installed
which-2.21-3.mga6.x86_64 1455308603 50534 744d1c75d1640178f7fe94bc9c775fdc installed
lib64lzma-devel-5.2.3-2.mga7.x86_64 1504715941 1464126 530511f590dedd20da32456f1131f77b installed
p11-kit-0.23.2-2.mga6.x86_64 1463186562 62480 ba7e0e93102dfaaaad6456c7d5070d7d installed
lib64xau-devel-1.0.8-7.mga6.x86_64 1455233243 6843 e096aad5cdbb5f5f19ce1544a38cac97 installed
lib64attr1-2.4.48-1.mga7.x86_64 1516178326 19960 076be52ab49fbf9566eee5e582c92708 installed
lib64xcb1-1.12-2.mga6.x86_64 1467524268 155944 64d0cd7dbc980f0e6f476e8d3490f3a0 installed
lib64audit1-2.8.2-1.mga7.x86_64 1513726185 115675 a4b133347f7f6a39e4721f4aa984c3f0 installed
lib64xcb-dri2_0-1.12-2.mga6.x86_64 1467524268 19384 3dc09d212203d026c69b43498427d53a installed
lib64procps6-3.3.12-1.mga6.x86_64 1471034217 99389 7163687c66559c87d52727fb39d5a01d installed
lib64xxf86vm1-1.1.4-2.mga6.x86_64 1455234436 23608 6c85c8fa156beb9b04a10c9cf2fad06b installed
perl-YAML-Tiny-1.700.0-1.mga7.noarch 1500762979 172401 296b2791ba7aa313b14a13175da711bd installed
lib64xcb-shm0-1.12-2.mga6.x86_64 1467524268 11176 1057d918dd57fc242e74cbd50a00216a installed
perl-Exporter-Tiny-1.0.0-1.mga7.noarch 1500650345 91285 6e4366c47c0bee0f9caa17ba3b664a85 installed
lib64xp6-1.0.3-2.mga6.x86_64 1455233777 36752 e61166ec6a17c7f0ce90596f2092d273 installed
lib64cryptsetup4-1.7.5-1.mga6.x86_64 1493634028 166720 dc4ce80d81baf2f5d92145831bcfd5a2 installed
lib64xcb-randr0-1.12-2.mga6.x86_64 1467524268 60576 281ae0021260b2de1f0bd3289cdd5fe3 installed
lib64babeltrace1-1.5.3-3.mga7.x86_64 1512031857 563091 8074cd96f4d92d6393c6be41873cd74d installed
lib64xcb-util-keysyms1-0.4.0-3.mga6.x86_64 1454921969 11136 bfde06e848d8a54326ceb7a795bf768a installed
dwz-0.12-2.mga6.x86_64 1455174740 225249 98b6fdf928f9a85196a3bd897b783894 installed
fontconfig-2.12.6-1.mga7.x86_64 1506663524 359010 a2a22d1d6e3f8633ab00dbd67dad5495 installed
perl-YAML-1.240.0-1.mga7.noarch 1509467431 190910 1ef825c76351089de0a3e3d89ff49fa3 installed
lib64mtdev-devel-1.1.5-5.mga6.x86_64 1454694758 14734 aa9e1213251762390263e959e17f93ab installed
lib64pcreposix1-8.41-3.mga7.x86_64 1513263578 11240 f037cb206cc0f27b357f2d7c1bde7bb4 installed
lib64avahi-common3-0.7-1.mga7.x86_64 1508051805 53816 9c42f2b9e21535905bf529379a128ac9 installed
ifmetric-0.3-17.mga6.x86_64 1455503911 16448 e979cd8efa3ae96ede6b157433f79a31 installed
lib64graphite2_3-1.3.10-1.mga6.x86_64 1495520500 184624 929c2ad9ed22e37535e6136261ecba2e installed
lib64pcre16_0-8.41-3.mga7.x86_64 1513263578 426968 2db3623137352da581b94629fb035c74 installed
lib64boost_python1.66.0-1.66.0-2.mga7.x86_64 1514554117 523858 d19ea9214ac8bdacf4b2e065d299c0a9 installed
lib64qrencode4-4.0.0-1.mga7.x86_64 1507398084 649360 fcf886896298ff85064691d200e7b883 installed
lib64freetype6-devel-2.8.1-1.mga7.x86_64 1506350917 5293564 351f944670881ee5435ad587124c4a6d installed
ifplugd-0.28-20.mga6.x86_64 1455504116 114560 0853a7561355f4d848a3e83ae7570c4f installed
lib64boost_wserialization1.66.0-1.66.0-2.mga7.x86_64 1514554117 177474 cef2b6eb33957606a5baf741763a8c1f installed
lib64nghttp2_14-1.25.0-1.mga7.x86_64 1504881070 159028 0fb6b9c85f7d22071c6ccf2c7ef69853 installed
lib64freetds0-0.95.87-2.mga7.x86_64 1514906443 1638180 98ceb8b80c197ab386dc73e91bf78929 installed
lib64lockdev1-1.0.4-0.120111007git.12.mga6.x86_64 1455235590 29727 e89ab7fb01128f798fb70d2086235765 installed
lib64blkid-devel-2.30.1-2.mga7.x86_64 1505645837 17167 475bd1fbcb0a805d084943ba3bb17fe4 installed
lib64xcb-composite0-1.12-2.mga6.x86_64 1467524268 11176 fd2b0b6f43323cb22044263df1e26189 installed
libstdc++6-7.3.0-1.mga7.x86_64 1516914181 3139676 e3f759e4aff37bb04e0b83bc5b3d2a79 installed
lib64xcb-res0-1.12-2.mga6.x86_64 1467524268 15296 5dc4d62096ae16e94af22112028f12d4 installed
sed-4.4-1.mga7.x86_64 1508034718 978495 8f53b4538f2469f0176df41ef93901f2 installed
lib64xcb-xv0-1.12-2.mga6.x86_64 1467524268 27664 e1df06c2a97bebca92a3a5a096d97396 installed
lib64readline7-7.0-1.mga7.x86_64 1508422595 355512 d9c3c6cf27b1db112c5d4543a9b96a05 installed
lib64boost_wave1.66.0-1.66.0-2.mga7.x86_64 1514554117 1167410 106fff302f766f2f910fab03cda5f57d installed
mageia-release-Default-7-0.4.mga7.x86_64 1515337584 819 65d2e3a3c13e9485997afb42c0608ab6 installed
lib64boost_prg_exec_monitor1.66.0-1.66.0-2.mga7.x86_64 1514554117 67826 1fb2804b928058712fa1191c949046b9 installed
lib64ext2fs2-1.43.6-1.mga7.x86_64 1504972815 430823 46020c92c0e062f3a0c87ca9bca94ca2 installed
lib64openssl-devel-1.1.0g-1.mga7.x86_64 1509956404 5104535 c3135fe88e156f2b66812ad6afabfbd1 installed
libuser-0.62-12.mga7.x86_64 1515510938 1675098 c2c6fe887ca18a571f7dfb2f2f3d9be6 installed
lib64edit0-0:3.1-0.20150325.2.mga6.x86_64 1455209022 209146 902ddffe8357e7cb192b26ed87df5f47 installed
lib64rpmbuild8-1:4.14.1-3.mga7.x86_64 1516487941 172472 104d4c7b6a07d564765a1c3065d4e7b5 installed
libinput-udev-1.9.901-2.mga7.x86_64 1517861024 30767 cb5f99e60a1033b8e31b205ba0d24cce installed
binutils-1:2.29.1-8.mga7.x86_64 1516267714 27092550 88b33e355c4fb4bbc38162027c4655db installed
lib64fontenc1-1.1.3-2.mga6.x86_64 1455209062 31696 b0a1acf6c0cc0ff291dcd782624e8683 installed
lib64gc1-7.4.2-8.mga6.x86_64 1496600903 204901 9de5e7bd7af147f6fa3639a0f656c9c7 installed
x11-font-isas-misc-1.0.3-6.mga6.noarch 1454895508 946438 c47a0e17c08e99b4dde8eab51b9587ab installed
rpm-plugin-syslog-1:4.14.1-3.mga7.x86_64 1516487941 11304 ce81e583a91bced11ea5a07600495b4f installed
lib64mrm4-2.3.6-1.mga6.x86_64 1470935143 157472 15f2a9fd9a901a669a88e9a575b2d88a installed
cpio-2.12-3.mga6.x86_64 1458058612 909720 dd1b933f25ec685464835e967fcfb499 installed
tslib-common-1.1-3.mga6.noarch 1457144272 20960 f5458e87b5ed774c2711fbe347e81fcc installed
lib64fdisk1-2.30.1-2.mga7.x86_64 1505645837 384424 4761b6599719a1888eed322006944694 installed
lib64drm2-2.4.89-1.mga7.x86_64 1513579211 71072 9c9f815b8066f634e64cecb070748b9b installed
lib64ldap2.4_2-2.4.45-3.mga7.x86_64 1501710364 746880 3a00240ec0d8856547d4a3fb9664a2c9 installed
lib64drm_intel1-2.4.89-1.mga7.x86_64 1513579211 145800 60168ef21b14e7af25d5ed17e7f3b4ba installed
logrotate-3.12.2-1.mga6.x86_64 1495518817 123127 c006df14190b7696fddf8d3a71fbf950 installed
lib64dri-drivers-18.0.0-0.rc3.2.mga7.x86_64 1517512145 26523224 42fda4cbf627b1bd5fcacb1c9c2dbbb4 installed
diffutils-3.6-1.mga7.x86_64 1504104894 1299541 739aa3b578be7f489d27d21fbd635c87 installed
glxinfo-8.3.0-3.mga7.x86_64 1512369796 48120 0d6fa4fe4733cd4548ea9ba272d775e2 installed
lib64idn11-1.33-3.mga7.x86_64 1507120831 252044 a45b7579a4e894f2a16888cbcc927a51 installed
systemd-devel-236-4.mga7.x86_64 1515525474 97248 6831d9aeecd371e5dd8c47a0ec07803e installed
lib64gio2.0_0-2.54.3-1.mga7.x86_64 1515447294 1696216 a193e2eaf15b9fe5c1a46fe93495586c installed
lib64gbm1-devel-18.0.0-0.rc3.2.mga7.x86_64 1517512145 15302 7e7b7fdec7b399562000e6d30a3e5ae1 installed
desktop-file-utils-0.23-2.mga6.x86_64 1471486494 328020 9676a035e4a8dbcb96dcbafdd3027b2d installed
lib64glib2.0-devel-2.54.3-1.mga7.x86_64 1515447294 23095346 1ca8dca6166d7160039a8694466d8725 installed
groff-for-man-1.22.3-1.mga6.x86_64 1448985700 2712980 13b9c014c20f68dbc7d239aaba2bbcf7 installed
lib64input-devel-1.9.901-2.mga7.x86_64 1517861024 182471 d4f5e44ce6059d0332a78dbdd468cf42 installed
python3-pkg-resources-36.2.4-6.mga7.noarch 1506931547 840129 b1038fbe39eebe455a9215808bf09954 installed
lib64xext-devel-1:1.3.3-4.mga6.x86_64 1454941380 103851 0525ab863ea1b65759c370ff882b0cb7 installed
lib64python3.6-stdlib-3.6.2-4.mga7.x86_64 1514912703 30186459 95542d20e2b6c9f66884f09d7f2eab59 installed
lib64mesaegl1-devel-18.0.0-0.rc3.2.mga7.x86_64 1517512145 97438 ba7dd33eb6c3e27f04a2e3cb01f60e81 installed
python3-libcomps-0.1.8-3.mga7.x86_64 1501826474 143562 2c237eba9903440ce938aee2e4581c09 installed
lib64xp-devel-1.0.3-2.mga6.x86_64 1455233777 65268 0bde783a8933dcdce1ac242d331689f7 installed
gcc-cpp-7.3.0-1.mga7.x86_64 1516914181 23869160 69f4d90266f62b6c4c24a6264e22ee29 installed
lib64xcb-util-keysyms-devel-0.4.0-3.mga6.x86_64 1454921969 22951 23c3e8108650639e1276d774fdf117c1 installed
lib64xcb-util-image-devel-0.4.0-2.mga6.x86_64 1454597440 68975 0f3ec934c0b3165993c8dfe2a8b18f83 installed
lib64python2.7-stdlib-2.7.14-1.mga7.x86_64 1512514289 20886590 d72e87d0315cd4ec1129a7cf5c5e9b2a installed
lib64qt5dbus5-5.9.3-2.mga7.x86_64 1514574976 565928 c01307dc4d9c5fee0898c780869f0dab installed
procps-ng-3.3.12-1.mga6.x86_64 1471034217 1188740 a3db0f3e7db01bd0115cb6b05d1bec39 installed
lib64qt5xcbqpa5-5.9.3-2.mga7.x86_64 1514574976 1223784 04f6fbbe2b6fb856dac7c23e7999d9c1 installed
nss_tcb-1.1-7.mga6.x86_64 1455304952 11208 b25dfe34dcb5fedeb8d49af486d4a03b installed
lib64qt5sql5-5.9.3-2.mga7.x86_64 1514574976 298928 e887cd8c644f4403b732405f146b1699 installed
systemd-units-236-4.mga7.x86_64 1515525474 491505 e0b7bd4a4585c787ddaeab668ac41da9 installed
lib64qt5quick5-5.9.3-2.mga7.x86_64 1515073088 4529728 c90b19d359f0aac2b54232ffdee503af installed
rpm-1:4.14.1-3.mga7.x86_64 1516487941 2023463 9e0b931da9fea54c3129fcda8eaf4526 installed
lib64qt5svg5-5.9.3-1.mga7.x86_64 1514277537 419288 29694627ef006a9e742f70df548565fd installed
libsecret-i18n-0.18.5-2.mga6.noarch 1497173869 76954 0a18a627e5ca592a5604ba9d56a7b574 installed
gnupg2-2.1.22-2.mga7.x86_64 1514902652 10929080 b00eda79226ed8845a8ab127d7eff4cc installed
lib64qt5-database-plugin-odbc-5.9.3-2.mga7.x86_64 1514574976 101480 8d1f1fe08f0a98633e577b9113e06b06 installed
python3-rpm-macros-3-5.mga7.noarch 1502797638 1509 415cf583725fc4b0ef89a19f2bed276a installed
lib64dnf1-0.11.1-1.mga7.x86_64 1508939546 312089 74fc5af1402c32355f8ff007ca5b6672 installed
lib64qt5sql-devel-5.9.3-2.mga7.x86_64 1514574976 100118 4032a844d55af4ebb03a72faed780729 installed
publicsuffix-list-dafsa-20180111-1.mga7.noarch 1516472428 54580 78f2e86097c76d8a8176784d39abaf80 installed
dnf-2.7.5-1.mga7.noarch 1508941590 1388586 2de15a0b277cc5f5c063af1bbd98f705 installed
lib64qt5concurrent5-5.9.3-2.mga7.x86_64 1514574976 28712 a9fc3307b2e9e1f8974ab5ea9991e1ef installed
libgpg-error-common-1.27-1.mga7.noarch 1509489084 422805 66ded465ccfdb4d97dd341fe193b062f installed
lib64qt5xml-devel-5.9.3-2.mga7.x86_64 1514574976 58990 2721f208f21fa5683a30436324b34635 installed
dash-static-0.5.9-2.mga7.x86_64 1504379672 132963 fbc73310aa121964bf2bb247f394c8e4 installed
lib64sigc++2.0_0-2.10.0-1.mga6.x86_64 1474720461 81145 0500f98a5ae39bb306871ace10825cea installed
lib64qt5gui-devel-5.9.3-2.mga7.x86_64 1514574976 7019896 5a103ef6ef59adbbdf99737854f6fa3d installed
lib64voikko1-4.1.1-3.mga7.x86_64 1514903435 288521 6e2767316f4e57d72faedb97303847a3 installed
lib64qt5printsupport-devel-5.9.3-2.mga7.x86_64 1514574976 122816 aef3b0aae08d1d67dbb1db4e28370ff0 installed
run-parts-1:4.4-7.mga6.x86_64 1455301833 93729 a8d8c564e895e3049e0aee4d6b372cba installed
rpmlint-1.10-2.mga7.noarch 1510496455 1092356 212919633866d89156853b2105edb8ee installed
lib64jpeg-devel-1:1.5.3-1.mga7.x86_64 1514318897 165125 1bbfff9d6e5f2229a1ff6fa92e3fd54e installed
glibc-6:2.22-27.mga7.x86_64 1516479354 27402943 507e0ff7ee8088cac757d5209423cc5d installed
gettext-0.19.8.1-1.mga6.x86_64 1465844977 1641775 7c49cef108a7217368dea80af0ff694c installed
lib64rhash0-1.3.4-4.mga7.x86_64 1500310298 151320 f526af9fc82a4c3fe5abad32d29e675b installed
lib64lzma5-5.2.3-2.mga7.x86_64 1504715941 238006 222cbd13b43f8f0078d64e8a6c11231a installed
basesystem-minimal-1:7-0.1.mga7.x86_64 1502718147 0 b9a2c7b5c934c182ce4bd681b8a73e6a installed
lib64boost_signals1.66.0-1.66.0-2.mga7.x86_64 1514554117 99338 41104032c703f345f942dc73ff18a5df installed
lib64gmp10-6.1.2-2.mga7.x86_64 1516266597 535367 ce65554e2fb7fadb7e7490d9ea3f77fa installed
shared-mime-info-1.9-1.mga7.x86_64 1517844025 2412043 08df1675f081426a487fadd08a86df9e installed
lib64boost_container1.66.0-1.66.0-2.mga7.x86_64 1514554117 83754 38c0e512dbe1d8ac0741dad931adebe7 installed
lib64cap2-2.25-1.mga6.x86_64 1460387733 71216 0b8534a73aeabf685c76a1bac063adec installed
kernel-userspace-headers-4.14.17-2.mga7.x86_64 1517861672 4364215 b4d7dd75c1cc152a23f0a38564c204cb installed
lib64boost-devel-1.66.0-2.mga7.x86_64 1514554117 115349091 b8578ec0d3f0f72db8354cdb456d56f1 installed
lib64expat1-2.2.5-1.mga7.x86_64 1509563979 206424 3a771e6bf3b4998893f165c4b8219304 installed
lib64boost_system1.66.0-1.66.0-2.mga7.x86_64 1514554117 21210 fe2b99446d327cbb3aabb914971f95d3 installed
lib64motif-devel-2.3.6-1.mga6.x86_64 1470935143 29798692 9e3564bbe3dd794a38a2f27a4bd41de7 installed
lib64gcrypt20-1.8.1-1.mga7.x86_64 1509527223 1274794 e60d87ae7111acd871d2d8641dbd0f87 installed
lib64x11-xcb1-1.6.5-1.mga6.x86_64 1488391850 6848 d5b5d7ebb6c34b72c9fcaa243fc09cbb installed
lib64xpm-devel-3.5.12-1.mga6.x86_64 1483126323 68785 c1d0994e52ec985f75fb916955ff01e0 installed
lib64mpc3-1.0.3-2.mga7.x86_64 1516266740 108477 5af5404f8327cd78565e977fd70cef94 installed
lib64xshmfence1-1.2-2.mga6.x86_64 1455234541 11096 f5685f4cc2d268465f27edfdac343fb8 installed
python3-numpy-1:1.13.3-3.mga7.x86_64 1507882636 17313050 0b339437da13888ac4d04dc4712926cd installed
lib64magic1-5.32-1.mga7.x86_64 1508361504 149880 ce7004ce05fccc2529ccf48f1dc9377f installed
lib64png-devel-2:1.6.34-1.mga7.x86_64 1509163107 1080124 20cadbf159253b7b2e59934927387b90 installed
lib64sigsegv2-2.10-7.mga6.x86_64 1455214956 68787 f7bcb407d23e09f9fff70d01b1c81c1f installed
lib64bsd0-0.8.3-1.mga6.x86_64 1462891016 82592 d35b9fb3697d7f6098ea828b78193220 installed
lib64tcb0-1.1-7.mga6.x86_64 1455304952 25160 3a33ecf358decda0ce4d75a815343093 installed
lib64udev-devel-236-4.mga7.x86_64 1515525474 10923 88f068366b6d9a8ab674a9f7827e8bd0 installed
lib64p11-kit0-0.23.2-2.mga6.x86_64 1463186562 422254 5e5097ce2f8d213c38c02914bb9d0fee installed
lib64boost_regex1.66.0-1.66.0-2.mga7.x86_64 1514554117 1087178 8d8fba42e29ccb01ada76ef50b594366 installed
hostname-3.18-1.mga6.x86_64 1470925066 37619 9d85525953b414224933f7ad6bd610fe installed
lib64bsd-devel-0.8.3-1.mga6.x86_64 1462891016 359313 8faabfec602791259b9f980073fd11e9 installed
lib64cap-ng0-0.7.8-2.mga7.x86_64 1501938029 50470 baff33d56fba6c20c9a97a0d9472da92 installed
lib64x11_6-1.6.5-1.mga6.x86_64 1488391850 1314744 08994ac5c759b3212a29bd893a6517ca installed
lib64systemd0-236-4.mga7.x86_64 1515525474 524544 f032fc5fc61ba0382cc749cc9323b6b6 installed
lib64xcb-dri3_0-1.12-2.mga6.x86_64 1467524268 11184 5beafa4d43f95049748989825c726200 installed
cracklib-dicts-2.9.6-5.mga6.x86_64 1481570481 9994892 0e53ab3d9db2591fd64741b3987e95e0 installed
lib64xi6-1.7.9-1.mga6.x86_64 1485536920 65712 185b6deef32e324775fcfbe7537f9f32 installed
perl-File-Slurp-9999.190.0-8.mga6.noarch 1466296652 49678 42e71e36674d265d5226ec06fc832615 installed
lib64xcb-xkb1-1.12-2.mga6.x86_64 1467524268 114104 49d9fc2de1e4d58922d808a9fa9e1f87 installed
lib64hogweed4-1:3.3-1.mga6.x86_64 1475498006 834680 987bb8bb7d414bb2c5dc22df9689aa6e installed
lib64xrender1-0.9.10-1.mga6.x86_64 1475692200 40432 a8c548991d30966c7d89df0d328012b1 installed
lib64psl5-0.19.1-1.mga7.x86_64 1510404463 56648 a3ff68b9e3eb1f925132fecb99d61754 installed
lib64xcb-shape0-1.12-2.mga6.x86_64 1467524268 15264 aa3bda8333666757ff037ba368437510 installed
lib64ksba8-1.3.5-1.mga6.x86_64 1471867840 232304 60b6d0ec33be3c2039b318786d9c3faf installed
lib64xcb-util1-0.4.0-2.mga6.x86_64 1454597471 23648 5dbc9acce390ff71b68a745ccaa8e319 installed
lib64kmod2-24-2.mga6.x86_64 1495518618 91680 9543075d50a5d919433e3eb3b6c6fd7b installed
lib64xft2-2.3.2-4.mga6.x86_64 1454603487 91232 5a6ef687e5a0a2b7885c15f7b30ad64b installed
multiarch-utils-1.0.13-7.mga6.noarch 1455896961 12031 3cc0c1ce186edb678fe4b5fc716e0b53 installed
lib64wayland-cursor0-1.14.0-2.mga7.x86_64 1514506555 32296 8e35a086bf75c3ed3609b28bd9cfc1fc installed
ethtool-1:4.13-1.mga7.x86_64 1512026844 320657 55ff56aae09027dcfb40254f1ebad40f installed
lib64pciaccess0-0.14-1.mga7.x86_64 1509780979 40888 896c409d1cfccc4df5e354baa642c8a9 installed
lib64ipt1-1.4.4-2.mga6.x86_64 1460584767 74813 47759b245bf67d4a77f52697f9e9defc installed
lib64harfbuzz0-1.7.4-1.mga7.x86_64 1514584285 672650 e745bb2c0fce94361113ec7b3ed0dd61 installed
lib64ip4tc0-1.6.1-3.mga7.x86_64 1514846438 32872 d91966a8d88534296fd3c5d38713fd57 installed
lib64boost_context1.66.0-1.66.0-2.mga7.x86_64 1514554117 12554 2bc8ced8908868faf4c0a1252f851c5b installed
lib64daemon0-0.14-10.mga6.x86_64 1455208973 28088 571ae182431fb1dcf4e96a6294323b2f installed
lib64boost_log1.66.0-1.66.0-2.mga7.x86_64 1514554117 1607122 c0ec635a779734ee4cf7bb25211721cb installed
lib64ltdl7-2.4.6-6.mga7.x86_64 1505148014 41981 56ddbba77f87198ec6ac197bf63b9c2c installed
graphite2-1.3.10-1.mga6.x86_64 1495520500 60261 f7944c6a7eee967d8ad2e587e9d9023c installed
lib64microhttpd12-0.9.58-1.mga7.x86_64 1512749475 244432 fb29a9a007ba25925217af2c117aca67 installed
lib64pciaccess-devel-0.14-1.mga7.x86_64 1509780979 15686 f9518b858071a5a35d76feac9735c78b installed
lib64verto1-0.2.6-7.mga7.x86_64 1505461537 23060 08bfbafe8dd213969c81b511aeda5868 installed
lib64mount-devel-2.30.1-2.mga7.x86_64 1505645837 33954 6aaf0d96a9697e87f804a62c27f9c5a8 installed
crontabs-1.10-22.mga6.noarch 1455896779 677 cc30a7963a2bdc8c2a7e26bb3b2a6ff0 installed
lib64xcb-damage0-1.12-2.mga6.x86_64 1467524268 11176 736f6a97fd987a19f2414e3bbac1ab5f installed
bash-4.4-12.1.mga7.x86_64 1508531107 4984928 fdbe0cce500dc4c53948148397f483ab installed
lib64xcb-screensaver0-1.12-2.mga6.x86_64 1467524268 15320 289b07f40c52bb238459a23147aaa417 installed
lib64ncursesw6-6.0-20171223.2.mga7.x86_64 1515311877 447880 365f2afba7c9e2b163c24e99a8b085b0 installed
lib64xcb-xvmc0-1.12-2.mga6.x86_64 1467524268 15272 5a94e309a3ba335f0e07b2d2605ff73b installed
mageia-release-common-7-0.4.mga7.x86_64 1515337584 143016 b72e196cac97047f8ef9eb914f365e24 installed
lib64boost_graph1.66.0-1.66.0-2.mga7.x86_64 1514554117 344082 53d27f51ab4417573a7f93b46498c949 installed
lib64lua5.3-5.3.4-3.mga7.x86_64 1512249100 235936 8c03f6d9e35ab11cc662574bbcbb240b installed
lib64boost_unit_test_framework1.66.0-1.66.0-2.mga7.x86_64 1514554117 785338 62206f5a9e03caf873f320e137ed3606 installed
lib64user1-0.62-12.mga7.x86_64 1515510938 125000 0b7a98a604fe8c1ca2ef5fa5afce9b39 installed
lib64boost_random1.66.0-1.66.0-2.mga7.x86_64 1514554117 29402 bcb07a14c0a51fbf514892f1d3b1d3cd installed
lib64rpm8-1:4.14.1-3.mga7.x86_64 1516487941 678584 ef7c05fafb6aa86adcdfc053b4959a3e installed
lib64llvm5.0-5.0.1-1.mga7.x86_64 1514284401 53286024 c179c6be834da5853a89efdc22371813 installed
tar-1.29-4.mga7.x86_64 1504805539 2816314 968170782e6938d4c8144648a9e4f55e installed
lib64input10-1.9.901-2.mga7.x86_64 1517861024 239984 321270ce0ba997440b22abe8204a2f6a installed
psmisc-22.21-7.mga6.x86_64 1455297226 479566 4182fe9f38ccee0d48ca76c8ebb050d8 installed
mkfontscale-1.1.2-3.mga6.x86_64 1455237935 34940 b4c3aa4f36ca106f66e8d40059a40875 installed
x11-font-jis-misc-1.0.3-6.mga6.noarch 1454695218 618999 e0f40914a845f75608895854bb9eea29 installed
rmt-0.4b46-4.mga7.x86_64 1514905844 41251 eaf1846dd2a36989e73987446e149073 installed
lib64uil4-2.3.6-1.mga6.x86_64 1470935143 567232 30568b7ea0c4ee45fd6d6026103ca0f8 installed
glibc-devel-6:2.22-27.mga7.x86_64 1516479354 5909290 61090995358704a309cc93086c4a8482 installed
lib64ts1.0_0-1.1-3.mga6.x86_64 1457144139 144360 0ed1a5923b5487a31c0fa456b22d4d31 installed
openldap-2.4.45-3.mga7.x86_64 1501710364 15507 73bf493cd2bcf7dbe8ac82c9842c77de installed
lib64gbm1-18.0.0-0.rc3.2.mga7.x86_64 1517512145 54160 81693f2cdad63905ec419b9b612185bb installed
etcskel-1.63-34.mga6.noarch 1455896840 4609 c0908ca80e979be1bd0c6405f7ca011b installed
lib64drm_nouveau2-2.4.89-1.mga7.x86_64 1513579211 32424 068c0cce7c5f0f3b588dda7aa70a1d8b installed
make-1:4.2.1-1.mga7.x86_64 1505505940 1477713 0dba2065a4d32b7aa34a7001675c1dca installed
lib64mesagl1-18.0.0-0.rc3.2.mga7.x86_64 1517512145 896144 818772cbe7dff7b9028e0ebd0b4e5951 installed
automake-1.15.1-1.mga7.noarch 1508027706 2468865 30a780734e4131151d373d02a0de4897 installed
lib64kms1-2.4.89-1.mga7.x86_64 1513579211 15664 3ba07ec28451b7f139ff40aedcf96644 installed
lib64dbus-devel-1.10.16-1.mga6.x86_64 1487347310 119399 e59ab90af5d45767531e48a2ccee23aa installed
pinentry-1.1.0-1.mga7.x86_64 1515218917 234578 dfc9ea197d6ccde63403ab68fa56c2ed installed
lib64pcre-devel-8.41-3.mga7.x86_64 1513263578 1283696 43089b002417b87f62a1d900a2bebceb installed
lib64gettextmisc-0.19.8.1-1.mga6.x86_64 1465844977 980193 b32d2ebfe4e8d967810ced20187f8c85 installed
lib64harfbuzz-devel-1.7.4-1.mga7.x86_64 1514584285 1465749 f46b52f4636add457a932b4d00a35b18 installed
python3-setuptools-36.2.4-6.mga7.noarch 1506931547 1322120 b5c0baab1e39a17b81661f6c8327def6 installed
libpthread-stubs-0.4-1.mga7.x86_64 1510134860 226 8d2d42c3a0def4af53ed9ecf5c11f358 installed
lib64python3.6-3.6.2-4.mga7.x86_64 1514912703 2801688 f4b579dd64cd5410f0e79ff52713d960 installed
lib64xfixes-devel-5.0.3-1.mga6.x86_64 1475692152 9302 405f4ba704743f9d303ac85881ade0d4 installed
libstdc++-devel-7.3.0-1.mga7.x86_64 1516914181 11273347 41a21179737743d2076070c9aedd1b2b installed
lib64mesagl1-devel-18.0.0-0.rc3.2.mga7.x86_64 1517512145 1611000 f3531ec985104012cc696e5d95d4c6ab installed
lib64isl15-0.16.1-1.mga6.x86_64 1453661691 1694056 feec0ee8b973be4503705a4ab591befd installed
lib64xt-devel-1.1.5-2.mga6.x86_64 1455234118 1684964 70a646f6f5e82fbfc72c8fced5a13a91 installed
python3-magic-5.32-1.mga7.noarch 1508361504 17965 7a9f7480e4554341712233dc1083c7b7 installed
lib64xcb-util-renderutil-devel-0.3.9-4.mga6.x86_64 1454946702 61739 fbf48718970a220d1cf8f1d28de1dd84 installed
lib64python2.7-2.7.14-1.mga7.x86_64 1512514289 1825960 94de4034407b825469718c94980e1e69 installed
lib64compat-openssl10_1.0.0-1:1.0.2n-1.mga7.x86_64 1513172048 2884358 d28e17f099560c2af60e8845c168d312 installed
lockdev-1.0.4-0.120111007git.12.mga6.x86_64 1455235590 8004 dc37189ee820fec85f88cd61aaa62966 installed
lib64qt5network5-5.9.3-2.mga7.x86_64 1514574976 1613352 2f6e9ca4dfae046920e3292e96b5aca8 installed
pam-1.3.0-6.mga7.x86_64 1504615160 930805 a0f98bef7cae7f0616f9ae50eef15f30 installed
lib64qt5gui5-5.9.3-2.mga7.x86_64 1514574976 7514173 85be093de11bc68f80b3ef5452d31638 installed
systemd-236-4.mga7.x86_64 1515525474 19027105 d0df39d0a4e453c5240fca753a6e00d4 installed
lib64qt5widgets5-5.9.3-2.mga7.x86_64 1514574976 6588520 09090ca8e2e5f41b3360e81ab2ca1f56 installed
initscripts-9.78-5.mga7.x86_64 1515038429 6717658 ccb71334108d4d7f5fd75f52c45aabf7 installed
lib64qt5waylandcompositor5-5.9.3-1.mga7.x86_64 1514286251 1012224 094c9a189e65d359c678462d5077482e installed
python3-rpm-1:4.14.1-3.mga7.x86_64 1516487941 188814 f73ab5e508eef3f75cc2cc991cafad38 installed
python-rpm-macros-3-5.mga7.noarch 1502797638 3278 aadb3c7bcfb7a2cf6da62300e6f8cf13 installed
lib64qt5-database-plugin-mysql-5.9.3-2.mga7.x86_64 1514574976 80632 222ef4799808d7fb9f63ad405c2959d2 installed
lib64gpgme11-1.9.0-1.mga7.x86_64 1509525302 337752 667c6a1f103983610aa1e9519f99081f installed
mageia-dnf-conf-1.0-1.mga6.noarch 1461537916 29 ebe7ee8039a6b5ed2a8f4cd1ee1cf046 installed
lib64qt5-database-plugin-tds-5.9.3-2.mga7.x86_64 1514574976 63760 7e96743bea902070723031dd1ba26927 installed
python3-hawkey-0.11.1-1.mga7.x86_64 1508939546 175811 1713dc51dbf245fae51065765ac28584 installed
icu59-data-1:59.1-5.mga7.noarch 1514477184 26290848 47c4f20ceb6ff1c522e9172d20403313 installed
lib64qt5waylandclient5-5.9.3-1.mga7.x86_64 1514286251 998104 cb096507378883b614b5b4af553042d6 installed
python3-dnf-plugins-core-2.1.5-1.mga7.noarch 1508942412 179837 dadae30c5212c9375ccdbad0081d1f15 installed
mageia-repos-keys-7-0.0.1.mga6.noarch 1500235408 1666 2e54f5ee602a430a0265583fd3ffb1ab installed
lib64qt5xml5-5.9.3-2.mga7.x86_64 1514574976 251216 372fa3aaa37b0e914aaa15dc8562a445 installed
passwd-0.79-6.mga6.x86_64 1455253903 395731 f4336b99eeb54b719bba079b8a6f537c installed
popt-data-1:1.16-13.mga6.noarch 1456060419 60192 e2f0bbc20efb9468c20917ebbcaed90f installed
lib64qt5eglfsdeviceintegration-devel-5.9.3-2.mga7.x86_64 1514574976 37079 6e030618e6601aa27c47d8750374dcf3 installed
lib64glibmm2.4_1-2.52.1-1.mga7.x86_64 1513618276 2470021 920d4aeb895e53adbae402e0cd63f8eb installed
ocaml-srpm-macros-5-1.mga7.noarch 1515282195 737 8336d66d33a518a6b23e70620a170d2e installed
lib64qt5opengl-devel-5.9.3-2.mga7.x86_64 1514574976 3521597 cf227a42d1d277ab9ea024bdc3cdb7da installed
enchant-1.6.0-14.mga7.x86_64 1501944165 34932 138af6fc54b0da10ad98c295ae65139a installed
common-licenses-1.1-8.mga6.noarch 1455896735 167218 c6035793ecaec8366a181fa988e54405 installed
lib64turbojpeg0-1:1.5.3-1.mga7.x86_64 1514318897 462984 45b271a8afa6779e00d82a65292d9474 installed
rpmlint-mageia-policy-0.2.29-3.mga7.noarch 1501191269 11898 2b103f51afa363e7b0f6b85c568d5e77 installed
grep-3.1-1.mga7.x86_64 1504106597 667265 0e59b4e6447afeb783c52eda2c2cca71 installed
lib64uv1-1.19.1-1.mga7.x86_64 1516639348 197554 41c8e146954192a63efa22cde673a6dd installed
spec-helper-0.31.11-1.mga6.noarch 1452376089 32435 2b14d3f147f0951754a0275a05968565 installed
perl-base-2:5.26.1-2.mga7.x86_64 1516303054 6226292 dafa10e70d6bf29b9dcd743fc28e48a8 installed
lib64boost_stacktrace1.66.0-1.66.0-2.mga7.x86_64 1514554117 76906 758758883c89df8d7ec889e4898daf6f installed
libsolv-tools-0.6.31-1.mga7.x86_64 1517482874 325239 970b6fbe973411154f241ffce0f1641f installed
chkconfig-1.10-1.mga7.x86_64 1508027479 763425 fdd81b38a1fca61b24aa6d366f1900d4 installed
lib64boost_iostreams1.66.0-1.66.0-2.mga7.x86_64 1514554117 120466 0e15a68c4fed447d7d23a3925b6791b3 installed
python3-six-1.11.0-1.mga7.noarch 1517463198 98173 6f510c9bed1142ec8bf46443d8069b72 installed
lib64xml2_2-2.9.7-2.mga7.x86_64 1514395653 1487208 34a2f306c22b45e1bc893f161168ba77 installed
lib64boost-python3-devel-1.66.0-2.mga7.x86_64 1514554117 1338 46b5b4dfb363fb0c1887ba7493d931ed installed
gdb-headless-8.1-1.mga7.x86_64 1517501653 7616566 c60a2e3af8b1f8a7d2207d4348ee2c69 installed
lib64uuid1-2.30.1-2.mga7.x86_64 1505645837 20152 a1850709e9ae1e872e33d649d8023325 installed
ninja-1.8.2-2.mga7.x86_64 1513525742 274911 b68479d660b6ea5d71d69680f9e560b2 installed
lib64zlib-devel-1.2.11-4.mga6.x86_64 1490774438 868322 b63b31973e9bbacb7d6072879469f27b installed
lib64unistring2-0.9.8-1.mga7.x86_64 1515251331 1620699 6abb89320ea625622ac5d7d40326cb10 installed
lib64qt5x11extras-devel-5.9.3-1.mga7.x86_64 1514277436 15134 84bfd1a5e1ac0fdbe1e06f16a4cee3c5 installed
lib64wayland-server0-1.14.0-2.mga7.x86_64 1514506555 79632 f96eac5fbc9c1cf01ec3cb9dac3f1747 installed
lib64intl8-0.19.8.1-1.mga6.x86_64 1465844977 234489 83950cd2c4431e7e62cd840eb18324f9 installed
lib64lapack3-3.7.1-1.mga7.x86_64 1507508577 12846256 851a81e34ae5279fe7f4b9760f8c5a1b installed
lib64glapi0-18.0.0-0.rc3.2.mga7.x86_64 1517512145 204272 a346975442c4823cfd1fe4f57cae8186 installed
info-install-6.1-1.mga6.x86_64 1462821644 51402 373ae2a1345a813f1d1a4e30fdad28e6 installed
lib64boost_timer1.66.0-1.66.0-2.mga7.x86_64 1514554117 25410 796bc4e6a28c394c48ba96514656e4ae installed
lib64devmapper1.02-1.02.137-3.mga7.x86_64 1514666474 343008 45cfc964c5c8a7355f5399ed1a27e9d1 installed
lib64ice6-1.0.9-5.mga6.x86_64 1488374619 104608 0a4597414c48f894d5a7f670aed0444c installed
perl-2:5.26.1-2.mga7.x86_64 1516303054 45236572 0eca8fb6585b083a5b95da1fac81785d installed
lib64expat-devel-2.2.5-1.mga7.x86_64 1509563979 176366 34137b8878d9e4905ac832ff2eb76937 installed
pkgconfig-0.29.2-1.mga7.x86_64 1509630090 165390 5b57edd905f04aa6c52fb4fb0f7d7392 installed
lib64boost_date_time1.66.0-1.66.0-2.mga7.x86_64 1514554117 70570 ecddaf36de991c820bbb96a408391315 installed
lib64crack2-2.9.6-5.mga6.x86_64 1481570481 44736 fb551ea493a955f0974443211907ef7c installed
lib64ice-devel-1.0.9-5.mga6.x86_64 1488374619 267826 2f739fd9bc91dc07b6d49cfc9b32fb24 installed
bzip2-1.0.6-11.mga7.x86_64 1515081866 141310 f701c08ce40dde58b05b83cb1f081c92 installed
lib64xext6-1:1.3.3-4.mga6.x86_64 1454941380 200671 b2347184adbf8deb1c3ea85ccd13df54 installed
lib64lz4_1-1.8.0-2.mga7.x86_64 1513017078 86128 72431eb58165b61c47875c8b0bf341e6 installed
lib64xcb-present0-1.12-2.mga6.x86_64 1467524268 11176 c848cd7455b1f60f8ce2891e1e02d5df installed
pam_tcb-1.1-7.mga6.x86_64 1455304952 40132 ac50aab20b6267d8bb252a47f3f0a4b4 installed
lib64xcb-glx0-1.12-2.mga6.x86_64 1467524268 101336 39f9d778f0a3c36c5c82c53f40cf07ff installed
perl-JSON-2.970.10-1.mga7.noarch 1514072229 253670 9a9db94d0e3cce4ff9701cf3e5b8adff installed
lib64xkbcommon0-0.7.1-1.mga6.x86_64 1484850795 297352 ddb87edb5df0162b82ccc241bd46111c installed
perl-List-MoreUtils-XS-0.426-1.mga7.x86_64 1507015898 159853 da3a44bfa3be71402407d8376531d7a7 installed
lib64xdamage1-1.1.4-8.mga6.x86_64 1454942656 11160 26779b424b6af213a6b73ae35a33278f installed
lib64usb1.0_0-1.0.21-1.mga6.x86_64 1478193234 143540 b72779d0aab170441f806ea394b77b25 installed
lib64xcb-xinerama0-1.12-2.mga6.x86_64 1467524268 11168 7ce8e783c347bab87f221f904a1b3afd installed
lib64comps0-0.1.8-3.mga7.x86_64 1501826474 206784 fca14d4f9302432e39002152d569e09b installed
lib64xcb-util-image0-0.4.0-2.mga6.x86_64 1454597440 19496 c271b9ab064b2e3d0dde40c6f092c469 installed
unzip-6.0-18.mga7.x86_64 1513804348 738662 3b0e1c3eaf5dd37629b8cbce4628b6cf installed
lib64glapi0-devel-18.0.0-0.rc3.2.mga7.x86_64 1517512145 0 b830926d91e55166d996596ecc7568aa installed
perl-MDK-Common-1.2.34-1.mga7.noarch 1509151121 122580 9f908e4173dd08c0cb6e46776a96f82c installed
lib64uuid-devel-2.30.1-2.mga7.x86_64 1505645837 117120 f1ad6a7eb3c4628b4b1c94283d1061e4 installed
lib64fuse2-2.9.7-3.mga7.x86_64 1507356443 288890 ba41c91371b56d98c26a542c3f1cd8c8 installed
lib64unixODBC2-2.3.4-3.mga7.x86_64 1514911745 1033304 af1a6d1e2bb878d1c95fdb2f3f5ad4e6 installed
lib64smartcols1-2.30.1-2.mga7.x86_64 1505645837 185328 7a07a21832fbfb67b7fe7e4bced85bb0 installed
lib64ffi-devel-3.2.1-5.mga6.x86_64 1455209060 27853 7859eec67f449d29ac3681874c07f736 installed
pcre-8.41-3.mga7.x86_64 1513263578 240175 6f5f1a8411e8efe91cffc6d5b94efd02 installed
lib64boost_atomic1.66.0-1.66.0-2.mga7.x86_64 1514554117 8098 1501d4070799df5d7ba71e5e7dd14899 installed
nss-myhostname-236-4.mga7.x86_64 1515525474 807832 f93bd977a12fb615b26aaaca0291753b installed
lib64boost_coroutine1.66.0-1.66.0-2.mga7.x86_64 1514554117 70626 29a6041ac64ba90f45952219b9fcb6df installed
lib64atomic_ops1-7.6.2-1.mga7.x86_64 1515217929 6904 ace678c62d7843b1087d5e9604bd4277 installed
lib64graphite2-devel-1.3.10-1.mga6.x86_64 1495520500 48710 b57a70542309b93551bcf3494b263449 installed
lib64gnutls30-3.6.1-3.mga7.x86_64 1509119225 1417336 8be158aee4c86e37907339312a308f89 installed
lib64avahi-client3-0.7-1.mga7.x86_64 1508051805 69992 aa9fa65a5a45e776bfb3d312778c644a installed
lib64brotlidec1-1.0.2-1.mga7.x86_64 1512738609 49620 89fb93dd2bda381a509843223a5d3edb installed
lib64xpm4-3.5.12-1.mga6.x86_64 1483126323 74448 f8fa9cdb8737219399e3ab593d745081 installed
lsb-release-2.0-53.mga7.noarch 1500236526 19261 2b597d45c9b96a401fcd6db89930b98c installed
lib64xcb-dpms0-1.12-2.mga6.x86_64 1467524268 11160 734e27560bc6a3693ce51bca47666929 installed
lib64ncurses6-6.0-20171223.2.mga7.x86_64 1515311877 655040 4401841ca25f98e448b46cd26090139a installed
lib64xcb-xf86dri0-1.12-2.mga6.x86_64 1467524268 19392 169d7a217d68a26624fb62dc7ea1d1d6 installed
lib64blkid1-2.30.1-2.mga7.x86_64 1505645837 290856 6de152caae4cfd8956ae63570054f9ef installed
lib64xcb-ewmh2-0.4.1-4.mga6.x86_64 1454459920 52536 ec0b21e44ab82d4df3bdb2f56e925659 installed
findutils-4.6.0-1.mga6.x86_64 1451426987 1682205 af9979ee197ced62509b3d3d69c14636 installed
lib64xml2-devel-2.9.7-2.mga7.x86_64 1514395653 9966126 2ee55cc2ef66385c03370a78ddc27f45 installed
mageia-repos-7-0.0.1.mga6.x86_64 1500235173 38571 e265fca52471f9cdd80644ec6f8e6cd0 installed
lib64boost_locale1.66.0-1.66.0-2.mga7.x86_64 1514554117 946522 f849d4a4f9356b54233aee78e01177ef installed
lib64mount1-2.30.1-2.mga7.x86_64 1505645837 328504 7c504bd6de5aa9b573b480af75b16f72 installed
lib64glib-gir2.0-1.54.1-1.mga7.x86_64 1506948404 589248 2e76079c6cae5d1964d716c4f0e40708 installed
lib64openssl1.1-1.1.0g-1.mga7.x86_64 1509956404 3419099 e011485df1e6fb171f6463e33e80f90a installed
libwacom-1:0.26-1.mga7.x86_64 1504864181 396284 9bd9833867fd9398909aa91006aa2695 installed
kbd-2.0.4-1.mga7.x86_64 1516545533 3338642 283e29bf32b45a2ae93533ff3d45e93e installed
lib64gpg-error-devel-1.27-1.mga7.x86_64 1509489084 314500 8cf0bc47a7d152f711ff2c8c3eb19f02 installed
gzip-1.9-2.mga7.x86_64 1515695801 265252 d14f2cae01bbd724ff4269d9ced25b87 installed
mkfontdir-1.0.7-8.mga6.noarch 1455933457 65 d938b043e9f1c85433180c3b5ee00a42 installed
lib64xt6-1.1.5-2.mga6.x86_64 1455234118 425672 ffc7441d0cf61c76d4faf4787a580f26 installed
deltarpm-3.6.1-6.mga7.x86_64 1504204393 841532 78abdac72f78eb945758584725f74321 installed
lib64pq5-9.6.6-2.mga7.x86_64 1514909917 209632 ca27db10fe1785a85f94ece22d6e65f8 installed
lib64krb53-1.16-1.mga7.x86_64 1516303251 2127504 ee5d7475a97ed4a0da4a6401deedc73e installed
lib64ts-devel-1.1-3.mga6.x86_64 1457144139 2401 770ddf9dd2f89a98d1e1f307ea3a3e83 installed
makedev-4.4-21.mga6.noarch 1455897082 285810 3166dff6169a210b4c2ec1685fc6daba installed
lib64mesaegl1-18.0.0-0.rc3.2.mga7.x86_64 1517512145 223728 fe8d237377cb05601590d9b1e17ad239 installed
libtool-base-2.4.6-6.mga7.x86_64 1505148014 1929518 3f0ec4897f284f2d343912e015c85482 installed
lib64drm_radeon1-2.4.89-1.mga7.x86_64 1513579211 48928 9e71dc46bf3afbb27805062c86c5334b installed
timezone-6:2017b-1.mga6.x86_64 1490470548 1344702 7c86443e3e0a8c3a5d79e6584702c85f installed
lib64freeglut3-3.0.0-1.mga6.x86_64 1452190610 649922 30d943409e7dcceeec053f70bb07eb5b installed
autoconf-1:2.69-9.mga7.noarch 1504534326 2211216 b4920951dd3dbd18137ca445d7701217 installed
lib64drm-devel-2.4.89-1.mga7.x86_64 1513579211 502879 27a0c0ac4e5ff86dbfa3f51d1d2f24b0 installed
iproute2-4.14.1-1.mga7.x86_64 1511705858 1773628 d6d988d4dc03a108447f0b0b92a69378 installed
wayland-tools-1.14.0-2.mga7.x86_64 1514506555 41088 68924587f06d666953a781ee31fc8a76 installed
libsecret-tools-0.18.5-2.mga6.x86_64 1497173859 21744 0cb6789af5d7f7be0e87214c6353d7e1 installed
glib2.0-common-2.54.3-1.mga7.x86_64 1515447294 8435995 7336a7162295534c04b5f4490ea0e089 installed
ncurses-6.0-20171223.2.mga7.x86_64 1515311877 483770 0c3bb579faadcd612f796f9452c85826 installed
lib64gudev1.0-devel-232-1.mga7.x86_64 1505418640 285926 a48549dec39217ce4664098a69bc35ac installed
lib64sqlite3_0-3.21.0-2.mga7.x86_64 1514553896 1029192 782ae987959358d8d47f679a33e2c628 installed
lib64xcb-devel-1.12-2.mga6.x86_64 1467524268 2798315 b88ef0d0f46995cdb6b6de5d5a701f0b installed
python3-3.6.2-4.mga7.x86_64 1514912703 17000 2ae551fc1500792ec567efe4c751355b installed
lib64xdamage-devel-1.1.4-8.mga6.x86_64 1454942656 2563 20db1c28ab6333a79aa9536de83b23ba installed
gobject-introspection-1.54.1-1.mga7.x86_64 1506948404 2003550 26cd548870fa1ba1259c80a64aca4c36 installed
lib64xkbcommon-devel-0.7.1-1.mga6.x86_64 1484850795 306416 226f763149e7b1753327b66b8fc6f20e installed
isl-0.16.1-1.mga6.x86_64 1453661691 16646 230e57f36d6703f4a7652e76c6f77070 installed
lib64xrender-devel-0.9.10-1.mga6.x86_64 1475692200 30268 54e9c6d3507a9a03d9dd185be2bd4e97 installed
gcc-c++-7.3.0-1.mga7.x86_64 1516914181 25004622 0302e30c7e4d9894c9a13611e57bb144 installed
lib64xcb-util-wm-devel-0.4.1-4.mga6.x86_64 1454459920 507617 4803511349dbc9fe9e4d585e271b22e3 installed
python-2.7.14-1.mga7.x86_64 1512514289 273357 236e33921e046b12e4b413e498ee47e9 installed
qtbase5-common-5.9.3-2.mga7.x86_64 1514574976 1432677 ee13629bde83340717afc74b648db8dc installed
dbus-1.10.16-1.mga6.x86_64 1487347310 520614 804a0d8d0bd9426cfe23f0880e093ccb installed
lib64qt5eglfskmssupport5-5.9.3-2.mga7.x86_64 1514574976 104920 2605a2b25036e8ad4989d53f88a5268e installed
rpm-helper-0.24.17-4.mga6.noarch 1455897261 42353 55e8ce673ce10a1585e768e0f94b2960 installed
qtbase5-common-devel-5.9.3-2.mga7.x86_64 1514574976 6993073 76226b4424b21c03c4cf559b86b642b9 installed
resolvconf-1.79-1.mga6.noarch 1464209425 69744 25253ceda5f48e51af4761bf85342de7 installed
lib64qt5dbus-devel-5.9.3-2.mga7.x86_64 1514574976 234201 2dbcc70c3ddb044bc672b213815add84 installed
dmsetup-1.02.137-3.mga7.x86_64 1514666474 267990 3ffa62aac0dfb3de67931f4571636531 installed
gpg-pubkey-80420f66-4d4fe123 1297080611 0 (none) installed
python3-rpm-generators-4.13.0.1-2.6.mga7.noarch 1502063982 65745 3d0b5758fa8ce5d048e64eb02db290cc installed
lib64qt5printsupport5-5.9.3-2.mga7.x86_64 1514574976 537744 0f8cf5a8f1a1c9a727322fee0bf23d2f installed
rpm-mageia-setup-2.26-1.mga7.x86_64 1516870967 7550 6ed776c220da0e30bc61cbe11d7b8355 installed
lib64repo0-1.7.20-3.mga7.x86_64 1501875745 168904 df9a128c5ca1365e061b7529caff10be installed
lib64qt5-database-plugin-sqlite-5.9.3-2.mga7.x86_64 1514574976 72232 b0ffffc29cc5a7952589926c4438c7ab installed
hawkey-man-0.11.1-1.mga7.noarch 1508939546 14996 935e6ceab6c7723566594cbd497c0695 installed
python3-gpg-1.9.0-1.mga7.x86_64 1509525302 1252610 4863bbd95d0a2375dcda725efe960e78 installed
lib64qt5x11extras5-5.9.3-1.mga7.x86_64 1514277436 15648 2730342e29481629fca9cc147520c2c9 installed
mageia-repos-pkgprefs-7-0.0.1.mga6.noarch 1500235408 0 f37eb5898948e055f1f0e9e80f82b4ab installed
dnf-plugins-core-2.1.5-1.mga7.noarch 1508942412 238914 a5657b137c5a4e78a4a2693b5567c8c0 installed
lib64qt5test5-5.9.3-2.mga7.x86_64 1514574976 227376 8bb414387bc20e5fabb5fcea91f1ab0e installed
guile-runtime-2.0.14-2.mga7.x86_64 1514908096 9408506 a2d9e8229e2af66d34574ba73bb3c4dc installed
rpm-plugin-systemd-inhibit-1:4.14.1-3.mga7.x86_64 1516487941 12180 1dedab664abf4aec8106d75ca6b2fae8 installed
qtwayland5-5.9.3-1.mga7.x86_64 1514286251 1146047 fb220ea645aa7987f4440f9811ff5432 installed
python-srpm-macros-3-5.mga7.noarch 1502797638 621 87343683ca6ab6e94e7b1232d8f88160 installed
lib64xml++2.6_2-2.40.1-2.mga6.x86_64 1448795881 216368 ce47596e73949eca28f3a24cd817175e installed
lib64qt5widgets-devel-5.9.3-2.mga7.x86_64 1514574976 1765160 7b8f06385466f255dbae78977cfc0077 installed
rootfiles-11.0-14.mga6.noarch 1455897202 14813 d308f7699a1f3454de2d1b5371095355 installed
lib64enchant1-1.6.0-14.mga7.x86_64 1501944165 84928 1806c7aa33693c0935a4cdfb067dbfe8 installed
lib64qt5eglfskmssupport-devel-5.9.3-2.mga7.x86_64 1514574976 1419 bfd19644283c7b7c3c7985822db22108 installed
filesystem-2.1.9-28.mga6.x86_64 1455178462 0 45b49454b231e86ab72c4fa32b62dc84 installed
elfutils-0.170-1.mga7.x86_64 1505978332 1954144 ab7204d7b2b475005898d8d60824a2ef installed
locales-2.22-7.mga7.x86_64 1516496152 6449843 4072a4aa480c3893ea7640b05738df60 installed
lib64zlib1-1.2.11-4.mga6.x86_64 1490774438 120355 a6f2878af6f9341c02292fab608027f9 installed
rpm-mageia-setup-build-2.26-1.mga7.x86_64 1516870967 143066 d5cd9557d7fe5ae987c99b6ab958d175 installed
lib64python-devel-2.7.14-1.mga7.x86_64 1512514289 9636095 a32535b7dd0bb212bb74478e408624a7 installed
lib64popt0-1:1.16-13.mga6.x86_64 1456060419 54457 e1101a4814f951cbc5c337e52f7e59f5 installed
lib64solv0-0.6.31-1.mga7.x86_64 1517482874 888931 2d665bd9b4760321acdefec3781d8e18 installed
lib64boost_math1.66.0-1.66.0-2.mga7.x86_64 1514554117 902186 ae64382d6593461042f900d4a7fe270d installed
lib64elfutils1-0.170-1.mga7.x86_64 1505978332 840431 46e796c124953f53024a68c80381d818 installed
lib64tasn1_6-4.13-1.mga7.x86_64 1517174345 78064 88eb46fb9abe32df16164f73cfcb7f8d installed
libquadmath0-7.3.0-1.mga7.x86_64 1516914181 682244 e27c2d9764a0ab6fb9c2af88689cc76e installed
lib64db5.3-5.3.28-14.mga7.x86_64 1515161363 2333798 cffc1c98db18cefcd02bcbe3aa3f7b1d installed
cmake-rpm-macros-1:3.10.2-1.mga7.x86_64 1517238698 4534 2b2c45276be55d05ff0eb49c01e695b8 installed
cmake-1:3.10.2-1.mga7.x86_64 1517238698 26276439 37ac0579fb6a8c4c0f0edfb7033f19cf installed
lib64glib2.0_0-2.54.3-1.mga7.x86_64 1515447294 1523882 02e242c15498118ea2cfa84842ceee10 installed
lib64boost_chrono1.66.0-1.66.0-2.mga7.x86_64 1514554117 33386 b54fc3976fe19ee4361be376da341aa8 installed
lib64qt5svg-devel-5.9.3-1.mga7.x86_64 1514277537 81199 da3648643ed59caf16da6995ce68dd3c installed
lib64mpfr4-0:3.1.5-2.mga7.x86_64 1516266801 402128 f6364939a494835b8906d4fb17a5b967 installed
lib64wayland-client0-1.14.0-2.mga7.x86_64 1514506555 62640 c74b1041ee0cd6eb48ecd35868dcee59 installed
lib64blas3-3.7.1-1.mga7.x86_64 1507508577 770344 572239433a2d618d8220ba12090e4bf8 installed
xz-5.2.3-2.mga7.x86_64 1504715941 506967 a5cb6d0ae322e0ecf5e082a975d3c4ca installed
lib64png16_16-2:1.6.34-1.mga7.x86_64 1509163107 384968 ddd54d9346d5bb2509c8a9b43896174a installed
lib64udev1-236-4.mga7.x86_64 1515525474 124032 b9e2fa614250a45a8c7292b88c353172 installed
lib64boost_filesystem1.66.0-1.66.0-2.mga7.x86_64 1514554117 96234 483ae2b6bf90981f13d1ab822ff0ba1a installed
lib64gdbm4-1.14-1.mga7.x86_64 1516548967 90764 42c8d1283e72d5903df819c6a5fcc4f2 installed
lib64sm6-1.2.2-6.mga6.x86_64 1455214956 31840 2249e546830ffdc62c53894fac244edc installed
gettext-base-0.19.8.1-1.mga6.x86_64 1465844977 3429413 d7a4e341a05dc64eef437d09f689a006 installed
lib64jpeg8-1:1.5.3-1.mga7.x86_64 1514318897 700337 8f81971d2cad0ff5c0d3b96aef3cbc99 installed
kmod-24-2.mga6.x86_64 1495518618 196553 42a2af9eed0855c4502a39a0c0d75741 installed
lib64icu-devel-1:59.1-5.mga7.x86_64 1514477185 4244794 809a6fa74b3fc9b42a78e780c9c1e174 installed
coreutils-8.28-1.mga7.x86_64 1505152406 14438756 941ad53c2f154c4b4a845942f8aa8c76 installed
lib64xdmcp6-1.1.2-5.mga6.x86_64 1488374738 23888 d2691a33032fc462745d90a62ab020c1 installed
lib64pam0-1.3.0-6.mga7.x86_64 1504615160 714288 293746bf7804485ae272725ca4e34fda installed
lib64xcb-sync1-1.12-2.mga6.x86_64 1467524268 27648 90e208b2c580011164a87de96cf5a4d2 installed
lib64pam_userpass1-1.0.2-13.mga7.x86_64 1504202208 15371 057512d30bb082bf04c43a61aaa9a2e7 installed
lib64xcb-xfixes0-1.12-2.mga6.x86_64 1467524268 31648 c8fabb9f71be4a625dc9f39d2f92fdfe installed
nikto-2.1.5-9.mga6.noarch 1454893526 2066530 6abb058ba24b5da3a05fff5e1b9b5922 installed
lib64xcb-render0-1.12-2.mga6.x86_64 1467524268 52376 3a02fd465d0efb689524737eb419c706 installed
perl-List-MoreUtils-0.428.0-1.mga7.noarch 1513075712 110554 fa6bac10302116e28c45cfcb8bc98c0e installed
lib64xcb-util-renderutil0-0.3.9-4.mga6.x86_64 1454946702 38038 542999d4f5ebcd67658fc07cffb0d250 installed
lib64devmapper-event1.02-1.02.137-3.mga7.x86_64 1514666474 24056 111ed555932436518ca69d3d0cb5a40b installed
lib64xfixes3-5.0.3-1.mga6.x86_64 1475692152 23472 3bbd4d5134f693dcb1d94444dc1033a7 installed
lib64croco0.6_3-0.6.12-2.mga6.x86_64 1492961795 577875 14a4a369a5078b106b31e19d9b782636 installed
lib64xcb-icccm4-0.4.1-4.mga6.x86_64 1454459920 19328 eb3a56b9291aa5522fcc0d488d037464 installed
lib64natspec0-0.3.1-2.mga6.x86_64 1455540844 244713 200b98f3afb9567cb647e2f49415e32d installed
lib64fontconfig1-2.12.6-1.mga7.x86_64 1506663524 285080 0fdc73c0b4f28ceee76ba649dd0e587c installed
perl-File-Sync-0.110.0-22.mga7.x86_64 1506979134 18634 7bf1194e5fab1e247316ff2e248c0472 installed
lib64xshmfence-devel-1.2-2.mga6.x86_64 1455234541 1937 717719c7a410f85c40f5204604b5ceac installed
patch-2.7.5-2.mga6.x86_64 1455254537 232560 fc8fa6e11ec7b200bde2b359156c1271 installed
lib64sm-devel-1.2.2-6.mga6.x86_64 1455214956 230753 653dddfa04d54ec69dfd3ce3202cba24 installed
ipcalc-0.2.0-4.mga7.x86_64 1514664687 58479 bbe889e7405a88e3b02127c24af4f098 installed
lib64evdev2-1.5.7-1.mga6.x86_64 1494095075 105768 562aad8d2860b8bf36aeff2e139da0b8 installed
lib64pcre32_0-8.41-3.mga7.x86_64 1513263578 406512 66b76f7cdfd5851bea523b01aa06a8ad installed
lib64boost_serialization1.66.0-1.66.0-2.mga7.x86_64 1514554117 257530 0bd818f2e43ecc26688f7bdf5c83a402 installed
lib64seccomp2-2.3.2-1.mga6.x86_64 1488782177 270760 54d425b8e310cc6c5024188f4320439e installed
lib64bz2-devel-1.0.6-11.mga7.x86_64 1515081866 376532 cb4873166867c89abcaa04d087ac1d59 installed
traceroute-2.1.0-1.mga6.x86_64 1462555580 74099 e342987823b0e420831742e48510d352 installed
lib64boost_numpy1.66.0-1.66.0-2.mga7.x86_64 1514554117 95266 a0ca749ba79ce81863c2aae9836b06a5 installed
lib64evdev-devel-1.5.7-1.mga6.x86_64 1494095075 91932 6d4d6493e037dc96f9b1172ad979c51e installed
lib64brotlicommon1-1.0.2-1.mga7.x86_64 1512738609 131036 e5c53cb38329866bbf0df8c8f97d3961 installed
lib64cups2-2.2.6-1.mga7.x86_64 1509966243 875288 38e7ca5a6f7c32d16c11e45138f71fbf installed
lib64npth0-1.5-1.mga6.x86_64 1497360148 42509 b39609b948f03386b1d1816386f245bb installed
lib64xcomposite1-0.4.4-8.mga6.x86_64 1454592389 11120 55e4d1762bfa9c4304657b8f5812af8c installed
libgcc1-7.3.0-1.mga7.x86_64 1516914181 320872 eb4e08bbffd2383c0498a96d256b4fac installed
lib64xcb-record0-1.12-2.mga6.x86_64 1467524268 19400 2d40511b2dd4784f7bcefe1c06be3236 installed
shadow-utils-2:4.4-2.mga7.x86_64 1513866833 3626198 177a3d1f5a93cc35d9eadb7ea77f6886 installed
lib64xcb-xtest0-1.12-2.mga6.x86_64 1467524268 11160 74139b064b09eb9ea5bb3ac2cb115f1a installed
gawk-4.2.0-1.mga7.x86_64 1509109269 2418923 4cb40da7380f5a86769ca2bbce28e3ef installed
lib64xdmcp-devel-1.1.2-5.mga6.x86_64 1488374738 105752 30e7fa1b4d9955701f95e6c339fc9245 installed
mageia-repos-cauldron-7-0.0.1.mga6.x86_64 1500235173 37746 ecbdd9905e74fbc8fe308b9db65d28ee installed
lib64fontconfig-devel-2.12.6-1.mga7.x86_64 1506663524 888735 93f4230dd593693da3efc62cc37b22a9 installed
e2fsprogs-1.43.6-1.mga7.x86_64 1504972815 4442955 4038ce9a30c1cf311d1540f81c65307d installed
lib64boost_type_erasure1.66.0-1.66.0-2.mga7.x86_64 1514554117 66514 84eae12ebaf0d080c5ab6b7fe6f691c5 installed
crypto-policies-20170606-2.mga7.noarch 1503748540 41853 fcd289d6ca12713916c7ea20e7e79e18 installed
lib64gudev-gir1.0-232-1.mga7.x86_64 1505418640 7528 ff6e6b6b9fdac02ac37712274c7f4614 installed
lib64archive13-3.3.2-3.mga7.x86_64 1504817719 772808 d20171d8e476e7cc65402700fa62302f installed
lib64wacom2-1:0.26-1.mga7.x86_64 1504864181 52872 72f0838abe6d9bd756048a8343cd4f10 installed
less-487-2.mga7.x86_64 1504717854 567098 5ceb9ab91539d32fbe5cde8d47d16199 installed
lib64gcrypt-devel-1.8.1-1.mga7.x86_64 1509527223 607080 c95033c19c26ef0d2d695404e0495805 installed
lib64guile2.0_22-2.0.14-2.mga7.x86_64 1514908096 1582616 bfc0678c75f88876762edc64c702159f installed
x11-font-daewoo-misc-1.0.3-6.mga6.noarch 1454949703 830644 134cea6236738bea1d3158f7892b8eef installed
lib64rpmsign8-1:4.14.1-3.mga7.x86_64 1516487941 19912 4eca6cded3778ba136eef78e314e6a2e installed
lib64xm4-2.3.6-1.mga6.x86_64 1470935143 2939560 2c13aca7468ff82e1bbfcbe406ca8be3 installed
krb5-1.16-1.mga7.x86_64 1516303251 229886 672a9a2f50824e312cd74f1d91cc4302 installed
lib64mariadb3-10.2.12-1.mga7.x86_64 1515223705 326848 5f83c035e54ee143046a5c052015d30d installed
libutempter-1.1.6-5.mga6.x86_64 1455215518 39893 21c29c359d56ff79b975cb67aab26837 installed
libdrm-common-2.4.89-1.mga7.x86_64 1513579211 6475 b4e2825eab8e9a63ed03d526879d262c installed
lib64curl4-1:7.58.0-1.mga7.x86_64 1516792985 528544 270ac4cbb5b4988a8b93948cfefe85ad installed
lib64drm_amdgpu1-2.4.89-1.mga7.x86_64 1513579211 40760 47ef5e124ef221e64c29323516cfb30b installed
time-1.7-45.mga6.x86_64 1455305815 22414 f7115f3406ca61ec1b0a63c5e3bc6692 installed
mesa-18.0.0-0.rc3.2.mga7.x86_64 1517512145 12636 e8cd185e8200ad58e39c0ed0ad31a920 installed
m4-1.4.18-1.mga6.x86_64 1483272404 293307 4695c9954f4849a07497c819f5d39bc0 installed
lib64mesaglu1-9.0.0-6.mga7.x86_64 1508031094 512216 293ea2ce1e143e94f4907b286d64be2f installed
iputils-20161105-2.mga6.x86_64 1480335214 323382 53be525563c805ca3947d6935b59fa76 installed
lib64lz4-devel-1.8.0-2.mga7.x86_64 1513017078 65046 6a35117ec90178455c6d9990f7d4a8bf installed
lib64secret1_0-0.18.5-2.mga6.x86_64 1497173859 336248 1d434189d1655503ca0bf257234553be installed
lib64wayland-devel-1.14.0-2.mga7.x86_64 1514506555 502807 cad15213e18e77d468a450b0fa89ae9f installed
glib-gettextize-2.54.3-1.mga7.x86_64 1515447294 30111 9663e401889497f1a82f701c22c0ed74 installed
lib64icu59-1:59.1-5.mga7.x86_64 1514477185 4607600 ace9ed9d4ddd9b6eba25e45d9f45d89f installed
lib64wacom-devel-1:0.26-1.mga7.x86_64 1504864181 19770 7884bdf87654e86ff8f2e81456a76eb0 installed
python3-pip-9.0.1-2.mga7.noarch 1501347836 9373485 3fcc885df78db794a07503bc4edd6ed6 installed
lib64x11-devel-1.6.5-1.mga6.x86_64 1488391850 1127274 b3f96d6d7a8e24564d41db3f594911f0 installed
lib64girepository1.0_1-1.54.1-1.mga7.x86_64 1506948404 217064 04cb5d7e5074c46ceb692c2d5891dee7 installed
lib64xxf86vm-devel-1.1.4-2.mga6.x86_64 1455234436 13124 a1529e9ad2f2cfa91cd5d33a8b982d51 installed
python2-pkg-resources-36.2.4-6.mga7.noarch 1506931547 924201 f31015f3ad5c48d77bce5a8336f789ac installed
lib64xi-devel-1.7.9-1.mga6.x86_64 1485536920 422180 0676ef8392cea98561aad90a9c6bc493 installed
gcc-7.3.0-1.mga7.x86_64 1516914181 51611589 ee67083bb76a6b82fb1ad11758e13d14 installed
lib64xft-devel-2.3.2-4.mga6.x86_64 1454603487 23381 7c7bb25c88ce52fa5f93277e70d60374 installed
python3-iniparse-0.4-15.mga7.noarch 1501797718 146627 192802484d68fc12b96da5bf59c16e83 installed
lib64xcb-util-devel-0.4.0-2.mga6.x86_64 1454597471 11205 9554d308a4b98a3f3d973d2e35e18e87 installed
lib64dbus1_3-1.10.16-1.mga6.x86_64 1487347310 333344 ea27da666355c11ea7dce763c90c78d5 installed
lib64qt5core5-5.9.3-2.mga7.x86_64 1514574976 5594656 fe9964d1e7cf7766b459947db32d5bcd installed
tcb-1.1-7.mga6.x86_64 1455304952 46677 b8b75a1c4262fecfa7ea4c29bbf70759 installed
lib64qt5eglfsdeviceintegration5-5.9.3-2.mga7.x86_64 1514574976 1057704 ed480e160e2fd4543ed8437abd539ae1 installed
util-linux-2.30.1-2.mga7.x86_64 1505645837 11304700 9f901e2a1aeab5f877e097b96245b887 installed
lib64qt5core-devel-5.9.3-2.mga7.x86_64 1514574976 4052024 9b28beec869eb9f1a5af139f15b7d1d4 installed
net-tools-2.0-0.20150915git.4.mga6.x86_64 1481358697 934275 d76b6f6826c41aef91398e42bfe28f1b installed
lib64qt5qml5-5.9.3-2.mga7.x86_64 1515073088 4188632 57f363a142e5cd113acc7e031e1e2168 installed
