2018-01-22 10:09:23,942 - Mock Version: 1.4.8
2018-01-22 10:09:26,377 - Start: dnf update
2018-01-22 10:09:37,703 - Finish: dnf update
2018-01-22 10:09:37,724 - Finish: chroot init
2018-01-22 10:09:37,727 - Start: build phase for bazel-0.9.0-1.intelsb.mga6.src.rpm
2018-01-22 10:09:37,728 - Start: build setup for bazel-0.9.0-1.intelsb.mga6.src.rpm
2018-01-22 10:10:43,958 - Finish: build setup for bazel-0.9.0-1.intelsb.mga6.src.rpm
2018-01-22 10:10:43,959 - Start: rpmbuild bazel-0.9.0-1.intelsb.mga6.src.rpm
2018-01-22 10:10:43,961 - Start: Outputting list of installed packages
2018-01-22 10:10:44,021 - Finish: Outputting list of installed packages
2018-01-22 10:22:17,240 - Start: clean chroot
2018-01-22 10:22:56,739 - Finish: clean chroot
2018-01-22 11:00:33,563 - Mock Version: 1.4.8
2018-01-22 11:00:35,921 - Start: dnf update
2018-01-22 11:01:55,063 - Finish: dnf update
2018-01-22 11:01:55,078 - Finish: chroot init
2018-01-22 11:01:55,082 - Start: build phase for bazel-0.9.0-1.mga7.src.rpm
2018-01-22 11:01:55,083 - Start: build setup for bazel-0.9.0-1.mga7.src.rpm
2018-01-22 11:03:24,038 - Finish: build setup for bazel-0.9.0-1.mga7.src.rpm
2018-01-22 11:03:24,039 - Start: rpmbuild bazel-0.9.0-1.mga7.src.rpm
2018-01-22 11:03:24,041 - Start: Outputting list of installed packages
2018-01-22 11:03:24,103 - Finish: Outputting list of installed packages
2018-01-22 11:03:41,818 - Start: clean chroot
2018-01-22 11:03:53,383 - Finish: clean chroot
2018-01-22 11:07:25,867 - Mock Version: 1.4.8
2018-01-22 11:07:28,878 - Start: dnf update
2018-01-22 11:08:45,623 - Finish: dnf update
2018-01-22 11:08:45,637 - Finish: chroot init
2018-01-22 11:08:45,640 - Start: build phase for bazel-0.9.0-1.mga7.src.rpm
2018-01-22 11:08:45,642 - Start: build setup for bazel-0.9.0-1.mga7.src.rpm
2018-01-22 11:09:41,881 - Finish: build setup for bazel-0.9.0-1.mga7.src.rpm
2018-01-22 11:09:41,881 - Start: rpmbuild bazel-0.9.0-1.mga7.src.rpm
2018-01-22 11:09:41,884 - Start: Outputting list of installed packages
2018-01-22 11:09:41,950 - Finish: Outputting list of installed packages
2018-01-22 11:18:24,900 - Start: clean chroot
2018-01-22 11:18:37,150 - Finish: clean chroot
2018-01-22 11:20:09,081 - Mock Version: 1.4.8
2018-01-22 11:20:19,080 - Start: dnf update
2018-01-22 11:21:22,463 - Finish: dnf update
2018-01-22 11:21:22,476 - Finish: chroot init
2018-01-22 11:21:22,479 - Start: build phase for bazel-0.9.0-1.mga7.src.rpm
2018-01-22 11:21:22,481 - Start: build setup for bazel-0.9.0-1.mga7.src.rpm
2018-01-22 11:22:00,039 - Finish: build setup for bazel-0.9.0-1.mga7.src.rpm
2018-01-22 11:22:00,039 - Start: rpmbuild bazel-0.9.0-1.mga7.src.rpm
2018-01-22 11:22:00,041 - Start: Outputting list of installed packages
2018-01-22 11:22:00,105 - Finish: Outputting list of installed packages
2018-01-22 11:38:16,640 - Start: clean chroot
2018-01-22 11:38:44,797 - Finish: clean chroot
