ant-lib-1.10.9-1.mga8
aopalliance-1.0-17.mga8
apache-commons-cli-1.4-3.mga8
apache-commons-codec-1.13-1.mga8
apache-commons-collections-3.2.2-10.mga8
apache-commons-compress-1.20-1.mga8
apache-commons-io-2.6-6.mga8
apache-commons-lang3-3.11-1.mga8
apache-commons-logging-1.2-12.mga8
aqute-bndlib-4.3.1-1.mga8
atinject-1-36.20100611svn86.1.mga8
autoconf-2.70-1.mga8
automake-1.16.3-1.mga8
basesystem-minimal-8-0.4.mga8
basesystem-minimal-core-8-0.4.mga8
bash-5.1-0.1.mga8
beust-jcommander-1.78-1.mga8
binutils-2.35.1-5.mga8
bsf-2.4.0-39.mga8
bsh-2.0-19.b6.1.mga8
bzip2-1.0.8-2.mga8
cdi-api-1.2-4.mga8
cglib-3.2.9-3.mga8
chkconfig-1.14-1.mga8
cmake-rpm-macros-8-5.mga8
common-licenses-1.1-10.mga8
copy-jdk-configs-3.7-3.mga8
coreutils-8.32-2.mga8
cpio-2.13-5.mga8
cracklib-dicts-2.9.7-3.mga8
cronie-1.5.5-2.mga8
crontabs-1.10-24.mga8
crypto-policies-20200918-1.mga8
ctags-5.8-15.mga8
curl-7.73.0-1.mga8
dain-snappy-0.4-5.mga8
dash-static-0.5.11.2-1.mga8
dbus-1.13.18-3.mga8
desktop-file-utils-0.26-1.mga8
diffutils-3.7-3.mga8
docbook-dtds-1.0-66.mga8
docbook-style-dsssl-1.79-19.mga8
docbook-style-xsl-1.79.2-5.mga8
docbook-utils-0.6.14-23.mga8
dwz-0.13-1.mga8
e2fsprogs-1.45.6-6.mga8
easymock-4.2-2.mga8
elfutils-0.182-1.mga8
etcskel-1.63-36.mga8
ethtool-5.9-1.mga8
felix-utils-1.11.4-1.mga8
file-5.39-3.mga8
filesystem-2.1.9-34.mga8
findutils-4.7.0-3.mga8
fontconfig-2.13.93-3.mga8
fonts-filesystem-2.0.5-5.mga8
fonts-srpm-macros-2.0.5-5.mga8
gawk-5.1.0-1.mga8
gcc-10.2.1-0.20201212.1.mga8
gcc-c++-10.2.1-0.20201212.1.mga8
gcc-cpp-10.2.1-0.20201212.1.mga8
gdb-headless-10.1-3.mga8
genhdlist2-7.12-2.mga8
gettext-0.21-8.mga8
gettext-base-0.21-8.mga8
gettext-devel-0.21-8.mga8
glib2.0-common-2.66.3-1.mga8
glibc-2.32-6.mga8
glibc-devel-2.32-6.mga8
glib-gettextize-2.66.3-1.mga8
gobject-introspection-1.66.1-1.mga8
google-gson-2.8.6-1.mga8
google-guice-4.2.3-1.mga8
go-srpm-macros-3.0.9-1.mga8
gpg-pubkey-80420f66-5d0d4576
grep-3.6-2.mga8
gtk-doc-1.32-4.mga8
guava-25.0-4.mga8
guile3.0-runtime-3.0.4-3.mga8
gzip-1.10-4.mga8
hamcrest-core-1.3-25.mga8
hawtjni-runtime-1.17-3.mga8
help2man-1.47.16-1.mga8
hostname-3.23-2.mga8
httpcomponents-client-4.5.10-1.mga8
httpcomponents-core-4.4.12-1.mga8
icu68-data-68.1-1.mga8
ifmetric-0.3-19.mga8
ifplugd-0.28-23.mga8
info-install-6.7-3.mga8
initscripts-9.78-27.mga8
ipcalc-1.0.0-1.mga8
iproute2-5.9.0-1.mga8
iputils-20200821-2.mga8
isl-0.18-2.mga8
jakarta-annotations-1.3.5-2.mga8
jakarta-el-api-4.0.0-1.mga8
jansi-1.18-2.mga8
jansi-native-1.8-3.mga8
java-11-openjdk-11.0.9.6-0.0.ea.1.mga8
java-11-openjdk-devel-11.0.9.6-0.0.ea.1.mga8
java-11-openjdk-headless-11.0.9.6-0.0.ea.1.mga8
javapackages-filesystem-5.3.0-10.mga8
javapackages-local-5.3.0-10.mga8
javapackages-tools-5.3.0-10.mga8
jboss-interceptors-1.2-api-1.0.1-2.mga8
jline-2.14.6-4.mga8
jsr-305-1-0.18.20130910svn.4.mga8
junit-4.13.1-1.mga8
kbd-2.3.0-1.mga8
kernel-userspace-headers-5.9.12-1.mga8
kmod-27-3.mga8
krb5-1.18.3-1.mga8
less-563-1.mga8
lib64acl1-2.2.53-2.mga8
lib64acl-devel-2.2.53-2.mga8
lib64alsa2-1.2.4-1.mga8
lib64archive13-3.5.0-1.mga8
lib64argon2_1-20190702-3.mga8
lib64attr1-2.4.48-3.mga8
lib64audit1-2.8.5-4.mga8
lib64babeltrace1-1.5.8-1.mga8
lib64blkid1-2.36.1-4.mga8
lib64blkid-devel-2.36.1-4.mga8
lib64boost_regex1.73.0-1.73.0-9.mga8
lib64brotlicommon1-1.0.9-2.mga8
lib64brotlidec1-1.0.9-2.mga8
lib64bsd0-0.10.0-2.mga8
lib64bz2_1-1.0.8-2.mga8
lib64cap2-2.45-1.mga8
lib64cap-ng0-0.8.1-1.mga8
lib64com_err2-1.45.6-6.mga8
lib64crack2-2.9.7-3.mga8
lib64cryptsetup12-2.3.4-2.mga8
lib64curl4-7.73.0-1.mga8
lib64daemon0-0.14-13.mga8
lib64db5.3-5.3.28-24.mga8
lib64dbnss4.8-4.8.30-26.mga8
lib64dbus1_3-1.13.18-3.mga8
lib64devmapper1.02-1.02.173-3.mga8
lib64elfutils1-0.182-1.mga8
lib64expat1-2.2.10-1.mga8
lib64exslt0-1.1.34-2.mga8
lib64ext2fs2-1.45.6-6.mga8
lib64fdisk1-2.36.1-4.mga8
lib64ffi7-3.3-2.mga8
lib64ffi-devel-3.3-2.mga8
lib64fontconfig1-2.13.93-3.mga8
lib64fontenc1-1.1.4-2.mga8
lib64freetype6-2.10.4-1.mga8
lib64fuse2-2.9.9-4.mga8
lib64gc1-8.0.4-2.mga8
lib64gcrypt20-1.8.7-1.mga8
lib64gdbm6-1.18.1-3.mga8
lib64gdbm_compat4-1.18.1-3.mga8
lib64gettextmisc-0.21-8.mga8
lib64gif7-5.2.1-5.mga8
lib64gio2.0_0-2.66.3-1.mga8
lib64girepository1.0_1-1.66.1-1.mga8
lib64glib2.0_0-2.66.3-1.mga8
lib64glib2.0-devel-2.66.3-1.mga8
lib64gmp10-6.2.1-1.mga8
lib64gnutls30-3.6.15-2.mga8
lib64gpg-error0-1.39-1.mga8
lib64guile3.0_1-3.0.4-3.mga8
lib64hogweed6-3.6-1.mga8
lib64icu68-68.1-1.mga8
lib64idn2_0-2.3.0-4.mga8
lib64intl8-0.21-8.mga8
lib64ip4tc2-1.8.6-1.mga8
lib64ipt2-2.0.2-1.mga8
lib64iptables12-1.8.6-1.mga8
lib64isl15-0.18-2.mga8
lib64jpeg8-2.0.5-1.mga8
lib64json-c5-0.15-1.mga8
lib64keyutils1-1.6.3-1.mga8
lib64kmod2-27-3.mga8
lib64krb53-1.18.3-1.mga8
lib64lcms2_2-2.11-1.mga8
lib64ldap2.4_2-2.4.56-1.mga8
lib64ltdl7-2.4.6-13.mga8
lib64lua5.2-5.2.4-7.mga8
lib64lua5.3-5.3.5-5.mga8
lib64lz4_1-1.9.3-1.mga8
lib64lzma5-5.2.5-1.mga8
lib64lzma-devel-5.2.5-1.mga8
lib64lzo2_2-2.10-4.mga8
lib64magic1-5.39-3.mga8
lib64microhttpd12-0.9.71-2.mga8
lib64mnl0-1.0.4-3.mga8
lib64mount1-2.36.1-4.mga8
lib64mount-devel-2.36.1-4.mga8
lib64mpc3-1.2.1-1.mga8
lib64mpfr6-4.1.0-1.mga8
lib64ncurses6-6.2-20201205.1.mga8
lib64ncurses-devel-6.2-20201205.1.mga8
lib64ncursesw6-6.2-20201205.1.mga8
lib64nettle8-3.6-1.mga8
lib64nghttp2_14-1.42.0-1.mga8
lib64nsl2-1.3.0-2.mga8
lib64openjade0-1.3.3-0.pre1.26.mga8
lib64openssl1.1-1.1.1i-1.mga8
lib64osp5-1.5.2-21.mga8
lib64p11-kit0-0.23.21-1.mga8
lib64pam0-1.3.1-5.mga8
lib64pam_userpass1-1.0.2-15.mga8
lib64pcre16_0-8.44-1.mga8
lib64pcre1-8.44-1.mga8
lib64pcre2_0-10.35-2.mga8
lib64pcre32_0-8.44-1.mga8
lib64pcre-devel-8.44-1.mga8
lib64pcreposix1-8.44-1.mga8
lib64pkgconf3-1.7.3-1.mga8
lib64png16_16-1.6.37-2.mga8
lib64popt0-1.18-1.mga8
lib64procps8-3.3.16-2.mga8
lib64psl5-0.21.1-1.mga8
lib64python3.8-3.8.5-1.mga8
lib64python3.8-stdlib-3.8.5-1.mga8
lib64python3-devel-3.8.5-1.mga8
lib64qrencode4-4.1.1-1.mga8
lib64readline8-8.0-3.mga8
lib64rpm9-4.16.1-1.mga8
lib64rpmbuild9-4.16.1-1.mga8
lib64sasl2_3-2.1.27-3.mga8
lib64sctp1-1.0.18-3.mga8
lib64seccomp2-2.5.1-1.mga8
lib64sigsegv2-2.12-3.mga8
lib64smartcols1-2.36.1-4.mga8
lib64source-highlight4-3.1.9-6.mga8
lib64sqlite3_0-3.34.0-1.mga8
lib64ss2-1.45.6-6.mga8
lib64ssh4-0.9.5-1.mga8
lib64systemd0-246.7-1.mga8
lib64tasn1_6-4.16.0-4.mga8
lib64tcb0-1.1-11.mga8
lib64textstyle0-0.21-8.mga8
lib64tirpc3-1.3.1-1.mga8
lib64udev1-246.7-1.mga8
lib64unistring2-0.9.10-4.mga8
lib64unistring-devel-0.9.10-4.mga8
lib64user1-0.62-16.mga8
lib64uuid1-2.36.1-4.mga8
lib64uuid-devel-2.36.1-4.mga8
lib64verto1-0.3.1-2.mga8
lib64x11_6-1.7.0-1.mga8
lib64xau6-1.0.9-2.mga8
lib64xcb1-1.14-1.mga8
lib64xcomposite1-0.4.5-3.mga8
lib64xcrypt1-4.4.17-1.mga8
lib64xcrypt-devel-4.4.17-1.mga8
lib64xdmcp6-1.1.3-2.mga8
lib64xext6-1.3.4-2.mga8
lib64xi6-1.7.10-2.mga8
lib64xml2_2-2.9.10-5.mga8
lib64xml2-devel-2.9.10-5.mga8
lib64xrender1-0.9.10-3.mga8
lib64xslt1-1.1.34-2.mga8
lib64xtst6-1.2.3-3.mga8
lib64xxhash0-0.8.0-1.mga8
lib64zlib1-1.2.11-9.mga8
lib64zlib-devel-1.2.11-9.mga8
lib64zstd1-1.4.5-4.mga8
libalsa-data-1.2.4-1.mga8
libgcc1-10.2.1-0.20201212.1.mga8
libgomp1-10.2.1-0.20201212.1.mga8
libgomp-devel-10.2.1-0.20201212.1.mga8
libgpg-error-common-1.39-1.mga8
libidn2-i18n-2.3.0-4.mga8
liblog4j12-java-1.2.17-21.mga8
libstdc++6-10.2.1-0.20201212.1.mga8
libstdc++-devel-10.2.1-0.20201212.1.mga8
libtirpc-1.3.1-1.mga8
libtool-2.4.6-13.mga8
libtool-base-2.4.6-13.mga8
libuser-0.62-16.mga8
libutempter-1.2.1-1.mga8
libxml2-utils-2.9.10-5.mga8
lksctp-tools-1.0.18-3.mga8
logrotate-3.17.0-1.mga8
lsb-release-3.1-1.mga8
lua-5.2.4-7.mga8
lua-posix-35.0-1.mga8
m4-1.4.18-3.mga8
mageia-release-common-8-0.17.mga8
mageia-release-Default-8-0.17.mga8
mageia-repos-8-0.0.4.mga8
mageia-repos-cauldron-8-0.0.4.mga8
mageia-repos-keys-8-0.0.4.mga8
mageia-repos-pkgprefs-8-0.0.4.mga8
make-4.3-2.mga8
makedev-4.4-26.mga8
maven-antrun-plugin-1.8-10.mga8
maven-archiver-3.5.0-1.mga8
maven-artifact-2.2.1-99.mga8
maven-artifact-manager-2.2.1-99.mga8
maven-common-artifact-filters-3.1.0-1.mga8
maven-compiler-plugin-3.8.1-3.mga8
maven-dependency-tree-3.0.1-3.mga8
maven-doxia-core-1.9.1-1.mga8
maven-doxia-logging-api-1.9.1-1.mga8
maven-doxia-module-apt-1.9.1-1.mga8
maven-doxia-module-fml-1.9.1-1.mga8
maven-doxia-module-xdoc-1.9.1-1.mga8
maven-doxia-module-xhtml-1.9.1-1.mga8
maven-doxia-module-xhtml5-1.9.1-1.mga8
maven-doxia-sink-api-1.9.1-1.mga8
maven-doxia-sitetools-1.9.2-1.mga8
maven-file-management-3.0.0-6.mga8
maven-filtering-3.2.0-1.mga8
maven-jar-plugin-3.2.0-1.mga8
maven-lib-3.6.3-7.mga8
maven-local-5.3.0-10.mga8
maven-model-2.2.1-99.mga8
maven-plugin-annotations-3.6.0-1.mga8
maven-plugin-build-helper-3.2.0-1.mga8
maven-plugin-bundle-4.2.1-1.mga8
maven-plugin-registry-2.2.1-99.mga8
maven-profile-2.2.1-99.mga8
maven-project-2.2.1-99.mga8
maven-reporting-api-3.0-14.mga8
maven-resolver-api-1.4.2-1.mga8
maven-resolver-impl-1.4.2-1.mga8
maven-resolver-spi-1.4.2-1.mga8
maven-resolver-util-1.4.2-1.mga8
maven-resources-plugin-3.2.0-1.mga8
maven-settings-2.2.1-99.mga8
maven-shared-incremental-1.1-15.mga8
maven-shared-io-3.0.0-6.mga8
maven-shared-utils-3.2.1-0.7.mga8
maven-source-plugin-3.2.1-1.mga8
maven-surefire-2.22.0-4.mga8
maven-surefire-plugin-2.22.0-4.mga8
maven-surefire-provider-junit-2.22.0-4.mga8
maven-surefire-provider-testng-2.22.0-4.mga8
maven-verifier-1.7.2-1.mga8
maven-wagon-provider-api-3.4.1-1.mga8
meta-task-8-0.29.mga8
mkfontscale-1.2.1-2.mga8
multiarch-utils-1.0.14-3.mga8
ncurses-6.2-20201205.1.mga8
net-tools-2.0-0.20150915git.6.mga8
nss-myhostname-246.7-1.mga8
nss_tcb-1.1-11.mga8
objectweb-asm-8.0.1-1.mga8
objenesis-3.1-1.mga8
ocaml-srpm-macros-6-2.mga8
openjade-1.3.3-0.pre1.26.mga8
openldap-2.4.56-1.mga8
opensp-1.5.2-21.mga8
osgi-annotation-7.0.0-2.mga8
osgi-compendium-7.0.0-2.mga8
osgi-core-7.0.0-2.mga8
p11-kit-0.23.21-1.mga8
p11-kit-trust-0.23.21-1.mga8
pam-1.3.1-5.mga8
pam_tcb-1.1-11.mga8
passwd-0.80-2.mga8
patch-2.7.6-6.mga8
pcre-8.44-1.mga8
perl-5.32.0-9.mga8
perl-base-5.32.0-9.mga8
perl-Config-IniFiles-3.0.3-1.mga8
perl-Exporter-Tiny-1.2.2-1.mga8
perl-File-Slurp-9999.320.0-1.mga8
perl-File-Sync-0.110.0-31.mga8
perl-Filesys-Df-0.920.0-31.mga8
perl-IO-stringy-2.113.0-1.mga8
perl-JSON-4.20.0-2.mga8
perl-List-MoreUtils-0.430.0-1.mga8
perl-List-MoreUtils-XS-0.430-1.mga8
perl-Locale-gettext-1.70.0-13.mga8
perl-MDK-Common-1.2.34.2-4.mga8
perl-MDV-Distribconf-4.101.0-3.mga8
perl-MDV-Packdrakeng-1.130.0-6.mga8
perl-SGMLSpm-1.03ii-4.mga8
perl-srpm-macros-1-34.mga8
perl-Time-ZoneInfo-0.300.0-10.mga8
perl-URPM-5.123-1.mga8
perl-XML-LibXML-2.20.600-1.mga8
perl-XML-NamespaceSupport-1.120.0-3.mga8
perl-XML-SAX-1.20.0-2.mga8
perl-XML-SAX-Base-1.90.0-4.mga8
perl-YAML-1.300.0-2.mga8
perl-YAML-Tiny-1.730.0-3.mga8
pkgconf-1.7.3-1.mga8
pkgconf-m4-1.7.3-1.mga8
pkgconf-pkg-config-1.7.3-1.mga8
plexus-archiver-4.2.2-1.mga8
plexus-build-api-0.0.7-20.mga8
plexus-cipher-1.7-15.mga8
plexus-classworlds-2.6.0-3.mga8
plexus-compiler-2.8.8-1.mga8
plexus-containers-component-annotations-2.1.0-1.mga8
plexus-containers-container-default-2.1.0-1.mga8
plexus-i18n-1.0-0.7.b10.9.mga8
plexus-interpolation-1.26-3.mga8
plexus-io-3.2.0-1.mga8
plexus-languages-1.0.5-3.mga8
plexus-sec-dispatcher-1.4-25.mga8
plexus-utils-3.3.0-1.mga8
plexus-velocity-1.2-4.mga8
popt-data-1.18-1.mga8
procps-ng-3.3.16-2.mga8
psmisc-23.3-3.mga8
publicsuffix-list-20201130-1.mga8
publicsuffix-list-dafsa-20201130-1.mga8
python3-3.8.5-1.mga8
python3-javapackages-5.3.0-10.mga8
python3-lxml-4.6.2-1.mga8
python3-pkg-resources-50.3.2-1.mga8
python3-pygments-2.7.2-1.mga8
python3-rpm-generators-11-4.mga8
python3-rpm-macros-3.9-5.mga8
python3-setuptools-50.3.2-1.mga8
python3-six-1.15.0-1.mga8
python3-wheel-0.35.1-2.mga8
python-pip-wheel-20.1.1-1.mga8
python-rpm-macros-3.9-5.mga8
python-setuptools-wheel-50.3.2-1.mga8
python-srpm-macros-3.9-5.mga8
qdox-2.0.0-1.mga8
resolvconf-1.79-5.mga8
rmt-0.4b46-8.mga8
rootcerts-20201201.00-2.mga8
rootfiles-11.0-16.mga8
rpm-4.16.1-1.mga8
rpm-build-4.16.1-1.mga8
rpm-helper-0.24.20-1.mga8
rpm-mageia-setup-2.57-2.mga8
rpm-mageia-setup-build-2.57-2.mga8
run-parts-4.8.4-3.mga8
rust-srpm-macros-16-1.mga8
sash-3.8-9.mga8
sed-4.8-3.mga8
setup-2.7.25-1.mga8
sgml-common-0.6.3-28.mga8
shadow-utils-4.6-4.mga8
shared-mime-info-2.0-2.mga8
sisu-inject-0.3.4-1.mga8
sisu-plexus-0.3.4-1.mga8
slf4j-1.7.30-1.mga8
source-highlight-3.1.9-6.mga8
spec-helper-0.31.23-1.mga8
sudo-1.9.4-1.mga8
systemd-246.7-1.mga8
tar-1.32-3.mga8
tcb-1.1-11.mga8
time-1.9-4.mga8
timezone-2020d-2.mga8
timezone-java-2020d-2.mga8
traceroute-2.1.0-3.mga8
unzip-6.1c-8.mga8
urpmi-8.124-1.mga8
util-linux-2.36.1-4.mga8
velocity-1.7-24.mga8
vim-minimal-8.2.2115-2.mga8
which-2.21-6.mga8
x11-font-bitstream-type1-1.0.3-9.mga8
xalan-j2-2.7.2-3.mga8
xbean-4.15-1.mga8
xerces-j2-2.12.0-3.mga8
xml-commons-apis-1.4.01-25.mga8
xml-commons-resolver-1.2-23.mga8
xmvn-api-3.1.0-5.mga8
xmvn-connector-aether-3.1.0-5.mga8
xmvn-core-3.1.0-5.mga8
xmvn-install-3.1.0-5.mga8
xmvn-minimal-3.1.0-5.mga8
xmvn-mojo-3.1.0-5.mga8
xmvn-resolve-3.1.0-5.mga8
xmvn-subst-3.1.0-5.mga8
xsltproc-1.1.34-2.mga8
xz-5.2.5-1.mga8
xz-java-1.8-4.mga8
zstd-1.4.5-4.mga8
