INFO buildroot.py:348:  Mock Version: 1.4.8
DEBUG util.py:110:  ensuring that dir exists: /var/lib/mock/mageia-6-x86_64/root/dev/pts
DEBUG util.py:113:  creating dir: /var/lib/mock/mageia-6-x86_64/root/dev/pts
DEBUG util.py:110:  ensuring that dir exists: /var/lib/mock/mageia-6-x86_64/root/dev/shm
DEBUG util.py:113:  creating dir: /var/lib/mock/mageia-6-x86_64/root/dev/shm
DEBUG buildroot.py:479:  kernel version == 4.14.13-server-1.mga7
DEBUG util.py:123:  touching file: /var/lib/mock/mageia-6-x86_64/root/etc/fstab
DEBUG util.py:123:  touching file: /var/lib/mock/mageia-6-x86_64/root/etc/yum/yum.conf
DEBUG util.py:123:  touching file: /var/lib/mock/mageia-6-x86_64/root/etc/dnf/dnf.conf
DEBUG util.py:123:  touching file: /var/lib/mock/mageia-6-x86_64/root/var/log/yum.log
DEBUG util.py:110:  ensuring that dir exists: /var/lib/mock/mageia-6-x86_64/root/var/cache/dnf/
DEBUG util.py:636:  child environment: None
DEBUG util.py:562:  Executing command: ['/bin/mount', '-n', '--bind', '/var/cache/mock/mageia-6-x86_64/dnf_cache/', '/var/lib/mock/mageia-6-x86_64/root/var/cache/dnf/'] with env {'TERM': 'vt100', 'SHELL': '/bin/sh', 'HOME': '/builddir', 'HOSTNAME': 'mock', 'PATH': '/usr/bin:/bin:/usr/sbin:/sbin', 'LANG': 'en_US.UTF-8'} and shell False
DEBUG util.py:617:  Child return code was: 0
DEBUG buildroot.py:142:  rootdir = /var/lib/mock/mageia-6-x86_64/root
DEBUG buildroot.py:143:  resultdir = ./mock/
DEBUG util.py:110:  ensuring that dir exists: /var/lib/mock/mageia-6-x86_64/root/etc/pki/mock
DEBUG util.py:110:  ensuring that dir exists: /var/lib/mock/mageia-6-x86_64/root/etc/dnf
DEBUG util.py:636:  child environment: None
DEBUG util.py:562:  Executing command: ['/usr/bin/systemd-nspawn', '-q', '-M', '7172a20e799641eba748bcde95f76fa3', '-D', '/var/lib/mock/mageia-6-x86_64/root', '-a', '--setenv=TERM=vt100', '--setenv=SHELL=/bin/bash', '--setenv=HOME=/builddir', '--setenv=HOSTNAME=mock', '--setenv=PATH=/usr/bin:/bin:/usr/sbin:/sbin', '--setenv=PROMPT_COMMAND=printf "\\033]0;<mock-chroot>\\007"', '--setenv=PS1=<mock-chroot> \\s-\\v\\$ ', '--setenv=LANG=en_US.UTF-8', '/usr/sbin/userdel', '-r', '-f', 'mockbuild'] with env {'TERM': 'vt100', 'SHELL': '/bin/bash', 'HOME': '/builddir', 'HOSTNAME': 'mock', 'PATH': '/usr/bin:/bin:/usr/sbin:/sbin', 'PROMPT_COMMAND': 'printf "\\033]0;<mock-chroot>\\007"', 'PS1': '<mock-chroot> \\s-\\v\\$ ', 'LANG': 'en_US.UTF-8'} and shell False
DEBUG util.py:317:  Unsharing. Flags: 134217728
DEBUG util.py:479:  userdel: mockbuild mail spool (/var/spool/mail/mockbuild) not found
DEBUG util.py:617:  Child return code was: 0
DEBUG util.py:636:  child environment: None
DEBUG util.py:562:  Executing command: ['/usr/bin/systemd-nspawn', '-q', '-M', '0d042e00b85c4a0792ff1c7f34e87db4', '-D', '/var/lib/mock/mageia-6-x86_64/root', '-a', '--setenv=TERM=vt100', '--setenv=SHELL=/bin/bash', '--setenv=HOME=/builddir', '--setenv=HOSTNAME=mock', '--setenv=PATH=/usr/bin:/bin:/usr/sbin:/sbin', '--setenv=PROMPT_COMMAND=printf "\\033]0;<mock-chroot>\\007"', '--setenv=PS1=<mock-chroot> \\s-\\v\\$ ', '--setenv=LANG=en_US.UTF-8', '/usr/sbin/groupdel', 'mock'] with env {'TERM': 'vt100', 'SHELL': '/bin/bash', 'HOME': '/builddir', 'HOSTNAME': 'mock', 'PATH': '/usr/bin:/bin:/usr/sbin:/sbin', 'PROMPT_COMMAND': 'printf "\\033]0;<mock-chroot>\\007"', 'PS1': '<mock-chroot> \\s-\\v\\$ ', 'LANG': 'en_US.UTF-8'} and shell False
DEBUG util.py:317:  Unsharing. Flags: 134217728
DEBUG util.py:617:  Child return code was: 0
DEBUG util.py:636:  child environment: None
DEBUG util.py:562:  Executing command: ['/usr/bin/systemd-nspawn', '-q', '-M', 'df01c085bd2448dba053fda17cc29778', '-D', '/var/lib/mock/mageia-6-x86_64/root', '-a', '--setenv=TERM=vt100', '--setenv=SHELL=/bin/bash', '--setenv=HOME=/builddir', '--setenv=HOSTNAME=mock', '--setenv=PATH=/usr/bin:/bin:/usr/sbin:/sbin', '--setenv=PROMPT_COMMAND=printf "\\033]0;<mock-chroot>\\007"', '--setenv=PS1=<mock-chroot> \\s-\\v\\$ ', '--setenv=LANG=en_US.UTF-8', '/usr/sbin/groupadd', '-g', '135', 'mock'] with env {'TERM': 'vt100', 'SHELL': '/bin/bash', 'HOME': '/builddir', 'HOSTNAME': 'mock', 'PATH': '/usr/bin:/bin:/usr/sbin:/sbin', 'PROMPT_COMMAND': 'printf "\\033]0;<mock-chroot>\\007"', 'PS1': '<mock-chroot> \\s-\\v\\$ ', 'LANG': 'en_US.UTF-8'} and shell False
DEBUG util.py:317:  Unsharing. Flags: 134217728
DEBUG util.py:617:  Child return code was: 0
DEBUG util.py:636:  child environment: None
DEBUG util.py:562:  Executing command: ['/usr/bin/systemd-nspawn', '-q', '-M', '9adc7fb9511748828c3ae8e7ddee34c6', '-D', '/var/lib/mock/mageia-6-x86_64/root', '-a', '--setenv=TERM=vt100', '--setenv=SHELL=/bin/bash', '--setenv=HOME=/builddir', '--setenv=HOSTNAME=mock', '--setenv=PATH=/usr/bin:/bin:/usr/sbin:/sbin', '--setenv=PROMPT_COMMAND=printf "\\033]0;<mock-chroot>\\007"', '--setenv=PS1=<mock-chroot> \\s-\\v\\$ ', '--setenv=LANG=en_US.UTF-8', '/usr/sbin/useradd', '-o', '-m', '-u', '1000', '-g', '135', '-d', '/builddir', 'mockbuild'] with env {'TERM': 'vt100', 'SHELL': '/bin/bash', 'HOME': '/builddir', 'HOSTNAME': 'mock', 'PATH': '/usr/bin:/bin:/usr/sbin:/sbin', 'PROMPT_COMMAND': 'printf "\\033]0;<mock-chroot>\\007"', 'PS1': '<mock-chroot> \\s-\\v\\$ ', 'LANG': 'en_US.UTF-8'} and shell False
DEBUG util.py:317:  Unsharing. Flags: 134217728
DEBUG util.py:617:  Child return code was: 0
DEBUG util.py:110:  ensuring that dir exists: /var/lib/mock/mageia-6-x86_64/root/builddir/build/RPMS
DEBUG util.py:113:  creating dir: /var/lib/mock/mageia-6-x86_64/root/builddir/build/RPMS
DEBUG util.py:110:  ensuring that dir exists: /var/lib/mock/mageia-6-x86_64/root/builddir/build/SPECS
DEBUG util.py:113:  creating dir: /var/lib/mock/mageia-6-x86_64/root/builddir/build/SPECS
DEBUG util.py:110:  ensuring that dir exists: /var/lib/mock/mageia-6-x86_64/root/builddir/build/SRPMS
DEBUG util.py:113:  creating dir: /var/lib/mock/mageia-6-x86_64/root/builddir/build/SRPMS
DEBUG util.py:110:  ensuring that dir exists: /var/lib/mock/mageia-6-x86_64/root/builddir/build/SOURCES
DEBUG util.py:113:  creating dir: /var/lib/mock/mageia-6-x86_64/root/builddir/build/SOURCES
DEBUG util.py:110:  ensuring that dir exists: /var/lib/mock/mageia-6-x86_64/root/builddir/build/BUILD
DEBUG util.py:113:  creating dir: /var/lib/mock/mageia-6-x86_64/root/builddir/build/BUILD
DEBUG util.py:110:  ensuring that dir exists: /var/lib/mock/mageia-6-x86_64/root/builddir/build/BUILDROOT
DEBUG util.py:113:  creating dir: /var/lib/mock/mageia-6-x86_64/root/builddir/build/BUILDROOT
DEBUG util.py:110:  ensuring that dir exists: /var/lib/mock/mageia-6-x86_64/root/builddir/build/originals
DEBUG util.py:113:  creating dir: /var/lib/mock/mageia-6-x86_64/root/builddir/build/originals
DEBUG util.py:123:  touching file: /var/lib/mock/mageia-6-x86_64/root/.initialized
DEBUG util.py:636:  child environment: None
DEBUG util.py:562:  Executing command: ['/usr/bin/systemd-nspawn', '-q', '-M', '81d04181ce2c4935957609ab7c2f33c5', '-D', '/var/lib/mock/mageia-6-x86_64/root', '-a', '--setenv=TERM=vt100', '--setenv=SHELL=/bin/bash', '--setenv=HOME=/builddir', '--setenv=HOSTNAME=mock', '--setenv=PATH=/usr/bin:/bin:/usr/sbin:/sbin', '--setenv=PROMPT_COMMAND=printf "\\033]0;<mock-chroot>\\007"', '--setenv=PS1=<mock-chroot> \\s-\\v\\$ ', '--setenv=LANG=en_US.UTF-8', '-u', 'mockbuild', '/bin/rpm', '-Uvh', '--nodeps', '/builddir/build/originals/golang-1.9.2-1.mga7.src.rpm'] with env {'TERM': 'vt100', 'SHELL': '/bin/bash', 'HOME': '/builddir', 'HOSTNAME': 'mock', 'PATH': '/usr/bin:/bin:/usr/sbin:/sbin', 'PROMPT_COMMAND': 'printf "\\033]0;<mock-chroot>\\007"', 'PS1': '<mock-chroot> \\s-\\v\\$ ', 'LANG': 'en_US.UTF-8'} and shell False
DEBUG util.py:317:  Unsharing. Flags: 1073741824
DEBUG util.py:317:  Unsharing. Flags: 134217728
DEBUG util.py:479:  Updating / installing...
DEBUG util.py:479:  golang-1.9.2-1.mga7                   warning: user stig does not exist - using root
DEBUG util.py:479:  warning: group stig does not exist - using root
DEBUG util.py:479:  warning: user stig does not exist - using root
DEBUG util.py:479:  warning: group stig does not exist - using root
DEBUG util.py:479:  ########################################
DEBUG util.py:479:  warning: user stig does not exist - using root
DEBUG util.py:479:  warning: group stig does not exist - using root
DEBUG util.py:479:  warning: user stig does not exist - using root
DEBUG util.py:479:  warning: group stig does not exist - using root
DEBUG util.py:479:  warning: user stig does not exist - using root
DEBUG util.py:479:  warning: group stig does not exist - using root
DEBUG util.py:479:  warning: user stig does not exist - using root
DEBUG util.py:479:  warning: group stig does not exist - using root
DEBUG util.py:479:  warning: user stig does not exist - using root
DEBUG util.py:479:  warning: group stig does not exist - using root
DEBUG util.py:617:  Child return code was: 0
DEBUG util.py:636:  child environment: None
DEBUG util.py:562:  Executing command: ['/usr/bin/systemd-nspawn', '-q', '-M', 'b6ac62e78c1a4982b4d92d7f17c73cff', '-D', '/var/lib/mock/mageia-6-x86_64/root', '-a', '--setenv=TERM=vt100', '--setenv=SHELL=/bin/bash', '--setenv=HOME=/builddir', '--setenv=HOSTNAME=mock', '--setenv=PATH=/usr/bin:/bin:/usr/sbin:/sbin', '--setenv=PROMPT_COMMAND=printf "\\033]0;<mock-chroot>\\007"', '--setenv=PS1=<mock-chroot> \\s-\\v\\$ ', '--setenv=LANG=en_US.UTF-8', '-u', 'mockbuild', '/bin/rpm', '-qpl', '/builddir/build/originals/golang-1.9.2-1.mga7.src.rpm'] with env {'TERM': 'vt100', 'SHELL': '/bin/bash', 'HOME': '/builddir', 'HOSTNAME': 'mock', 'PATH': '/usr/bin:/bin:/usr/sbin:/sbin', 'PROMPT_COMMAND': 'printf "\\033]0;<mock-chroot>\\007"', 'PS1': '<mock-chroot> \\s-\\v\\$ ', 'LANG': 'en_US.UTF-8'} and shell False
DEBUG util.py:317:  Unsharing. Flags: 1073741824
DEBUG util.py:317:  Unsharing. Flags: 134217728
DEBUG util.py:479:  go1.5-zoneinfo_testing_only.patch
DEBUG util.py:479:  go1.9.2.src.tar.gz
DEBUG util.py:479:  golang-1.5-bootstrap-binary-path.patch
DEBUG util.py:479:  golang-gdbinit
DEBUG util.py:479:  golang-prelink.conf
DEBUG util.py:479:  golang.spec
DEBUG util.py:479:  macros.golang
DEBUG util.py:617:  Child return code was: 0
DEBUG util.py:636:  child environment: None
DEBUG util.py:317:  Unsharing. Flags: 1073741824
DEBUG util.py:317:  Unsharing. Flags: 134217728
DEBUG util.py:110:  ensuring that dir exists: /var/lib/mock/mageia-6-x86_64/root/proc
DEBUG util.py:636:  child environment: None
DEBUG util.py:562:  Executing command: ['/bin/mount', '-n', '-t', 'proc', 'proc', '/var/lib/mock/mageia-6-x86_64/root/proc'] with env {'TERM': 'vt100', 'SHELL': '/bin/sh', 'HOME': '/builddir', 'HOSTNAME': 'mock', 'PATH': '/usr/bin:/bin:/usr/sbin:/sbin', 'LANG': 'en_US.UTF-8'} and shell False
DEBUG util.py:617:  Child return code was: 0
DEBUG util.py:110:  ensuring that dir exists: /var/lib/mock/mageia-6-x86_64/root/sys
DEBUG util.py:636:  child environment: None
DEBUG util.py:562:  Executing command: ['/bin/mount', '-n', '-t', 'sysfs', 'sysfs', '/var/lib/mock/mageia-6-x86_64/root/sys'] with env {'TERM': 'vt100', 'SHELL': '/bin/sh', 'HOME': '/builddir', 'HOSTNAME': 'mock', 'PATH': '/usr/bin:/bin:/usr/sbin:/sbin', 'LANG': 'en_US.UTF-8'} and shell False
DEBUG util.py:617:  Child return code was: 0
DEBUG util.py:110:  ensuring that dir exists: /var/lib/mock/mageia-6-x86_64/root/dev/shm
DEBUG util.py:636:  child environment: None
DEBUG util.py:562:  Executing command: ['/bin/mount', '-n', '-t', 'tmpfs', 'tmpfs', '/var/lib/mock/mageia-6-x86_64/root/dev/shm'] with env {'TERM': 'vt100', 'SHELL': '/bin/sh', 'HOME': '/builddir', 'HOSTNAME': 'mock', 'PATH': '/usr/bin:/bin:/usr/sbin:/sbin', 'LANG': 'en_US.UTF-8'} and shell False
DEBUG util.py:617:  Child return code was: 0
DEBUG util.py:110:  ensuring that dir exists: /var/lib/mock/mageia-6-x86_64/root/dev/pts
DEBUG util.py:636:  child environment: None
DEBUG util.py:562:  Executing command: ['/bin/mount', '-n', '-t', 'devpts', '-o', 'gid=5,mode=0620,ptmxmode=0666,newinstance', 'devpts', '/var/lib/mock/mageia-6-x86_64/root/dev/pts'] with env {'TERM': 'vt100', 'SHELL': '/bin/sh', 'HOME': '/builddir', 'HOSTNAME': 'mock', 'PATH': '/usr/bin:/bin:/usr/sbin:/sbin', 'LANG': 'en_US.UTF-8'} and shell False
DEBUG util.py:617:  Child return code was: 0
DEBUG package_manager.py:111:  ['/usr/bin/dnf', 'builddep', '--installroot', '/var/lib/mock/mageia-6-x86_64/root/', '--releasever', '6', '-C', '/var/lib/mock/mageia-6-x86_64/root//builddir/build/SRPMS/golang-1.9.2-1.mga6.src.rpm']
DEBUG util.py:636:  child environment: None
DEBUG util.py:562:  Executing command: ['/usr/bin/dnf', 'builddep', '--installroot', '/var/lib/mock/mageia-6-x86_64/root/', '--releasever', '6', '-C', '/var/lib/mock/mageia-6-x86_64/root//builddir/build/SRPMS/golang-1.9.2-1.mga6.src.rpm'] with env {'TERM': 'vt100', 'SHELL': '/bin/bash', 'HOME': '/builddir', 'HOSTNAME': 'mock', 'PATH': '/usr/bin:/bin:/usr/sbin:/sbin', 'PROMPT_COMMAND': 'printf "\\033]0;<mock-chroot>\\007"', 'PS1': '<mock-chroot> \\s-\\v\\$ ', 'LANG': 'en_US.UTF-8', 'LC_MESSAGES': 'C'} and shell False
DEBUG util.py:479:  Last metadata expiration check: 17:28:50 ago on Tue 16 Jan 2018 12:31:33 AM CET.
DEBUG util.py:479:  Package glibc-devel-6:2.22-26.mga6.x86_64 is already installed, skipping.
DEBUG util.py:479:  Package net-tools-2.0-0.20150915git.4.mga6.x86_64 is already installed, skipping.
DEBUG util.py:479:  Dependencies resolved.
DEBUG util.py:479:  ====================================================================================================
DEBUG util.py:479:   Package                       Arch              Version                   Repository          Size
DEBUG util.py:479:  ====================================================================================================
DEBUG util.py:479:  Installing:
DEBUG util.py:479:   glibc-static-devel            x86_64            6:2.22-26.mga6            updates            9.3 M
DEBUG util.py:479:   golang                        x86_64            1.8.1-6.mga6              mageia             1.1 M
DEBUG util.py:479:   lib64pcre-devel               x86_64            8.41-1.mga6               updates            440 k
DEBUG util.py:479:  Installing dependencies:
DEBUG util.py:479:   golang-bin                    x86_64            1.8.1-6.mga6              mageia              42 M
DEBUG util.py:479:   golang-src                    noarch            1.8.1-6.mga6              mageia             4.4 M
DEBUG util.py:479:  Transaction Summary
DEBUG util.py:479:  ====================================================================================================
DEBUG util.py:479:  Install  5 Packages
DEBUG util.py:479:  Total size: 57 M
DEBUG util.py:479:  Installed size: 311 M
DEBUG util.py:479:  Downloading Packages:
DEBUG util.py:479:  Running transaction check
DEBUG util.py:479:  Transaction check succeeded.
DEBUG util.py:479:  Running transaction test
DEBUG util.py:479:  Transaction test succeeded.
DEBUG util.py:479:  Running transaction
DEBUG util.py:479:    Running scriptlet: golang-1.8.1-6.mga6.x86_64                                                 1/1 
DEBUG util.py:479:    Preparing        :                                                                            1/1 
DEBUG util.py:479:    Installing       : golang-src-1.8.1-6.mga6.noarch                                             1/5 
DEBUG util.py:479:    Installing       : golang-bin-1.8.1-6.mga6.x86_64                                             2/5 
DEBUG util.py:479:    Running scriptlet: golang-bin-1.8.1-6.mga6.x86_64                                             2/5 
DEBUG util.py:479:    Installing       : golang-1.8.1-6.mga6.x86_64                                                 3/5 
DEBUG util.py:479:    Installing       : lib64pcre-devel-8.41-1.mga6.x86_64                                         4/5 
DEBUG util.py:479:    Installing       : glibc-static-devel-6:2.22-26.mga6.x86_64                                   5/5 
DEBUG util.py:479:    Verifying        : golang-1.8.1-6.mga6.x86_64                                                 1/5 
DEBUG util.py:479:    Verifying        : glibc-static-devel-6:2.22-26.mga6.x86_64                                   2/5 
DEBUG util.py:479:    Verifying        : lib64pcre-devel-8.41-1.mga6.x86_64                                         3/5 
DEBUG util.py:479:    Verifying        : golang-bin-1.8.1-6.mga6.x86_64                                             4/5 
DEBUG util.py:479:    Verifying        : golang-src-1.8.1-6.mga6.noarch                                             5/5 
DEBUG util.py:479:  Installed:
DEBUG util.py:479:    glibc-static-devel.x86_64 6:2.22-26.mga6              golang.x86_64 1.8.1-6.mga6                 
DEBUG util.py:479:    lib64pcre-devel.x86_64 8.41-1.mga6                    golang-bin.x86_64 1.8.1-6.mga6             
DEBUG util.py:479:    golang-src.noarch 1.8.1-6.mga6                       
DEBUG util.py:479:  Complete!
DEBUG util.py:617:  Child return code was: 0
DEBUG util.py:636:  child environment: None
DEBUG util.py:562:  Executing command: ['/bin/umount', '-n', '-l', '/var/lib/mock/mageia-6-x86_64/root/dev/pts'] with env {'TERM': 'vt100', 'SHELL': '/bin/sh', 'HOME': '/builddir', 'HOSTNAME': 'mock', 'PATH': '/usr/bin:/bin:/usr/sbin:/sbin', 'LANG': 'en_US.UTF-8'} and shell False
DEBUG util.py:617:  Child return code was: 0
DEBUG util.py:636:  child environment: None
DEBUG util.py:562:  Executing command: ['/bin/umount', '-n', '-l', '/var/lib/mock/mageia-6-x86_64/root/dev/shm'] with env {'TERM': 'vt100', 'SHELL': '/bin/sh', 'HOME': '/builddir', 'HOSTNAME': 'mock', 'PATH': '/usr/bin:/bin:/usr/sbin:/sbin', 'LANG': 'en_US.UTF-8'} and shell False
DEBUG util.py:617:  Child return code was: 0
DEBUG util.py:636:  child environment: None
DEBUG util.py:562:  Executing command: ['/bin/umount', '-n', '-l', '/var/lib/mock/mageia-6-x86_64/root/sys'] with env {'TERM': 'vt100', 'SHELL': '/bin/sh', 'HOME': '/builddir', 'HOSTNAME': 'mock', 'PATH': '/usr/bin:/bin:/usr/sbin:/sbin', 'LANG': 'en_US.UTF-8'} and shell False
DEBUG util.py:617:  Child return code was: 0
DEBUG util.py:636:  child environment: None
DEBUG util.py:562:  Executing command: ['/bin/umount', '-n', '-l', '/var/lib/mock/mageia-6-x86_64/root/proc'] with env {'TERM': 'vt100', 'SHELL': '/bin/sh', 'HOME': '/builddir', 'HOSTNAME': 'mock', 'PATH': '/usr/bin:/bin:/usr/sbin:/sbin', 'LANG': 'en_US.UTF-8'} and shell False
DEBUG util.py:617:  Child return code was: 0
DEBUG util.py:636:  child environment: None
DEBUG util.py:562:  Executing command: rpm -qa --root '/var/lib/mock/mageia-6-x86_64/root' --qf '%{nevra} %{buildtime} %{size} %{pkgid} installed\n' > ./mock//installed_pkgs.log with env {'TERM': 'vt100', 'SHELL': '/bin/bash', 'HOME': '/builddir', 'HOSTNAME': 'mock', 'PATH': '/usr/bin:/bin:/usr/sbin:/sbin', 'PROMPT_COMMAND': 'printf "\\033]0;<mock-chroot>\\007"', 'PS1': '<mock-chroot> \\s-\\v\\$ ', 'LANG': 'en_US.UTF-8'} and shell True
DEBUG util.py:617:  Child return code was: 0
DEBUG util.py:636:  child environment: None
DEBUG util.py:317:  Unsharing. Flags: 1073741824
DEBUG util.py:317:  Unsharing. Flags: 134217728
DEBUG util.py:222:  kill orphans
DEBUG util.py:636:  child environment: None
DEBUG util.py:562:  Executing command: ['/bin/umount', '-n', '/var/lib/mock/mageia-6-x86_64/root/var/cache/dnf/'] with env {'TERM': 'vt100', 'SHELL': '/bin/sh', 'HOME': '/builddir', 'HOSTNAME': 'mock', 'PATH': '/usr/bin:/bin:/usr/sbin:/sbin', 'LANG': 'en_US.UTF-8'} and shell False
DEBUG util.py:617:  Child return code was: 0
DEBUG util.py:636:  child environment: None
DEBUG util.py:562:  Executing command: ['btrfs', 'subv', 'list', '/var/lib/mock'] with env {'TERM': 'vt100', 'SHELL': '/bin/sh', 'HOME': '/builddir', 'HOSTNAME': 'mock', 'PATH': '/usr/bin:/bin:/usr/sbin:/sbin', 'LANG': 'en_US.UTF-8'} and shell False
DEBUG util.py:479:  ERROR: not a btrfs filesystem: /var/lib/mock
DEBUG util.py:479:  ERROR: can't access '/var/lib/mock'
DEBUG util.py:617:  Child return code was: 1
DEBUG util.py:1339:  Please ignore the error above above about btrfs.
INFO buildroot.py:348:  Mock Version: 1.4.8
DEBUG util.py:110:  ensuring that dir exists: /var/lib/mock/mageia-6-x86_64/root/dev/pts
DEBUG util.py:113:  creating dir: /var/lib/mock/mageia-6-x86_64/root/dev/pts
DEBUG util.py:110:  ensuring that dir exists: /var/lib/mock/mageia-6-x86_64/root/dev/shm
DEBUG util.py:113:  creating dir: /var/lib/mock/mageia-6-x86_64/root/dev/shm
DEBUG buildroot.py:479:  kernel version == 4.14.13-server-1.mga7
DEBUG util.py:123:  touching file: /var/lib/mock/mageia-6-x86_64/root/etc/fstab
DEBUG util.py:123:  touching file: /var/lib/mock/mageia-6-x86_64/root/etc/yum/yum.conf
DEBUG util.py:123:  touching file: /var/lib/mock/mageia-6-x86_64/root/etc/dnf/dnf.conf
DEBUG util.py:123:  touching file: /var/lib/mock/mageia-6-x86_64/root/var/log/yum.log
DEBUG util.py:110:  ensuring that dir exists: /var/lib/mock/mageia-6-x86_64/root/var/cache/dnf/
DEBUG util.py:636:  child environment: None
DEBUG util.py:562:  Executing command: ['/bin/mount', '-n', '--bind', '/var/cache/mock/mageia-6-x86_64/dnf_cache/', '/var/lib/mock/mageia-6-x86_64/root/var/cache/dnf/'] with env {'TERM': 'vt100', 'SHELL': '/bin/sh', 'HOME': '/builddir', 'HOSTNAME': 'mock', 'PATH': '/usr/bin:/bin:/usr/sbin:/sbin', 'LANG': 'en_US.UTF-8'} and shell False
DEBUG util.py:617:  Child return code was: 0
DEBUG buildroot.py:142:  rootdir = /var/lib/mock/mageia-6-x86_64/root
DEBUG buildroot.py:143:  resultdir = ./mock/
DEBUG util.py:110:  ensuring that dir exists: /var/lib/mock/mageia-6-x86_64/root/etc/pki/mock
DEBUG util.py:110:  ensuring that dir exists: /var/lib/mock/mageia-6-x86_64/root/etc/dnf
DEBUG util.py:636:  child environment: None
DEBUG util.py:562:  Executing command: ['/usr/bin/systemd-nspawn', '-q', '-M', 'aa137911479c42d0b486e1ce1ddf32f2', '-D', '/var/lib/mock/mageia-6-x86_64/root', '-a', '--setenv=TERM=vt100', '--setenv=SHELL=/bin/bash', '--setenv=HOME=/builddir', '--setenv=HOSTNAME=mock', '--setenv=PATH=/usr/bin:/bin:/usr/sbin:/sbin', '--setenv=PROMPT_COMMAND=printf "\\033]0;<mock-chroot>\\007"', '--setenv=PS1=<mock-chroot> \\s-\\v\\$ ', '--setenv=LANG=en_US.UTF-8', '/usr/sbin/userdel', '-r', '-f', 'mockbuild'] with env {'TERM': 'vt100', 'SHELL': '/bin/bash', 'HOME': '/builddir', 'HOSTNAME': 'mock', 'PATH': '/usr/bin:/bin:/usr/sbin:/sbin', 'PROMPT_COMMAND': 'printf "\\033]0;<mock-chroot>\\007"', 'PS1': '<mock-chroot> \\s-\\v\\$ ', 'LANG': 'en_US.UTF-8'} and shell False
DEBUG util.py:317:  Unsharing. Flags: 134217728
DEBUG util.py:479:  userdel: mockbuild mail spool (/var/spool/mail/mockbuild) not found
DEBUG util.py:617:  Child return code was: 0
DEBUG util.py:636:  child environment: None
DEBUG util.py:562:  Executing command: ['/usr/bin/systemd-nspawn', '-q', '-M', '8cf79472a5c6429bbba4be2acb064c16', '-D', '/var/lib/mock/mageia-6-x86_64/root', '-a', '--setenv=TERM=vt100', '--setenv=SHELL=/bin/bash', '--setenv=HOME=/builddir', '--setenv=HOSTNAME=mock', '--setenv=PATH=/usr/bin:/bin:/usr/sbin:/sbin', '--setenv=PROMPT_COMMAND=printf "\\033]0;<mock-chroot>\\007"', '--setenv=PS1=<mock-chroot> \\s-\\v\\$ ', '--setenv=LANG=en_US.UTF-8', '/usr/sbin/groupdel', 'mock'] with env {'TERM': 'vt100', 'SHELL': '/bin/bash', 'HOME': '/builddir', 'HOSTNAME': 'mock', 'PATH': '/usr/bin:/bin:/usr/sbin:/sbin', 'PROMPT_COMMAND': 'printf "\\033]0;<mock-chroot>\\007"', 'PS1': '<mock-chroot> \\s-\\v\\$ ', 'LANG': 'en_US.UTF-8'} and shell False
DEBUG util.py:317:  Unsharing. Flags: 134217728
DEBUG util.py:617:  Child return code was: 0
DEBUG util.py:636:  child environment: None
DEBUG util.py:562:  Executing command: ['/usr/bin/systemd-nspawn', '-q', '-M', '97e05e6e0abb4058bea4eff23ad014e8', '-D', '/var/lib/mock/mageia-6-x86_64/root', '-a', '--setenv=TERM=vt100', '--setenv=SHELL=/bin/bash', '--setenv=HOME=/builddir', '--setenv=HOSTNAME=mock', '--setenv=PATH=/usr/bin:/bin:/usr/sbin:/sbin', '--setenv=PROMPT_COMMAND=printf "\\033]0;<mock-chroot>\\007"', '--setenv=PS1=<mock-chroot> \\s-\\v\\$ ', '--setenv=LANG=en_US.UTF-8', '/usr/sbin/groupadd', '-g', '135', 'mock'] with env {'TERM': 'vt100', 'SHELL': '/bin/bash', 'HOME': '/builddir', 'HOSTNAME': 'mock', 'PATH': '/usr/bin:/bin:/usr/sbin:/sbin', 'PROMPT_COMMAND': 'printf "\\033]0;<mock-chroot>\\007"', 'PS1': '<mock-chroot> \\s-\\v\\$ ', 'LANG': 'en_US.UTF-8'} and shell False
DEBUG util.py:317:  Unsharing. Flags: 134217728
DEBUG util.py:617:  Child return code was: 0
DEBUG util.py:636:  child environment: None
DEBUG util.py:562:  Executing command: ['/usr/bin/systemd-nspawn', '-q', '-M', 'c07ee04ee7d1475590373dff26123065', '-D', '/var/lib/mock/mageia-6-x86_64/root', '-a', '--setenv=TERM=vt100', '--setenv=SHELL=/bin/bash', '--setenv=HOME=/builddir', '--setenv=HOSTNAME=mock', '--setenv=PATH=/usr/bin:/bin:/usr/sbin:/sbin', '--setenv=PROMPT_COMMAND=printf "\\033]0;<mock-chroot>\\007"', '--setenv=PS1=<mock-chroot> \\s-\\v\\$ ', '--setenv=LANG=en_US.UTF-8', '/usr/sbin/useradd', '-o', '-m', '-u', '1000', '-g', '135', '-d', '/builddir', 'mockbuild'] with env {'TERM': 'vt100', 'SHELL': '/bin/bash', 'HOME': '/builddir', 'HOSTNAME': 'mock', 'PATH': '/usr/bin:/bin:/usr/sbin:/sbin', 'PROMPT_COMMAND': 'printf "\\033]0;<mock-chroot>\\007"', 'PS1': '<mock-chroot> \\s-\\v\\$ ', 'LANG': 'en_US.UTF-8'} and shell False
DEBUG util.py:317:  Unsharing. Flags: 134217728
DEBUG util.py:617:  Child return code was: 0
DEBUG util.py:110:  ensuring that dir exists: /var/lib/mock/mageia-6-x86_64/root/builddir/build/RPMS
DEBUG util.py:113:  creating dir: /var/lib/mock/mageia-6-x86_64/root/builddir/build/RPMS
DEBUG util.py:110:  ensuring that dir exists: /var/lib/mock/mageia-6-x86_64/root/builddir/build/SPECS
DEBUG util.py:113:  creating dir: /var/lib/mock/mageia-6-x86_64/root/builddir/build/SPECS
DEBUG util.py:110:  ensuring that dir exists: /var/lib/mock/mageia-6-x86_64/root/builddir/build/SRPMS
DEBUG util.py:113:  creating dir: /var/lib/mock/mageia-6-x86_64/root/builddir/build/SRPMS
DEBUG util.py:110:  ensuring that dir exists: /var/lib/mock/mageia-6-x86_64/root/builddir/build/SOURCES
DEBUG util.py:113:  creating dir: /var/lib/mock/mageia-6-x86_64/root/builddir/build/SOURCES
DEBUG util.py:110:  ensuring that dir exists: /var/lib/mock/mageia-6-x86_64/root/builddir/build/BUILD
DEBUG util.py:113:  creating dir: /var/lib/mock/mageia-6-x86_64/root/builddir/build/BUILD
DEBUG util.py:110:  ensuring that dir exists: /var/lib/mock/mageia-6-x86_64/root/builddir/build/BUILDROOT
DEBUG util.py:113:  creating dir: /var/lib/mock/mageia-6-x86_64/root/builddir/build/BUILDROOT
DEBUG util.py:110:  ensuring that dir exists: /var/lib/mock/mageia-6-x86_64/root/builddir/build/originals
DEBUG util.py:113:  creating dir: /var/lib/mock/mageia-6-x86_64/root/builddir/build/originals
DEBUG util.py:123:  touching file: /var/lib/mock/mageia-6-x86_64/root/.initialized
DEBUG util.py:636:  child environment: None
DEBUG util.py:562:  Executing command: ['/usr/bin/systemd-nspawn', '-q', '-M', '348d5ac09b204822836618daa8dc5800', '-D', '/var/lib/mock/mageia-6-x86_64/root', '-a', '--setenv=TERM=vt100', '--setenv=SHELL=/bin/bash', '--setenv=HOME=/builddir', '--setenv=HOSTNAME=mock', '--setenv=PATH=/usr/bin:/bin:/usr/sbin:/sbin', '--setenv=PROMPT_COMMAND=printf "\\033]0;<mock-chroot>\\007"', '--setenv=PS1=<mock-chroot> \\s-\\v\\$ ', '--setenv=LANG=en_US.UTF-8', '-u', 'mockbuild', '/bin/rpm', '-Uvh', '--nodeps', '/builddir/build/originals/golang-1.9.2-1.mga7.src.rpm'] with env {'TERM': 'vt100', 'SHELL': '/bin/bash', 'HOME': '/builddir', 'HOSTNAME': 'mock', 'PATH': '/usr/bin:/bin:/usr/sbin:/sbin', 'PROMPT_COMMAND': 'printf "\\033]0;<mock-chroot>\\007"', 'PS1': '<mock-chroot> \\s-\\v\\$ ', 'LANG': 'en_US.UTF-8'} and shell False
DEBUG util.py:317:  Unsharing. Flags: 1073741824
DEBUG util.py:317:  Unsharing. Flags: 134217728
DEBUG util.py:479:  Updating / installing...
DEBUG util.py:479:  golang-1.9.2-1.mga7                   warning: user stig does not exist - using root
DEBUG util.py:479:  warning: group stig does not exist - using root
DEBUG util.py:479:  warning: user stig does not exist - using root
DEBUG util.py:479:  warning: group stig does not exist - using root
DEBUG util.py:479:  ########################################
DEBUG util.py:479:  warning: user stig does not exist - using root
DEBUG util.py:479:  warning: group stig does not exist - using root
DEBUG util.py:479:  warning: user stig does not exist - using root
DEBUG util.py:479:  warning: group stig does not exist - using root
DEBUG util.py:479:  warning: user stig does not exist - using root
DEBUG util.py:479:  warning: group stig does not exist - using root
DEBUG util.py:479:  warning: user stig does not exist - using root
DEBUG util.py:479:  warning: group stig does not exist - using root
DEBUG util.py:479:  warning: user stig does not exist - using root
DEBUG util.py:479:  warning: group stig does not exist - using root
DEBUG util.py:617:  Child return code was: 0
DEBUG util.py:636:  child environment: None
DEBUG util.py:562:  Executing command: ['/usr/bin/systemd-nspawn', '-q', '-M', '9ebf494878dc49d7960d608076b60d58', '-D', '/var/lib/mock/mageia-6-x86_64/root', '-a', '--setenv=TERM=vt100', '--setenv=SHELL=/bin/bash', '--setenv=HOME=/builddir', '--setenv=HOSTNAME=mock', '--setenv=PATH=/usr/bin:/bin:/usr/sbin:/sbin', '--setenv=PROMPT_COMMAND=printf "\\033]0;<mock-chroot>\\007"', '--setenv=PS1=<mock-chroot> \\s-\\v\\$ ', '--setenv=LANG=en_US.UTF-8', '-u', 'mockbuild', '/bin/rpm', '-qpl', '/builddir/build/originals/golang-1.9.2-1.mga7.src.rpm'] with env {'TERM': 'vt100', 'SHELL': '/bin/bash', 'HOME': '/builddir', 'HOSTNAME': 'mock', 'PATH': '/usr/bin:/bin:/usr/sbin:/sbin', 'PROMPT_COMMAND': 'printf "\\033]0;<mock-chroot>\\007"', 'PS1': '<mock-chroot> \\s-\\v\\$ ', 'LANG': 'en_US.UTF-8'} and shell False
DEBUG util.py:317:  Unsharing. Flags: 1073741824
DEBUG util.py:317:  Unsharing. Flags: 134217728
DEBUG util.py:479:  go1.5-zoneinfo_testing_only.patch
DEBUG util.py:479:  go1.9.2.src.tar.gz
DEBUG util.py:479:  golang-1.5-bootstrap-binary-path.patch
DEBUG util.py:479:  golang-gdbinit
DEBUG util.py:479:  golang-prelink.conf
DEBUG util.py:479:  golang.spec
DEBUG util.py:479:  macros.golang
DEBUG util.py:617:  Child return code was: 0
DEBUG util.py:636:  child environment: None
DEBUG util.py:317:  Unsharing. Flags: 1073741824
DEBUG util.py:317:  Unsharing. Flags: 134217728
DEBUG util.py:110:  ensuring that dir exists: /var/lib/mock/mageia-6-x86_64/root/proc
DEBUG util.py:636:  child environment: None
DEBUG util.py:562:  Executing command: ['/bin/mount', '-n', '-t', 'proc', 'proc', '/var/lib/mock/mageia-6-x86_64/root/proc'] with env {'TERM': 'vt100', 'SHELL': '/bin/sh', 'HOME': '/builddir', 'HOSTNAME': 'mock', 'PATH': '/usr/bin:/bin:/usr/sbin:/sbin', 'LANG': 'en_US.UTF-8'} and shell False
DEBUG util.py:617:  Child return code was: 0
DEBUG util.py:110:  ensuring that dir exists: /var/lib/mock/mageia-6-x86_64/root/sys
DEBUG util.py:636:  child environment: None
DEBUG util.py:562:  Executing command: ['/bin/mount', '-n', '-t', 'sysfs', 'sysfs', '/var/lib/mock/mageia-6-x86_64/root/sys'] with env {'TERM': 'vt100', 'SHELL': '/bin/sh', 'HOME': '/builddir', 'HOSTNAME': 'mock', 'PATH': '/usr/bin:/bin:/usr/sbin:/sbin', 'LANG': 'en_US.UTF-8'} and shell False
DEBUG util.py:617:  Child return code was: 0
DEBUG util.py:110:  ensuring that dir exists: /var/lib/mock/mageia-6-x86_64/root/dev/shm
DEBUG util.py:636:  child environment: None
DEBUG util.py:562:  Executing command: ['/bin/mount', '-n', '-t', 'tmpfs', 'tmpfs', '/var/lib/mock/mageia-6-x86_64/root/dev/shm'] with env {'TERM': 'vt100', 'SHELL': '/bin/sh', 'HOME': '/builddir', 'HOSTNAME': 'mock', 'PATH': '/usr/bin:/bin:/usr/sbin:/sbin', 'LANG': 'en_US.UTF-8'} and shell False
DEBUG util.py:617:  Child return code was: 0
DEBUG util.py:110:  ensuring that dir exists: /var/lib/mock/mageia-6-x86_64/root/dev/pts
DEBUG util.py:636:  child environment: None
DEBUG util.py:562:  Executing command: ['/bin/mount', '-n', '-t', 'devpts', '-o', 'gid=5,mode=0620,ptmxmode=0666,newinstance', 'devpts', '/var/lib/mock/mageia-6-x86_64/root/dev/pts'] with env {'TERM': 'vt100', 'SHELL': '/bin/sh', 'HOME': '/builddir', 'HOSTNAME': 'mock', 'PATH': '/usr/bin:/bin:/usr/sbin:/sbin', 'LANG': 'en_US.UTF-8'} and shell False
DEBUG util.py:617:  Child return code was: 0
DEBUG package_manager.py:111:  ['/usr/bin/dnf', 'builddep', '--installroot', '/var/lib/mock/mageia-6-x86_64/root/', '--releasever', '6', '-C', '/var/lib/mock/mageia-6-x86_64/root//builddir/build/SRPMS/golang-1.9.2-1.mga6.src.rpm']
DEBUG util.py:636:  child environment: None
DEBUG util.py:562:  Executing command: ['/usr/bin/dnf', 'builddep', '--installroot', '/var/lib/mock/mageia-6-x86_64/root/', '--releasever', '6', '-C', '/var/lib/mock/mageia-6-x86_64/root//builddir/build/SRPMS/golang-1.9.2-1.mga6.src.rpm'] with env {'TERM': 'vt100', 'SHELL': '/bin/bash', 'HOME': '/builddir', 'HOSTNAME': 'mock', 'PATH': '/usr/bin:/bin:/usr/sbin:/sbin', 'PROMPT_COMMAND': 'printf "\\033]0;<mock-chroot>\\007"', 'PS1': '<mock-chroot> \\s-\\v\\$ ', 'LANG': 'en_US.UTF-8', 'LC_MESSAGES': 'C'} and shell False
DEBUG util.py:479:  Last metadata expiration check: 17:31:11 ago on Tue 16 Jan 2018 12:31:33 AM CET.
DEBUG util.py:479:  Package glibc-devel-6:2.22-26.mga6.x86_64 is already installed, skipping.
DEBUG util.py:479:  Package net-tools-2.0-0.20150915git.4.mga6.x86_64 is already installed, skipping.
DEBUG util.py:479:  Dependencies resolved.
DEBUG util.py:479:  ====================================================================================================
DEBUG util.py:479:   Package                       Arch              Version                   Repository          Size
DEBUG util.py:479:  ====================================================================================================
DEBUG util.py:479:  Installing:
DEBUG util.py:479:   glibc-static-devel            x86_64            6:2.22-26.mga6            updates            9.3 M
DEBUG util.py:479:   golang                        x86_64            1.8.1-6.mga6              mageia             1.1 M
DEBUG util.py:479:   lib64pcre-devel               x86_64            8.41-1.mga6               updates            440 k
DEBUG util.py:479:  Installing dependencies:
DEBUG util.py:479:   golang-bin                    x86_64            1.8.1-6.mga6              mageia              42 M
DEBUG util.py:479:   golang-src                    noarch            1.8.1-6.mga6              mageia             4.4 M
DEBUG util.py:479:  Transaction Summary
DEBUG util.py:479:  ====================================================================================================
DEBUG util.py:479:  Install  5 Packages
DEBUG util.py:479:  Total size: 57 M
DEBUG util.py:479:  Installed size: 311 M
DEBUG util.py:479:  Downloading Packages:
DEBUG util.py:479:  Running transaction check
DEBUG util.py:479:  Transaction check succeeded.
DEBUG util.py:479:  Running transaction test
DEBUG util.py:479:  Transaction test succeeded.
DEBUG util.py:479:  Running transaction
DEBUG util.py:479:    Running scriptlet: golang-1.8.1-6.mga6.x86_64                                                 1/1 
DEBUG util.py:479:    Preparing        :                                                                            1/1 
DEBUG util.py:479:    Installing       : golang-src-1.8.1-6.mga6.noarch                                             1/5 
DEBUG util.py:479:    Installing       : golang-bin-1.8.1-6.mga6.x86_64                                             2/5 
DEBUG util.py:479:    Running scriptlet: golang-bin-1.8.1-6.mga6.x86_64                                             2/5 
DEBUG util.py:479:    Installing       : golang-1.8.1-6.mga6.x86_64                                                 3/5 
DEBUG util.py:479:    Installing       : lib64pcre-devel-8.41-1.mga6.x86_64                                         4/5 
DEBUG util.py:479:    Installing       : glibc-static-devel-6:2.22-26.mga6.x86_64                                   5/5 
DEBUG util.py:479:    Verifying        : golang-1.8.1-6.mga6.x86_64                                                 1/5 
DEBUG util.py:479:    Verifying        : glibc-static-devel-6:2.22-26.mga6.x86_64                                   2/5 
DEBUG util.py:479:    Verifying        : lib64pcre-devel-8.41-1.mga6.x86_64                                         3/5 
DEBUG util.py:479:    Verifying        : golang-bin-1.8.1-6.mga6.x86_64                                             4/5 
DEBUG util.py:479:    Verifying        : golang-src-1.8.1-6.mga6.noarch                                             5/5 
DEBUG util.py:479:  Installed:
DEBUG util.py:479:    glibc-static-devel.x86_64 6:2.22-26.mga6              golang.x86_64 1.8.1-6.mga6                 
DEBUG util.py:479:    lib64pcre-devel.x86_64 8.41-1.mga6                    golang-bin.x86_64 1.8.1-6.mga6             
DEBUG util.py:479:    golang-src.noarch 1.8.1-6.mga6                       
DEBUG util.py:479:  Complete!
DEBUG util.py:617:  Child return code was: 0
DEBUG util.py:636:  child environment: None
DEBUG util.py:562:  Executing command: ['/bin/umount', '-n', '-l', '/var/lib/mock/mageia-6-x86_64/root/dev/pts'] with env {'TERM': 'vt100', 'SHELL': '/bin/sh', 'HOME': '/builddir', 'HOSTNAME': 'mock', 'PATH': '/usr/bin:/bin:/usr/sbin:/sbin', 'LANG': 'en_US.UTF-8'} and shell False
DEBUG util.py:617:  Child return code was: 0
DEBUG util.py:636:  child environment: None
DEBUG util.py:562:  Executing command: ['/bin/umount', '-n', '-l', '/var/lib/mock/mageia-6-x86_64/root/dev/shm'] with env {'TERM': 'vt100', 'SHELL': '/bin/sh', 'HOME': '/builddir', 'HOSTNAME': 'mock', 'PATH': '/usr/bin:/bin:/usr/sbin:/sbin', 'LANG': 'en_US.UTF-8'} and shell False
DEBUG util.py:617:  Child return code was: 0
DEBUG util.py:636:  child environment: None
DEBUG util.py:562:  Executing command: ['/bin/umount', '-n', '-l', '/var/lib/mock/mageia-6-x86_64/root/sys'] with env {'TERM': 'vt100', 'SHELL': '/bin/sh', 'HOME': '/builddir', 'HOSTNAME': 'mock', 'PATH': '/usr/bin:/bin:/usr/sbin:/sbin', 'LANG': 'en_US.UTF-8'} and shell False
DEBUG util.py:617:  Child return code was: 0
DEBUG util.py:636:  child environment: None
DEBUG util.py:562:  Executing command: ['/bin/umount', '-n', '-l', '/var/lib/mock/mageia-6-x86_64/root/proc'] with env {'TERM': 'vt100', 'SHELL': '/bin/sh', 'HOME': '/builddir', 'HOSTNAME': 'mock', 'PATH': '/usr/bin:/bin:/usr/sbin:/sbin', 'LANG': 'en_US.UTF-8'} and shell False
DEBUG util.py:617:  Child return code was: 0
DEBUG util.py:636:  child environment: None
DEBUG util.py:562:  Executing command: rpm -qa --root '/var/lib/mock/mageia-6-x86_64/root' --qf '%{nevra} %{buildtime} %{size} %{pkgid} installed\n' > ./mock//installed_pkgs.log with env {'TERM': 'vt100', 'SHELL': '/bin/bash', 'HOME': '/builddir', 'HOSTNAME': 'mock', 'PATH': '/usr/bin:/bin:/usr/sbin:/sbin', 'PROMPT_COMMAND': 'printf "\\033]0;<mock-chroot>\\007"', 'PS1': '<mock-chroot> \\s-\\v\\$ ', 'LANG': 'en_US.UTF-8'} and shell True
DEBUG util.py:617:  Child return code was: 0
DEBUG util.py:636:  child environment: None
DEBUG util.py:317:  Unsharing. Flags: 1073741824
DEBUG util.py:317:  Unsharing. Flags: 134217728
DEBUG util.py:222:  kill orphans
DEBUG util.py:636:  child environment: None
DEBUG util.py:562:  Executing command: ['/bin/umount', '-n', '/var/lib/mock/mageia-6-x86_64/root/var/cache/dnf/'] with env {'TERM': 'vt100', 'SHELL': '/bin/sh', 'HOME': '/builddir', 'HOSTNAME': 'mock', 'PATH': '/usr/bin:/bin:/usr/sbin:/sbin', 'LANG': 'en_US.UTF-8'} and shell False
DEBUG util.py:617:  Child return code was: 0
DEBUG util.py:636:  child environment: None
DEBUG util.py:562:  Executing command: ['btrfs', 'subv', 'list', '/var/lib/mock'] with env {'TERM': 'vt100', 'SHELL': '/bin/sh', 'HOME': '/builddir', 'HOSTNAME': 'mock', 'PATH': '/usr/bin:/bin:/usr/sbin:/sbin', 'LANG': 'en_US.UTF-8'} and shell False
DEBUG util.py:479:  ERROR: not a btrfs filesystem: /var/lib/mock
DEBUG util.py:479:  ERROR: can't access '/var/lib/mock'
DEBUG util.py:617:  Child return code was: 1
DEBUG util.py:1339:  Please ignore the error above above about btrfs.
