2018-01-18 11:42:35,742 - Mock Version: 1.4.8
2018-01-18 11:42:35,849 - Start: dnf install
2018-01-18 11:42:36,606 - Start: clean chroot
2018-01-18 11:42:36,995 - Finish: clean chroot
2018-01-18 11:57:42,759 - Mock Version: 1.4.8
2018-01-18 11:57:42,857 - Start: dnf install
2018-01-18 11:57:43,465 - Start: clean chroot
2018-01-18 11:57:43,597 - Finish: clean chroot
2018-01-18 12:01:00,708 - Mock Version: 1.4.8
2018-01-18 12:01:00,797 - Start: dnf install
2018-01-18 12:01:01,345 - Start: clean chroot
2018-01-18 12:01:01,477 - Finish: clean chroot
2018-01-18 12:03:08,755 - Mock Version: 1.4.8
2018-01-18 12:03:08,853 - Start: dnf install
2018-01-18 12:03:09,384 - Start: clean chroot
2018-01-18 12:03:09,483 - Finish: clean chroot
2018-01-18 12:03:38,616 - Mock Version: 1.4.8
2018-01-18 12:03:38,701 - Start: dnf install
2018-01-18 12:03:39,225 - Start: clean chroot
2018-01-18 12:03:39,353 - Finish: clean chroot
2018-01-18 12:05:53,424 - Mock Version: 1.4.8
2018-01-18 12:05:54,852 - Finish: chroot init
2018-01-18 12:05:54,855 - Start: build phase for rstudio-1.1.415-0.git20180118_35c7c0e.1.mga7.src.rpm
2018-01-18 12:05:54,857 - Start: build setup for rstudio-1.1.415-0.git20180118_35c7c0e.1.mga7.src.rpm
2018-01-18 12:05:58,394 - Start: clean chroot
2018-01-18 12:06:34,374 - Mock Version: 1.4.8
2018-01-18 12:06:34,475 - Start: dnf install
2018-01-18 12:06:35,027 - Start: clean chroot
2018-01-18 12:06:35,129 - Finish: clean chroot
2018-01-18 12:07:00,697 - Mock Version: 1.4.8
2018-01-18 12:07:00,784 - Start: dnf install
2018-01-18 12:07:01,265 - Start: clean chroot
2018-01-18 12:07:01,375 - Finish: clean chroot
2018-01-18 12:11:02,477 - Mock Version: 1.4.8
2018-01-18 12:11:02,564 - Start: dnf install
2018-01-18 12:11:03,095 - Start: clean chroot
2018-01-18 12:11:03,193 - Finish: clean chroot
2018-01-20 00:25:34,457 - Mock Version: 1.4.2
2018-01-20 00:25:37,110 - Finish: chroot init
2018-01-20 00:25:37,113 - Start: build phase for rstudio-1.1.415-0.20180119git58194e6.1.mga7.src.rpm
2018-01-20 00:25:37,115 - Start: build setup for rstudio-1.1.415-0.20180119git58194e6.1.mga7.src.rpm
2018-01-20 00:26:23,265 - Start: clean chroot
2018-01-20 00:26:29,051 - Finish: clean chroot
2018-01-20 00:33:23,001 - Mock Version: 1.4.2
2018-01-20 00:33:24,563 - Finish: chroot init
2018-01-20 00:33:24,566 - Start: build phase for rstudio-1.1.415-0.20180119git58194e6.1.mga7.src.rpm
2018-01-20 00:33:24,568 - Start: build setup for rstudio-1.1.415-0.20180119git58194e6.1.mga7.src.rpm
2018-01-20 00:34:14,918 - Start: clean chroot
2018-01-20 00:34:22,053 - Finish: clean chroot
2018-01-20 00:40:35,318 - Mock Version: 1.4.8
2018-01-20 00:40:35,411 - Start: dnf install
2018-01-20 00:40:36,018 - Start: clean chroot
2018-01-20 00:40:36,131 - Finish: clean chroot
2018-01-20 00:40:44,661 - Mock Version: 1.4.8
2018-01-20 00:40:44,750 - Start: dnf install
2018-01-20 00:40:45,357 - Start: clean chroot
2018-01-20 00:40:45,456 - Finish: clean chroot
2018-01-20 00:41:13,708 - Mock Version: 1.4.8
2018-01-20 00:41:13,792 - Start: dnf install
2018-01-20 00:41:14,291 - Start: clean chroot
2018-01-20 00:41:14,378 - Finish: clean chroot
2018-01-20 00:43:50,600 - Mock Version: 1.4.8
2018-01-20 00:43:50,681 - Start: dnf install
2018-01-20 00:43:51,151 - Start: clean chroot
2018-01-20 00:43:51,226 - Finish: clean chroot
2018-01-20 00:44:18,671 - Mock Version: 1.4.8
2018-01-20 00:44:18,748 - Start: dnf install
2018-01-20 00:44:19,241 - Start: clean chroot
2018-01-20 00:44:19,327 - Finish: clean chroot
2018-01-20 00:45:09,227 - Mock Version: 1.4.8
2018-01-20 00:45:09,308 - Start: dnf install
2018-01-20 00:45:09,781 - Start: clean chroot
2018-01-20 00:45:09,888 - Finish: clean chroot
2018-01-20 00:47:45,279 - Mock Version: 1.4.8
2018-01-20 00:47:45,355 - Start: dnf install
2018-01-20 00:47:45,851 - Start: clean chroot
2018-01-20 00:47:45,955 - Finish: clean chroot
2018-01-20 00:50:50,676 - Mock Version: 1.4.8
2018-01-20 00:50:50,784 - Start: dnf install
2018-01-20 00:50:51,291 - Start: clean chroot
2018-01-20 00:50:51,385 - Finish: clean chroot
2018-01-20 00:52:18,713 - Mock Version: 1.4.8
2018-01-20 00:52:18,825 - Start: dnf install
2018-01-20 00:52:19,301 - Start: clean chroot
2018-01-20 00:52:19,383 - Finish: clean chroot
2018-01-20 00:52:44,725 - Mock Version: 1.4.8
2018-01-20 00:52:44,830 - Start: dnf install
2018-01-20 00:58:19,632 - Finish: dnf install
2018-01-20 00:58:22,458 - Start: creating root cache
2018-01-20 01:00:29,247 - Finish: creating root cache
2018-01-20 01:00:29,251 - Finish: chroot init
2018-01-20 01:00:29,357 - Start: build phase for rstudio-1.1.415-0.20180119git58194e6.1.mga7.src.rpm
2018-01-20 01:00:29,359 - Start: build setup for rstudio-1.1.415-0.20180119git58194e6.1.mga7.src.rpm
2018-01-20 01:01:01,302 - Start: clean chroot
2018-01-20 01:01:22,204 - Finish: clean chroot
2018-01-20 01:04:08,457 - Mock Version: 1.4.8
2018-01-20 01:04:10,216 - Start: dnf update
2018-01-20 01:04:44,712 - Finish: dnf update
2018-01-20 01:04:44,753 - Finish: chroot init
2018-01-20 01:04:44,757 - Start: build phase for rstudio-1.1.415-0.20180120_git957c316.1.mga7.src.rpm
2018-01-20 01:04:44,759 - Start: build setup for rstudio-1.1.415-0.20180120_git957c316.1.mga7.src.rpm
2018-01-20 01:13:49,385 - Finish: build setup for rstudio-1.1.415-0.20180120_git957c316.1.mga7.src.rpm
2018-01-20 01:13:49,385 - Start: rpmbuild rstudio-1.1.415-0.20180120_git957c316.1.mga7.src.rpm
2018-01-20 01:13:49,387 - Start: Outputting list of installed packages
2018-01-20 01:13:49,518 - Finish: Outputting list of installed packages
2018-01-20 01:15:31,576 - Start: clean chroot
2018-01-20 01:16:57,521 - Finish: clean chroot
2018-01-20 01:26:32,857 - Mock Version: 1.4.8
2018-01-20 01:26:34,493 - Start: dnf update
2018-01-20 01:27:24,142 - Finish: dnf update
2018-01-20 01:27:24,164 - Finish: chroot init
2018-01-20 01:27:24,167 - Start: build phase for rstudio-1.1.416-1.mga7.src.rpm
2018-01-20 01:27:24,169 - Start: build setup for rstudio-1.1.416-1.mga7.src.rpm
2018-01-20 01:35:16,068 - Finish: build setup for rstudio-1.1.416-1.mga7.src.rpm
2018-01-20 01:35:16,068 - Start: rpmbuild rstudio-1.1.416-1.mga7.src.rpm
2018-01-20 01:35:16,071 - Start: Outputting list of installed packages
2018-01-20 01:35:16,214 - Finish: Outputting list of installed packages
2018-01-20 01:48:43,165 - Start: clean chroot
2018-01-20 01:49:27,251 - Finish: clean chroot
2018-01-20 10:50:17,669 - Mock Version: 1.4.8
2018-01-20 10:50:19,608 - Start: dnf update
2018-01-20 10:50:40,262 - Finish: dnf update
2018-01-20 10:50:40,284 - Finish: chroot init
2018-01-20 10:50:40,286 - Start: build phase for rstudio-1.1.417-1.mga7.src.rpm
2018-01-20 10:50:40,288 - Start: build setup for rstudio-1.1.417-1.mga7.src.rpm
2018-01-20 10:56:05,678 - Finish: build setup for rstudio-1.1.417-1.mga7.src.rpm
2018-01-20 10:56:05,678 - Start: rpmbuild rstudio-1.1.417-1.mga7.src.rpm
2018-01-20 10:56:05,681 - Start: Outputting list of installed packages
2018-01-20 10:56:05,801 - Finish: Outputting list of installed packages
2018-01-20 12:16:03,106 - Finish: rpmbuild rstudio-1.1.417-1.mga7.src.rpm
2018-01-20 12:16:03,118 - Finish: build phase for rstudio-1.1.417-1.mga7.src.rpm
2018-01-20 12:16:03,119 - Start: clean chroot
2018-01-20 12:16:34,281 - Finish: clean chroot
2018-01-20 12:16:34,283 - Finish: run
