Mock Version: 1.4.8
ENTER ['do'](['bash', '--login', '-c', '/usr/bin/rpmbuild -bs --target x86_64 --nodeps /builddir/build/SPECS/cadence.spec'], chrootPath='/home/stig/rpmbuild/mock/6/x86_64'env={'TERM': 'vt100', 'SHELL': '/bin/bash', 'HOME': '/builddir', 'HOSTNAME': 'mock', 'PATH': '/usr/bin:/bin:/usr/sbin:/sbin', 'PROMPT_COMMAND': 'printf "\\033]0;<mock-chroot>\\007"', 'PS1': '<mock-chroot> \\s-\\v\\$ ', 'LANG': 'en_US.UTF-8'}shell=Falselogger=<mockbuild.trace_decorator.getLog object at 0x7f7b1aa16710>timeout=0uid=1000gid=135user='mockbuild'nspawn_args=[]unshare_net=TrueprintOutput=True)
Executing command: ['/usr/bin/systemd-nspawn', '-q', '-M', '210278e958ad40d69aa998072a94f370', '-D', '/home/stig/rpmbuild/mock/6/x86_64', '-a', '--setenv=TERM=vt100', '--setenv=SHELL=/bin/bash', '--setenv=HOME=/builddir', '--setenv=HOSTNAME=mock', '--setenv=PATH=/usr/bin:/bin:/usr/sbin:/sbin', '--setenv=PROMPT_COMMAND=printf "\\033]0;<mock-chroot>\\007"', '--setenv=PS1=<mock-chroot> \\s-\\v\\$ ', '--setenv=LANG=en_US.UTF-8', '-u', 'mockbuild', 'bash', '--login', '-c', '/usr/bin/rpmbuild -bs --target x86_64 --nodeps /builddir/build/SPECS/cadence.spec'] with env {'TERM': 'vt100', 'SHELL': '/bin/bash', 'HOME': '/builddir', 'HOSTNAME': 'mock', 'PATH': '/usr/bin:/bin:/usr/sbin:/sbin', 'PROMPT_COMMAND': 'printf "\\033]0;<mock-chroot>\\007"', 'PS1': '<mock-chroot> \\s-\\v\\$ ', 'LANG': 'en_US.UTF-8'} and shell False
/etc/profile.d/10lang.sh: line 28: warning: setlocale: LC_CTYPE: cannot change locale (en_US.UTF-8): No such file or directory
/etc/profile.d/10lang.sh: line 29: warning: setlocale: LC_COLLATE: cannot change locale (en_US.UTF-8): No such file or directory
/etc/profile.d/10lang.sh: line 32: warning: setlocale: LC_MESSAGES: cannot change locale (en_US.UTF-8): No such file or directory
/etc/profile.d/10lang.sh: line 35: warning: setlocale: LC_NUMERIC: cannot change locale (en_US.UTF-8): No such file or directory
/etc/profile.d/10lang.sh: line 38: warning: setlocale: LC_TIME: cannot change locale (en_US.UTF-8): No such file or directory
Building target platforms: x86_64
Building for target x86_64
Wrote: /builddir/build/SRPMS/cadence-1.0-0.git20170707.1.mga6.src.rpm
Child return code was: 0
ENTER ['do'](['bash', '--login', '-c', '/usr/bin/rpmbuild -bb --target x86_64 --nodeps /builddir/build/SPECS/cadence.spec'], chrootPath='/home/stig/rpmbuild/mock/6/x86_64'env={'TERM': 'vt100', 'SHELL': '/bin/bash', 'HOME': '/builddir', 'HOSTNAME': 'mock', 'PATH': '/usr/bin:/bin:/usr/sbin:/sbin', 'PROMPT_COMMAND': 'printf "\\033]0;<mock-chroot>\\007"', 'PS1': '<mock-chroot> \\s-\\v\\$ ', 'LANG': 'en_US.UTF-8'}shell=Falselogger=<mockbuild.trace_decorator.getLog object at 0x7f7b1aa16710>timeout=0uid=1000gid=135user='mockbuild'nspawn_args=[]unshare_net=TrueprintOutput=True)
Executing command: ['/usr/bin/systemd-nspawn', '-q', '-M', 'b50de8b8199f4045926a2e1db8fea62e', '-D', '/home/stig/rpmbuild/mock/6/x86_64', '-a', '--setenv=TERM=vt100', '--setenv=SHELL=/bin/bash', '--setenv=HOME=/builddir', '--setenv=HOSTNAME=mock', '--setenv=PATH=/usr/bin:/bin:/usr/sbin:/sbin', '--setenv=PROMPT_COMMAND=printf "\\033]0;<mock-chroot>\\007"', '--setenv=PS1=<mock-chroot> \\s-\\v\\$ ', '--setenv=LANG=en_US.UTF-8', '-u', 'mockbuild', 'bash', '--login', '-c', '/usr/bin/rpmbuild -bb --target x86_64 --nodeps /builddir/build/SPECS/cadence.spec'] with env {'TERM': 'vt100', 'SHELL': '/bin/bash', 'HOME': '/builddir', 'HOSTNAME': 'mock', 'PATH': '/usr/bin:/bin:/usr/sbin:/sbin', 'PROMPT_COMMAND': 'printf "\\033]0;<mock-chroot>\\007"', 'PS1': '<mock-chroot> \\s-\\v\\$ ', 'LANG': 'en_US.UTF-8'} and shell False
/etc/profile.d/10lang.sh: line 28: warning: setlocale: LC_CTYPE: cannot change locale (en_US.UTF-8): No such file or directory
/etc/profile.d/10lang.sh: line 29: warning: setlocale: LC_COLLATE: cannot change locale (en_US.UTF-8): No such file or directory
/etc/profile.d/10lang.sh: line 32: warning: setlocale: LC_MESSAGES: cannot change locale (en_US.UTF-8): No such file or directory
/etc/profile.d/10lang.sh: line 35: warning: setlocale: LC_NUMERIC: cannot change locale (en_US.UTF-8): No such file or directory
/etc/profile.d/10lang.sh: line 38: warning: setlocale: LC_TIME: cannot change locale (en_US.UTF-8): No such file or directory
Building target platforms: x86_64
Building for target x86_64
Executing(%prep): /bin/sh -e /var/tmp/rpm-tmp.1RanbK
+ umask 022
+ cd /builddir/build/BUILD
+ '[' 1 -eq 1 ']'
+ '[' 1 -eq 1 ']'
+ '[' 1 -eq 1 ']'
+ cd /builddir/build/BUILD
+ rm -rf Cadence-master
+ /usr/bin/gzip -dc /builddir/build/SOURCES/cadence-1.0-git20170707.tar.gz
+ /usr/bin/tar -xof -
+ STATUS=0
+ '[' 0 -ne 0 ']'
+ cd Cadence-master
+ /usr/bin/chmod -Rf a+rX,u+w,g-w,o-w .
+ find . -name '*.py'
+ xargs sed -i '1s|^#!python|#!/usr/bin/python3|'
+ find . -name '*.py'
+ xargs sed -i '1s|^#!/usr/bin/env python3|#!/usr/bin/python3|'
+ rm -R data/unity/
+ /usr/bin/cat /builddir/build/SOURCES/cadence-0.8.1-mga-systrayRemoveAppIndicator.patch
+ /usr/bin/patch -p1 -s --fuzz=0 --no-backup-if-mismatch
1 out of 1 hunk FAILED -- saving rejects to file src/systray.py.rej
error: Bad exit status from /var/tmp/rpm-tmp.1RanbK (%prep)
RPM build errors:
    Bad exit status from /var/tmp/rpm-tmp.1RanbK (%prep)
Child return code was: 1
EXCEPTION: [Error()]
Traceback (most recent call last):
  File "/usr/lib/python3.6/site-packages/mockbuild/trace_decorator.py", line 96, in trace
    result = func(*args, **kw)
  File "/usr/lib/python3.6/site-packages/mockbuild/util.py", line 619, in do
    raise exception.Error("Command failed: \n # %s\n%s" % (command, output), child.returncode)
mockbuild.exception.Error: Command failed: 
 # /usr/bin/systemd-nspawn -q -M b50de8b8199f4045926a2e1db8fea62e -D /home/stig/rpmbuild/mock/6/x86_64 -a --setenv=TERM=vt100 --setenv=SHELL=/bin/bash --setenv=HOME=/builddir --setenv=HOSTNAME=mock --setenv=PATH=/usr/bin:/bin:/usr/sbin:/sbin --setenv=PROMPT_COMMAND=printf "\033]0;<mock-chroot>\007" --setenv=PS1=<mock-chroot> \s-\v\$  --setenv=LANG=en_US.UTF-8 -u mockbuild bash --login -c /usr/bin/rpmbuild -bb --target x86_64 --nodeps /builddir/build/SPECS/cadence.spec

Mock Version: 1.4.8
ENTER ['do'](['bash', '--login', '-c', '/usr/bin/rpmbuild -bs --target x86_64 --nodeps /builddir/build/SPECS/cadence.spec'], chrootPath='/home/stig/rpmbuild/mock/6/x86_64'env={'TERM': 'vt100', 'SHELL': '/bin/bash', 'HOME': '/builddir', 'HOSTNAME': 'mock', 'PATH': '/usr/bin:/bin:/usr/sbin:/sbin', 'PROMPT_COMMAND': 'printf "\\033]0;<mock-chroot>\\007"', 'PS1': '<mock-chroot> \\s-\\v\\$ ', 'LANG': 'en_US.UTF-8'}shell=Falselogger=<mockbuild.trace_decorator.getLog object at 0x7f21ebad66a0>timeout=0uid=1000gid=135user='mockbuild'nspawn_args=[]unshare_net=TrueprintOutput=True)
Executing command: ['/usr/bin/systemd-nspawn', '-q', '-M', '974a1ca4b06844b9a2206c3870024522', '-D', '/home/stig/rpmbuild/mock/6/x86_64', '-a', '--setenv=TERM=vt100', '--setenv=SHELL=/bin/bash', '--setenv=HOME=/builddir', '--setenv=HOSTNAME=mock', '--setenv=PATH=/usr/bin:/bin:/usr/sbin:/sbin', '--setenv=PROMPT_COMMAND=printf "\\033]0;<mock-chroot>\\007"', '--setenv=PS1=<mock-chroot> \\s-\\v\\$ ', '--setenv=LANG=en_US.UTF-8', '-u', 'mockbuild', 'bash', '--login', '-c', '/usr/bin/rpmbuild -bs --target x86_64 --nodeps /builddir/build/SPECS/cadence.spec'] with env {'TERM': 'vt100', 'SHELL': '/bin/bash', 'HOME': '/builddir', 'HOSTNAME': 'mock', 'PATH': '/usr/bin:/bin:/usr/sbin:/sbin', 'PROMPT_COMMAND': 'printf "\\033]0;<mock-chroot>\\007"', 'PS1': '<mock-chroot> \\s-\\v\\$ ', 'LANG': 'en_US.UTF-8'} and shell False
/etc/profile.d/10lang.sh: line 28: warning: setlocale: LC_CTYPE: cannot change locale (en_US.UTF-8): No such file or directory
/etc/profile.d/10lang.sh: line 29: warning: setlocale: LC_COLLATE: cannot change locale (en_US.UTF-8): No such file or directory
/etc/profile.d/10lang.sh: line 32: warning: setlocale: LC_MESSAGES: cannot change locale (en_US.UTF-8): No such file or directory
/etc/profile.d/10lang.sh: line 35: warning: setlocale: LC_NUMERIC: cannot change locale (en_US.UTF-8): No such file or directory
/etc/profile.d/10lang.sh: line 38: warning: setlocale: LC_TIME: cannot change locale (en_US.UTF-8): No such file or directory
Building target platforms: x86_64
Building for target x86_64
Wrote: /builddir/build/SRPMS/cadence-1.0-0.git20170707.1.mga6.src.rpm
Child return code was: 0
ENTER ['do'](['bash', '--login', '-c', '/usr/bin/rpmbuild -bb --target x86_64 --nodeps /builddir/build/SPECS/cadence.spec'], chrootPath='/home/stig/rpmbuild/mock/6/x86_64'env={'TERM': 'vt100', 'SHELL': '/bin/bash', 'HOME': '/builddir', 'HOSTNAME': 'mock', 'PATH': '/usr/bin:/bin:/usr/sbin:/sbin', 'PROMPT_COMMAND': 'printf "\\033]0;<mock-chroot>\\007"', 'PS1': '<mock-chroot> \\s-\\v\\$ ', 'LANG': 'en_US.UTF-8'}shell=Falselogger=<mockbuild.trace_decorator.getLog object at 0x7f21ebad66a0>timeout=0uid=1000gid=135user='mockbuild'nspawn_args=[]unshare_net=TrueprintOutput=True)
Executing command: ['/usr/bin/systemd-nspawn', '-q', '-M', 'd5e08579bd3a42a6bbf5951038d10b69', '-D', '/home/stig/rpmbuild/mock/6/x86_64', '-a', '--setenv=TERM=vt100', '--setenv=SHELL=/bin/bash', '--setenv=HOME=/builddir', '--setenv=HOSTNAME=mock', '--setenv=PATH=/usr/bin:/bin:/usr/sbin:/sbin', '--setenv=PROMPT_COMMAND=printf "\\033]0;<mock-chroot>\\007"', '--setenv=PS1=<mock-chroot> \\s-\\v\\$ ', '--setenv=LANG=en_US.UTF-8', '-u', 'mockbuild', 'bash', '--login', '-c', '/usr/bin/rpmbuild -bb --target x86_64 --nodeps /builddir/build/SPECS/cadence.spec'] with env {'TERM': 'vt100', 'SHELL': '/bin/bash', 'HOME': '/builddir', 'HOSTNAME': 'mock', 'PATH': '/usr/bin:/bin:/usr/sbin:/sbin', 'PROMPT_COMMAND': 'printf "\\033]0;<mock-chroot>\\007"', 'PS1': '<mock-chroot> \\s-\\v\\$ ', 'LANG': 'en_US.UTF-8'} and shell False
/etc/profile.d/10lang.sh: line 28: warning: setlocale: LC_CTYPE: cannot change locale (en_US.UTF-8): No such file or directory
/etc/profile.d/10lang.sh: line 29: warning: setlocale: LC_COLLATE: cannot change locale (en_US.UTF-8): No such file or directory
/etc/profile.d/10lang.sh: line 32: warning: setlocale: LC_MESSAGES: cannot change locale (en_US.UTF-8): No such file or directory
/etc/profile.d/10lang.sh: line 35: warning: setlocale: LC_NUMERIC: cannot change locale (en_US.UTF-8): No such file or directory
/etc/profile.d/10lang.sh: line 38: warning: setlocale: LC_TIME: cannot change locale (en_US.UTF-8): No such file or directory
Building target platforms: x86_64
Building for target x86_64
Executing(%prep): /bin/sh -e /var/tmp/rpm-tmp.UXPAnm
+ umask 022
+ cd /builddir/build/BUILD
+ '[' 1 -eq 1 ']'
+ '[' 1 -eq 1 ']'
+ '[' 1 -eq 1 ']'
+ cd /builddir/build/BUILD
+ rm -rf Cadence-master
+ /usr/bin/gzip -dc /builddir/build/SOURCES/cadence-1.0-git20170707.tar.gz
+ /usr/bin/tar -xof -
+ STATUS=0
+ '[' 0 -ne 0 ']'
+ cd Cadence-master
+ /usr/bin/chmod -Rf a+rX,u+w,g-w,o-w .
+ find . -name '*.py'
+ xargs sed -i '1s|^#!python|#!/usr/bin/python3|'
+ find . -name '*.py'
+ xargs sed -i '1s|^#!/usr/bin/env python3|#!/usr/bin/python3|'
+ rm -R data/unity/
+ exit 0
Executing(%build): /bin/sh -e /var/tmp/rpm-tmp.59XdLM
+ umask 022
+ cd /builddir/build/BUILD
+ cd Cadence-master
+ '[' 1 -eq 1 ']'
+ '[' 1 -eq 1 ']'
+ /usr/bin/make -O -j8 'CXXFLAGS=-O2 -g -pipe -Wformat -Werror=format-security -Wp,-D_FORTIFY_SOURCE=2 -fstack-protector --param=ssp-buffer-size=4' 'CFLAGS=-O2 -g -pipe -Wformat -Werror=format-security -Wp,-D_FORTIFY_SOURCE=2 -fstack-protector --param=ssp-buffer-size=4' STRIP=/bin/true BASE_FLAGS=
/usr/bin/make -C c++/jackmeter
/usr/bin/make -C c++/xycontroller
make[1]: Entering directory '/builddir/build/BUILD/Cadence-master/c++/jackmeter'
/usr/lib64/qt4/bin/rcc -name resources-jackmeter ../../resources/resources-jackmeter.qrc -o qrc_resources-jackmeter.cpp
make[1]: Leaving directory '/builddir/build/BUILD/Cadence-master/c++/jackmeter'
make[1]: Entering directory '/builddir/build/BUILD/Cadence-master/c++/xycontroller'
/usr/lib64/qt4/bin/moc xycontroller.cpp -o xycontroller.moc
make[1]: Leaving directory '/builddir/build/BUILD/Cadence-master/c++/xycontroller'
make[1]: Entering directory '/builddir/build/BUILD/Cadence-master/c++/xycontroller'
/usr/lib64/qt4/bin/uic ../../resources/ui/xycontroller.ui -o ui_xycontroller.h
make[1]: Leaving directory '/builddir/build/BUILD/Cadence-master/c++/xycontroller'
make[1]: Entering directory '/builddir/build/BUILD/Cadence-master/c++/xycontroller'
/usr/lib64/qt4/bin/rcc -name resources-xycontroller ../../resources/resources-xycontroller.qrc -o qrc_resources-xycontroller.cpp
make[1]: Leaving directory '/builddir/build/BUILD/Cadence-master/c++/xycontroller'
make[1]: Entering directory '/builddir/build/BUILD/Cadence-master/c++/xycontroller'
/usr/lib64/qt4/bin/moc ../widgets/pixmapkeyboard.hpp -o ../widgets/moc_pixmapkeyboard.cpp
make[1]: Leaving directory '/builddir/build/BUILD/Cadence-master/c++/xycontroller'
pyrcc4 -py3 resources/resources.qrc -o src/resources_rc.py
make[1]: Entering directory '/builddir/build/BUILD/Cadence-master/c++/jackmeter'
g++ -c qrc_resources-jackmeter.cpp  -std=c++0x -O2 -g -pipe -Wformat -Werror=format-security -Wp,-D_FORTIFY_SOURCE=2 -fstack-protector --param=ssp-buffer-size=4 -DQT_NO_DEBUG -DQT_NO_DEBUG_STREAM -DQT_NO_DEBUG_OUTPUT -I../widgets -DQT_SHARED -I/usr/include/QtGui -I/usr/include/QtCore -o qrc_resources-jackmeter.o
make[1]: Leaving directory '/builddir/build/BUILD/Cadence-master/c++/jackmeter'
pyuic4 resources/ui/cadence_tb_jack.ui -o src/ui_cadence_tb_jack.py
pyuic4 resources/ui/cadence_tb_pa.ui -o src/ui_cadence_tb_pa.py
pyuic4 resources/ui/cadence_tb_alsa.ui -o src/ui_cadence_tb_alsa.py
pyuic4 resources/ui/cadence_tb_a2j.ui -o src/ui_cadence_tb_a2j.py
pyuic4 resources/ui/cadence.ui -o src/ui_cadence.py
pyuic4 resources/ui/cadence_rwait.ui -o src/ui_cadence_rwait.py
pyuic4 resources/ui/catarina.ui -o src/ui_catarina.py
pyuic4 resources/ui/catarina_addgroup.ui -o src/ui_catarina_addgroup.py
pyuic4 resources/ui/catarina_removegroup.ui -o src/ui_catarina_removegroup.py
make[1]: Entering directory '/builddir/build/BUILD/Cadence-master/c++/jackmeter'
g++ -c ../widgets/digitalpeakmeter.cpp  -std=c++0x -O2 -g -pipe -Wformat -Werror=format-security -Wp,-D_FORTIFY_SOURCE=2 -fstack-protector --param=ssp-buffer-size=4 -DQT_NO_DEBUG -DQT_NO_DEBUG_STREAM -DQT_NO_DEBUG_OUTPUT -I../widgets -DQT_SHARED -I/usr/include/QtGui -I/usr/include/QtCore -o ../widgets/digitalpeakmeter.o
make[1]: Leaving directory '/builddir/build/BUILD/Cadence-master/c++/jackmeter'
make[1]: Entering directory '/builddir/build/BUILD/Cadence-master/c++/jackmeter'
g++ -c jackmeter.cpp  -std=c++0x -O2 -g -pipe -Wformat -Werror=format-security -Wp,-D_FORTIFY_SOURCE=2 -fstack-protector --param=ssp-buffer-size=4 -DQT_NO_DEBUG -DQT_NO_DEBUG_STREAM -DQT_NO_DEBUG_OUTPUT -I../widgets -DQT_SHARED -I/usr/include/QtGui -I/usr/include/QtCore -o jackmeter.o
make[1]: Leaving directory '/builddir/build/BUILD/Cadence-master/c++/jackmeter'
make[1]: Entering directory '/builddir/build/BUILD/Cadence-master/c++/xycontroller'
g++ -c qrc_resources-xycontroller.cpp  -std=c++0x -O2 -g -pipe -Wformat -Werror=format-security -Wp,-D_FORTIFY_SOURCE=2 -fstack-protector --param=ssp-buffer-size=4 -DQT_NO_DEBUG -DQT_NO_DEBUG_STREAM -DQT_NO_DEBUG_OUTPUT -I../widgets -DQT_SHARED -I/usr/include/QtGui -I/usr/include/QtCore -o qrc_resources-xycontroller.o
make[1]: Leaving directory '/builddir/build/BUILD/Cadence-master/c++/xycontroller'
pyuic4 resources/ui/catarina_renamegroup.ui -o src/ui_catarina_renamegroup.py
make[1]: Entering directory '/builddir/build/BUILD/Cadence-master/c++/xycontroller'
g++ -c ../widgets/moc_pixmapkeyboard.cpp  -std=c++0x -O2 -g -pipe -Wformat -Werror=format-security -Wp,-D_FORTIFY_SOURCE=2 -fstack-protector --param=ssp-buffer-size=4 -DQT_NO_DEBUG -DQT_NO_DEBUG_STREAM -DQT_NO_DEBUG_OUTPUT -I../widgets -DQT_SHARED -I/usr/include/QtGui -I/usr/include/QtCore -o ../widgets/moc_pixmapkeyboard.o
make[1]: Leaving directory '/builddir/build/BUILD/Cadence-master/c++/xycontroller'
make[1]: Entering directory '/builddir/build/BUILD/Cadence-master/c++/xycontroller'
g++ -c ../widgets/pixmapdial.cpp  -std=c++0x -O2 -g -pipe -Wformat -Werror=format-security -Wp,-D_FORTIFY_SOURCE=2 -fstack-protector --param=ssp-buffer-size=4 -DQT_NO_DEBUG -DQT_NO_DEBUG_STREAM -DQT_NO_DEBUG_OUTPUT -I../widgets -DQT_SHARED -I/usr/include/QtGui -I/usr/include/QtCore -o ../widgets/pixmapdial.o
make[1]: Leaving directory '/builddir/build/BUILD/Cadence-master/c++/xycontroller'
make[1]: Entering directory '/builddir/build/BUILD/Cadence-master/c++/jackmeter'
g++ jackmeter.o qrc_resources-jackmeter.o ../widgets/digitalpeakmeter.o  -lQtGui -lQtCore -ldl -o cadence-jackmeter && /bin/true cadence-jackmeter
make[1]: Leaving directory '/builddir/build/BUILD/Cadence-master/c++/jackmeter'
pyuic4 resources/ui/catarina_addport.ui -o src/ui_catarina_addport.py
pyuic4 resources/ui/catarina_removeport.ui -o src/ui_catarina_removeport.py
pyuic4 resources/ui/catarina_connectports.ui -o src/ui_catarina_connectports.py
pyuic4 resources/ui/catarina_disconnectports.ui -o src/ui_catarina_disconnectports.py
pyuic4 resources/ui/catarina_renameport.ui -o src/ui_catarina_renameport.py
pyuic4 resources/ui/catia.ui -o src/ui_catia.py
pyuic4 resources/ui/claudia.ui -o src/ui_claudia.py
pyuic4 resources/ui/claudia_studioname.ui -o src/ui_claudia_studioname.py
make[1]: Entering directory '/builddir/build/BUILD/Cadence-master/c++/xycontroller'
g++ -c ../widgets/pixmapkeyboard.cpp  -std=c++0x -O2 -g -pipe -Wformat -Werror=format-security -Wp,-D_FORTIFY_SOURCE=2 -fstack-protector --param=ssp-buffer-size=4 -DQT_NO_DEBUG -DQT_NO_DEBUG_STREAM -DQT_NO_DEBUG_OUTPUT -I../widgets -DQT_SHARED -I/usr/include/QtGui -I/usr/include/QtCore -o ../widgets/pixmapkeyboard.o
make[1]: Leaving directory '/builddir/build/BUILD/Cadence-master/c++/xycontroller'
pyuic4 resources/ui/claudia_projectname.ui -o src/ui_claudia_projectname.py
pyuic4 resources/ui/claudia_studiolist.ui -o src/ui_claudia_studiolist.py
pyuic4 resources/ui/claudia_createroom.ui -o src/ui_claudia_createroom.py
pyuic4 resources/ui/claudia_projectproperties.ui -o src/ui_claudia_projectproperties.py
pyuic4 resources/ui/claudia_runcustom.ui -o src/ui_claudia_runcustom.py
pyuic4 resources/ui/claudia_launcher_app.ui -o src/ui_claudia_launcher_app.py
pyuic4 resources/ui/claudia_launcher.ui -o src/ui_claudia_launcher.py
pyuic4 resources/ui/logs.ui -o src/ui_logs.py
pyuic4 resources/ui/render.ui -o src/ui_render.py
pyuic4 resources/ui/settings_app.ui -o src/ui_settings_app.py
pyuic4 resources/ui/settings_jack.ui -o src/ui_settings_jack.py
make[1]: Entering directory '/builddir/build/BUILD/Cadence-master/c++/xycontroller'
g++ -c xycontroller.cpp  -std=c++0x -O2 -g -pipe -Wformat -Werror=format-security -Wp,-D_FORTIFY_SOURCE=2 -fstack-protector --param=ssp-buffer-size=4 -DQT_NO_DEBUG -DQT_NO_DEBUG_STREAM -DQT_NO_DEBUG_OUTPUT -I../widgets -DQT_SHARED -I/usr/include/QtGui -I/usr/include/QtCore -o xycontroller.o
make[1]: Leaving directory '/builddir/build/BUILD/Cadence-master/c++/xycontroller'
make[1]: Entering directory '/builddir/build/BUILD/Cadence-master/c++/xycontroller'
g++ xycontroller.o qrc_resources-xycontroller.o ../widgets/pixmapdial.o ../widgets/pixmapkeyboard.o ../widgets/moc_pixmapkeyboard.o  -lQtGui -lQtCore -ldl -o cadence-xycontroller && /bin/true cadence-xycontroller
make[1]: Leaving directory '/builddir/build/BUILD/Cadence-master/c++/xycontroller'
+ exit 0
Executing(%install): /bin/sh -e /var/tmp/rpm-tmp.uglfmw
+ umask 022
+ cd /builddir/build/BUILD
+ '[' 1 -eq 1 ']'
+ '[' /builddir/build/BUILDROOT/cadence-1.0-0.git20170707.1.mga6.x86_64 '!=' / ']'
+ rm -rf /builddir/build/BUILDROOT/cadence-1.0-0.git20170707.1.mga6.x86_64
++ dirname /builddir/build/BUILDROOT/cadence-1.0-0.git20170707.1.mga6.x86_64
+ mkdir -p /builddir/build/BUILDROOT
+ mkdir /builddir/build/BUILDROOT/cadence-1.0-0.git20170707.1.mga6.x86_64
+ cd Cadence-master
+ '[' 1 -eq 1 ']'
+ /usr/bin/make install DESTDIR=/builddir/build/BUILDROOT/cadence-1.0-0.git20170707.1.mga6.x86_64 -- PREFIX=/usr
# Create directories
install -d /builddir/build/BUILDROOT/cadence-1.0-0.git20170707.1.mga6.x86_64/etc/xdg/autostart/
install -d /builddir/build/BUILDROOT/cadence-1.0-0.git20170707.1.mga6.x86_64/usr/bin/
install -d /builddir/build/BUILDROOT/cadence-1.0-0.git20170707.1.mga6.x86_64/usr/share/applications/
install -d /builddir/build/BUILDROOT/cadence-1.0-0.git20170707.1.mga6.x86_64/usr/share/icons/hicolor/16x16/apps/
install -d /builddir/build/BUILDROOT/cadence-1.0-0.git20170707.1.mga6.x86_64/usr/share/icons/hicolor/48x48/apps/
install -d /builddir/build/BUILDROOT/cadence-1.0-0.git20170707.1.mga6.x86_64/usr/share/icons/hicolor/128x128/apps/
install -d /builddir/build/BUILDROOT/cadence-1.0-0.git20170707.1.mga6.x86_64/usr/share/icons/hicolor/256x256/apps/
install -d /builddir/build/BUILDROOT/cadence-1.0-0.git20170707.1.mga6.x86_64/usr/share/icons/hicolor/scalable/apps/
install -d /builddir/build/BUILDROOT/cadence-1.0-0.git20170707.1.mga6.x86_64/usr/share/cadence/
install -d /builddir/build/BUILDROOT/cadence-1.0-0.git20170707.1.mga6.x86_64/usr/share/cadence/src/
install -d /builddir/build/BUILDROOT/cadence-1.0-0.git20170707.1.mga6.x86_64/usr/share/cadence/pulse2jack/
install -d /builddir/build/BUILDROOT/cadence-1.0-0.git20170707.1.mga6.x86_64/usr/share/cadence/pulse2loopback/
install -d /builddir/build/BUILDROOT/cadence-1.0-0.git20170707.1.mga6.x86_64/usr/share/cadence/icons/
install -d /builddir/build/BUILDROOT/cadence-1.0-0.git20170707.1.mga6.x86_64/usr/share/cadence/templates/
install -d /builddir/build/BUILDROOT/cadence-1.0-0.git20170707.1.mga6.x86_64/etc/X11/xinit/xinitrc.d/
# Install script files and binaries
install -m 755 \
	data/cadence \
	data/cadence-aloop-daemon \
	data/cadence-jacksettings \
	data/cadence-logs \
	data/cadence-pulse2jack \
	data/cadence-pulse2loopback \
	data/cadence-render \
	data/cadence-session-start \
	data/catarina \
	data/catia \
	data/claudia \
	data/claudia-launcher \
	c++/jackmeter/cadence-jackmeter \
	c++/xycontroller/cadence-xycontroller \
	/builddir/build/BUILDROOT/cadence-1.0-0.git20170707.1.mga6.x86_64/usr/bin/
# Install desktop files
install -m 644 data/autostart/*.desktop /builddir/build/BUILDROOT/cadence-1.0-0.git20170707.1.mga6.x86_64/etc/xdg/autostart/
install -m 644 data/*.desktop           /builddir/build/BUILDROOT/cadence-1.0-0.git20170707.1.mga6.x86_64/usr/share/applications/
# Install icons, 16x16
install -m 644 resources/16x16/cadence.png             /builddir/build/BUILDROOT/cadence-1.0-0.git20170707.1.mga6.x86_64/usr/share/icons/hicolor/16x16/apps/
install -m 644 resources/16x16/catarina.png            /builddir/build/BUILDROOT/cadence-1.0-0.git20170707.1.mga6.x86_64/usr/share/icons/hicolor/16x16/apps/
install -m 644 resources/16x16/catia.png               /builddir/build/BUILDROOT/cadence-1.0-0.git20170707.1.mga6.x86_64/usr/share/icons/hicolor/16x16/apps/
install -m 644 resources/16x16/claudia.png             /builddir/build/BUILDROOT/cadence-1.0-0.git20170707.1.mga6.x86_64/usr/share/icons/hicolor/16x16/apps/
install -m 644 resources/16x16/claudia-launcher.png    /builddir/build/BUILDROOT/cadence-1.0-0.git20170707.1.mga6.x86_64/usr/share/icons/hicolor/16x16/apps/
# Install icons, 48x48
install -m 644 resources/48x48/cadence.png             /builddir/build/BUILDROOT/cadence-1.0-0.git20170707.1.mga6.x86_64/usr/share/icons/hicolor/48x48/apps/
install -m 644 resources/48x48/catarina.png            /builddir/build/BUILDROOT/cadence-1.0-0.git20170707.1.mga6.x86_64/usr/share/icons/hicolor/48x48/apps/
install -m 644 resources/48x48/catia.png               /builddir/build/BUILDROOT/cadence-1.0-0.git20170707.1.mga6.x86_64/usr/share/icons/hicolor/48x48/apps/
install -m 644 resources/48x48/claudia.png             /builddir/build/BUILDROOT/cadence-1.0-0.git20170707.1.mga6.x86_64/usr/share/icons/hicolor/48x48/apps/
install -m 644 resources/48x48/claudia-launcher.png    /builddir/build/BUILDROOT/cadence-1.0-0.git20170707.1.mga6.x86_64/usr/share/icons/hicolor/48x48/apps/
# Install icons, 128x128
install -m 644 resources/128x128/cadence.png           /builddir/build/BUILDROOT/cadence-1.0-0.git20170707.1.mga6.x86_64/usr/share/icons/hicolor/128x128/apps/
install -m 644 resources/128x128/catarina.png          /builddir/build/BUILDROOT/cadence-1.0-0.git20170707.1.mga6.x86_64/usr/share/icons/hicolor/128x128/apps/
install -m 644 resources/128x128/catia.png             /builddir/build/BUILDROOT/cadence-1.0-0.git20170707.1.mga6.x86_64/usr/share/icons/hicolor/128x128/apps/
install -m 644 resources/128x128/claudia.png           /builddir/build/BUILDROOT/cadence-1.0-0.git20170707.1.mga6.x86_64/usr/share/icons/hicolor/128x128/apps/
install -m 644 resources/128x128/claudia-launcher.png  /builddir/build/BUILDROOT/cadence-1.0-0.git20170707.1.mga6.x86_64/usr/share/icons/hicolor/128x128/apps/
# Install icons, 256x256
install -m 644 resources/256x256/cadence.png           /builddir/build/BUILDROOT/cadence-1.0-0.git20170707.1.mga6.x86_64/usr/share/icons/hicolor/256x256/apps/
install -m 644 resources/256x256/catarina.png          /builddir/build/BUILDROOT/cadence-1.0-0.git20170707.1.mga6.x86_64/usr/share/icons/hicolor/256x256/apps/
install -m 644 resources/256x256/catia.png             /builddir/build/BUILDROOT/cadence-1.0-0.git20170707.1.mga6.x86_64/usr/share/icons/hicolor/256x256/apps/
install -m 644 resources/256x256/claudia.png           /builddir/build/BUILDROOT/cadence-1.0-0.git20170707.1.mga6.x86_64/usr/share/icons/hicolor/256x256/apps/
install -m 644 resources/256x256/claudia-launcher.png  /builddir/build/BUILDROOT/cadence-1.0-0.git20170707.1.mga6.x86_64/usr/share/icons/hicolor/256x256/apps/
# Install icons, scalable
install -m 644 resources/scalable/cadence.svg          /builddir/build/BUILDROOT/cadence-1.0-0.git20170707.1.mga6.x86_64/usr/share/icons/hicolor/scalable/apps/
install -m 644 resources/scalable/catarina.svg         /builddir/build/BUILDROOT/cadence-1.0-0.git20170707.1.mga6.x86_64/usr/share/icons/hicolor/scalable/apps/
install -m 644 resources/scalable/catia.svg            /builddir/build/BUILDROOT/cadence-1.0-0.git20170707.1.mga6.x86_64/usr/share/icons/hicolor/scalable/apps/
install -m 644 resources/scalable/claudia.svg          /builddir/build/BUILDROOT/cadence-1.0-0.git20170707.1.mga6.x86_64/usr/share/icons/hicolor/scalable/apps/
install -m 644 resources/scalable/claudia-launcher.svg /builddir/build/BUILDROOT/cadence-1.0-0.git20170707.1.mga6.x86_64/usr/share/icons/hicolor/scalable/apps/
# Install main code
install -m 755 src/*.py /builddir/build/BUILDROOT/cadence-1.0-0.git20170707.1.mga6.x86_64/usr/share/cadence/src/
# Install addtional stuff for Cadence
install -m 644 data/pulse2jack/*     /builddir/build/BUILDROOT/cadence-1.0-0.git20170707.1.mga6.x86_64/usr/share/cadence/pulse2jack/
install -m 644 data/pulse2loopback/* /builddir/build/BUILDROOT/cadence-1.0-0.git20170707.1.mga6.x86_64/usr/share/cadence/pulse2loopback/
install -m 755 data/61cadence-session-inject /builddir/build/BUILDROOT/cadence-1.0-0.git20170707.1.mga6.x86_64/etc/X11/xinit/xinitrc.d/
# Install addtional stuff for Claudia
cp -r data/icons/*     /builddir/build/BUILDROOT/cadence-1.0-0.git20170707.1.mga6.x86_64/usr/share/cadence/icons/
cp -r data/templates/* /builddir/build/BUILDROOT/cadence-1.0-0.git20170707.1.mga6.x86_64/usr/share/cadence/templates/
# Adjust PREFIX value in script files
sed -i "s?X-PREFIX-X?/usr?" \
	/builddir/build/BUILDROOT/cadence-1.0-0.git20170707.1.mga6.x86_64/usr/bin/cadence \
	/builddir/build/BUILDROOT/cadence-1.0-0.git20170707.1.mga6.x86_64/usr/bin/cadence-aloop-daemon \
	/builddir/build/BUILDROOT/cadence-1.0-0.git20170707.1.mga6.x86_64/usr/bin/cadence-jacksettings \
	/builddir/build/BUILDROOT/cadence-1.0-0.git20170707.1.mga6.x86_64/usr/bin/cadence-logs \
	/builddir/build/BUILDROOT/cadence-1.0-0.git20170707.1.mga6.x86_64/usr/bin/cadence-pulse2jack \
	/builddir/build/BUILDROOT/cadence-1.0-0.git20170707.1.mga6.x86_64/usr/bin/cadence-pulse2loopback \
	/builddir/build/BUILDROOT/cadence-1.0-0.git20170707.1.mga6.x86_64/usr/bin/cadence-render \
	/builddir/build/BUILDROOT/cadence-1.0-0.git20170707.1.mga6.x86_64/usr/bin/cadence-session-start \
	/builddir/build/BUILDROOT/cadence-1.0-0.git20170707.1.mga6.x86_64/usr/bin/catarina \
	/builddir/build/BUILDROOT/cadence-1.0-0.git20170707.1.mga6.x86_64/usr/bin/catia \
	/builddir/build/BUILDROOT/cadence-1.0-0.git20170707.1.mga6.x86_64/usr/bin/claudia \
	/builddir/build/BUILDROOT/cadence-1.0-0.git20170707.1.mga6.x86_64/usr/bin/claudia-launcher \
	/builddir/build/BUILDROOT/cadence-1.0-0.git20170707.1.mga6.x86_64/etc/X11/xinit/xinitrc.d//61cadence-session-inject
# Delete old files
rm -f /builddir/build/BUILDROOT/cadence-1.0-0.git20170707.1.mga6.x86_64/etc/X11/xinit/xinitrc.d//21cadence-session-inject
rm -f /builddir/build/BUILDROOT/cadence-1.0-0.git20170707.1.mga6.x86_64/etc/X11/xinit/xinitrc.d//70cadence-plugin-paths
rm -f /builddir/build/BUILDROOT/cadence-1.0-0.git20170707.1.mga6.x86_64/etc/X11/xinit/xinitrc.d//99cadence-session-start
+ /usr/lib/rpm/find-debuginfo.sh -m --run-dwz --dwz-low-mem-die-limit 10000000 --dwz-max-die-limit 110000000 /builddir/build/BUILD/Cadence-master
extracting debug info from /builddir/build/BUILDROOT/cadence-1.0-0.git20170707.1.mga6.x86_64/usr/bin/cadence-jackmeter
extracting debug info from /builddir/build/BUILDROOT/cadence-1.0-0.git20170707.1.mga6.x86_64/usr/bin/cadence-xycontroller
/usr/lib/rpm/sepdebugcrcfix: Updated 2 CRC32s, 0 CRC32s did match.
4095 blocks
+ '[' -n '' ']'
+ /usr/share/spec-helper/clean_files
+ '[' -n '' ']'
+ /usr/share/spec-helper/compress_files .xz
+ '[' -n '' ']'
+ /usr/share/spec-helper/relink_symlinks
+ '[' -n '' ']'
+ /usr/share/spec-helper/clean_perl
+ '[' -n '' ']'
+ /usr/share/spec-helper/lib_symlinks
+ '[' -n '' ']'
+ /usr/share/spec-helper/gprintify
+ '[' -n '' ']'
+ /usr/share/spec-helper/fix_mo
+ '[' -n '' ']'
+ /usr/share/spec-helper/translate_menu
+ '[' -n '' ']'
+ /usr/share/spec-helper/fix_pamd
+ '[' -n '' ']'
+ /usr/share/spec-helper/remove_info_dir
+ '[' -n '' ']'
+ /usr/share/spec-helper/fix_eol
+ '[' -n '' ']'
+ /usr/share/spec-helper/check_elf_files
+ /usr/lib/rpm/mageia/brp-java-repack-jars
+ '[' 1 -eq 1 ']'
+ /usr/lib/rpm/brp-python-bytecompile /usr/bin/python3 1
+ /usr/lib/rpm/brp-python-hardlink
Processing files: cadence-1.0-0.git20170707.1.mga6.x86_64
RPM build errors:
error: File not found: /builddir/build/BUILDROOT/cadence-1.0-0.git20170707.1.mga6.x86_64/etc/X11/xinit/xinitrc.d/70cadence-plugin-paths
error: File not found: /builddir/build/BUILDROOT/cadence-1.0-0.git20170707.1.mga6.x86_64/etc/X11/xinit/xinitrc.d/99cadence-session-start
    File not found: /builddir/build/BUILDROOT/cadence-1.0-0.git20170707.1.mga6.x86_64/etc/X11/xinit/xinitrc.d/70cadence-plugin-paths
    File not found: /builddir/build/BUILDROOT/cadence-1.0-0.git20170707.1.mga6.x86_64/etc/X11/xinit/xinitrc.d/99cadence-session-start
Child return code was: 1
EXCEPTION: [Error()]
Traceback (most recent call last):
  File "/usr/lib/python3.6/site-packages/mockbuild/trace_decorator.py", line 96, in trace
    result = func(*args, **kw)
  File "/usr/lib/python3.6/site-packages/mockbuild/util.py", line 619, in do
    raise exception.Error("Command failed: \n # %s\n%s" % (command, output), child.returncode)
mockbuild.exception.Error: Command failed: 
 # /usr/bin/systemd-nspawn -q -M d5e08579bd3a42a6bbf5951038d10b69 -D /home/stig/rpmbuild/mock/6/x86_64 -a --setenv=TERM=vt100 --setenv=SHELL=/bin/bash --setenv=HOME=/builddir --setenv=HOSTNAME=mock --setenv=PATH=/usr/bin:/bin:/usr/sbin:/sbin --setenv=PROMPT_COMMAND=printf "\033]0;<mock-chroot>\007" --setenv=PS1=<mock-chroot> \s-\v\$  --setenv=LANG=en_US.UTF-8 -u mockbuild bash --login -c /usr/bin/rpmbuild -bb --target x86_64 --nodeps /builddir/build/SPECS/cadence.spec

