INFO buildroot.py:348:  Mock Version: 1.4.9
DEBUG util.py:111:  ensuring that dir exists: /home/stig/rpmbuild/mock/cauldron/x86_64/dev/pts
DEBUG util.py:114:  creating dir: /home/stig/rpmbuild/mock/cauldron/x86_64/dev/pts
DEBUG util.py:111:  ensuring that dir exists: /home/stig/rpmbuild/mock/cauldron/x86_64/dev/shm
DEBUG util.py:114:  creating dir: /home/stig/rpmbuild/mock/cauldron/x86_64/dev/shm
DEBUG buildroot.py:479:  kernel version == 4.14.20-server-1.mga7
DEBUG util.py:124:  touching file: /home/stig/rpmbuild/mock/cauldron/x86_64/etc/fstab
DEBUG util.py:124:  touching file: /home/stig/rpmbuild/mock/cauldron/x86_64/etc/yum/yum.conf
DEBUG util.py:124:  touching file: /home/stig/rpmbuild/mock/cauldron/x86_64/etc/dnf/dnf.conf
DEBUG util.py:124:  touching file: /home/stig/rpmbuild/mock/cauldron/x86_64/var/log/yum.log
DEBUG util.py:111:  ensuring that dir exists: /home/stig/rpmbuild/mock/cauldron/x86_64/var/cache/dnf/
DEBUG util.py:642:  child environment: None
DEBUG util.py:569:  Executing command: ['/bin/mount', '-n', '--bind', '/var/cache/mock/mageia-cauldron-x86_64/dnf_cache/', '/home/stig/rpmbuild/mock/cauldron/x86_64/var/cache/dnf/'] with env {'TERM': 'vt100', 'SHELL': '/bin/sh', 'HOME': '/builddir', 'HOSTNAME': 'mock', 'PATH': '/usr/bin:/bin:/usr/sbin:/sbin', 'LANG': 'en_US.UTF-8'} and shell False
DEBUG util.py:624:  Child return code was: 0
DEBUG buildroot.py:142:  rootdir = /home/stig/rpmbuild/mock/cauldron/x86_64
DEBUG buildroot.py:143:  resultdir = mock
DEBUG util.py:111:  ensuring that dir exists: /home/stig/rpmbuild/mock/cauldron/x86_64/etc/pki/mock
DEBUG util.py:114:  creating dir: /home/stig/rpmbuild/mock/cauldron/x86_64/etc/pki/mock
DEBUG util.py:111:  ensuring that dir exists: /home/stig/rpmbuild/mock/cauldron/x86_64/etc/dnf
DEBUG util.py:111:  ensuring that dir exists: /home/stig/rpmbuild/mock/cauldron/x86_64/proc
DEBUG util.py:642:  child environment: None
DEBUG util.py:569:  Executing command: ['/bin/mount', '-n', '-t', 'proc', 'proc', '/home/stig/rpmbuild/mock/cauldron/x86_64/proc'] with env {'TERM': 'vt100', 'SHELL': '/bin/sh', 'HOME': '/builddir', 'HOSTNAME': 'mock', 'PATH': '/usr/bin:/bin:/usr/sbin:/sbin', 'LANG': 'en_US.UTF-8'} and shell False
DEBUG util.py:624:  Child return code was: 0
DEBUG util.py:111:  ensuring that dir exists: /home/stig/rpmbuild/mock/cauldron/x86_64/sys
DEBUG util.py:642:  child environment: None
DEBUG util.py:569:  Executing command: ['/bin/mount', '-n', '-t', 'sysfs', 'sysfs', '/home/stig/rpmbuild/mock/cauldron/x86_64/sys'] with env {'TERM': 'vt100', 'SHELL': '/bin/sh', 'HOME': '/builddir', 'HOSTNAME': 'mock', 'PATH': '/usr/bin:/bin:/usr/sbin:/sbin', 'LANG': 'en_US.UTF-8'} and shell False
DEBUG util.py:624:  Child return code was: 0
DEBUG util.py:111:  ensuring that dir exists: /home/stig/rpmbuild/mock/cauldron/x86_64/dev/shm
DEBUG util.py:642:  child environment: None
DEBUG util.py:569:  Executing command: ['/bin/mount', '-n', '-t', 'tmpfs', 'tmpfs', '/home/stig/rpmbuild/mock/cauldron/x86_64/dev/shm'] with env {'TERM': 'vt100', 'SHELL': '/bin/sh', 'HOME': '/builddir', 'HOSTNAME': 'mock', 'PATH': '/usr/bin:/bin:/usr/sbin:/sbin', 'LANG': 'en_US.UTF-8'} and shell False
DEBUG util.py:624:  Child return code was: 0
DEBUG util.py:111:  ensuring that dir exists: /home/stig/rpmbuild/mock/cauldron/x86_64/dev/pts
DEBUG util.py:642:  child environment: None
DEBUG util.py:569:  Executing command: ['/bin/mount', '-n', '-t', 'devpts', '-o', 'gid=5,mode=0620,ptmxmode=0666,newinstance', 'devpts', '/home/stig/rpmbuild/mock/cauldron/x86_64/dev/pts'] with env {'TERM': 'vt100', 'SHELL': '/bin/sh', 'HOME': '/builddir', 'HOSTNAME': 'mock', 'PATH': '/usr/bin:/bin:/usr/sbin:/sbin', 'LANG': 'en_US.UTF-8'} and shell False
DEBUG util.py:624:  Child return code was: 0
DEBUG package_manager.py:111:  ['/usr/bin/dnf', '--installroot', '/home/stig/rpmbuild/mock/cauldron/x86_64/', '--releasever', '7', '--disableplugin=local', '--setopt=deltarpm=False', 'install', 'basesystem-minimal', 'rpm-build', 'rpm-mageia-setup', 'rpm-mageia-setup-build']
DEBUG util.py:642:  child environment: None
DEBUG util.py:569:  Executing command: ['/usr/bin/dnf', '--installroot', '/home/stig/rpmbuild/mock/cauldron/x86_64/', '--releasever', '7', '--disableplugin=local', '--setopt=deltarpm=False', 'install', 'basesystem-minimal', 'rpm-build', 'rpm-mageia-setup', 'rpm-mageia-setup-build'] with env {'TERM': 'vt100', 'SHELL': '/bin/bash', 'HOME': '/builddir', 'HOSTNAME': 'mock', 'PATH': '/usr/bin:/bin:/usr/sbin:/sbin', 'PROMPT_COMMAND': 'printf "\\033]0;<mock-chroot>\\007"', 'PS1': '<mock-chroot> \\s-\\v\\$ ', 'LANG': 'en_US.UTF-8', 'LC_MESSAGES': 'C'} and shell False
DEBUG util.py:482:  BUILDSTDERR: Failed to synchronize cache for repo 'mageia-cauldron', disabling.
DEBUG util.py:484:  No match for argument: basesystem-minimal
DEBUG util.py:484:  No match for argument: rpm-build
DEBUG util.py:484:  No match for argument: rpm-mageia-setup
DEBUG util.py:484:  No match for argument: rpm-mageia-setup-build
DEBUG util.py:482:  BUILDSTDERR: Error: Unable to find a match
DEBUG util.py:624:  Child return code was: 1
DEBUG util.py:642:  child environment: None
DEBUG util.py:569:  Executing command: ['/bin/umount', '-n', '-l', '/home/stig/rpmbuild/mock/cauldron/x86_64/dev/pts'] with env {'TERM': 'vt100', 'SHELL': '/bin/sh', 'HOME': '/builddir', 'HOSTNAME': 'mock', 'PATH': '/usr/bin:/bin:/usr/sbin:/sbin', 'LANG': 'en_US.UTF-8'} and shell False
DEBUG util.py:624:  Child return code was: 0
DEBUG util.py:642:  child environment: None
DEBUG util.py:569:  Executing command: ['/bin/umount', '-n', '-l', '/home/stig/rpmbuild/mock/cauldron/x86_64/dev/shm'] with env {'TERM': 'vt100', 'SHELL': '/bin/sh', 'HOME': '/builddir', 'HOSTNAME': 'mock', 'PATH': '/usr/bin:/bin:/usr/sbin:/sbin', 'LANG': 'en_US.UTF-8'} and shell False
DEBUG util.py:624:  Child return code was: 0
DEBUG util.py:642:  child environment: None
DEBUG util.py:569:  Executing command: ['/bin/umount', '-n', '-l', '/home/stig/rpmbuild/mock/cauldron/x86_64/sys'] with env {'TERM': 'vt100', 'SHELL': '/bin/sh', 'HOME': '/builddir', 'HOSTNAME': 'mock', 'PATH': '/usr/bin:/bin:/usr/sbin:/sbin', 'LANG': 'en_US.UTF-8'} and shell False
DEBUG util.py:624:  Child return code was: 0
DEBUG util.py:642:  child environment: None
DEBUG util.py:569:  Executing command: ['/bin/umount', '-n', '-l', '/home/stig/rpmbuild/mock/cauldron/x86_64/proc'] with env {'TERM': 'vt100', 'SHELL': '/bin/sh', 'HOME': '/builddir', 'HOSTNAME': 'mock', 'PATH': '/usr/bin:/bin:/usr/sbin:/sbin', 'LANG': 'en_US.UTF-8'} and shell False
DEBUG util.py:624:  Child return code was: 0
DEBUG util.py:223:  kill orphans
DEBUG util.py:642:  child environment: None
DEBUG util.py:569:  Executing command: ['/bin/umount', '-n', '/home/stig/rpmbuild/mock/cauldron/x86_64/var/cache/dnf/'] with env {'TERM': 'vt100', 'SHELL': '/bin/sh', 'HOME': '/builddir', 'HOSTNAME': 'mock', 'PATH': '/usr/bin:/bin:/usr/sbin:/sbin', 'LANG': 'en_US.UTF-8'} and shell False
DEBUG util.py:624:  Child return code was: 0
DEBUG util.py:642:  child environment: None
DEBUG util.py:569:  Executing command: ['btrfs', 'subv', 'list', '/var/lib/mock'] with env {'TERM': 'vt100', 'SHELL': '/bin/sh', 'HOME': '/builddir', 'HOSTNAME': 'mock', 'PATH': '/usr/bin:/bin:/usr/sbin:/sbin', 'LANG': 'en_US.UTF-8'} and shell False
DEBUG util.py:482:  BUILDSTDERR: ERROR: not a btrfs filesystem: /var/lib/mock
DEBUG util.py:482:  BUILDSTDERR: ERROR: can't access '/var/lib/mock'
DEBUG util.py:624:  Child return code was: 1
DEBUG util.py:1354:  Please ignore the error above above about btrfs.
INFO buildroot.py:348:  Mock Version: 1.4.9
DEBUG util.py:111:  ensuring that dir exists: /home/stig/rpmbuild/mock/cauldron/x86_64/dev/pts
DEBUG util.py:114:  creating dir: /home/stig/rpmbuild/mock/cauldron/x86_64/dev/pts
DEBUG util.py:111:  ensuring that dir exists: /home/stig/rpmbuild/mock/cauldron/x86_64/dev/shm
DEBUG util.py:114:  creating dir: /home/stig/rpmbuild/mock/cauldron/x86_64/dev/shm
DEBUG buildroot.py:479:  kernel version == 4.14.20-server-1.mga7
DEBUG util.py:124:  touching file: /home/stig/rpmbuild/mock/cauldron/x86_64/etc/fstab
DEBUG util.py:124:  touching file: /home/stig/rpmbuild/mock/cauldron/x86_64/etc/yum/yum.conf
DEBUG util.py:124:  touching file: /home/stig/rpmbuild/mock/cauldron/x86_64/etc/dnf/dnf.conf
DEBUG util.py:124:  touching file: /home/stig/rpmbuild/mock/cauldron/x86_64/var/log/yum.log
DEBUG util.py:111:  ensuring that dir exists: /home/stig/rpmbuild/mock/cauldron/x86_64/var/cache/dnf/
DEBUG util.py:642:  child environment: None
DEBUG util.py:569:  Executing command: ['/bin/mount', '-n', '--bind', '/var/cache/mock/mageia-cauldron-x86_64/dnf_cache/', '/home/stig/rpmbuild/mock/cauldron/x86_64/var/cache/dnf/'] with env {'TERM': 'vt100', 'SHELL': '/bin/sh', 'HOME': '/builddir', 'HOSTNAME': 'mock', 'PATH': '/usr/bin:/bin:/usr/sbin:/sbin', 'LANG': 'en_US.UTF-8'} and shell False
DEBUG util.py:624:  Child return code was: 0
DEBUG buildroot.py:142:  rootdir = /home/stig/rpmbuild/mock/cauldron/x86_64
DEBUG buildroot.py:143:  resultdir = mock
DEBUG util.py:111:  ensuring that dir exists: /home/stig/rpmbuild/mock/cauldron/x86_64/etc/pki/mock
DEBUG util.py:114:  creating dir: /home/stig/rpmbuild/mock/cauldron/x86_64/etc/pki/mock
DEBUG util.py:111:  ensuring that dir exists: /home/stig/rpmbuild/mock/cauldron/x86_64/etc/dnf
DEBUG util.py:111:  ensuring that dir exists: /home/stig/rpmbuild/mock/cauldron/x86_64/proc
DEBUG util.py:642:  child environment: None
DEBUG util.py:569:  Executing command: ['/bin/mount', '-n', '-t', 'proc', 'proc', '/home/stig/rpmbuild/mock/cauldron/x86_64/proc'] with env {'TERM': 'vt100', 'SHELL': '/bin/sh', 'HOME': '/builddir', 'HOSTNAME': 'mock', 'PATH': '/usr/bin:/bin:/usr/sbin:/sbin', 'LANG': 'en_US.UTF-8'} and shell False
DEBUG util.py:624:  Child return code was: 0
DEBUG util.py:111:  ensuring that dir exists: /home/stig/rpmbuild/mock/cauldron/x86_64/sys
DEBUG util.py:642:  child environment: None
DEBUG util.py:569:  Executing command: ['/bin/mount', '-n', '-t', 'sysfs', 'sysfs', '/home/stig/rpmbuild/mock/cauldron/x86_64/sys'] with env {'TERM': 'vt100', 'SHELL': '/bin/sh', 'HOME': '/builddir', 'HOSTNAME': 'mock', 'PATH': '/usr/bin:/bin:/usr/sbin:/sbin', 'LANG': 'en_US.UTF-8'} and shell False
DEBUG util.py:624:  Child return code was: 0
DEBUG util.py:111:  ensuring that dir exists: /home/stig/rpmbuild/mock/cauldron/x86_64/dev/shm
DEBUG util.py:642:  child environment: None
DEBUG util.py:569:  Executing command: ['/bin/mount', '-n', '-t', 'tmpfs', 'tmpfs', '/home/stig/rpmbuild/mock/cauldron/x86_64/dev/shm'] with env {'TERM': 'vt100', 'SHELL': '/bin/sh', 'HOME': '/builddir', 'HOSTNAME': 'mock', 'PATH': '/usr/bin:/bin:/usr/sbin:/sbin', 'LANG': 'en_US.UTF-8'} and shell False
DEBUG util.py:624:  Child return code was: 0
DEBUG util.py:111:  ensuring that dir exists: /home/stig/rpmbuild/mock/cauldron/x86_64/dev/pts
DEBUG util.py:642:  child environment: None
DEBUG util.py:569:  Executing command: ['/bin/mount', '-n', '-t', 'devpts', '-o', 'gid=5,mode=0620,ptmxmode=0666,newinstance', 'devpts', '/home/stig/rpmbuild/mock/cauldron/x86_64/dev/pts'] with env {'TERM': 'vt100', 'SHELL': '/bin/sh', 'HOME': '/builddir', 'HOSTNAME': 'mock', 'PATH': '/usr/bin:/bin:/usr/sbin:/sbin', 'LANG': 'en_US.UTF-8'} and shell False
DEBUG util.py:624:  Child return code was: 0
DEBUG package_manager.py:111:  ['/usr/bin/dnf', '--installroot', '/home/stig/rpmbuild/mock/cauldron/x86_64/', '--releasever', '7', '--disableplugin=local', '--setopt=deltarpm=False', 'install', 'basesystem-minimal', 'rpm-build', 'rpm-mageia-setup', 'rpm-mageia-setup-build']
DEBUG util.py:642:  child environment: None
DEBUG util.py:569:  Executing command: ['/usr/bin/dnf', '--installroot', '/home/stig/rpmbuild/mock/cauldron/x86_64/', '--releasever', '7', '--disableplugin=local', '--setopt=deltarpm=False', 'install', 'basesystem-minimal', 'rpm-build', 'rpm-mageia-setup', 'rpm-mageia-setup-build'] with env {'TERM': 'vt100', 'SHELL': '/bin/bash', 'HOME': '/builddir', 'HOSTNAME': 'mock', 'PATH': '/usr/bin:/bin:/usr/sbin:/sbin', 'PROMPT_COMMAND': 'printf "\\033]0;<mock-chroot>\\007"', 'PS1': '<mock-chroot> \\s-\\v\\$ ', 'LANG': 'en_US.UTF-8', 'LC_MESSAGES': 'C'} and shell False
DEBUG util.py:482:  BUILDSTDERR: Failed to synchronize cache for repo 'mageia-cauldron', disabling.
DEBUG util.py:484:  No match for argument: basesystem-minimal
DEBUG util.py:484:  No match for argument: rpm-build
DEBUG util.py:484:  No match for argument: rpm-mageia-setup
DEBUG util.py:484:  No match for argument: rpm-mageia-setup-build
DEBUG util.py:482:  BUILDSTDERR: Error: Unable to find a match
DEBUG util.py:624:  Child return code was: 1
DEBUG util.py:642:  child environment: None
DEBUG util.py:569:  Executing command: ['/bin/umount', '-n', '-l', '/home/stig/rpmbuild/mock/cauldron/x86_64/dev/pts'] with env {'TERM': 'vt100', 'SHELL': '/bin/sh', 'HOME': '/builddir', 'HOSTNAME': 'mock', 'PATH': '/usr/bin:/bin:/usr/sbin:/sbin', 'LANG': 'en_US.UTF-8'} and shell False
DEBUG util.py:624:  Child return code was: 0
DEBUG util.py:642:  child environment: None
DEBUG util.py:569:  Executing command: ['/bin/umount', '-n', '-l', '/home/stig/rpmbuild/mock/cauldron/x86_64/dev/shm'] with env {'TERM': 'vt100', 'SHELL': '/bin/sh', 'HOME': '/builddir', 'HOSTNAME': 'mock', 'PATH': '/usr/bin:/bin:/usr/sbin:/sbin', 'LANG': 'en_US.UTF-8'} and shell False
DEBUG util.py:624:  Child return code was: 0
DEBUG util.py:642:  child environment: None
DEBUG util.py:569:  Executing command: ['/bin/umount', '-n', '-l', '/home/stig/rpmbuild/mock/cauldron/x86_64/sys'] with env {'TERM': 'vt100', 'SHELL': '/bin/sh', 'HOME': '/builddir', 'HOSTNAME': 'mock', 'PATH': '/usr/bin:/bin:/usr/sbin:/sbin', 'LANG': 'en_US.UTF-8'} and shell False
DEBUG util.py:624:  Child return code was: 0
DEBUG util.py:642:  child environment: None
DEBUG util.py:569:  Executing command: ['/bin/umount', '-n', '-l', '/home/stig/rpmbuild/mock/cauldron/x86_64/proc'] with env {'TERM': 'vt100', 'SHELL': '/bin/sh', 'HOME': '/builddir', 'HOSTNAME': 'mock', 'PATH': '/usr/bin:/bin:/usr/sbin:/sbin', 'LANG': 'en_US.UTF-8'} and shell False
DEBUG util.py:624:  Child return code was: 0
DEBUG util.py:223:  kill orphans
DEBUG util.py:642:  child environment: None
DEBUG util.py:569:  Executing command: ['/bin/umount', '-n', '/home/stig/rpmbuild/mock/cauldron/x86_64/var/cache/dnf/'] with env {'TERM': 'vt100', 'SHELL': '/bin/sh', 'HOME': '/builddir', 'HOSTNAME': 'mock', 'PATH': '/usr/bin:/bin:/usr/sbin:/sbin', 'LANG': 'en_US.UTF-8'} and shell False
DEBUG util.py:624:  Child return code was: 0
DEBUG util.py:642:  child environment: None
DEBUG util.py:569:  Executing command: ['btrfs', 'subv', 'list', '/var/lib/mock'] with env {'TERM': 'vt100', 'SHELL': '/bin/sh', 'HOME': '/builddir', 'HOSTNAME': 'mock', 'PATH': '/usr/bin:/bin:/usr/sbin:/sbin', 'LANG': 'en_US.UTF-8'} and shell False
DEBUG util.py:482:  BUILDSTDERR: ERROR: not a btrfs filesystem: /var/lib/mock
DEBUG util.py:482:  BUILDSTDERR: ERROR: can't access '/var/lib/mock'
DEBUG util.py:624:  Child return code was: 1
DEBUG util.py:1354:  Please ignore the error above above about btrfs.
