INFO buildroot.py:348:  Mock Version: 1.4.8
DEBUG util.py:110:  ensuring that dir exists: /home/stig/rpmbuild/mock/cauldron/x86_64/dev/pts
DEBUG util.py:113:  creating dir: /home/stig/rpmbuild/mock/cauldron/x86_64/dev/pts
DEBUG util.py:110:  ensuring that dir exists: /home/stig/rpmbuild/mock/cauldron/x86_64/dev/shm
DEBUG util.py:113:  creating dir: /home/stig/rpmbuild/mock/cauldron/x86_64/dev/shm
DEBUG buildroot.py:479:  kernel version == 4.14.18-server-2.mga7
DEBUG util.py:123:  touching file: /home/stig/rpmbuild/mock/cauldron/x86_64/etc/fstab
DEBUG util.py:123:  touching file: /home/stig/rpmbuild/mock/cauldron/x86_64/etc/yum/yum.conf
DEBUG util.py:123:  touching file: /home/stig/rpmbuild/mock/cauldron/x86_64/etc/dnf/dnf.conf
DEBUG util.py:123:  touching file: /home/stig/rpmbuild/mock/cauldron/x86_64/var/log/yum.log
DEBUG util.py:110:  ensuring that dir exists: /home/stig/rpmbuild/mock/cauldron/x86_64/var/cache/dnf/
DEBUG util.py:636:  child environment: None
DEBUG util.py:562:  Executing command: ['/bin/mount', '-n', '--bind', '/var/cache/mock/mageia-cauldron-x86_64/dnf_cache/', '/home/stig/rpmbuild/mock/cauldron/x86_64/var/cache/dnf/'] with env {'TERM': 'vt100', 'SHELL': '/bin/sh', 'HOME': '/builddir', 'HOSTNAME': 'mock', 'PATH': '/usr/bin:/bin:/usr/sbin:/sbin', 'LANG': 'en_US.UTF-8'} and shell False
DEBUG util.py:617:  Child return code was: 0
DEBUG buildroot.py:142:  rootdir = /home/stig/rpmbuild/mock/cauldron/x86_64
DEBUG buildroot.py:143:  resultdir = mock
DEBUG util.py:110:  ensuring that dir exists: /home/stig/rpmbuild/mock/cauldron/x86_64/etc/pki/mock
DEBUG util.py:110:  ensuring that dir exists: /home/stig/rpmbuild/mock/cauldron/x86_64/etc/dnf
DEBUG util.py:636:  child environment: None
DEBUG util.py:562:  Executing command: ['/usr/bin/systemd-nspawn', '-q', '-M', '869e4fbc42da47b49056cf3d61ac997a', '-D', '/home/stig/rpmbuild/mock/cauldron/x86_64', '-a', '--setenv=TERM=vt100', '--setenv=SHELL=/bin/bash', '--setenv=HOME=/builddir', '--setenv=HOSTNAME=mock', '--setenv=PATH=/usr/bin:/bin:/usr/sbin:/sbin', '--setenv=PROMPT_COMMAND=printf "\\033]0;<mock-chroot>\\007"', '--setenv=PS1=<mock-chroot> \\s-\\v\\$ ', '--setenv=LANG=en_US.UTF-8', '/usr/sbin/userdel', '-r', '-f', 'mockbuild'] with env {'TERM': 'vt100', 'SHELL': '/bin/bash', 'HOME': '/builddir', 'HOSTNAME': 'mock', 'PATH': '/usr/bin:/bin:/usr/sbin:/sbin', 'PROMPT_COMMAND': 'printf "\\033]0;<mock-chroot>\\007"', 'PS1': '<mock-chroot> \\s-\\v\\$ ', 'LANG': 'en_US.UTF-8'} and shell False
DEBUG util.py:317:  Unsharing. Flags: 134217728
DEBUG util.py:479:  userdel: mockbuild mail spool (/var/spool/mail/mockbuild) not found
DEBUG util.py:617:  Child return code was: 0
DEBUG util.py:636:  child environment: None
DEBUG util.py:562:  Executing command: ['/usr/bin/systemd-nspawn', '-q', '-M', '315d7d268ff2404dae39a9620d0795ee', '-D', '/home/stig/rpmbuild/mock/cauldron/x86_64', '-a', '--setenv=TERM=vt100', '--setenv=SHELL=/bin/bash', '--setenv=HOME=/builddir', '--setenv=HOSTNAME=mock', '--setenv=PATH=/usr/bin:/bin:/usr/sbin:/sbin', '--setenv=PROMPT_COMMAND=printf "\\033]0;<mock-chroot>\\007"', '--setenv=PS1=<mock-chroot> \\s-\\v\\$ ', '--setenv=LANG=en_US.UTF-8', '/usr/sbin/groupdel', 'mock'] with env {'TERM': 'vt100', 'SHELL': '/bin/bash', 'HOME': '/builddir', 'HOSTNAME': 'mock', 'PATH': '/usr/bin:/bin:/usr/sbin:/sbin', 'PROMPT_COMMAND': 'printf "\\033]0;<mock-chroot>\\007"', 'PS1': '<mock-chroot> \\s-\\v\\$ ', 'LANG': 'en_US.UTF-8'} and shell False
DEBUG util.py:317:  Unsharing. Flags: 134217728
DEBUG util.py:617:  Child return code was: 0
DEBUG util.py:636:  child environment: None
DEBUG util.py:562:  Executing command: ['/usr/bin/systemd-nspawn', '-q', '-M', '4b18902dd88f41b1a6090e67aaf878cf', '-D', '/home/stig/rpmbuild/mock/cauldron/x86_64', '-a', '--setenv=TERM=vt100', '--setenv=SHELL=/bin/bash', '--setenv=HOME=/builddir', '--setenv=HOSTNAME=mock', '--setenv=PATH=/usr/bin:/bin:/usr/sbin:/sbin', '--setenv=PROMPT_COMMAND=printf "\\033]0;<mock-chroot>\\007"', '--setenv=PS1=<mock-chroot> \\s-\\v\\$ ', '--setenv=LANG=en_US.UTF-8', '/usr/sbin/groupadd', '-g', '135', 'mock'] with env {'TERM': 'vt100', 'SHELL': '/bin/bash', 'HOME': '/builddir', 'HOSTNAME': 'mock', 'PATH': '/usr/bin:/bin:/usr/sbin:/sbin', 'PROMPT_COMMAND': 'printf "\\033]0;<mock-chroot>\\007"', 'PS1': '<mock-chroot> \\s-\\v\\$ ', 'LANG': 'en_US.UTF-8'} and shell False
DEBUG util.py:317:  Unsharing. Flags: 134217728
DEBUG util.py:617:  Child return code was: 0
DEBUG util.py:636:  child environment: None
DEBUG util.py:562:  Executing command: ['/usr/bin/systemd-nspawn', '-q', '-M', '57da7434fc194f84ae270bbfbd3bf509', '-D', '/home/stig/rpmbuild/mock/cauldron/x86_64', '-a', '--setenv=TERM=vt100', '--setenv=SHELL=/bin/bash', '--setenv=HOME=/builddir', '--setenv=HOSTNAME=mock', '--setenv=PATH=/usr/bin:/bin:/usr/sbin:/sbin', '--setenv=PROMPT_COMMAND=printf "\\033]0;<mock-chroot>\\007"', '--setenv=PS1=<mock-chroot> \\s-\\v\\$ ', '--setenv=LANG=en_US.UTF-8', '/usr/sbin/useradd', '-o', '-m', '-u', '1000', '-g', '135', '-d', '/builddir', 'mockbuild'] with env {'TERM': 'vt100', 'SHELL': '/bin/bash', 'HOME': '/builddir', 'HOSTNAME': 'mock', 'PATH': '/usr/bin:/bin:/usr/sbin:/sbin', 'PROMPT_COMMAND': 'printf "\\033]0;<mock-chroot>\\007"', 'PS1': '<mock-chroot> \\s-\\v\\$ ', 'LANG': 'en_US.UTF-8'} and shell False
DEBUG util.py:317:  Unsharing. Flags: 134217728
DEBUG util.py:617:  Child return code was: 0
DEBUG util.py:110:  ensuring that dir exists: /home/stig/rpmbuild/mock/cauldron/x86_64/builddir/build/RPMS
DEBUG util.py:113:  creating dir: /home/stig/rpmbuild/mock/cauldron/x86_64/builddir/build/RPMS
DEBUG util.py:110:  ensuring that dir exists: /home/stig/rpmbuild/mock/cauldron/x86_64/builddir/build/SPECS
DEBUG util.py:113:  creating dir: /home/stig/rpmbuild/mock/cauldron/x86_64/builddir/build/SPECS
DEBUG util.py:110:  ensuring that dir exists: /home/stig/rpmbuild/mock/cauldron/x86_64/builddir/build/SRPMS
DEBUG util.py:113:  creating dir: /home/stig/rpmbuild/mock/cauldron/x86_64/builddir/build/SRPMS
DEBUG util.py:110:  ensuring that dir exists: /home/stig/rpmbuild/mock/cauldron/x86_64/builddir/build/SOURCES
DEBUG util.py:113:  creating dir: /home/stig/rpmbuild/mock/cauldron/x86_64/builddir/build/SOURCES
DEBUG util.py:110:  ensuring that dir exists: /home/stig/rpmbuild/mock/cauldron/x86_64/builddir/build/BUILD
DEBUG util.py:113:  creating dir: /home/stig/rpmbuild/mock/cauldron/x86_64/builddir/build/BUILD
DEBUG util.py:110:  ensuring that dir exists: /home/stig/rpmbuild/mock/cauldron/x86_64/builddir/build/BUILDROOT
DEBUG util.py:113:  creating dir: /home/stig/rpmbuild/mock/cauldron/x86_64/builddir/build/BUILDROOT
DEBUG util.py:110:  ensuring that dir exists: /home/stig/rpmbuild/mock/cauldron/x86_64/builddir/build/originals
DEBUG util.py:113:  creating dir: /home/stig/rpmbuild/mock/cauldron/x86_64/builddir/build/originals
DEBUG util.py:110:  ensuring that dir exists: /home/stig/rpmbuild/mock/cauldron/x86_64/proc
DEBUG util.py:636:  child environment: None
DEBUG util.py:562:  Executing command: ['/bin/mount', '-n', '-t', 'proc', 'proc', '/home/stig/rpmbuild/mock/cauldron/x86_64/proc'] with env {'TERM': 'vt100', 'SHELL': '/bin/sh', 'HOME': '/builddir', 'HOSTNAME': 'mock', 'PATH': '/usr/bin:/bin:/usr/sbin:/sbin', 'LANG': 'en_US.UTF-8'} and shell False
DEBUG util.py:617:  Child return code was: 0
DEBUG util.py:110:  ensuring that dir exists: /home/stig/rpmbuild/mock/cauldron/x86_64/sys
DEBUG util.py:636:  child environment: None
DEBUG util.py:562:  Executing command: ['/bin/mount', '-n', '-t', 'sysfs', 'sysfs', '/home/stig/rpmbuild/mock/cauldron/x86_64/sys'] with env {'TERM': 'vt100', 'SHELL': '/bin/sh', 'HOME': '/builddir', 'HOSTNAME': 'mock', 'PATH': '/usr/bin:/bin:/usr/sbin:/sbin', 'LANG': 'en_US.UTF-8'} and shell False
DEBUG util.py:617:  Child return code was: 0
DEBUG util.py:110:  ensuring that dir exists: /home/stig/rpmbuild/mock/cauldron/x86_64/dev/shm
DEBUG util.py:636:  child environment: None
DEBUG util.py:562:  Executing command: ['/bin/mount', '-n', '-t', 'tmpfs', 'tmpfs', '/home/stig/rpmbuild/mock/cauldron/x86_64/dev/shm'] with env {'TERM': 'vt100', 'SHELL': '/bin/sh', 'HOME': '/builddir', 'HOSTNAME': 'mock', 'PATH': '/usr/bin:/bin:/usr/sbin:/sbin', 'LANG': 'en_US.UTF-8'} and shell False
DEBUG util.py:617:  Child return code was: 0
DEBUG util.py:110:  ensuring that dir exists: /home/stig/rpmbuild/mock/cauldron/x86_64/dev/pts
DEBUG util.py:636:  child environment: None
DEBUG util.py:562:  Executing command: ['/bin/mount', '-n', '-t', 'devpts', '-o', 'gid=5,mode=0620,ptmxmode=0666,newinstance', 'devpts', '/home/stig/rpmbuild/mock/cauldron/x86_64/dev/pts'] with env {'TERM': 'vt100', 'SHELL': '/bin/sh', 'HOME': '/builddir', 'HOSTNAME': 'mock', 'PATH': '/usr/bin:/bin:/usr/sbin:/sbin', 'LANG': 'en_US.UTF-8'} and shell False
DEBUG util.py:617:  Child return code was: 0
DEBUG package_manager.py:111:  ['/usr/bin/dnf', '--installroot', '/home/stig/rpmbuild/mock/cauldron/x86_64/', '-y', '--releasever', '7', '--disableplugin=local', '--setopt=deltarpm=False', 'update']
DEBUG util.py:636:  child environment: None
DEBUG util.py:562:  Executing command: ['/usr/bin/dnf', '--installroot', '/home/stig/rpmbuild/mock/cauldron/x86_64/', '-y', '--releasever', '7', '--disableplugin=local', '--setopt=deltarpm=False', 'update'] with env {'TERM': 'vt100', 'SHELL': '/bin/bash', 'HOME': '/builddir', 'HOSTNAME': 'mock', 'PATH': '/usr/bin:/bin:/usr/sbin:/sbin', 'PROMPT_COMMAND': 'printf "\\033]0;<mock-chroot>\\007"', 'PS1': '<mock-chroot> \\s-\\v\\$ ', 'LANG': 'en_US.UTF-8', 'LC_MESSAGES': 'C'} and shell False
DEBUG util.py:479:  Failed to synchronize cache for repo 'mageia-cauldron', disabling.
DEBUG util.py:479:  Dependencies resolved.
DEBUG util.py:479:  Nothing to do.
DEBUG util.py:479:  Complete!
DEBUG util.py:617:  Child return code was: 0
DEBUG util.py:636:  child environment: None
DEBUG util.py:562:  Executing command: ['/bin/umount', '-n', '-l', '/home/stig/rpmbuild/mock/cauldron/x86_64/dev/pts'] with env {'TERM': 'vt100', 'SHELL': '/bin/sh', 'HOME': '/builddir', 'HOSTNAME': 'mock', 'PATH': '/usr/bin:/bin:/usr/sbin:/sbin', 'LANG': 'en_US.UTF-8'} and shell False
DEBUG util.py:617:  Child return code was: 0
DEBUG util.py:636:  child environment: None
DEBUG util.py:562:  Executing command: ['/bin/umount', '-n', '-l', '/home/stig/rpmbuild/mock/cauldron/x86_64/dev/shm'] with env {'TERM': 'vt100', 'SHELL': '/bin/sh', 'HOME': '/builddir', 'HOSTNAME': 'mock', 'PATH': '/usr/bin:/bin:/usr/sbin:/sbin', 'LANG': 'en_US.UTF-8'} and shell False
DEBUG util.py:617:  Child return code was: 0
DEBUG util.py:636:  child environment: None
DEBUG util.py:562:  Executing command: ['/bin/umount', '-n', '-l', '/home/stig/rpmbuild/mock/cauldron/x86_64/sys'] with env {'TERM': 'vt100', 'SHELL': '/bin/sh', 'HOME': '/builddir', 'HOSTNAME': 'mock', 'PATH': '/usr/bin:/bin:/usr/sbin:/sbin', 'LANG': 'en_US.UTF-8'} and shell False
DEBUG util.py:617:  Child return code was: 0
DEBUG util.py:636:  child environment: None
DEBUG util.py:562:  Executing command: ['/bin/umount', '-n', '-l', '/home/stig/rpmbuild/mock/cauldron/x86_64/proc'] with env {'TERM': 'vt100', 'SHELL': '/bin/sh', 'HOME': '/builddir', 'HOSTNAME': 'mock', 'PATH': '/usr/bin:/bin:/usr/sbin:/sbin', 'LANG': 'en_US.UTF-8'} and shell False
DEBUG util.py:617:  Child return code was: 0
DEBUG util.py:123:  touching file: /home/stig/rpmbuild/mock/cauldron/x86_64/.initialized
DEBUG buildroot.py:367:  removing 3 rpm db files
DEBUG buildroot.py:372:  nuke_rpm_db: removing /home/stig/rpmbuild/mock/cauldron/x86_64/var/lib/rpm/__db.001
DEBUG buildroot.py:372:  nuke_rpm_db: removing /home/stig/rpmbuild/mock/cauldron/x86_64/var/lib/rpm/__db.002
DEBUG buildroot.py:372:  nuke_rpm_db: removing /home/stig/rpmbuild/mock/cauldron/x86_64/var/lib/rpm/__db.003
DEBUG util.py:636:  child environment: None
DEBUG util.py:562:  Executing command: ['/usr/bin/systemd-nspawn', '-q', '-M', '3c158a23d1df4f72a9396c504879d645', '-D', '/home/stig/rpmbuild/mock/cauldron/x86_64', '-a', '--setenv=TERM=vt100', '--setenv=SHELL=/bin/bash', '--setenv=HOME=/builddir', '--setenv=HOSTNAME=mock', '--setenv=PATH=/usr/bin:/bin:/usr/sbin:/sbin', '--setenv=PROMPT_COMMAND=printf "\\033]0;<mock-chroot>\\007"', '--setenv=PS1=<mock-chroot> \\s-\\v\\$ ', '--setenv=LANG=en_US.UTF-8', '-u', 'mockbuild', '/bin/rpm', '-Uvh', '--nodeps', '/builddir/build/originals/bazel-0.10.0-13.mga7.src.rpm'] with env {'TERM': 'vt100', 'SHELL': '/bin/bash', 'HOME': '/builddir', 'HOSTNAME': 'mock', 'PATH': '/usr/bin:/bin:/usr/sbin:/sbin', 'PROMPT_COMMAND': 'printf "\\033]0;<mock-chroot>\\007"', 'PS1': '<mock-chroot> \\s-\\v\\$ ', 'LANG': 'en_US.UTF-8'} and shell False
DEBUG util.py:317:  Unsharing. Flags: 1073741824
DEBUG util.py:317:  Unsharing. Flags: 134217728
DEBUG util.py:479:  Updating / installing...
DEBUG util.py:479:  bazel-0.10.0-13.mga7                  warning: user stig does not exist - using root
DEBUG util.py:479:  warning: group stig does not exist - using root
DEBUG util.py:479:  warning: user stig does not exist - using root
DEBUG util.py:479:  warning: group stig does not exist - using root
DEBUG util.py:479:  ########################################
DEBUG util.py:479:  warning: user stig does not exist - using root
DEBUG util.py:479:  warning: group stig does not exist - using root
DEBUG util.py:479:  warning: user stig does not exist - using root
DEBUG util.py:479:  warning: group stig does not exist - using root
DEBUG util.py:617:  Child return code was: 0
DEBUG util.py:636:  child environment: None
DEBUG util.py:562:  Executing command: ['/usr/bin/systemd-nspawn', '-q', '-M', '6e3b981189044cefa59a233cc575f335', '-D', '/home/stig/rpmbuild/mock/cauldron/x86_64', '-a', '--setenv=TERM=vt100', '--setenv=SHELL=/bin/bash', '--setenv=HOME=/builddir', '--setenv=HOSTNAME=mock', '--setenv=PATH=/usr/bin:/bin:/usr/sbin:/sbin', '--setenv=PROMPT_COMMAND=printf "\\033]0;<mock-chroot>\\007"', '--setenv=PS1=<mock-chroot> \\s-\\v\\$ ', '--setenv=LANG=en_US.UTF-8', '-u', 'mockbuild', '/bin/rpm', '-qpl', '/builddir/build/originals/bazel-0.10.0-13.mga7.src.rpm'] with env {'TERM': 'vt100', 'SHELL': '/bin/bash', 'HOME': '/builddir', 'HOSTNAME': 'mock', 'PATH': '/usr/bin:/bin:/usr/sbin:/sbin', 'PROMPT_COMMAND': 'printf "\\033]0;<mock-chroot>\\007"', 'PS1': '<mock-chroot> \\s-\\v\\$ ', 'LANG': 'en_US.UTF-8'} and shell False
DEBUG util.py:317:  Unsharing. Flags: 1073741824
DEBUG util.py:317:  Unsharing. Flags: 134217728
DEBUG util.py:479:  bazel-0.10.0-fix-arm-out-of-resources.patch
DEBUG util.py:479:  bazel-0.10.0.tar.gz
DEBUG util.py:479:  bazel-0.9.0-mga-fix-32bit-build.patch
DEBUG util.py:479:  bazel.spec
DEBUG util.py:617:  Child return code was: 0
DEBUG util.py:636:  child environment: None
DEBUG util.py:317:  Unsharing. Flags: 1073741824
DEBUG util.py:317:  Unsharing. Flags: 134217728
DEBUG util.py:110:  ensuring that dir exists: /home/stig/rpmbuild/mock/cauldron/x86_64/proc
DEBUG util.py:636:  child environment: None
DEBUG util.py:562:  Executing command: ['/bin/mount', '-n', '-t', 'proc', 'proc', '/home/stig/rpmbuild/mock/cauldron/x86_64/proc'] with env {'TERM': 'vt100', 'SHELL': '/bin/sh', 'HOME': '/builddir', 'HOSTNAME': 'mock', 'PATH': '/usr/bin:/bin:/usr/sbin:/sbin', 'LANG': 'en_US.UTF-8'} and shell False
DEBUG util.py:617:  Child return code was: 0
DEBUG util.py:110:  ensuring that dir exists: /home/stig/rpmbuild/mock/cauldron/x86_64/sys
DEBUG util.py:636:  child environment: None
DEBUG util.py:562:  Executing command: ['/bin/mount', '-n', '-t', 'sysfs', 'sysfs', '/home/stig/rpmbuild/mock/cauldron/x86_64/sys'] with env {'TERM': 'vt100', 'SHELL': '/bin/sh', 'HOME': '/builddir', 'HOSTNAME': 'mock', 'PATH': '/usr/bin:/bin:/usr/sbin:/sbin', 'LANG': 'en_US.UTF-8'} and shell False
DEBUG util.py:617:  Child return code was: 0
DEBUG util.py:110:  ensuring that dir exists: /home/stig/rpmbuild/mock/cauldron/x86_64/dev/shm
DEBUG util.py:636:  child environment: None
DEBUG util.py:562:  Executing command: ['/bin/mount', '-n', '-t', 'tmpfs', 'tmpfs', '/home/stig/rpmbuild/mock/cauldron/x86_64/dev/shm'] with env {'TERM': 'vt100', 'SHELL': '/bin/sh', 'HOME': '/builddir', 'HOSTNAME': 'mock', 'PATH': '/usr/bin:/bin:/usr/sbin:/sbin', 'LANG': 'en_US.UTF-8'} and shell False
DEBUG util.py:617:  Child return code was: 0
DEBUG util.py:110:  ensuring that dir exists: /home/stig/rpmbuild/mock/cauldron/x86_64/dev/pts
DEBUG util.py:636:  child environment: None
DEBUG util.py:562:  Executing command: ['/bin/mount', '-n', '-t', 'devpts', '-o', 'gid=5,mode=0620,ptmxmode=0666,newinstance', 'devpts', '/home/stig/rpmbuild/mock/cauldron/x86_64/dev/pts'] with env {'TERM': 'vt100', 'SHELL': '/bin/sh', 'HOME': '/builddir', 'HOSTNAME': 'mock', 'PATH': '/usr/bin:/bin:/usr/sbin:/sbin', 'LANG': 'en_US.UTF-8'} and shell False
DEBUG util.py:617:  Child return code was: 0
DEBUG package_manager.py:111:  ['/usr/bin/dnf', 'builddep', '--installroot', '/home/stig/rpmbuild/mock/cauldron/x86_64/', '--releasever', '7', '/home/stig/rpmbuild/mock/cauldron/x86_64//builddir/build/SRPMS/bazel-0.10.0-13.mga7.src.rpm']
DEBUG util.py:636:  child environment: None
DEBUG util.py:562:  Executing command: ['/usr/bin/dnf', 'builddep', '--installroot', '/home/stig/rpmbuild/mock/cauldron/x86_64/', '--releasever', '7', '/home/stig/rpmbuild/mock/cauldron/x86_64//builddir/build/SRPMS/bazel-0.10.0-13.mga7.src.rpm'] with env {'TERM': 'vt100', 'SHELL': '/bin/bash', 'HOME': '/builddir', 'HOSTNAME': 'mock', 'PATH': '/usr/bin:/bin:/usr/sbin:/sbin', 'PROMPT_COMMAND': 'printf "\\033]0;<mock-chroot>\\007"', 'PS1': '<mock-chroot> \\s-\\v\\$ ', 'LANG': 'en_US.UTF-8', 'LC_MESSAGES': 'C'} and shell False
DEBUG util.py:479:  Failed to synchronize cache for repo 'mageia-cauldron', disabling.
DEBUG util.py:479:  No matching package to install: 'bazel'
DEBUG util.py:479:  No matching package to install: 'java-devel'
DEBUG util.py:479:  No matching package to install: 'pkgconfig(bash-completion)'
DEBUG util.py:479:  No matching package to install: 'pkgconfig(zlib)'
DEBUG util.py:479:  No matching package to install: 'zip'
DEBUG util.py:479:  No matching package to install: 'zsh'
DEBUG util.py:479:  Not all dependencies satisfied
DEBUG util.py:479:  Error: Some packages could not be found.
DEBUG util.py:617:  Child return code was: 1
DEBUG util.py:636:  child environment: None
DEBUG util.py:562:  Executing command: ['/bin/umount', '-n', '-l', '/home/stig/rpmbuild/mock/cauldron/x86_64/dev/pts'] with env {'TERM': 'vt100', 'SHELL': '/bin/sh', 'HOME': '/builddir', 'HOSTNAME': 'mock', 'PATH': '/usr/bin:/bin:/usr/sbin:/sbin', 'LANG': 'en_US.UTF-8'} and shell False
DEBUG util.py:617:  Child return code was: 0
DEBUG util.py:636:  child environment: None
DEBUG util.py:562:  Executing command: ['/bin/umount', '-n', '-l', '/home/stig/rpmbuild/mock/cauldron/x86_64/dev/shm'] with env {'TERM': 'vt100', 'SHELL': '/bin/sh', 'HOME': '/builddir', 'HOSTNAME': 'mock', 'PATH': '/usr/bin:/bin:/usr/sbin:/sbin', 'LANG': 'en_US.UTF-8'} and shell False
DEBUG util.py:617:  Child return code was: 0
DEBUG util.py:636:  child environment: None
DEBUG util.py:562:  Executing command: ['/bin/umount', '-n', '-l', '/home/stig/rpmbuild/mock/cauldron/x86_64/sys'] with env {'TERM': 'vt100', 'SHELL': '/bin/sh', 'HOME': '/builddir', 'HOSTNAME': 'mock', 'PATH': '/usr/bin:/bin:/usr/sbin:/sbin', 'LANG': 'en_US.UTF-8'} and shell False
DEBUG util.py:617:  Child return code was: 0
DEBUG util.py:636:  child environment: None
DEBUG util.py:562:  Executing command: ['/bin/umount', '-n', '-l', '/home/stig/rpmbuild/mock/cauldron/x86_64/proc'] with env {'TERM': 'vt100', 'SHELL': '/bin/sh', 'HOME': '/builddir', 'HOSTNAME': 'mock', 'PATH': '/usr/bin:/bin:/usr/sbin:/sbin', 'LANG': 'en_US.UTF-8'} and shell False
DEBUG util.py:617:  Child return code was: 0
DEBUG util.py:222:  kill orphans
DEBUG util.py:636:  child environment: None
DEBUG util.py:562:  Executing command: ['/bin/umount', '-n', '/home/stig/rpmbuild/mock/cauldron/x86_64/var/cache/dnf/'] with env {'TERM': 'vt100', 'SHELL': '/bin/sh', 'HOME': '/builddir', 'HOSTNAME': 'mock', 'PATH': '/usr/bin:/bin:/usr/sbin:/sbin', 'LANG': 'en_US.UTF-8'} and shell False
DEBUG util.py:617:  Child return code was: 0
DEBUG util.py:636:  child environment: None
DEBUG util.py:562:  Executing command: ['btrfs', 'subv', 'list', '/var/lib/mock'] with env {'TERM': 'vt100', 'SHELL': '/bin/sh', 'HOME': '/builddir', 'HOSTNAME': 'mock', 'PATH': '/usr/bin:/bin:/usr/sbin:/sbin', 'LANG': 'en_US.UTF-8'} and shell False
DEBUG util.py:479:  ERROR: not a btrfs filesystem: /var/lib/mock
DEBUG util.py:479:  ERROR: can't access '/var/lib/mock'
DEBUG util.py:617:  Child return code was: 1
DEBUG util.py:1339:  Please ignore the error above above about btrfs.
INFO buildroot.py:348:  Mock Version: 1.4.8
DEBUG util.py:110:  ensuring that dir exists: /home/stig/rpmbuild/mock/cauldron/x86_64/dev/pts
DEBUG util.py:113:  creating dir: /home/stig/rpmbuild/mock/cauldron/x86_64/dev/pts
DEBUG util.py:110:  ensuring that dir exists: /home/stig/rpmbuild/mock/cauldron/x86_64/dev/shm
DEBUG util.py:113:  creating dir: /home/stig/rpmbuild/mock/cauldron/x86_64/dev/shm
DEBUG buildroot.py:479:  kernel version == 4.14.18-server-2.mga7
DEBUG util.py:123:  touching file: /home/stig/rpmbuild/mock/cauldron/x86_64/etc/fstab
DEBUG util.py:123:  touching file: /home/stig/rpmbuild/mock/cauldron/x86_64/etc/yum/yum.conf
DEBUG util.py:123:  touching file: /home/stig/rpmbuild/mock/cauldron/x86_64/etc/dnf/dnf.conf
DEBUG util.py:123:  touching file: /home/stig/rpmbuild/mock/cauldron/x86_64/var/log/yum.log
DEBUG util.py:110:  ensuring that dir exists: /home/stig/rpmbuild/mock/cauldron/x86_64/var/cache/dnf/
DEBUG util.py:636:  child environment: None
DEBUG util.py:562:  Executing command: ['/bin/mount', '-n', '--bind', '/var/cache/mock/mageia-cauldron-x86_64/dnf_cache/', '/home/stig/rpmbuild/mock/cauldron/x86_64/var/cache/dnf/'] with env {'TERM': 'vt100', 'SHELL': '/bin/sh', 'HOME': '/builddir', 'HOSTNAME': 'mock', 'PATH': '/usr/bin:/bin:/usr/sbin:/sbin', 'LANG': 'en_US.UTF-8'} and shell False
DEBUG util.py:617:  Child return code was: 0
DEBUG buildroot.py:142:  rootdir = /home/stig/rpmbuild/mock/cauldron/x86_64
DEBUG buildroot.py:143:  resultdir = mock
DEBUG util.py:110:  ensuring that dir exists: /home/stig/rpmbuild/mock/cauldron/x86_64/etc/pki/mock
DEBUG util.py:110:  ensuring that dir exists: /home/stig/rpmbuild/mock/cauldron/x86_64/etc/dnf
DEBUG util.py:636:  child environment: None
DEBUG util.py:562:  Executing command: ['/usr/bin/systemd-nspawn', '-q', '-M', '1e04524ddc474e44ae7a1dd7ce42f00a', '-D', '/home/stig/rpmbuild/mock/cauldron/x86_64', '-a', '--setenv=TERM=vt100', '--setenv=SHELL=/bin/bash', '--setenv=HOME=/builddir', '--setenv=HOSTNAME=mock', '--setenv=PATH=/usr/bin:/bin:/usr/sbin:/sbin', '--setenv=PROMPT_COMMAND=printf "\\033]0;<mock-chroot>\\007"', '--setenv=PS1=<mock-chroot> \\s-\\v\\$ ', '--setenv=LANG=en_US.UTF-8', '/usr/sbin/userdel', '-r', '-f', 'mockbuild'] with env {'TERM': 'vt100', 'SHELL': '/bin/bash', 'HOME': '/builddir', 'HOSTNAME': 'mock', 'PATH': '/usr/bin:/bin:/usr/sbin:/sbin', 'PROMPT_COMMAND': 'printf "\\033]0;<mock-chroot>\\007"', 'PS1': '<mock-chroot> \\s-\\v\\$ ', 'LANG': 'en_US.UTF-8'} and shell False
DEBUG util.py:317:  Unsharing. Flags: 134217728
DEBUG util.py:479:  userdel: mockbuild mail spool (/var/spool/mail/mockbuild) not found
DEBUG util.py:617:  Child return code was: 0
DEBUG util.py:636:  child environment: None
DEBUG util.py:562:  Executing command: ['/usr/bin/systemd-nspawn', '-q', '-M', 'b256cb803043420cb185383706622d81', '-D', '/home/stig/rpmbuild/mock/cauldron/x86_64', '-a', '--setenv=TERM=vt100', '--setenv=SHELL=/bin/bash', '--setenv=HOME=/builddir', '--setenv=HOSTNAME=mock', '--setenv=PATH=/usr/bin:/bin:/usr/sbin:/sbin', '--setenv=PROMPT_COMMAND=printf "\\033]0;<mock-chroot>\\007"', '--setenv=PS1=<mock-chroot> \\s-\\v\\$ ', '--setenv=LANG=en_US.UTF-8', '/usr/sbin/groupdel', 'mock'] with env {'TERM': 'vt100', 'SHELL': '/bin/bash', 'HOME': '/builddir', 'HOSTNAME': 'mock', 'PATH': '/usr/bin:/bin:/usr/sbin:/sbin', 'PROMPT_COMMAND': 'printf "\\033]0;<mock-chroot>\\007"', 'PS1': '<mock-chroot> \\s-\\v\\$ ', 'LANG': 'en_US.UTF-8'} and shell False
DEBUG util.py:317:  Unsharing. Flags: 134217728
DEBUG util.py:617:  Child return code was: 0
DEBUG util.py:636:  child environment: None
DEBUG util.py:562:  Executing command: ['/usr/bin/systemd-nspawn', '-q', '-M', 'b1175861d71f44d4aaaafa848d54794c', '-D', '/home/stig/rpmbuild/mock/cauldron/x86_64', '-a', '--setenv=TERM=vt100', '--setenv=SHELL=/bin/bash', '--setenv=HOME=/builddir', '--setenv=HOSTNAME=mock', '--setenv=PATH=/usr/bin:/bin:/usr/sbin:/sbin', '--setenv=PROMPT_COMMAND=printf "\\033]0;<mock-chroot>\\007"', '--setenv=PS1=<mock-chroot> \\s-\\v\\$ ', '--setenv=LANG=en_US.UTF-8', '/usr/sbin/groupadd', '-g', '135', 'mock'] with env {'TERM': 'vt100', 'SHELL': '/bin/bash', 'HOME': '/builddir', 'HOSTNAME': 'mock', 'PATH': '/usr/bin:/bin:/usr/sbin:/sbin', 'PROMPT_COMMAND': 'printf "\\033]0;<mock-chroot>\\007"', 'PS1': '<mock-chroot> \\s-\\v\\$ ', 'LANG': 'en_US.UTF-8'} and shell False
DEBUG util.py:317:  Unsharing. Flags: 134217728
DEBUG util.py:617:  Child return code was: 0
DEBUG util.py:636:  child environment: None
DEBUG util.py:562:  Executing command: ['/usr/bin/systemd-nspawn', '-q', '-M', 'a834e9fa006943e28c4e9c4bf9b32014', '-D', '/home/stig/rpmbuild/mock/cauldron/x86_64', '-a', '--setenv=TERM=vt100', '--setenv=SHELL=/bin/bash', '--setenv=HOME=/builddir', '--setenv=HOSTNAME=mock', '--setenv=PATH=/usr/bin:/bin:/usr/sbin:/sbin', '--setenv=PROMPT_COMMAND=printf "\\033]0;<mock-chroot>\\007"', '--setenv=PS1=<mock-chroot> \\s-\\v\\$ ', '--setenv=LANG=en_US.UTF-8', '/usr/sbin/useradd', '-o', '-m', '-u', '1000', '-g', '135', '-d', '/builddir', 'mockbuild'] with env {'TERM': 'vt100', 'SHELL': '/bin/bash', 'HOME': '/builddir', 'HOSTNAME': 'mock', 'PATH': '/usr/bin:/bin:/usr/sbin:/sbin', 'PROMPT_COMMAND': 'printf "\\033]0;<mock-chroot>\\007"', 'PS1': '<mock-chroot> \\s-\\v\\$ ', 'LANG': 'en_US.UTF-8'} and shell False
DEBUG util.py:317:  Unsharing. Flags: 134217728
DEBUG util.py:617:  Child return code was: 0
DEBUG util.py:110:  ensuring that dir exists: /home/stig/rpmbuild/mock/cauldron/x86_64/builddir/build/RPMS
DEBUG util.py:113:  creating dir: /home/stig/rpmbuild/mock/cauldron/x86_64/builddir/build/RPMS
DEBUG util.py:110:  ensuring that dir exists: /home/stig/rpmbuild/mock/cauldron/x86_64/builddir/build/SPECS
DEBUG util.py:113:  creating dir: /home/stig/rpmbuild/mock/cauldron/x86_64/builddir/build/SPECS
DEBUG util.py:110:  ensuring that dir exists: /home/stig/rpmbuild/mock/cauldron/x86_64/builddir/build/SRPMS
DEBUG util.py:113:  creating dir: /home/stig/rpmbuild/mock/cauldron/x86_64/builddir/build/SRPMS
DEBUG util.py:110:  ensuring that dir exists: /home/stig/rpmbuild/mock/cauldron/x86_64/builddir/build/SOURCES
DEBUG util.py:113:  creating dir: /home/stig/rpmbuild/mock/cauldron/x86_64/builddir/build/SOURCES
DEBUG util.py:110:  ensuring that dir exists: /home/stig/rpmbuild/mock/cauldron/x86_64/builddir/build/BUILD
DEBUG util.py:113:  creating dir: /home/stig/rpmbuild/mock/cauldron/x86_64/builddir/build/BUILD
DEBUG util.py:110:  ensuring that dir exists: /home/stig/rpmbuild/mock/cauldron/x86_64/builddir/build/BUILDROOT
DEBUG util.py:113:  creating dir: /home/stig/rpmbuild/mock/cauldron/x86_64/builddir/build/BUILDROOT
DEBUG util.py:110:  ensuring that dir exists: /home/stig/rpmbuild/mock/cauldron/x86_64/builddir/build/originals
DEBUG util.py:113:  creating dir: /home/stig/rpmbuild/mock/cauldron/x86_64/builddir/build/originals
DEBUG util.py:110:  ensuring that dir exists: /home/stig/rpmbuild/mock/cauldron/x86_64/proc
DEBUG util.py:636:  child environment: None
DEBUG util.py:562:  Executing command: ['/bin/mount', '-n', '-t', 'proc', 'proc', '/home/stig/rpmbuild/mock/cauldron/x86_64/proc'] with env {'TERM': 'vt100', 'SHELL': '/bin/sh', 'HOME': '/builddir', 'HOSTNAME': 'mock', 'PATH': '/usr/bin:/bin:/usr/sbin:/sbin', 'LANG': 'en_US.UTF-8'} and shell False
DEBUG util.py:617:  Child return code was: 0
DEBUG util.py:110:  ensuring that dir exists: /home/stig/rpmbuild/mock/cauldron/x86_64/sys
DEBUG util.py:636:  child environment: None
DEBUG util.py:562:  Executing command: ['/bin/mount', '-n', '-t', 'sysfs', 'sysfs', '/home/stig/rpmbuild/mock/cauldron/x86_64/sys'] with env {'TERM': 'vt100', 'SHELL': '/bin/sh', 'HOME': '/builddir', 'HOSTNAME': 'mock', 'PATH': '/usr/bin:/bin:/usr/sbin:/sbin', 'LANG': 'en_US.UTF-8'} and shell False
DEBUG util.py:617:  Child return code was: 0
DEBUG util.py:110:  ensuring that dir exists: /home/stig/rpmbuild/mock/cauldron/x86_64/dev/shm
DEBUG util.py:636:  child environment: None
DEBUG util.py:562:  Executing command: ['/bin/mount', '-n', '-t', 'tmpfs', 'tmpfs', '/home/stig/rpmbuild/mock/cauldron/x86_64/dev/shm'] with env {'TERM': 'vt100', 'SHELL': '/bin/sh', 'HOME': '/builddir', 'HOSTNAME': 'mock', 'PATH': '/usr/bin:/bin:/usr/sbin:/sbin', 'LANG': 'en_US.UTF-8'} and shell False
DEBUG util.py:617:  Child return code was: 0
DEBUG util.py:110:  ensuring that dir exists: /home/stig/rpmbuild/mock/cauldron/x86_64/dev/pts
DEBUG util.py:636:  child environment: None
DEBUG util.py:562:  Executing command: ['/bin/mount', '-n', '-t', 'devpts', '-o', 'gid=5,mode=0620,ptmxmode=0666,newinstance', 'devpts', '/home/stig/rpmbuild/mock/cauldron/x86_64/dev/pts'] with env {'TERM': 'vt100', 'SHELL': '/bin/sh', 'HOME': '/builddir', 'HOSTNAME': 'mock', 'PATH': '/usr/bin:/bin:/usr/sbin:/sbin', 'LANG': 'en_US.UTF-8'} and shell False
DEBUG util.py:617:  Child return code was: 0
DEBUG package_manager.py:111:  ['/usr/bin/dnf', '--installroot', '/home/stig/rpmbuild/mock/cauldron/x86_64/', '-y', '--releasever', '7', '--disableplugin=local', '--setopt=deltarpm=False', 'update']
DEBUG util.py:636:  child environment: None
DEBUG util.py:562:  Executing command: ['/usr/bin/dnf', '--installroot', '/home/stig/rpmbuild/mock/cauldron/x86_64/', '-y', '--releasever', '7', '--disableplugin=local', '--setopt=deltarpm=False', 'update'] with env {'TERM': 'vt100', 'SHELL': '/bin/bash', 'HOME': '/builddir', 'HOSTNAME': 'mock', 'PATH': '/usr/bin:/bin:/usr/sbin:/sbin', 'PROMPT_COMMAND': 'printf "\\033]0;<mock-chroot>\\007"', 'PS1': '<mock-chroot> \\s-\\v\\$ ', 'LANG': 'en_US.UTF-8', 'LC_MESSAGES': 'C'} and shell False
DEBUG util.py:479:  Mageia Cauldron - x86_64                                             40 MB/s |  41 MB     00:01    
DEBUG util.py:479:  Last metadata expiration check: 0:00:09 ago on Sun 11 Feb 2018 08:52:08 PM CET.
DEBUG util.py:479:  Dependencies resolved.
DEBUG util.py:479:  ====================================================================================================
DEBUG util.py:479:   Package            Arch                Version                  Repository                    Size
DEBUG util.py:479:  ====================================================================================================
DEBUG util.py:479:  Upgrading:
DEBUG util.py:479:   unzip              x86_64              6.0-19.mga7              mageia-cauldron              267 k
DEBUG util.py:479:  Transaction Summary
DEBUG util.py:479:  ====================================================================================================
DEBUG util.py:479:  Upgrade  1 Package
DEBUG util.py:479:  Total download size: 267 k
DEBUG util.py:479:  Downloading Packages:
DEBUG util.py:479:  unzip-6.0-19.mga7.x86_64.rpm                                        1.0 MB/s | 267 kB     00:00    
DEBUG util.py:479:  ----------------------------------------------------------------------------------------------------
DEBUG util.py:479:  Total                                                               1.0 MB/s | 267 kB     00:00     
DEBUG util.py:479:  Running transaction check
DEBUG util.py:479:  Transaction check succeeded.
DEBUG util.py:479:  Running transaction test
DEBUG util.py:479:  Transaction test succeeded.
DEBUG util.py:479:  Running transaction
DEBUG util.py:479:    Preparing        :                                                                            1/1 
DEBUG util.py:479:    Upgrading        : unzip-6.0-19.mga7.x86_64                                                   1/2 
DEBUG util.py:479:    Cleanup          : unzip-6.0-18.mga7.x86_64                                                   2/2 
DEBUG util.py:479:    Verifying        : unzip-6.0-19.mga7.x86_64                                                   1/2 
DEBUG util.py:479:    Verifying        : unzip-6.0-18.mga7.x86_64                                                   2/2 
DEBUG util.py:479:  Upgraded:
DEBUG util.py:479:    unzip.x86_64 6.0-19.mga7                                                                          
DEBUG util.py:479:  Complete!
DEBUG util.py:617:  Child return code was: 0
DEBUG util.py:636:  child environment: None
DEBUG util.py:562:  Executing command: ['/bin/umount', '-n', '-l', '/home/stig/rpmbuild/mock/cauldron/x86_64/dev/pts'] with env {'TERM': 'vt100', 'SHELL': '/bin/sh', 'HOME': '/builddir', 'HOSTNAME': 'mock', 'PATH': '/usr/bin:/bin:/usr/sbin:/sbin', 'LANG': 'en_US.UTF-8'} and shell False
DEBUG util.py:617:  Child return code was: 0
DEBUG util.py:636:  child environment: None
DEBUG util.py:562:  Executing command: ['/bin/umount', '-n', '-l', '/home/stig/rpmbuild/mock/cauldron/x86_64/dev/shm'] with env {'TERM': 'vt100', 'SHELL': '/bin/sh', 'HOME': '/builddir', 'HOSTNAME': 'mock', 'PATH': '/usr/bin:/bin:/usr/sbin:/sbin', 'LANG': 'en_US.UTF-8'} and shell False
DEBUG util.py:617:  Child return code was: 0
DEBUG util.py:636:  child environment: None
DEBUG util.py:562:  Executing command: ['/bin/umount', '-n', '-l', '/home/stig/rpmbuild/mock/cauldron/x86_64/sys'] with env {'TERM': 'vt100', 'SHELL': '/bin/sh', 'HOME': '/builddir', 'HOSTNAME': 'mock', 'PATH': '/usr/bin:/bin:/usr/sbin:/sbin', 'LANG': 'en_US.UTF-8'} and shell False
DEBUG util.py:617:  Child return code was: 0
DEBUG util.py:636:  child environment: None
DEBUG util.py:562:  Executing command: ['/bin/umount', '-n', '-l', '/home/stig/rpmbuild/mock/cauldron/x86_64/proc'] with env {'TERM': 'vt100', 'SHELL': '/bin/sh', 'HOME': '/builddir', 'HOSTNAME': 'mock', 'PATH': '/usr/bin:/bin:/usr/sbin:/sbin', 'LANG': 'en_US.UTF-8'} and shell False
DEBUG util.py:617:  Child return code was: 0
DEBUG util.py:123:  touching file: /home/stig/rpmbuild/mock/cauldron/x86_64/.initialized
DEBUG util.py:636:  child environment: None
DEBUG util.py:562:  Executing command: ['/usr/bin/systemd-nspawn', '-q', '-M', '01a386a946104be79921d3538fe737a5', '-D', '/home/stig/rpmbuild/mock/cauldron/x86_64', '-a', '--setenv=TERM=vt100', '--setenv=SHELL=/bin/bash', '--setenv=HOME=/builddir', '--setenv=HOSTNAME=mock', '--setenv=PATH=/usr/bin:/bin:/usr/sbin:/sbin', '--setenv=PROMPT_COMMAND=printf "\\033]0;<mock-chroot>\\007"', '--setenv=PS1=<mock-chroot> \\s-\\v\\$ ', '--setenv=LANG=en_US.UTF-8', '-u', 'mockbuild', '/bin/rpm', '-Uvh', '--nodeps', '/builddir/build/originals/bazel-0.10.0-13.mga7.src.rpm'] with env {'TERM': 'vt100', 'SHELL': '/bin/bash', 'HOME': '/builddir', 'HOSTNAME': 'mock', 'PATH': '/usr/bin:/bin:/usr/sbin:/sbin', 'PROMPT_COMMAND': 'printf "\\033]0;<mock-chroot>\\007"', 'PS1': '<mock-chroot> \\s-\\v\\$ ', 'LANG': 'en_US.UTF-8'} and shell False
DEBUG util.py:317:  Unsharing. Flags: 1073741824
DEBUG util.py:317:  Unsharing. Flags: 134217728
DEBUG util.py:479:  Updating / installing...
DEBUG util.py:479:  bazel-0.10.0-13.mga7                  warning: user stig does not exist - using root
DEBUG util.py:479:  warning: group stig does not exist - using root
DEBUG util.py:479:  warning: user stig does not exist - using root
DEBUG util.py:479:  warning: group stig does not exist - using root
DEBUG util.py:479:  ########################################
DEBUG util.py:479:  warning: user stig does not exist - using root
DEBUG util.py:479:  warning: group stig does not exist - using root
DEBUG util.py:479:  warning: user stig does not exist - using root
DEBUG util.py:479:  warning: group stig does not exist - using root
DEBUG util.py:617:  Child return code was: 0
DEBUG util.py:636:  child environment: None
DEBUG util.py:562:  Executing command: ['/usr/bin/systemd-nspawn', '-q', '-M', '3280b233d42a44fca142f9e8dbe6a07c', '-D', '/home/stig/rpmbuild/mock/cauldron/x86_64', '-a', '--setenv=TERM=vt100', '--setenv=SHELL=/bin/bash', '--setenv=HOME=/builddir', '--setenv=HOSTNAME=mock', '--setenv=PATH=/usr/bin:/bin:/usr/sbin:/sbin', '--setenv=PROMPT_COMMAND=printf "\\033]0;<mock-chroot>\\007"', '--setenv=PS1=<mock-chroot> \\s-\\v\\$ ', '--setenv=LANG=en_US.UTF-8', '-u', 'mockbuild', '/bin/rpm', '-qpl', '/builddir/build/originals/bazel-0.10.0-13.mga7.src.rpm'] with env {'TERM': 'vt100', 'SHELL': '/bin/bash', 'HOME': '/builddir', 'HOSTNAME': 'mock', 'PATH': '/usr/bin:/bin:/usr/sbin:/sbin', 'PROMPT_COMMAND': 'printf "\\033]0;<mock-chroot>\\007"', 'PS1': '<mock-chroot> \\s-\\v\\$ ', 'LANG': 'en_US.UTF-8'} and shell False
DEBUG util.py:317:  Unsharing. Flags: 1073741824
DEBUG util.py:317:  Unsharing. Flags: 134217728
DEBUG util.py:479:  bazel-0.10.0-fix-arm-out-of-resources.patch
DEBUG util.py:479:  bazel-0.10.0.tar.gz
DEBUG util.py:479:  bazel-0.9.0-mga-fix-32bit-build.patch
DEBUG util.py:479:  bazel.spec
DEBUG util.py:617:  Child return code was: 0
DEBUG util.py:636:  child environment: None
DEBUG util.py:317:  Unsharing. Flags: 1073741824
DEBUG util.py:317:  Unsharing. Flags: 134217728
DEBUG util.py:110:  ensuring that dir exists: /home/stig/rpmbuild/mock/cauldron/x86_64/proc
DEBUG util.py:636:  child environment: None
DEBUG util.py:562:  Executing command: ['/bin/mount', '-n', '-t', 'proc', 'proc', '/home/stig/rpmbuild/mock/cauldron/x86_64/proc'] with env {'TERM': 'vt100', 'SHELL': '/bin/sh', 'HOME': '/builddir', 'HOSTNAME': 'mock', 'PATH': '/usr/bin:/bin:/usr/sbin:/sbin', 'LANG': 'en_US.UTF-8'} and shell False
DEBUG util.py:617:  Child return code was: 0
DEBUG util.py:110:  ensuring that dir exists: /home/stig/rpmbuild/mock/cauldron/x86_64/sys
DEBUG util.py:636:  child environment: None
DEBUG util.py:562:  Executing command: ['/bin/mount', '-n', '-t', 'sysfs', 'sysfs', '/home/stig/rpmbuild/mock/cauldron/x86_64/sys'] with env {'TERM': 'vt100', 'SHELL': '/bin/sh', 'HOME': '/builddir', 'HOSTNAME': 'mock', 'PATH': '/usr/bin:/bin:/usr/sbin:/sbin', 'LANG': 'en_US.UTF-8'} and shell False
DEBUG util.py:617:  Child return code was: 0
DEBUG util.py:110:  ensuring that dir exists: /home/stig/rpmbuild/mock/cauldron/x86_64/dev/shm
DEBUG util.py:636:  child environment: None
DEBUG util.py:562:  Executing command: ['/bin/mount', '-n', '-t', 'tmpfs', 'tmpfs', '/home/stig/rpmbuild/mock/cauldron/x86_64/dev/shm'] with env {'TERM': 'vt100', 'SHELL': '/bin/sh', 'HOME': '/builddir', 'HOSTNAME': 'mock', 'PATH': '/usr/bin:/bin:/usr/sbin:/sbin', 'LANG': 'en_US.UTF-8'} and shell False
DEBUG util.py:617:  Child return code was: 0
DEBUG util.py:110:  ensuring that dir exists: /home/stig/rpmbuild/mock/cauldron/x86_64/dev/pts
DEBUG util.py:636:  child environment: None
DEBUG util.py:562:  Executing command: ['/bin/mount', '-n', '-t', 'devpts', '-o', 'gid=5,mode=0620,ptmxmode=0666,newinstance', 'devpts', '/home/stig/rpmbuild/mock/cauldron/x86_64/dev/pts'] with env {'TERM': 'vt100', 'SHELL': '/bin/sh', 'HOME': '/builddir', 'HOSTNAME': 'mock', 'PATH': '/usr/bin:/bin:/usr/sbin:/sbin', 'LANG': 'en_US.UTF-8'} and shell False
DEBUG util.py:617:  Child return code was: 0
DEBUG package_manager.py:111:  ['/usr/bin/dnf', 'builddep', '--installroot', '/home/stig/rpmbuild/mock/cauldron/x86_64/', '--releasever', '7', '/home/stig/rpmbuild/mock/cauldron/x86_64//builddir/build/SRPMS/bazel-0.10.0-13.mga7.src.rpm']
DEBUG util.py:636:  child environment: None
DEBUG util.py:562:  Executing command: ['/usr/bin/dnf', 'builddep', '--installroot', '/home/stig/rpmbuild/mock/cauldron/x86_64/', '--releasever', '7', '/home/stig/rpmbuild/mock/cauldron/x86_64//builddir/build/SRPMS/bazel-0.10.0-13.mga7.src.rpm'] with env {'TERM': 'vt100', 'SHELL': '/bin/bash', 'HOME': '/builddir', 'HOSTNAME': 'mock', 'PATH': '/usr/bin:/bin:/usr/sbin:/sbin', 'PROMPT_COMMAND': 'printf "\\033]0;<mock-chroot>\\007"', 'PS1': '<mock-chroot> \\s-\\v\\$ ', 'LANG': 'en_US.UTF-8', 'LC_MESSAGES': 'C'} and shell False
DEBUG util.py:479:  Last metadata expiration check: 0:00:00 ago on Sun 11 Feb 2018 08:52:25 PM CET.
DEBUG util.py:479:  Dependencies resolved.
DEBUG util.py:479:  ====================================================================================================
DEBUG util.py:479:   Package                         Arch       Version                       Repository           Size
DEBUG util.py:479:  ====================================================================================================
DEBUG util.py:479:  Installing:
DEBUG util.py:479:   bash-completion                 noarch     2:2.7-2.mga7                  mageia-cauldron     224 k
DEBUG util.py:479:   bazel                           x86_64     0.10.0-12.mga7                mageia-cauldron      85 M
DEBUG util.py:479:   java-1.8.0-openjdk-devel        x86_64     1:1.8.0.161-1.b14.1.mga7      mageia-cauldron     8.8 M
DEBUG util.py:479:   lib64zlib-devel                 x86_64     1.2.11-5.mga7                 mageia-cauldron     258 k
DEBUG util.py:479:   zip                             x86_64     3.0-10.mga7                   mageia-cauldron     248 k
DEBUG util.py:479:   zsh                             x86_64     1:5.4.2-1.mga7                mageia-cauldron     2.8 M
DEBUG util.py:479:  Installing dependencies:
DEBUG util.py:479:   copy-jdk-configs                noarch     3.3-3.mga7                    mageia-cauldron      24 k
DEBUG util.py:479:   fontconfig                      x86_64     2.12.6-1.mga7                 mageia-cauldron     111 k
DEBUG util.py:479:   java-1.8.0-openjdk              x86_64     1:1.8.0.161-1.b14.1.mga7      mageia-cauldron     195 k
DEBUG util.py:479:   java-1.8.0-openjdk-headless     x86_64     1:1.8.0.161-1.b14.1.mga7      mageia-cauldron      28 M
DEBUG util.py:479:   javapackages-tools              noarch     5.0.0-4.mga7                  mageia-cauldron      33 k
DEBUG util.py:479:   lib64alsa2                      x86_64     2:1.1.5-1.mga7                mageia-cauldron     393 k
DEBUG util.py:479:   lib64bsd0                       x86_64     0.8.3-1.mga6                  mageia-cauldron      42 k
DEBUG util.py:479:   lib64fontconfig1                x86_64     2.12.6-1.mga7                 mageia-cauldron     117 k
DEBUG util.py:479:   lib64fontenc1                   x86_64     1.1.3-2.mga6                  mageia-cauldron      18 k
DEBUG util.py:479:   lib64freetype6                  x86_64     2.8.1-1.mga7                  mageia-cauldron     299 k
DEBUG util.py:479:   lib64gif7                       x86_64     5.1.4-1.mga6                  mageia-cauldron      44 k
DEBUG util.py:479:   lib64jpeg8                      x86_64     1:1.5.3-1.mga7                mageia-cauldron     185 k
DEBUG util.py:479:   lib64png16_16                   x86_64     2:1.6.34-1.mga7               mageia-cauldron     175 k
DEBUG util.py:479:   lib64sctp1                      x86_64     1.0.17-1.mga7                 mageia-cauldron      44 k
DEBUG util.py:479:   lib64x11_6                      x86_64     1.6.5-1.mga6                  mageia-cauldron     562 k
DEBUG util.py:479:   lib64xau6                       x86_64     1.0.8-7.mga6                  mageia-cauldron      12 k
DEBUG util.py:479:   lib64xcb1                       x86_64     1.12-2.mga6                   mageia-cauldron      45 k
DEBUG util.py:479:   lib64xcomposite1                x86_64     0.4.4-8.mga6                  mageia-cauldron      12 k
DEBUG util.py:479:   lib64xdmcp6                     x86_64     1.1.2-5.mga6                  mageia-cauldron      15 k
DEBUG util.py:479:   lib64xext6                      x86_64     1:1.3.3-4.mga6                mageia-cauldron      55 k
DEBUG util.py:479:   lib64xi6                        x86_64     1.7.9-1.mga6                  mageia-cauldron      32 k
DEBUG util.py:479:   lib64xrender1                   x86_64     0.9.10-1.mga6                 mageia-cauldron      22 k
DEBUG util.py:479:   lib64xtst6                      x86_64     1.2.3-1.mga6                  mageia-cauldron      16 k
DEBUG util.py:479:   libalsa-data                    noarch     2:1.1.5-1.mga7                mageia-cauldron      62 k
DEBUG util.py:479:   lksctp-tools                    x86_64     1.0.17-1.mga7                 mageia-cauldron      45 k
DEBUG util.py:479:   lua                             x86_64     5.2.4-2.mga7                  mageia-cauldron     192 k
DEBUG util.py:479:   lua-posix                       x86_64     33.3.1-2.mga6                 mageia-cauldron     165 k
DEBUG util.py:479:   mkfontdir                       noarch     1.0.7-8.mga6                  mageia-cauldron     7.2 k
DEBUG util.py:479:   mkfontscale                     x86_64     1.1.2-3.mga6                  mageia-cauldron      24 k
DEBUG util.py:479:   rootcerts-java                  noarch     1:20180104.00-1.mga7          mageia-cauldron     130 k
DEBUG util.py:479:   timezone-java                   noarch     6:2017b-1.mga6                mageia-cauldron     145 k
DEBUG util.py:479:   x11-font-bitstream-type1        noarch     1.0.3-6.mga6                  mageia-cauldron     308 k
DEBUG util.py:479:   x11-font-type1                  noarch     1.0.0-13.mga6                 mageia-cauldron     6.1 k
DEBUG util.py:479:   x11-font-xfree86-type1          noarch     1.0.4-6.mga6                  mageia-cauldron      36 k
DEBUG util.py:479:  Transaction Summary
DEBUG util.py:479:  ====================================================================================================
DEBUG util.py:479:  Install  40 Packages
DEBUG util.py:479:  Total size: 129 M
DEBUG util.py:479:  Total download size: 85 M
DEBUG util.py:479:  Installed size: 251 M
DEBUG util.py:479:  Downloading Packages:
DEBUG util.py:479:  [SKIPPED] java-1.8.0-openjdk-devel-1.8.0.161-1.b14.1.mga7.x86_64.rpm: Already downloaded           
DEBUG util.py:479:  [SKIPPED] bash-completion-2.7-2.mga7.noarch.rpm: Already downloaded                                
DEBUG util.py:479:  [SKIPPED] lib64zlib-devel-1.2.11-5.mga7.x86_64.rpm: Already downloaded                             
DEBUG util.py:479:  [SKIPPED] zip-3.0-10.mga7.x86_64.rpm: Already downloaded                                           
DEBUG util.py:479:  [SKIPPED] zsh-5.4.2-1.mga7.x86_64.rpm: Already downloaded                                          
DEBUG util.py:479:  [SKIPPED] java-1.8.0-openjdk-headless-1.8.0.161-1.b14.1.mga7.x86_64.rpm: Already downloaded        
DEBUG util.py:479:  [SKIPPED] java-1.8.0-openjdk-1.8.0.161-1.b14.1.mga7.x86_64.rpm: Already downloaded                 
DEBUG util.py:479:  [SKIPPED] copy-jdk-configs-3.3-3.mga7.noarch.rpm: Already downloaded                               
DEBUG util.py:479:  [SKIPPED] lib64freetype6-2.8.1-1.mga7.x86_64.rpm: Already downloaded                               
DEBUG util.py:479:  [SKIPPED] lib64jpeg8-1.5.3-1.mga7.x86_64.rpm: Already downloaded                                   
DEBUG util.py:479:  [SKIPPED] lksctp-tools-1.0.17-1.mga7.x86_64.rpm: Already downloaded                                
DEBUG util.py:479:  [SKIPPED] rootcerts-java-20180104.00-1.mga7.noarch.rpm: Already downloaded                         
DEBUG util.py:479:  [SKIPPED] timezone-java-2017b-1.mga6.noarch.rpm: Already downloaded                                
DEBUG util.py:479:  [SKIPPED] fontconfig-2.12.6-1.mga7.x86_64.rpm: Already downloaded                                  
DEBUG util.py:479:  [SKIPPED] lib64alsa2-1.1.5-1.mga7.x86_64.rpm: Already downloaded                                   
DEBUG util.py:479:  [SKIPPED] lib64gif7-5.1.4-1.mga6.x86_64.rpm: Already downloaded                                    
DEBUG util.py:479:  [SKIPPED] lib64png16_16-1.6.34-1.mga7.x86_64.rpm: Already downloaded                               
DEBUG util.py:479:  [SKIPPED] lib64x11_6-1.6.5-1.mga6.x86_64.rpm: Already downloaded                                   
DEBUG util.py:479:  [SKIPPED] lib64xcomposite1-0.4.4-8.mga6.x86_64.rpm: Already downloaded                             
DEBUG util.py:479:  [SKIPPED] lib64xext6-1.3.3-4.mga6.x86_64.rpm: Already downloaded                                   
DEBUG util.py:479:  [SKIPPED] lib64xi6-1.7.9-1.mga6.x86_64.rpm: Already downloaded                                     
DEBUG util.py:479:  [SKIPPED] lib64xrender1-0.9.10-1.mga6.x86_64.rpm: Already downloaded                               
DEBUG util.py:479:  [SKIPPED] lib64xtst6-1.2.3-1.mga6.x86_64.rpm: Already downloaded                                   
DEBUG util.py:479:  [SKIPPED] x11-font-type1-1.0.0-13.mga6.noarch.rpm: Already downloaded                              
DEBUG util.py:479:  [SKIPPED] lua-5.2.4-2.mga7.x86_64.rpm: Already downloaded                                          
DEBUG util.py:479:  [SKIPPED] lua-posix-33.3.1-2.mga6.x86_64.rpm: Already downloaded                                   
DEBUG util.py:479:  [SKIPPED] lib64sctp1-1.0.17-1.mga7.x86_64.rpm: Already downloaded                                  
DEBUG util.py:479:  [SKIPPED] lib64fontconfig1-2.12.6-1.mga7.x86_64.rpm: Already downloaded                            
DEBUG util.py:479:  [SKIPPED] libalsa-data-1.1.5-1.mga7.noarch.rpm: Already downloaded                                 
DEBUG util.py:479:  [SKIPPED] lib64xcb1-1.12-2.mga6.x86_64.rpm: Already downloaded                                     
DEBUG util.py:479:  [SKIPPED] x11-font-bitstream-type1-1.0.3-6.mga6.noarch.rpm: Already downloaded                     
DEBUG util.py:479:  [SKIPPED] x11-font-xfree86-type1-1.0.4-6.mga6.noarch.rpm: Already downloaded                       
DEBUG util.py:479:  [SKIPPED] lib64xau6-1.0.8-7.mga6.x86_64.rpm: Already downloaded                                    
DEBUG util.py:479:  [SKIPPED] lib64xdmcp6-1.1.2-5.mga6.x86_64.rpm: Already downloaded                                  
DEBUG util.py:479:  [SKIPPED] mkfontdir-1.0.7-8.mga6.noarch.rpm: Already downloaded                                    
DEBUG util.py:479:  [SKIPPED] mkfontscale-1.1.2-3.mga6.x86_64.rpm: Already downloaded                                  
DEBUG util.py:479:  [SKIPPED] lib64bsd0-0.8.3-1.mga6.x86_64.rpm: Already downloaded                                    
DEBUG util.py:479:  [SKIPPED] lib64fontenc1-1.1.3-2.mga6.x86_64.rpm: Already downloaded                                
DEBUG util.py:479:  (39/40): javapackages-tools-5.0.0-4.mga7.noarch.rpm                 163 kB/s |  33 kB     00:00    
DEBUG util.py:479:  (40/40): bazel-0.10.0-12.mga7.x86_64.rpm                             44 MB/s |  85 MB     00:01    
DEBUG util.py:479:  ----------------------------------------------------------------------------------------------------
DEBUG util.py:479:  Total                                                                44 MB/s |  85 MB     00:01     
DEBUG util.py:479:  Running transaction check
DEBUG util.py:479:  Transaction check succeeded.
DEBUG util.py:479:  Running transaction test
DEBUG util.py:479:  Transaction test succeeded.
DEBUG util.py:479:  Running transaction
DEBUG util.py:479:    Running scriptlet: copy-jdk-configs-3.3-3.mga7.noarch                                         1/1 
DEBUG util.py:479:    Running scriptlet: java-1.8.0-openjdk-headless-1:1.8.0.161-1.b14.1.mga7.x86_64                1/1 
DEBUG util.py:479:    Preparing        :                                                                            1/1 
DEBUG util.py:479:    Installing       : lua-5.2.4-2.mga7.x86_64                                                   1/40 
DEBUG util.py:479:    Running scriptlet: lua-5.2.4-2.mga7.x86_64                                                   1/40 
DEBUG util.py:479:    Installing       : lib64png16_16-2:1.6.34-1.mga7.x86_64                                      2/40 
DEBUG util.py:479:    Installing       : lib64freetype6-2.8.1-1.mga7.x86_64                                        3/40 
DEBUG util.py:479:    Installing       : lib64fontconfig1-2.12.6-1.mga7.x86_64                                     4/40 
DEBUG util.py:479:    Installing       : fontconfig-2.12.6-1.mga7.x86_64                                           5/40 
DEBUG util.py:479:    Running scriptlet: fontconfig-2.12.6-1.mga7.x86_64                                           5/40 
DEBUG util.py:479:    Installing       : lib64jpeg8-1:1.5.3-1.mga7.x86_64                                          6/40 
DEBUG util.py:479:    Installing       : lua-posix-33.3.1-2.mga6.x86_64                                            7/40 
DEBUG util.py:479:    Installing       : copy-jdk-configs-3.3-3.mga7.noarch                                        8/40 
DEBUG util.py:479:    Installing       : lib64fontenc1-1.1.3-2.mga6.x86_64                                         9/40 
DEBUG util.py:479:    Installing       : mkfontscale-1.1.2-3.mga6.x86_64                                          10/40 
DEBUG util.py:479:    Installing       : mkfontdir-1.0.7-8.mga6.noarch                                            11/40 
DEBUG util.py:479:    Installing       : x11-font-bitstream-type1-1.0.3-6.mga6.noarch                             12/40 
DEBUG util.py:479:    Running scriptlet: x11-font-bitstream-type1-1.0.3-6.mga6.noarch                             12/40 
DEBUG util.py:479:    Installing       : x11-font-xfree86-type1-1.0.4-6.mga6.noarch                               13/40 
DEBUG util.py:479:    Running scriptlet: x11-font-xfree86-type1-1.0.4-6.mga6.noarch                               13/40 
DEBUG util.py:479:    Installing       : x11-font-type1-1.0.0-13.mga6.noarch                                      14/40 
DEBUG util.py:479:    Installing       : lib64bsd0-0.8.3-1.mga6.x86_64                                            15/40 
DEBUG util.py:479:    Installing       : lib64xdmcp6-1.1.2-5.mga6.x86_64                                          16/40 
DEBUG util.py:479:    Installing       : lib64xau6-1.0.8-7.mga6.x86_64                                            17/40 
DEBUG util.py:479:    Installing       : lib64xcb1-1.12-2.mga6.x86_64                                             18/40 
DEBUG util.py:479:    Installing       : lib64x11_6-1.6.5-1.mga6.x86_64                                           19/40 
DEBUG util.py:479:    Running scriptlet: lib64x11_6-1.6.5-1.mga6.x86_64                                           19/40 
DEBUG util.py:479:    Installing       : lib64xext6-1:1.3.3-4.mga6.x86_64                                         20/40 
DEBUG util.py:479:    Installing       : lib64xi6-1.7.9-1.mga6.x86_64                                             21/40 
DEBUG util.py:479:    Installing       : lib64xtst6-1.2.3-1.mga6.x86_64                                           22/40 
DEBUG util.py:479:    Installing       : lib64xcomposite1-0.4.4-8.mga6.x86_64                                     23/40 
DEBUG util.py:479:    Installing       : lib64xrender1-0.9.10-1.mga6.x86_64                                       24/40 
DEBUG util.py:479:    Installing       : libalsa-data-2:1.1.5-1.mga7.noarch                                       25/40 
DEBUG util.py:479:    Running scriptlet: libalsa-data-2:1.1.5-1.mga7.noarch                                       25/40 
DEBUG util.py:479:    Installing       : lib64alsa2-2:1.1.5-1.mga7.x86_64                                         26/40 
DEBUG util.py:479:    Installing       : lib64sctp1-1.0.17-1.mga7.x86_64                                          27/40 
DEBUG util.py:479:    Installing       : lksctp-tools-1.0.17-1.mga7.x86_64                                        28/40 
DEBUG util.py:479:    Installing       : lib64gif7-5.1.4-1.mga6.x86_64                                            29/40 
DEBUG util.py:479:    Installing       : timezone-java-6:2017b-1.mga6.noarch                                      30/40 
DEBUG util.py:479:    Installing       : rootcerts-java-1:20180104.00-1.mga7.noarch                               31/40 
DEBUG util.py:479:    Installing       : javapackages-tools-5.0.0-4.mga7.noarch                                   32/40 
DEBUG util.py:479:    Installing       : java-1.8.0-openjdk-headless-1:1.8.0.161-1.b14.1.mga7.x86_64              33/40 
DEBUG util.py:479:    Running scriptlet: java-1.8.0-openjdk-headless-1:1.8.0.161-1.b14.1.mga7.x86_64              33/40 
DEBUG util.py:479:    Installing       : java-1.8.0-openjdk-1:1.8.0.161-1.b14.1.mga7.x86_64                       34/40 
DEBUG util.py:479:    Installing       : java-1.8.0-openjdk-devel-1:1.8.0.161-1.b14.1.mga7.x86_64                 35/40 
DEBUG util.py:479:    Running scriptlet: java-1.8.0-openjdk-devel-1:1.8.0.161-1.b14.1.mga7.x86_64                 35/40 
DEBUG util.py:479:    Installing       : bazel-0.10.0-12.mga7.x86_64                                              36/40 
DEBUG util.py:479:    Installing       : zsh-1:5.4.2-1.mga7.x86_64                                                37/40 
DEBUG util.py:479:    Running scriptlet: zsh-1:5.4.2-1.mga7.x86_64                                                37/40 
DEBUG util.py:479:    Installing       : zip-3.0-10.mga7.x86_64                                                   38/40 
DEBUG util.py:479:    Installing       : lib64zlib-devel-1.2.11-5.mga7.x86_64                                     39/40 
DEBUG util.py:479:    Installing       : bash-completion-2:2.7-2.mga7.noarch                                      40/40 
DEBUG util.py:479:    Running scriptlet: copy-jdk-configs-3.3-3.mga7.noarch                                       40/40 
DEBUG util.py:479:    Running scriptlet: bash-completion-2:2.7-2.mga7.noarch                                      40/40 
DEBUG util.py:479:    Running scriptlet: fontconfig-2.12.6-1.mga7.x86_64                                          40/40 
DEBUG util.py:479:    Verifying        : bazel-0.10.0-12.mga7.x86_64                                               1/40 
DEBUG util.py:479:    Verifying        : java-1.8.0-openjdk-devel-1:1.8.0.161-1.b14.1.mga7.x86_64                  2/40 
DEBUG util.py:479:    Verifying        : bash-completion-2:2.7-2.mga7.noarch                                       3/40 
DEBUG util.py:479:    Verifying        : lib64zlib-devel-1.2.11-5.mga7.x86_64                                      4/40 
DEBUG util.py:479:    Verifying        : zip-3.0-10.mga7.x86_64                                                    5/40 
DEBUG util.py:479:    Verifying        : zsh-1:5.4.2-1.mga7.x86_64                                                 6/40 
DEBUG util.py:479:    Verifying        : java-1.8.0-openjdk-headless-1:1.8.0.161-1.b14.1.mga7.x86_64               7/40 
DEBUG util.py:479:    Verifying        : java-1.8.0-openjdk-1:1.8.0.161-1.b14.1.mga7.x86_64                        8/40 
DEBUG util.py:479:    Verifying        : copy-jdk-configs-3.3-3.mga7.noarch                                        9/40 
DEBUG util.py:479:    Verifying        : javapackages-tools-5.0.0-4.mga7.noarch                                   10/40 
DEBUG util.py:479:    Verifying        : lib64freetype6-2.8.1-1.mga7.x86_64                                       11/40 
DEBUG util.py:479:    Verifying        : lib64jpeg8-1:1.5.3-1.mga7.x86_64                                         12/40 
DEBUG util.py:479:    Verifying        : lksctp-tools-1.0.17-1.mga7.x86_64                                        13/40 
DEBUG util.py:479:    Verifying        : rootcerts-java-1:20180104.00-1.mga7.noarch                               14/40 
DEBUG util.py:479:    Verifying        : timezone-java-6:2017b-1.mga6.noarch                                      15/40 
DEBUG util.py:479:    Verifying        : fontconfig-2.12.6-1.mga7.x86_64                                          16/40 
DEBUG util.py:479:    Verifying        : lib64alsa2-2:1.1.5-1.mga7.x86_64                                         17/40 
DEBUG util.py:479:    Verifying        : lib64gif7-5.1.4-1.mga6.x86_64                                            18/40 
DEBUG util.py:479:    Verifying        : lib64png16_16-2:1.6.34-1.mga7.x86_64                                     19/40 
DEBUG util.py:479:    Verifying        : lib64x11_6-1.6.5-1.mga6.x86_64                                           20/40 
DEBUG util.py:479:    Verifying        : lib64xcomposite1-0.4.4-8.mga6.x86_64                                     21/40 
DEBUG util.py:479:    Verifying        : lib64xext6-1:1.3.3-4.mga6.x86_64                                         22/40 
DEBUG util.py:479:    Verifying        : lib64xi6-1.7.9-1.mga6.x86_64                                             23/40 
DEBUG util.py:479:    Verifying        : lib64xrender1-0.9.10-1.mga6.x86_64                                       24/40 
DEBUG util.py:479:    Verifying        : lib64xtst6-1.2.3-1.mga6.x86_64                                           25/40 
DEBUG util.py:479:    Verifying        : x11-font-type1-1.0.0-13.mga6.noarch                                      26/40 
DEBUG util.py:479:    Verifying        : lua-5.2.4-2.mga7.x86_64                                                  27/40 
DEBUG util.py:479:    Verifying        : lua-posix-33.3.1-2.mga6.x86_64                                           28/40 
DEBUG util.py:479:    Verifying        : lib64sctp1-1.0.17-1.mga7.x86_64                                          29/40 
DEBUG util.py:479:    Verifying        : lib64fontconfig1-2.12.6-1.mga7.x86_64                                    30/40 
DEBUG util.py:479:    Verifying        : libalsa-data-2:1.1.5-1.mga7.noarch                                       31/40 
DEBUG util.py:479:    Verifying        : lib64xcb1-1.12-2.mga6.x86_64                                             32/40 
DEBUG util.py:479:    Verifying        : x11-font-bitstream-type1-1.0.3-6.mga6.noarch                             33/40 
DEBUG util.py:479:    Verifying        : x11-font-xfree86-type1-1.0.4-6.mga6.noarch                               34/40 
DEBUG util.py:479:    Verifying        : lib64xau6-1.0.8-7.mga6.x86_64                                            35/40 
DEBUG util.py:479:    Verifying        : lib64xdmcp6-1.1.2-5.mga6.x86_64                                          36/40 
DEBUG util.py:479:    Verifying        : mkfontdir-1.0.7-8.mga6.noarch                                            37/40 
DEBUG util.py:479:    Verifying        : mkfontscale-1.1.2-3.mga6.x86_64                                          38/40 
DEBUG util.py:479:    Verifying        : lib64bsd0-0.8.3-1.mga6.x86_64                                            39/40 
DEBUG util.py:479:    Verifying        : lib64fontenc1-1.1.3-2.mga6.x86_64                                        40/40 
DEBUG util.py:479:  Installed:
DEBUG util.py:479:    bash-completion.noarch 2:2.7-2.mga7                                                               
DEBUG util.py:479:    bazel.x86_64 0.10.0-12.mga7                                                                       
DEBUG util.py:479:    java-1.8.0-openjdk-devel.x86_64 1:1.8.0.161-1.b14.1.mga7                                          
DEBUG util.py:479:    lib64zlib-devel.x86_64 1.2.11-5.mga7                                                              
DEBUG util.py:479:    zip.x86_64 3.0-10.mga7                                                                            
DEBUG util.py:479:    zsh.x86_64 1:5.4.2-1.mga7                                                                         
DEBUG util.py:479:    copy-jdk-configs.noarch 3.3-3.mga7                                                                
DEBUG util.py:479:    fontconfig.x86_64 2.12.6-1.mga7                                                                   
DEBUG util.py:479:    java-1.8.0-openjdk.x86_64 1:1.8.0.161-1.b14.1.mga7                                                
DEBUG util.py:479:    java-1.8.0-openjdk-headless.x86_64 1:1.8.0.161-1.b14.1.mga7                                       
DEBUG util.py:479:    javapackages-tools.noarch 5.0.0-4.mga7                                                            
DEBUG util.py:479:    lib64alsa2.x86_64 2:1.1.5-1.mga7                                                                  
DEBUG util.py:479:    lib64bsd0.x86_64 0.8.3-1.mga6                                                                     
DEBUG util.py:479:    lib64fontconfig1.x86_64 2.12.6-1.mga7                                                             
DEBUG util.py:479:    lib64fontenc1.x86_64 1.1.3-2.mga6                                                                 
DEBUG util.py:479:    lib64freetype6.x86_64 2.8.1-1.mga7                                                                
DEBUG util.py:479:    lib64gif7.x86_64 5.1.4-1.mga6                                                                     
DEBUG util.py:479:    lib64jpeg8.x86_64 1:1.5.3-1.mga7                                                                  
DEBUG util.py:479:    lib64png16_16.x86_64 2:1.6.34-1.mga7                                                              
DEBUG util.py:479:    lib64sctp1.x86_64 1.0.17-1.mga7                                                                   
DEBUG util.py:479:    lib64x11_6.x86_64 1.6.5-1.mga6                                                                    
DEBUG util.py:479:    lib64xau6.x86_64 1.0.8-7.mga6                                                                     
DEBUG util.py:479:    lib64xcb1.x86_64 1.12-2.mga6                                                                      
DEBUG util.py:479:    lib64xcomposite1.x86_64 0.4.4-8.mga6                                                              
DEBUG util.py:479:    lib64xdmcp6.x86_64 1.1.2-5.mga6                                                                   
DEBUG util.py:479:    lib64xext6.x86_64 1:1.3.3-4.mga6                                                                  
DEBUG util.py:479:    lib64xi6.x86_64 1.7.9-1.mga6                                                                      
DEBUG util.py:479:    lib64xrender1.x86_64 0.9.10-1.mga6                                                                
DEBUG util.py:479:    lib64xtst6.x86_64 1.2.3-1.mga6                                                                    
DEBUG util.py:479:    libalsa-data.noarch 2:1.1.5-1.mga7                                                                
DEBUG util.py:479:    lksctp-tools.x86_64 1.0.17-1.mga7                                                                 
DEBUG util.py:479:    lua.x86_64 5.2.4-2.mga7                                                                           
DEBUG util.py:479:    lua-posix.x86_64 33.3.1-2.mga6                                                                    
DEBUG util.py:479:    mkfontdir.noarch 1.0.7-8.mga6                                                                     
DEBUG util.py:479:    mkfontscale.x86_64 1.1.2-3.mga6                                                                   
DEBUG util.py:479:    rootcerts-java.noarch 1:20180104.00-1.mga7                                                        
DEBUG util.py:479:    timezone-java.noarch 6:2017b-1.mga6                                                               
DEBUG util.py:479:    x11-font-bitstream-type1.noarch 1.0.3-6.mga6                                                      
DEBUG util.py:479:    x11-font-type1.noarch 1.0.0-13.mga6                                                               
DEBUG util.py:479:    x11-font-xfree86-type1.noarch 1.0.4-6.mga6                                                        
DEBUG util.py:479:  Complete!
DEBUG util.py:617:  Child return code was: 0
DEBUG util.py:636:  child environment: None
DEBUG util.py:562:  Executing command: ['/bin/umount', '-n', '-l', '/home/stig/rpmbuild/mock/cauldron/x86_64/dev/pts'] with env {'TERM': 'vt100', 'SHELL': '/bin/sh', 'HOME': '/builddir', 'HOSTNAME': 'mock', 'PATH': '/usr/bin:/bin:/usr/sbin:/sbin', 'LANG': 'en_US.UTF-8'} and shell False
DEBUG util.py:617:  Child return code was: 0
DEBUG util.py:636:  child environment: None
DEBUG util.py:562:  Executing command: ['/bin/umount', '-n', '-l', '/home/stig/rpmbuild/mock/cauldron/x86_64/dev/shm'] with env {'TERM': 'vt100', 'SHELL': '/bin/sh', 'HOME': '/builddir', 'HOSTNAME': 'mock', 'PATH': '/usr/bin:/bin:/usr/sbin:/sbin', 'LANG': 'en_US.UTF-8'} and shell False
DEBUG util.py:617:  Child return code was: 0
DEBUG util.py:636:  child environment: None
DEBUG util.py:562:  Executing command: ['/bin/umount', '-n', '-l', '/home/stig/rpmbuild/mock/cauldron/x86_64/sys'] with env {'TERM': 'vt100', 'SHELL': '/bin/sh', 'HOME': '/builddir', 'HOSTNAME': 'mock', 'PATH': '/usr/bin:/bin:/usr/sbin:/sbin', 'LANG': 'en_US.UTF-8'} and shell False
DEBUG util.py:617:  Child return code was: 0
DEBUG util.py:636:  child environment: None
DEBUG util.py:562:  Executing command: ['/bin/umount', '-n', '-l', '/home/stig/rpmbuild/mock/cauldron/x86_64/proc'] with env {'TERM': 'vt100', 'SHELL': '/bin/sh', 'HOME': '/builddir', 'HOSTNAME': 'mock', 'PATH': '/usr/bin:/bin:/usr/sbin:/sbin', 'LANG': 'en_US.UTF-8'} and shell False
DEBUG util.py:617:  Child return code was: 0
DEBUG util.py:636:  child environment: None
DEBUG util.py:562:  Executing command: rpm -qa --root '/home/stig/rpmbuild/mock/cauldron/x86_64' --qf '%{nevra} %{buildtime} %{size} %{pkgid} installed\n' > mock/installed_pkgs.log with env {'TERM': 'vt100', 'SHELL': '/bin/bash', 'HOME': '/builddir', 'HOSTNAME': 'mock', 'PATH': '/usr/bin:/bin:/usr/sbin:/sbin', 'PROMPT_COMMAND': 'printf "\\033]0;<mock-chroot>\\007"', 'PS1': '<mock-chroot> \\s-\\v\\$ ', 'LANG': 'en_US.UTF-8'} and shell True
DEBUG util.py:617:  Child return code was: 0
DEBUG util.py:636:  child environment: None
DEBUG util.py:317:  Unsharing. Flags: 1073741824
DEBUG util.py:317:  Unsharing. Flags: 134217728
DEBUG backend.py:505:  Copying packages to result dir
DEBUG util.py:222:  kill orphans
DEBUG util.py:636:  child environment: None
DEBUG util.py:562:  Executing command: ['/bin/umount', '-n', '/home/stig/rpmbuild/mock/cauldron/x86_64/var/cache/dnf/'] with env {'TERM': 'vt100', 'SHELL': '/bin/sh', 'HOME': '/builddir', 'HOSTNAME': 'mock', 'PATH': '/usr/bin:/bin:/usr/sbin:/sbin', 'LANG': 'en_US.UTF-8'} and shell False
DEBUG util.py:617:  Child return code was: 0
DEBUG util.py:636:  child environment: None
DEBUG util.py:562:  Executing command: ['btrfs', 'subv', 'list', '/var/lib/mock'] with env {'TERM': 'vt100', 'SHELL': '/bin/sh', 'HOME': '/builddir', 'HOSTNAME': 'mock', 'PATH': '/usr/bin:/bin:/usr/sbin:/sbin', 'LANG': 'en_US.UTF-8'} and shell False
DEBUG util.py:479:  ERROR: not a btrfs filesystem: /var/lib/mock
DEBUG util.py:479:  ERROR: can't access '/var/lib/mock'
DEBUG util.py:617:  Child return code was: 1
DEBUG util.py:1339:  Please ignore the error above above about btrfs.
