2018-02-11 20:51:19,350 - Mock Version: 1.4.8
2018-02-11 20:51:20,553 - Start: dnf update
2018-02-11 20:51:22,288 - Finish: dnf update
2018-02-11 20:51:22,311 - Finish: chroot init
2018-02-11 20:51:22,315 - Start: build phase for bazel-0.10.0-13.mga7.src.rpm
2018-02-11 20:51:22,316 - Start: build setup for bazel-0.10.0-13.mga7.src.rpm
2018-02-11 20:51:28,728 - Start: clean chroot
2018-02-11 20:51:33,844 - Finish: clean chroot
2018-02-11 20:52:05,978 - Mock Version: 1.4.8
2018-02-11 20:52:07,349 - Start: dnf update
2018-02-11 20:52:19,848 - Finish: dnf update
2018-02-11 20:52:19,863 - Finish: chroot init
2018-02-11 20:52:19,866 - Start: build phase for bazel-0.10.0-13.mga7.src.rpm
2018-02-11 20:52:19,868 - Start: build setup for bazel-0.10.0-13.mga7.src.rpm
2018-02-11 20:52:45,071 - Finish: build setup for bazel-0.10.0-13.mga7.src.rpm
2018-02-11 20:52:45,071 - Start: rpmbuild bazel-0.10.0-13.mga7.src.rpm
2018-02-11 20:52:45,074 - Start: Outputting list of installed packages
2018-02-11 20:52:45,145 - Finish: Outputting list of installed packages
2018-02-11 21:02:11,259 - Finish: rpmbuild bazel-0.10.0-13.mga7.src.rpm
2018-02-11 21:02:11,262 - Finish: build phase for bazel-0.10.0-13.mga7.src.rpm
2018-02-11 21:02:11,264 - Start: clean chroot
2018-02-11 21:02:20,724 - Finish: clean chroot
2018-02-11 21:02:20,726 - Finish: run
