abattis-cantarell-fonts-0.201-2.mga8
adwaita-cursor-theme-3.37.2-1.mga8
adwaita-icon-theme-3.37.2-1.mga8
alsa-plugins-pulse-config-1.2.2-1.mga8
appstream-glib-i18n-0.7.17-1.mga8
appstream-util-0.7.17-1.mga8
atk1.0-common-2.36.0-1.mga8
at-spi2-core-2.36.0-1.mga8
autoconf-2.69.209-8a09.3.mga8
automake-1.16.2-3.mga8
basesystem-minimal-8-0.4.mga8
basesystem-minimal-core-8-0.4.mga8
bash-5.0-17.2.mga8
bash-completion-2.9-2.mga8
binutils-2.34-14.mga8
bluez-5.54-1.mga8
bzip2-1.0.8-2.mga8
ccp-0.4.1-14.mga8
chkconfig-1.11-3.mga8
cmake-rpm-macros-8-2.mga8
common-licenses-1.1-10.mga8
coreutils-8.32-1.mga8
cpio-2.13-5.mga8
cracklib-dicts-2.9.7-3.mga8
cronie-1.5.5-2.mga8
crontabs-1.10-24.mga8
crypto-policies-20191128-3.mga8
curl-7.70.0-1.mga8
dash-static-0.5.10.2-2.mga8
dbus-1.13.16-1.mga8
desktop-file-utils-0.26-1.mga8
diffutils-3.7-3.mga8
dwz-0.13-1.mga8
e2fsprogs-1.45.6-5.mga8
elfutils-0.179-1.mga8
etcskel-1.63-36.mga8
ethtool-5.7-1.mga8
file-5.39-2.mga8
filesystem-2.1.9-30.mga7
findutils-4.7.0-3.mga8
fontconfig-2.13.92-3.mga8
fonts-filesystem-2.0.5-4.mga8
fonts-srpm-macros-2.0.5-4.mga8
fribidi-1.0.9-1.mga8
gawk-5.1.0-1.mga8
gcc-10.1.1-0.20200620.1.mga8
gcc-c++-10.1.1-0.20200620.1.mga8
gcc-cpp-10.1.1-0.20200620.1.mga8
GConf2-3.2.6-19.mga8
gdb-headless-9.1-3.mga8
gdk-pixbuf2.0-2.40.0-2.mga8
genhdlist2-7.12-2.mga8
gettext-0.20.2-3.mga8
gettext-base-0.20.2-3.mga8
gettext-devel-0.20.2-3.mga8
glib2.0-common-2.64.3-2.mga8
glibc-2.31-12.mga8
glibc-devel-2.31-12.mga8
glib-gettextize-2.64.3-2.mga8
glxinfo-8.4.0-3.mga8
gnome-themes-extra-3.28-7.mga8
gobject-introspection-1.64.1-3.mga8
go-srpm-macros-3.0.8-2.mga8
gpg-pubkey-80420f66-5d0d4576
grep-3.4-2.mga8
gsettings-desktop-schemas-3.37.1-1.mga8
gstreamer1.0-plugins-base-1.16.2-2.mga8
gstreamer1.0-tools-1.16.2-4.mga8
gtk+3.0-3.24.20-2.mga8
gtk-update-icon-cache-3.24.20-2.mga8
guile-runtime-2.0.14-6.mga8
gzip-1.10-4.mga8
hicolor-icon-theme-0.17-3.mga8
hostname-3.21-2.mga8
html2text-1.3.2a-16.mga8
icu66-data-66.1-1.mga8
ifmetric-0.3-19.mga8
ifplugd-0.28-22.mga8
info-install-6.7-2.mga8
initscripts-9.78-16.mga8
ipcalc-0.2.0-6.mga8
iproute2-5.6.0-1.mga8
iputils-20180629-4.mga8
isl-0.18-2.mga8
json-glib-1.4.4-3.mga8
kbd-2.2.0-2.mga8
kernel-userspace-headers-5.7.4-1.mga8
kmod-27-2.mga8
krb5-1.18.2-1.mga8
less-561-1.mga8
lib64acl1-2.2.53-2.mga8
lib64acl-devel-2.2.53-2.mga8
lib64alsa2-1.2.3.1-1.mga8
lib64alsa-plugins-pulseaudio-1.2.2-1.mga8
lib64appstream-glib8-0.7.17-1.mga8
lib64appstream-glib-devel-0.7.17-1.mga8
lib64appstream-glib-gir1.0-0.7.17-1.mga8
lib64archive13-3.4.3-1.mga8
lib64archive-devel-3.4.3-1.mga8
lib64argon2_1-20190702-3.mga8
lib64asyncns0-0.8-12.mga8
lib64atk1.0_0-2.36.0-1.mga8
lib64atk-bridge2.0_0-2.34.2-1.mga8
lib64atk-gir1.0-2.36.0-1.mga8
lib64atspi0-2.36.0-1.mga8
lib64attr1-2.4.48-3.mga8
lib64audit1-2.8.5-3.mga8
lib64audit-devel-2.8.5-3.mga8
lib64avahi-client3-0.8-4.mga8
lib64avahi-common3-0.8-4.mga8
lib64babeltrace1-1.5.8-1.mga8
lib64blkid1-2.35.2-1.mga8
lib64blkid-devel-2.35.2-1.mga8
lib64boost_regex1.73.0-1.73.0-4.mga8
lib64brotlicommon1-1.0.7-6.mga8
lib64brotlidec1-1.0.7-6.mga8
lib64brotli-devel-1.0.7-6.mga8
lib64brotlienc1-1.0.7-6.mga8
lib64bsd0-0.10.0-2.mga8
lib64bsd-devel-0.10.0-2.mga8
lib64bz2_1-1.0.8-2.mga8
lib64bz2-devel-1.0.8-2.mga8
lib64cairo2-1.16.0-3.mga8
lib64cairo-gir1.0-1.64.1-3.mga8
lib64cap2-2.27-2.mga8
lib64cap-devel-2.27-2.mga8
lib64cap-ng0-0.7.10-2.mga8
lib64cap-ng-devel-0.7.10-2.mga8
lib64chm0-0.40-16.mga8
lib64chm-devel-0.40-16.mga8
lib64colord2-1.4.4-3.mga8
lib64com_err2-1.45.6-5.mga8
lib64com_err-devel-1.45.6-5.mga8
lib64crack2-2.9.7-3.mga8
lib64croco0.6_3-0.6.13-3.mga8
lib64croco-devel-0.6.13-3.mga8
lib64cryptsetup12-2.3.3-1.mga8
lib64cups2-2.3.3-4.mga8
lib64curl4-7.70.0-1.mga8
lib64curl-devel-7.70.0-1.mga8
lib64daemon0-0.14-13.mga8
lib64datrie1-0.2.12-2.mga8
lib64db5.3-5.3.28-19.mga8
lib64db5.3-devel-5.3.28-19.mga8
lib64dbcxx5.3-5.3.28-19.mga8
lib64dbjava5.3-5.3.28-19.mga8
lib64dbnss4.8-4.8.30-25.mga8
lib64dbsql5.3-5.3.28-19.mga8
lib64dbtcl5.3-5.3.28-19.mga8
lib64dbus1_3-1.13.16-1.mga8
lib64dbus-devel-1.13.16-1.mga8
lib64dbus-glib1_2-0.110-3.mga8
lib64devmapper1.02-1.02.171-2.mga8
lib64double-conversion3-3.1.5-2.mga8
lib64double-conversion-devel-3.1.5-2.mga8
lib64dri-drivers-20.1.1-11.mga8
lib64drm2-2.4.102-1.mga8
lib64drm_amdgpu1-2.4.102-1.mga8
lib64drm-devel-2.4.102-1.mga8
lib64drm_intel1-2.4.102-1.mga8
lib64drm_nouveau2-2.4.102-1.mga8
lib64drm_radeon1-2.4.102-1.mga8
lib64edit0-3.1-0.20191231.2.mga8
lib64elfutils1-0.179-1.mga8
lib64elfutils-devel-0.179-1.mga8
lib64epoxy0-1.5.4-2.mga8
lib64evdev2-1.9.0-1.mga8
lib64evdev-devel-1.9.0-1.mga8
lib64event7-2.1.11-1.mga8
lib64expat1-2.2.9-2.mga8
lib64expat-devel-2.2.9-2.mga8
lib64exslt0-1.1.34-2.mga8
lib64ext2fs2-1.45.6-5.mga8
lib64fbclient2-3.0.5.33220-2.mga8
lib64fdisk1-2.35.2-1.mga8
lib64ffi7-3.3-1.mga8
lib64ffi-devel-3.3-1.mga8
lib64flac8-1.3.3-2.mga8
lib64fontconfig1-2.13.92-3.mga8
lib64fontconfig-devel-2.13.92-3.mga8
lib64fontconfig-gir2.0-1.64.1-3.mga8
lib64freeglut3-3.2.1-3.mga8
lib64freetype2-devel-2.10.2-1.mga8
lib64freetype6-2.10.2-1.mga8
lib64freetype-gir2.0-1.64.1-3.mga8
lib64fribidi0-1.0.9-1.mga8
lib64fuse2-2.9.9-4.mga8
lib64gbm1-20.1.1-11.mga8
lib64gbm1-devel-20.1.1-11.mga8
lib64gc1-8.0.4-2.mga8
lib64GConf2_4-3.2.6-19.mga8
lib64gcrypt20-1.8.5-4.mga8
lib64gcrypt-devel-1.8.5-4.mga8
lib64gdbm6-1.18.1-2.mga8
lib64gdbm_compat4-1.18.1-2.mga8
lib64gdk_pixbuf2.0_0-2.40.0-2.mga8
lib64gdk_pixbuf2.0-devel-2.40.0-2.mga8
lib64gdk_pixbuf-gir2.0-2.40.0-2.mga8
lib64gettextmisc-0.20.2-3.mga8
lib64gio2.0_0-2.64.3-2.mga8
lib64girepository1.0_1-1.64.1-3.mga8
lib64glapi0-20.1.1-11.mga8
lib64glapi0-devel-20.1.1-11.mga8
lib64glib2.0_0-2.64.3-2.mga8
lib64glib2.0-devel-2.64.3-2.mga8
lib64glib-gir2.0-1.64.1-3.mga8
lib64gmp10-6.2.0-2.mga8
lib64gnutls30-3.6.14-1.mga8
lib64gpg-error0-1.36-3.mga8
lib64gpg-error-devel-1.36-3.mga8
lib64graphene1.0_0-1.10.2-1.mga8
lib64graphite2_3-1.3.14-1.mga8
lib64graphite2-devel-1.3.14-1.mga8
lib64gst-gir1.0-1.16.2-4.mga8
lib64gstgl1.0_0-1.16.2-2.mga8
lib64gstgl-gir1.0-1.16.2-2.mga8
lib64gstphotography1.0_0-1.16.2-5.mga8
lib64gstreamer1.0_0-1.16.2-4.mga8
lib64gstreamer1.0-devel-1.16.2-4.mga8
lib64gstreamer-plugins-base1.0_0-1.16.2-2.mga8
lib64gstreamer-plugins-base1.0-devel-1.16.2-2.mga8
lib64gstreamer-plugins-base-gir1.0-1.16.2-2.mga8
lib64gtk+3_0-3.24.20-2.mga8
lib64gtk-gir3.0-3.24.20-2.mga8
lib64gudev1.0_0-233-2.mga8
lib64gudev1.0-devel-233-2.mga8
lib64gudev-gir1.0-233-2.mga8
lib64guile2.0_22-2.0.14-6.mga8
lib64gusb2-0.3.4-1.mga8
lib64gypsy0-0.9-9.mga8
lib64harfbuzz0-2.6.8-1.mga8
lib64harfbuzz-devel-2.6.8-1.mga8
lib64harfbuzz-gir0.0-2.6.8-1.mga8
lib64hogweed5-3.5.1-2.mga8
lib64hunspell1.7_0-1.7.0-4.mga8
lib64hunspell-devel-1.7.0-4.mga8
lib64hyphen0-2.8.8-8.mga8
lib64hyphen-devel-2.8.8-8.mga8
lib64ical3-3.0.8-2.mga8
lib64icalvcal3-3.0.8-2.mga8
lib64ice6-1.0.10-2.mga8
lib64ice-devel-1.0.10-2.mga8
lib64icu66-66.1-1.mga8
lib64icu-devel-66.1-1.mga8
lib64idn12-1.35-3.mga8
lib64idn2_0-2.3.0-2.mga8
lib64idn2-devel-2.3.0-2.mga8
lib64idn-devel-1.35-3.mga8
lib64imagequant0-2.12.6-2.mga8
lib64input10-1.15.6-1.mga8
lib64input-devel-1.15.6-1.mga8
lib64intl8-0.20.2-3.mga8
lib64ip4tc2-1.8.4-3.mga8
lib64ipt2-2.0.1-2.mga8
lib64iptables12-1.8.4-3.mga8
lib64isl15-0.18-2.mga8
lib64jbig1-2.1-7.mga8
lib64jbig-devel-2.1-7.mga8
lib64jpeg8-2.0.4-3.mga8
lib64jpeg-devel-2.0.4-3.mga8
lib64json-c4-0.13.1-5.mga8
lib64json-glib1.0_0-1.4.4-3.mga8
lib64keyutils1-1.6.1-2.mga8
lib64keyutils-devel-1.6.1-2.mga8
lib64kmod2-27-2.mga8
lib64kms1-2.4.102-1.mga8
lib64krb53-1.18.2-1.mga8
lib64krb53-devel-1.18.2-1.mga8
lib64lcms2_2-2.11-1.mga8
lib64ldap2.4_2-2.4.50-3.mga8
lib64ldap2.4_2-devel-2.4.50-3.mga8
lib64llvm10.0-10.0.0-5.mga8
lib64lm_sensors5-3.6.0-2.mga8
lib64ltdl7-2.4.6-13.mga8
lib64lua5.3-5.3.5-4.mga8
lib64lua5.3-devel-5.3.5-4.mga8
lib64lz4_1-1.9.2-2.mga8
lib64lz4-devel-1.9.2-2.mga8
lib64lzma5-5.2.5-1.mga8
lib64lzma-devel-5.2.5-1.mga8
lib64lzo2_2-2.10-4.mga8
lib64lzo-devel-2.10-4.mga8
lib64magic1-5.39-2.mga8
lib64magic-devel-5.39-2.mga8
lib64md4c0-0.4.4-1.mga8
lib64md4c-devel-0.4.4-1.mga8
lib64md4c-html0-0.4.4-1.mga8
lib64mesaegl1-20.1.1-11.mga8
lib64mesaegl1-devel-20.1.1-11.mga8
lib64mesagl1-20.1.1-11.mga8
lib64mesagl1-devel-20.1.1-11.mga8
lib64mesaglu1-9.0.1-2.mga8
lib64mesakhr-devel-20.1.1-11.mga8
lib64mesavulkan-drivers-20.1.1-11.mga8
lib64microhttpd12-0.9.70-2.mga8
lib64minilzo0-2.10-4.mga8
lib64minizip1-1.2.11-9.mga8
lib64mnl0-1.0.4-3.mga8
lib64mount1-2.35.2-1.mga8
lib64mount-devel-2.35.2-1.mga8
lib64mozjs68-68.8.0-1.mga8
lib64mpc3-1.1.0-4.mga8
lib64mpfr6-4.0.2-2.mga8
lib64mspack0-0.10.1-0.alpha.2.mga8
lib64mspack-devel-0.10.1-0.alpha.2.mga8
lib64mtdev1-1.1.6-2.mga8
lib64mtdev-devel-1.1.6-2.mga8
lib64mtp9-1.1.17-2.mga8
lib64mtp-devel-1.1.17-2.mga8
lib64ncurses6-6.2-20200613.1.mga8
lib64ncurses-devel-6.2-20200613.1.mga8
lib64ncursesw6-6.2-20200613.1.mga8
lib64ncursesw-devel-6.2-20200613.1.mga8
lib64nettle7-3.5.1-2.mga8
lib64nghttp2_14-1.41.0-1.mga8
lib64nghttp2-devel-1.41.0-1.mga8
lib64nspr4-4.25-2.mga8
lib64nss3-3.53.1-1.mga8
lib64ogg0-1.3.4-2.mga8
lib64openal1-1.20.1-3.mga8
lib64openjp2_7-2.3.1-5.mga8
lib64openssl1.1-1.1.1g-1.mga8
lib64openssl-devel-1.1.1g-1.mga8
lib64opus0-1.3.1-2.mga8
lib64orc0.4_0-0.4.31-4.mga8
lib64orc-devel-0.4.31-4.mga8
lib64p11-kit0-0.23.20-8.mga8
lib64pam0-1.3.1-4.mga8
lib64pam-devel-1.3.1-4.mga8
lib64pam_userpass1-1.0.2-15.mga8
lib64pango1.0_0-1.45.3-1.mga8
lib64pango-gir1.0-1.45.3-1.mga8
lib64pciaccess0-0.16-2.mga8
lib64pciaccess-devel-0.16-2.mga8
lib64pcre16_0-8.44-1.mga8
lib64pcre1-8.44-1.mga8
lib64pcre2_0-10.35-1.mga8
lib64pcre2-devel-10.35-1.mga8
lib64pcre2posix2-10.35-1.mga8
lib64pcre32_0-8.44-1.mga8
lib64pcre-devel-8.44-1.mga8
lib64pcreposix1-8.44-1.mga8
lib64pixman1_0-0.40.0-1.mga8
lib64pkgconf3-1.6.3-2.mga8
lib64png16_16-1.6.37-2.mga8
lib64png-devel-1.6.37-2.mga8
lib64podofo0.9.6-0.9.6-3.mga8
lib64podofo-devel-0.9.6-3.mga8
lib64polkit1_0-0.116-3.mga8
lib64popt0-1.18-1.mga8
lib64popt-devel-1.18-1.mga8
lib64procps8-3.3.16-2.mga8
lib64psl5-0.21.0-3.mga8
lib64psl-devel-0.21.0-3.mga8
lib64pulseaudio0-13.99.1-3.mga8
lib64pulsecommon13.99-13.99.1-3.mga8
lib64python3.8-3.8.3-2.mga8
lib64python3.8-stdlib-3.8.3-2.mga8
lib64python3-devel-3.8.3-2.mga8
lib64qrencode4-4.0.2-3.mga8
lib64qt5bluetooth5-5.15.0-1.mga8
lib64qt5core5-5.15.0-2.mga8
lib64qt5core-devel-5.15.0-2.mga8
lib64qt5-database-plugin-ibase-5.15.0-2.mga8
lib64qt5-database-plugin-sqlite-5.15.0-2.mga8
lib64qt5dbus5-5.15.0-2.mga8
lib64qt5dbus-devel-5.15.0-2.mga8
lib64qt5designer5-5.15.0-1.mga8
lib64qt5eglfsdeviceintegration5-5.15.0-2.mga8
lib64qt5eglfsdeviceintegration-devel-5.15.0-2.mga8
lib64qt5eglfskmssupport5-5.15.0-2.mga8
lib64qt5eventdispatchersupport-static-devel-5.15.0-2.mga8
lib64qt5fontdatabasesupport-static-devel-5.15.0-2.mga8
lib64qt5gui5-5.15.0-2.mga8
lib64qt5gui-devel-5.15.0-2.mga8
lib64qt5location5-5.15.0-2.mga8
lib64qt5multimedia5-5.15.0-1.mga8
lib64qt5multimediagsttools5-5.15.0-1.mga8
lib64qt5multimediaquick5-5.15.0-1.mga8
lib64qt5multimediawidgets5-5.15.0-1.mga8
lib64qt5network5-5.15.0-2.mga8
lib64qt5networkauth5-5.15.0-1.mga8
lib64qt5network-devel-5.15.0-2.mga8
lib64qt5nfc5-5.15.0-1.mga8
lib64qt5opengl5-5.15.0-2.mga8
lib64qt5pdf5-5.15.0-1.mga8
lib64qt5positioning5-5.15.0-2.mga8
lib64qt5positioning-devel-5.15.0-2.mga8
lib64qt5positioningquick5-5.15.0-2.mga8
lib64qt5printsupport5-5.15.0-2.mga8
lib64qt5qml5-5.15.0-1.mga8
lib64qt5qml-devel-5.15.0-1.mga8
lib64qt5qmlmodels5-5.15.0-1.mga8
lib64qt5qmlmodels-devel-5.15.0-1.mga8
lib64qt5qmlworkerscript5-5.15.0-1.mga8
lib64qt5quick3d5-5.15.0-1.mga8
lib64qt5quick3dassetimport5-5.15.0-1.mga8
lib64qt5quick3drender5-5.15.0-1.mga8
lib64qt5quick3druntimerender5-5.15.0-1.mga8
lib64qt5quick3dutils5-5.15.0-1.mga8
lib64qt5quick5-5.15.0-1.mga8
lib64qt5quick-devel-5.15.0-1.mga8
lib64qt5quickparticles5-5.15.0-1.mga8
lib64qt5quickshapes5-5.15.0-1.mga8
lib64qt5quicktest5-5.15.0-1.mga8
lib64qt5quickwidgets5-5.15.0-1.mga8
lib64qt5remoteobjects5-5.15.0-1.mga8
lib64qt5sensors5-5.15.0-1.mga8
lib64qt5sensors-devel-5.15.0-1.mga8
lib64qt5serialport5-5.15.0-1.mga8
lib64qt5servicesupport-static-devel-5.15.0-2.mga8
lib64qt5sql5-5.15.0-2.mga8
lib64qt5svg5-5.15.0-1.mga8
lib64qt5test5-5.15.0-2.mga8
lib64qt5themesupport-static-devel-5.15.0-2.mga8
lib64qt5waylandclient5-5.15.0-1.mga8
lib64qt5waylandcompositor5-5.15.0-1.mga8
lib64qt5webchannel5-5.15.0-1.mga8
lib64qt5webchannel-devel-5.15.0-1.mga8
lib64qt5webengine5-5.15.0-1.mga8
lib64qt5webenginecore5-5.15.0-1.mga8
lib64qt5webenginewidgets5-5.15.0-1.mga8
lib64qt5webkit5-5.212.0-1.alpha4.2.mga8
lib64qt5webkit-devel-5.212.0-1.alpha4.2.mga8
lib64qt5webkitwidgets5-5.212.0-1.alpha4.2.mga8
lib64qt5websockets5-5.15.0-1.mga8
lib64qt5widgets5-5.15.0-2.mga8
lib64qt5widgets-devel-5.15.0-2.mga8
lib64qt5x11extras5-5.15.0-1.mga8
lib64qt5xcbqpa5-5.15.0-2.mga8
lib64qt5xcbqpa-devel-5.15.0-2.mga8
lib64qt5xml5-5.15.0-2.mga8
lib64qt5xmlpatterns5-5.15.0-1.mga8
lib64readline8-8.0-2.mga8
lib64readline-devel-8.0-2.mga8
lib64rpm9-4.16.0-0.beta2.1.mga8
lib64rpmbuild9-4.16.0-0.beta2.1.mga8
lib64rpm-devel-4.16.0-0.beta2.1.mga8
lib64rpmsign9-4.16.0-0.beta2.1.mga8
lib64sasl2_3-2.1.27-3.mga8
lib64sasl2-devel-2.1.27-3.mga8
lib64seccomp2-2.4.3-1.mga8
lib64sigsegv2-2.12-3.mga8
lib64sm6-1.2.3-2.mga8
lib64smartcols1-2.35.2-1.mga8
lib64sm-devel-1.2.3-2.mga8
lib64snappy1-1.1.8-2.mga8
lib64sndfile1-1.0.28-12.mga8
lib64sndio7.0-1.6.0-2.mga8
lib64soup2.4_1-2.70.0-1.mga8
lib64soup-devel-2.70.0-1.mga8
lib64soup-gir2.4-2.70.0-1.mga8
lib64source-highlight4-3.1.9-4.mga8
lib64sqlite3_0-3.32.3-1.mga8
lib64sqlite3-devel-3.32.3-1.mga8
lib64ss2-1.45.6-5.mga8
lib64ssh4-0.9.4-1.mga8
lib64ssh-devel-0.9.4-1.mga8
lib64stemmer0-0-18.git.6b3b8b5.20160930.mga8
lib64stemmer-devel-0-18.git.6b3b8b5.20160930.mga8
lib64systemd0-245.6-2.mga8
lib64tasn1_6-4.16.0-3.mga8
lib64tcb0-1.1-10.mga8
lib64tcl8.6-8.6.10-2.mga8
lib64tcl-devel-8.6.10-2.mga8
lib64textstyle0-0.20.2-3.mga8
lib64thai0-0.1.28-2.mga8
lib64theoradec1-1.1.1-14.mga8
lib64theoraenc1-1.1.1-14.mga8
lib64tiff5-4.1.0-2.git20200606.1.mga8
lib64tiff-devel-4.1.0-2.git20200606.1.mga8
lib64tommath1-1.2.0-2.mga8
lib64ts0-1.21-2.mga8
lib64ts-devel-1.21-2.mga8
lib64turbojpeg0-2.0.4-3.mga8
lib64udev1-245.6-2.mga8
lib64udev-devel-245.6-2.mga8
lib64unistring2-0.9.10-3.mga8
lib64unistring-devel-0.9.10-3.mga8
lib64unwind8-1.2-3.mga8
lib64unwind-coredump0-1.2-3.mga8
lib64unwind-devel-1.2-3.mga8
lib64usb1.0_0-1.0.23-1.mga8
lib64usb1.0-devel-1.0.23-1.mga8
lib64user1-0.62-16.mga8
lib64uuid1-2.35.2-1.mga8
lib64uuid-devel-2.35.2-1.mga8
lib64verto1-0.3.1-2.mga8
lib64verto-devel-0.3.1-2.mga8
lib64vorbis0-1.3.6-4.mga8
lib64vorbisenc2-1.3.6-4.mga8
lib64vpx6-1.8.2-2.mga8
lib64wacom2-1.3-1.mga8
lib64wacom-devel-1.3-1.mga8
lib64wayland-client0-1.18.0-3.mga8
lib64wayland-cursor0-1.18.0-3.mga8
lib64wayland-devel-1.18.0-3.mga8
lib64wayland-egl1-1.18.0-3.mga8
lib64wayland-server0-1.18.0-3.mga8
lib64webp7-1.1.0-2.mga8
lib64webpdecoder3-1.1.0-2.mga8
lib64webpdemux2-1.1.0-2.mga8
lib64webp-devel-1.1.0-2.mga8
lib64webpmux3-1.1.0-2.mga8
lib64woff2common1.0.2-1.0.2-3.mga8
lib64woff2dec1.0.2-1.0.2-3.mga8
lib64woff2-devel-1.0.2-3.mga8
lib64woff2enc1.0.2-1.0.2-3.mga8
lib64wrap0-7.6-49.mga8
lib64wrap-devel-7.6-49.mga8
lib64x11_6-1.6.9-2.mga8
lib64x11-devel-1.6.9-2.mga8
lib64x11-xcb1-1.6.9-2.mga8
lib64xau6-1.0.9-2.mga8
lib64xau-devel-1.0.9-2.mga8
lib64xcb1-1.14-1.mga8
lib64xcb-composite0-1.14-1.mga8
lib64xcb-damage0-1.14-1.mga8
lib64xcb-devel-1.14-1.mga8
lib64xcb-dpms0-1.14-1.mga8
lib64xcb-dri2_0-1.14-1.mga8
lib64xcb-dri3_0-1.14-1.mga8
lib64xcb-ewmh2-0.4.1-6.mga8
lib64xcb-glx0-1.14-1.mga8
lib64xcb-icccm4-0.4.1-6.mga8
lib64xcb-present0-1.14-1.mga8
lib64xcb-randr0-1.14-1.mga8
lib64xcb-record0-1.14-1.mga8
lib64xcb-render0-1.14-1.mga8
lib64xcb-res0-1.14-1.mga8
lib64xcb-screensaver0-1.14-1.mga8
lib64xcb-shape0-1.14-1.mga8
lib64xcb-shm0-1.14-1.mga8
lib64xcb-sync1-1.14-1.mga8
lib64xcb-util1-0.4.0-4.mga8
lib64xcb-util-devel-0.4.0-4.mga8
lib64xcb-util-image0-0.4.0-4.mga8
lib64xcb-util-image-devel-0.4.0-4.mga8
lib64xcb-util-keysyms1-0.4.0-5.mga8
lib64xcb-util-keysyms-devel-0.4.0-5.mga8
lib64xcb-util-renderutil0-0.3.9-6.mga8
lib64xcb-util-renderutil-devel-0.3.9-6.mga8
lib64xcb-util-wm-devel-0.4.1-6.mga8
lib64xcb-xf86dri0-1.14-1.mga8
lib64xcb-xfixes0-1.14-1.mga8
lib64xcb-xinerama0-1.14-1.mga8
lib64xcb-xinput0-1.14-1.mga8
lib64xcb-xkb1-1.14-1.mga8
lib64xcb-xtest0-1.14-1.mga8
lib64xcb-xv0-1.14-1.mga8
lib64xcb-xvmc0-1.14-1.mga8
lib64xcomposite1-0.4.5-2.mga8
lib64xcomposite-devel-0.4.5-2.mga8
lib64xcrypt1-4.4.16-4.mga8
lib64xcrypt-devel-4.4.16-4.mga8
lib64xcursor1-1.2.0-2.mga8
lib64xdamage1-1.1.5-2.mga8
lib64xdamage-devel-1.1.5-2.mga8
lib64xdmcp6-1.1.3-2.mga8
lib64xdmcp-devel-1.1.3-2.mga8
lib64xext6-1.3.4-2.mga8
lib64xext-devel-1.3.4-2.mga8
lib64xfixes3-5.0.3-3.mga8
lib64xfixes-devel-5.0.3-3.mga8
lib64xft2-2.3.3-2.mga8
lib64xft-gir2.0-1.64.1-3.mga8
lib64xi6-1.7.10-2.mga8
lib64xinerama1-1.1.4-3.mga8
lib64xkbcommon0-0.10.0-2.mga8
lib64xkbcommon-devel-0.10.0-2.mga8
lib64xlib-gir2.0-1.64.1-3.mga8
lib64xml2_2-2.9.10-5.mga8
lib64xml2-devel-2.9.10-5.mga8
lib64xmuu1-1.1.3-2.mga8
lib64xrandr2-1.5.2-2.mga8
lib64xrender1-0.9.10-3.mga8
lib64xrender-devel-0.9.10-3.mga8
lib64xshmfence1-1.3-3.mga8
lib64xshmfence-devel-1.3-3.mga8
lib64xslt1-1.1.34-2.mga8
lib64xslt-devel-1.1.34-2.mga8
lib64xtst6-1.2.3-3.mga8
lib64xv1-1.0.11-3.mga8
lib64xxf86vm1-1.1.4-4.mga8
lib64xxf86vm-devel-1.1.4-4.mga8
lib64yaml0_2-0.2.1-3.mga8
lib64yaml-devel-0.2.1-3.mga8
lib64zlib1-1.2.11-9.mga8
lib64zlib-devel-1.2.11-9.mga8
lib64zstd1-1.4.5-2.mga8
lib64zstd-devel-1.4.5-2.mga8
libalsa-data-1.2.3.1-1.mga8
libcap-utils-2.27-2.mga8
libdrm-common-2.4.102-1.mga8
libgcc1-10.1.1-0.20200620.1.mga8
libgomp1-10.1.1-0.20200620.1.mga8
libgomp-devel-10.1.1-0.20200620.1.mga8
libgpg-error-common-1.36-3.mga8
libidn2-i18n-2.3.0-2.mga8
libinput-udev-1.15.6-1.mga8
libmtp-utils-1.1.17-2.mga8
libpthread-stubs-0.4-3.mga8
libsoup-i18n-2.70.0-1.mga8
libstdc++6-10.1.1-0.20200620.1.mga8
libstdc++-devel-10.1.1-0.20200620.1.mga8
libtool-base-2.4.6-13.mga8
libuser-0.62-16.mga8
libutempter-1.2.0-1.mga8
libwacom-1.3-1.mga8
libxml2-utils-2.9.10-5.mga8
logrotate-3.15.1-2.mga8
lsb-release-2.0-56.mga8
lua5.3-5.3.5-4.mga8
m4-1.4.18-3.mga8
mageia-release-common-8-0.7.mga8
mageia-release-Default-8-0.7.mga8
mageia-repos-8-0.0.3.mga8
mageia-repos-cauldron-8-0.0.3.mga8
mageia-repos-keys-8-0.0.3.mga8
mageia-repos-pkgprefs-8-0.0.3.mga8
make-4.3-2.mga8
makedev-4.4-26.mga8
mathjax-2.7.8-1.1.mga8
mathjax-ams-fonts-2.7.8-1.1.mga8
mathjax-caligraphic-fonts-2.7.8-1.1.mga8
mathjax-fraktur-fonts-2.7.8-1.1.mga8
mathjax-main-fonts-2.7.8-1.1.mga8
mathjax-math-fonts-2.7.8-1.1.mga8
mathjax-sansserif-fonts-2.7.8-1.1.mga8
mathjax-script-fonts-2.7.8-1.1.mga8
mathjax-size1-fonts-2.7.8-1.1.mga8
mathjax-size2-fonts-2.7.8-1.1.mga8
mathjax-size3-fonts-2.7.8-1.1.mga8
mathjax-size4-fonts-2.7.8-1.1.mga8
mathjax-typewriter-fonts-2.7.8-1.1.mga8
mathjax-vector-fonts-2.7.8-1.1.mga8
mathjax-winchrome-fonts-2.7.8-1.1.mga8
mathjax-winie6-fonts-2.7.8-1.1.mga8
mesa-20.1.1-11.mga8
meta-task-8-0.17.mga8
multiarch-utils-1.0.14-3.mga8
ncurses-6.2-20200613.1.mga8
net-tools-2.0-0.20150915git.6.mga8
nss-3.53.1-1.mga8
nss-myhostname-245.6-2.mga8
nss_tcb-1.1-10.mga8
ocaml-srpm-macros-6-2.mga8
openldap-2.4.50-3.mga8
orc-0.4.31-4.mga8
p11-kit-0.23.20-8.mga8
p11-kit-trust-0.23.20-8.mga8
pam-1.3.1-4.mga8
pam_tcb-1.1-10.mga8
pango-1.45.3-1.mga8
passwd-0.80-2.mga8
patch-2.7.6-6.mga8
pcre-8.44-1.mga8
perl-5.32.0-2.mga8
perl-base-5.32.0-2.mga8
perl-Config-IniFiles-3.0.3-1.mga8
perl-Exporter-Tiny-1.2.2-1.mga8
perl-File-Slurp-9999.300.0-1.mga8
perl-File-Sync-0.110.0-31.mga8
perl-Filesys-Df-0.920.0-31.mga8
perl-IO-stringy-2.112.0-2.mga8
perl-JSON-4.20.0-2.mga8
perl-List-MoreUtils-0.428.0-9.mga8
perl-List-MoreUtils-XS-0.428-7.mga8
perl-Locale-gettext-1.70.0-13.mga8
perl-MDK-Common-1.2.34.2-4.mga8
perl-MDV-Distribconf-4.101.0-3.mga8
perl-MDV-Packdrakeng-1.130.0-6.mga8
perl-srpm-macros-1-34.mga8
perl-Time-ZoneInfo-0.300.0-10.mga8
perl-URPM-5.122-0.4.mga8
perl-XML-LibXML-2.20.500-3.mga8
perl-XML-NamespaceSupport-1.120.0-3.mga8
perl-XML-SAX-1.20.0-2.mga8
perl-XML-SAX-Base-1.90.0-4.mga8
perl-YAML-1.300.0-2.mga8
perl-YAML-Tiny-1.730.0-3.mga8
pkgconf-1.6.3-2.mga8
pkgconf-m4-1.6.3-2.mga8
pkgconf-pkg-config-1.6.3-2.mga8
polkit-0.116-3.mga8
popt-data-1.18-1.mga8
procps-ng-3.3.16-2.mga8
psmisc-23.3-3.mga8
publicsuffix-list-20200106-2.mga8
publicsuffix-list-dafsa-20200106-2.mga8
pulseaudio-client-config-13.99.1-3.mga8
python3-3.8.3-2.mga8
python3-apsw-3.31.1.r1-2.mga8
python3-beautifulsoup4-4.9.0-1.mga8
python3-cairo-1.19.1-1.mga8
python3-chardet-3.0.4-8.mga8
python3-css-parser-1.0.4-3.mga8
python3-cssutils-1.0.2-4.mga8
python3-dateutil-2.8.1-1.mga8
python3-dbus-1.2.16-2.mga8
python3-feedparser-5.2.1-8.mga8
python3-gobject-3.36.1-4.mga8
python3-html2text-2019.9.26-2.mga8
python3-html5lib-1.0.1-4.mga8
python3-html5-parser-0.4.9-1.mga8
python3-lxml-4.5.1-1.mga8
python3-markdown-3.2.2-1.mga8
python3-mechanize-0.4.5-1.mga8
python3-msgpack-1.0.0-1.mga8
python3-netifaces-0.10.9-3.mga8
python3-pillow-7.1.2-1.mga8
python3-pkg-resources-46.4.0-1.mga8
python3-psutil-5.6.7-2.mga8
python3-pygments-2.6.1-1.mga8
python3-pyqt5-sip-4.19.23-1.mga8
python3-qt5-5.15.0-1.mga8
python3-qt5-bluetooth-5.15.0-1.mga8
python3-qt5-core-5.15.0-1.mga8
python3-qt5-dbus-5.15.0-1.mga8
python3-qt5-designer-5.15.0-1.mga8
python3-qt5-devel-5.15.0-1.mga8
python3-qt5-gui-5.15.0-1.mga8
python3-qt5-location-5.15.0-1.mga8
python3-qt5-multimedia-5.15.0-1.mga8
python3-qt5-multimediawidgets-5.15.0-1.mga8
python3-qt5-network-5.15.0-1.mga8
python3-qt5-networkauth-5.15.0-1.mga8
python3-qt5-nfc-5.15.0-1.mga8
python3-qt5-opengl-5.15.0-1.mga8
python3-qt5-positioning-5.15.0-1.mga8
python3-qt5-printsupport-5.15.0-1.mga8
python3-qt5-qml-5.15.0-1.mga8
python3-qt5-quick3d-5.15.0-1.mga8
python3-qt5-quick-5.15.0-1.mga8
python3-qt5-quickwidgets-5.15.0-1.mga8
python3-qt5-remoteobjects-5.15.0-1.mga8
python3-qt5-sensors-5.15.0-1.mga8
python3-qt5-serialport-5.15.0-1.mga8
python3-qt5-sql-5.15.0-1.mga8
python3-qt5-svg-5.15.0-1.mga8
python3-qt5-test-5.15.0-1.mga8
python3-qt5-webchannel-5.15.0-1.mga8
python3-qt5-webenginecore-5.15.0-1.mga8
python3-qt5-webenginewidgets-5.15.0-1.mga8
python3-qt5-webkit-5.15.0-1.mga8
python3-qt5-webkitwidgets-5.15.0-1.mga8
python3-qt5-websockets-5.15.0-1.mga8
python3-qt5-widgets-5.15.0-1.mga8
python3-qt5-x11extras-5.15.0-1.mga8
python3-qt5-xml-5.15.0-1.mga8
python3-qt5-xmlpatterns-5.15.0-1.mga8
python3-regex-2020.6.8-1.mga8
python3-rpm-generators-11-3.mga8
python3-rpm-macros-3-11.mga8
python3-setuptools-46.4.0-1.mga8
python3-sip-4.19.23-1.mga8
python3-sip-devel-4.19.23-1.mga8
python3-six-1.14.0-1.mga8
python3-soupsieve-1.9.2-1.mga8
python3-webencodings-0.5.1-5.mga8
python-pip-wheel-19.3.1-3.mga8
python-rpm-macros-3-11.mga8
python-setuptools-wheel-46.4.0-1.mga8
python-srpm-macros-3-11.mga8
qtbase5-common-5.15.0-2.mga8
qtbase5-common-devel-5.15.0-2.mga8
qtdeclarative5-5.15.0-1.mga8
qtimageformats5-5.15.0-1.mga8
qtmultimedia5-5.15.0-1.mga8
qtpositioning5-5.15.0-2.mga8
qtquick3d5-5.15.0-1.mga8
qtremoteobjects5-5.15.0-1.mga8
qtsensors5-5.15.0-1.mga8
qtsvg5-5.15.0-1.mga8
qttools5-designer-5.15.0-1.mga8
qttranslations5-5.15.0-1.mga8
qtwayland5-5.15.0-1.mga8
qtwebengine5-5.15.0-1.mga8
qtxmlpatterns5-xmlpatterns-5.15.0-1.mga8
resolvconf-1.79-5.mga8
rmt-0.4b46-7.mga8
rootcerts-20200612.00-1.mga8
rootfiles-11.0-16.mga8
rpm-4.16.0-0.beta2.1.mga8
rpm-build-4.16.0-0.beta2.1.mga8
rpm-helper-0.24.17-6.mga8
rpm-mageia-setup-2.57-1.mga8
rpm-mageia-setup-build-2.57-1.mga8
run-parts-4.8.4-3.mga8
rust-srpm-macros-13-1.mga8
sash-3.8-9.mga8
sed-4.8-3.mga8
setup-2.7.24-4.mga8
shadow-utils-4.6-2.mga8
shared-mime-info-1.15-2.mga8
spec-helper-0.31.23-1.mga8
sudo-1.9.0-1.mga8
systemd-245.6-2.mga8
systemd-devel-245.6-2.mga8
tar-1.32-3.mga8
tcb-1.1-10.mga8
tcl-8.6.10-2.mga8
thai-data-0.1.28-2.mga8
time-1.9-4.mga8
timezone-2020a-1.mga8
traceroute-2.1.0-3.mga8
tslib-common-1.21-2.mga8
unzip-6.1c-8.mga8
urpmi-8.123-1.mga8
util-linux-2.35.2-1.mga8
vim-minimal-8.2.987-2.mga8
wayland-tools-1.18.0-3.mga8
web-assets-devel-5-5.mga8
web-assets-filesystem-5-5.mga8
which-2.21-6.mga8
x11-proto-devel-2020.1-1.mga8
xdg-utils-1.1.3-4.mga8
xprop-1.2.4-2.mga8
xset-1.2.4-3.mga8
xz-5.2.5-1.mga8
zstd-1.4.5-2.mga8
