Mock Version: 1.4.8
ENTER ['do'](['bash', '--login', '-c', '/usr/bin/rpmbuild -bs --target x86_64 --nodeps /builddir/build/SPECS/quodlibet.spec'], chrootPath='/home/stig/rpmbuild/mock/6/x86_64'env={'TERM': 'vt100', 'SHELL': '/bin/bash', 'HOME': '/builddir', 'HOSTNAME': 'mock', 'PATH': '/usr/bin:/bin:/usr/sbin:/sbin', 'PROMPT_COMMAND': 'printf "\\033]0;<mock-chroot>\\007"', 'PS1': '<mock-chroot> \\s-\\v\\$ ', 'LANG': 'en_US.UTF-8'}shell=Falselogger=<mockbuild.trace_decorator.getLog object at 0x7f286ac717f0>timeout=0uid=1000gid=135user='mockbuild'nspawn_args=[]unshare_net=TrueprintOutput=True)
Executing command: ['/usr/bin/systemd-nspawn', '-q', '-M', '79b0cb3f4c00490bbf6d993cfd4f5778', '-D', '/home/stig/rpmbuild/mock/6/x86_64', '-a', '--setenv=TERM=vt100', '--setenv=SHELL=/bin/bash', '--setenv=HOME=/builddir', '--setenv=HOSTNAME=mock', '--setenv=PATH=/usr/bin:/bin:/usr/sbin:/sbin', '--setenv=PROMPT_COMMAND=printf "\\033]0;<mock-chroot>\\007"', '--setenv=PS1=<mock-chroot> \\s-\\v\\$ ', '--setenv=LANG=en_US.UTF-8', '-u', 'mockbuild', 'bash', '--login', '-c', '/usr/bin/rpmbuild -bs --target x86_64 --nodeps /builddir/build/SPECS/quodlibet.spec'] with env {'TERM': 'vt100', 'SHELL': '/bin/bash', 'HOME': '/builddir', 'HOSTNAME': 'mock', 'PATH': '/usr/bin:/bin:/usr/sbin:/sbin', 'PROMPT_COMMAND': 'printf "\\033]0;<mock-chroot>\\007"', 'PS1': '<mock-chroot> \\s-\\v\\$ ', 'LANG': 'en_US.UTF-8'} and shell False
/etc/profile.d/10lang.sh: line 28: warning: setlocale: LC_CTYPE: cannot change locale (en_US.UTF-8): No such file or directory
/etc/profile.d/10lang.sh: line 29: warning: setlocale: LC_COLLATE: cannot change locale (en_US.UTF-8): No such file or directory
/etc/profile.d/10lang.sh: line 32: warning: setlocale: LC_MESSAGES: cannot change locale (en_US.UTF-8): No such file or directory
/etc/profile.d/10lang.sh: line 35: warning: setlocale: LC_NUMERIC: cannot change locale (en_US.UTF-8): No such file or directory
/etc/profile.d/10lang.sh: line 38: warning: setlocale: LC_TIME: cannot change locale (en_US.UTF-8): No such file or directory
Building target platforms: x86_64
Building for target x86_64
Wrote: /builddir/build/SRPMS/quodlibet-4.0.2-1.mga6.src.rpm
Child return code was: 0
ENTER ['do'](['bash', '--login', '-c', '/usr/bin/rpmbuild -bb --target x86_64 --nodeps /builddir/build/SPECS/quodlibet.spec'], chrootPath='/home/stig/rpmbuild/mock/6/x86_64'env={'TERM': 'vt100', 'SHELL': '/bin/bash', 'HOME': '/builddir', 'HOSTNAME': 'mock', 'PATH': '/usr/bin:/bin:/usr/sbin:/sbin', 'PROMPT_COMMAND': 'printf "\\033]0;<mock-chroot>\\007"', 'PS1': '<mock-chroot> \\s-\\v\\$ ', 'LANG': 'en_US.UTF-8'}shell=Falselogger=<mockbuild.trace_decorator.getLog object at 0x7f286ac717f0>timeout=0uid=1000gid=135user='mockbuild'nspawn_args=[]unshare_net=TrueprintOutput=True)
Executing command: ['/usr/bin/systemd-nspawn', '-q', '-M', '813b5f45e5014b6fa9cb1249cde3d055', '-D', '/home/stig/rpmbuild/mock/6/x86_64', '-a', '--setenv=TERM=vt100', '--setenv=SHELL=/bin/bash', '--setenv=HOME=/builddir', '--setenv=HOSTNAME=mock', '--setenv=PATH=/usr/bin:/bin:/usr/sbin:/sbin', '--setenv=PROMPT_COMMAND=printf "\\033]0;<mock-chroot>\\007"', '--setenv=PS1=<mock-chroot> \\s-\\v\\$ ', '--setenv=LANG=en_US.UTF-8', '-u', 'mockbuild', 'bash', '--login', '-c', '/usr/bin/rpmbuild -bb --target x86_64 --nodeps /builddir/build/SPECS/quodlibet.spec'] with env {'TERM': 'vt100', 'SHELL': '/bin/bash', 'HOME': '/builddir', 'HOSTNAME': 'mock', 'PATH': '/usr/bin:/bin:/usr/sbin:/sbin', 'PROMPT_COMMAND': 'printf "\\033]0;<mock-chroot>\\007"', 'PS1': '<mock-chroot> \\s-\\v\\$ ', 'LANG': 'en_US.UTF-8'} and shell False
/etc/profile.d/10lang.sh: line 28: warning: setlocale: LC_CTYPE: cannot change locale (en_US.UTF-8): No such file or directory
/etc/profile.d/10lang.sh: line 29: warning: setlocale: LC_COLLATE: cannot change locale (en_US.UTF-8): No such file or directory
/etc/profile.d/10lang.sh: line 32: warning: setlocale: LC_MESSAGES: cannot change locale (en_US.UTF-8): No such file or directory
/etc/profile.d/10lang.sh: line 35: warning: setlocale: LC_NUMERIC: cannot change locale (en_US.UTF-8): No such file or directory
/etc/profile.d/10lang.sh: line 38: warning: setlocale: LC_TIME: cannot change locale (en_US.UTF-8): No such file or directory
Building target platforms: x86_64
Building for target x86_64
Executing(%prep): /bin/sh -e /var/tmp/rpm-tmp.Y0qGJV
+ umask 022
+ cd /builddir/build/BUILD
+ '[' 1 -eq 1 ']'
+ '[' 1 -eq 1 ']'
+ '[' 1 -eq 1 ']'
+ cd /builddir/build/BUILD
+ rm -rf quodlibet-4.0.2
+ /usr/bin/gzip -dc /builddir/build/SOURCES/quodlibet-4.0.2.tar.gz
+ /usr/bin/tar -xof -
+ STATUS=0
+ '[' 0 -ne 0 ']'
+ cd quodlibet-4.0.2
+ /usr/bin/chmod -Rf a+rX,u+w,g-w,o-w .
+ /usr/bin/cat /builddir/build/SOURCES/quodlibet-3.9.0-mga-remove-unity-integration.patch
+ /usr/bin/patch -p1 -s --fuzz=0 --no-backup-if-mismatch
2 out of 2 hunks FAILED -- saving rejects to file po/cs.po.rej
2 out of 2 hunks FAILED -- saving rejects to file po/de.po.rej
2 out of 2 hunks FAILED -- saving rejects to file po/fi.po.rej
2 out of 2 hunks FAILED -- saving rejects to file po/nb.po.rej
2 out of 2 hunks FAILED -- saving rejects to file po/pl.po.rej
Reversed (or previously applied) patch detected!  Assume -R? [n] 
Apply anyway? [n] 
1 out of 1 hunk ignored -- saving rejects to file quodlibet/qltk/unity.py.rej
Reversed (or previously applied) patch detected!  Assume -R? [n] 
Apply anyway? [n] 
1 out of 1 hunk ignored -- saving rejects to file tests/test_qltk_unity.py.rej
RPM build errors:
error: Bad exit status from /var/tmp/rpm-tmp.Y0qGJV (%prep)
    Bad exit status from /var/tmp/rpm-tmp.Y0qGJV (%prep)
Child return code was: 1
EXCEPTION: [Error()]
Traceback (most recent call last):
  File "/usr/lib/python3.6/site-packages/mockbuild/trace_decorator.py", line 96, in trace
    result = func(*args, **kw)
  File "/usr/lib/python3.6/site-packages/mockbuild/util.py", line 619, in do
    raise exception.Error("Command failed: \n # %s\n%s" % (command, output), child.returncode)
mockbuild.exception.Error: Command failed: 
 # /usr/bin/systemd-nspawn -q -M 813b5f45e5014b6fa9cb1249cde3d055 -D /home/stig/rpmbuild/mock/6/x86_64 -a --setenv=TERM=vt100 --setenv=SHELL=/bin/bash --setenv=HOME=/builddir --setenv=HOSTNAME=mock --setenv=PATH=/usr/bin:/bin:/usr/sbin:/sbin --setenv=PROMPT_COMMAND=printf "\033]0;<mock-chroot>\007" --setenv=PS1=<mock-chroot> \s-\v\$  --setenv=LANG=en_US.UTF-8 -u mockbuild bash --login -c /usr/bin/rpmbuild -bb --target x86_64 --nodeps /builddir/build/SPECS/quodlibet.spec

