2018-01-19 10:12:35,318 - Mock Version: 1.4.8
2018-01-19 10:12:35,418 - Start: dnf install
2018-01-19 10:12:35,970 - Start: clean chroot
2018-01-19 10:12:36,079 - Finish: clean chroot
2018-01-19 10:13:17,697 - Mock Version: 1.4.8
2018-01-19 10:13:17,797 - Start: dnf install
2018-01-19 10:13:18,349 - Start: clean chroot
2018-01-19 10:13:18,469 - Finish: clean chroot
2018-01-19 10:24:21,621 - Mock Version: 1.4.8
2018-01-19 10:24:23,148 - Start: dnf update
2018-01-19 10:24:25,411 - Finish: dnf update
2018-01-19 10:24:25,435 - Finish: chroot init
2018-01-19 10:24:25,439 - Start: build phase for graphicsmagick-1.3.27a-1.mga7.src.rpm
2018-01-19 10:24:25,441 - Start: build setup for graphicsmagick-1.3.27a-1.mga7.src.rpm
2018-01-19 10:24:39,263 - Finish: build setup for graphicsmagick-1.3.27a-1.mga7.src.rpm
2018-01-19 10:24:39,264 - Start: rpmbuild graphicsmagick-1.3.27a-1.mga7.src.rpm
2018-01-19 10:24:39,266 - Start: Outputting list of installed packages
2018-01-19 10:24:39,321 - Finish: Outputting list of installed packages
2018-01-19 10:26:01,630 - Finish: rpmbuild graphicsmagick-1.3.27a-1.mga7.src.rpm
2018-01-19 10:26:01,633 - Finish: build phase for graphicsmagick-1.3.27a-1.mga7.src.rpm
2018-01-19 10:26:01,634 - Start: clean chroot
2018-01-19 10:26:05,772 - Finish: clean chroot
2018-01-19 10:26:05,773 - Finish: run
2018-01-20 20:48:31,491 - Mock Version: 1.4.8
2018-01-20 20:48:31,613 - Start: dnf install
2018-01-20 20:51:35,853 - Finish: dnf install
2018-01-20 20:51:38,724 - Start: creating root cache
2018-01-20 20:51:42,616 - Finish: creating root cache
2018-01-20 20:51:42,621 - Finish: chroot init
2018-01-20 20:51:42,674 - Start: build phase for graphicsmagick-1.3.28-1.mga7.src.rpm
2018-01-20 20:51:42,676 - Start: build setup for graphicsmagick-1.3.28-1.mga7.src.rpm
2018-01-20 20:51:49,092 - Start: clean chroot
2018-01-20 20:51:52,106 - Finish: clean chroot
