2018-01-18 20:31:34,320 - Mock Version: 1.4.8
2018-01-18 20:31:34,447 - Start: dnf install
2018-01-18 20:31:37,205 - Start: clean chroot
2018-01-18 20:31:38,062 - Finish: clean chroot
2018-01-18 20:32:15,930 - Mock Version: 1.4.8
2018-01-18 20:32:16,019 - Start: dnf install
2018-01-18 20:32:16,575 - Start: clean chroot
2018-01-18 20:32:16,694 - Finish: clean chroot
2018-01-18 20:36:02,915 - Mock Version: 1.4.8
2018-01-18 20:36:03,024 - Start: dnf install
2018-01-18 20:36:03,535 - Start: clean chroot
2018-01-18 20:36:03,635 - Finish: clean chroot
2018-01-18 20:37:01,314 - Mock Version: 1.4.8
2018-01-18 20:37:01,434 - Start: dnf install
2018-01-18 20:37:01,975 - Start: clean chroot
2018-01-18 20:37:02,125 - Finish: clean chroot
2018-01-18 20:46:50,063 - Mock Version: 1.4.8
2018-01-18 20:46:51,321 - Start: dnf update
2018-01-18 20:46:52,316 - Finish: dnf update
2018-01-18 20:46:52,340 - Finish: chroot init
2018-01-18 20:46:52,345 - Start: build phase for gwt-2.8.2-1.mga7.src.rpm
2018-01-18 20:46:52,347 - Start: build setup for gwt-2.8.2-1.mga7.src.rpm
2018-01-18 20:47:23,996 - Start: clean chroot
2018-01-18 20:47:28,293 - Finish: clean chroot
2018-01-18 20:47:37,578 - Mock Version: 1.4.8
2018-01-18 20:47:38,860 - Start: dnf update
2018-01-18 20:47:39,887 - Finish: dnf update
2018-01-18 20:47:39,911 - Finish: chroot init
2018-01-18 20:47:39,915 - Start: build phase for gwt-2.8.2-1.mga7.src.rpm
2018-01-18 20:47:39,916 - Start: build setup for gwt-2.8.2-1.mga7.src.rpm
2018-01-18 20:48:57,539 - Finish: build setup for gwt-2.8.2-1.mga7.src.rpm
2018-01-18 20:48:57,539 - Start: rpmbuild gwt-2.8.2-1.mga7.src.rpm
2018-01-18 20:48:57,541 - Start: Outputting list of installed packages
2018-01-18 20:48:57,614 - Finish: Outputting list of installed packages
2018-01-18 20:55:08,261 - Finish: rpmbuild gwt-2.8.2-1.mga7.src.rpm
2018-01-18 20:55:08,264 - Finish: build phase for gwt-2.8.2-1.mga7.src.rpm
2018-01-18 20:55:08,265 - Start: clean chroot
2018-01-18 20:55:47,581 - Finish: clean chroot
2018-01-18 20:55:47,583 - Finish: run
2018-01-18 21:54:43,627 - Mock Version: 1.4.8
2018-01-18 21:54:47,493 - Finish: chroot init
2018-01-18 21:54:47,496 - Start: build phase for gwt-2.8.2-1.mga7.src.rpm
2018-01-18 21:54:47,498 - Start: build setup for gwt-2.8.2-1.mga7.src.rpm
2018-01-18 21:57:08,048 - Finish: build setup for gwt-2.8.2-1.mga7.src.rpm
2018-01-18 21:57:08,048 - Start: rpmbuild gwt-2.8.2-1.mga7.src.rpm
2018-01-18 21:57:08,050 - Start: Outputting list of installed packages
2018-01-18 21:57:08,154 - Finish: Outputting list of installed packages
2018-01-18 22:05:00,868 - Finish: rpmbuild gwt-2.8.2-1.mga7.src.rpm
2018-01-18 22:05:00,872 - Finish: build phase for gwt-2.8.2-1.mga7.src.rpm
2018-01-18 22:05:00,873 - Start: clean chroot
2018-01-18 22:06:09,298 - Finish: clean chroot
2018-01-18 22:06:09,299 - Finish: run
