D: [iurt_root_command] chroot
Installing /home/stig/rpmbuild/SRPMS/apache-mod_markdown-1.0.4-0.git20200616.2.mga8.src.rpm
Building target platforms: x86_64
Building for target x86_64
Executing(%prep): /bin/sh -e /home/stig/rpmbuild/tmp/rpm-tmp.uhUXsi
+ umask 022
+ cd /home/stig/rpmbuild/BUILD
+ '[' 1 -eq 1 ']'
+ '[' 1 -eq 1 ']'
+ '[' 1 -eq 1 ']'
+ cd /home/stig/rpmbuild/BUILD
+ rm -rf apache-mod-markdown-master
+ /usr/bin/gzip -dc /home/stig/rpmbuild/SOURCES/apache-mod_markdown-1.0.4-git20200616.tar.gz
+ /usr/bin/tar -xof -
+ STATUS=0
+ '[' 0 -ne 0 ']'
+ cd apache-mod-markdown-master
+ /usr/bin/chmod -Rf a+rX,u+w,g-w,o-w .
+ cp -f /home/stig/rpmbuild/SOURCES/README.md .
+ cp -f /home/stig/rpmbuild/SOURCES/71_mod_markdown.conf .
+ RPM_EC=0
++ jobs -p
+ exit 0
Executing(%build): /bin/sh -e /home/stig/rpmbuild/tmp/rpm-tmp.MiklMg
+ umask 022
+ cd /home/stig/rpmbuild/BUILD
+ cd apache-mod-markdown-master
+ '[' 1 -eq 1 ']'
+ '[' 1 -eq 1 ']'
+ sed -i 's|1.0.2|1.0.4|' configure.ac
+ autoreconf -vfi
autoreconf: Entering directory '.'
autoreconf: configure.ac: not using Gettext
autoreconf: running: aclocal --force -I m4
autoreconf: configure.ac: tracing
autoreconf: running: libtoolize --copy --force
libtoolize: putting auxiliary files in '.'.
libtoolize: copying file './ltmain.sh'
libtoolize: putting macros in AC_CONFIG_MACRO_DIRS, 'm4'.
libtoolize: copying file 'm4/libtool.m4'
libtoolize: copying file 'm4/ltoptions.m4'
libtoolize: copying file 'm4/ltsugar.m4'
libtoolize: copying file 'm4/ltversion.m4'
libtoolize: copying file 'm4/lt~obsolete.m4'
autoreconf: configure.ac: not using Intltool
autoreconf: configure.ac: not using Gtkdoc
autoreconf: running: /usr/bin/autoconf --force
autoreconf: running: /usr/bin/autoheader --force
autoreconf: running: automake --add-missing --copy --force-missing
configure.ac:9: installing './compile'
configure.ac:10: installing './config.guess'
configure.ac:10: installing './config.sub'
configure.ac:5: installing './install-sh'
configure.ac:5: installing './missing'
autoreconf: Leaving directory '.'
+ CFLAGS='-O2 -g -pipe -Wformat -Werror=format-security -Wp,-D_FORTIFY_SOURCE=2 -fstack-protector --param=ssp-buffer-size=4 -fasynchronous-unwind-tables'
+ export CFLAGS
+ CXXFLAGS='-O2 -g -pipe -Wformat -Werror=format-security -Wp,-D_FORTIFY_SOURCE=2 -fstack-protector --param=ssp-buffer-size=4 -fasynchronous-unwind-tables'
+ export CXXFLAGS
+ FFLAGS='-O2 -g -pipe -Wformat -Werror=format-security -Wp,-D_FORTIFY_SOURCE=2 -fstack-protector --param=ssp-buffer-size=4 -fasynchronous-unwind-tables '
+ export FFLAGS
+ FCFLAGS='-O2 -g -pipe -Wformat -Werror=format-security -Wp,-D_FORTIFY_SOURCE=2 -fstack-protector --param=ssp-buffer-size=4 -fasynchronous-unwind-tables '
+ export FCFLAGS
+ LDFLAGS=' -Wl,--as-needed -Wl,--no-undefined -Wl,-z,relro -Wl,-O1 -Wl,--build-id -Wl,--enable-new-dtags'
+ export LDFLAGS
+ CONFIGURE_TOP=.
+ '[' 1 = 1 ']'
++ find . -name config.guess -o -name config.sub
+ for i in $(find ${CONFIGURE_TOP} -name config.guess -o -name config.sub)
++ basename ./config.guess
+ '[' -f /usr/lib/rpm/mageia/config.guess ']'
++ basename ./config.guess
+ cp -af /usr/lib/rpm/mageia/config.guess ./config.guess
+ for i in $(find ${CONFIGURE_TOP} -name config.guess -o -name config.sub)
++ basename ./config.sub
+ '[' -f /usr/lib/rpm/mageia/config.sub ']'
++ basename ./config.sub
+ cp -af /usr/lib/rpm/mageia/config.sub ./config.sub
+ /usr/lib/rpm/mageia/force-as-needed-for-shared-lib-in-libtool
Forcing -Wl,--as-needed in configure/libtool to workaround libtool bug (cf http://lists.gnu.org/archive/html/libtool-patches/2004-06/msg00002.html)
+ /usr/lib/rpm/mageia/drop-ld-no-undefined-for-shared-lib-modules-in-libtool
Modifying ltmain.sh underlinking for plugins (cf http://wiki.mandriva.com/en/Underlinking)
+ /usr/lib/rpm/mageia/fix-libtool-ltmain-from-overlinking
Fixing libtool's ltmain.sh to prevent overlinking (cf http://wiki.mandriva.com/en/Overlinking)
+ /usr/lib/rpm/mageia/fix-libtool-from-moving-options-after-libs .
+ /usr/lib/rpm/mageia/fix-dlsearch-path-in-libtool-for-multilib . lib64
+ ./configure --host=x86_64-mageia-linux-gnu --build=x86_64-mageia-linux-gnu --program-prefix= --disable-dependency-tracking --prefix=/usr --exec-prefix=/usr --bindir=/usr/bin --sbindir=/usr/sbin --sysconfdir=/etc --datadir=/usr/share --includedir=/usr/include --libdir=/usr/lib64 --libexecdir=/usr/libexec --localstatedir=/var --sharedstatedir=/var/lib --mandir=/usr/share/man --infodir=/usr/share/info --with-apxs=/usr/bin/apxs --with-discount=/usr
checking for a BSD-compatible install... /usr/bin/install -c
checking whether build environment is sane... yes
checking for a race-free mkdir -p... /usr/bin/mkdir -p
checking for gawk... gawk
checking whether make sets $(MAKE)... yes
checking whether make supports nested variables... yes
checking for x86_64-mageia-linux-gnu-gcc... x86_64-mageia-linux-gnu-gcc
checking whether the C compiler works... yes
checking for C compiler default output file name... a.out
checking for suffix of executables... 
checking whether we are cross compiling... no
checking for suffix of object files... o
checking whether the compiler supports GNU C... yes
checking whether x86_64-mageia-linux-gnu-gcc accepts -g... yes
checking for x86_64-mageia-linux-gnu-gcc option to enable C11 features... none needed
checking whether x86_64-mageia-linux-gnu-gcc understands -c and -o together... yes
checking whether make supports the include directive... yes (GNU style)
checking dependency style of x86_64-mageia-linux-gnu-gcc... none
checking build system type... x86_64-mageia-linux-gnu
checking host system type... x86_64-mageia-linux-gnu
checking how to print strings... printf
checking for a sed that does not truncate output... /usr/bin/sed
checking for grep that handles long lines and -e... /usr/bin/grep
checking for egrep... /usr/bin/grep -E
checking for fgrep... /usr/bin/grep -F
checking for ld used by x86_64-mageia-linux-gnu-gcc... /usr/bin/ld
checking if the linker (/usr/bin/ld) is GNU ld... yes
checking for BSD- or MS-compatible name lister (nm)... /usr/bin/x86_64-mageia-linux-gnu-nm -p
checking the name lister (/usr/bin/x86_64-mageia-linux-gnu-nm -p) interface... BSD nm
checking whether ln -s works... yes
checking the maximum length of command line arguments... 1572864
checking how to convert x86_64-mageia-linux-gnu file names to x86_64-mageia-linux-gnu format... func_convert_file_noop
checking how to convert x86_64-mageia-linux-gnu file names to toolchain format... func_convert_file_noop
checking for /usr/bin/ld option to reload object files... -r
checking for x86_64-mageia-linux-gnu-objdump... no
checking for objdump... objdump
checking how to recognize dependent libraries... pass_all
checking for x86_64-mageia-linux-gnu-dlltool... no
checking for dlltool... no
checking how to associate runtime and link libraries... printf %s\n
checking for x86_64-mageia-linux-gnu-ar... x86_64-mageia-linux-gnu-ar
checking for archiver @FILE support... @
checking for x86_64-mageia-linux-gnu-strip... no
checking for strip... strip
checking for x86_64-mageia-linux-gnu-ranlib... x86_64-mageia-linux-gnu-ranlib
checking command to parse /usr/bin/x86_64-mageia-linux-gnu-nm -p output from x86_64-mageia-linux-gnu-gcc object... ok
checking for sysroot... no
checking for a working dd... /usr/bin/dd
checking how to truncate binary pipes... /usr/bin/dd bs=4096 count=1
checking for x86_64-mageia-linux-gnu-mt... no
checking for mt... no
checking if : is a manifest tool... no
checking for sys/types.h... yes
checking for sys/stat.h... yes
checking for strings.h... yes
checking for inttypes.h... yes
checking for stdint.h... yes
checking for unistd.h... yes
checking for dlfcn.h... yes
checking for objdir... .libs
checking if x86_64-mageia-linux-gnu-gcc supports -fno-rtti -fno-exceptions... no
checking for x86_64-mageia-linux-gnu-gcc option to produce PIC... -fPIC -DPIC
checking if x86_64-mageia-linux-gnu-gcc PIC flag -fPIC -DPIC works... yes
checking if x86_64-mageia-linux-gnu-gcc static flag -static works... no
checking if x86_64-mageia-linux-gnu-gcc supports -c -o file.o... yes
checking if x86_64-mageia-linux-gnu-gcc supports -c -o file.o... (cached) yes
checking whether the x86_64-mageia-linux-gnu-gcc linker (/usr/bin/ld -m elf_x86_64) supports shared libraries... yes
checking whether -lc should be explicitly linked in... no
checking dynamic linker characteristics... GNU/Linux ld.so
checking how to hardcode library paths into programs... immediate
checking whether stripping libraries is possible... yes
checking if libtool supports shared libraries... yes
checking whether to build shared libraries... yes
checking whether to build static libraries... yes
checking whether C compiler accepts -Wall... yes
checking for apxs tool... APXS found!
checking for discount directory... DISCOUNT found!
checking that generated files are newer than configure... done
configure: creating ./config.status
config.status: creating Makefile
config.status: creating config.h
config.status: executing depfiles commands
config.status: executing libtool commands
+ sed -i 's|/usr/lib$|/usr/lib64|g' Makefile
+ /usr/bin/make -O -j8 V=1 VERBOSE=1
/usr/bin/apxs -c -I/usr/include -L/usr/lib -lmarkdown mod_markdown.c
/usr/lib64/apr-1/build/libtool --silent --mode=compile x86_64-mageia-linux-gnu-gcc -prefer-pic -O2 -g -pipe -Wformat -Werror=format-security -Wp,-D_FORTIFY_SOURCE=2 -fstack-protector --param=ssp-buffer-size=4 -fstack-protector-all -fasynchronous-unwind-tables  -DLINUX -D_REENTRANT -D_GNU_SOURCE -pthread -I/usr/include/httpd  -I/usr/include/apr-1   -I/usr/include/apr-1 -I/usr/include -I/usr/include  -c -o mod_markdown.lo mod_markdown.c && touch mod_markdown.slo
/usr/lib64/apr-1/build/libtool --silent --mode=link x86_64-mageia-linux-gnu-gcc -lsystemd -Wl,-z,relro,-z,now   -o mod_markdown.la  -L/usr/lib -lmarkdown -rpath /usr/lib64/httpd/modules -module -avoid-version    mod_markdown.lo
/usr/bin/ld: skipping incompatible /usr/lib/libgcc_s.so when searching for -lgcc_s
/usr/bin/ld: skipping incompatible /usr/lib/libgcc_s.so.1 when searching for libgcc_s.so.1
/usr/bin/ld: skipping incompatible /usr/lib/libc.so when searching for -lc
/usr/bin/ld: skipping incompatible /usr/lib/libgcc_s.so when searching for -lgcc_s
/usr/bin/ld: skipping incompatible /usr/lib/libgcc_s.so.1 when searching for libgcc_s.so.1
/usr/bin/make  all-am
+ RPM_EC=0
++ jobs -p
+ exit 0
Executing(%install): /bin/sh -e /home/stig/rpmbuild/tmp/rpm-tmp.VorT7j
+ umask 022
+ cd /home/stig/rpmbuild/BUILD
+ '[' 1 -eq 1 ']'
+ '[' /home/stig/rpmbuild/BUILDROOT/apache-mod_markdown-1.0.4-0.git20200616.2.mga8.x86_64 '!=' / ']'
+ rm -rf /home/stig/rpmbuild/BUILDROOT/apache-mod_markdown-1.0.4-0.git20200616.2.mga8.x86_64
++ dirname /home/stig/rpmbuild/BUILDROOT/apache-mod_markdown-1.0.4-0.git20200616.2.mga8.x86_64
+ mkdir -p /home/stig/rpmbuild/BUILDROOT
+ mkdir /home/stig/rpmbuild/BUILDROOT/apache-mod_markdown-1.0.4-0.git20200616.2.mga8.x86_64
+ cd apache-mod-markdown-master
+ '[' 1 -eq 1 ']'
+ /usr/bin/mkdir -p /home/stig/rpmbuild/BUILDROOT/apache-mod_markdown-1.0.4-0.git20200616.2.mga8.x86_64/usr/lib64/httpd/modules
+ /usr/bin/mkdir -p /home/stig/rpmbuild/BUILDROOT/apache-mod_markdown-1.0.4-0.git20200616.2.mga8.x86_64/etc/httpd/conf/modules.d
+ /usr/lib64/httpd/build/instdso.sh SH_LIBTOOL=/usr/lib64/apr-1/build/libtool mod_markdown.la /home/stig/rpmbuild/BUILDROOT/apache-mod_markdown-1.0.4-0.git20200616.2.mga8.x86_64/usr/lib64/httpd/modules
/usr/lib64/apr-1/build/libtool --mode=install install mod_markdown.la /home/stig/rpmbuild/BUILDROOT/apache-mod_markdown-1.0.4-0.git20200616.2.mga8.x86_64/usr/lib64/httpd/modules/
libtool: install: install .libs/mod_markdown.so /home/stig/rpmbuild/BUILDROOT/apache-mod_markdown-1.0.4-0.git20200616.2.mga8.x86_64/usr/lib64/httpd/modules/mod_markdown.so
libtool: install: install .libs/mod_markdown.lai /home/stig/rpmbuild/BUILDROOT/apache-mod_markdown-1.0.4-0.git20200616.2.mga8.x86_64/usr/lib64/httpd/modules/mod_markdown.la
libtool: install: install .libs/mod_markdown.a /home/stig/rpmbuild/BUILDROOT/apache-mod_markdown-1.0.4-0.git20200616.2.mga8.x86_64/usr/lib64/httpd/modules/mod_markdown.a
libtool: install: chmod 644 /home/stig/rpmbuild/BUILDROOT/apache-mod_markdown-1.0.4-0.git20200616.2.mga8.x86_64/usr/lib64/httpd/modules/mod_markdown.a
libtool: install: x86_64-mageia-linux-gnu-ranlib /home/stig/rpmbuild/BUILDROOT/apache-mod_markdown-1.0.4-0.git20200616.2.mga8.x86_64/usr/lib64/httpd/modules/mod_markdown.a
libtool: warning: remember to run 'libtool --finish /usr/lib64/httpd/modules'
+ /usr/bin/install -Dm 0644 71_mod_markdown.conf /home/stig/rpmbuild/BUILDROOT/apache-mod_markdown-1.0.4-0.git20200616.2.mga8.x86_64/etc/httpd/conf/modules.d
+ /usr/lib/rpm/check-buildroot
+ '[' -n '' ']'
+ /usr/share/spec-helper/clean_files
+ '[' -n '' ']'
+ /usr/share/spec-helper/compress_files .xz
+ '[' -n '' ']'
+ /usr/share/spec-helper/relink_symlinks
+ '[' -n '' ']'
+ /usr/share/spec-helper/clean_perl
+ '[' -n '' ']'
+ /usr/share/spec-helper/lib_symlinks
+ '[' -n '' ']'
+ /usr/share/spec-helper/gprintify
+ '[' -n '' ']'
+ /usr/share/spec-helper/fix_mo
+ '[' -n '' ']'
+ /usr/share/spec-helper/fix_pamd
+ '[' -n '' ']'
+ /usr/share/spec-helper/remove_info_dir
+ '[' -n '' ']'
+ /usr/share/spec-helper/fix_eol
+ '[' -n '' ']'
+ /usr/share/spec-helper/check_desktop_files
+ '[' -n '' ']'
+ /usr/share/spec-helper/check_elf_files
+ /usr/lib/rpm/brp-strip /usr/bin/strip
+ /usr/lib/rpm/brp-strip-comment-note /usr/bin/strip /usr/bin/objdump
+ /usr/lib/rpm/brp-strip-static-archive /usr/bin/strip
+ /usr/lib/rpm/brp-strip-shared /usr/bin/strip
+ /usr/lib/rpm/brp-python-bytecompile /usr/bin/python 1 1
+ /usr/lib/rpm/brp-python-hardlink
+ /usr/lib/rpm/redhat/brp-mangle-shebangs
Processing files: apache-mod_markdown-1.0.4-0.git20200616.2.mga8.x86_64
Provides: apache-mod_markdown = 1.0.4-0.git20200616.2.mga8 apache-mod_markdown(x86-64) = 1.0.4-0.git20200616.2.mga8 config(apache-mod_markdown) = 1.0.4-0.git20200616.2.mga8
Requires(rpmlib): rpmlib(CompressedFileNames) <= 3.0.4-1 rpmlib(FileDigests) <= 4.6.0-1 rpmlib(PayloadFilesHavePrefix) <= 4.0-1
Requires: libc.so.6()(64bit) libc.so.6(GLIBC_2.2.5)(64bit) libc.so.6(GLIBC_2.4)(64bit) libmarkdown.so.2()(64bit)
Checking for unpackaged file(s): /usr/lib/rpm/check-files /home/stig/rpmbuild/BUILDROOT/apache-mod_markdown-1.0.4-0.git20200616.2.mga8.x86_64
Wrote: /home/stig/rpmbuild/RPMS/x86_64/apache-mod_markdown-1.0.4-0.git20200616.2.mga8.x86_64.rpm
Executing(%clean): /bin/sh -e /home/stig/rpmbuild/tmp/rpm-tmp.xq0ujk
+ umask 022
+ cd /home/stig/rpmbuild/BUILD
+ cd apache-mod-markdown-master
+ /usr/bin/rm -rf /home/stig/rpmbuild/BUILDROOT/apache-mod_markdown-1.0.4-0.git20200616.2.mga8.x86_64
+ RPM_EC=0
++ jobs -p
+ exit 0
Executing(--clean): /bin/sh -e /home/stig/rpmbuild/tmp/rpm-tmp.0j20Hk
+ umask 022
+ cd /home/stig/rpmbuild/BUILD
+ rm -rf apache-mod-markdown-master
+ RPM_EC=0
++ jobs -p
+ exit 0
D: [iurt_root_command] Success!
