INFO buildroot.py:348:  Mock Version: 1.4.8
DEBUG util.py:110:  ensuring that dir exists: /home/stig/rpmbuild/mock/6/x86_64/dev/pts
DEBUG util.py:113:  creating dir: /home/stig/rpmbuild/mock/6/x86_64/dev/pts
DEBUG util.py:110:  ensuring that dir exists: /home/stig/rpmbuild/mock/6/x86_64/dev/shm
DEBUG util.py:113:  creating dir: /home/stig/rpmbuild/mock/6/x86_64/dev/shm
DEBUG buildroot.py:479:  kernel version == 4.14.14-server-4.mga7
DEBUG util.py:123:  touching file: /home/stig/rpmbuild/mock/6/x86_64/etc/fstab
DEBUG util.py:123:  touching file: /home/stig/rpmbuild/mock/6/x86_64/etc/yum/yum.conf
DEBUG util.py:123:  touching file: /home/stig/rpmbuild/mock/6/x86_64/etc/dnf/dnf.conf
DEBUG util.py:123:  touching file: /home/stig/rpmbuild/mock/6/x86_64/var/log/yum.log
DEBUG util.py:110:  ensuring that dir exists: /home/stig/rpmbuild/mock/6/x86_64/var/cache/dnf/
DEBUG util.py:636:  child environment: None
DEBUG util.py:562:  Executing command: ['/bin/mount', '-n', '--bind', '/var/cache/mock/mageia-6-x86_64/dnf_cache/', '/home/stig/rpmbuild/mock/6/x86_64/var/cache/dnf/'] with env {'TERM': 'vt100', 'SHELL': '/bin/sh', 'HOME': '/builddir', 'HOSTNAME': 'mock', 'PATH': '/usr/bin:/bin:/usr/sbin:/sbin', 'LANG': 'en_US.UTF-8'} and shell False
DEBUG util.py:617:  Child return code was: 0
DEBUG buildroot.py:142:  rootdir = /home/stig/rpmbuild/mock/6/x86_64
DEBUG buildroot.py:143:  resultdir = mock
DEBUG util.py:110:  ensuring that dir exists: /home/stig/rpmbuild/mock/6/x86_64/etc/pki/mock
DEBUG util.py:110:  ensuring that dir exists: /home/stig/rpmbuild/mock/6/x86_64/etc/dnf
DEBUG util.py:636:  child environment: None
DEBUG util.py:562:  Executing command: ['/usr/bin/systemd-nspawn', '-q', '-M', '92c55dd5e2254bdfbe77243cefdfc034', '-D', '/home/stig/rpmbuild/mock/6/x86_64', '-a', '--setenv=TERM=vt100', '--setenv=SHELL=/bin/bash', '--setenv=HOME=/builddir', '--setenv=HOSTNAME=mock', '--setenv=PATH=/usr/bin:/bin:/usr/sbin:/sbin', '--setenv=PROMPT_COMMAND=printf "\\033]0;<mock-chroot>\\007"', '--setenv=PS1=<mock-chroot> \\s-\\v\\$ ', '--setenv=LANG=en_US.UTF-8', '/usr/sbin/userdel', '-r', '-f', 'mockbuild'] with env {'TERM': 'vt100', 'SHELL': '/bin/bash', 'HOME': '/builddir', 'HOSTNAME': 'mock', 'PATH': '/usr/bin:/bin:/usr/sbin:/sbin', 'PROMPT_COMMAND': 'printf "\\033]0;<mock-chroot>\\007"', 'PS1': '<mock-chroot> \\s-\\v\\$ ', 'LANG': 'en_US.UTF-8'} and shell False
DEBUG util.py:317:  Unsharing. Flags: 134217728
DEBUG util.py:479:  userdel: mockbuild mail spool (/var/spool/mail/mockbuild) not found
DEBUG util.py:617:  Child return code was: 0
DEBUG util.py:636:  child environment: None
DEBUG util.py:562:  Executing command: ['/usr/bin/systemd-nspawn', '-q', '-M', '083158f99d704456b10f70652beca3f4', '-D', '/home/stig/rpmbuild/mock/6/x86_64', '-a', '--setenv=TERM=vt100', '--setenv=SHELL=/bin/bash', '--setenv=HOME=/builddir', '--setenv=HOSTNAME=mock', '--setenv=PATH=/usr/bin:/bin:/usr/sbin:/sbin', '--setenv=PROMPT_COMMAND=printf "\\033]0;<mock-chroot>\\007"', '--setenv=PS1=<mock-chroot> \\s-\\v\\$ ', '--setenv=LANG=en_US.UTF-8', '/usr/sbin/groupdel', 'mock'] with env {'TERM': 'vt100', 'SHELL': '/bin/bash', 'HOME': '/builddir', 'HOSTNAME': 'mock', 'PATH': '/usr/bin:/bin:/usr/sbin:/sbin', 'PROMPT_COMMAND': 'printf "\\033]0;<mock-chroot>\\007"', 'PS1': '<mock-chroot> \\s-\\v\\$ ', 'LANG': 'en_US.UTF-8'} and shell False
DEBUG util.py:317:  Unsharing. Flags: 134217728
DEBUG util.py:617:  Child return code was: 0
DEBUG util.py:636:  child environment: None
DEBUG util.py:562:  Executing command: ['/usr/bin/systemd-nspawn', '-q', '-M', '584ab721f6fb4034b5eff67c436f612d', '-D', '/home/stig/rpmbuild/mock/6/x86_64', '-a', '--setenv=TERM=vt100', '--setenv=SHELL=/bin/bash', '--setenv=HOME=/builddir', '--setenv=HOSTNAME=mock', '--setenv=PATH=/usr/bin:/bin:/usr/sbin:/sbin', '--setenv=PROMPT_COMMAND=printf "\\033]0;<mock-chroot>\\007"', '--setenv=PS1=<mock-chroot> \\s-\\v\\$ ', '--setenv=LANG=en_US.UTF-8', '/usr/sbin/groupadd', '-g', '135', 'mock'] with env {'TERM': 'vt100', 'SHELL': '/bin/bash', 'HOME': '/builddir', 'HOSTNAME': 'mock', 'PATH': '/usr/bin:/bin:/usr/sbin:/sbin', 'PROMPT_COMMAND': 'printf "\\033]0;<mock-chroot>\\007"', 'PS1': '<mock-chroot> \\s-\\v\\$ ', 'LANG': 'en_US.UTF-8'} and shell False
DEBUG util.py:317:  Unsharing. Flags: 134217728
DEBUG util.py:617:  Child return code was: 0
DEBUG util.py:636:  child environment: None
DEBUG util.py:562:  Executing command: ['/usr/bin/systemd-nspawn', '-q', '-M', '397291ccdd044395a6e71ebafd65791f', '-D', '/home/stig/rpmbuild/mock/6/x86_64', '-a', '--setenv=TERM=vt100', '--setenv=SHELL=/bin/bash', '--setenv=HOME=/builddir', '--setenv=HOSTNAME=mock', '--setenv=PATH=/usr/bin:/bin:/usr/sbin:/sbin', '--setenv=PROMPT_COMMAND=printf "\\033]0;<mock-chroot>\\007"', '--setenv=PS1=<mock-chroot> \\s-\\v\\$ ', '--setenv=LANG=en_US.UTF-8', '/usr/sbin/useradd', '-o', '-m', '-u', '1000', '-g', '135', '-d', '/builddir', 'mockbuild'] with env {'TERM': 'vt100', 'SHELL': '/bin/bash', 'HOME': '/builddir', 'HOSTNAME': 'mock', 'PATH': '/usr/bin:/bin:/usr/sbin:/sbin', 'PROMPT_COMMAND': 'printf "\\033]0;<mock-chroot>\\007"', 'PS1': '<mock-chroot> \\s-\\v\\$ ', 'LANG': 'en_US.UTF-8'} and shell False
DEBUG util.py:317:  Unsharing. Flags: 134217728
DEBUG util.py:617:  Child return code was: 0
DEBUG util.py:110:  ensuring that dir exists: /home/stig/rpmbuild/mock/6/x86_64/builddir/build/RPMS
DEBUG util.py:113:  creating dir: /home/stig/rpmbuild/mock/6/x86_64/builddir/build/RPMS
DEBUG util.py:110:  ensuring that dir exists: /home/stig/rpmbuild/mock/6/x86_64/builddir/build/SPECS
DEBUG util.py:113:  creating dir: /home/stig/rpmbuild/mock/6/x86_64/builddir/build/SPECS
DEBUG util.py:110:  ensuring that dir exists: /home/stig/rpmbuild/mock/6/x86_64/builddir/build/SRPMS
DEBUG util.py:113:  creating dir: /home/stig/rpmbuild/mock/6/x86_64/builddir/build/SRPMS
DEBUG util.py:110:  ensuring that dir exists: /home/stig/rpmbuild/mock/6/x86_64/builddir/build/SOURCES
DEBUG util.py:113:  creating dir: /home/stig/rpmbuild/mock/6/x86_64/builddir/build/SOURCES
DEBUG util.py:110:  ensuring that dir exists: /home/stig/rpmbuild/mock/6/x86_64/builddir/build/BUILD
DEBUG util.py:113:  creating dir: /home/stig/rpmbuild/mock/6/x86_64/builddir/build/BUILD
DEBUG util.py:110:  ensuring that dir exists: /home/stig/rpmbuild/mock/6/x86_64/builddir/build/BUILDROOT
DEBUG util.py:113:  creating dir: /home/stig/rpmbuild/mock/6/x86_64/builddir/build/BUILDROOT
DEBUG util.py:110:  ensuring that dir exists: /home/stig/rpmbuild/mock/6/x86_64/builddir/build/originals
DEBUG util.py:113:  creating dir: /home/stig/rpmbuild/mock/6/x86_64/builddir/build/originals
DEBUG util.py:110:  ensuring that dir exists: /home/stig/rpmbuild/mock/6/x86_64/proc
DEBUG util.py:636:  child environment: None
DEBUG util.py:562:  Executing command: ['/bin/mount', '-n', '-t', 'proc', 'proc', '/home/stig/rpmbuild/mock/6/x86_64/proc'] with env {'TERM': 'vt100', 'SHELL': '/bin/sh', 'HOME': '/builddir', 'HOSTNAME': 'mock', 'PATH': '/usr/bin:/bin:/usr/sbin:/sbin', 'LANG': 'en_US.UTF-8'} and shell False
DEBUG util.py:617:  Child return code was: 0
DEBUG util.py:110:  ensuring that dir exists: /home/stig/rpmbuild/mock/6/x86_64/sys
DEBUG util.py:636:  child environment: None
DEBUG util.py:562:  Executing command: ['/bin/mount', '-n', '-t', 'sysfs', 'sysfs', '/home/stig/rpmbuild/mock/6/x86_64/sys'] with env {'TERM': 'vt100', 'SHELL': '/bin/sh', 'HOME': '/builddir', 'HOSTNAME': 'mock', 'PATH': '/usr/bin:/bin:/usr/sbin:/sbin', 'LANG': 'en_US.UTF-8'} and shell False
DEBUG util.py:617:  Child return code was: 0
DEBUG util.py:110:  ensuring that dir exists: /home/stig/rpmbuild/mock/6/x86_64/dev/shm
DEBUG util.py:636:  child environment: None
DEBUG util.py:562:  Executing command: ['/bin/mount', '-n', '-t', 'tmpfs', 'tmpfs', '/home/stig/rpmbuild/mock/6/x86_64/dev/shm'] with env {'TERM': 'vt100', 'SHELL': '/bin/sh', 'HOME': '/builddir', 'HOSTNAME': 'mock', 'PATH': '/usr/bin:/bin:/usr/sbin:/sbin', 'LANG': 'en_US.UTF-8'} and shell False
DEBUG util.py:617:  Child return code was: 0
DEBUG util.py:110:  ensuring that dir exists: /home/stig/rpmbuild/mock/6/x86_64/dev/pts
DEBUG util.py:636:  child environment: None
DEBUG util.py:562:  Executing command: ['/bin/mount', '-n', '-t', 'devpts', '-o', 'gid=5,mode=0620,ptmxmode=0666,newinstance', 'devpts', '/home/stig/rpmbuild/mock/6/x86_64/dev/pts'] with env {'TERM': 'vt100', 'SHELL': '/bin/sh', 'HOME': '/builddir', 'HOSTNAME': 'mock', 'PATH': '/usr/bin:/bin:/usr/sbin:/sbin', 'LANG': 'en_US.UTF-8'} and shell False
DEBUG util.py:617:  Child return code was: 0
DEBUG package_manager.py:111:  ['/usr/bin/dnf', '--installroot', '/home/stig/rpmbuild/mock/6/x86_64/', '-y', '--releasever', '6', '--disableplugin=local', '--setopt=deltarpm=False', 'update']
DEBUG util.py:636:  child environment: None
DEBUG util.py:562:  Executing command: ['/usr/bin/dnf', '--installroot', '/home/stig/rpmbuild/mock/6/x86_64/', '-y', '--releasever', '6', '--disableplugin=local', '--setopt=deltarpm=False', 'update'] with env {'TERM': 'vt100', 'SHELL': '/bin/bash', 'HOME': '/builddir', 'HOSTNAME': 'mock', 'PATH': '/usr/bin:/bin:/usr/sbin:/sbin', 'PROMPT_COMMAND': 'printf "\\033]0;<mock-chroot>\\007"', 'PS1': '<mock-chroot> \\s-\\v\\$ ', 'LANG': 'en_US.UTF-8', 'LC_MESSAGES': 'C'} and shell False
DEBUG util.py:479:  Mageia 6 - x86_64 - Updates                                                            2.4 MB/s |  13 MB     00:05    
DEBUG util.py:479:  Last metadata expiration check: 0:00:03 ago on Tue 23 Jan 2018 10:53:37 AM CET.
DEBUG util.py:479:  Dependencies resolved.
DEBUG util.py:479:  Nothing to do.
DEBUG util.py:479:  Complete!
DEBUG util.py:617:  Child return code was: 0
DEBUG util.py:636:  child environment: None
DEBUG util.py:562:  Executing command: ['/bin/umount', '-n', '-l', '/home/stig/rpmbuild/mock/6/x86_64/dev/pts'] with env {'TERM': 'vt100', 'SHELL': '/bin/sh', 'HOME': '/builddir', 'HOSTNAME': 'mock', 'PATH': '/usr/bin:/bin:/usr/sbin:/sbin', 'LANG': 'en_US.UTF-8'} and shell False
DEBUG util.py:617:  Child return code was: 0
DEBUG util.py:636:  child environment: None
DEBUG util.py:562:  Executing command: ['/bin/umount', '-n', '-l', '/home/stig/rpmbuild/mock/6/x86_64/dev/shm'] with env {'TERM': 'vt100', 'SHELL': '/bin/sh', 'HOME': '/builddir', 'HOSTNAME': 'mock', 'PATH': '/usr/bin:/bin:/usr/sbin:/sbin', 'LANG': 'en_US.UTF-8'} and shell False
DEBUG util.py:617:  Child return code was: 0
DEBUG util.py:636:  child environment: None
DEBUG util.py:562:  Executing command: ['/bin/umount', '-n', '-l', '/home/stig/rpmbuild/mock/6/x86_64/sys'] with env {'TERM': 'vt100', 'SHELL': '/bin/sh', 'HOME': '/builddir', 'HOSTNAME': 'mock', 'PATH': '/usr/bin:/bin:/usr/sbin:/sbin', 'LANG': 'en_US.UTF-8'} and shell False
DEBUG util.py:617:  Child return code was: 0
DEBUG util.py:636:  child environment: None
DEBUG util.py:562:  Executing command: ['/bin/umount', '-n', '-l', '/home/stig/rpmbuild/mock/6/x86_64/proc'] with env {'TERM': 'vt100', 'SHELL': '/bin/sh', 'HOME': '/builddir', 'HOSTNAME': 'mock', 'PATH': '/usr/bin:/bin:/usr/sbin:/sbin', 'LANG': 'en_US.UTF-8'} and shell False
DEBUG util.py:617:  Child return code was: 0
DEBUG util.py:123:  touching file: /home/stig/rpmbuild/mock/6/x86_64/.initialized
DEBUG buildroot.py:367:  removing 3 rpm db files
DEBUG buildroot.py:372:  nuke_rpm_db: removing /home/stig/rpmbuild/mock/6/x86_64/var/lib/rpm/__db.001
DEBUG buildroot.py:372:  nuke_rpm_db: removing /home/stig/rpmbuild/mock/6/x86_64/var/lib/rpm/__db.002
DEBUG buildroot.py:372:  nuke_rpm_db: removing /home/stig/rpmbuild/mock/6/x86_64/var/lib/rpm/__db.003
DEBUG util.py:636:  child environment: None
DEBUG util.py:562:  Executing command: ['/usr/bin/systemd-nspawn', '-q', '-M', '32136f1dd1e94c34b226c60fe169cabd', '-D', '/home/stig/rpmbuild/mock/6/x86_64', '-a', '--setenv=TERM=vt100', '--setenv=SHELL=/bin/bash', '--setenv=HOME=/builddir', '--setenv=HOSTNAME=mock', '--setenv=PATH=/usr/bin:/bin:/usr/sbin:/sbin', '--setenv=PROMPT_COMMAND=printf "\\033]0;<mock-chroot>\\007"', '--setenv=PS1=<mock-chroot> \\s-\\v\\$ ', '--setenv=LANG=en_US.UTF-8', '-u', 'mockbuild', '/bin/rpm', '-Uvh', '--nodeps', '/builddir/build/originals/pure-ftpd-1.0.47-1.mga7.src.rpm'] with env {'TERM': 'vt100', 'SHELL': '/bin/bash', 'HOME': '/builddir', 'HOSTNAME': 'mock', 'PATH': '/usr/bin:/bin:/usr/sbin:/sbin', 'PROMPT_COMMAND': 'printf "\\033]0;<mock-chroot>\\007"', 'PS1': '<mock-chroot> \\s-\\v\\$ ', 'LANG': 'en_US.UTF-8'} and shell False
DEBUG util.py:317:  Unsharing. Flags: 1073741824
DEBUG util.py:317:  Unsharing. Flags: 134217728
DEBUG util.py:479:  Updating / installing...
DEBUG util.py:479:  pure-ftpd-1.0.47-1.mga7               warning: user stig does not exist - using root
DEBUG util.py:479:  warning: group stig does not exist - using root
DEBUG util.py:479:  warning: user stig does not exist - using root
DEBUG util.py:479:  warning: group stig does not exist - using root
DEBUG util.py:479:  warning: user stig does not exist - using root
DEBUG util.py:479:  warning: group stig does not exist - using root
DEBUG util.py:479:  #######################################warning: user stig does not exist - using root
DEBUG util.py:479:  warning: group stig does not exist - using root
DEBUG util.py:479:  warning: user stig does not exist - using root
DEBUG util.py:479:  warning: group stig does not exist - using root
DEBUG util.py:479:  warning: user stig does not exist - using root
DEBUG util.py:479:  warning: group stig does not exist - using root
DEBUG util.py:479:  warning: user stig does not exist - using root
DEBUG util.py:479:  warning: group stig does not exist - using root
DEBUG util.py:479:  warning: user stig does not exist - using root
DEBUG util.py:479:  warning: group stig does not exist - using root
DEBUG util.py:479:  warning: user stig does not exist - using root
DEBUG util.py:479:  warning: group stig does not exist - using root
DEBUG util.py:479:  warning: user stig does not exist - using root
DEBUG util.py:479:  warning: group stig does not exist - using root
DEBUG util.py:479:  warning: user stig does not exist - using root
DEBUG util.py:479:  warning: group stig does not exist - using root
DEBUG util.py:479:  #
DEBUG util.py:617:  Child return code was: 0
DEBUG util.py:636:  child environment: None
DEBUG util.py:562:  Executing command: ['/usr/bin/systemd-nspawn', '-q', '-M', 'd5dd347413124b099ea0751ed27941fb', '-D', '/home/stig/rpmbuild/mock/6/x86_64', '-a', '--setenv=TERM=vt100', '--setenv=SHELL=/bin/bash', '--setenv=HOME=/builddir', '--setenv=HOSTNAME=mock', '--setenv=PATH=/usr/bin:/bin:/usr/sbin:/sbin', '--setenv=PROMPT_COMMAND=printf "\\033]0;<mock-chroot>\\007"', '--setenv=PS1=<mock-chroot> \\s-\\v\\$ ', '--setenv=LANG=en_US.UTF-8', '-u', 'mockbuild', '/bin/rpm', '-qpl', '/builddir/build/originals/pure-ftpd-1.0.47-1.mga7.src.rpm'] with env {'TERM': 'vt100', 'SHELL': '/bin/bash', 'HOME': '/builddir', 'HOSTNAME': 'mock', 'PATH': '/usr/bin:/bin:/usr/sbin:/sbin', 'PROMPT_COMMAND': 'printf "\\033]0;<mock-chroot>\\007"', 'PS1': '<mock-chroot> \\s-\\v\\$ ', 'LANG': 'en_US.UTF-8'} and shell False
DEBUG util.py:317:  Unsharing. Flags: 1073741824
DEBUG util.py:317:  Unsharing. Flags: 134217728
DEBUG util.py:479:  pure-ftpd-1.0.47-fedora-both-options-on-command.patch
DEBUG util.py:479:  pure-ftpd-1.0.47-mga-minuid-1000.patch
DEBUG util.py:479:  pure-ftpd-1.0.47.tar.bz2
DEBUG util.py:479:  pure-ftpd-xinetd
DEBUG util.py:479:  pure-ftpd.init
DEBUG util.py:479:  pure-ftpd.logrotate
DEBUG util.py:479:  pure-ftpd.mgaconf.patch
DEBUG util.py:479:  pure-ftpd.pam
DEBUG util.py:479:  pure-ftpd.pam-0.77
DEBUG util.py:479:  pure-ftpd.service
DEBUG util.py:479:  pure-ftpd.spec
DEBUG util.py:617:  Child return code was: 0
DEBUG util.py:636:  child environment: None
DEBUG util.py:317:  Unsharing. Flags: 1073741824
DEBUG util.py:317:  Unsharing. Flags: 134217728
DEBUG util.py:110:  ensuring that dir exists: /home/stig/rpmbuild/mock/6/x86_64/proc
DEBUG util.py:636:  child environment: None
DEBUG util.py:562:  Executing command: ['/bin/mount', '-n', '-t', 'proc', 'proc', '/home/stig/rpmbuild/mock/6/x86_64/proc'] with env {'TERM': 'vt100', 'SHELL': '/bin/sh', 'HOME': '/builddir', 'HOSTNAME': 'mock', 'PATH': '/usr/bin:/bin:/usr/sbin:/sbin', 'LANG': 'en_US.UTF-8'} and shell False
DEBUG util.py:617:  Child return code was: 0
DEBUG util.py:110:  ensuring that dir exists: /home/stig/rpmbuild/mock/6/x86_64/sys
DEBUG util.py:636:  child environment: None
DEBUG util.py:562:  Executing command: ['/bin/mount', '-n', '-t', 'sysfs', 'sysfs', '/home/stig/rpmbuild/mock/6/x86_64/sys'] with env {'TERM': 'vt100', 'SHELL': '/bin/sh', 'HOME': '/builddir', 'HOSTNAME': 'mock', 'PATH': '/usr/bin:/bin:/usr/sbin:/sbin', 'LANG': 'en_US.UTF-8'} and shell False
DEBUG util.py:617:  Child return code was: 0
DEBUG util.py:110:  ensuring that dir exists: /home/stig/rpmbuild/mock/6/x86_64/dev/shm
DEBUG util.py:636:  child environment: None
DEBUG util.py:562:  Executing command: ['/bin/mount', '-n', '-t', 'tmpfs', 'tmpfs', '/home/stig/rpmbuild/mock/6/x86_64/dev/shm'] with env {'TERM': 'vt100', 'SHELL': '/bin/sh', 'HOME': '/builddir', 'HOSTNAME': 'mock', 'PATH': '/usr/bin:/bin:/usr/sbin:/sbin', 'LANG': 'en_US.UTF-8'} and shell False
DEBUG util.py:617:  Child return code was: 0
DEBUG util.py:110:  ensuring that dir exists: /home/stig/rpmbuild/mock/6/x86_64/dev/pts
DEBUG util.py:636:  child environment: None
DEBUG util.py:562:  Executing command: ['/bin/mount', '-n', '-t', 'devpts', '-o', 'gid=5,mode=0620,ptmxmode=0666,newinstance', 'devpts', '/home/stig/rpmbuild/mock/6/x86_64/dev/pts'] with env {'TERM': 'vt100', 'SHELL': '/bin/sh', 'HOME': '/builddir', 'HOSTNAME': 'mock', 'PATH': '/usr/bin:/bin:/usr/sbin:/sbin', 'LANG': 'en_US.UTF-8'} and shell False
DEBUG util.py:617:  Child return code was: 0
DEBUG package_manager.py:111:  ['/usr/bin/dnf', 'builddep', '--installroot', '/home/stig/rpmbuild/mock/6/x86_64/', '--releasever', '6', '/home/stig/rpmbuild/mock/6/x86_64//builddir/build/SRPMS/pure-ftpd-1.0.47-1.mga6.src.rpm']
DEBUG util.py:636:  child environment: None
DEBUG util.py:562:  Executing command: ['/usr/bin/dnf', 'builddep', '--installroot', '/home/stig/rpmbuild/mock/6/x86_64/', '--releasever', '6', '/home/stig/rpmbuild/mock/6/x86_64//builddir/build/SRPMS/pure-ftpd-1.0.47-1.mga6.src.rpm'] with env {'TERM': 'vt100', 'SHELL': '/bin/bash', 'HOME': '/builddir', 'HOSTNAME': 'mock', 'PATH': '/usr/bin:/bin:/usr/sbin:/sbin', 'PROMPT_COMMAND': 'printf "\\033]0;<mock-chroot>\\007"', 'PS1': '<mock-chroot> \\s-\\v\\$ ', 'LANG': 'en_US.UTF-8', 'LC_MESSAGES': 'C'} and shell False
DEBUG util.py:479:  Mageia 6 - x86_64 - Updates                                                            3.5 MB/s |  13 MB     00:03    
DEBUG util.py:479:  Last metadata expiration check: 0:00:00 ago on Tue 23 Jan 2018 10:53:52 AM CET.
DEBUG util.py:479:  Dependencies resolved.
DEBUG util.py:479:  =======================================================================================================================
DEBUG util.py:479:   Package                             Arch                  Version                        Repository              Size
DEBUG util.py:479:  =======================================================================================================================
DEBUG util.py:479:  Installing:
DEBUG util.py:479:   lib64ldap2.4_2-devel                x86_64                2.4.45-2.mga6                  mageia                 249 k
DEBUG util.py:479:   lib64mariadb-devel                  x86_64                10.1.30-1.mga6                 updates                788 k
DEBUG util.py:479:   lib64openssl-devel                  x86_64                1.0.2n-1.mga6                  updates                1.4 M
DEBUG util.py:479:   lib64pam-devel                      x86_64                1.3.0-5.mga6                   mageia                  77 k
DEBUG util.py:479:   postgresql9.6-devel                 x86_64                9.6.6-1.mga6                   updates                1.7 M
DEBUG util.py:479:  Installing dependencies:
DEBUG util.py:479:   lib64aio1                           x86_64                0.3.110-4.mga6                 mageia                  11 k
DEBUG util.py:479:   lib64audit-devel                    x86_64                2.7.7-1.mga6                   mageia                  60 k
DEBUG util.py:479:   lib64cap-ng-devel                   x86_64                0.7.8-1.mga6                   mageia                  23 k
DEBUG util.py:479:   lib64ecpg9.6_6                      x86_64                9.6.6-1.mga6                   updates                 77 k
DEBUG util.py:479:   lib64jemalloc2                      x86_64                4.5.0-4.mga6                   mageia                 145 k
DEBUG util.py:479:   lib64lz4_1                          x86_64                1.7.5-1.mga6                   mageia                  40 k
DEBUG util.py:479:   lib64lzo2_2                         x86_64                2.09-4.mga6                    mageia                  59 k
DEBUG util.py:479:   lib64mariadb18                      x86_64                10.1.30-1.mga6                 updates                565 k
DEBUG util.py:479:   lib64pq5                            x86_64                9.6.6-1.mga6                   updates                 82 k
DEBUG util.py:479:   lib64sasl2-devel                    x86_64                2.1.26-12.mga6                 mageia                  75 k
DEBUG util.py:479:   lib64wrap-devel                     x86_64                7.6-47.mga6                    mageia                  69 k
DEBUG util.py:479:   lib64wrap0                          x86_64                7.6-47.mga6                    mageia                  38 k
DEBUG util.py:479:   lib64zlib-devel                     x86_64                1.2.11-4.1.mga6                updates                219 k
DEBUG util.py:479:   mariadb-client                      x86_64                10.1.30-1.mga6                 updates                5.1 M
DEBUG util.py:479:   mariadb-common                      x86_64                10.1.30-1.mga6                 updates                2.7 M
DEBUG util.py:479:   perl-DBI                            x86_64                1.636.0-2.mga6                 mageia                 628 k
DEBUG util.py:479:   postgresql9.6                       x86_64                9.6.6-1.mga6                   updates                1.3 M
DEBUG util.py:479:  Transaction Summary
DEBUG util.py:479:  =======================================================================================================================
DEBUG util.py:479:  Install  22 Packages
DEBUG util.py:479:  Total size: 15 M
DEBUG util.py:479:  Total download size: 15 M
DEBUG util.py:479:  Installed size: 160 M
DEBUG util.py:479:  Downloading Packages:
DEBUG util.py:479:  [SKIPPED] lib64zlib-devel-1.2.11-4.1.mga6.x86_64.rpm: Already downloaded                                              
DEBUG util.py:479:  [MIRROR] lib64mariadb-devel-10.1.30-1.mga6.x86_64.rpm: Status code: 404 for http://mageia.ip-connect.vn.ua/distrib/6/x86_64/media/core/updates/lib64mariadb-devel-10.1.30-1.mga6.x86_64.rpm
DEBUG util.py:479:  (2/22): lib64pam-devel-1.3.0-5.mga6.x86_64.rpm                                         382 kB/s |  77 kB     00:00    
DEBUG util.py:479:  [MIRROR] lib64openssl-devel-1.0.2n-1.mga6.x86_64.rpm: Status code: 404 for http://mageia.ip-connect.vn.ua/distrib/6/x86_64/media/core/updates/lib64openssl-devel-1.0.2n-1.mga6.x86_64.rpm
DEBUG util.py:479:  (3/22): lib64ldap2.4_2-devel-2.4.45-2.mga6.x86_64.rpm                                  853 kB/s | 249 kB     00:00    
DEBUG util.py:479:  [MIRROR] lib64mariadb-devel-10.1.30-1.mga6.x86_64.rpm: Status code: 404 for http://mirror.onet.pl/pub/mirrors/mageia/distrib/6/x86_64/media/core/updates/lib64mariadb-devel-10.1.30-1.mga6.x86_64.rpm
DEBUG util.py:479:  (4/22): lib64sasl2-devel-2.1.26-12.mga6.x86_64.rpm                                     971 kB/s |  75 kB     00:00    
DEBUG util.py:479:  [MIRROR] lib64openssl-devel-1.0.2n-1.mga6.x86_64.rpm: Status code: 404 for http://mirror.onet.pl/pub/mirrors/mageia/distrib/6/x86_64/media/core/updates/lib64openssl-devel-1.0.2n-1.mga6.x86_64.rpm
DEBUG util.py:479:  (5/22): lib64wrap-devel-7.6-47.mga6.x86_64.rpm                                         547 kB/s |  69 kB     00:00    
DEBUG util.py:479:  (6/22): lib64audit-devel-2.7.7-1.mga6.x86_64.rpm                                       812 kB/s |  60 kB     00:00    
DEBUG util.py:479:  [MIRROR] lib64mariadb18-10.1.30-1.mga6.x86_64.rpm: Status code: 404 for http://mageia.ip-connect.vn.ua/distrib/6/x86_64/media/core/updates/lib64mariadb18-10.1.30-1.mga6.x86_64.rpm
DEBUG util.py:479:  [MIRROR] lib64mariadb18-10.1.30-1.mga6.x86_64.rpm: Status code: 404 for http://mirror.onet.pl/pub/mirrors/mageia/distrib/6/x86_64/media/core/updates/lib64mariadb18-10.1.30-1.mga6.x86_64.rpm
DEBUG util.py:479:  (7/22): lib64mariadb-devel-10.1.30-1.mga6.x86_64.rpm                                   897 kB/s | 788 kB     00:00    
DEBUG util.py:479:  [MIRROR] mariadb-client-10.1.30-1.mga6.x86_64.rpm: Status code: 404 for http://mirror.onet.pl/pub/mirrors/mageia/distrib/6/x86_64/media/core/updates/mariadb-client-10.1.30-1.mga6.x86_64.rpm
DEBUG util.py:479:  [MIRROR] mariadb-client-10.1.30-1.mga6.x86_64.rpm: Status code: 404 for http://mageia.ip-connect.vn.ua/distrib/6/x86_64/media/core/updates/mariadb-client-10.1.30-1.mga6.x86_64.rpm
DEBUG util.py:479:  (8/22): lib64openssl-devel-1.0.2n-1.mga6.x86_64.rpm                                    1.5 MB/s | 1.4 MB     00:00    
DEBUG util.py:479:  (9/22): lib64mariadb18-10.1.30-1.mga6.x86_64.rpm                                       710 kB/s | 565 kB     00:00    
DEBUG util.py:479:  (10/22): lib64wrap0-7.6-47.mga6.x86_64.rpm                                             347 kB/s |  38 kB     00:00    
DEBUG util.py:479:  (11/22): lib64cap-ng-devel-0.7.8-1.mga6.x86_64.rpm                                     351 kB/s |  23 kB     00:00    
DEBUG util.py:479:  (12/22): lib64aio1-0.3.110-4.mga6.x86_64.rpm                                           126 kB/s |  11 kB     00:00    
DEBUG util.py:479:  (13/22): mariadb-client-10.1.30-1.mga6.x86_64.rpm                                      2.9 MB/s | 5.1 MB     00:01    
DEBUG util.py:479:  (14/22): lib64jemalloc2-4.5.0-4.mga6.x86_64.rpm                                        138 kB/s | 145 kB     00:01    
DEBUG util.py:479:  (15/22): lib64lz4_1-1.7.5-1.mga6.x86_64.rpm                                            365 kB/s |  40 kB     00:00    
DEBUG util.py:479:  (16/22): lib64lzo2_2-2.09-4.mga6.x86_64.rpm                                            631 kB/s |  59 kB     00:00    
DEBUG util.py:479:  (17/22): perl-DBI-1.636.0-2.mga6.x86_64.rpm                                            3.0 MB/s | 628 kB     00:00    
DEBUG util.py:479:  (18/22): mariadb-common-10.1.30-1.mga6.x86_64.rpm                                      1.3 MB/s | 2.7 MB     00:02    
DEBUG util.py:479:  (19/22): lib64ecpg9.6_6-9.6.6-1.mga6.x86_64.rpm                                        197 kB/s |  77 kB     00:00    
DEBUG util.py:479:  (20/22): postgresql9.6-devel-9.6.6-1.mga6.x86_64.rpm                                   2.5 MB/s | 1.7 MB     00:00    
DEBUG util.py:479:  (21/22): lib64pq5-9.6.6-1.mga6.x86_64.rpm                                              222 kB/s |  82 kB     00:00    
DEBUG util.py:479:  (22/22): postgresql9.6-9.6.6-1.mga6.x86_64.rpm                                         2.1 MB/s | 1.3 MB     00:00    
DEBUG util.py:479:  -----------------------------------------------------------------------------------------------------------------------
DEBUG util.py:479:  Total                                                                                  3.5 MB/s |  15 MB     00:04     
DEBUG util.py:479:  Running transaction check
DEBUG util.py:479:  Transaction check succeeded.
DEBUG util.py:479:  Running transaction test
DEBUG util.py:479:  Transaction test succeeded.
DEBUG util.py:479:  Running transaction
DEBUG util.py:479:    Preparing        :                                                                                               1/1 
DEBUG util.py:479:    Installing       : lib64pq5-9.6.6-1.mga6.x86_64                                                                 1/22 
DEBUG util.py:479:    Installing       : postgresql9.6-9.6.6-1.mga6.x86_64                                                            2/22 
DEBUG util.py:479:    Installing       : lib64zlib-devel-1.2.11-4.1.mga6.x86_64                                                       3/22 
DEBUG util.py:479:    Installing       : lib64openssl-devel-1.0.2n-1.mga6.x86_64                                                      4/22 
DEBUG util.py:479:    Installing       : lib64wrap0-7.6-47.mga6.x86_64                                                                5/22 
DEBUG util.py:479:    Installing       : lib64mariadb18-10.1.30-1.mga6.x86_64                                                         6/22 
DEBUG util.py:479:    Installing       : lib64wrap-devel-7.6-47.mga6.x86_64                                                           7/22 
DEBUG util.py:479:    Installing       : lib64ecpg9.6_6-9.6.6-1.mga6.x86_64                                                           8/22 
DEBUG util.py:479:    Installing       : perl-DBI-1.636.0-2.mga6.x86_64                                                               9/22 
DEBUG util.py:479:    Installing       : lib64lzo2_2-2.09-4.mga6.x86_64                                                              10/22 
DEBUG util.py:479:    Installing       : lib64lz4_1-1.7.5-1.mga6.x86_64                                                              11/22 
DEBUG util.py:479:    Installing       : lib64jemalloc2-4.5.0-4.mga6.x86_64                                                          12/22 
DEBUG util.py:479:    Installing       : lib64aio1-0.3.110-4.mga6.x86_64                                                             13/22 
DEBUG util.py:479:    Installing       : mariadb-client-10.1.30-1.mga6.x86_64                                                        14/22 
DEBUG util.py:479:    Running scriptlet: mariadb-common-10.1.30-1.mga6.x86_64                                                        15/22 
DEBUG util.py:479:    Installing       : mariadb-common-10.1.30-1.mga6.x86_64                                                        15/22 
DEBUG util.py:479:    Installing       : lib64cap-ng-devel-0.7.8-1.mga6.x86_64                                                       16/22 
DEBUG util.py:479:    Installing       : lib64audit-devel-2.7.7-1.mga6.x86_64                                                        17/22 
DEBUG util.py:479:    Installing       : lib64pam-devel-1.3.0-5.mga6.x86_64                                                          18/22 
DEBUG util.py:479:    Installing       : lib64sasl2-devel-2.1.26-12.mga6.x86_64                                                      19/22 
DEBUG util.py:479:    Installing       : lib64ldap2.4_2-devel-2.4.45-2.mga6.x86_64                                                   20/22 
DEBUG util.py:479:    Installing       : lib64mariadb-devel-10.1.30-1.mga6.x86_64                                                    21/22 
DEBUG util.py:479:    Installing       : postgresql9.6-devel-9.6.6-1.mga6.x86_64                                                     22/22 
DEBUG util.py:479:    Running scriptlet: postgresql9.6-devel-9.6.6-1.mga6.x86_64                                                     22/22 
DEBUG util.py:479:    Verifying        : lib64ldap2.4_2-devel-2.4.45-2.mga6.x86_64                                                    1/22 
DEBUG util.py:479:    Verifying        : lib64pam-devel-1.3.0-5.mga6.x86_64                                                           2/22 
DEBUG util.py:479:    Verifying        : lib64mariadb-devel-10.1.30-1.mga6.x86_64                                                     3/22 
DEBUG util.py:479:    Verifying        : lib64openssl-devel-1.0.2n-1.mga6.x86_64                                                      4/22 
DEBUG util.py:479:    Verifying        : lib64sasl2-devel-2.1.26-12.mga6.x86_64                                                       5/22 
DEBUG util.py:479:    Verifying        : lib64wrap-devel-7.6-47.mga6.x86_64                                                           6/22 
DEBUG util.py:479:    Verifying        : lib64audit-devel-2.7.7-1.mga6.x86_64                                                         7/22 
DEBUG util.py:479:    Verifying        : lib64mariadb18-10.1.30-1.mga6.x86_64                                                         8/22 
DEBUG util.py:479:    Verifying        : mariadb-client-10.1.30-1.mga6.x86_64                                                         9/22 
DEBUG util.py:479:    Verifying        : mariadb-common-10.1.30-1.mga6.x86_64                                                        10/22 
DEBUG util.py:479:    Verifying        : lib64wrap0-7.6-47.mga6.x86_64                                                               11/22 
DEBUG util.py:479:    Verifying        : lib64cap-ng-devel-0.7.8-1.mga6.x86_64                                                       12/22 
DEBUG util.py:479:    Verifying        : lib64aio1-0.3.110-4.mga6.x86_64                                                             13/22 
DEBUG util.py:479:    Verifying        : lib64jemalloc2-4.5.0-4.mga6.x86_64                                                          14/22 
DEBUG util.py:479:    Verifying        : lib64lz4_1-1.7.5-1.mga6.x86_64                                                              15/22 
DEBUG util.py:479:    Verifying        : lib64lzo2_2-2.09-4.mga6.x86_64                                                              16/22 
DEBUG util.py:479:    Verifying        : perl-DBI-1.636.0-2.mga6.x86_64                                                              17/22 
DEBUG util.py:479:    Verifying        : postgresql9.6-devel-9.6.6-1.mga6.x86_64                                                     18/22 
DEBUG util.py:479:    Verifying        : lib64ecpg9.6_6-9.6.6-1.mga6.x86_64                                                          19/22 
DEBUG util.py:479:    Verifying        : lib64pq5-9.6.6-1.mga6.x86_64                                                                20/22 
DEBUG util.py:479:    Verifying        : postgresql9.6-9.6.6-1.mga6.x86_64                                                           21/22 
DEBUG util.py:479:    Verifying        : lib64zlib-devel-1.2.11-4.1.mga6.x86_64                                                      22/22 
DEBUG util.py:479:  Installed:
DEBUG util.py:479:    lib64ldap2.4_2-devel.x86_64 2.4.45-2.mga6                  lib64mariadb-devel.x86_64 10.1.30-1.mga6                 
DEBUG util.py:479:    lib64openssl-devel.x86_64 1.0.2n-1.mga6                    lib64pam-devel.x86_64 1.3.0-5.mga6                       
DEBUG util.py:479:    postgresql9.6-devel.x86_64 9.6.6-1.mga6                    lib64aio1.x86_64 0.3.110-4.mga6                          
DEBUG util.py:479:    lib64audit-devel.x86_64 2.7.7-1.mga6                       lib64cap-ng-devel.x86_64 0.7.8-1.mga6                    
DEBUG util.py:479:    lib64ecpg9.6_6.x86_64 9.6.6-1.mga6                         lib64jemalloc2.x86_64 4.5.0-4.mga6                       
DEBUG util.py:479:    lib64lz4_1.x86_64 1.7.5-1.mga6                             lib64lzo2_2.x86_64 2.09-4.mga6                           
DEBUG util.py:479:    lib64mariadb18.x86_64 10.1.30-1.mga6                       lib64pq5.x86_64 9.6.6-1.mga6                             
DEBUG util.py:479:    lib64sasl2-devel.x86_64 2.1.26-12.mga6                     lib64wrap-devel.x86_64 7.6-47.mga6                       
DEBUG util.py:479:    lib64wrap0.x86_64 7.6-47.mga6                              lib64zlib-devel.x86_64 1.2.11-4.1.mga6                   
DEBUG util.py:479:    mariadb-client.x86_64 10.1.30-1.mga6                       mariadb-common.x86_64 10.1.30-1.mga6                     
DEBUG util.py:479:    perl-DBI.x86_64 1.636.0-2.mga6                             postgresql9.6.x86_64 9.6.6-1.mga6                        
DEBUG util.py:479:  Complete!
DEBUG util.py:617:  Child return code was: 0
DEBUG util.py:636:  child environment: None
DEBUG util.py:562:  Executing command: ['/bin/umount', '-n', '-l', '/home/stig/rpmbuild/mock/6/x86_64/dev/pts'] with env {'TERM': 'vt100', 'SHELL': '/bin/sh', 'HOME': '/builddir', 'HOSTNAME': 'mock', 'PATH': '/usr/bin:/bin:/usr/sbin:/sbin', 'LANG': 'en_US.UTF-8'} and shell False
DEBUG util.py:617:  Child return code was: 0
DEBUG util.py:636:  child environment: None
DEBUG util.py:562:  Executing command: ['/bin/umount', '-n', '-l', '/home/stig/rpmbuild/mock/6/x86_64/dev/shm'] with env {'TERM': 'vt100', 'SHELL': '/bin/sh', 'HOME': '/builddir', 'HOSTNAME': 'mock', 'PATH': '/usr/bin:/bin:/usr/sbin:/sbin', 'LANG': 'en_US.UTF-8'} and shell False
DEBUG util.py:617:  Child return code was: 0
DEBUG util.py:636:  child environment: None
DEBUG util.py:562:  Executing command: ['/bin/umount', '-n', '-l', '/home/stig/rpmbuild/mock/6/x86_64/sys'] with env {'TERM': 'vt100', 'SHELL': '/bin/sh', 'HOME': '/builddir', 'HOSTNAME': 'mock', 'PATH': '/usr/bin:/bin:/usr/sbin:/sbin', 'LANG': 'en_US.UTF-8'} and shell False
DEBUG util.py:617:  Child return code was: 0
DEBUG util.py:636:  child environment: None
DEBUG util.py:562:  Executing command: ['/bin/umount', '-n', '-l', '/home/stig/rpmbuild/mock/6/x86_64/proc'] with env {'TERM': 'vt100', 'SHELL': '/bin/sh', 'HOME': '/builddir', 'HOSTNAME': 'mock', 'PATH': '/usr/bin:/bin:/usr/sbin:/sbin', 'LANG': 'en_US.UTF-8'} and shell False
DEBUG util.py:617:  Child return code was: 0
DEBUG util.py:636:  child environment: None
DEBUG util.py:562:  Executing command: rpm -qa --root '/home/stig/rpmbuild/mock/6/x86_64' --qf '%{nevra} %{buildtime} %{size} %{pkgid} installed\n' > mock/installed_pkgs.log with env {'TERM': 'vt100', 'SHELL': '/bin/bash', 'HOME': '/builddir', 'HOSTNAME': 'mock', 'PATH': '/usr/bin:/bin:/usr/sbin:/sbin', 'PROMPT_COMMAND': 'printf "\\033]0;<mock-chroot>\\007"', 'PS1': '<mock-chroot> \\s-\\v\\$ ', 'LANG': 'en_US.UTF-8'} and shell True
DEBUG util.py:617:  Child return code was: 0
DEBUG util.py:636:  child environment: None
DEBUG util.py:317:  Unsharing. Flags: 1073741824
DEBUG util.py:317:  Unsharing. Flags: 134217728
DEBUG backend.py:505:  Copying packages to result dir
DEBUG util.py:222:  kill orphans
DEBUG util.py:636:  child environment: None
DEBUG util.py:562:  Executing command: ['/bin/umount', '-n', '/home/stig/rpmbuild/mock/6/x86_64/var/cache/dnf/'] with env {'TERM': 'vt100', 'SHELL': '/bin/sh', 'HOME': '/builddir', 'HOSTNAME': 'mock', 'PATH': '/usr/bin:/bin:/usr/sbin:/sbin', 'LANG': 'en_US.UTF-8'} and shell False
DEBUG util.py:617:  Child return code was: 0
DEBUG util.py:636:  child environment: None
DEBUG util.py:562:  Executing command: ['btrfs', 'subv', 'list', '/var/lib/mock'] with env {'TERM': 'vt100', 'SHELL': '/bin/sh', 'HOME': '/builddir', 'HOSTNAME': 'mock', 'PATH': '/usr/bin:/bin:/usr/sbin:/sbin', 'LANG': 'en_US.UTF-8'} and shell False
DEBUG util.py:479:  ERROR: not a btrfs filesystem: /var/lib/mock
DEBUG util.py:479:  ERROR: can't access '/var/lib/mock'
DEBUG util.py:617:  Child return code was: 1
DEBUG util.py:1339:  Please ignore the error above above about btrfs.
