Mock Version: 1.4.8
ENTER ['do'](['bash', '--login', '-c', '/usr/bin/rpmbuild -bs --target x86_64 --nodeps /builddir/build/SPECS/pure-ftpd.spec'], gid=135nspawn_args=[]user='mockbuild'uid=1000unshare_net=Trueshell=Falselogger=<mockbuild.trace_decorator.getLog object at 0x7fcd6e031e10>env={'PATH': '/usr/bin:/bin:/usr/sbin:/sbin', 'PS1': '<mock-chroot> \\s-\\v\\$ ', 'PROMPT_COMMAND': 'printf "\\033]0;<mock-chroot>\\007"', 'SHELL': '/bin/bash', 'TERM': 'vt100', 'HOME': '/builddir', 'LANG': 'en_US.UTF-8', 'HOSTNAME': 'mock'}timeout=0chrootPath='/mock/cauldron/x86_64'printOutput=True)
Executing command: ['/usr/bin/systemd-nspawn', '-q', '-M', 'd3d8fba3b6144f8db0de30bb3f2bc7e3', '-D', '/mock/cauldron/x86_64', '-a', '--setenv=PATH=/usr/bin:/bin:/usr/sbin:/sbin', '--setenv=PS1=<mock-chroot> \\s-\\v\\$ ', '--setenv=PROMPT_COMMAND=printf "\\033]0;<mock-chroot>\\007"', '--setenv=SHELL=/bin/bash', '--setenv=TERM=vt100', '--setenv=HOME=/builddir', '--setenv=LANG=en_US.UTF-8', '--setenv=HOSTNAME=mock', '-u', 'mockbuild', 'bash', '--login', '-c', '/usr/bin/rpmbuild -bs --target x86_64 --nodeps /builddir/build/SPECS/pure-ftpd.spec'] with env {'PATH': '/usr/bin:/bin:/usr/sbin:/sbin', 'PS1': '<mock-chroot> \\s-\\v\\$ ', 'PROMPT_COMMAND': 'printf "\\033]0;<mock-chroot>\\007"', 'SHELL': '/bin/bash', 'TERM': 'vt100', 'HOME': '/builddir', 'LANG': 'en_US.UTF-8', 'HOSTNAME': 'mock'} and shell False
/etc/profile.d/lang.sh: line 28: warning: setlocale: LC_CTYPE: cannot change locale (en_US.UTF-8): No such file or directory
/etc/profile.d/lang.sh: line 29: warning: setlocale: LC_COLLATE: cannot change locale (en_US.UTF-8): No such file or directory
/etc/profile.d/lang.sh: line 32: warning: setlocale: LC_MESSAGES: cannot change locale (en_US.UTF-8): No such file or directory
/etc/profile.d/lang.sh: line 35: warning: setlocale: LC_NUMERIC: cannot change locale (en_US.UTF-8): No such file or directory
/etc/profile.d/lang.sh: line 38: warning: setlocale: LC_TIME: cannot change locale (en_US.UTF-8): No such file or directory
Building target platforms: x86_64
Building for target x86_64
Wrote: /builddir/build/SRPMS/pure-ftpd-1.0.47-1.mga7.src.rpm
Child return code was: 0
Mock Version: 1.4.8
ENTER ['do'](['bash', '--login', '-c', '/usr/bin/rpmbuild -bs --target x86_64 --nodeps /builddir/build/SPECS/pure-ftpd.spec'], unshare_net=Trueuid=1000env={'LANG': 'en_US.UTF-8', 'SHELL': '/bin/bash', 'HOME': '/builddir', 'PATH': '/usr/bin:/bin:/usr/sbin:/sbin', 'PROMPT_COMMAND': 'printf "\\033]0;<mock-chroot>\\007"', 'TERM': 'vt100', 'PS1': '<mock-chroot> \\s-\\v\\$ ', 'HOSTNAME': 'mock'}chrootPath='/mock/cauldron/x86_64'printOutput=Truegid=135shell=Falsenspawn_args=[]user='mockbuild'logger=<mockbuild.trace_decorator.getLog object at 0x7faf86906e10>timeout=0)
Executing command: ['/usr/bin/systemd-nspawn', '-q', '-M', 'c7ea44563b5d4f9fa8a60d311f6cc785', '-D', '/mock/cauldron/x86_64', '-a', '--setenv=LANG=en_US.UTF-8', '--setenv=SHELL=/bin/bash', '--setenv=HOME=/builddir', '--setenv=PATH=/usr/bin:/bin:/usr/sbin:/sbin', '--setenv=PROMPT_COMMAND=printf "\\033]0;<mock-chroot>\\007"', '--setenv=TERM=vt100', '--setenv=PS1=<mock-chroot> \\s-\\v\\$ ', '--setenv=HOSTNAME=mock', '-u', 'mockbuild', 'bash', '--login', '-c', '/usr/bin/rpmbuild -bs --target x86_64 --nodeps /builddir/build/SPECS/pure-ftpd.spec'] with env {'LANG': 'en_US.UTF-8', 'SHELL': '/bin/bash', 'HOME': '/builddir', 'PATH': '/usr/bin:/bin:/usr/sbin:/sbin', 'PROMPT_COMMAND': 'printf "\\033]0;<mock-chroot>\\007"', 'TERM': 'vt100', 'PS1': '<mock-chroot> \\s-\\v\\$ ', 'HOSTNAME': 'mock'} and shell False
/etc/profile.d/lang.sh: line 28: warning: setlocale: LC_CTYPE: cannot change locale (en_US.UTF-8): No such file or directory
/etc/profile.d/lang.sh: line 29: warning: setlocale: LC_COLLATE: cannot change locale (en_US.UTF-8): No such file or directory
/etc/profile.d/lang.sh: line 32: warning: setlocale: LC_MESSAGES: cannot change locale (en_US.UTF-8): No such file or directory
/etc/profile.d/lang.sh: line 35: warning: setlocale: LC_NUMERIC: cannot change locale (en_US.UTF-8): No such file or directory
/etc/profile.d/lang.sh: line 38: warning: setlocale: LC_TIME: cannot change locale (en_US.UTF-8): No such file or directory
Building target platforms: x86_64
Building for target x86_64
Wrote: /builddir/build/SRPMS/pure-ftpd-1.0.47-1.mga7.src.rpm
Child return code was: 0
Mock Version: 1.4.8
ENTER ['do'](['bash', '--login', '-c', '/usr/bin/rpmbuild -bs --target x86_64 --nodeps /builddir/build/SPECS/pure-ftpd.spec'], user='mockbuild'timeout=0printOutput=TruechrootPath='/mock/cauldron/x86_64'uid=1000unshare_net=Trueenv={'PATH': '/usr/bin:/bin:/usr/sbin:/sbin', 'PROMPT_COMMAND': 'printf "\\033]0;<mock-chroot>\\007"', 'PS1': '<mock-chroot> \\s-\\v\\$ ', 'SHELL': '/bin/bash', 'TERM': 'vt100', 'HOME': '/builddir', 'HOSTNAME': 'mock', 'LANG': 'en_US.UTF-8'}gid=135logger=<mockbuild.trace_decorator.getLog object at 0x7f04f9435dd8>shell=Falsenspawn_args=[])
Executing command: ['/usr/bin/systemd-nspawn', '-q', '-M', 'b06d8f4c054147bb9c9c780aac94fda5', '-D', '/mock/cauldron/x86_64', '-a', '--setenv=PATH=/usr/bin:/bin:/usr/sbin:/sbin', '--setenv=PROMPT_COMMAND=printf "\\033]0;<mock-chroot>\\007"', '--setenv=PS1=<mock-chroot> \\s-\\v\\$ ', '--setenv=SHELL=/bin/bash', '--setenv=TERM=vt100', '--setenv=HOME=/builddir', '--setenv=HOSTNAME=mock', '--setenv=LANG=en_US.UTF-8', '-u', 'mockbuild', 'bash', '--login', '-c', '/usr/bin/rpmbuild -bs --target x86_64 --nodeps /builddir/build/SPECS/pure-ftpd.spec'] with env {'PATH': '/usr/bin:/bin:/usr/sbin:/sbin', 'PROMPT_COMMAND': 'printf "\\033]0;<mock-chroot>\\007"', 'PS1': '<mock-chroot> \\s-\\v\\$ ', 'SHELL': '/bin/bash', 'TERM': 'vt100', 'HOME': '/builddir', 'HOSTNAME': 'mock', 'LANG': 'en_US.UTF-8'} and shell False
/etc/profile.d/lang.sh: line 28: warning: setlocale: LC_CTYPE: cannot change locale (en_US.UTF-8): No such file or directory
/etc/profile.d/lang.sh: line 29: warning: setlocale: LC_COLLATE: cannot change locale (en_US.UTF-8): No such file or directory
/etc/profile.d/lang.sh: line 32: warning: setlocale: LC_MESSAGES: cannot change locale (en_US.UTF-8): No such file or directory
/etc/profile.d/lang.sh: line 35: warning: setlocale: LC_NUMERIC: cannot change locale (en_US.UTF-8): No such file or directory
/etc/profile.d/lang.sh: line 38: warning: setlocale: LC_TIME: cannot change locale (en_US.UTF-8): No such file or directory
Building target platforms: x86_64
Building for target x86_64
Wrote: /builddir/build/SRPMS/pure-ftpd-1.0.47-1.mga7.src.rpm
Child return code was: 0
Mock Version: 1.4.8
ENTER ['do'](['bash', '--login', '-c', '/usr/bin/rpmbuild -bs --target x86_64 --nodeps /builddir/build/SPECS/pure-ftpd.spec'], shell=Falsetimeout=0user='mockbuild'uid=1000env={'PATH': '/usr/bin:/bin:/usr/sbin:/sbin', 'PROMPT_COMMAND': 'printf "\\033]0;<mock-chroot>\\007"', 'PS1': '<mock-chroot> \\s-\\v\\$ ', 'SHELL': '/bin/bash', 'HOME': '/builddir', 'HOSTNAME': 'mock', 'LANG': 'en_US.UTF-8', 'TERM': 'vt100'}nspawn_args=[]logger=<mockbuild.trace_decorator.getLog object at 0x7f105cc4add8>unshare_net=Truegid=135chrootPath='/mock/cauldron/x86_64'printOutput=True)
Executing command: ['/usr/bin/systemd-nspawn', '-q', '-M', '9f6ee4f6e6f24fa6bd20ef1921994365', '-D', '/mock/cauldron/x86_64', '-a', '--setenv=PATH=/usr/bin:/bin:/usr/sbin:/sbin', '--setenv=PROMPT_COMMAND=printf "\\033]0;<mock-chroot>\\007"', '--setenv=PS1=<mock-chroot> \\s-\\v\\$ ', '--setenv=SHELL=/bin/bash', '--setenv=HOME=/builddir', '--setenv=HOSTNAME=mock', '--setenv=LANG=en_US.UTF-8', '--setenv=TERM=vt100', '-u', 'mockbuild', 'bash', '--login', '-c', '/usr/bin/rpmbuild -bs --target x86_64 --nodeps /builddir/build/SPECS/pure-ftpd.spec'] with env {'PATH': '/usr/bin:/bin:/usr/sbin:/sbin', 'PROMPT_COMMAND': 'printf "\\033]0;<mock-chroot>\\007"', 'PS1': '<mock-chroot> \\s-\\v\\$ ', 'SHELL': '/bin/bash', 'HOME': '/builddir', 'HOSTNAME': 'mock', 'LANG': 'en_US.UTF-8', 'TERM': 'vt100'} and shell False
/etc/profile.d/lang.sh: line 28: warning: setlocale: LC_CTYPE: cannot change locale (en_US.UTF-8): No such file or directory
/etc/profile.d/lang.sh: line 29: warning: setlocale: LC_COLLATE: cannot change locale (en_US.UTF-8): No such file or directory
/etc/profile.d/lang.sh: line 32: warning: setlocale: LC_MESSAGES: cannot change locale (en_US.UTF-8): No such file or directory
/etc/profile.d/lang.sh: line 35: warning: setlocale: LC_NUMERIC: cannot change locale (en_US.UTF-8): No such file or directory
/etc/profile.d/lang.sh: line 38: warning: setlocale: LC_TIME: cannot change locale (en_US.UTF-8): No such file or directory
Building target platforms: x86_64
Building for target x86_64
Wrote: /builddir/build/SRPMS/pure-ftpd-1.0.47-1.mga7.src.rpm
Child return code was: 0
Mock Version: 1.4.8
ENTER ['do'](['bash', '--login', '-c', '/usr/bin/rpmbuild -bs --target x86_64 --nodeps /builddir/build/SPECS/pure-ftpd.spec'], unshare_net=Trueshell=Falseuid=1000timeout=0gid=135nspawn_args=[]printOutput=Truelogger=<mockbuild.trace_decorator.getLog object at 0x7f8582b3eda0>user='mockbuild'env={'SHELL': '/bin/bash', 'HOSTNAME': 'mock', 'HOME': '/builddir', 'PS1': '<mock-chroot> \\s-\\v\\$ ', 'PROMPT_COMMAND': 'printf "\\033]0;<mock-chroot>\\007"', 'LANG': 'en_US.UTF-8', 'PATH': '/usr/bin:/bin:/usr/sbin:/sbin', 'TERM': 'vt100'}chrootPath='/mock/cauldron/x86_64')
Executing command: ['/usr/bin/systemd-nspawn', '-q', '-M', '0146053da5ee47d9aadd72fb19c36e5d', '-D', '/mock/cauldron/x86_64', '-a', '--setenv=SHELL=/bin/bash', '--setenv=HOSTNAME=mock', '--setenv=HOME=/builddir', '--setenv=PS1=<mock-chroot> \\s-\\v\\$ ', '--setenv=PROMPT_COMMAND=printf "\\033]0;<mock-chroot>\\007"', '--setenv=LANG=en_US.UTF-8', '--setenv=PATH=/usr/bin:/bin:/usr/sbin:/sbin', '--setenv=TERM=vt100', '-u', 'mockbuild', 'bash', '--login', '-c', '/usr/bin/rpmbuild -bs --target x86_64 --nodeps /builddir/build/SPECS/pure-ftpd.spec'] with env {'SHELL': '/bin/bash', 'HOSTNAME': 'mock', 'HOME': '/builddir', 'PS1': '<mock-chroot> \\s-\\v\\$ ', 'PROMPT_COMMAND': 'printf "\\033]0;<mock-chroot>\\007"', 'LANG': 'en_US.UTF-8', 'PATH': '/usr/bin:/bin:/usr/sbin:/sbin', 'TERM': 'vt100'} and shell False
/etc/profile.d/lang.sh: line 28: warning: setlocale: LC_CTYPE: cannot change locale (en_US.UTF-8): No such file or directory
/etc/profile.d/lang.sh: line 29: warning: setlocale: LC_COLLATE: cannot change locale (en_US.UTF-8): No such file or directory
/etc/profile.d/lang.sh: line 32: warning: setlocale: LC_MESSAGES: cannot change locale (en_US.UTF-8): No such file or directory
/etc/profile.d/lang.sh: line 35: warning: setlocale: LC_NUMERIC: cannot change locale (en_US.UTF-8): No such file or directory
/etc/profile.d/lang.sh: line 38: warning: setlocale: LC_TIME: cannot change locale (en_US.UTF-8): No such file or directory
Building target platforms: x86_64
Building for target x86_64
Wrote: /builddir/build/SRPMS/pure-ftpd-1.0.47-1.mga7.src.rpm
Child return code was: 0
Mock Version: 1.4.8
ENTER ['do'](['bash', '--login', '-c', '/usr/bin/rpmbuild -bs --target x86_64 --nodeps /builddir/build/SPECS/pure-ftpd.spec'], uid=1000chrootPath='/mock/cauldron/x86_64'env={'PS1': '<mock-chroot> \\s-\\v\\$ ', 'PROMPT_COMMAND': 'printf "\\033]0;<mock-chroot>\\007"', 'HOME': '/builddir', 'SHELL': '/bin/bash', 'PATH': '/usr/bin:/bin:/usr/sbin:/sbin', 'HOSTNAME': 'mock', 'TERM': 'vt100', 'LANG': 'en_US.UTF-8'}shell=Falseuser='mockbuild'nspawn_args=[]timeout=0printOutput=Truegid=135logger=<mockbuild.trace_decorator.getLog object at 0x7fbc2c2d4da0>unshare_net=True)
Executing command: ['/usr/bin/systemd-nspawn', '-q', '-M', 'a894a41383564b478859bfd71f5df0ce', '-D', '/mock/cauldron/x86_64', '-a', '--setenv=PS1=<mock-chroot> \\s-\\v\\$ ', '--setenv=PROMPT_COMMAND=printf "\\033]0;<mock-chroot>\\007"', '--setenv=HOME=/builddir', '--setenv=SHELL=/bin/bash', '--setenv=PATH=/usr/bin:/bin:/usr/sbin:/sbin', '--setenv=HOSTNAME=mock', '--setenv=TERM=vt100', '--setenv=LANG=en_US.UTF-8', '-u', 'mockbuild', 'bash', '--login', '-c', '/usr/bin/rpmbuild -bs --target x86_64 --nodeps /builddir/build/SPECS/pure-ftpd.spec'] with env {'PS1': '<mock-chroot> \\s-\\v\\$ ', 'PROMPT_COMMAND': 'printf "\\033]0;<mock-chroot>\\007"', 'HOME': '/builddir', 'SHELL': '/bin/bash', 'PATH': '/usr/bin:/bin:/usr/sbin:/sbin', 'HOSTNAME': 'mock', 'TERM': 'vt100', 'LANG': 'en_US.UTF-8'} and shell False
/etc/profile.d/lang.sh: line 28: warning: setlocale: LC_CTYPE: cannot change locale (en_US.UTF-8): No such file or directory
/etc/profile.d/lang.sh: line 29: warning: setlocale: LC_COLLATE: cannot change locale (en_US.UTF-8): No such file or directory
/etc/profile.d/lang.sh: line 32: warning: setlocale: LC_MESSAGES: cannot change locale (en_US.UTF-8): No such file or directory
/etc/profile.d/lang.sh: line 35: warning: setlocale: LC_NUMERIC: cannot change locale (en_US.UTF-8): No such file or directory
/etc/profile.d/lang.sh: line 38: warning: setlocale: LC_TIME: cannot change locale (en_US.UTF-8): No such file or directory
Building target platforms: x86_64
Building for target x86_64
Wrote: /builddir/build/SRPMS/pure-ftpd-1.0.47-1.mga7.src.rpm
Child return code was: 0
Mock Version: 1.4.8
ENTER ['do'](['bash', '--login', '-c', '/usr/bin/rpmbuild -bs --target x86_64 --nodeps /builddir/build/SPECS/pure-ftpd.spec'], timeout=0chrootPath='/mock/cauldron/x86_64'user='mockbuild'shell=FalseprintOutput=Truegid=135nspawn_args=[]unshare_net=Truelogger=<mockbuild.trace_decorator.getLog object at 0x7f7605616d68>uid=1000env={'PROMPT_COMMAND': 'printf "\\033]0;<mock-chroot>\\007"', 'HOME': '/builddir', 'PS1': '<mock-chroot> \\s-\\v\\$ ', 'TERM': 'vt100', 'SHELL': '/bin/bash', 'PATH': '/usr/bin:/bin:/usr/sbin:/sbin', 'LANG': 'en_US.UTF-8', 'HOSTNAME': 'mock'})
Executing command: ['/usr/bin/systemd-nspawn', '-q', '-M', '10518c6f9aa2457cb7d7543f9dea534c', '-D', '/mock/cauldron/x86_64', '-a', '--setenv=PROMPT_COMMAND=printf "\\033]0;<mock-chroot>\\007"', '--setenv=HOME=/builddir', '--setenv=PS1=<mock-chroot> \\s-\\v\\$ ', '--setenv=TERM=vt100', '--setenv=SHELL=/bin/bash', '--setenv=PATH=/usr/bin:/bin:/usr/sbin:/sbin', '--setenv=LANG=en_US.UTF-8', '--setenv=HOSTNAME=mock', '-u', 'mockbuild', 'bash', '--login', '-c', '/usr/bin/rpmbuild -bs --target x86_64 --nodeps /builddir/build/SPECS/pure-ftpd.spec'] with env {'PROMPT_COMMAND': 'printf "\\033]0;<mock-chroot>\\007"', 'HOME': '/builddir', 'PS1': '<mock-chroot> \\s-\\v\\$ ', 'TERM': 'vt100', 'SHELL': '/bin/bash', 'PATH': '/usr/bin:/bin:/usr/sbin:/sbin', 'LANG': 'en_US.UTF-8', 'HOSTNAME': 'mock'} and shell False
/etc/profile.d/lang.sh: line 28: warning: setlocale: LC_CTYPE: cannot change locale (en_US.UTF-8): No such file or directory
/etc/profile.d/lang.sh: line 29: warning: setlocale: LC_COLLATE: cannot change locale (en_US.UTF-8): No such file or directory
/etc/profile.d/lang.sh: line 32: warning: setlocale: LC_MESSAGES: cannot change locale (en_US.UTF-8): No such file or directory
/etc/profile.d/lang.sh: line 35: warning: setlocale: LC_NUMERIC: cannot change locale (en_US.UTF-8): No such file or directory
/etc/profile.d/lang.sh: line 38: warning: setlocale: LC_TIME: cannot change locale (en_US.UTF-8): No such file or directory
Building target platforms: x86_64
Building for target x86_64
Wrote: /builddir/build/SRPMS/pure-ftpd-1.0.47-1.mga7.src.rpm
Child return code was: 0
Mock Version: 1.4.8
ENTER ['do'](['bash', '--login', '-c', '/usr/bin/rpmbuild -bs --target x86_64 --nodeps /builddir/build/SPECS/pure-ftpd.spec'], unshare_net=Trueuser='mockbuild'logger=<mockbuild.trace_decorator.getLog object at 0x7fd87eff6e10>gid=135printOutput=Trueenv={'PS1': '<mock-chroot> \\s-\\v\\$ ', 'TERM': 'vt100', 'HOME': '/builddir', 'PROMPT_COMMAND': 'printf "\\033]0;<mock-chroot>\\007"', 'SHELL': '/bin/bash', 'HOSTNAME': 'mock', 'PATH': '/usr/bin:/bin:/usr/sbin:/sbin', 'LANG': 'en_US.UTF-8'}shell=Falsenspawn_args=[]uid=1000chrootPath='/mock/cauldron/x86_64'timeout=0)
Executing command: ['/usr/bin/systemd-nspawn', '-q', '-M', '99f9ea286bb74fbd830cda1975d6d7bd', '-D', '/mock/cauldron/x86_64', '-a', '--setenv=PS1=<mock-chroot> \\s-\\v\\$ ', '--setenv=TERM=vt100', '--setenv=HOME=/builddir', '--setenv=PROMPT_COMMAND=printf "\\033]0;<mock-chroot>\\007"', '--setenv=SHELL=/bin/bash', '--setenv=HOSTNAME=mock', '--setenv=PATH=/usr/bin:/bin:/usr/sbin:/sbin', '--setenv=LANG=en_US.UTF-8', '-u', 'mockbuild', 'bash', '--login', '-c', '/usr/bin/rpmbuild -bs --target x86_64 --nodeps /builddir/build/SPECS/pure-ftpd.spec'] with env {'PS1': '<mock-chroot> \\s-\\v\\$ ', 'TERM': 'vt100', 'HOME': '/builddir', 'PROMPT_COMMAND': 'printf "\\033]0;<mock-chroot>\\007"', 'SHELL': '/bin/bash', 'HOSTNAME': 'mock', 'PATH': '/usr/bin:/bin:/usr/sbin:/sbin', 'LANG': 'en_US.UTF-8'} and shell False
/etc/profile.d/lang.sh: line 28: warning: setlocale: LC_CTYPE: cannot change locale (en_US.UTF-8): No such file or directory
/etc/profile.d/lang.sh: line 29: warning: setlocale: LC_COLLATE: cannot change locale (en_US.UTF-8): No such file or directory
/etc/profile.d/lang.sh: line 32: warning: setlocale: LC_MESSAGES: cannot change locale (en_US.UTF-8): No such file or directory
/etc/profile.d/lang.sh: line 35: warning: setlocale: LC_NUMERIC: cannot change locale (en_US.UTF-8): No such file or directory
/etc/profile.d/lang.sh: line 38: warning: setlocale: LC_TIME: cannot change locale (en_US.UTF-8): No such file or directory
Building target platforms: x86_64
Building for target x86_64
Wrote: /builddir/build/SRPMS/pure-ftpd-1.0.47-1.mga7.src.rpm
Child return code was: 0
Mock Version: 1.4.8
ENTER ['do'](['bash', '--login', '-c', '/usr/bin/rpmbuild -bs --target x86_64 --nodeps /builddir/build/SPECS/pure-ftpd.spec'], printOutput=Trueenv={'SHELL': '/bin/bash', 'LANG': 'en_US.UTF-8', 'TERM': 'vt100', 'PROMPT_COMMAND': 'printf "\\033]0;<mock-chroot>\\007"', 'HOME': '/builddir', 'PATH': '/usr/bin:/bin:/usr/sbin:/sbin', 'HOSTNAME': 'mock', 'PS1': '<mock-chroot> \\s-\\v\\$ '}chrootPath='/mock/cauldron/x86_64'nspawn_args=[]timeout=0shell=Falseunshare_net=Trueuid=1000logger=<mockbuild.trace_decorator.getLog object at 0x7fd59e6d5dd8>gid=135user='mockbuild')
Executing command: ['/usr/bin/systemd-nspawn', '-q', '-M', 'f8e1026b19584d64bbf5ccfec1d6a7fc', '-D', '/mock/cauldron/x86_64', '-a', '--setenv=SHELL=/bin/bash', '--setenv=LANG=en_US.UTF-8', '--setenv=TERM=vt100', '--setenv=PROMPT_COMMAND=printf "\\033]0;<mock-chroot>\\007"', '--setenv=HOME=/builddir', '--setenv=PATH=/usr/bin:/bin:/usr/sbin:/sbin', '--setenv=HOSTNAME=mock', '--setenv=PS1=<mock-chroot> \\s-\\v\\$ ', '-u', 'mockbuild', 'bash', '--login', '-c', '/usr/bin/rpmbuild -bs --target x86_64 --nodeps /builddir/build/SPECS/pure-ftpd.spec'] with env {'SHELL': '/bin/bash', 'LANG': 'en_US.UTF-8', 'TERM': 'vt100', 'PROMPT_COMMAND': 'printf "\\033]0;<mock-chroot>\\007"', 'HOME': '/builddir', 'PATH': '/usr/bin:/bin:/usr/sbin:/sbin', 'HOSTNAME': 'mock', 'PS1': '<mock-chroot> \\s-\\v\\$ '} and shell False
/etc/profile.d/lang.sh: line 28: warning: setlocale: LC_CTYPE: cannot change locale (en_US.UTF-8): No such file or directory
/etc/profile.d/lang.sh: line 29: warning: setlocale: LC_COLLATE: cannot change locale (en_US.UTF-8): No such file or directory
/etc/profile.d/lang.sh: line 32: warning: setlocale: LC_MESSAGES: cannot change locale (en_US.UTF-8): No such file or directory
/etc/profile.d/lang.sh: line 35: warning: setlocale: LC_NUMERIC: cannot change locale (en_US.UTF-8): No such file or directory
/etc/profile.d/lang.sh: line 38: warning: setlocale: LC_TIME: cannot change locale (en_US.UTF-8): No such file or directory
Building target platforms: x86_64
Building for target x86_64
Wrote: /builddir/build/SRPMS/pure-ftpd-1.0.47-1.mga7.src.rpm
Child return code was: 0
Mock Version: 1.4.8
ENTER ['do'](['bash', '--login', '-c', '/usr/bin/rpmbuild -bs --target x86_64 --nodeps /builddir/build/SPECS/pure-ftpd.spec'], logger=<mockbuild.trace_decorator.getLog object at 0x7fd99db4eda0>gid=135printOutput=Trueenv={'HOME': '/builddir', 'SHELL': '/bin/bash', 'HOSTNAME': 'mock', 'PROMPT_COMMAND': 'printf "\\033]0;<mock-chroot>\\007"', 'TERM': 'vt100', 'PATH': '/usr/bin:/bin:/usr/sbin:/sbin', 'PS1': '<mock-chroot> \\s-\\v\\$ ', 'LANG': 'en_US.UTF-8'}shell=Falseunshare_net=Truenspawn_args=[]timeout=0uid=1000user='mockbuild'chrootPath='/mock/cauldron/x86_64')
Executing command: ['/usr/bin/systemd-nspawn', '-q', '-M', 'd61ff9f992f048e8af274b2b5440e752', '-D', '/mock/cauldron/x86_64', '-a', '--setenv=HOME=/builddir', '--setenv=SHELL=/bin/bash', '--setenv=HOSTNAME=mock', '--setenv=PROMPT_COMMAND=printf "\\033]0;<mock-chroot>\\007"', '--setenv=TERM=vt100', '--setenv=PATH=/usr/bin:/bin:/usr/sbin:/sbin', '--setenv=PS1=<mock-chroot> \\s-\\v\\$ ', '--setenv=LANG=en_US.UTF-8', '-u', 'mockbuild', 'bash', '--login', '-c', '/usr/bin/rpmbuild -bs --target x86_64 --nodeps /builddir/build/SPECS/pure-ftpd.spec'] with env {'HOME': '/builddir', 'SHELL': '/bin/bash', 'HOSTNAME': 'mock', 'PROMPT_COMMAND': 'printf "\\033]0;<mock-chroot>\\007"', 'TERM': 'vt100', 'PATH': '/usr/bin:/bin:/usr/sbin:/sbin', 'PS1': '<mock-chroot> \\s-\\v\\$ ', 'LANG': 'en_US.UTF-8'} and shell False
/etc/profile.d/lang.sh: line 28: warning: setlocale: LC_CTYPE: cannot change locale (en_US.UTF-8): No such file or directory
/etc/profile.d/lang.sh: line 29: warning: setlocale: LC_COLLATE: cannot change locale (en_US.UTF-8): No such file or directory
/etc/profile.d/lang.sh: line 32: warning: setlocale: LC_MESSAGES: cannot change locale (en_US.UTF-8): No such file or directory
/etc/profile.d/lang.sh: line 35: warning: setlocale: LC_NUMERIC: cannot change locale (en_US.UTF-8): No such file or directory
/etc/profile.d/lang.sh: line 38: warning: setlocale: LC_TIME: cannot change locale (en_US.UTF-8): No such file or directory
Building target platforms: x86_64
Building for target x86_64
Wrote: /builddir/build/SRPMS/pure-ftpd-1.0.47-1.mga7.src.rpm
Child return code was: 0
