D: [iurt_root_command] chroot
warning: Macro expanded in comment on line 10: %bcond_with rpmwheels)

warning: extra tokens at the end of %endif directive in line 491:  %endif # with gdb_hooks

warning: extra tokens at the end of %endif directive in line 506:  %endif # with gdb_hooks

Installing /home/stig/rpmbuild/SRPMS/python3-3.8.3-1.1.mga8.src.rpm
Executing(%prep): /bin/sh -e /home/stig/rpmbuild/tmp/rpm-tmp.Lnb1Rv
+ umask 022
+ cd /home/stig/rpmbuild/BUILD
+ '[' 1 -eq 1 ']'
+ '[' 1 -eq 1 ']'
+ '[' 1 -eq 1 ']'
+ cd /home/stig/rpmbuild/BUILD
+ rm -rf Python-3.8.3
+ /usr/bin/xz -dc /home/stig/rpmbuild/SOURCES/Python-3.8.3.tar.xz
+ /usr/bin/tar -xof -
+ STATUS=0
+ '[' 0 -ne 0 ']'
+ cd Python-3.8.3
+ /usr/bin/chmod -Rf a+rX,u+w,g-w,o-w .
+ find -name '*.exe' -print -delete
./Lib/distutils/command/wininst-9.0-amd64.exe
./Lib/distutils/command/wininst-14.0-amd64.exe
./Lib/distutils/command/wininst-6.0.exe
./Lib/distutils/command/wininst-7.1.exe
./Lib/distutils/command/wininst-8.0.exe
./Lib/distutils/command/wininst-10.0-amd64.exe
./Lib/distutils/command/wininst-9.0.exe
./Lib/distutils/command/wininst-10.0.exe
./Lib/distutils/command/wininst-14.0.exe
+ rm -r Modules/expat
+ echo 'Patch #1 (00001-rpath.patch):'
Patch #1 (00001-rpath.patch):
+ /usr/bin/patch --no-backup-if-mismatch -p1 --fuzz=0
patching file Lib/distutils/unixccompiler.py
+ echo 'Patch #102 (00102-lib64.patch):'
Patch #102 (00102-lib64.patch):
+ /usr/bin/patch --no-backup-if-mismatch -p1 --fuzz=0
patching file Lib/distutils/command/install.py
patching file Lib/distutils/sysconfig.py
patching file Lib/distutils/tests/test_install.py
patching file Lib/site.py
patching file Lib/sysconfig.py
patching file Lib/test/test_site.py
Hunk #1 succeeded at 267 (offset 1 line).
patching file Makefile.pre.in
patching file Modules/getpath.c
patching file configure
Hunk #1 succeeded at 15214 (offset 32 lines).
patching file configure.ac
Hunk #1 succeeded at 4689 (offset 21 lines).
patching file setup.py
+ echo 'Patch #111 (00111-no-static-lib.patch):'
Patch #111 (00111-no-static-lib.patch):
+ /usr/bin/patch --no-backup-if-mismatch -p1 --fuzz=0
patching file Makefile.pre.in
+ echo 'Patch #189 (00189-use-rpm-wheels.patch):'
Patch #189 (00189-use-rpm-wheels.patch):
+ /usr/bin/patch --no-backup-if-mismatch -p1 --fuzz=0
patching file Lib/ensurepip/__init__.py
Hunk #1 FAILED at 1.
Hunk #2 succeeded at 105 (offset 10 lines).
1 out of 2 hunks FAILED -- saving rejects to file Lib/ensurepip/__init__.py.rej
error: Bad exit status from /home/stig/rpmbuild/tmp/rpm-tmp.Lnb1Rv (%prep)


RPM build errors:
    Macro expanded in comment on line 10: %bcond_with rpmwheels)

    extra tokens at the end of %endif directive in line 491:  %endif # with gdb_hooks

    extra tokens at the end of %endif directive in line 506:  %endif # with gdb_hooks

    Bad exit status from /home/stig/rpmbuild/tmp/rpm-tmp.Lnb1Rv (%prep)
I: [iurt_root_command] ERROR: chroot
