adwaita-icon-theme-3.36.1-1.mga8
alsa-plugins-pulse-config-1.2.2-1.mga8
aom-2.0.0-0.20200518gitbb35ba9.1.mga8
appstream-glib-i18n-0.7.17-1.mga8
appstream-util-0.7.17-1.mga8
atk1.0-common-2.36.0-1.mga8
at-spi2-core-2.36.0-1.mga8
autoconf-2.69.209-8a09.2.mga8
automake-1.16.2-3.mga8
basesystem-minimal-8-0.4.mga8
basesystem-minimal-core-8-0.4.mga8
bash-5.0-17.1.mga8
binutils-2.34-14.mga8
bzip2-1.0.8-2.mga8
ccp-0.4.1-14.mga8
chkconfig-1.11-3.mga8
cmake-rpm-macros-8-2.mga8
common-licenses-1.1-10.mga8
coreutils-8.32-1.mga8
cpio-2.13-5.mga8
cracklib-dicts-2.9.7-3.mga8
cronie-1.5.5-2.mga8
crontabs-1.10-24.mga8
crypto-policies-20191128-3.mga8
curl-7.70.0-1.mga8
dash-static-0.5.10.2-2.mga8
dbus-1.13.8-6.mga8
desktop-file-utils-0.24-2.mga8
diffutils-3.7-3.mga8
dwz-0.13-1.mga8
e2fsprogs-1.45.6-5.mga8
elfutils-0.179-1.mga8
enchant2-2.2.8-1.mga8
etcskel-1.63-36.mga8
ethtool-5.6-1.mga8
file-5.38-2.mga8
filesystem-2.1.9-30.mga7
findutils-4.7.0-3.mga8
fontconfig-2.13.92-3.mga8
fonts-filesystem-2.0.5-4.mga8
fonts-srpm-macros-2.0.5-4.mga8
frei0r-devel-1.7.0-2.mga8
fribidi-1.0.9-1.mga8
gawk-5.1.0-1.mga8
gcc-10.1.1-0.20200523.1.mga8
gcc-c++-10.1.1-0.20200523.1.mga8
gcc-cpp-10.1.1-0.20200523.1.mga8
gdb-headless-9.1-3.mga8
gdk-pixbuf2.0-2.40.0-2.mga8
genhdlist2-7.12-2.mga8
gettext-0.20.2-3.mga8
gettext-base-0.20.2-3.mga8
gettext-devel-0.20.2-3.mga8
glib2.0-common-2.64.3-1.mga8
glibc-2.31-12.mga8
glibc-devel-2.31-12.mga8
glib-gettextize-2.64.3-1.mga8
gnutls-3.6.14-1.mga8
gobject-introspection-1.64.1-2.mga8
go-srpm-macros-3.0.8-2.mga8
gpg-pubkey-80420f66-5d0d4576
grep-3.4-2.mga8
groff-for-man-1.22.4-2.mga8
gtk+3.0-3.24.20-1.mga8
gtk-update-icon-cache-3.24.20-1.mga8
guile-runtime-2.0.14-5.mga8
gzip-1.10-4.mga8
hicolor-icon-theme-0.17-3.mga8
hostname-3.21-2.mga8
icu66-data-66.1-1.mga8
ifmetric-0.3-19.mga8
ifplugd-0.28-22.mga8
info-install-6.7-2.mga8
initscripts-9.78-16.mga8
ipcalc-0.2.0-6.mga8
iproute2-5.6.0-1.mga8
iputils-20180629-4.mga8
isl-0.18-2.mga8
jackit-1.9.13-3.mga8
json-glib-1.4.4-3.mga8
kbd-2.2.0-2.mga8
kernel-userspace-headers-5.6.15-1.mga8
kmod-27-2.mga8
krb5-1.18.2-1.mga8
less-561-1.mga8
lib64aa1-1.4.0-0.rc5.33.mga8
lib64aa-devel-1.4.0-0.rc5.33.mga8
lib64acl1-2.2.53-2.mga8
lib64acl-devel-2.2.53-2.mga8
lib64alsa2-1.2.2-1.mga8
lib64alsa2-devel-1.2.2-1.mga8
lib64alsa-plugins-pulseaudio-1.2.2-1.mga8
lib64aom2-2.0.0-0.20200518gitbb35ba9.1.mga8
lib64aom-devel-2.0.0-0.20200518gitbb35ba9.1.mga8
lib64appstream-glib8-0.7.17-1.mga8
lib64archive13-3.4.3-1.mga8
lib64argon2_1-20190702-3.mga8
lib64ass9-0.14.0-3.mga8
lib64ass-devel-0.14.0-3.mga8
lib64asyncns0-0.8-12.mga8
lib64atk1.0_0-2.36.0-1.mga8
lib64atk-bridge2.0_0-2.34.2-1.mga8
lib64atspi0-2.36.0-1.mga8
lib64attr1-2.4.48-3.mga8
lib64audit1-2.8.5-3.mga8
lib64avahi-client3-0.8-4.mga8
lib64avahi-common3-0.8-4.mga8
lib64babeltrace1-1.5.8-1.mga8
lib64blkid1-2.35.2-1.mga8
lib64blkid-devel-2.35.2-1.mga8
lib64boost_regex1.73.0-1.73.0-3.mga8
lib64brotlicommon1-1.0.7-6.mga8
lib64brotlidec1-1.0.7-6.mga8
lib64bsd0-0.10.0-2.mga8
lib64bsd-devel-0.10.0-2.mga8
lib64bz2_1-1.0.8-2.mga8
lib64bz2-devel-1.0.8-2.mga8
lib64cairo2-1.16.0-3.mga8
lib64cap2-2.27-2.mga8
lib64cap-ng0-0.7.10-2.mga8
lib64cdio++1-2.1.0-2.mga8
lib64cdio19-2.1.0-2.mga8
lib64cdio-devel-2.1.0-2.mga8
lib64cdio-paranoia2-10.2.2.0.1-1.mga8
lib64cdio-paranoia-devel-10.2.2.0.1-1.mga8
lib64celt0_2-0.11.3-9.mga8
lib64celt0-devel-0.11.3-9.mga8
lib64colord2-1.4.4-3.mga8
lib64com_err2-1.45.6-5.mga8
lib64config11-1.7.2-3.mga8
lib64crack2-2.9.7-3.mga8
lib64croco0.6_3-0.6.13-3.mga8
lib64croco-devel-0.6.13-3.mga8
lib64cryptsetup12-2.3.3-1.mga8
lib64cups2-2.3.3-3.mga8
lib64curl4-7.70.0-1.mga8
lib64daemon0-0.14-13.mga8
lib64datrie1-0.2.12-2.mga8
lib64dav1d4-0.7.0-1.mga8
lib64dav1d-devel-0.7.0-1.mga8
lib64db5.3-5.3.28-19.mga8
lib64dbnss4.8-4.8.30-25.mga8
lib64dbus1_3-1.13.8-6.mga8
lib64dbus-devel-1.13.8-6.mga8
lib64dc1394_25-2.2.6-2.mga8
lib64dc1394-devel-2.2.6-2.mga8
lib64devmapper1.02-1.02.171-2.mga8
lib64dirac0-1.0.2-14.mga8
lib64dirac-devel-1.0.2-14.mga8
lib64dri-drivers-20.1.0-2.mga8
lib64drm2-2.4.101-5.mga8
lib64drm_amdgpu1-2.4.101-5.mga8
lib64drm-devel-2.4.101-5.mga8
lib64drm_intel1-2.4.101-5.mga8
lib64drm_nouveau2-2.4.101-5.mga8
lib64drm_radeon1-2.4.101-5.mga8
lib64edit0-3.1-0.20191231.2.mga8
lib64elfutils1-0.179-1.mga8
lib64enchant2_2-2.2.8-1.mga8
lib64epoxy0-1.5.4-2.mga8
lib64expat1-2.2.9-2.mga8
lib64expat-devel-2.2.9-2.mga8
lib64ext2fs2-1.45.6-5.mga8
lib64fdisk1-2.35.2-1.mga8
lib64ffado2-2.4.3-1.mga8
lib64ffi6-3.2.1-8.mga8
lib64ffi-devel-3.2.1-8.mga8
lib64flac8-1.3.3-2.mga8
lib64fontconfig1-2.13.92-3.mga8
lib64fontconfig-devel-2.13.92-3.mga8
lib64freetype2-devel-2.10.2-1.mga8
lib64freetype6-2.10.2-1.mga8
lib64fribidi0-1.0.9-1.mga8
lib64fribidi-devel-1.0.9-1.mga8
lib64fuse2-2.9.9-4.mga8
lib64gbm1-20.1.0-2.mga8
lib64gbm1-devel-20.1.0-2.mga8
lib64gc1-8.0.4-2.mga8
lib64gcrypt20-1.8.5-4.mga8
lib64gcrypt-devel-1.8.5-4.mga8
lib64gdbm6-1.18.1-2.mga8
lib64gdbm_compat4-1.18.1-2.mga8
lib64gdk_pixbuf2.0_0-2.40.0-2.mga8
lib64gettextmisc-0.20.2-3.mga8
lib64ggi2-2.2.2-27.mga8
lib64ggi-devel-2.2.2-27.mga8
lib64gii1-1.0.2-24.mga8
lib64gii-devel-1.0.2-24.mga8
lib64gio2.0_0-2.64.3-1.mga8
lib64girepository1.0_1-1.64.1-2.mga8
lib64glapi0-20.1.0-2.mga8
lib64glapi0-devel-20.1.0-2.mga8
lib64glib2.0_0-2.64.3-1.mga8
lib64glib2.0-devel-2.64.3-1.mga8
lib64glibmm2.4_1-2.64.2-1.mga8
lib64gmp10-6.2.0-2.mga8
lib64gmp-devel-6.2.0-2.mga8
lib64gnutls30-3.6.14-1.mga8
lib64gnutls-devel-3.6.14-1.mga8
lib64gnutlsxx28-3.6.14-1.mga8
lib64gpg-error0-1.36-3.mga8
lib64gpg-error-devel-1.36-3.mga8
lib64gpm2-1.20.7-11.mga8
lib64gpm-devel-1.20.7-11.mga8
lib64graphite2_3-1.3.14-1.mga8
lib64gsm1-1.0.18-4.mga8
lib64gsm-devel-1.0.18-4.mga8
lib64gtk+3_0-3.24.20-1.mga8
lib64guile2.0_22-2.0.14-5.mga8
lib64gusb2-0.3.4-1.mga8
lib64harfbuzz0-2.6.7-1.mga8
lib64hogweed5-3.5.1-2.mga8
lib64hunspell1.7_0-1.7.0-4.mga8
lib64icu66-66.1-1.mga8
lib64idn2_0-2.3.0-2.mga8
lib64idn2-devel-2.3.0-2.mga8
lib64iec61883_0-1.2.0-15.mga8
lib64intl8-0.20.2-3.mga8
lib64ip4tc2-1.8.4-2.mga8
lib64ipt2-2.0.1-2.mga8
lib64iptables12-1.8.4-2.mga8
lib64isl15-0.18-2.mga8
lib64iso9660++0-2.1.0-2.mga8
lib64iso9660_11-2.1.0-2.mga8
lib64jack0-1.9.13-3.mga8
lib64jack-devel-1.9.13-3.mga8
lib64jbig1-2.1-7.mga8
lib64jpeg8-2.0.4-2.mga8
lib64jpeg-devel-2.0.4-2.mga8
lib64json-c4-0.13.1-5.mga8
lib64json-glib1.0_0-1.4.4-3.mga8
lib64keyutils1-1.6.1-2.mga8
lib64kmod2-27-2.mga8
lib64kms1-2.4.101-5.mga8
lib64krb53-1.18.2-1.mga8
lib64lcms2_2-2.9-4.mga8
lib64ldap2.4_2-2.4.50-2.mga8
lib64llvm10.0-10.0.0-3.mga8
lib64lm_sensors5-3.6.0-2.mga8
lib64ltdl7-2.4.6-11.mga8
lib64lua5.3-5.3.5-4.mga8
lib64lz4_1-1.9.2-2.mga8
lib64lz4-devel-1.9.2-2.mga8
lib64lzma5-5.2.5-1.mga8
lib64lzma-devel-5.2.5-1.mga8
lib64lzo2_2-2.10-4.mga8
lib64magic1-5.38-2.mga8
lib64mesaegl1-20.1.0-2.mga8
lib64mesaegl1-devel-20.1.0-2.mga8
lib64mesagl1-20.1.0-2.mga8
lib64mesagl1-devel-20.1.0-2.mga8
lib64mesaglu1-9.0.1-2.mga8
lib64mesaglu1-devel-9.0.1-2.mga8
lib64mesakhr-devel-20.1.0-2.mga8
lib64mesavulkan-drivers-20.1.0-2.mga8
lib64mfx1-20.1.0-1.mga8
lib64mfx-devel-20.1.0-1.mga8
lib64microhttpd12-0.9.70-2.mga8
lib64mnl0-1.0.4-3.mga8
lib64modplug1-0.8.9.0-4.mga8
lib64modplug-devel-0.8.9.0-4.mga8
lib64mount1-2.35.2-1.mga8
lib64mount-devel-2.35.2-1.mga8
lib64mp3lame0-3.100-7.mga8
lib64mp3lame-devel-3.100-7.mga8
lib64mpc3-1.1.0-4.mga8
lib64mpfr6-4.0.2-2.mga8
lib64ncurses6-6.2-20200212.2.mga8
lib64ncurses-devel-6.2-20200212.2.mga8
lib64ncursesw6-6.2-20200212.2.mga8
lib64nettle7-3.5.1-2.mga8
lib64nettle-devel-3.5.1-2.mga8
lib64nghttp2_14-1.41.0-1.mga8
lib64nut0-0.0.675-10.mga8
lib64nut-devel-0.0.675-10.mga8
lib64ogg0-1.3.4-2.mga8
lib64ogg-devel-1.3.4-2.mga8
lib64onig5-6.9.5r1-1.mga8
lib64opencl1-2.2.12-3.mga8
lib64opencl-devel-2.2.12-3.mga8
lib64openjp2_7-2.3.1-5.mga8
lib64openjpeg2-devel-2.3.1-5.mga8
lib64openssl1.1-1.1.1g-1.mga8
lib64opts25-5.18.16-2.mga8
lib64opus0-1.3.1-2.mga8
lib64opus-devel-1.3.1-2.mga8
lib64orc0.4_0-0.4.31-4.mga8
lib64orc-devel-0.4.31-4.mga8
lib64p11-kit0-0.23.20-3.mga8
lib64p11-kit-devel-0.23.20-3.mga8
lib64pam0-1.3.1-3.mga8
lib64pam_userpass1-1.0.2-15.mga8
lib64pango1.0_0-1.44.7-3.mga8
lib64pciaccess0-0.16-2.mga8
lib64pciaccess-devel-0.16-2.mga8
lib64pcre16_0-8.44-1.mga8
lib64pcre1-8.44-1.mga8
lib64pcre2_0-10.35-1.mga8
lib64pcre32_0-8.44-1.mga8
lib64pcre-devel-8.44-1.mga8
lib64pcreposix1-8.44-1.mga8
lib64pixman1_0-0.40.0-1.mga8
lib64pkgconf3-1.6.3-2.mga8
lib64png16_16-1.6.37-2.mga8
lib64png-devel-1.6.37-2.mga8
lib64popt0-1.18~rc1-16.mga8
lib64procps8-3.3.16-2.mga8
lib64psl5-0.21.0-3.mga8
lib64pulseaudio0-13.99.1-1.mga8
lib64pulseaudio-devel-13.99.1-1.mga8
lib64pulsecommon13.99-13.99.1-1.mga8
lib64pulseglib20-13.99.1-1.mga8
lib64python3.8-3.8.3-1.mga8
lib64python3.8-stdlib-3.8.3-1.mga8
lib64qrencode4-4.0.2-3.mga8
lib64raw1394_11-2.1.2-4.mga8
lib64raw1394-devel-2.1.2-4.mga8
lib64readline8-8.0-2.mga8
lib64rpm9-4.16.0-0.beta1.1.mga8
lib64rpmbuild9-4.16.0-0.beta1.1.mga8
lib64rpmsign9-4.16.0-0.beta1.1.mga8
lib64rtmp1-2.4-0.git20160101.8.mga8
lib64rtmp-devel-2.4-0.git20160101.8.mga8
lib64samplerate0-0.1.9-4.mga8
lib64samplerate-devel-0.1.9-4.mga8
lib64sasl2_3-2.1.27-3.mga8
lib64schroedinger1.0_0-1.0.11-11.mga8
lib64schroedinger-devel-1.0.11-11.mga8
lib64SDL1.2_0-1.2.15-25.mga8
lib64sdl2.0_0-2.0.12-1.mga8
lib64sdl2.0-devel-2.0.12-1.mga8
lib64SDL-devel-1.2.15-25.mga8
lib64seccomp2-2.4.3-1.mga8
lib64sigc++2.0_0-2.10.3-1.mga8
lib64sigsegv2-2.12-3.mga8
lib64slang2-2.3.2-2.mga8
lib64slang-devel-2.3.2-2.mga8
lib64smartcols1-2.35.2-1.mga8
lib64sndfile1-1.0.28-11.mga8
lib64sndio7.0-1.6.0-2.mga8
lib64sndio-devel-1.6.0-2.mga8
lib64soup2.4_1-2.70.0-1.mga8
lib64source-highlight4-3.1.9-4.mga8
lib64speex1-1.2.0-3.mga8
lib64speex-devel-1.2.0-3.mga8
lib64sqlite3_0-3.32.1-1.mga8
lib64ss2-1.45.6-5.mga8
lib64ssh4-0.9.4-1.mga8
lib64stemmer0-0-18.git.6b3b8b5.20160930.mga8
lib64systemd0-245.6-1.mga8
lib64tasn1_6-4.16.0-3.mga8
lib64tasn1-devel-4.16.0-3.mga8
lib64tcb0-1.1-10.mga8
lib64textstyle0-0.20.2-3.mga8
lib64thai0-0.1.28-2.mga8
lib64theora0-1.1.1-14.mga8
lib64theoradec1-1.1.1-14.mga8
lib64theora-devel-1.1.1-14.mga8
lib64theoraenc1-1.1.1-14.mga8
lib64tiff5-4.1.0-2.git20200531.1.mga8
lib64turbojpeg0-2.0.4-2.mga8
lib64twolame0-0.4.0-1.mga8
lib64twolame-devel-0.4.0-1.mga8
lib64udev1-245.6-1.mga8
lib64udev-devel-245.6-1.mga8
lib64udf0-2.1.0-2.mga8
lib64unistring2-0.9.10-3.mga8
lib64unistring-devel-0.9.10-3.mga8
lib64usb1.0_0-1.0.23-1.mga8
lib64usb1.0-devel-1.0.23-1.mga8
lib64user1-0.62-16.mga8
lib64uuid1-2.35.2-1.mga8
lib64uuid-devel-2.35.2-1.mga8
lib64v4l0-1.18.0-2.mga8
lib64v4l-devel-1.18.0-2.mga8
lib64v4l-wrappers-1.18.0-2.mga8
lib64va2-2.7.1-1.mga8
lib64va-devel-2.7.1-1.mga8
lib64vdpau1-1.4-1.mga8
lib64vdpau-devel-1.4-1.mga8
lib64verto1-0.3.1-2.mga8
lib64vidstab1.1-1.1.0-2.git20190213.5.mga8
lib64vidstab-devel-1.1.0-2.git20190213.5.mga8
lib64vorbis0-1.3.6-4.mga8
lib64vorbis-devel-1.3.6-4.mga8
lib64vorbisenc2-1.3.6-4.mga8
lib64vorbisfile3-1.3.6-4.mga8
lib64vpx6-1.8.2-2.mga8
lib64vpx-devel-1.8.2-2.mga8
lib64wayland-client0-1.18.0-2.mga8
lib64wayland-cursor0-1.18.0-2.mga8
lib64wayland-devel-1.18.0-2.mga8
lib64wayland-egl1-1.18.0-2.mga8
lib64wayland-server0-1.18.0-2.mga8
lib64webp7-1.1.0-2.mga8
lib64wrap0-7.6-49.mga8
lib64x11_6-1.6.9-2.mga8
lib64x11-devel-1.6.9-2.mga8
lib64x11-xcb1-1.6.9-2.mga8
lib64xau6-1.0.9-2.mga8
lib64xau-devel-1.0.9-2.mga8
lib64xavs1-0.1.55-11.mga8
lib64xavs-devel-0.1.55-11.mga8
lib64xcb1-1.14-1.mga8
lib64xcb-composite0-1.14-1.mga8
lib64xcb-damage0-1.14-1.mga8
lib64xcb-devel-1.14-1.mga8
lib64xcb-dpms0-1.14-1.mga8
lib64xcb-dri2_0-1.14-1.mga8
lib64xcb-dri3_0-1.14-1.mga8
lib64xcb-glx0-1.14-1.mga8
lib64xcb-present0-1.14-1.mga8
lib64xcb-randr0-1.14-1.mga8
lib64xcb-record0-1.14-1.mga8
lib64xcb-render0-1.14-1.mga8
lib64xcb-res0-1.14-1.mga8
lib64xcb-screensaver0-1.14-1.mga8
lib64xcb-shape0-1.14-1.mga8
lib64xcb-shm0-1.14-1.mga8
lib64xcb-sync1-1.14-1.mga8
lib64xcb-xf86dri0-1.14-1.mga8
lib64xcb-xfixes0-1.14-1.mga8
lib64xcb-xinerama0-1.14-1.mga8
lib64xcb-xinput0-1.14-1.mga8
lib64xcb-xkb1-1.14-1.mga8
lib64xcb-xtest0-1.14-1.mga8
lib64xcb-xv0-1.14-1.mga8
lib64xcb-xvmc0-1.14-1.mga8
lib64xcomposite1-0.4.5-2.mga8
lib64xcrypt1-4.4.16-4.mga8
lib64xcrypt-devel-4.4.16-4.mga8
lib64xcursor1-1.2.0-2.mga8
lib64xdamage1-1.1.5-2.mga8
lib64xdamage-devel-1.1.5-2.mga8
lib64xdmcp6-1.1.3-2.mga8
lib64xdmcp-devel-1.1.3-2.mga8
lib64xext6-1.3.4-2.mga8
lib64xext-devel-1.3.4-2.mga8
lib64xfixes3-5.0.3-3.mga8
lib64xfixes-devel-5.0.3-3.mga8
lib64xft2-2.3.3-2.mga8
lib64xi6-1.7.10-2.mga8
lib64xinerama1-1.1.4-3.mga8
lib64xkbcommon0-0.10.0-2.mga8
lib64xml2_2-2.9.10-4.mga8
lib64xml++2.6_2-2.40.1-6.mga8
lib64xml2-devel-2.9.10-4.mga8
lib64xrandr2-1.5.2-2.mga8
lib64xrender1-0.9.10-3.mga8
lib64xshmfence1-1.3-3.mga8
lib64xshmfence-devel-1.3-3.mga8
lib64xtst6-1.2.3-3.mga8
lib64xxf86vm1-1.1.4-4.mga8
lib64xxf86vm-devel-1.1.4-4.mga8
lib64yaml0_2-0.2.1-3.mga8
lib64zlib1-1.2.11-9.mga8
lib64zlib-devel-1.2.11-9.mga8
lib64zstd1-1.4.5-2.mga8
libalsa-data-1.2.2-1.mga8
libdrm-common-2.4.101-5.mga8
libgcc1-10.1.1-0.20200523.1.mga8
libggi-2.2.2-27.mga8
libgii-1.0.2-24.mga8
libgomp1-10.1.1-0.20200523.1.mga8
libgomp-devel-10.1.1-0.20200523.1.mga8
libgpg-error-common-1.36-3.mga8
libidn2-i18n-2.3.0-2.mga8
libpthread-stubs-0.4-3.mga8
libsoup-i18n-2.70.0-1.mga8
libstdc++6-10.1.1-0.20200523.1.mga8
libstdc++-devel-10.1.1-0.20200523.1.mga8
libtasn1-tools-4.16.0-3.mga8
libtool-base-2.4.6-11.mga8
libuser-0.62-16.mga8
libutempter-1.2.0-1.mga8
libxml2-utils-2.9.10-4.mga8
logrotate-3.15.1-2.mga8
lsb-release-2.0-56.mga8
m4-1.4.18-3.mga8
mageia-release-common-8-0.7.mga8
mageia-release-Default-8-0.7.mga8
mageia-repos-8-0.0.3.mga8
mageia-repos-cauldron-8-0.0.3.mga8
mageia-repos-keys-8-0.0.3.mga8
mageia-repos-pkgprefs-8-0.0.3.mga8
make-4.3-2.mga8
makedev-4.4-26.mga8
mesa-20.1.0-2.mga8
meta-task-8-0.12.mga8
multiarch-utils-1.0.14-3.mga8
ncurses-6.2-20200212.2.mga8
net-tools-2.0-0.20150915git.6.mga8
nss-myhostname-245.6-1.mga8
nss_tcb-1.1-10.mga8
ocaml-srpm-macros-6-2.mga8
opencl-headers-2.2-0.20200218.1.mga8
openjpeg2-2.3.1-5.mga8
openldap-2.4.50-2.mga8
orc-0.4.31-4.mga8
p11-kit-0.23.20-3.mga8
pam-1.3.1-3.mga8
pam_tcb-1.1-10.mga8
pango-1.44.7-3.mga8
passwd-0.80-2.mga8
patch-2.7.6-6.mga8
pcre-8.44-1.mga8
perl-5.30.3-3.mga8
perl-base-5.30.3-3.mga8
perl-Config-IniFiles-3.0.3-1.mga8
perl-Exporter-Tiny-1.2.2-1.mga8
perl-File-Slurp-9999.300.0-1.mga8
perl-File-Sync-0.110.0-29.mga8
perl-Filesys-Df-0.920.0-29.mga8
perl-IO-stringy-2.112.0-2.mga8
perl-JSON-4.20.0-2.mga8
perl-libintl-perl-1.310.0-3.mga8
perl-List-MoreUtils-0.428.0-7.mga8
perl-List-MoreUtils-XS-0.428-5.mga8
perl-Locale-gettext-1.70.0-11.mga8
perl-MDK-Common-1.2.34.2-4.mga8
perl-MDV-Distribconf-4.101.0-3.mga8
perl-MDV-Packdrakeng-1.130.0-6.mga8
perl-srpm-macros-1-34.mga8
perl-Time-ZoneInfo-0.300.0-10.mga8
perl-URPM-5.122-0.1.mga8
perl-XML-LibXML-2.20.500-1.mga8
perl-XML-NamespaceSupport-1.120.0-3.mga8
perl-XML-SAX-1.20.0-2.mga8
perl-XML-SAX-Base-1.90.0-4.mga8
perl-YAML-1.300.0-2.mga8
perl-YAML-Tiny-1.730.0-3.mga8
pkgconf-1.6.3-2.mga8
pkgconf-m4-1.6.3-2.mga8
pkgconf-pkg-config-1.6.3-2.mga8
popt-data-1.18~rc1-16.mga8
procps-ng-3.3.16-2.mga8
psmisc-23.3-3.mga8
publicsuffix-list-dafsa-20200106-2.mga8
pulseaudio-client-config-13.99.1-1.mga8
python3-3.8.3-1.mga8
python3-enchant-3.0.1-1.mga8
python3-magic-5.38-2.mga8
python3-pkg-resources-46.1.3-1.mga8
python3-rpm-4.16.0-0.beta1.1.mga8
python3-rpm-generators-11-3.mga8
python3-rpm-macros-3-11.mga8
python3-setuptools-46.1.3-1.mga8
python-pip-wheel-19.3.1-3.mga8
python-rpm-macros-3-11.mga8
python-setuptools-wheel-46.1.3-1.mga8
python-srpm-macros-3-11.mga8
resolvconf-1.79-5.mga8
rmt-0.4b46-7.mga8
rootcerts-20200527.00-1.mga8
rootfiles-11.0-16.mga8
rpm-4.16.0-0.beta1.1.mga8
rpm-build-4.16.0-0.beta1.1.mga8
rpm-helper-0.24.17-6.mga8
rpmlint-1.11-3.mga8
rpmlint-mageia-policy-0.2.29-5.mga8
rpm-mageia-setup-2.56-1.mga8
rpm-mageia-setup-build-2.56-1.mga8
run-parts-4.8.4-3.mga8
rust-srpm-macros-13-1.mga8
sash-3.8-9.mga8
sed-4.8-3.mga8
setup-2.7.24-4.mga8
shadow-utils-4.6-2.mga8
shared-mime-info-1.15-2.mga8
spec-helper-0.31.23-1.mga8
sudo-1.9.0-1.mga8
systemd-245.6-1.mga8
systemd-devel-245.6-1.mga8
tar-1.32-3.mga8
tcb-1.1-10.mga8
texi2html-5.0-11.mga8
thai-data-0.1.28-2.mga8
time-1.9-4.mga8
timezone-2020a-1.mga8
traceroute-2.1.0-3.mga8
unzip-6.1c-8.mga8
urpmi-8.123-1.mga8
util-linux-2.35.2-1.mga8
v4l-utils-1.18.0-2.mga8
vim-minimal-8.2.869-1.mga8
wayland-tools-1.18.0-2.mga8
which-2.21-6.mga8
x11-proto-devel-2020.1-1.mga8
xz-5.2.5-1.mga8
yasm-1.3.0-5.mga8
zstd-1.4.5-2.mga8
