2018-02-11 12:28:40,429 - Mock Version: 1.4.8
2018-02-11 12:28:40,517 - Start: dnf install
2018-02-11 12:29:47,698 - Finish: dnf install
2018-02-11 12:29:48,873 - Start: creating root cache
2018-02-11 12:29:55,006 - Finish: creating root cache
2018-02-11 12:29:55,010 - Finish: chroot init
2018-02-11 12:29:55,087 - Start: build phase for pure-ftpd-1.0.47-4.mga7.src.rpm
2018-02-11 12:29:55,089 - Start: build setup for pure-ftpd-1.0.47-4.mga7.src.rpm
2018-02-11 12:30:03,933 - Finish: build setup for pure-ftpd-1.0.47-4.mga7.src.rpm
2018-02-11 12:30:03,934 - Start: rpmbuild pure-ftpd-1.0.47-4.mga7.src.rpm
2018-02-11 12:30:03,935 - Start: Outputting list of installed packages
2018-02-11 12:30:04,021 - Finish: Outputting list of installed packages
2018-02-11 12:30:27,667 - Finish: rpmbuild pure-ftpd-1.0.47-4.mga7.src.rpm
2018-02-11 12:30:27,670 - Finish: build phase for pure-ftpd-1.0.47-4.mga7.src.rpm
2018-02-11 12:30:27,671 - Start: clean chroot
2018-02-11 12:30:32,958 - Finish: clean chroot
2018-02-11 12:30:32,960 - Finish: run
2018-02-11 12:41:29,420 - Mock Version: 1.4.8
2018-02-11 12:41:30,542 - Start: dnf update
2018-02-11 12:41:31,418 - Finish: dnf update
2018-02-11 12:41:31,442 - Finish: chroot init
2018-02-11 12:41:31,445 - Start: build phase for pure-ftpd-1.0.47-4.mga7.src.rpm
2018-02-11 12:41:31,447 - Start: build setup for pure-ftpd-1.0.47-4.mga7.src.rpm
2018-02-11 12:41:38,610 - Finish: build setup for pure-ftpd-1.0.47-4.mga7.src.rpm
2018-02-11 12:41:38,610 - Start: rpmbuild pure-ftpd-1.0.47-4.mga7.src.rpm
2018-02-11 12:41:38,612 - Start: Outputting list of installed packages
2018-02-11 12:41:38,685 - Finish: Outputting list of installed packages
2018-02-11 12:42:02,558 - Finish: rpmbuild pure-ftpd-1.0.47-4.mga7.src.rpm
2018-02-11 12:42:02,561 - Finish: build phase for pure-ftpd-1.0.47-4.mga7.src.rpm
2018-02-11 12:42:02,562 - Start: clean chroot
2018-02-11 12:42:07,207 - Finish: clean chroot
2018-02-11 12:42:07,208 - Finish: run
