Mock Version: 1.4.9
ENTER ['do'](['bash', '--login', '-c', '/usr/bin/rpmbuild -bs --target x86_64 --nodeps /builddir/build/SPECS/xvid.spec'], chrootPath='/home/stig/rpmbuild/mock/6/x86_64'env={'TERM': 'vt100', 'SHELL': '/bin/bash', 'HOME': '/builddir', 'HOSTNAME': 'mock', 'PATH': '/usr/bin:/bin:/usr/sbin:/sbin', 'PROMPT_COMMAND': 'printf "\\033]0;<mock-chroot>\\007"', 'PS1': '<mock-chroot> \\s-\\v\\$ ', 'LANG': 'en_US.UTF-8'}shell=Falselogger=<mockbuild.trace_decorator.getLog object at 0x7f91002a75f8>timeout=0uid=1000gid=135user='mockbuild'nspawn_args=[]unshare_net=TrueprintOutput=True)
Executing command: ['/usr/bin/systemd-nspawn', '-q', '-M', '531e2df70a92406981aa9196058e1246', '-D', '/home/stig/rpmbuild/mock/6/x86_64', '-a', '--setenv=TERM=vt100', '--setenv=SHELL=/bin/bash', '--setenv=HOME=/builddir', '--setenv=HOSTNAME=mock', '--setenv=PATH=/usr/bin:/bin:/usr/sbin:/sbin', '--setenv=PROMPT_COMMAND=printf "\\033]0;<mock-chroot>\\007"', '--setenv=PS1=<mock-chroot> \\s-\\v\\$ ', '--setenv=LANG=en_US.UTF-8', '-u', 'mockbuild', 'bash', '--login', '-c', '/usr/bin/rpmbuild -bs --target x86_64 --nodeps /builddir/build/SPECS/xvid.spec'] with env {'TERM': 'vt100', 'SHELL': '/bin/bash', 'HOME': '/builddir', 'HOSTNAME': 'mock', 'PATH': '/usr/bin:/bin:/usr/sbin:/sbin', 'PROMPT_COMMAND': 'printf "\\033]0;<mock-chroot>\\007"', 'PS1': '<mock-chroot> \\s-\\v\\$ ', 'LANG': 'en_US.UTF-8'} and shell False
BUILDSTDERR: /etc/profile.d/10lang.sh: line 28: warning: setlocale: LC_CTYPE: cannot change locale (en_US.UTF-8): No such file or directory
BUILDSTDERR: /etc/profile.d/10lang.sh: line 29: warning: setlocale: LC_COLLATE: cannot change locale (en_US.UTF-8): No such file or directory
BUILDSTDERR: /etc/profile.d/10lang.sh: line 32: warning: setlocale: LC_MESSAGES: cannot change locale (en_US.UTF-8): No such file or directory
BUILDSTDERR: /etc/profile.d/10lang.sh: line 35: warning: setlocale: LC_NUMERIC: cannot change locale (en_US.UTF-8): No such file or directory
BUILDSTDERR: /etc/profile.d/10lang.sh: line 38: warning: setlocale: LC_TIME: cannot change locale (en_US.UTF-8): No such file or directory
Building target platforms: x86_64
Building for target x86_64
Wrote: /builddir/build/SRPMS/xvid-1.3.4-3.1.mga6.src.rpm
Child return code was: 0
ENTER ['do'](['bash', '--login', '-c', '/usr/bin/rpmbuild -bb --target x86_64 --nodeps /builddir/build/SPECS/xvid.spec'], chrootPath='/home/stig/rpmbuild/mock/6/x86_64'env={'TERM': 'vt100', 'SHELL': '/bin/bash', 'HOME': '/builddir', 'HOSTNAME': 'mock', 'PATH': '/usr/bin:/bin:/usr/sbin:/sbin', 'PROMPT_COMMAND': 'printf "\\033]0;<mock-chroot>\\007"', 'PS1': '<mock-chroot> \\s-\\v\\$ ', 'LANG': 'en_US.UTF-8'}shell=Falselogger=<mockbuild.trace_decorator.getLog object at 0x7f91002a75f8>timeout=0uid=1000gid=135user='mockbuild'nspawn_args=[]unshare_net=TrueprintOutput=True)
Executing command: ['/usr/bin/systemd-nspawn', '-q', '-M', '68b5b600ab054814b5944f8512dfeb5c', '-D', '/home/stig/rpmbuild/mock/6/x86_64', '-a', '--setenv=TERM=vt100', '--setenv=SHELL=/bin/bash', '--setenv=HOME=/builddir', '--setenv=HOSTNAME=mock', '--setenv=PATH=/usr/bin:/bin:/usr/sbin:/sbin', '--setenv=PROMPT_COMMAND=printf "\\033]0;<mock-chroot>\\007"', '--setenv=PS1=<mock-chroot> \\s-\\v\\$ ', '--setenv=LANG=en_US.UTF-8', '-u', 'mockbuild', 'bash', '--login', '-c', '/usr/bin/rpmbuild -bb --target x86_64 --nodeps /builddir/build/SPECS/xvid.spec'] with env {'TERM': 'vt100', 'SHELL': '/bin/bash', 'HOME': '/builddir', 'HOSTNAME': 'mock', 'PATH': '/usr/bin:/bin:/usr/sbin:/sbin', 'PROMPT_COMMAND': 'printf "\\033]0;<mock-chroot>\\007"', 'PS1': '<mock-chroot> \\s-\\v\\$ ', 'LANG': 'en_US.UTF-8'} and shell False
BUILDSTDERR: /etc/profile.d/10lang.sh: line 28: warning: setlocale: LC_CTYPE: cannot change locale (en_US.UTF-8): No such file or directory
BUILDSTDERR: /etc/profile.d/10lang.sh: line 29: warning: setlocale: LC_COLLATE: cannot change locale (en_US.UTF-8): No such file or directory
BUILDSTDERR: /etc/profile.d/10lang.sh: line 32: warning: setlocale: LC_MESSAGES: cannot change locale (en_US.UTF-8): No such file or directory
BUILDSTDERR: /etc/profile.d/10lang.sh: line 35: warning: setlocale: LC_NUMERIC: cannot change locale (en_US.UTF-8): No such file or directory
BUILDSTDERR: /etc/profile.d/10lang.sh: line 38: warning: setlocale: LC_TIME: cannot change locale (en_US.UTF-8): No such file or directory
Building target platforms: x86_64
Building for target x86_64
Executing(%prep): /bin/sh -e /var/tmp/rpm-tmp.OvuTlT
+ umask 022
+ cd /builddir/build/BUILD
+ '[' 1 -eq 1 ']'
+ '[' 1 -eq 1 ']'
+ '[' 1 -eq 1 ']'
+ cd /builddir/build/BUILD
+ rm -rf xvidcore
+ /usr/bin/bzip2 -dc /builddir/build/SOURCES/xvidcore-1.3.4.tar.bz2
+ /usr/bin/tar -xof -
+ STATUS=0
+ '[' 0 -ne 0 ']'
+ cd xvidcore
+ /usr/bin/chmod -Rf a+rX,u+w,g-w,o-w .
+ exit 0
Executing(%build): /bin/sh -e /var/tmp/rpm-tmp.LS7UJ1
+ umask 022
+ cd /builddir/build/BUILD
~/build/BUILD/xvidcore/build/generic ~/build/BUILD/xvidcore
+ cd xvidcore
+ '[' 1 -eq 1 ']'
+ '[' 1 -eq 1 ']'
+ pushd build/generic
+ CFLAGS='-O2 -g -pipe -Wformat -Werror=format-security -Wp,-D_FORTIFY_SOURCE=2 -fstack-protector --param=ssp-buffer-size=4'
+ export CFLAGS
+ CXXFLAGS='-O2 -g -pipe -Wformat -Werror=format-security -Wp,-D_FORTIFY_SOURCE=2 -fstack-protector --param=ssp-buffer-size=4'
+ export CXXFLAGS
+ FFLAGS='-O2 -g -pipe -Wformat -Werror=format-security -Wp,-D_FORTIFY_SOURCE=2 -fstack-protector --param=ssp-buffer-size=4'
+ export FFLAGS
+ LDFLAGS=' -Wl,--as-needed -Wl,--no-undefined -Wl,-z,relro -Wl,-O1 -Wl,--build-id -Wl,--enable-new-dtags'
+ export LDFLAGS
+ CONFIGURE_TOP=.
+ /usr/lib/rpm/mageia/force-as-needed-for-shared-lib-in-libtool
Forcing -Wl,--as-needed in configure/libtool to workaround libtool bug (cf http://lists.gnu.org/archive/html/libtool-patches/2004-06/msg00002.html)
+ /usr/lib/rpm/mageia/drop-ld-no-undefined-for-shared-lib-modules-in-libtool
+ /usr/lib/rpm/mageia/fix-libtool-ltmain-from-overlinking
+ /usr/lib/rpm/mageia/fix-libtool-from-moving-options-after-libs .
+ /usr/lib/rpm/mageia/fix-dlsearch-path-in-libtool-for-multilib . lib64
+ '[' -f ./configure.in -o -f ./configure.ac ']'
+ CONFIGURE_XPATH='--x-includes=/usr/include --x-libraries=/usr/lib64'
+ ./configure --build=x86_64-mageia-linux-gnu --prefix=/usr --exec-prefix=/usr --bindir=/usr/bin --sbindir=/usr/sbin --sysconfdir=/etc --datadir=/usr/share --includedir=/usr/include --libdir=/usr/lib64 --libexecdir=/usr/libexec --localstatedir=/var --sharedstatedir=/var/lib --mandir=/usr/share/man --infodir=/usr/share/info --x-includes=/usr/include --x-libraries=/usr/lib64
checking build system type... x86_64-mageia-linux-gnu
checking host system type... x86_64-mageia-linux-gnu
checking target system type... x86_64-mageia-linux-gnu
checking whether to use default CFLAGS... no
checking for gcc... gcc
checking whether the C compiler works... yes
checking for C compiler default output file name... a.out
checking for suffix of executables... 
checking whether we are cross compiling... no
checking for suffix of object files... o
checking whether we are using the GNU C compiler... yes
checking whether gcc accepts -g... yes
checking for gcc option to accept ISO C89... none needed
checking for a BSD-compatible install... /usr/bin/install -c
checking for ranlib... ranlib
checking for ar... ar
checking for grep that handles long lines and -e... /usr/bin/grep
checking for egrep... /usr/bin/grep -E
checking whether ln -s works... yes
checking for whether to use assembly code... yes
checking for architecture type... x86_64
checking how to run the C preprocessor... gcc -E
checking for ANSI C header files... yes
checking for sys/types.h... yes
checking for sys/stat.h... yes
checking for stdlib.h... yes
checking for string.h... yes
checking for memory.h... yes
checking for strings.h... yes
checking for inttypes.h... yes
checking for stdint.h... yes
checking for unistd.h... yes
checking size of int *... 8
checking whether byte ordering is bigendian... no
checking for build extensions... .so .a .o
checking for platform specific LDFLAGS/CFLAGS... ok
checking for yasm... yes
checking for yasm version... 1
checking for asm object format... elf64
checking stdio.h usability... yes
checking stdio.h presence... yes
checking for stdio.h... yes
checking signal.h usability... yes
checking signal.h presence... yes
checking for signal.h... yes
checking for stdlib.h... (cached) yes
checking for string.h... (cached) yes
checking assert.h usability... yes
checking assert.h presence... yes
checking for assert.h... yes
checking math.h usability... yes
checking math.h presence... yes
checking for math.h... yes
checking pthread.h usability... yes
checking pthread.h presence... yes
checking for pthread.h... yes
checking for pthread_create in -lpthread... yes
configure: creating ./config.status
config.status: creating platform.inc
+ /usr/bin/make -O -j8
  D: =build
---------------------------------------------------------------
Object files used for this build
---------------------------------------------------------------
decoder.o encoder.o xvid.o bitstream/bitstream.o bitstream/cbp.o bitstream/mbcoding.o dct/fdct.o dct/idct.o dct/simple_idct.o image/colorspace.o image/image.o image/interpolate8x8.o image/font.o image/postprocessing.o image/qpel.o image/reduced.o motion/estimation_bvop.o motion/estimation_common.o motion/estimation_gmc.o motion/estimation_pvop.o motion/estimation_rd_based.o motion/estimation_rd_based_bvop.o motion/gmc.o motion/motion_comp.o motion/vop_type_decision.o motion/sad.o prediction/mbprediction.o plugins/plugin_single.o plugins/plugin_2pass1.o plugins/plugin_2pass2.o plugins/plugin_lumimasking.o plugins/plugin_dump.o plugins/plugin_psnr.o plugins/plugin_ssim.o plugins/plugin_psnrhvsm.o quant/quant_h263.o quant/quant_matrix.o quant/quant_mpeg.o utils/emms.o utils/mbtransquant.o utils/mem_align.o utils/mem_transfer.o utils/timer.o bitstream/x86_asm/cbp_mmx.o bitstream/x86_asm/cbp_sse2.o dct/x86_asm/fdct_mmx_ffmpeg.o dct/x86_asm/fdct_mmx_skal.o dct/x86_asm/fdct_sse2_skal.o dct/x86_asm/idct_3dne.o dct/x86_asm/idct_mmx.o dct/x86_asm/idct_sse2_dmitry.o image/x86_asm/colorspace_rgb_mmx.o image/x86_asm/colorspace_yuv_mmx.o image/x86_asm/colorspace_yuyv_mmx.o image/x86_asm/interpolate8x8_3dn.o image/x86_asm/interpolate8x8_3dne.o image/x86_asm/interpolate8x8_mmx.o image/x86_asm/interpolate8x8_xmm.o image/x86_asm/postprocessing_mmx.o image/x86_asm/postprocessing_sse2.o image/x86_asm/reduced_mmx.o image/x86_asm/qpel_mmx.o image/x86_asm/gmc_mmx.o image/x86_asm/deintl_sse.o motion/x86_asm/sad_xmm.o motion/x86_asm/sad_sse2.o motion/x86_asm/sad_mmx.o motion/x86_asm/sad_3dne.o motion/x86_asm/sad_3dn.o quant/x86_asm/quantize_h263_mmx.o quant/x86_asm/quantize_h263_3dne.o quant/x86_asm/quantize_mpeg_xmm.o quant/x86_asm/quantize_mpeg_mmx.o utils/x86_asm/mem_transfer_mmx.o utils/x86_asm/mem_transfer_3dne.o utils/x86_asm/interlacing_mmx.o utils/x86_asm/cpuid.o plugins/x86_asm/plugin_ssim-a.o
---------------------------------------------------------------
Using CFLAGS
---------------------------------------------------------------
CFLAGS=-O2 -g -pipe -Wformat -Werror=format-security -Wp,-D_FORTIFY_SOURCE=2 -fstack-protector --param=ssp-buffer-size=4
---------------------------------------------------------------
Install Paths
---------------------------------------------------------------
Include Directory: /usr/include
Library Directory: /usr/lib64
---------------------------------------------------------------
Target Libraries
---------------------------------------------------------------
Shared library: libxvidcore.so.4.3
Static library: libxvidcore.a
  C: bitstream/cbp.c
  C: dct/fdct.c
  C: dct/simple_idct.c
  C: dct/idct.c
  C: ./xvid.c
  C: image/font.c
  C: image/image.c
  C: image/interpolate8x8.c
  C: ./encoder.c
  C: image/reduced.c
  C: bitstream/mbcoding.c
  C: ./decoder.c
  C: motion/estimation_common.c
  C: motion/estimation_gmc.c
  C: motion/estimation_bvop.c
  C: bitstream/bitstream.c
  C: motion/estimation_pvop.c
  C: motion/gmc.c
  C: image/colorspace.c
  C: motion/vop_type_decision.c
  C: motion/sad.c
  C: plugins/plugin_single.c
  C: plugins/plugin_2pass1.c
  C: motion/estimation_rd_based.c
  C: prediction/mbprediction.c
  C: motion/estimation_rd_based_bvop.c
  C: plugins/plugin_dump.c
  C: plugins/plugin_psnr.c
  C: plugins/plugin_lumimasking.c
  C: quant/quant_h263.c
  C: motion/motion_comp.c
  C: quant/quant_matrix.c
  C: quant/quant_mpeg.c
  C: plugins/plugin_psnrhvsm.c
  C: utils/emms.c
  C: utils/timer.c
  A: bitstream/x86_asm/cbp_mmx.asm
  A: bitstream/x86_asm/cbp_sse2.asm
  C: plugins/plugin_ssim.c
  C: utils/mem_align.c
  C: image/postprocessing.c
  A: dct/x86_asm/fdct_mmx_skal.asm
  A: dct/x86_asm/fdct_mmx_ffmpeg.asm
  A: dct/x86_asm/fdct_sse2_skal.asm
  A: dct/x86_asm/idct_3dne.asm
  A: dct/x86_asm/idct_sse2_dmitry.asm
  A: dct/x86_asm/idct_mmx.asm
  A: image/x86_asm/colorspace_rgb_mmx.asm
  A: image/x86_asm/colorspace_yuv_mmx.asm
  A: image/x86_asm/interpolate8x8_3dne.asm
  A: image/x86_asm/colorspace_yuyv_mmx.asm
  A: image/x86_asm/interpolate8x8_3dn.asm
  A: image/x86_asm/postprocessing_sse2.asm
  A: image/x86_asm/postprocessing_mmx.asm
  C: utils/mem_transfer.c
  A: image/x86_asm/interpolate8x8_xmm.asm
  A: image/x86_asm/interpolate8x8_mmx.asm
  A: image/x86_asm/gmc_mmx.asm
  C: plugins/plugin_2pass2.c
  A: motion/x86_asm/sad_sse2.asm
  A: image/x86_asm/deintl_sse.asm
  A: image/x86_asm/reduced_mmx.asm
  A: motion/x86_asm/sad_xmm.asm
  A: motion/x86_asm/sad_3dne.asm
  A: motion/x86_asm/sad_3dn.asm
  A: image/x86_asm/qpel_mmx.asm
  A: motion/x86_asm/sad_mmx.asm
  A: quant/x86_asm/quantize_h263_mmx.asm
  A: quant/x86_asm/quantize_mpeg_xmm.asm
  A: quant/x86_asm/quantize_mpeg_mmx.asm
  A: utils/x86_asm/mem_transfer_mmx.asm
  A: quant/x86_asm/quantize_h263_3dne.asm
  A: utils/x86_asm/interlacing_mmx.asm
  A: plugins/x86_asm/plugin_ssim-a.asm
  A: utils/x86_asm/mem_transfer_3dne.asm
  A: utils/x86_asm/cpuid.asm
  C: utils/mbtransquant.c
  C: image/qpel.c
  L: libxvidcore.a
  L: libxvidcore.so.4.3
---------------------------------------------------------------
 Xvid has been successfully built.
 * Binaries are currently located in the '=build' directory
 * To install them on your system, you can run '# make install'
   as root.
---------------------------------------------------------------
+ popd
~/build/BUILD/xvidcore
+ exit 0
Executing(%install): /bin/sh -e /var/tmp/rpm-tmp.ZhksZu
+ umask 022
+ cd /builddir/build/BUILD
+ '[' 1 -eq 1 ']'
+ '[' /builddir/build/BUILDROOT/xvid-1.3.4-3.1.mga6.x86_64 '!=' / ']'
+ rm -rf /builddir/build/BUILDROOT/xvid-1.3.4-3.1.mga6.x86_64
BUILDSTDERR: ++ dirname /builddir/build/BUILDROOT/xvid-1.3.4-3.1.mga6.x86_64
+ mkdir -p /builddir/build/BUILDROOT
+ mkdir /builddir/build/BUILDROOT/xvid-1.3.4-3.1.mga6.x86_64
+ cd xvidcore
+ '[' 1 -eq 1 ']'
+ /usr/bin/make install DESTDIR=/builddir/build/BUILDROOT/xvid-1.3.4-3.1.mga6.x86_64 -C build/generic
make: Entering directory '/builddir/build/BUILD/xvidcore/build/generic'
  D: /usr/include
  I: /usr/include/xvid.h
  D: /usr/lib64
  I: /usr/lib64/libxvidcore.a
  I: /usr/lib64/libxvidcore.so.4.3
make: Leaving directory '/builddir/build/BUILD/xvidcore/build/generic'
+ chmod a+rx /builddir/build/BUILDROOT/xvid-1.3.4-3.1.mga6.x86_64/usr/lib64/libxvidcore.so
+ /usr/lib/rpm/find-debuginfo.sh --run-dwz --dwz-low-mem-die-limit 10000000 --dwz-max-die-limit 110000000 -m /builddir/build/BUILD/xvidcore
extracting debug info from /builddir/build/BUILDROOT/xvid-1.3.4-3.1.mga6.x86_64/usr/lib64/libxvidcore.so.4.3
BUILDSTDERR: dwz: Too few files for multifile optimization
/usr/lib/rpm/sepdebugcrcfix: Updated 1 CRC32s, 0 CRC32s did match.
symlinked /usr/lib/debug/usr/lib64/libxvidcore.so.4.3.debug to /usr/lib/debug/usr/lib64/libxvidcore.so.4.debug
symlinked /usr/lib/debug/usr/lib64/libxvidcore.so.4.3.debug to /usr/lib/debug/usr/lib64/libxvidcore.so.debug
BUILDSTDERR: cpio: /home/iurt/rpmbuild/BUILD/glibc-2.22/csu: Cannot stat: No such file or directory
BUILDSTDERR: 2088 blocks
+ '[' -n '' ']'
+ /usr/share/spec-helper/clean_files
+ '[' -n '' ']'
+ /usr/share/spec-helper/compress_files .xz
+ '[' -n '' ']'
+ /usr/share/spec-helper/relink_symlinks
+ '[' -n '' ']'
+ /usr/share/spec-helper/clean_perl
+ '[' -n '' ']'
+ /usr/share/spec-helper/lib_symlinks
+ '[' -n '' ']'
+ /usr/share/spec-helper/gprintify
+ '[' -n '' ']'
+ /usr/share/spec-helper/fix_mo
+ '[' -n '' ']'
+ /usr/share/spec-helper/translate_menu
+ '[' -n '' ']'
+ /usr/share/spec-helper/fix_pamd
+ '[' -n '' ']'
+ /usr/share/spec-helper/remove_info_dir
+ '[' -n '' ']'
+ /usr/share/spec-helper/fix_eol
+ '[' -n '' ']'
+ /usr/share/spec-helper/check_elf_files
+ /usr/lib/rpm/mageia/brp-java-repack-jars
+ '[' 1 -eq 1 ']'
+ /usr/lib/rpm/brp-python-bytecompile /usr/bin/python 1
+ /usr/lib/rpm/brp-python-hardlink
Processing files: lib64xvidcore4-1.3.4-3.1.mga6.x86_64
Executing(%doc): /bin/sh -e /var/tmp/rpm-tmp.DIUMq0
+ umask 022
+ cd /builddir/build/BUILD
+ cd xvidcore
+ DOCDIR=/builddir/build/BUILDROOT/xvid-1.3.4-3.1.mga6.x86_64/usr/share/doc/lib64xvidcore4
+ export DOCDIR
+ /usr/bin/mkdir -p /builddir/build/BUILDROOT/xvid-1.3.4-3.1.mga6.x86_64/usr/share/doc/lib64xvidcore4
+ cp -pr LICENSE /builddir/build/BUILDROOT/xvid-1.3.4-3.1.mga6.x86_64/usr/share/doc/lib64xvidcore4
+ cp -pr README /builddir/build/BUILDROOT/xvid-1.3.4-3.1.mga6.x86_64/usr/share/doc/lib64xvidcore4
+ exit 0
Provides: lib64xvidcore4 = 2:1.3.4-3.1.mga6 lib64xvidcore4(x86-64) = 2:1.3.4-3.1.mga6 libxvid = 2:1.3.4-3.1.mga6 libxvidcore.so.4()(64bit) xvid = 2:1.3.4-3.1.mga6
Requires(rpmlib): rpmlib(CompressedFileNames) <= 3.0.4-1 rpmlib(FileDigests) <= 4.6.0-1 rpmlib(PayloadFilesHavePrefix) <= 4.0-1
Requires: libc.so.6()(64bit) libc.so.6(GLIBC_2.11)(64bit) libc.so.6(GLIBC_2.14)(64bit) libc.so.6(GLIBC_2.2.5)(64bit) libc.so.6(GLIBC_2.3.4)(64bit) libc.so.6(GLIBC_2.4)(64bit) libc.so.6(GLIBC_2.7)(64bit) libm.so.6()(64bit) libm.so.6(GLIBC_2.2.5)(64bit) libpthread.so.0()(64bit) libpthread.so.0(GLIBC_2.2.5)(64bit)
Obsoletes: lib64xvid4 < 2:1.3.2-4
Processing files: lib64xvidcore-devel-1.3.4-3.1.mga6.x86_64
Executing(%doc): /bin/sh -e /var/tmp/rpm-tmp.zc6J4v
+ umask 022
+ cd /builddir/build/BUILD
+ cd xvidcore
+ DOCDIR=/builddir/build/BUILDROOT/xvid-1.3.4-3.1.mga6.x86_64/usr/share/doc/lib64xvidcore-devel
+ export DOCDIR
+ /usr/bin/mkdir -p /builddir/build/BUILDROOT/xvid-1.3.4-3.1.mga6.x86_64/usr/share/doc/lib64xvidcore-devel
+ cp -pr ChangeLog /builddir/build/BUILDROOT/xvid-1.3.4-3.1.mga6.x86_64/usr/share/doc/lib64xvidcore-devel
+ cp -pr CodingStyle /builddir/build/BUILDROOT/xvid-1.3.4-3.1.mga6.x86_64/usr/share/doc/lib64xvidcore-devel
+ cp -pr TODO /builddir/build/BUILDROOT/xvid-1.3.4-3.1.mga6.x86_64/usr/share/doc/lib64xvidcore-devel
+ cp -pr AUTHORS /builddir/build/BUILDROOT/xvid-1.3.4-3.1.mga6.x86_64/usr/share/doc/lib64xvidcore-devel
+ exit 0
BUILDSTDERR: perl: warning: Setting locale failed.
BUILDSTDERR: perl: warning: Please check that your locale settings:
BUILDSTDERR: 	LANGUAGE = (unset),
BUILDSTDERR: 	LC_ALL = (unset),
BUILDSTDERR: 	LC_SOURCED = "1",
BUILDSTDERR: 	LANG = "en_US.UTF-8"
BUILDSTDERR:     are supported and installed on your system.
BUILDSTDERR: perl: warning: Falling back to the standard locale ("C").
Provides: devel(libxvidcore(64bit)) lib64xvidcore-devel = 2:1.3.4-3.1.mga6 lib64xvidcore-devel(x86-64) = 2:1.3.4-3.1.mga6 libxvid-devel = 2:1.3.4-3.1.mga6 xvid-devel = 2:1.3.4-3.1.mga6 xvid4-devel = 2:1.3.4-3.1.mga6
Requires(rpmlib): rpmlib(CompressedFileNames) <= 3.0.4-1 rpmlib(FileDigests) <= 4.6.0-1 rpmlib(PayloadFilesHavePrefix) <= 4.0-1
Requires: devel(libm(64bit))
Obsoletes: lib64xvid-devel < 2:1.3.2-4
Processing files: xvid-debuginfo-1.3.4-3.1.mga6.x86_64
Provides: xvid-debuginfo = 2:1.3.4-3.1.mga6 xvid-debuginfo(x86-64) = 2:1.3.4-3.1.mga6
Requires(rpmlib): rpmlib(CompressedFileNames) <= 3.0.4-1 rpmlib(FileDigests) <= 4.6.0-1 rpmlib(PayloadFilesHavePrefix) <= 4.0-1
Checking for unpackaged file(s): /usr/lib/rpm/check-files /builddir/build/BUILDROOT/xvid-1.3.4-3.1.mga6.x86_64
Wrote: /builddir/build/RPMS/lib64xvidcore4-1.3.4-3.1.mga6.x86_64.rpm
Wrote: /builddir/build/RPMS/lib64xvidcore-devel-1.3.4-3.1.mga6.x86_64.rpm
Wrote: /builddir/build/RPMS/xvid-debuginfo-1.3.4-3.1.mga6.x86_64.rpm
Executing(%clean): /bin/sh -e /var/tmp/rpm-tmp.CHmJid
+ umask 022
+ cd /builddir/build/BUILD
+ cd xvidcore
+ /usr/bin/rm -rf /builddir/build/BUILDROOT/xvid-1.3.4-3.1.mga6.x86_64
+ exit 0
Child return code was: 0
Mock Version: 1.4.9
ENTER ['do'](['bash', '--login', '-c', '/usr/bin/rpmbuild -bs --target i586 --nodeps /builddir/build/SPECS/xvid.spec'], chrootPath='/home/stig/rpmbuild/mock/6/i586'env={'TERM': 'vt100', 'SHELL': '/bin/bash', 'HOME': '/builddir', 'HOSTNAME': 'mock', 'PATH': '/usr/bin:/bin:/usr/sbin:/sbin', 'PROMPT_COMMAND': 'printf "\\033]0;<mock-chroot>\\007"', 'PS1': '<mock-chroot> \\s-\\v\\$ ', 'LANG': 'en_US.UTF-8'}shell=Falselogger=<mockbuild.trace_decorator.getLog object at 0x7ff771ff9710>timeout=0uid=1000gid=135user='mockbuild'nspawn_args=[]unshare_net=TrueprintOutput=True)
Executing command: ['/usr/bin/systemd-nspawn', '-q', '-M', '8bc4f823d51c408b87c645d4371a74ab', '-D', '/home/stig/rpmbuild/mock/6/i586', '-a', '--setenv=TERM=vt100', '--setenv=SHELL=/bin/bash', '--setenv=HOME=/builddir', '--setenv=HOSTNAME=mock', '--setenv=PATH=/usr/bin:/bin:/usr/sbin:/sbin', '--setenv=PROMPT_COMMAND=printf "\\033]0;<mock-chroot>\\007"', '--setenv=PS1=<mock-chroot> \\s-\\v\\$ ', '--setenv=LANG=en_US.UTF-8', '-u', 'mockbuild', 'bash', '--login', '-c', '/usr/bin/rpmbuild -bs --target i586 --nodeps /builddir/build/SPECS/xvid.spec'] with env {'TERM': 'vt100', 'SHELL': '/bin/bash', 'HOME': '/builddir', 'HOSTNAME': 'mock', 'PATH': '/usr/bin:/bin:/usr/sbin:/sbin', 'PROMPT_COMMAND': 'printf "\\033]0;<mock-chroot>\\007"', 'PS1': '<mock-chroot> \\s-\\v\\$ ', 'LANG': 'en_US.UTF-8'} and shell False
BUILDSTDERR: /etc/profile.d/10lang.sh: line 28: warning: setlocale: LC_CTYPE: cannot change locale (en_US.UTF-8): No such file or directory
BUILDSTDERR: /etc/profile.d/10lang.sh: line 29: warning: setlocale: LC_COLLATE: cannot change locale (en_US.UTF-8): No such file or directory
BUILDSTDERR: /etc/profile.d/10lang.sh: line 32: warning: setlocale: LC_MESSAGES: cannot change locale (en_US.UTF-8): No such file or directory
BUILDSTDERR: /etc/profile.d/10lang.sh: line 35: warning: setlocale: LC_NUMERIC: cannot change locale (en_US.UTF-8): No such file or directory
BUILDSTDERR: /etc/profile.d/10lang.sh: line 38: warning: setlocale: LC_TIME: cannot change locale (en_US.UTF-8): No such file or directory
Building target platforms: i586
Building for target i586
Wrote: /builddir/build/SRPMS/xvid-1.3.4-3.1.mga6.src.rpm
Child return code was: 0
ENTER ['do'](['bash', '--login', '-c', '/usr/bin/rpmbuild -bb --target i586 --nodeps /builddir/build/SPECS/xvid.spec'], chrootPath='/home/stig/rpmbuild/mock/6/i586'env={'TERM': 'vt100', 'SHELL': '/bin/bash', 'HOME': '/builddir', 'HOSTNAME': 'mock', 'PATH': '/usr/bin:/bin:/usr/sbin:/sbin', 'PROMPT_COMMAND': 'printf "\\033]0;<mock-chroot>\\007"', 'PS1': '<mock-chroot> \\s-\\v\\$ ', 'LANG': 'en_US.UTF-8'}shell=Falselogger=<mockbuild.trace_decorator.getLog object at 0x7ff771ff9710>timeout=0uid=1000gid=135user='mockbuild'nspawn_args=[]unshare_net=TrueprintOutput=True)
Executing command: ['/usr/bin/systemd-nspawn', '-q', '-M', 'c4f708aa692240cb83216124bb043113', '-D', '/home/stig/rpmbuild/mock/6/i586', '-a', '--setenv=TERM=vt100', '--setenv=SHELL=/bin/bash', '--setenv=HOME=/builddir', '--setenv=HOSTNAME=mock', '--setenv=PATH=/usr/bin:/bin:/usr/sbin:/sbin', '--setenv=PROMPT_COMMAND=printf "\\033]0;<mock-chroot>\\007"', '--setenv=PS1=<mock-chroot> \\s-\\v\\$ ', '--setenv=LANG=en_US.UTF-8', '-u', 'mockbuild', 'bash', '--login', '-c', '/usr/bin/rpmbuild -bb --target i586 --nodeps /builddir/build/SPECS/xvid.spec'] with env {'TERM': 'vt100', 'SHELL': '/bin/bash', 'HOME': '/builddir', 'HOSTNAME': 'mock', 'PATH': '/usr/bin:/bin:/usr/sbin:/sbin', 'PROMPT_COMMAND': 'printf "\\033]0;<mock-chroot>\\007"', 'PS1': '<mock-chroot> \\s-\\v\\$ ', 'LANG': 'en_US.UTF-8'} and shell False
BUILDSTDERR: /etc/profile.d/10lang.sh: line 28: warning: setlocale: LC_CTYPE: cannot change locale (en_US.UTF-8): No such file or directory
BUILDSTDERR: /etc/profile.d/10lang.sh: line 29: warning: setlocale: LC_COLLATE: cannot change locale (en_US.UTF-8): No such file or directory
BUILDSTDERR: /etc/profile.d/10lang.sh: line 32: warning: setlocale: LC_MESSAGES: cannot change locale (en_US.UTF-8): No such file or directory
BUILDSTDERR: /etc/profile.d/10lang.sh: line 35: warning: setlocale: LC_NUMERIC: cannot change locale (en_US.UTF-8): No such file or directory
BUILDSTDERR: /etc/profile.d/10lang.sh: line 38: warning: setlocale: LC_TIME: cannot change locale (en_US.UTF-8): No such file or directory
Building target platforms: i586
Building for target i586
Executing(%prep): /bin/sh -e /var/tmp/rpm-tmp.3FKWOR
+ umask 022
+ cd /builddir/build/BUILD
+ '[' 1 -eq 1 ']'
+ '[' 1 -eq 1 ']'
+ '[' 1 -eq 1 ']'
+ cd /builddir/build/BUILD
+ rm -rf xvidcore
+ /usr/bin/bzip2 -dc /builddir/build/SOURCES/xvidcore-1.3.4.tar.bz2
+ /usr/bin/tar -xof -
+ STATUS=0
+ '[' 0 -ne 0 ']'
+ cd xvidcore
+ /usr/bin/chmod -Rf a+rX,u+w,g-w,o-w .
+ exit 0
Executing(%build): /bin/sh -e /var/tmp/rpm-tmp.VAc4Tv
+ umask 022
+ cd /builddir/build/BUILD
+ cd xvidcore
~/build/BUILD/xvidcore/build/generic ~/build/BUILD/xvidcore
+ '[' 1 -eq 1 ']'
+ '[' 1 -eq 1 ']'
+ pushd build/generic
+ CFLAGS='-O2 -g -pipe -Wformat -Werror=format-security -Wp,-D_FORTIFY_SOURCE=2 -fstack-protector --param=ssp-buffer-size=4 -fomit-frame-pointer -march=i586 -mtune=generic -fasynchronous-unwind-tables'
+ export CFLAGS
+ CXXFLAGS='-O2 -g -pipe -Wformat -Werror=format-security -Wp,-D_FORTIFY_SOURCE=2 -fstack-protector --param=ssp-buffer-size=4 -fomit-frame-pointer -march=i586 -mtune=generic -fasynchronous-unwind-tables'
+ export CXXFLAGS
+ FFLAGS='-O2 -g -pipe -Wformat -Werror=format-security -Wp,-D_FORTIFY_SOURCE=2 -fstack-protector --param=ssp-buffer-size=4 -fomit-frame-pointer -march=i586 -mtune=generic -fasynchronous-unwind-tables'
+ export FFLAGS
+ LDFLAGS=' -Wl,--as-needed -Wl,--no-undefined -Wl,-z,relro -Wl,-O1 -Wl,--build-id -Wl,--enable-new-dtags'
+ export LDFLAGS
+ CONFIGURE_TOP=.
+ /usr/lib/rpm/mageia/force-as-needed-for-shared-lib-in-libtool
Forcing -Wl,--as-needed in configure/libtool to workaround libtool bug (cf http://lists.gnu.org/archive/html/libtool-patches/2004-06/msg00002.html)
+ /usr/lib/rpm/mageia/drop-ld-no-undefined-for-shared-lib-modules-in-libtool
+ /usr/lib/rpm/mageia/fix-libtool-ltmain-from-overlinking
+ /usr/lib/rpm/mageia/fix-libtool-from-moving-options-after-libs .
+ /usr/lib/rpm/mageia/fix-dlsearch-path-in-libtool-for-multilib . lib
+ '[' -f ./configure.in -o -f ./configure.ac ']'
+ CONFIGURE_XPATH='--x-includes=/usr/include --x-libraries=/usr/lib'
+ ./configure --build=i586-mageia-linux-gnu --prefix=/usr --exec-prefix=/usr --bindir=/usr/bin --sbindir=/usr/sbin --sysconfdir=/etc --datadir=/usr/share --includedir=/usr/include --libdir=/usr/lib --libexecdir=/usr/libexec --localstatedir=/var --sharedstatedir=/var/lib --mandir=/usr/share/man --infodir=/usr/share/info --x-includes=/usr/include --x-libraries=/usr/lib
checking build system type... i586-mageia-linux-gnu
checking host system type... i586-mageia-linux-gnu
checking target system type... i586-mageia-linux-gnu
checking whether to use default CFLAGS... no
checking for gcc... gcc
checking whether the C compiler works... yes
checking for C compiler default output file name... a.out
checking for suffix of executables... 
checking whether we are cross compiling... no
checking for suffix of object files... o
checking whether we are using the GNU C compiler... yes
checking whether gcc accepts -g... yes
checking for gcc option to accept ISO C89... none needed
checking for a BSD-compatible install... /usr/bin/install -c
checking for ranlib... ranlib
checking for ar... ar
checking for grep that handles long lines and -e... /usr/bin/grep
checking for egrep... /usr/bin/grep -E
checking whether ln -s works... yes
checking for whether to use assembly code... yes
checking for architecture type... ia32
checking how to run the C preprocessor... gcc -E
checking for ANSI C header files... yes
checking for sys/types.h... yes
checking for sys/stat.h... yes
checking for stdlib.h... yes
checking for string.h... yes
checking for memory.h... yes
checking for strings.h... yes
checking for inttypes.h... yes
checking for stdint.h... yes
checking for unistd.h... yes
checking size of int *... 4
checking whether byte ordering is bigendian... no
checking for build extensions... .so .a .o
checking for platform specific LDFLAGS/CFLAGS... ok
checking for yasm... yes
checking for yasm version... 1
checking for asm object format... elf
checking stdio.h usability... yes
checking stdio.h presence... yes
checking for stdio.h... yes
checking signal.h usability... yes
checking signal.h presence... yes
checking for signal.h... yes
checking for stdlib.h... (cached) yes
checking for string.h... (cached) yes
checking assert.h usability... yes
checking assert.h presence... yes
checking for assert.h... yes
checking math.h usability... yes
checking math.h presence... yes
checking for math.h... yes
checking pthread.h usability... yes
checking pthread.h presence... yes
checking for pthread.h... yes
checking for pthread_create in -lpthread... yes
configure: creating ./config.status
config.status: creating platform.inc
+ /usr/bin/make -O -j8
  D: =build
---------------------------------------------------------------
Using CFLAGS
---------------------------------------------------------------
CFLAGS=-O2 -g -pipe -Wformat -Werror=format-security -Wp,-D_FORTIFY_SOURCE=2 -fstack-protector --param=ssp-buffer-size=4 -fomit-frame-pointer -march=i586 -mtune=generic -fasynchronous-unwind-tables
---------------------------------------------------------------
Target Libraries
---------------------------------------------------------------
Shared library: libxvidcore.so.4.3
Static library: libxvidcore.a
---------------------------------------------------------------
Object files used for this build
---------------------------------------------------------------
decoder.o encoder.o xvid.o bitstream/bitstream.o bitstream/cbp.o bitstream/mbcoding.o dct/fdct.o dct/idct.o dct/simple_idct.o image/colorspace.o image/image.o image/interpolate8x8.o image/font.o image/postprocessing.o image/qpel.o image/reduced.o motion/estimation_bvop.o motion/estimation_common.o motion/estimation_gmc.o motion/estimation_pvop.o motion/estimation_rd_based.o motion/estimation_rd_based_bvop.o motion/gmc.o motion/motion_comp.o motion/vop_type_decision.o motion/sad.o prediction/mbprediction.o plugins/plugin_single.o plugins/plugin_2pass1.o plugins/plugin_2pass2.o plugins/plugin_lumimasking.o plugins/plugin_dump.o plugins/plugin_psnr.o plugins/plugin_ssim.o plugins/plugin_psnrhvsm.o quant/quant_h263.o quant/quant_matrix.o quant/quant_mpeg.o utils/emms.o utils/mbtransquant.o utils/mem_align.o utils/mem_transfer.o utils/timer.o bitstream/x86_asm/cbp_mmx.o bitstream/x86_asm/cbp_sse2.o dct/x86_asm/fdct_mmx_ffmpeg.o dct/x86_asm/fdct_mmx_skal.o dct/x86_asm/fdct_sse2_skal.o dct/x86_asm/idct_3dne.o dct/x86_asm/idct_mmx.o dct/x86_asm/idct_sse2_dmitry.o image/x86_asm/colorspace_rgb_mmx.o image/x86_asm/colorspace_yuv_mmx.o image/x86_asm/colorspace_yuyv_mmx.o image/x86_asm/interpolate8x8_3dn.o image/x86_asm/interpolate8x8_3dne.o image/x86_asm/interpolate8x8_mmx.o image/x86_asm/interpolate8x8_xmm.o image/x86_asm/postprocessing_mmx.o image/x86_asm/postprocessing_sse2.o image/x86_asm/reduced_mmx.o image/x86_asm/qpel_mmx.o image/x86_asm/gmc_mmx.o image/x86_asm/deintl_sse.o motion/x86_asm/sad_xmm.o motion/x86_asm/sad_sse2.o motion/x86_asm/sad_mmx.o motion/x86_asm/sad_3dne.o motion/x86_asm/sad_3dn.o quant/x86_asm/quantize_h263_mmx.o quant/x86_asm/quantize_h263_3dne.o quant/x86_asm/quantize_mpeg_xmm.o quant/x86_asm/quantize_mpeg_mmx.o utils/x86_asm/mem_transfer_mmx.o utils/x86_asm/mem_transfer_3dne.o utils/x86_asm/interlacing_mmx.o utils/x86_asm/cpuid.o plugins/x86_asm/plugin_ssim-a.o
---------------------------------------------------------------
Install Paths
---------------------------------------------------------------
Include Directory: /usr/include
Library Directory: /usr/lib
  C: bitstream/cbp.c
  C: dct/fdct.c
  C: dct/simple_idct.c
  C: dct/idct.c
  C: ./xvid.c
  C: image/font.c
  C: image/image.c
  C: bitstream/mbcoding.c
  C: image/interpolate8x8.c
  C: image/reduced.c
  C: ./encoder.c
  C: motion/estimation_common.c
  C: motion/estimation_gmc.c
  C: ./decoder.c
  C: bitstream/bitstream.c
  C: motion/estimation_bvop.c
  C: motion/gmc.c
  C: motion/vop_type_decision.c
  C: image/colorspace.c
  C: motion/estimation_pvop.c
  C: plugins/plugin_single.c
  C: motion/sad.c
  C: motion/estimation_rd_based_bvop.c
  C: motion/estimation_rd_based.c
  C: plugins/plugin_2pass1.c
  C: prediction/mbprediction.c
  C: motion/motion_comp.c
  C: plugins/plugin_dump.c
  C: plugins/plugin_psnr.c
  C: quant/quant_matrix.c
  C: plugins/plugin_lumimasking.c
  C: plugins/plugin_psnrhvsm.c
  C: quant/quant_h263.c
  C: utils/emms.c
  C: quant/quant_mpeg.c
  C: utils/mem_align.c
  C: utils/timer.c
  A: bitstream/x86_asm/cbp_mmx.asm
  A: bitstream/x86_asm/cbp_sse2.asm
  A: dct/x86_asm/fdct_mmx_ffmpeg.asm
  C: plugins/plugin_ssim.c
  A: dct/x86_asm/fdct_mmx_skal.asm
  A: dct/x86_asm/fdct_sse2_skal.asm
  A: dct/x86_asm/idct_3dne.asm
  A: dct/x86_asm/idct_mmx.asm
  A: dct/x86_asm/idct_sse2_dmitry.asm
  A: image/x86_asm/colorspace_rgb_mmx.asm
  A: image/x86_asm/colorspace_yuv_mmx.asm
  A: image/x86_asm/interpolate8x8_3dn.asm
  A: image/x86_asm/interpolate8x8_3dne.asm
  A: image/x86_asm/colorspace_yuyv_mmx.asm
  A: image/x86_asm/interpolate8x8_xmm.asm
  C: utils/mem_transfer.c
  A: image/x86_asm/interpolate8x8_mmx.asm
  A: image/x86_asm/postprocessing_mmx.asm
  A: image/x86_asm/postprocessing_sse2.asm
  A: image/x86_asm/deintl_sse.asm
  A: image/x86_asm/gmc_mmx.asm
  A: motion/x86_asm/sad_xmm.asm
  A: motion/x86_asm/sad_sse2.asm
  A: image/x86_asm/reduced_mmx.asm
  A: motion/x86_asm/sad_3dn.asm
  A: motion/x86_asm/sad_mmx.asm
  A: quant/x86_asm/quantize_h263_mmx.asm
  A: motion/x86_asm/sad_3dne.asm
  A: quant/x86_asm/quantize_h263_3dne.asm
  C: plugins/plugin_2pass2.c
  A: image/x86_asm/qpel_mmx.asm
  A: quant/x86_asm/quantize_mpeg_xmm.asm
  C: image/postprocessing.c
  A: utils/x86_asm/interlacing_mmx.asm
  A: utils/x86_asm/mem_transfer_3dne.asm
  A: utils/x86_asm/mem_transfer_mmx.asm
  A: quant/x86_asm/quantize_mpeg_mmx.asm
  A: utils/x86_asm/cpuid.asm
  A: plugins/x86_asm/plugin_ssim-a.asm
  C: utils/mbtransquant.c
  C: image/qpel.c
  L: libxvidcore.a
  L: libxvidcore.so.4.3
---------------------------------------------------------------
 Xvid has been successfully built.
 * Binaries are currently located in the '=build' directory
 * To install them on your system, you can run '# make install'
   as root.
---------------------------------------------------------------
~/build/BUILD/xvidcore
+ popd
+ exit 0
Executing(%install): /bin/sh -e /var/tmp/rpm-tmp.d2NxOw
+ umask 022
+ cd /builddir/build/BUILD
+ '[' 1 -eq 1 ']'
+ '[' /builddir/build/BUILDROOT/xvid-1.3.4-3.1.mga6.i386 '!=' / ']'
+ rm -rf /builddir/build/BUILDROOT/xvid-1.3.4-3.1.mga6.i386
BUILDSTDERR: ++ dirname /builddir/build/BUILDROOT/xvid-1.3.4-3.1.mga6.i386
+ mkdir -p /builddir/build/BUILDROOT
+ mkdir /builddir/build/BUILDROOT/xvid-1.3.4-3.1.mga6.i386
+ cd xvidcore
+ '[' 1 -eq 1 ']'
+ /usr/bin/make install DESTDIR=/builddir/build/BUILDROOT/xvid-1.3.4-3.1.mga6.i386 -C build/generic
make: Entering directory '/builddir/build/BUILD/xvidcore/build/generic'
  D: /usr/include
  I: /usr/include/xvid.h
  D: /usr/lib
  I: /usr/lib/libxvidcore.a
  I: /usr/lib/libxvidcore.so.4.3
make: Leaving directory '/builddir/build/BUILD/xvidcore/build/generic'
+ chmod a+rx /builddir/build/BUILDROOT/xvid-1.3.4-3.1.mga6.i386/usr/lib/libxvidcore.so
+ /usr/lib/rpm/find-debuginfo.sh -m --run-dwz --dwz-low-mem-die-limit 10000000 --dwz-max-die-limit 50000000 /builddir/build/BUILD/xvidcore
extracting debug info from /builddir/build/BUILDROOT/xvid-1.3.4-3.1.mga6.i386/usr/lib/libxvidcore.so.4.3
BUILDSTDERR: dwz: Too few files for multifile optimization
/usr/lib/rpm/sepdebugcrcfix: Updated 1 CRC32s, 0 CRC32s did match.
symlinked /usr/lib/debug/usr/lib/libxvidcore.so.4.3.debug to /usr/lib/debug/usr/lib/libxvidcore.so.4.debug
symlinked /usr/lib/debug/usr/lib/libxvidcore.so.4.3.debug to /usr/lib/debug/usr/lib/libxvidcore.so.debug
BUILDSTDERR: 2088 blocks
+ '[' -n '' ']'
+ /usr/share/spec-helper/clean_files
+ '[' -n '' ']'
+ /usr/share/spec-helper/compress_files .xz
+ '[' -n '' ']'
+ /usr/share/spec-helper/relink_symlinks
+ '[' -n '' ']'
+ /usr/share/spec-helper/clean_perl
+ '[' -n '' ']'
+ /usr/share/spec-helper/lib_symlinks
+ '[' -n '' ']'
+ /usr/share/spec-helper/gprintify
+ '[' -n '' ']'
+ /usr/share/spec-helper/fix_mo
+ '[' -n '' ']'
+ /usr/share/spec-helper/translate_menu
+ '[' -n '' ']'
+ /usr/share/spec-helper/fix_pamd
+ '[' -n '' ']'
+ /usr/share/spec-helper/remove_info_dir
+ '[' -n '' ']'
+ /usr/share/spec-helper/fix_eol
+ '[' -n '' ']'
+ /usr/share/spec-helper/check_elf_files
+ /usr/lib/rpm/mageia/brp-java-repack-jars
+ '[' 1 -eq 1 ']'
+ /usr/lib/rpm/brp-python-bytecompile /usr/bin/python 1
+ /usr/lib/rpm/brp-python-hardlink
Processing files: libxvidcore4-1.3.4-3.1.mga6.i586
Executing(%doc): /bin/sh -e /var/tmp/rpm-tmp.SlPLpz
+ umask 022
+ cd /builddir/build/BUILD
+ cd xvidcore
+ DOCDIR=/builddir/build/BUILDROOT/xvid-1.3.4-3.1.mga6.i386/usr/share/doc/libxvidcore4
+ export DOCDIR
+ /usr/bin/mkdir -p /builddir/build/BUILDROOT/xvid-1.3.4-3.1.mga6.i386/usr/share/doc/libxvidcore4
+ cp -pr LICENSE /builddir/build/BUILDROOT/xvid-1.3.4-3.1.mga6.i386/usr/share/doc/libxvidcore4
+ cp -pr README /builddir/build/BUILDROOT/xvid-1.3.4-3.1.mga6.i386/usr/share/doc/libxvidcore4
+ exit 0
Provides: libxvid = 2:1.3.4-3.1.mga6 libxvidcore.so.4 libxvidcore4 = 2:1.3.4-3.1.mga6 libxvidcore4(x86-32) = 2:1.3.4-3.1.mga6 xvid = 2:1.3.4-3.1.mga6
Requires(rpmlib): rpmlib(CompressedFileNames) <= 3.0.4-1 rpmlib(FileDigests) <= 4.6.0-1 rpmlib(PayloadFilesHavePrefix) <= 4.0-1
Requires: libc.so.6 libc.so.6(GLIBC_2.0) libc.so.6(GLIBC_2.1) libc.so.6(GLIBC_2.1.3) libc.so.6(GLIBC_2.11) libc.so.6(GLIBC_2.3.4) libc.so.6(GLIBC_2.4) libc.so.6(GLIBC_2.7) libm.so.6 libm.so.6(GLIBC_2.0) libpthread.so.0 libpthread.so.0(GLIBC_2.0) libpthread.so.0(GLIBC_2.1)
Obsoletes: libxvid4 < 2:1.3.2-4
Processing files: libxvidcore-devel-1.3.4-3.1.mga6.i586
Executing(%doc): /bin/sh -e /var/tmp/rpm-tmp.FtVWcC
+ umask 022
+ cd /builddir/build/BUILD
+ cd xvidcore
+ DOCDIR=/builddir/build/BUILDROOT/xvid-1.3.4-3.1.mga6.i386/usr/share/doc/libxvidcore-devel
+ export DOCDIR
+ /usr/bin/mkdir -p /builddir/build/BUILDROOT/xvid-1.3.4-3.1.mga6.i386/usr/share/doc/libxvidcore-devel
+ cp -pr ChangeLog /builddir/build/BUILDROOT/xvid-1.3.4-3.1.mga6.i386/usr/share/doc/libxvidcore-devel
+ cp -pr CodingStyle /builddir/build/BUILDROOT/xvid-1.3.4-3.1.mga6.i386/usr/share/doc/libxvidcore-devel
+ cp -pr TODO /builddir/build/BUILDROOT/xvid-1.3.4-3.1.mga6.i386/usr/share/doc/libxvidcore-devel
+ cp -pr AUTHORS /builddir/build/BUILDROOT/xvid-1.3.4-3.1.mga6.i386/usr/share/doc/libxvidcore-devel
+ exit 0
BUILDSTDERR: perl: warning: Setting locale failed.
BUILDSTDERR: perl: warning: Please check that your locale settings:
BUILDSTDERR: 	LANGUAGE = (unset),
BUILDSTDERR: 	LC_ALL = (unset),
BUILDSTDERR: 	LC_SOURCED = "1",
BUILDSTDERR: 	LANG = "en_US.UTF-8"
BUILDSTDERR:     are supported and installed on your system.
BUILDSTDERR: perl: warning: Falling back to the standard locale ("C").
Provides: devel(libxvidcore) libxvid-devel = 2:1.3.4-3.1.mga6 libxvidcore-devel = 2:1.3.4-3.1.mga6 libxvidcore-devel(x86-32) = 2:1.3.4-3.1.mga6 xvid-devel = 2:1.3.4-3.1.mga6 xvid4-devel = 2:1.3.4-3.1.mga6
Requires(rpmlib): rpmlib(CompressedFileNames) <= 3.0.4-1 rpmlib(FileDigests) <= 4.6.0-1 rpmlib(PayloadFilesHavePrefix) <= 4.0-1
Requires: devel(libm)
Obsoletes: libxvid-devel < 2:1.3.2-4
Processing files: xvid-debuginfo-1.3.4-3.1.mga6.i586
Provides: xvid-debuginfo = 2:1.3.4-3.1.mga6 xvid-debuginfo(x86-32) = 2:1.3.4-3.1.mga6
Requires(rpmlib): rpmlib(CompressedFileNames) <= 3.0.4-1 rpmlib(FileDigests) <= 4.6.0-1 rpmlib(PayloadFilesHavePrefix) <= 4.0-1
Checking for unpackaged file(s): /usr/lib/rpm/check-files /builddir/build/BUILDROOT/xvid-1.3.4-3.1.mga6.i386
Wrote: /builddir/build/RPMS/libxvidcore4-1.3.4-3.1.mga6.i586.rpm
Wrote: /builddir/build/RPMS/libxvidcore-devel-1.3.4-3.1.mga6.i586.rpm
Wrote: /builddir/build/RPMS/xvid-debuginfo-1.3.4-3.1.mga6.i586.rpm
Executing(%clean): /bin/sh -e /var/tmp/rpm-tmp.flirhO
+ umask 022
+ cd /builddir/build/BUILD
+ cd xvidcore
+ /usr/bin/rm -rf /builddir/build/BUILDROOT/xvid-1.3.4-3.1.mga6.i386
+ exit 0
Child return code was: 0
