rpm-mageia-setup-2.20.1-1.mga6.i586 1505752831 7519 0326a9c84ec1739ad20624ed1f401d79 installed
rootcerts-1:20180104.00-1.mga6.noarch 1516472007 2942320 1a6ba37a4aa62eeaab15081f7b740fd0 installed
libgpg-error-common-1.24-1.mga6.noarch 1470926308 420991 cd4bec36babd5823e25449115f9dba33 installed
python-rpm-macros-3-4.mga6.noarch 1484743671 3268 88f57476bada85917b920a96163dad92 installed
dash-static-0.5.9-1.mga6.i586 1473485242 132391 4daae305e518a03e4864b3de464876c9 installed
mageia-repos-pkgprefs-6-1.mga6.noarch 1499371760 0 5e1d32abaef68a768bb843aa4d31914a installed
popt-data-1:1.16-13.mga6.noarch 1456060419 60192 e2f0bbc20efb9468c20917ebbcaed90f installed
cmake-rpm-macros-1:3.7.2-3.mga6.i586 1496990652 4534 19182f661884138c078c1efb105cb71e installed
rootfiles-11.0-14.mga6.noarch 1455897202 14813 d308f7699a1f3454de2d1b5371095355 installed
run-parts-1:4.4-7.mga6.i586 1455301827 92625 cf5fed36bf256e919ea1a4728faba107 installed
filesystem-2.1.9-28.mga6.i586 1455178433 0 e5892ca683055de68a3f9d2d0f1284d6 installed
glibc-6:2.22-27.mga6.i586 1516478967 18579953 35bb819611574d2b6a8d446677e69c19 installed
lsb-release-2.0-52.mga6.noarch 1499374806 19261 459aa42cc2e119dcf51cf527cbfeb66c installed
libzlib1-1.2.11-4.1.mga6.i586 1509029245 119507 f8927229773f6c1f914a925a843e68ad installed
libpopt0-1:1.16-13.mga6.i586 1456060411 53693 65026a03cddece43e723a2cecf1e9053 installed
liblzma5-5.2.3-1.mga6.i586 1483134166 233062 e02340bfab76ae20ebff5f53a6fe6f75 installed
libstdc++6-5.5.0-1.mga6.i586 1517745558 1516472 e3f7555460bc8fcdf15cfd9abbeaf8ed installed
libncurses6-6.0-8.1.mga6.i586 1514588760 654748 c3969527427e9f2899b7e3da0f53d1da installed
libopenssl1.0.0-1.0.2n-1.mga6.i586 1513156917 2794028 4a80113813072703ac72e075a13904cb installed
libelfutils1-0.169-1.mga6.i586 1494346843 111432 06c4dece6bbf10c10e59710bdb7e36e7 installed
libcap2-2.25-1.mga6.i586 1460387704 54096 85fb6860fe69a54abc917355a2b64af9 installed
libblkid1-2.28.2-2.mga6.i586 1487848571 292608 5ca216ed81ea04c572568497fdb1811f installed
libmpfr4-0:3.1.5-1.mga6.i586 1477500508 441396 f5c466ceac1e79acaffd148532ab09ca installed
libffi6-3.2.1-5.mga6.i586 1455209063 49027 fbcdf89f0e2fc5d4b50e0396c27963aa installed
libintl8-0.19.8.1-1.mga6.i586 1465844912 190525 42fc3bcfc550dc9cdfb853574a4d02f1 installed
libmount1-2.28.2-2.mga6.i586 1487848571 329540 fe708f9f02b40cd13dddbaf902e14acf installed
libacl1-2.2.52-7.mga6.i586 1455119780 171591 86e4b383fdcad7ee8b20cc39fa4389a0 installed
mageia-release-common-6-4.mga6.i586 1499719707 135619 37d1ff6a43f426ba7242db987b0eb243 installed
mageia-repos-6-1.mga6.i586 1499371760 22941 40ea3bb44bc693606bc588be064ac8d6 installed
libnettle6-1:3.3-1.mga6.i586 1475497953 917396 512ce1dbef012f91ea7f336a56a65a0d installed
libtcb0-1.1-7.mga6.i586 1455304930 23612 ba34c12f16774c217e6cf62c2ff2e780 installed
libgio2.0_0-2.52.2-2.mga6.i586 1495174283 1952524 6f4fbf6df57a1a05177c01a044b03f85 installed
libp11-kit0-0.23.2-2.mga6.i586 1463186423 411910 1f6971841bf9057fbcbc723de8ce4570 installed
libreadline6-6.3-9.mga6.i586 1455300722 322324 6badb3a07aadcc790fef7fd6f97785a0 installed
psmisc-22.21-7.mga6.i586 1455297207 466406 75d337046d24d73504f73c07a92296c7 installed
libdevmapper1.02-1.02.137-1.mga6.i586 1480623444 398108 215f6d6195b29fad50a04e22276c8eed installed
xz-5.2.3-1.mga6.i586 1483134166 515743 6bbfa05099f105078000f2b075ac16bf installed
sed-4.2.2-9.mga6.i586 1455302773 685336 df9f7d985fd4a593e0b22a94d1040cbb installed
findutils-4.6.0-1.mga6.i586 1451426884 1691701 ca7881e5b5618b5248967dc65d6dcb01 installed
which-2.21-3.mga6.i586 1455308604 49594 d410b52685960daa13a17a78c73cb724 installed
libmagic1-5.25-5.mga6.i586 1477005126 148028 48ef535dd3c48d559b1745c096fc49da installed
less-487-1.mga6.i586 1490907627 574534 b9ab7639ca2df4ff5e8cd1aba5d310ed installed
hostname-3.18-1.mga6.i586 1470925037 36747 d26d785973d67ea8fb7a22be40ae0244 installed
libaudit1-2.7.7-1.mga6.i586 1498044148 114607 8579ae94340152072998622a450d2c1b installed
libgdbm4-1.12-1.mga6.i586 1463494331 78250 7a2600e9be7795e54eb8e6a6c86d5124 installed
libnspr4-2:4.18-1.mga6.i586 1516471845 303632 661fdba9d557974cbc4061521b858663 installed
perl-YAML-Tiny-1.690.0-3.mga6.noarch 1466338609 167548 04f4acb3adc899d591dace2991079c34 installed
perl-File-Slurp-9999.190.0-8.mga6.noarch 1466296652 49678 42e71e36674d265d5226ec06fc832615 installed
libtool-base-2.4.6-5.mga6.i586 1478034477 1929484 3adc22090c4a44966da9bb4ea1b83480 installed
etcskel-1.63-34.mga6.noarch 1455896840 4609 c0908ca80e979be1bd0c6405f7ca011b installed
libgcrypt20-1.7.8-1.1.mga6.i586 1504882908 952682 b26407b0f22c878d85d73a9cd16282c4 installed
libprocps6-3.3.12-1.mga6.i586 1471034510 98461 6393312e6dccdb1d338e25a70d1d1693 installed
perl-List-MoreUtils-0.415.0-1.mga6.i586 1462572802 161144 4ac43e88d24ad5b1ab38984ceff03b20 installed
perl-MDK-Common-1.2.32-2.mga6.noarch 1466307101 122844 879496a6035b2b319f725c2c1fef7f74 installed
cracklib-dicts-2.9.6-5.mga6.i586 1481570468 9988544 ec52f8fd06764232fe7498cea31d43ed installed
time-1.7-45.mga6.i586 1455305813 21474 bf1eff5aa77bca12bfd1421c4749a2e4 installed
diffutils-3.3-6.mga6.i586 1455174126 951359 f4c9732521c5824e134a5d3436205ea4 installed
autoconf-1:2.69-8.mga6.noarch 1452947991 2211296 49262e2cc78b0fab85916f335243b766 installed
binutils-1:2.25.1-7.mga6.i586 1498927640 20822211 84e7c909fedbdc57f2b9fe5153850ab4 installed
liblua5.2-5.2.4-1.mga6.i586 1473282377 229892 490cb2cf41967ffdad99c693251b1b1d installed
logrotate-3.12.2-1.mga6.i586 1495518726 126047 18fc1c83f640b4699e5b2ed4a388a5d1 installed
bzip2-1.0.6-10.mga6.i586 1479977775 143602 b5fe9b24613787c01f1f62c6cf537555 installed
pkgconfig-0.29.1-3.mga6.i586 1487869150 167900 44a9adaed0d0c359b765d2da1326fd36 installed
libcroco0.6_3-0.6.12-2.mga6.i586 1492961802 605651 d4427abacc55601b272887917e95b422 installed
libfdisk1-2.28.2-2.mga6.i586 1487848571 379148 6e61b574f5d1c4ea207b4400d340a3e1 installed
rmt-0.4b46-1.mga6.i586 1478892841 35175 2fefb53d8b787b8de7781c7656e8e73f installed
libssh2_1-1.7.0-2.mga6.i586 1460709217 408168 651eb672b8d11c16abac697d30b4c02e installed
ncurses-6.0-8.1.mga6.i586 1514588760 463475 2ce145af6ab6b259cd4309e77145958a installed
libicu58-1:58.2-3.2.mga6.i586 1514471688 4709752 69cdd45fd9a55e409021569c43a784b5 installed
python-2.7.13-1.1.mga6.i586 1514681376 273018 113d397b5ef0401d0722e116ec050ef7 installed
libpython2.7-stdlib-2.7.13-1.1.mga6.i586 1514681376 20634463 cbc23e6d9371bc472263aa2da00254b2 installed
python-pkg-resources-19.6.2-1.mga6.noarch 1454319792 388808 7f0a0983aa82f79718ee7c897cb11bef installed
isl-0.16.1-1.mga6.i586 1453661340 16620 e7e29bce8750c6a3d65c19f292ef3515 installed
libgirepository1.0_1-1.52.1-1.mga6.i586 1491809919 252692 1201afd8ed49ff69b5ce2004262b20c7 installed
gcc-cpp-5.5.0-1.mga6.i586 1517745558 20898781 14d25ca0c767e07da2b9db3460a2085d installed
gcc-c++-5.5.0-1.mga6.i586 1517745558 21989686 4d0daed6e09c73be71b693c79663b70f installed
libnatspec0-0.3.1-2.mga6.i586 1455540841 151537 842f44226efedbaef601e7f22d5e577e installed
libpcreposix1-8.41-1.mga6.i586 1513457409 10504 99ce66b8cebca187655effed36079611 installed
libfuse2-0:2.9.7-1.mga6.i586 1470851497 242524 4a438943b201590da1acd3e9beb0a1c9 installed
e2fsprogs-1.43.4-1.mga6.i586 1486019726 4546394 4594b47a817cadd834f8295b0a197168 installed
ifmetric-0.3-17.mga6.i586 1455503907 11548 7d64de765665c7d82f47fe198743f53d installed
libdaemon0-0.14-10.mga6.i586 1455208965 27180 07bd81ca44ad3d41d70babc62b80dcd5 installed
traceroute-2.1.0-1.mga6.i586 1462555220 70867 d8b3d4e651a248cd0fecb9a7d4aa3c7b installed
iproute2-4.14.1-1.mga6.i586 1512928477 1914076 80154c753031c6cefd0359c54f68bcd9 installed
libpcre32_0-8.41-1.mga6.i586 1513457409 422064 47443bc58b66d0233414eedca73e68ef installed
libqrencode3-3.4.4-5.mga6.i586 1455300330 599313 c6195e4da9faa846c73e63724135b204 installed
libdbnss5.3-5.3.28-10.1.mga6.i586 1502488734 1411960 c69085f1557abe1f01fe99f560948f72 installed
kbd-2.0.3-1.mga6.i586 1451607898 3307219 523c9fc64d144e8990c28fbd02d7c427 installed
libuser-0.62-8.1.mga6.i586 1514746212 1658370 93edacd875c6e313b86cf03ec114effd installed
libpam_userpass1-1.0.2-13.mga6.i586 1455253168 13903 75a5b1fb33f4c064df296dbf343d4fd2 installed
makedev-4.4-21.mga6.noarch 1455897082 285810 3166dff6169a210b4c2ec1685fc6daba installed
libutempter-1.1.6-5.mga6.i586 1455215504 35141 10fe86fbb7637a103389c9babf3eb775 installed
libgnutls30-3.5.13-1.mga6.i586 1497091139 1657432 659fc935de7b292f3efdbce0c0af7fb2 installed
libgomp1-5.5.0-1.mga6.i586 1517745558 160940 79830ca134fadc846a360d16668967ed installed
spec-helper-0.31.11-1.mga6.noarch 1452376089 32435 2b14d3f147f0951754a0275a05968565 installed
libsasl2_3-2.1.26-12.mga6.i586 1455153302 131472 b800f2be65eda31f32f796f7562ecfa9 installed
libverto1-0.2.6-6.mga6.i586 1487166743 22356 ee3ee26f908af8d774d8bbecc02dea02 installed
libcurl4-1:7.54.1-2.5.mga6.i586 1516875164 586868 a0699ed5d4ec8255187d8a13842ee982 installed
dbus-1.10.16-1.mga6.i586 1487347327 532434 e1a6698f1452f55cdf2e50cf1289f577 installed
procps-ng-3.3.12-1.mga6.i586 1471034510 1155640 41c2b5df911c74517e7654b8d9b82954 installed
rpm-helper-0.24.17-4.mga6.noarch 1455897261 42353 55e8ce673ce10a1585e768e0f94b2960 installed
nss_tcb-1.1-7.mga6.i586 1455304930 10480 a348cd4ea4661255c1904b9ff1241ad3 installed
resolvconf-1.79-1.mga6.noarch 1464209425 69744 25253ceda5f48e51af4761bf85342de7 installed
systemd-units-230-12.3.mga6.i586 1516498044 991971 c7114a74473dc228d0db3b3a12cd9d19 installed
dmsetup-1.02.137-1.mga6.i586 1480623444 268866 a6a49cddd1a6cbc418e29cf1f5f868f1 installed
nss-2:3.28.6-1.3.mga6.i586 1516472729 18996010 f5567f52087010fac6ed0541fa90c78e installed
librpm7-1:4.13.0.2-3.1.mga6.i586 1509022718 726192 6725945b83e49c3d5f6edc6251c154f6 installed
librpmbuild7-1:4.13.0.2-3.1.mga6.i586 1509022718 165668 3e5930e61ee5d5f51230876323955408 installed
python2-rpm-1:4.13.0.2-3.1.mga6.i586 1509022718 175496 fea9ab8662da3e933ae39c3550d5d8cc installed
rpmlint-mageia-policy-0.2.29-2.mga6.noarch 1455938179 11829 3fe05959532fa1cef2045e626466032d installed
cronie-1.5.1-1.mga6.i586 1470931330 232979 6152a686061f9db39387802ced6ec425 installed
basesystem-minimal-1:6-0.4.mga6.i586 1464642164 0 9c81c0410055b01db3d73a9196f1f79b installed
yasm-1.3.0-2.mga6.i586 1455717924 2061869 79eae79a33dddb1a3c47df1d3d88cd6e installed
gpg-pubkey-80420f66-4d4fe123 1297080611 0 (none) installed
krb5-1.15.1-2.2.mga6.i586 1510410059 31897 fdc97d0b030ae0a0f62b9ba7ea4736d0 installed
icu58-data-1:58.2-3.2.mga6.noarch 1514471688 26213232 ea3189cd7c560ca8cadac3505115e162 installed
kernel-userspace-headers-4.14.20-1.mga6.i586 1518913289 4364360 d79e9709080afd1c484c6b86b9ea254f installed
python2-rpm-macros-3-4.mga6.noarch 1484743671 1485 18c1aaeb353a5e1dc86718492552e0b4 installed
rust-srpm-macros-4-1.mga6.noarch 1501182312 1131 cfb9ea018d7a52f89e7754c390ef2452 installed
mageia-repos-keys-6-1.mga6.noarch 1499371760 1666 36832091ab6cc9c82fe0a4ec9372f9f2 installed
python-srpm-macros-3-4.mga6.noarch 1484743671 621 10a11d4fbc2efcbe705321b144710d39 installed
sash-3.8-6.mga6.i586 1455302291 820840 480cff56de2986329548384a0e49b0f6 installed
common-licenses-1.1-8.mga6.noarch 1455896735 167218 c6035793ecaec8366a181fa988e54405 installed
setup-2.7.24-1.mga6.noarch 1472710689 702922 db4e26b38ea982361479a37bf17416f8 installed
grep-3.0-1.mga6.i586 1486892631 793393 57869c51afbcedf428a2dcdc8f7442d3 installed
libpcre1-8.41-1.mga6.i586 1513457409 483576 0762ef040e40b40824e877d2e93cc90e installed
crontabs-1.10-22.mga6.noarch 1455896779 677 cc30a7963a2bdc8c2a7e26bb3b2a6ff0 installed
perl-base-2:5.22.3-3.1.mga6.i586 1507025560 5787838 8fdfdabff07eea442f59ccf307068eba installed
chkconfig-1.10-1.mga6.i586 1493453899 757373 99e43482e010244f8860d858964257fd installed
libgmp10-6.1.2-1.mga6.i586 1483268785 521051 f5ca691cf4860e945b10c723b5ff8029 installed
libgcc1-5.5.0-1.mga6.i586 1517745558 195112 439716163d2131a879a39031e1e2c192 installed
bash-4.3-48.3.mga6.i586 1483478983 4555143 99402626ec97af57f8b0ff33260b466b installed
libopenssl-engines1.0.0-1.0.2n-1.mga6.i586 1513156917 288340 4c6e5855d6db69f91a7da01512ce7d6f installed
libbzip2_1-1.0.6-10.mga6.i586 1479977775 73445 e3b5eabc5ccaf855acbb334b8f6675c6 installed
libuuid1-2.28.2-2.mga6.i586 1487848571 19312 07ffc1607e30c22d4d7ccc69b63f0228 installed
libncursesw6-6.0-8.1.mga6.i586 1514588760 478636 083f98c40dd02b194a2f0b524b37c1ba installed
libxml2_2-2.9.7-1.mga6.i586 1514396121 1594816 2c18fa7c02712bf3b95b8936bcb82662 installed
libglib2.0_0-2.52.2-2.mga6.i586 1495174283 1651670 d76022b2cbbd5296e15b3f26dcab91bd installed
libmpc3-1.0.3-1.mga6.i586 1451796617 126585 f7732d072a3b429ef26b85363528519c installed
libattr1-2.4.47-7.mga6.i586 1455121306 50200 69a704e5216c0de8ec816c4c3e793838 installed
coreutils-8.25-3.mga6.i586 1493726865 14321729 da1cf16cf01668be4c05c59ceb3bac65 installed
mageia-release-Default-6-4.mga6.i586 1499719707 789 6b47bfe1082ca67c5c37322496cee363 installed
libsigsegv2-2.10-7.mga6.i586 1455214903 68035 6dbcba4217fe110d78dd167b876b3f20 installed
libunistring2-0.9.7-1.mga6.i586 1481193106 1550008 7cb254f9fc93a982343c1439b7100bc3 installed
libdb5.3-5.3.28-10.1.mga6.i586 1502488734 2047910 4d500585cb6e731b404d04dd7cf99e33 installed
gettext-base-0.19.8.1-1.mga6.i586 1465844912 3427501 ea016df8985598a98cd5f29a5bc6507c installed
p11-kit-0.23.2-2.mga6.i586 1463186423 60604 a0c8c2653bbb391cdd9d22c0c8284d5f installed
elfutils-0.169-1.mga6.i586 1494346843 2318034 a02544c88eb866dbafcce391eece5436 installed
libudev1-230-12.3.mga6.i586 1516498044 132656 6b446cee94037e2d8edb3751b024aeec installed
kmod-24-2.mga6.i586 1495518601 220065 a6a0e486c50658ed73548e10deb0a42e installed
info-install-6.1-1.mga6.i586 1462821612 45822 0ac51018f557da3cf328678e72aede72 installed
gawk-4.1.4-1.mga6.i586 1472224841 2342653 24edf939f58a0c5163a5250268c52042 installed
tar-1.29-3.mga6.i586 1479307952 2845326 124ad83096950e2041b4ff24fb150dac installed
libidn11-1.33-1.1.mga6.i586 1507120845 247044 0fbb2ed19e3e18501010b9606bedc980 installed
file-5.25-5.mga6.i586 1477005126 4760454 d837512b848835a090885cff8bfe3ca6 installed
libcrack2-2.9.6-5.mga6.i586 1481570468 35624 98540f92a740c94df74b9b62044042d6 installed
libcap-ng0-0.7.8-1.mga6.i586 1470856066 45358 ad613308f94455531435e3880348e0f8 installed
libexpat1-2.2.1-1.mga6.i586 1497809431 172988 37760563fd4a7464d13c801fed1ac908 installed
perl-2:5.22.3-3.1.mga6.i586 1507025560 35416527 735beadcf9477e049afcded6689e0111 installed
libgpg-error0-1.24-1.mga6.i586 1470926308 86632 cf0df8b750984c33f6c51c0220da44e6 installed
perl-JSON-2.900.0-5.mga6.noarch 1466303227 275252 72e86b4f1f08fdd4617ae6e9c6d0f195 installed
perl-Exporter-Tiny-0.42.0-3.mga6.noarch 1466294835 86885 cf0178df4f049504a8ff56c3f92e7e64 installed
glibc-devel-6:2.22-27.mga6.i586 1516478967 4987288 92413d957c19ca1b4c22d4544519f9db installed
perl-YAML-1.150.0-3.mga6.noarch 1466338561 185041 0f5bb14772b08a41fde0dd3020594a5e installed
libsystemd0-230-12.3.mga6.i586 1516498044 588756 ab1ed2cd7d8f95fc62e3d971cbab072e installed
libcryptsetup4-1.7.5-1.mga6.i586 1493634030 193024 f2abfd70f93e5f9afafa9db23a152a6e installed
perl-File-Sync-0.110.0-17.mga6.i586 1466296771 17970 f9f73c82e8e214b6f4da032b95e31f00 installed
multiarch-utils-1.0.13-7.mga6.noarch 1455896961 12031 3cc0c1ce186edb678fe4b5fc716e0b53 installed
gzip-1.8-1.mga6.i586 1461748720 249766 756d856dffbbe5e0aafb34eb93a93cdf installed
make-1:4.1-5.mga6.i586 1455236885 1408330 a1dae2ef5cd591c137715c341464f71f installed
m4-1.4.18-1.mga6.i586 1483272396 296303 55caa19153bd480cd6683ba0050d78dc installed
automake-1.15.1-1.mga6.noarch 1498285764 2468857 9da177d7d18fe324b5f98ed9fff9a830 installed
libdevmapper-event1.02-1.02.137-1.mga6.i586 1480623444 27248 99f993e195170afad2f47aa1a8f8470f installed
libhogweed4-1:3.3-1.mga6.i586 1475497953 693588 3a42c3c1e8b569d9c10f9147256241c0 installed
timezone-6:2017b-1.mga6.i586 1490470545 1347138 701c12ad173d06b0c18eedf1f88c16f4 installed
libarchive13-3.3.1-1.1.mga6.i586 1504818094 877607 7469430b3340fc701ca94305fffe0929 installed
desktop-file-utils-0.23-2.mga6.i586 1471486417 315016 166019ca5184a4311ab70525c9da7d8d installed
libgettextmisc-0.19.8.1-1.mga6.i586 1465844912 1010517 fcb13c9109204340cf3164c691c7e44f installed
dwz-0.12-2.mga6.i586 1455174734 223565 8faaac80145feed2fc255585e8e8f983 installed
cpio-2.12-3.mga6.i586 1458058607 919408 e778c4e457b7e67093a5581f02a5be51 installed
vim-minimal-8.0.388-1.mga6.i586 1488489040 829594 b5b74797cfb4e5e646cc8c0348a38066 installed
nss-myhostname-230-12.3.mga6.i586 1516498044 642732 04997808b26fb4f143e837756ee9b045 installed
libsqlite3_0-3.17.0-2.1.mga6.i586 1501378787 943836 cb7802f0460fa51dd99ccf97e0ecfdbb installed
libpython2.7-2.7.13-1.1.mga6.i586 1514681376 1891800 9461ad45c89d9fe4cdcffa2c996b1050 installed
libstdc++-devel-5.5.0-1.mga6.i586 1517745558 9413215 74af48fd32a71c2db086b473eb463c13 installed
python-magic-5.25-5.mga6.noarch 1477005126 15642 f3ffe88f628bd4bf572dd3539641804a installed
libisl15-0.16.1-1.mga6.i586 1453661340 1989012 1b7ef106aa39797521487b6a485ef22f installed
gobject-introspection-1.52.1-1.mga6.i586 1491809919 2049483 a10b253287ba083bd984f43eae68c4f5 installed
gcc-5.5.0-1.mga6.i586 1517745558 39709608 7338005bb63b932430c5d66e86a7cf6d installed
libkmod2-24-2.mga6.i586 1495518601 107060 a857dffa6caa0bba1f81f131d57a5ac8 installed
unzip-6.0-17.mga6.i586 1483736742 763442 c8fb0c6517a4a3c4f2754bdefe6c784c installed
patch-2.7.5-2.mga6.i586 1455254521 256020 46edcc44a15dfb6b1e5dff62f4d8e46c installed
libext2fs2-1.43.4-1.mga6.i586 1486019726 476923 74a7a7e975b53f56b565883472ebfc51 installed
ethtool-1:4.8-1.mga6.i586 1478892872 330570 7ceb0e71828ef6d6dc57100a725b4a86 installed
libsmartcols1-2.28.2-2.mga6.i586 1487848571 166688 a0f1b5bebb1e6a3afe306fc26fae2803 installed
ifplugd-0.28-20.mga6.i586 1455504112 112272 fa4c60dee22961bcfd57120d1d303a50 installed
iputils-20161105-2.mga6.i586 1480335207 317630 c8f18ad55ddea7b099155f2f95bbd389 installed
libpcre16_0-8.41-1.mga6.i586 1513457409 442568 bf1823b352c5bfadc8c77a20b49b341d installed
pcre-8.41-1.mga6.i586 1513457409 229187 2e6fae37a779dcabea44c5de805fe3b8 installed
liblockdev1-1.0.4-0.120111007git.12.mga6.i586 1455235627 33075 4c91a8069d7016d4d84c19bfc328121a installed
libpam0-1.3.0-5.mga6.i586 1473494985 688056 1b8d3bfa4f318083f10511a04e90668e installed
libuser1-0.62-8.1.mga6.i586 1514746212 127612 a52fec4300a5f776ac1030c9cd446d1b installed
pam_tcb-1.1-7.mga6.i586 1455304930 39024 3e441ca57fda02251c6110b30e5e50a5 installed
shadow-utils-2:4.4-1.1.mga6.i586 1513867126 3599550 6983a5ef1948b5424f3132327c958001 installed
openldap-2.4.45-2.mga6.i586 1496611905 15507 5bd9d9fdae50681fc626720902d4bfec installed
libtasn1_6-4.13-1.mga6.i586 1517174478 81296 1ce3c6a2cdb45d9bec306af8f3fa0a7b installed
libmicrohttpd12-0.9.55-1.mga6.i586 1496938821 250427 a3aea4408c30fe62abf5b11050b4e827 installed
gettext-0.19.8.1-1.mga6.i586 1465844912 1576039 b1d738c9d070ed5a9a35cb73b37d4b76 installed
libnghttp2_14-1.9.2-1.mga6.i586 1460240303 163496 bcd3eb15a6a8dc85f12ce9dce206a384 installed
libldap2.4_2-2.4.45-2.mga6.i586 1496611905 800952 77fdf101ad9c69a4c6ba9e06e9ba9446 installed
libkrb53-1.15.1-2.2.mga6.i586 1510410059 2159120 2ae8642117c4d682b8f971afad6b12c2 installed
libdbus1_3-1.10.16-1.mga6.i586 1487347327 380144 db66b9aa813f30b1f1cad0176e592fef installed
lockdev-1.0.4-0.120111007git.12.mga6.i586 1455235627 7236 7a5f87070e83e954ce1b235d5ae0f88e installed
tcb-1.1-7.mga6.i586 1455304930 45065 493162c6978c30144f31c25dbb2070d0 installed
pam-1.3.0-5.mga6.i586 1473494985 931869 0a1c6702bef64590b806a2d96be2311d installed
util-linux-2.28.2-2.mga6.i586 1487848571 10326070 4c0b0cd7e4a37cedc0479af8b013f7b2 installed
systemd-230-12.3.mga6.i586 1516498044 27825330 cffa1fd50758115e6e872746510f50f1 installed
net-tools-2.0-0.20150915git.4.mga6.i586 1481358543 938647 efe99249ff280adc80a9944e0dd227c3 installed
initscripts-9.55-24.mga6.i586 1489527388 6704761 f2b2387ec74fed29fb2c0dd5f909c413 installed
libnss3-2:3.28.6-1.3.mga6.i586 1516472729 3435600 f60ed60bd4ac686be11f1a5880e8136d installed
rpm-1:4.13.0.2-3.1.mga6.i586 1509022718 2139673 9f7cc3f16336dfb951376d65d95df1a5 installed
librpmsign7-1:4.13.0.2-3.1.mga6.i586 1509022718 18956 e56b6910a1c7e5f78b2446f7db116c5e installed
rpmlint-1.5-4.mga6.noarch 1455884865 1193261 7f313d6523d254e2ddab9a4d34a091f0 installed
rpm-mageia-setup-build-2.20.1-1.mga6.i586 1505752831 160662 221d68f626175e4669bfa5507480102c installed
passwd-0.79-6.mga6.i586 1455253836 395055 d1a58aba3598075c39f317ced18e6a66 installed
rpm-build-1:4.13.0.2-3.1.mga6.i586 1509022718 409087 d6abba7a451e3d475233f9a1f17f02aa installed
