2018-01-21 13:12:23,315 - Mock Version: 1.4.8
2018-01-21 13:12:26,471 - Start: dnf update
2018-01-21 13:13:03,893 - Finish: dnf update
2018-01-21 13:13:03,908 - Finish: chroot init
2018-01-21 13:13:03,911 - Start: build phase for freecell-solver-4.16.0-1.mga7.src.rpm
2018-01-21 13:13:03,913 - Start: build setup for freecell-solver-4.16.0-1.mga7.src.rpm
2018-01-21 13:14:16,225 - Finish: build setup for freecell-solver-4.16.0-1.mga7.src.rpm
2018-01-21 13:14:16,225 - Start: rpmbuild freecell-solver-4.16.0-1.mga7.src.rpm
2018-01-21 13:14:16,228 - Start: Outputting list of installed packages
2018-01-21 13:14:16,312 - Finish: Outputting list of installed packages
2018-01-21 13:14:23,590 - Start: clean chroot
2018-01-21 13:14:31,985 - Finish: clean chroot
2018-01-21 13:31:20,209 - Mock Version: 1.4.8
2018-01-21 13:31:22,308 - Start: dnf update
2018-01-21 13:31:43,532 - Finish: dnf update
2018-01-21 13:31:43,548 - Finish: chroot init
2018-01-21 13:31:43,552 - Start: build phase for freecell-solver-4.16.0-1.mga7.src.rpm
2018-01-21 13:31:43,553 - Start: build setup for freecell-solver-4.16.0-1.mga7.src.rpm
2018-01-21 13:33:16,414 - Finish: build setup for freecell-solver-4.16.0-1.mga7.src.rpm
2018-01-21 13:33:16,415 - Start: rpmbuild freecell-solver-4.16.0-1.mga7.src.rpm
2018-01-21 13:33:16,417 - Start: Outputting list of installed packages
2018-01-21 13:33:16,490 - Finish: Outputting list of installed packages
2018-01-21 13:34:20,250 - Start: clean chroot
2018-01-21 13:34:31,658 - Finish: clean chroot
