2018-02-08 21:20:50,373 - Mock Version: 1.4.8
2018-02-08 21:20:51,944 - Start: dnf update
2018-02-08 21:21:15,041 - Finish: dnf update
2018-02-08 21:21:15,055 - Finish: chroot init
2018-02-08 21:21:15,059 - Start: build phase for bazel-0.10.0-9.mga7.src.rpm
2018-02-08 21:21:15,060 - Start: build setup for bazel-0.10.0-9.mga7.src.rpm
2018-02-08 21:21:43,193 - Finish: build setup for bazel-0.10.0-9.mga7.src.rpm
2018-02-08 21:21:43,193 - Start: rpmbuild bazel-0.10.0-9.mga7.src.rpm
2018-02-08 21:21:43,195 - Start: Outputting list of installed packages
2018-02-08 21:21:43,269 - Finish: Outputting list of installed packages
2018-02-08 21:21:48,541 - Start: clean chroot
2018-02-08 21:21:58,501 - Finish: clean chroot
2018-02-08 21:25:38,396 - Mock Version: 1.4.8
2018-02-08 21:25:39,634 - Start: dnf update
2018-02-08 21:25:45,791 - Finish: dnf update
2018-02-08 21:25:45,806 - Finish: chroot init
2018-02-08 21:25:45,809 - Start: build phase for bazel-0.10.0-9.mga7.src.rpm
2018-02-08 21:25:45,811 - Start: build setup for bazel-0.10.0-9.mga7.src.rpm
2018-02-08 21:26:07,013 - Finish: build setup for bazel-0.10.0-9.mga7.src.rpm
2018-02-08 21:26:07,014 - Start: rpmbuild bazel-0.10.0-9.mga7.src.rpm
2018-02-08 21:26:07,016 - Start: Outputting list of installed packages
2018-02-08 21:26:07,090 - Finish: Outputting list of installed packages
2018-02-08 21:35:01,938 - Start: clean chroot
2018-02-08 21:35:39,006 - Finish: clean chroot
2018-02-08 21:37:00,135 - Mock Version: 1.4.8
2018-02-08 21:37:01,375 - Start: dnf update
2018-02-08 21:37:07,791 - Finish: dnf update
2018-02-08 21:37:07,807 - Finish: chroot init
2018-02-08 21:37:07,811 - Start: build phase for bazel-0.10.0-9.mga7.src.rpm
2018-02-08 21:37:07,813 - Start: build setup for bazel-0.10.0-9.mga7.src.rpm
2018-02-08 21:37:29,063 - Finish: build setup for bazel-0.10.0-9.mga7.src.rpm
2018-02-08 21:37:29,063 - Start: rpmbuild bazel-0.10.0-9.mga7.src.rpm
2018-02-08 21:37:29,065 - Start: Outputting list of installed packages
2018-02-08 21:37:29,141 - Finish: Outputting list of installed packages
2018-02-08 21:47:02,053 - Finish: rpmbuild bazel-0.10.0-9.mga7.src.rpm
2018-02-08 21:47:02,056 - Finish: build phase for bazel-0.10.0-9.mga7.src.rpm
2018-02-08 21:47:02,057 - Start: clean chroot
2018-02-08 21:47:11,931 - Finish: clean chroot
2018-02-08 21:47:11,932 - Finish: run
