2018-02-24 21:42:43,854 - Mock Version: 1.4.9
2018-02-24 21:42:43,974 - Start: dnf install
2018-02-24 21:42:45,589 - Start: clean chroot
2018-02-24 21:42:46,136 - Finish: clean chroot
2018-02-24 21:46:32,466 - Mock Version: 1.4.9
2018-02-24 21:46:32,553 - Start: dnf install
2018-02-24 21:46:33,579 - Start: clean chroot
2018-02-24 21:46:33,686 - Finish: clean chroot
2018-02-24 21:47:03,920 - Mock Version: 1.4.9
2018-02-24 21:47:04,006 - Start: dnf install
2018-02-24 21:47:04,909 - Start: clean chroot
2018-02-24 21:47:05,061 - Finish: clean chroot
2018-02-24 21:50:22,431 - Mock Version: 1.4.9
2018-02-24 21:50:22,515 - Start: dnf install
2018-02-24 21:50:23,339 - Start: clean chroot
2018-02-24 21:50:23,438 - Finish: clean chroot
2018-02-24 21:51:47,550 - Mock Version: 1.4.9
2018-02-24 21:51:47,633 - Start: dnf install
2018-02-24 21:51:55,700 - Start: clean chroot
2018-02-24 21:51:55,826 - Finish: clean chroot
2018-02-24 21:52:05,538 - Mock Version: 1.4.9
2018-02-24 21:52:05,623 - Start: dnf install
2018-02-24 21:53:32,441 - Finish: dnf install
2018-02-24 21:53:34,651 - Start: creating root cache
2018-02-24 21:53:39,771 - Finish: creating root cache
2018-02-24 21:53:39,775 - Finish: chroot init
2018-02-24 21:53:39,850 - Start: build phase for ecflow-4.8.0-10.mga7.src.rpm
2018-02-24 21:53:39,852 - Start: build setup for ecflow-4.8.0-10.mga7.src.rpm
2018-02-24 21:54:51,242 - Finish: build setup for ecflow-4.8.0-10.mga7.src.rpm
2018-02-24 21:54:51,243 - Start: rpmbuild ecflow-4.8.0-10.mga7.src.rpm
2018-02-24 21:54:51,244 - Start: Outputting list of installed packages
2018-02-24 21:54:51,352 - Finish: Outputting list of installed packages
2018-02-24 21:54:58,780 - Start: clean chroot
2018-02-24 21:55:08,119 - Finish: clean chroot
