Mock Version: 1.4.8
ENTER ['do'](['bash', '--login', '-c', '/usr/bin/rpmbuild -bs --target x86_64 --nodeps /builddir/build/SPECS/e3.spec'], gid=135uid=1000chrootPath='/share/dev/mock'logger=<mockbuild.trace_decorator.getLog object at 0x7f2d07f45cf8>shell=Falseunshare_net=Trueenv={'HOME': '/builddir', 'TERM': 'vt100', 'HOSTNAME': 'mock', 'LANG': 'en_US.UTF-8', 'SHELL': '/bin/bash', 'PROMPT_COMMAND': 'printf "\\033]0;<mock-chroot>\\007"', 'PATH': '/usr/bin:/bin:/usr/sbin:/sbin', 'PS1': '<mock-chroot> \\s-\\v\\$ '}timeout=0nspawn_args=[]user='mockbuild'printOutput=True)
Executing command: ['/usr/bin/systemd-nspawn', '-q', '-M', '656095a24f3b446bb2326bdf3739f9f5', '-D', '/share/dev/mock', '-a', '--setenv=HOME=/builddir', '--setenv=TERM=vt100', '--setenv=HOSTNAME=mock', '--setenv=LANG=en_US.UTF-8', '--setenv=SHELL=/bin/bash', '--setenv=PROMPT_COMMAND=printf "\\033]0;<mock-chroot>\\007"', '--setenv=PATH=/usr/bin:/bin:/usr/sbin:/sbin', '--setenv=PS1=<mock-chroot> \\s-\\v\\$ ', '-u', 'mockbuild', 'bash', '--login', '-c', '/usr/bin/rpmbuild -bs --target x86_64 --nodeps /builddir/build/SPECS/e3.spec'] with env {'HOME': '/builddir', 'TERM': 'vt100', 'HOSTNAME': 'mock', 'LANG': 'en_US.UTF-8', 'SHELL': '/bin/bash', 'PROMPT_COMMAND': 'printf "\\033]0;<mock-chroot>\\007"', 'PATH': '/usr/bin:/bin:/usr/sbin:/sbin', 'PS1': '<mock-chroot> \\s-\\v\\$ '} and shell False
/etc/profile.d/lang.sh: line 28: warning: setlocale: LC_CTYPE: cannot change locale (en_US.UTF-8): No such file or directory
/etc/profile.d/lang.sh: line 29: warning: setlocale: LC_COLLATE: cannot change locale (en_US.UTF-8): No such file or directory
/etc/profile.d/lang.sh: line 32: warning: setlocale: LC_MESSAGES: cannot change locale (en_US.UTF-8): No such file or directory
/etc/profile.d/lang.sh: line 35: warning: setlocale: LC_NUMERIC: cannot change locale (en_US.UTF-8): No such file or directory
/etc/profile.d/lang.sh: line 38: warning: setlocale: LC_TIME: cannot change locale (en_US.UTF-8): No such file or directory
Building target platforms: x86_64
Building for target x86_64
Wrote: /builddir/build/SRPMS/e3-2.82-1.mga7.src.rpm
Child return code was: 0
ENTER ['do'](['bash', '--login', '-c', '/usr/bin/rpmbuild -bb --target x86_64 --nodeps /builddir/build/SPECS/e3.spec'], gid=135uid=1000chrootPath='/share/dev/mock'logger=<mockbuild.trace_decorator.getLog object at 0x7f2d07f45cf8>shell=Falseunshare_net=Trueenv={'HOME': '/builddir', 'TERM': 'vt100', 'HOSTNAME': 'mock', 'LANG': 'en_US.UTF-8', 'SHELL': '/bin/bash', 'PROMPT_COMMAND': 'printf "\\033]0;<mock-chroot>\\007"', 'PATH': '/usr/bin:/bin:/usr/sbin:/sbin', 'PS1': '<mock-chroot> \\s-\\v\\$ '}timeout=0nspawn_args=[]user='mockbuild'printOutput=True)
Executing command: ['/usr/bin/systemd-nspawn', '-q', '-M', '58aa4bc37b134d57bcb32e324b917e00', '-D', '/share/dev/mock', '-a', '--setenv=HOME=/builddir', '--setenv=TERM=vt100', '--setenv=HOSTNAME=mock', '--setenv=LANG=en_US.UTF-8', '--setenv=SHELL=/bin/bash', '--setenv=PROMPT_COMMAND=printf "\\033]0;<mock-chroot>\\007"', '--setenv=PATH=/usr/bin:/bin:/usr/sbin:/sbin', '--setenv=PS1=<mock-chroot> \\s-\\v\\$ ', '-u', 'mockbuild', 'bash', '--login', '-c', '/usr/bin/rpmbuild -bb --target x86_64 --nodeps /builddir/build/SPECS/e3.spec'] with env {'HOME': '/builddir', 'TERM': 'vt100', 'HOSTNAME': 'mock', 'LANG': 'en_US.UTF-8', 'SHELL': '/bin/bash', 'PROMPT_COMMAND': 'printf "\\033]0;<mock-chroot>\\007"', 'PATH': '/usr/bin:/bin:/usr/sbin:/sbin', 'PS1': '<mock-chroot> \\s-\\v\\$ '} and shell False
/etc/profile.d/lang.sh: line 28: warning: setlocale: LC_CTYPE: cannot change locale (en_US.UTF-8): No such file or directory
/etc/profile.d/lang.sh: line 29: warning: setlocale: LC_COLLATE: cannot change locale (en_US.UTF-8): No such file or directory
/etc/profile.d/lang.sh: line 32: warning: setlocale: LC_MESSAGES: cannot change locale (en_US.UTF-8): No such file or directory
/etc/profile.d/lang.sh: line 35: warning: setlocale: LC_NUMERIC: cannot change locale (en_US.UTF-8): No such file or directory
/etc/profile.d/lang.sh: line 38: warning: setlocale: LC_TIME: cannot change locale (en_US.UTF-8): No such file or directory
Building target platforms: x86_64
Building for target x86_64
Executing(%prep): /bin/sh -e /var/tmp/rpm-tmp.lw33Q3
+ umask 022
+ cd /builddir/build/BUILD
+ '[' 1 -eq 1 ']'
+ '[' 1 -eq 1 ']'
+ '[' 1 -eq 1 ']'
+ cd /builddir/build/BUILD
+ rm -rf e3-2.82
+ /usr/bin/gzip -dc /builddir/build/SOURCES/e3-2.82.tgz
+ /usr/bin/tar -xof -
+ STATUS=0
+ '[' 0 -ne 0 ']'
+ cd e3-2.82
+ /usr/bin/chmod -Rf a+rX,u+w,g-w,o-w .
+ /usr/bin/cat /builddir/build/SOURCES/e3-2.82-makefile.patch
+ /usr/bin/patch -p1 -s --fuzz=0 --no-backup-if-mismatch
+ exit 0
Executing(%build): /bin/sh -e /var/tmp/rpm-tmp.HMaMFU
+ umask 022
+ cd /builddir/build/BUILD
+ cd e3-2.82
+ '[' 1 -eq 1 ']'
+ '[' 1 -eq 1 ']'
+ /usr/bin/make -O -j8 x86_64
cat e3.asm | sed -f e3_32to64.sed  >e3.tmp
yasm -g STABS -a x86 -m amd64 -f elf64 -p nasm -L nasm -w+orphan-labels -f elf -l e3yasm64.lst -o e3.o -DLINUX -DSED -DYASM -DAMD64 e3.tmp
ld -b elf64-x86-64 --oformat elf64-x86-64 -o e3 e3.o
strip e3
ln -sf e3 e3ws
ln -sf e3 e3em
ln -sf e3 e3pi
ln -sf e3 e3vi
ln -sf e3 e3ne
+ exit 0
Executing(%install): /bin/sh -e /var/tmp/rpm-tmp.x3eaEL
+ umask 022
+ cd /builddir/build/BUILD
+ '[' 1 -eq 1 ']'
+ '[' /builddir/build/BUILDROOT/e3-2.82-1.mga7.x86_64 '!=' / ']'
+ rm -rf /builddir/build/BUILDROOT/e3-2.82-1.mga7.x86_64
++ dirname /builddir/build/BUILDROOT/e3-2.82-1.mga7.x86_64
+ mkdir -p /builddir/build/BUILDROOT
+ mkdir /builddir/build/BUILDROOT/e3-2.82-1.mga7.x86_64
+ cd e3-2.82
+ '[' 1 -eq 1 ']'
+ install -Dm 755 e3 /builddir/build/BUILDROOT/e3-2.82-1.mga7.x86_64/usr/bin/e3
+ pushd /builddir/build/BUILDROOT/e3-2.82-1.mga7.x86_64/usr/bin
~/build/BUILDROOT/e3-2.82-1.mga7.x86_64/usr/bin ~/build/BUILD/e3-2.82
+ ln -sf e3 e3ws
+ ln -sf e3 e3em
+ ln -sf e3 e3pi
+ ln -sf e3 e3vi
+ ln -sf e3 e3ne
+ popd
~/build/BUILD/e3-2.82
+ install -Dm 644 e3.man /builddir/build/BUILDROOT/e3-2.82-1.mga7.x86_64/usr/share/man/man1/e3.1
+ '[' -n '' ']'
+ /usr/share/spec-helper/clean_files
+ '[' -n '' ']'
+ /usr/share/spec-helper/compress_files .xz
+ '[' -n '' ']'
+ /usr/share/spec-helper/relink_symlinks
+ '[' -n '' ']'
+ /usr/share/spec-helper/clean_perl
+ '[' -n '' ']'
+ /usr/share/spec-helper/lib_symlinks
+ '[' -n '' ']'
+ /usr/share/spec-helper/gprintify
+ '[' -n '' ']'
+ /usr/share/spec-helper/fix_mo
+ '[' -n '' ']'
+ /usr/share/spec-helper/translate_menu
+ '[' -n '' ']'
+ /usr/share/spec-helper/fix_pamd
+ '[' -n '' ']'
+ /usr/share/spec-helper/remove_info_dir
+ '[' -n '' ']'
+ /usr/share/spec-helper/fix_eol
+ '[' -n '' ']'
+ /usr/share/spec-helper/check_elf_files
+ '[' -n '' ']'
+ export DISABLE_DEBUG=1
+ DISABLE_DEBUG=1
+ /usr/lib/rpm/find-debuginfo.sh -j8 -m -i --build-id-seed 2.82-1.mga7 --unique-debug-suffix -2.82-1.mga7.x86_64 --unique-debug-src-base e3-2.82-1.mga7.x86_64 --run-dwz --dwz-low-mem-die-limit 10000000 --dwz-max-die-limit 110000000 -S debugsourcefiles.list /builddir/build/BUILD/e3-2.82
+ '[' 1 -eq 1 ']'
+ /usr/lib/rpm/brp-python-bytecompile /usr/bin/python 1
+ /usr/lib/rpm/brp-python-hardlink
Processing files: e3-2.82-1.mga7.x86_64
Executing(%doc): /bin/sh -e /var/tmp/rpm-tmp.1EQbyD
+ umask 022
+ cd /builddir/build/BUILD
+ cd e3-2.82
+ DOCDIR=/builddir/build/BUILDROOT/e3-2.82-1.mga7.x86_64/usr/share/doc/e3
+ export LC_ALL=C
+ LC_ALL=C
+ export DOCDIR
+ /usr/bin/mkdir -p /builddir/build/BUILDROOT/e3-2.82-1.mga7.x86_64/usr/share/doc/e3
+ cp -pr README README.v2.7.1 /builddir/build/BUILDROOT/e3-2.82-1.mga7.x86_64/usr/share/doc/e3
+ cp -pr ChangeLog /builddir/build/BUILDROOT/e3-2.82-1.mga7.x86_64/usr/share/doc/e3
+ cp -pr COPYING.GPL COPYRIGHT /builddir/build/BUILDROOT/e3-2.82-1.mga7.x86_64/usr/share/doc/e3
+ exit 0
warning: Missing build-id in /builddir/build/BUILDROOT/e3-2.82-1.mga7.x86_64/usr/bin/e3
Provides: e3 = 2.82-1.mga7 e3(x86-64) = 2.82-1.mga7
Requires(rpmlib): rpmlib(CompressedFileNames) <= 3.0.4-1 rpmlib(FileDigests) <= 4.6.0-1 rpmlib(PayloadFilesHavePrefix) <= 4.0-1
Checking for unpackaged file(s): /usr/lib/rpm/check-files /builddir/build/BUILDROOT/e3-2.82-1.mga7.x86_64
Wrote: /builddir/build/RPMS/e3-2.82-1.mga7.x86_64.rpm
Executing(%clean): /bin/sh -e /var/tmp/rpm-tmp.I79AVv
+ umask 022
+ cd /builddir/build/BUILD
+ cd e3-2.82
+ /usr/bin/rm -rf /builddir/build/BUILDROOT/e3-2.82-1.mga7.x86_64
+ exit 0
Child return code was: 0
Mock Version: 1.4.8
Mock Version: 1.4.8
Mock Version: 1.4.8
ENTER ['do'](['bash', '--login', '-c', '/usr/bin/rpmbuild -bs --target i586 --nodeps /builddir/build/SPECS/e3.spec'], user='mockbuild'chrootPath='/share/dev/mock'logger=<mockbuild.trace_decorator.getLog object at 0x7f880d4dfcf8>uid=1000nspawn_args=[]env={'PATH': '/usr/bin:/bin:/usr/sbin:/sbin', 'HOSTNAME': 'mock', 'SHELL': '/bin/bash', 'PROMPT_COMMAND': 'printf "\\033]0;<mock-chroot>\\007"', 'TERM': 'vt100', 'HOME': '/builddir', 'LANG': 'en_US.UTF-8', 'PS1': '<mock-chroot> \\s-\\v\\$ '}timeout=0shell=Falsegid=135printOutput=Trueunshare_net=True)
Executing command: ['/usr/bin/systemd-nspawn', '-q', '-M', '74be65aff5824370b1f0a4512f08d8b2', '-D', '/share/dev/mock', '-a', '--setenv=PATH=/usr/bin:/bin:/usr/sbin:/sbin', '--setenv=HOSTNAME=mock', '--setenv=SHELL=/bin/bash', '--setenv=PROMPT_COMMAND=printf "\\033]0;<mock-chroot>\\007"', '--setenv=TERM=vt100', '--setenv=HOME=/builddir', '--setenv=LANG=en_US.UTF-8', '--setenv=PS1=<mock-chroot> \\s-\\v\\$ ', '-u', 'mockbuild', 'bash', '--login', '-c', '/usr/bin/rpmbuild -bs --target i586 --nodeps /builddir/build/SPECS/e3.spec'] with env {'PATH': '/usr/bin:/bin:/usr/sbin:/sbin', 'HOSTNAME': 'mock', 'SHELL': '/bin/bash', 'PROMPT_COMMAND': 'printf "\\033]0;<mock-chroot>\\007"', 'TERM': 'vt100', 'HOME': '/builddir', 'LANG': 'en_US.UTF-8', 'PS1': '<mock-chroot> \\s-\\v\\$ '} and shell False
/etc/profile.d/lang.sh: line 28: warning: setlocale: LC_CTYPE: cannot change locale (en_US.UTF-8): No such file or directory
/etc/profile.d/lang.sh: line 29: warning: setlocale: LC_COLLATE: cannot change locale (en_US.UTF-8): No such file or directory
/etc/profile.d/lang.sh: line 32: warning: setlocale: LC_MESSAGES: cannot change locale (en_US.UTF-8): No such file or directory
/etc/profile.d/lang.sh: line 35: warning: setlocale: LC_NUMERIC: cannot change locale (en_US.UTF-8): No such file or directory
/etc/profile.d/lang.sh: line 38: warning: setlocale: LC_TIME: cannot change locale (en_US.UTF-8): No such file or directory
Building target platforms: i586
Building for target i586
Wrote: /builddir/build/SRPMS/e3-2.82-1.mga7.src.rpm
Child return code was: 0
ENTER ['do'](['bash', '--login', '-c', '/usr/bin/rpmbuild -bb --target i586 --nodeps /builddir/build/SPECS/e3.spec'], user='mockbuild'chrootPath='/share/dev/mock'logger=<mockbuild.trace_decorator.getLog object at 0x7f880d4dfcf8>uid=1000nspawn_args=[]env={'PATH': '/usr/bin:/bin:/usr/sbin:/sbin', 'HOSTNAME': 'mock', 'SHELL': '/bin/bash', 'PROMPT_COMMAND': 'printf "\\033]0;<mock-chroot>\\007"', 'TERM': 'vt100', 'HOME': '/builddir', 'LANG': 'en_US.UTF-8', 'PS1': '<mock-chroot> \\s-\\v\\$ '}timeout=0shell=Falsegid=135printOutput=Trueunshare_net=True)
Executing command: ['/usr/bin/systemd-nspawn', '-q', '-M', 'd0a7240e25ee42c28901d850937b86bb', '-D', '/share/dev/mock', '-a', '--setenv=PATH=/usr/bin:/bin:/usr/sbin:/sbin', '--setenv=HOSTNAME=mock', '--setenv=SHELL=/bin/bash', '--setenv=PROMPT_COMMAND=printf "\\033]0;<mock-chroot>\\007"', '--setenv=TERM=vt100', '--setenv=HOME=/builddir', '--setenv=LANG=en_US.UTF-8', '--setenv=PS1=<mock-chroot> \\s-\\v\\$ ', '-u', 'mockbuild', 'bash', '--login', '-c', '/usr/bin/rpmbuild -bb --target i586 --nodeps /builddir/build/SPECS/e3.spec'] with env {'PATH': '/usr/bin:/bin:/usr/sbin:/sbin', 'HOSTNAME': 'mock', 'SHELL': '/bin/bash', 'PROMPT_COMMAND': 'printf "\\033]0;<mock-chroot>\\007"', 'TERM': 'vt100', 'HOME': '/builddir', 'LANG': 'en_US.UTF-8', 'PS1': '<mock-chroot> \\s-\\v\\$ '} and shell False
/etc/profile.d/lang.sh: line 28: warning: setlocale: LC_CTYPE: cannot change locale (en_US.UTF-8): No such file or directory
/etc/profile.d/lang.sh: line 29: warning: setlocale: LC_COLLATE: cannot change locale (en_US.UTF-8): No such file or directory
/etc/profile.d/lang.sh: line 32: warning: setlocale: LC_MESSAGES: cannot change locale (en_US.UTF-8): No such file or directory
/etc/profile.d/lang.sh: line 35: warning: setlocale: LC_NUMERIC: cannot change locale (en_US.UTF-8): No such file or directory
/etc/profile.d/lang.sh: line 38: warning: setlocale: LC_TIME: cannot change locale (en_US.UTF-8): No such file or directory
Building target platforms: i586
Building for target i586
Executing(%prep): /bin/sh -e /var/tmp/rpm-tmp.zUwJI7
+ umask 022
+ cd /builddir/build/BUILD
+ '[' 1 -eq 1 ']'
+ '[' 1 -eq 1 ']'
+ '[' 1 -eq 1 ']'
+ cd /builddir/build/BUILD
+ rm -rf e3-2.82
+ /usr/bin/gzip -dc /builddir/build/SOURCES/e3-2.82.tgz
+ /usr/bin/tar -xof -
+ STATUS=0
+ '[' 0 -ne 0 ']'
+ cd e3-2.82
+ /usr/bin/chmod -Rf a+rX,u+w,g-w,o-w .
+ /usr/bin/cat /builddir/build/SOURCES/e3-2.82-makefile.patch
+ /usr/bin/patch -p1 -s --fuzz=0 --no-backup-if-mismatch
+ exit 0
Executing(%build): /bin/sh -e /var/tmp/rpm-tmp.RWodf1
+ umask 022
+ cd /builddir/build/BUILD
+ cd e3-2.82
+ '[' 1 -eq 1 ']'
+ '[' 1 -eq 1 ']'
+ /usr/bin/make -O -j8 i386
make: *** No rule to make target 'i386'.  Stop.
error: Bad exit status from /var/tmp/rpm-tmp.RWodf1 (%build)
RPM build errors:
    Bad exit status from /var/tmp/rpm-tmp.RWodf1 (%build)
Child return code was: 1
EXCEPTION: [Error()]
Traceback (most recent call last):
  File "/usr/lib/python3.5/site-packages/mockbuild/trace_decorator.py", line 96, in trace
    result = func(*args, **kw)
  File "/usr/lib/python3.5/site-packages/mockbuild/util.py", line 619, in do
    raise exception.Error("Command failed: \n # %s\n%s" % (command, output), child.returncode)
mockbuild.exception.Error: Command failed: 
 # /usr/bin/systemd-nspawn -q -M d0a7240e25ee42c28901d850937b86bb -D /share/dev/mock -a --setenv=PATH=/usr/bin:/bin:/usr/sbin:/sbin --setenv=HOSTNAME=mock --setenv=SHELL=/bin/bash --setenv=PROMPT_COMMAND=printf "\033]0;<mock-chroot>\007" --setenv=TERM=vt100 --setenv=HOME=/builddir --setenv=LANG=en_US.UTF-8 --setenv=PS1=<mock-chroot> \s-\v\$  -u mockbuild bash --login -c /usr/bin/rpmbuild -bb --target i586 --nodeps /builddir/build/SPECS/e3.spec

