2018-01-21 22:13:53,977 - Mock Version: 1.4.8
2018-01-21 22:13:57,151 - Start: dnf update
2018-01-21 22:14:08,382 - Finish: dnf update
2018-01-21 22:14:08,404 - Finish: chroot init
2018-01-21 22:14:08,407 - Start: build phase for pure-ftpd-1.0.47-1.mga7.src.rpm
2018-01-21 22:14:08,409 - Start: build setup for pure-ftpd-1.0.47-1.mga7.src.rpm
2018-01-21 22:14:16,462 - Start: clean chroot
2018-01-21 22:14:20,018 - Finish: clean chroot
2018-01-21 22:23:47,705 - Mock Version: 1.4.8
2018-01-21 22:23:50,394 - Start: dnf update
2018-01-21 22:23:59,273 - Finish: dnf update
2018-01-21 22:23:59,297 - Finish: chroot init
2018-01-21 22:23:59,302 - Start: build phase for pure-ftpd-1.0.47-1.mga7.src.rpm
2018-01-21 22:23:59,305 - Start: build setup for pure-ftpd-1.0.47-1.mga7.src.rpm
2018-01-21 22:24:46,652 - Start: clean chroot
2018-01-21 22:24:50,739 - Finish: clean chroot
2018-01-21 22:26:59,882 - Mock Version: 1.4.8
2018-01-21 22:27:02,850 - Start: dnf update
2018-01-21 22:27:43,392 - Finish: dnf update
2018-01-21 22:27:43,406 - Finish: chroot init
2018-01-21 22:27:43,409 - Start: build phase for pure-ftpd-1.0.47-1.mga7.src.rpm
2018-01-21 22:27:43,411 - Start: build setup for pure-ftpd-1.0.47-1.mga7.src.rpm
2018-01-21 22:27:51,132 - Start: clean chroot
2018-01-21 22:27:54,800 - Finish: clean chroot
2018-01-21 22:28:20,581 - Mock Version: 1.4.8
2018-01-21 22:28:24,460 - Start: dnf update
2018-01-21 22:28:31,213 - Finish: dnf update
2018-01-21 22:28:31,237 - Finish: chroot init
2018-01-21 22:28:31,241 - Start: build phase for pure-ftpd-1.0.47-1.mga7.src.rpm
2018-01-21 22:28:31,243 - Start: build setup for pure-ftpd-1.0.47-1.mga7.src.rpm
2018-01-21 22:28:40,883 - Start: clean chroot
2018-01-21 22:28:44,519 - Finish: clean chroot
