abattis-cantarell-fonts-0.201-3.mga8
accountsservice-0.6.55-2.mga8
adwaita-cursor-theme-3.38.0-1.mga8
adwaita-gtk2-theme-3.28-8.mga8
adwaita-icon-theme-3.38.0-1.mga8
alsa-plugins-pulse-config-1.2.2-2.mga8
apg-2.2.3-16.mga8
appstream-glib-i18n-0.7.18-2.mga8
atk1.0-common-2.36.0-1.mga8
at-spi2-core-2.38.0-1.mga8
autoconf-2.69d.17-3b8f.1.mga8
automake-1.16.3-1.mga8
basesystem-minimal-8-0.4.mga8
basesystem-minimal-core-8-0.4.mga8
bash-5.0-18.1.mga8
bc-1.07.1-5.mga8
binutils-2.35.1-4.mga8
bluez-5.55-1.mga8
bootloader-utils-1.16-9.mga8
bridge-utils-1.6-3.mga8
bubblewrap-0.4.1-1.mga8
bzip2-1.0.8-2.mga8
canberra-common-0.30-15.mga8
canberra-gtk-0.30-15.mga8
ccp-0.4.1-14.mga8
cdialog-1.3-1.20160828.3.mga8
chkconfig-1.14-1.mga8
chrome-gnome-shell-10.1-5.mga8
clutter-gtk-i18n-1.8.4-4.mga8
clutter-i18n-1.26.4-2.mga8
cmake-rpm-macros-8-5.mga8
cogl-i18n-1.22.8-3.mga8
colord-1.4.5-1.mga8
colord-gtk-i18n-0.2.0-3.mga8
common-licenses-1.1-10.mga8
coreutils-8.32-1.mga8
cpio-2.13-5.mga8
cracklib-dicts-2.9.7-3.mga8
cronie-1.5.5-2.mga8
crontabs-1.10-24.mga8
crypto-policies-20200918-1.mga8
ctags-5.8-15.mga8
cups-pk-helper-0.2.6-4.mga8
curl-7.73.0-1.mga8
dash-0.5.11.2-1.mga8
dash-static-0.5.11.2-1.mga8
dbus-1.13.18-3.mga8
dbus-x11-1.13.18-3.mga8
dconf-0.38.0-1.mga8
desktop-common-data-7.0-2.mga8
desktop-file-utils-0.26-1.mga8
diffutils-3.7-3.mga8
dmidecode-3.3-1.mga8
docbook-dtds-1.0-66.mga8
docbook-style-dsssl-1.79-19.mga8
docbook-style-xsl-1.79.2-5.mga8
docbook-utils-0.6.14-23.mga8
dracut-050-6.mga8
drakxtools-backend-18.36-1.mga8
dwz-0.13-1.mga8
e2fsprogs-1.45.6-6.mga8
elfutils-0.182-1.mga8
etcskel-1.63-36.mga8
ethtool-5.9-1.mga8
evolution-data-server-3.38.2-1.mga8
evolution-data-server-tests-3.38.2-1.mga8
file-5.39-3.mga8
filesystem-2.1.9-34.mga8
findutils-4.7.0-3.mga8
fontconfig-2.13.93-2.mga8
fonts-filesystem-2.0.5-5.mga8
fonts-srpm-macros-2.0.5-5.mga8
fortune-mod-3.4.1-1.mga8
fribidi-1.0.10-1.mga8
gawk-5.1.0-1.mga8
gcc-10.2.1-0.20201128.1.mga8
gcc-c++-10.2.1-0.20201128.1.mga8
gcc-cpp-10.2.1-0.20201128.1.mga8
gcr-3.38.0-1.mga8
gdb-headless-10.1-2.mga8
gdk-pixbuf2.0-2.42.0-1.mga8
gdm-3.38.2-1.mga8
genhdlist2-7.12-2.mga8
gettext-0.21-5.mga8
gettext-base-0.21-5.mga8
gettext-devel-0.21-5.mga8
gjs-1.66.1-1.mga8
gjs-common-1.66.1-1.mga8
glib2.0-common-2.66.3-1.mga8
glibc-2.32-3.mga8
glibc-devel-2.32-3.mga8
glib-gettextize-2.66.3-1.mga8
glib-networking-2.66.0-1.mga8
glxinfo-8.4.0-3.mga8
gnome-bluetooth-3.34.3-1.mga8
gnome-color-manager-3.36.0-1.mga8
gnome-control-center-3.38.2-1.mga8
gnome-desktop-3.38.2-1.mga8
gnome-keyring-3.36.0-3.mga8
gnome-online-accounts-3.38.0-1.mga8
gnome-session-3.38.0-1.mga8
gnome-session-bin-3.38.0-1.mga8
gnome-settings-daemon-3.38.1-1.mga8
gnome-shell-3.38.1-3.mga8
gnome-themes-extra-3.28-8.mga8
gnome-user-docs-3.38.2-1.mga8
gnupg2-2.2.25-1.mga8
gobject-introspection-1.66.1-1.mga8
go-srpm-macros-3.0.9-1.mga8
gpg-pubkey-80420f66-5d0d4576
grep-3.6-1.mga8
gsettings-desktop-schemas-3.38.0-1.mga8
gstreamer1.0-plugins-base-1.18.1-1.mga8
gstreamer1.0-tools-1.18.1-1.mga8
gtk+2.0-2.24.32-12.mga8
gtk2-hc-engine-2.20.2-11.mga8
gtk+3.0-3.24.23-1.mga8
gtk-doc-1.32-4.mga8
gtk-update-icon-cache-3.24.23-1.mga8
guile3.0-runtime-3.0.4-3.mga8
gzip-1.10-4.mga8
help2man-1.47.16-1.mga8
hicolor-icon-theme-0.17-3.mga8
hostname-3.23-2.mga8
icu67-data-67.1-1.mga8
ifmetric-0.3-19.mga8
ifplugd-0.28-23.mga8
imagemagick-7.0.10.44-1.mga8
info-install-6.7-3.mga8
initscripts-9.78-27.mga8
intltool-0.51.0-6.mga8
ipcalc-1.0.0-1.mga8
iproute2-5.9.0-1.mga8
iputils-20200821-2.mga8
isl-0.18-2.mga8
iso-codes-4.5.0-1.mga8
json-glib-1.6.0-1.mga8
kbd-2.3.0-1.mga8
kernel-userspace-headers-5.9.11-3.mga8
kmod-27-2.mga8
krb5-1.18.3-1.mga8
ldb-utils-2.1.4-1.mga8
ldetect-lst-0.6.15-1.mga8
less-563-1.mga8
lib64accountsservice0-0.6.55-2.mga8
lib64accountsservice-gir1.0-0.6.55-2.mga8
lib64acl1-2.2.53-2.mga8
lib64acl-devel-2.2.53-2.mga8
lib64alsa2-1.2.4-1.mga8
lib64alsa-plugins-pulseaudio-1.2.2-2.mga8
lib64appstream-glib8-0.7.18-2.mga8
lib64archive13-3.4.3-1.mga8
lib64argon2_1-20190702-3.mga8
lib64assuan0-2.5.4-1.mga8
lib64asyncns0-0.8-12.mga8
lib64atk1.0_0-2.36.0-1.mga8
lib64atk1.0-devel-2.36.0-1.mga8
lib64atk-bridge2.0_0-2.38.0-1.mga8
lib64atk-gir1.0-2.36.0-1.mga8
lib64atspi0-2.38.0-1.mga8
lib64atspi-gir2.0-2.38.0-1.mga8
lib64attr1-2.4.48-3.mga8
lib64audit1-2.8.5-4.mga8
lib64audit-devel-2.8.5-4.mga8
lib64avahi-client3-0.8-6.mga8
lib64avahi-common3-0.8-6.mga8
lib64babeltrace1-1.5.8-1.mga8
lib64blkid1-2.36.1-4.mga8
lib64blkid-devel-2.36.1-4.mga8
lib64bluez3-5.55-1.mga8
lib64boost_regex1.73.0-1.73.0-6.mga8
lib64brotlicommon1-1.0.9-2.mga8
lib64brotlidec1-1.0.9-2.mga8
lib64bsd0-0.10.0-2.mga8
lib64bsd-devel-0.10.0-2.mga8
lib64bz2_1-1.0.8-2.mga8
lib64bz2-devel-1.0.8-2.mga8
lib64cairo2-1.16.0-5.mga8
lib64cairo-devel-1.16.0-5.mga8
lib64cairo-gir1.0-1.66.1-1.mga8
lib64camel1.2_62-3.38.2-1.mga8
lib64canberra0-0.30-15.mga8
lib64canberra-gtk3_0-0.30-15.mga8
lib64cap2-2.45-1.mga8
lib64cap-ng0-0.8.1-1.mga8
lib64cap-ng-devel-0.8.1-1.mga8
lib64cdt5-2.44.1-1.mga8
lib64cgraph6-2.44.1-1.mga8
lib64cheese-gtk25-3.38.0-1.mga8
lib64clutter1.0_0-1.26.4-2.mga8
lib64clutter-gst3.0_0-3.0.27-3.mga8
lib64clutter-gtk1.0_0-1.8.4-4.mga8
lib64cogl20-1.22.8-3.mga8
lib64cogl-pango20-1.22.8-3.mga8
lib64colord2-1.4.5-1.mga8
lib64colord-gtk1-0.2.0-3.mga8
lib64com_err2-1.45.6-6.mga8
lib64com_err-devel-1.45.6-6.mga8
lib64crack2-2.9.7-3.mga8
lib64cryptsetup12-2.3.4-2.mga8
lib64cups2-2.3.3-9.mga8
lib64curl4-7.73.0-1.mga8
lib64daemon0-0.14-13.mga8
lib64datrie1-0.2.12-2.mga8
lib64datrie-devel-0.2.12-2.mga8
lib64db5.3-5.3.28-23.mga8
lib64dbnss4.8-4.8.30-26.mga8
lib64dbus1_3-1.13.18-3.mga8
lib64dbus-gir1.0-1.66.1-1.mga8
lib64dbus-glib1_2-0.110-3.mga8
lib64dconf1-0.38.0-1.mga8
lib64devmapper1.02-1.02.173-3.mga8
lib64dmx1-1.1.4-3.mga8
lib64dnf2-0.48.0-3.mga8
lib64dri-drivers-20.3.0-0.rc2.2.mga8
lib64drm2-2.4.103-1.mga8
lib64drm_amdgpu1-2.4.103-1.mga8
lib64drm-devel-2.4.103-1.mga8
lib64drm_intel1-2.4.103-1.mga8
lib64drm_nouveau2-2.4.103-1.mga8
lib64drm_radeon1-2.4.103-1.mga8
lib64ebackend1.2_10-3.38.2-1.mga8
lib64ebook1.2_20-3.38.2-1.mga8
lib64ebook-contacts1.2_3-3.38.2-1.mga8
lib64ecal2.0_1-3.38.2-1.mga8
lib64edata-book1.2_26-3.38.2-1.mga8
lib64edata-cal1.2_1-3.38.2-1.mga8
lib64edataserver1.2_25-3.38.2-1.mga8
lib64edataserverui1.2_2-3.38.2-1.mga8
lib64edit0-3.1-0.20191231.2.mga8
lib64egl1-1.3.2-14.mga8
lib64elfutils1-0.182-1.mga8
lib64enchant2_2-2.2.13-1.mga8
lib64epoxy0-1.5.4-2.mga8
lib64evdev2-1.10.0-1.mga8
lib64exif12-0.6.22-3.mga8
lib64expat1-2.2.10-1.mga8
lib64expat-devel-2.2.10-1.mga8
lib64exslt0-1.1.34-2.mga8
lib64ext2fs2-1.45.6-6.mga8
lib64fdisk1-2.36.1-4.mga8
lib64ffi7-3.3-2.mga8
lib64ffi-devel-3.3-2.mga8
lib64fftw3-3.3.8-5.mga8
lib64flatpak0-1.8.1-1.mga8
lib64fontconfig1-2.13.93-2.mga8
lib64fontconfig-devel-2.13.93-2.mga8
lib64fontconfig-gir2.0-1.66.1-1.mga8
lib64fontenc1-1.1.4-2.mga8
lib64freeglut3-3.2.1-3.mga8
lib64freeglut-devel-3.2.1-3.mga8
lib64freetype2-devel-2.10.4-1.mga8
lib64freetype6-2.10.4-1.mga8
lib64freetype-gir2.0-1.66.1-1.mga8
lib64fribidi0-1.0.10-1.mga8
lib64fribidi-devel-1.0.10-1.mga8
lib64fuse2-2.9.9-4.mga8
lib64gbm1-20.3.0-0.rc2.2.mga8
lib64gc1-8.0.4-2.mga8
lib64gck1_0-3.38.0-1.mga8
lib64gck-gir1-3.38.0-1.mga8
lib64gcr3_1-3.38.0-1.mga8
lib64gcr-base3_1-3.38.0-1.mga8
lib64gcr-gir3-3.38.0-1.mga8
lib64gcr-ui3_1-3.38.0-1.mga8
lib64gcr-ui-gir3-3.38.0-1.mga8
lib64gcrypt20-1.8.7-1.mga8
lib64gcrypt-devel-1.8.7-1.mga8
lib64gd3-2.3.0-1.mga8
lib64gdata22-0.17.13-1.mga8
lib64gdbm6-1.18.1-3.mga8
lib64gdbm_compat4-1.18.1-3.mga8
lib64gdk_pixbuf2.0_0-2.42.0-1.mga8
lib64gdk_pixbuf2.0-devel-2.42.0-1.mga8
lib64gdk_pixbuf-gir2.0-2.42.0-1.mga8
lib64gdm1-3.38.2-1.mga8
lib64gdm-gir1.0-3.38.2-1.mga8
lib64geoclue2_0-2.5.3-5.mga8
lib64geoclue-gir2.0-2.5.3-5.mga8
lib64geocode-glib0-3.26.2-1.mga8
lib64gettextmisc-0.21-5.mga8
lib64gio2.0_0-2.66.3-1.mga8
lib64girepository1.0_1-1.66.1-1.mga8
lib64girepository-gir2.0-1.66.1-1.mga8
lib64gjs0-1.66.1-1.mga8
lib64gjs-gir1.0-1.66.1-1.mga8
lib64gl1-1.3.2-14.mga8
lib64glade2.0_0-2.6.4-15.mga8
lib64glade2.0_0-devel-2.6.4-15.mga8
lib64glapi0-20.3.0-0.rc2.2.mga8
lib64glapi0-devel-20.3.0-0.rc2.2.mga8
lib64gldispatch0-1.3.2-14.mga8
lib64gle3-3.1.0-21.mga8
lib64gle-devel-3.1.0-21.mga8
lib64glesv1_cm1-1.3.2-14.mga8
lib64glesv22-1.3.2-14.mga8
lib64gl-gir1.0-1.66.1-1.mga8
lib64glib2.0_0-2.66.3-1.mga8
lib64glib2.0-devel-2.66.3-1.mga8
lib64glib-gir2.0-1.66.1-1.mga8
lib64glib-networking-2.66.0-1.mga8
lib64glib-networking-gnutls-2.66.0-1.mga8
lib64glvnd-devel-1.3.2-14.mga8
lib64glx0-1.3.2-14.mga8
lib64gmp10-6.2.1-1.mga8
lib64gnome-autoar0_0-0.2.4-2.mga8
lib64gnome-bluetooth13-3.34.3-1.mga8
lib64gnome-bluetooth-gir1.0-3.34.3-1.mga8
lib64gnome-desktop3_19-3.38.2-1.mga8
lib64gnome-desktop-gir3.0-3.38.2-1.mga8
lib64gnomekbd8-3.26.1-2.mga8
lib64gnome-keyring-3.36.0-3.mga8
lib64gnutls30-3.6.15-2.mga8
lib64goa1.0_0-3.38.0-1.mga8
lib64goa-backend1.0_1-3.38.0-1.mga8
lib64gpg-error0-1.39-1.mga8
lib64gpg-error-devel-1.39-1.mga8
lib64gpgme11-1.15.0-1.mga8
lib64gphoto2_6-2.5.26-1.mga8
lib64gphoto2_port12-2.5.26-1.mga8
lib64graphene1.0_0-1.10.2-1.mga8
lib64graphene-gir1.0-1.10.2-1.mga8
lib64graphite2_3-1.3.14-1.mga8
lib64graphite2-devel-1.3.14-1.mga8
lib64gsettings-desktop-schemas-gir3.0-3.38.0-1.mga8
lib64gsound0-1.0.2-5.mga8
lib64gst-gir1.0-1.18.1-1.mga8
lib64gstgl1.0_0-1.18.1-1.mga8
lib64gstreamer1.0_0-1.18.1-1.mga8
lib64gstreamer-plugins-base1.0_0-1.18.1-1.mga8
lib64gtk+2.0_0-2.24.32-12.mga8
lib64gtk+2.0-devel-2.24.32-12.mga8
lib64gtk2-hc-engine-2.20.2-11.mga8
lib64gtk+3_0-3.24.23-1.mga8
lib64gtk-gir2.0-2.24.32-12.mga8
lib64gtk-gir3.0-3.24.23-1.mga8
lib64gtk+-x11-2.0_0-2.24.32-12.mga8
lib64gtop2.0_11-2.40.0-3.mga8
lib64gudev1.0_0-234-1.mga8
lib64guile3.0_1-3.0.4-3.mga8
lib64gusb2-0.3.5-1.mga8
lib64gvc6-2.44.1-1.mga8
lib64gweather3_16-3.36.1-1.mga8
lib64gweather-gir3.0-3.36.1-1.mga8
lib64handy1_0-1.0.2-1.mga8
lib64harfbuzz0-2.7.2-1.mga8
lib64harfbuzz-devel-2.7.2-1.mga8
lib64harfbuzz-gir0.0-2.7.2-1.mga8
lib64hogweed6-3.6-1.mga8
lib64hunspell1.7_0-1.7.0-4.mga8
lib64hyphen0-2.8.8-8.mga8
lib64ibus1.0_5-1.5.23-1.mga8
lib64ibus-gir1.0-1.5.23-1.mga8
lib64ical3-3.0.8-5.mga8
lib64ical-glib3-3.0.8-5.mga8
lib64icalvcal3-3.0.8-5.mga8
lib64ice6-1.0.10-2.mga8
lib64ice-devel-1.0.10-2.mga8
lib64icu67-67.1-1.mga8
lib64icu-devel-67.1-1.mga8
lib64idn2_0-2.3.0-4.mga8
lib64ieee1284_3-0.2.11-20.mga8
lib64ilmbase2_5_25-2.5.3-7.mga8
lib64ilmimf2_5_25-2.5.3-7.mga8
lib64input10-1.16.4-1.mga8
lib64intl8-0.21-5.mga8
lib64ip4tc2-1.8.6-1.mga8
lib64ipt2-2.0.2-1.mga8
lib64iptables12-1.8.6-1.mga8
lib64isl15-0.18-2.mga8
lib64iw30-30-0.pre9.12.mga8
lib64jansson4-2.13.1-1.mga8
lib64javascriptcoregtk4.0_18-2.30.3-1.mga8
lib64jbig1-2.1-7.mga8
lib64jpeg8-2.0.5-1.mga8
lib64jpeg-devel-2.0.5-1.mga8
lib64json-c5-0.15-1.mga8
lib64json-glib1.0_0-1.6.0-1.mga8
lib64json-glib-gir1.0-1.6.0-1.mga8
lib64kdc-samba4_2-4.12.10-2.mga8
lib64keyutils1-1.6.3-1.mga8
lib64keyutils-devel-1.6.3-1.mga8
lib64kmod2-27-2.mga8
lib64kms1-2.4.103-1.mga8
lib64krb53-1.18.3-1.mga8
lib64krb53-devel-1.18.3-1.mga8
lib64ksba8-1.5.0-1.mga8
lib64lcms2_2-2.11-1.mga8
lib64ldap2.4_2-2.4.56-1.mga8
lib64ldb2-2.1.4-1.mga8
lib64ldetect0.12-0.12.8-5.mga8
lib64llvm11.0-11.0.0-2.1.mga8
lib64lmdb0-0.9.27-1.mga8
lib64lm_sensors5-3.6.0-2.mga8
lib64lockdev1-1.0.4-0.120111007git.14.mga8
lib64lqr0-0.4.2-7.mga8
lib64ltdl7-2.4.6-13.mga8
lib64lua5.3-5.3.5-5.mga8
lib64lz4_1-1.9.3-1.mga8
lib64lz4-devel-1.9.3-1.mga8
lib64lzma5-5.2.5-1.mga8
lib64lzma-devel-5.2.5-1.mga8
lib64lzo2_2-2.10-4.mga8
lib64magic1-5.39-3.mga8
lib64magick-7Q16HDRI_8-7.0.10.44-1.mga8
lib64malcontent0-0.9.0-1.mga8
lib64malcontent-gir0-0.9.0-1.mga8
lib64mcpp0-2.7.2-14.mga8
lib64mesaegl1-20.3.0-0.rc2.2.mga8
lib64mesagl1-20.3.0-0.rc2.2.mga8
lib64mesagl1-devel-20.3.0-0.rc2.2.mga8
lib64mesaglu1-9.0.1-2.mga8
lib64mesaglu1-devel-9.0.1-2.mga8
lib64mesakhr-devel-20.3.0-0.rc2.2.mga8
lib64mesavulkan-drivers-20.3.0-0.rc2.2.mga8
lib64microhttpd12-0.9.71-2.mga8
lib64mission-control-plugins0-5.16.5-1.mga8
lib64mm-glib0-1.10.0-3.mga8
lib64mnl0-1.0.4-3.mga8
lib64modulemd2-2.9.4-1.mga8
lib64mount1-2.36.1-4.mga8
lib64mount-devel-2.36.1-4.mga8
lib64mozjs78-78.2.0-1.mga8
lib64mpc3-1.2.1-1.mga8
lib64mpfr6-4.1.0-1.mga8
lib64mtdev1-1.1.6-2.mga8
lib64mutter7_0-3.38.1-1.mga8
lib64mutter-private7-3.38.1-1.mga8
lib64mutter-private-gir7-3.38.1-1.mga8
lib64ncurses6-6.2-20201121.1.mga8
lib64ncurses-devel-6.2-20201121.1.mga8
lib64ncursesw6-6.2-20201121.1.mga8
lib64ndp0-1.7-1.mga8
lib64nettle8-3.6-1.mga8
lib64nghttp2_14-1.42.0-1.mga8
lib64nl3_200-3.5.0-2.mga8
lib64nl-genl3_200-3.5.0-2.mga8
lib64nm0-1.26.4-1.mga8
lib64nma0-1.8.30-1.mga8
lib64nma-gir1.0-1.8.30-1.mga8
lib64nm-gir1.0-1.26.4-1.mga8
lib64notify4-0.7.9-1.mga8
lib64notify-gir0.7-0.7.9-1.mga8
lib64npth0-1.6-2.mga8
lib64nsl2-1.3.0-1.mga8
lib64nsl-devel-1.3.0-1.mga8
lib64nspr4-4.29-1.mga8
lib64nss3-3.59.0-1.mga8
lib64ogg0-1.3.4-2.mga8
lib64opengl0-1.3.2-14.mga8
lib64openjade0-1.3.3-0.pre1.26.mga8
lib64openjp2_7-2.3.1-6.mga8
lib64openssl1.1-1.1.1h-1.mga8
lib64openssl-devel-1.1.1h-1.mga8
lib64opus0-1.3.1-2.mga8
lib64orc0.4_0-0.4.32-1.mga8
lib64osp5-1.5.2-21.mga8
lib64ostree1-2020.8-1.mga8
lib64p11-kit0-0.23.21-1.mga8
lib64packagekit-glib18-1.2.1-2.mga8
lib64pam0-1.3.1-4.mga8
lib64pam-devel-1.3.1-4.mga8
lib64pam_userpass1-1.0.2-15.mga8
lib64pango1.0_0-1.48.0-1.mga8
lib64pango1.0-devel-1.48.0-1.mga8
lib64pango-gir1.0-1.48.0-1.mga8
lib64parted2-3.3-3.mga8
lib64pathplan4-2.44.1-1.mga8
lib64pcap1-1.9.1-2.mga8
lib64pci3-3.7.0-1.mga8
lib64pciaccess0-0.16-2.mga8
lib64pciaccess-devel-0.16-2.mga8
lib64pcre16_0-8.44-1.mga8
lib64pcre1-8.44-1.mga8
lib64pcre2_0-10.35-1.mga8
lib64pcre32_0-8.44-1.mga8
lib64pcre-devel-8.44-1.mga8
lib64pcreposix1-8.44-1.mga8
lib64pcsclite1-1.9.0-1.mga8
lib64pipewire0.3_0-0.3.16-3.mga8
lib64pixman1_0-0.40.0-1.mga8
lib64pixman-devel-0.40.0-1.mga8
lib64pkgconf3-1.7.3-1.mga8
lib64png16_16-1.6.37-2.mga8
lib64png-devel-1.6.37-2.mga8
lib64polkit1_0-0.118-1.mga8
lib64polkit-gir1.0-0.118-1.mga8
lib64popt0-1.18-1.mga8
lib64procps8-3.3.16-2.mga8
lib64proxy1-0.4.15-11.mga8
lib64proxy-gnome-0.4.15-11.mga8
lib64proxy-networkmanager-0.4.15-11.mga8
lib64proxy-webkit-0.4.15-11.mga8
lib64psl5-0.21.1-1.mga8
lib64pulseaudio0-14.0-1.mga8
lib64pulsecommon14.0-14.0-1.mga8
lib64pulsecore14.0-14.0-1.mga8
lib64pulseglib20-14.0-1.mga8
lib64pwquality1-1.4.4-1.mga8
lib64pyldb-util2-2.1.4-1.mga8
lib64pytalloc-util2-2.3.1-1.mga8
lib64python3.8-3.8.5-1.mga8
lib64python3.8-stdlib-3.8.5-1.mga8
lib64qrencode4-4.1.1-1.mga8
lib64raqm0-0.7.0-2.mga8
lib64readline8-8.0-3.mga8
lib64recode3-3.7.8-1.mga8
lib64repo0-1.12.1-1.mga8
lib64rest0.7_0-0.8.1-3.mga8
lib64rpm9-4.16.0-4.mga8
lib64rpmbuild9-4.16.0-4.mga8
lib64rsvg2_2-2.50.2-1.mga8
lib64rsvg-gir2.0-2.50.2-1.mga8
lib64samba1-4.12.10-2.mga8
lib64samba-dc0-4.12.10-2.mga8
lib64sane1-1.0.31-1.mga8
lib64sasl2_3-2.1.27-3.mga8
lib64sbc1-1.4-2.mga8
lib64seccomp2-2.5.0-2.mga8
lib64secret1_0-0.20.4-1.mga8
lib64secret-gir1-0.20.4-1.mga8
lib64selinux1-2.5-12.mga8
lib64sigsegv2-2.12-3.mga8
lib64sm6-1.2.3-2.mga8
lib64smartcols1-2.36.1-4.mga8
lib64smbclient0-4.12.10-2.mga8
lib64sm-devel-1.2.3-2.mga8
lib64sndfile1-1.0.30-1.mga8
lib64solv1-0.7.16-1.mga8
lib64soup2.4_1-2.72.0-1.mga8
lib64soup-gir2.4-2.72.0-1.mga8
lib64source-highlight4-3.1.9-6.mga8
lib64soxr0-0.1.3-5.mga8
lib64speexdsp1-1.2.0-2.mga8
lib64sqlite3_0-3.33.0-1.mga8
lib64ss2-1.45.6-6.mga8
lib64ssh2_1-1.9.0-3.mga8
lib64ssh4-0.9.5-1.mga8
lib64startup-notification1_0-0.12-12.mga8
lib64stemmer0-0-18.git.6b3b8b5.20160930.mga8
lib64systemd0-246.6-2.mga8
lib64talloc2-2.3.1-1.mga8
lib64tasn1_6-4.16.0-4.mga8
lib64tcb0-1.1-10.mga8
lib64tdb1-1.4.3-1.mga8
lib64telepathy-glib0-0.24.1-9.mga8
lib64telepathy-glib-gir0.12-0.24.1-9.mga8
lib64telepathy-logger3-0.8.2-4.mga8
lib64telepathy-logger-gir0.2-0.8.2-4.mga8
lib64tevent0-0.10.2-1.mga8
lib64textstyle0-0.21-5.mga8
lib64thai0-0.1.28-2.mga8
lib64thai-devel-0.1.28-2.mga8
lib64theoradec1-1.1.1-14.mga8
lib64theoraenc1-1.1.1-14.mga8
lib64tiff5-4.1.0-2.git20201121.1.mga8
lib64tirpc3-1.2.6-1.mga8
lib64tirpc-devel-1.2.6-1.mga8
lib64turbojpeg0-2.0.5-1.mga8
lib64udev1-246.6-2.mga8
lib64udisks2_0-2.9.1-1.mga8
lib64unistring2-0.9.10-4.mga8
lib64unistring-devel-0.9.10-4.mga8
lib64unwind8-1.5.0-1.mga8
lib64upower-gir1.0-0.99.11-3.mga8
lib64upower-glib3-0.99.11-3.mga8
lib64usb1.0_0-1.0.23-1.mga8
lib64user1-0.62-16.mga8
lib64uuid1-2.36.1-4.mga8
lib64uuid-devel-2.36.1-4.mga8
lib64v4l0-1.20.0-1.mga8
lib64v4l-wrappers-1.20.0-1.mga8
lib64verto1-0.3.1-2.mga8
lib64verto-devel-0.3.1-2.mga8
lib64vorbis0-1.3.7-1.mga8
lib64vorbisenc2-1.3.7-1.mga8
lib64vorbisfile3-1.3.7-1.mga8
lib64vulkan-loader1-1.2.154.1-2.mga8
lib64wacom2-1.6-1.mga8
lib64wayland-client0-1.18.0-3.mga8
lib64wayland-cursor0-1.18.0-3.mga8
lib64wayland-egl1-1.18.0-3.mga8
lib64wayland-server0-1.18.0-3.mga8
lib64wbclient0-4.12.10-2.mga8
lib64webkit2gtk4.0_37-2.30.3-1.mga8
lib64webp7-1.1.0-2.mga8
lib64webpdemux2-1.1.0-2.mga8
lib64webpmux3-1.1.0-2.mga8
lib64webrtc-audio-processing1-0.3.1-2.mga8
lib64wmf0.2_7-0.2.12-2.mga8
lib64woff2common1.0.2-1.0.2-3.mga8
lib64woff2dec1.0.2-1.0.2-3.mga8
lib64wrap0-7.6-51.mga8
lib64x11_6-1.7.0-1.mga8
lib64x11-devel-1.7.0-1.mga8
lib64x11-xcb1-1.7.0-1.mga8
lib64xau6-1.0.9-2.mga8
lib64xau-devel-1.0.9-2.mga8
lib64xaw7-1.0.13-3.mga8
lib64xcb1-1.14-1.mga8
lib64xcb-composite0-1.14-1.mga8
lib64xcb-damage0-1.14-1.mga8
lib64xcb-devel-1.14-1.mga8
lib64xcb-dpms0-1.14-1.mga8
lib64xcb-dri2_0-1.14-1.mga8
lib64xcb-dri3_0-1.14-1.mga8
lib64xcb-glx0-1.14-1.mga8
lib64xcb-present0-1.14-1.mga8
lib64xcb-randr0-1.14-1.mga8
lib64xcb-record0-1.14-1.mga8
lib64xcb-render0-1.14-1.mga8
lib64xcb-res0-1.14-1.mga8
lib64xcb-screensaver0-1.14-1.mga8
lib64xcb-shape0-1.14-1.mga8
lib64xcb-shm0-1.14-1.mga8
lib64xcb-sync1-1.14-1.mga8
lib64xcb-util1-0.4.0-4.mga8
lib64xcb-xf86dri0-1.14-1.mga8
lib64xcb-xfixes0-1.14-1.mga8
lib64xcb-xinerama0-1.14-1.mga8
lib64xcb-xinput0-1.14-1.mga8
lib64xcb-xkb1-1.14-1.mga8
lib64xcb-xtest0-1.14-1.mga8
lib64xcb-xv0-1.14-1.mga8
lib64xcb-xvmc0-1.14-1.mga8
lib64xcomposite1-0.4.5-3.mga8
lib64xcomposite-devel-0.4.5-3.mga8
lib64xcrypt1-4.4.17-1.mga8
lib64xcrypt-devel-4.4.17-1.mga8
lib64xcursor1-1.2.0-2.mga8
lib64xcursor-devel-1.2.0-2.mga8
lib64xdamage1-1.1.5-2.mga8
lib64xdamage-devel-1.1.5-2.mga8
lib64xdmcp6-1.1.3-2.mga8
lib64xdmcp-devel-1.1.3-2.mga8
lib64xext6-1.3.4-2.mga8
lib64xext-devel-1.3.4-2.mga8
lib64xfixes3-5.0.3-3.mga8
lib64xfixes-devel-5.0.3-3.mga8
lib64xfixes-gir4.0-1.66.1-1.mga8
lib64xfont1-1.5.4-3.mga8
lib64xfont2_2-2.0.4-2.mga8
lib64xft2-2.3.3-2.mga8
lib64xft-devel-2.3.3-2.mga8
lib64xft-gir2.0-1.66.1-1.mga8
lib64xi6-1.7.10-2.mga8
lib64xi-devel-1.7.10-2.mga8
lib64xinerama1-1.1.4-3.mga8
lib64xinerama-devel-1.1.4-3.mga8
lib64xkbcommon0-1.0.3-1.mga8
lib64xkbfile1-1.1.0-2.mga8
lib64xklavier16-5.4-4.mga8
lib64xlib-gir2.0-1.66.1-1.mga8
lib64xml2_2-2.9.10-5.mga8
lib64xml2-devel-2.9.10-5.mga8
lib64xmu6-1.1.3-2.mga8
lib64xmu-devel-1.1.3-2.mga8
lib64xmuu1-1.1.3-2.mga8
lib64xpm4-3.5.13-2.mga8
lib64xpm-devel-3.5.13-2.mga8
lib64xrandr2-1.5.2-2.mga8
lib64xrandr-devel-1.5.2-2.mga8
lib64xrender1-0.9.10-3.mga8
lib64xrender-devel-0.9.10-3.mga8
lib64xshmfence1-1.3-3.mga8
lib64xshmfence-devel-1.3-3.mga8
lib64xslt1-1.1.34-2.mga8
lib64xt6-1.2.0-2.mga8
lib64xt-devel-1.2.0-2.mga8
lib64xtst6-1.2.3-3.mga8
lib64xv1-1.0.11-3.mga8
lib64xxf86dga1-1.1.5-2.mga8
lib64xxf86misc1-1.0.4-3.mga8
lib64xxf86misc-devel-1.0.4-3.mga8
lib64xxf86vm1-1.1.4-4.mga8
lib64xxf86vm-devel-1.1.4-4.mga8
lib64xxhash0-0.8.0-1.mga8
lib64yaml0_2-0.2.1-3.mga8
lib64zck1-1.1.5-2.mga8
lib64zlib1-1.2.11-9.mga8
lib64zlib-devel-1.2.11-9.mga8
lib64zstd1-1.4.5-4.mga8
lib64zstd-devel-1.4.5-4.mga8
libalsa-data-1.2.4-1.mga8
libdrm-common-2.4.103-1.mga8
libexif12-common-0.6.22-3.mga8
libgcc1-10.2.1-0.20201128.1.mga8
libgdata-i18n-0.17.13-1.mga8
libglvnd-1.3.2-14.mga8
libgnomekbd-common-3.26.1-2.mga8
libgomp1-10.2.1-0.20201128.1.mga8
libgomp-devel-10.2.1-0.20201128.1.mga8
libgpg-error-common-1.39-1.mga8
libgphoto-common-2.5.26-1.mga8
libgtop2-2.40.0-3.mga8
libgweather-3.36.1-1.mga8
libhandy-common-1.0.2-1.mga8
libidn2-i18n-2.3.0-4.mga8
libinput-udev-1.16.4-1.mga8
libnl3-config-3.5.0-2.mga8
libnma-1.8.30-1.mga8
libproxy-gxsettings-0.4.15-11.mga8
libpthread-stubs-0.4-3.mga8
libpwquality-tools-1.4.4-1.mga8
libquadmath0-10.2.1-0.20201128.1.mga8
libsecret-i18n-0.20.4-1.mga8
libsecret-tools-0.20.4-1.mga8
libsoup-i18n-2.72.0-1.mga8
libstdc++6-10.2.1-0.20201128.1.mga8
libstdc++-devel-10.2.1-0.20201128.1.mga8
libtirpc-1.2.6-1.mga8
libtool-base-2.4.6-13.mga8
libuser-0.62-16.mga8
libutempter-1.2.1-1.mga8
libwacom-1.6-1.mga8
libx11-common-1.7.0-1.mga8
libxml2-utils-2.9.10-5.mga8
logrotate-3.17.0-1.mga8
lsb-release-2.0-56.mga8
m4-1.4.18-3.mga8
mageia-release-common-8-0.16.mga8
mageia-release-Default-8-0.16.mga8
mageia-repos-8-0.0.4.mga8
mageia-repos-cauldron-8-0.0.4.mga8
mageia-repos-keys-8-0.0.4.mga8
mageia-repos-pkgprefs-8-0.0.4.mga8
make-4.3-2.mga8
makedev-4.4-26.mga8
malcontent-0.9.0-1.mga8
malcontent-i18n-0.9.0-1.mga8
mcpp-2.7.2-14.mga8
menu-messages-1-6.mga8
mesa-20.3.0-0.rc2.2.mga8
meta-task-8-0.28.mga8
mkfontscale-1.2.1-2.mga8
mobile-broadband-provider-info-1.20190618-2.mga8
mozilla-filesystem-1.9-9.mga8
multiarch-utils-1.0.14-3.mga8
mutter-3.38.1-1.mga8
ncurses-6.2-20201121.1.mga8
net-tools-2.0-0.20150915git.6.mga8
networkmanager-1.26.4-1.mga8
networkmanager-applet-1.16.0-1.mga8
networkmanager-wifi-1.26.4-1.mga8
nmap-7.91-1.mga8
nss-3.59.0-1.mga8
nss-myhostname-246.6-2.mga8
nss_tcb-1.1-10.mga8
obexd-0.48-7.mga8
ocaml-srpm-macros-6-2.mga8
openjade-1.3.3-0.pre1.26.mga8
openldap-2.4.56-1.mga8
opensp-1.5.2-21.mga8
openssl-1.1.1h-1.mga8
ostree-2020.8-1.mga8
p11-kit-0.23.21-1.mga8
p11-kit-trust-0.23.21-1.mga8
packagekit-1.2.1-2.mga8
packagekit-gtk3-module-1.2.1-2.mga8
pam-1.3.1-4.mga8
pam_tcb-1.1-10.mga8
pango-1.48.0-1.mga8
passwd-0.80-2.mga8
patch-2.7.6-6.mga8
pcre-8.44-1.mga8
perl-5.32.0-9.mga8
perl-base-5.32.0-9.mga8
perl-Config-IniFiles-3.0.3-1.mga8
perl-Data-Dump-1.230.0-5.mga8
perl-Encode-Locale-1.50.0-5.mga8
perl-Exporter-Tiny-1.2.2-1.mga8
perl-File-FnMatch-0.20.0-29.mga8
perl-File-Listing-6.110.0-1.mga8
perl-File-Slurp-9999.320.0-1.mga8
perl-File-Sync-0.110.0-31.mga8
perl-Filesys-Df-0.920.0-31.mga8
perl-HTML-Parser-3.750.0-1.mga8
perl-HTML-Tagset-3.200.0-11.mga8
perl-HTTP-Cookies-6.90.0-1.mga8
perl-HTTP-Daemon-6.120.0-1.mga8
perl-HTTP-Date-6.50.0-2.mga8
perl-HTTP-Message-6.260.0-1.mga8
perl-HTTP-Negotiate-6.10.0-9.mga8
perl-IO-HTML-1.4.0-1.mga8
perl-IO-Socket-SSL-2.68.0-1.mga8
perl-IO-stringy-2.113.0-1.mga8
perl-JSON-4.20.0-2.mga8
perl-libwww-perl-6.490.0-1.mga8
perl-List-MoreUtils-0.430.0-1.mga8
perl-List-MoreUtils-XS-0.430-1.mga8
perl-Locale-gettext-1.70.0-13.mga8
perl-LWP-MediaTypes-6.40.0-2.mga8
perl-LWP-Protocol-https-6.90.0-1.mga8
perl-MDK-Common-1.2.34.2-4.mga8
perl-MDV-Distribconf-4.101.0-3.mga8
perl-MDV-Packdrakeng-1.130.0-6.mga8
perl-Mozilla-CA-20200520.0.0-1.mga8
perl-Net-HTTP-6.190.0-2.mga8
perl-Net-SSLeay-1.880.0-4.mga8
perl-SGMLSpm-1.03ii-4.mga8
perl-srpm-macros-1-34.mga8
perl-String-ShellQuote-1.40.0-13.mga8
perl-TimeDate-2.330.0-1.mga8
perl-Time-ZoneInfo-0.300.0-10.mga8
perl-Try-Tiny-0.300.0-3.mga8
perl-URI-5.50.0-1.mga8
perl-URPM-5.123-1.mga8
perl-WWW-RobotRules-6.20.0-10.mga8
perl-XML-LibXML-2.20.600-1.mga8
perl-XML-NamespaceSupport-1.120.0-3.mga8
perl-XML-Parser-2.460.0-3.mga8
perl-XML-SAX-1.20.0-2.mga8
perl-XML-SAX-Base-1.90.0-4.mga8
perl-YAML-1.300.0-2.mga8
perl-YAML-Tiny-1.730.0-3.mga8
pkgconf-1.7.3-1.mga8
pkgconf-m4-1.7.3-1.mga8
pkgconf-pkg-config-1.7.3-1.mga8
polkit-0.118-1.mga8
popt-data-1.18-1.mga8
procps-ng-3.3.16-2.mga8
psmisc-23.3-3.mga8
publicsuffix-list-dafsa-20200106-2.mga8
pulseaudio-14.0-1.mga8
pulseaudio-client-config-14.0-1.mga8
pulseaudio-module-bluetooth-14.0-1.mga8
python3-3.8.5-1.mga8
python3-cairo-1.19.1-1.mga8
python3-chardet-3.0.4-8.mga8
python3-cups-2.0.1-1.mga8
python3-curl-7.43.0.2-4.mga8
python3-dbus-1.2.16-2.mga8
python3-gobject-3.38.0-1.mga8
python3-idna-2.10-1.mga8
python3-pkg-resources-50.3.2-1.mga8
python3-pygments-2.7.2-1.mga8
python3-requests-2.25.0-1.mga8
python3-rpm-generators-11-4.mga8
python3-rpm-macros-3.9-5.mga8
python3-setuptools-50.3.2-1.mga8
python3-six-1.15.0-1.mga8
python3-urllib3-1.25.10-1.mga8
python-pip-wheel-20.1.1-1.mga8
python-rpm-macros-3.9-5.mga8
python-setuptools-wheel-50.3.2-1.mga8
python-srpm-macros-3.9-5.mga8
resolvconf-1.79-5.mga8
rgb-1.0.6-4.mga8
rmt-0.4b46-8.mga8
rootcerts-20201021.00-1.mga8
rootfiles-11.0-16.mga8
rpm-4.16.0-4.mga8
rpm-build-4.16.0-4.mga8
rpm-helper-0.24.20-1.mga8
rpm-mageia-setup-2.57-2.mga8
rpm-mageia-setup-build-2.57-2.mga8
rtkit-0.13-1.mga8
run-parts-4.8.4-3.mga8
rust-srpm-macros-15-1.mga8
samba-common-4.12.10-2.mga8
sash-3.8-9.mga8
sed-4.8-3.mga8
sessreg-1.1.2-2.mga8
setup-2.7.25-1.mga8
sgml-common-0.6.3-28.mga8
shadow-utils-4.6-2.mga8
shared-mime-info-2.0-2.mga8
sound-theme-freedesktop-0.8-8.mga8
source-highlight-3.1.9-6.mga8
spec-helper-0.31.23-1.mga8
sudo-1.9.3p1-1.mga8
system-config-printer-libs-1.5.13-1.mga8
system-config-printer-udev-1.5.13-1.mga8
systemd-246.6-2.mga8
systemd-devel-246.6-2.mga8
tar-1.32-3.mga8
tcb-1.1-10.mga8
telepathy-filesystem-0.0.2-8.mga8
telepathy-logger-0.8.2-4.mga8
telepathy-mission-control-5.16.5-1.mga8
thai-data-0.1.28-2.mga8
time-1.9-4.mga8
timezone-2020d-2.mga8
traceroute-2.1.0-3.mga8
unzip-6.1c-8.mga8
urpmi-8.124-1.mga8
urw-fonts-2.4-9.mga8
util-linux-2.36.1-4.mga8
v4l-utils-1.20.0-1.mga8
vim-minimal-8.2.2018-2.mga8
webkit2-2.30.3-1.mga8
which-2.21-6.mga8
wireless-tools-30-0.pre9.12.mga8
wpa_supplicant-2.9-6.mga8
x11-data-bitmaps-1.1.2-3.mga8
x11-data-xkbdata-2.31-1.mga8
x11-driver-input-libinput-0.30.0-1.mga8
x11-font-alias-1.0.4-1.mga8
x11-font-cursor-misc-1.0.3-9.mga8
x11-font-daewoo-misc-1.0.3-9.mga8
x11-font-encodings-1.0.5-2.mga8
x11-font-isas-misc-1.0.3-9.mga8
x11-font-jis-misc-1.0.3-9.mga8
x11-font-misc-misc-1.1.2-9.mga8
x11-proto-devel-2020.1-2.mga8
x11-server-common-1.20.9-9.mga8
x11-server-xorg-1.20.9-9.mga8
x11-server-xwayland-1.20.9-9.mga8
xdg-dbus-proxy-0.1.1-4.mga8
xdg-user-dirs-0.17-4.mga8
xdg-user-dirs-gtk-0.10-8.mga8
xdg-utils-1.1.3-5.mga8
xdpyinfo-1.3.2-4.mga8
xhost-1.0.8-2.mga8
xinitrc-2.4.21-30.mga8
xkbcomp-1.4.4-1.mga8
xli-20061110-15.mga8
xmessage-1.0.5-3.mga8
xmodmap-1.0.10-2.mga8
xprop-1.2.5-1.mga8
xrdb-1.2.0-2.mga8
xset-1.2.4-3.mga8
xsetroot-1.1.2-3.mga8
xsltproc-1.1.34-2.mga8
xz-5.2.5-1.mga8
zenity-3.32.0-2.mga8
zstd-1.4.5-4.mga8
