INFO buildroot.py:348:  Mock Version: 1.4.8
DEBUG util.py:110:  ensuring that dir exists: /share/dev/mock/dev/pts
DEBUG util.py:113:  creating dir: /share/dev/mock/dev/pts
DEBUG util.py:110:  ensuring that dir exists: /share/dev/mock/dev/shm
DEBUG util.py:113:  creating dir: /share/dev/mock/dev/shm
DEBUG buildroot.py:479:  kernel version == 4.9.77-ck1
DEBUG util.py:123:  touching file: /share/dev/mock/etc/fstab
DEBUG util.py:123:  touching file: /share/dev/mock/etc/yum/yum.conf
DEBUG util.py:123:  touching file: /share/dev/mock/etc/dnf/dnf.conf
DEBUG util.py:123:  touching file: /share/dev/mock/var/log/yum.log
DEBUG util.py:110:  ensuring that dir exists: /share/dev/mock/var/cache/dnf/
DEBUG util.py:636:  child environment: None
DEBUG util.py:562:  Executing command: ['/bin/mount', '-n', '--bind', '/var/cache/mock/mageia-cauldron-x86_64/dnf_cache/', '/share/dev/mock/var/cache/dnf/'] with env {'TERM': 'vt100', 'HOSTNAME': 'mock', 'SHELL': '/bin/sh', 'HOME': '/builddir', 'PATH': '/usr/bin:/bin:/usr/sbin:/sbin', 'LANG': 'en_US.UTF-8'} and shell False
DEBUG util.py:617:  Child return code was: 0
DEBUG buildroot.py:142:  rootdir = /share/dev/mock
DEBUG buildroot.py:143:  resultdir = mock
DEBUG util.py:110:  ensuring that dir exists: /share/dev/mock/etc/pki/mock
DEBUG util.py:110:  ensuring that dir exists: /share/dev/mock/etc/dnf
DEBUG util.py:636:  child environment: None
DEBUG util.py:562:  Executing command: ['/usr/bin/systemd-nspawn', '-q', '-M', 'eff88a66749f44dcb1253a31fa99042b', '-D', '/share/dev/mock', '-a', '--setenv=TERM=vt100', '--setenv=LANG=en_US.UTF-8', '--setenv=HOSTNAME=mock', '--setenv=HOME=/builddir', '--setenv=PROMPT_COMMAND=printf "\\033]0;<mock-chroot>\\007"', '--setenv=SHELL=/bin/bash', '--setenv=PATH=/usr/bin:/bin:/usr/sbin:/sbin', '--setenv=PS1=<mock-chroot> \\s-\\v\\$ ', '/usr/sbin/userdel', '-r', '-f', 'mockbuild'] with env {'TERM': 'vt100', 'LANG': 'en_US.UTF-8', 'HOSTNAME': 'mock', 'HOME': '/builddir', 'PROMPT_COMMAND': 'printf "\\033]0;<mock-chroot>\\007"', 'SHELL': '/bin/bash', 'PATH': '/usr/bin:/bin:/usr/sbin:/sbin', 'PS1': '<mock-chroot> \\s-\\v\\$ '} and shell False
DEBUG util.py:317:  Unsharing. Flags: 134217728
DEBUG util.py:479:  userdel: mockbuild mail spool (/var/spool/mail/mockbuild) not found
DEBUG util.py:617:  Child return code was: 0
DEBUG util.py:636:  child environment: None
DEBUG util.py:562:  Executing command: ['/usr/bin/systemd-nspawn', '-q', '-M', '340c14bdb69940a885287e40ec15341f', '-D', '/share/dev/mock', '-a', '--setenv=TERM=vt100', '--setenv=LANG=en_US.UTF-8', '--setenv=HOSTNAME=mock', '--setenv=HOME=/builddir', '--setenv=PROMPT_COMMAND=printf "\\033]0;<mock-chroot>\\007"', '--setenv=SHELL=/bin/bash', '--setenv=PATH=/usr/bin:/bin:/usr/sbin:/sbin', '--setenv=PS1=<mock-chroot> \\s-\\v\\$ ', '/usr/sbin/groupdel', 'mock'] with env {'TERM': 'vt100', 'LANG': 'en_US.UTF-8', 'HOSTNAME': 'mock', 'HOME': '/builddir', 'PROMPT_COMMAND': 'printf "\\033]0;<mock-chroot>\\007"', 'SHELL': '/bin/bash', 'PATH': '/usr/bin:/bin:/usr/sbin:/sbin', 'PS1': '<mock-chroot> \\s-\\v\\$ '} and shell False
DEBUG util.py:317:  Unsharing. Flags: 134217728
DEBUG util.py:617:  Child return code was: 0
DEBUG util.py:636:  child environment: None
DEBUG util.py:562:  Executing command: ['/usr/bin/systemd-nspawn', '-q', '-M', 'a2c5ce171f0e4926afe9e1557ffa7d9c', '-D', '/share/dev/mock', '-a', '--setenv=TERM=vt100', '--setenv=LANG=en_US.UTF-8', '--setenv=HOSTNAME=mock', '--setenv=HOME=/builddir', '--setenv=PROMPT_COMMAND=printf "\\033]0;<mock-chroot>\\007"', '--setenv=SHELL=/bin/bash', '--setenv=PATH=/usr/bin:/bin:/usr/sbin:/sbin', '--setenv=PS1=<mock-chroot> \\s-\\v\\$ ', '/usr/sbin/groupadd', '-g', '135', 'mock'] with env {'TERM': 'vt100', 'LANG': 'en_US.UTF-8', 'HOSTNAME': 'mock', 'HOME': '/builddir', 'PROMPT_COMMAND': 'printf "\\033]0;<mock-chroot>\\007"', 'SHELL': '/bin/bash', 'PATH': '/usr/bin:/bin:/usr/sbin:/sbin', 'PS1': '<mock-chroot> \\s-\\v\\$ '} and shell False
DEBUG util.py:317:  Unsharing. Flags: 134217728
DEBUG util.py:617:  Child return code was: 0
DEBUG util.py:636:  child environment: None
DEBUG util.py:562:  Executing command: ['/usr/bin/systemd-nspawn', '-q', '-M', 'a39a815a2872443db15909a868c61f23', '-D', '/share/dev/mock', '-a', '--setenv=TERM=vt100', '--setenv=LANG=en_US.UTF-8', '--setenv=HOSTNAME=mock', '--setenv=HOME=/builddir', '--setenv=PROMPT_COMMAND=printf "\\033]0;<mock-chroot>\\007"', '--setenv=SHELL=/bin/bash', '--setenv=PATH=/usr/bin:/bin:/usr/sbin:/sbin', '--setenv=PS1=<mock-chroot> \\s-\\v\\$ ', '/usr/sbin/useradd', '-o', '-m', '-u', '1000', '-g', '135', '-d', '/builddir', 'mockbuild'] with env {'TERM': 'vt100', 'LANG': 'en_US.UTF-8', 'HOSTNAME': 'mock', 'HOME': '/builddir', 'PROMPT_COMMAND': 'printf "\\033]0;<mock-chroot>\\007"', 'SHELL': '/bin/bash', 'PATH': '/usr/bin:/bin:/usr/sbin:/sbin', 'PS1': '<mock-chroot> \\s-\\v\\$ '} and shell False
DEBUG util.py:317:  Unsharing. Flags: 134217728
DEBUG util.py:617:  Child return code was: 0
DEBUG util.py:110:  ensuring that dir exists: /share/dev/mock/builddir/build/RPMS
DEBUG util.py:113:  creating dir: /share/dev/mock/builddir/build/RPMS
DEBUG util.py:110:  ensuring that dir exists: /share/dev/mock/builddir/build/SPECS
DEBUG util.py:113:  creating dir: /share/dev/mock/builddir/build/SPECS
DEBUG util.py:110:  ensuring that dir exists: /share/dev/mock/builddir/build/SRPMS
DEBUG util.py:113:  creating dir: /share/dev/mock/builddir/build/SRPMS
DEBUG util.py:110:  ensuring that dir exists: /share/dev/mock/builddir/build/SOURCES
DEBUG util.py:113:  creating dir: /share/dev/mock/builddir/build/SOURCES
DEBUG util.py:110:  ensuring that dir exists: /share/dev/mock/builddir/build/BUILD
DEBUG util.py:113:  creating dir: /share/dev/mock/builddir/build/BUILD
DEBUG util.py:110:  ensuring that dir exists: /share/dev/mock/builddir/build/BUILDROOT
DEBUG util.py:113:  creating dir: /share/dev/mock/builddir/build/BUILDROOT
DEBUG util.py:110:  ensuring that dir exists: /share/dev/mock/builddir/build/originals
DEBUG util.py:113:  creating dir: /share/dev/mock/builddir/build/originals
DEBUG util.py:110:  ensuring that dir exists: /share/dev/mock/proc
DEBUG util.py:636:  child environment: None
DEBUG util.py:562:  Executing command: ['/bin/mount', '-n', '-t', 'proc', 'proc', '/share/dev/mock/proc'] with env {'TERM': 'vt100', 'HOSTNAME': 'mock', 'SHELL': '/bin/sh', 'HOME': '/builddir', 'PATH': '/usr/bin:/bin:/usr/sbin:/sbin', 'LANG': 'en_US.UTF-8'} and shell False
DEBUG util.py:617:  Child return code was: 0
DEBUG util.py:110:  ensuring that dir exists: /share/dev/mock/sys
DEBUG util.py:636:  child environment: None
DEBUG util.py:562:  Executing command: ['/bin/mount', '-n', '-t', 'sysfs', 'sysfs', '/share/dev/mock/sys'] with env {'TERM': 'vt100', 'HOSTNAME': 'mock', 'SHELL': '/bin/sh', 'HOME': '/builddir', 'PATH': '/usr/bin:/bin:/usr/sbin:/sbin', 'LANG': 'en_US.UTF-8'} and shell False
DEBUG util.py:617:  Child return code was: 0
DEBUG util.py:110:  ensuring that dir exists: /share/dev/mock/dev/shm
DEBUG util.py:636:  child environment: None
DEBUG util.py:562:  Executing command: ['/bin/mount', '-n', '-t', 'tmpfs', 'tmpfs', '/share/dev/mock/dev/shm'] with env {'TERM': 'vt100', 'HOSTNAME': 'mock', 'SHELL': '/bin/sh', 'HOME': '/builddir', 'PATH': '/usr/bin:/bin:/usr/sbin:/sbin', 'LANG': 'en_US.UTF-8'} and shell False
DEBUG util.py:617:  Child return code was: 0
DEBUG util.py:110:  ensuring that dir exists: /share/dev/mock/dev/pts
DEBUG util.py:636:  child environment: None
DEBUG util.py:562:  Executing command: ['/bin/mount', '-n', '-t', 'devpts', '-o', 'gid=5,mode=0620,ptmxmode=0666,newinstance', 'devpts', '/share/dev/mock/dev/pts'] with env {'TERM': 'vt100', 'HOSTNAME': 'mock', 'SHELL': '/bin/sh', 'HOME': '/builddir', 'PATH': '/usr/bin:/bin:/usr/sbin:/sbin', 'LANG': 'en_US.UTF-8'} and shell False
DEBUG util.py:617:  Child return code was: 0
DEBUG package_manager.py:111:  ['/usr/bin/dnf', '--installroot', '/share/dev/mock/', '-y', '--releasever', '7', '--disableplugin=local', '--setopt=deltarpm=False', 'update']
DEBUG util.py:636:  child environment: None
DEBUG util.py:562:  Executing command: ['/usr/bin/dnf', '--installroot', '/share/dev/mock/', '-y', '--releasever', '7', '--disableplugin=local', '--setopt=deltarpm=False', 'update'] with env {'LC_MESSAGES': 'C', 'TERM': 'vt100', 'LANG': 'en_US.UTF-8', 'HOSTNAME': 'mock', 'HOME': '/builddir', 'PROMPT_COMMAND': 'printf "\\033]0;<mock-chroot>\\007"', 'SHELL': '/bin/bash', 'PATH': '/usr/bin:/bin:/usr/sbin:/sbin', 'PS1': '<mock-chroot> \\s-\\v\\$ '} and shell False
DEBUG util.py:479:  Mageia Cauldron - x86_64                                                                                                    4.2 MB/s |  36 MB     00:08    
DEBUG util.py:479:  Last metadata expiration check: 0:00:08 ago on Sun 21 Jan 2018 12:29:38 AM CET.
DEBUG util.py:479:  *** Please tell me who you are.
DEBUG util.py:479:  Run
DEBUG util.py:479:    git config --global user.email "you@example.com"
DEBUG util.py:479:    git config --global user.name "Your Name"
DEBUG util.py:479:  to set your account's default identity.
DEBUG util.py:479:  Omit --global to set the identity only in this repository.
DEBUG util.py:479:  fatal: unable to auto-detect email address (got 'root@dellirium.(none)')
DEBUG util.py:479:  warning: etckeeper failed to commit changes in /etc using git
DEBUG util.py:479:  Dependencies resolved.
DEBUG util.py:479:  Nothing to do.
DEBUG util.py:479:  Complete!
DEBUG util.py:617:  Child return code was: 0
DEBUG util.py:636:  child environment: None
DEBUG util.py:562:  Executing command: ['/bin/umount', '-n', '-l', '/share/dev/mock/dev/pts'] with env {'TERM': 'vt100', 'HOSTNAME': 'mock', 'SHELL': '/bin/sh', 'HOME': '/builddir', 'PATH': '/usr/bin:/bin:/usr/sbin:/sbin', 'LANG': 'en_US.UTF-8'} and shell False
DEBUG util.py:617:  Child return code was: 0
DEBUG util.py:636:  child environment: None
DEBUG util.py:562:  Executing command: ['/bin/umount', '-n', '-l', '/share/dev/mock/dev/shm'] with env {'TERM': 'vt100', 'HOSTNAME': 'mock', 'SHELL': '/bin/sh', 'HOME': '/builddir', 'PATH': '/usr/bin:/bin:/usr/sbin:/sbin', 'LANG': 'en_US.UTF-8'} and shell False
DEBUG util.py:617:  Child return code was: 0
DEBUG util.py:636:  child environment: None
DEBUG util.py:562:  Executing command: ['/bin/umount', '-n', '-l', '/share/dev/mock/sys'] with env {'TERM': 'vt100', 'HOSTNAME': 'mock', 'SHELL': '/bin/sh', 'HOME': '/builddir', 'PATH': '/usr/bin:/bin:/usr/sbin:/sbin', 'LANG': 'en_US.UTF-8'} and shell False
DEBUG util.py:617:  Child return code was: 0
DEBUG util.py:636:  child environment: None
DEBUG util.py:562:  Executing command: ['/bin/umount', '-n', '-l', '/share/dev/mock/proc'] with env {'TERM': 'vt100', 'HOSTNAME': 'mock', 'SHELL': '/bin/sh', 'HOME': '/builddir', 'PATH': '/usr/bin:/bin:/usr/sbin:/sbin', 'LANG': 'en_US.UTF-8'} and shell False
DEBUG util.py:617:  Child return code was: 0
DEBUG util.py:123:  touching file: /share/dev/mock/.initialized
DEBUG buildroot.py:367:  removing 3 rpm db files
DEBUG buildroot.py:372:  nuke_rpm_db: removing /share/dev/mock/var/lib/rpm/__db.001
DEBUG buildroot.py:372:  nuke_rpm_db: removing /share/dev/mock/var/lib/rpm/__db.002
DEBUG buildroot.py:372:  nuke_rpm_db: removing /share/dev/mock/var/lib/rpm/__db.003
DEBUG util.py:636:  child environment: None
DEBUG util.py:562:  Executing command: ['/usr/bin/systemd-nspawn', '-q', '-M', '89a5e3edd161476fa208dc18b0402929', '-D', '/share/dev/mock', '-a', '--setenv=TERM=vt100', '--setenv=LANG=en_US.UTF-8', '--setenv=HOSTNAME=mock', '--setenv=HOME=/builddir', '--setenv=PROMPT_COMMAND=printf "\\033]0;<mock-chroot>\\007"', '--setenv=SHELL=/bin/bash', '--setenv=PATH=/usr/bin:/bin:/usr/sbin:/sbin', '--setenv=PS1=<mock-chroot> \\s-\\v\\$ ', '-u', 'mockbuild', '/bin/rpm', '-Uvh', '--nodeps', '/builddir/build/originals/freecell-solver-4.16.0-1.src.rpm'] with env {'TERM': 'vt100', 'LANG': 'en_US.UTF-8', 'HOSTNAME': 'mock', 'HOME': '/builddir', 'PROMPT_COMMAND': 'printf "\\033]0;<mock-chroot>\\007"', 'SHELL': '/bin/bash', 'PATH': '/usr/bin:/bin:/usr/sbin:/sbin', 'PS1': '<mock-chroot> \\s-\\v\\$ '} and shell False
DEBUG util.py:317:  Unsharing. Flags: 1073741824
DEBUG util.py:317:  Unsharing. Flags: 134217728
DEBUG util.py:479:  Updating / installing...
DEBUG util.py:479:  freecell-solver-4.16.0-1              warning: user stig does not exist - using root
DEBUG util.py:479:  warning: group stig does not exist - using root
DEBUG util.py:479:  ########################################
DEBUG util.py:479:  warning: user stig does not exist - using root
DEBUG util.py:479:  warning: group stig does not exist - using root
DEBUG util.py:617:  Child return code was: 0
DEBUG util.py:636:  child environment: None
DEBUG util.py:562:  Executing command: ['/usr/bin/systemd-nspawn', '-q', '-M', '917b7924bfe844eeb45c7404d4571962', '-D', '/share/dev/mock', '-a', '--setenv=TERM=vt100', '--setenv=LANG=en_US.UTF-8', '--setenv=HOSTNAME=mock', '--setenv=HOME=/builddir', '--setenv=PROMPT_COMMAND=printf "\\033]0;<mock-chroot>\\007"', '--setenv=SHELL=/bin/bash', '--setenv=PATH=/usr/bin:/bin:/usr/sbin:/sbin', '--setenv=PS1=<mock-chroot> \\s-\\v\\$ ', '-u', 'mockbuild', '/bin/rpm', '-qpl', '/builddir/build/originals/freecell-solver-4.16.0-1.src.rpm'] with env {'TERM': 'vt100', 'LANG': 'en_US.UTF-8', 'HOSTNAME': 'mock', 'HOME': '/builddir', 'PROMPT_COMMAND': 'printf "\\033]0;<mock-chroot>\\007"', 'SHELL': '/bin/bash', 'PATH': '/usr/bin:/bin:/usr/sbin:/sbin', 'PS1': '<mock-chroot> \\s-\\v\\$ '} and shell False
DEBUG util.py:317:  Unsharing. Flags: 1073741824
DEBUG util.py:317:  Unsharing. Flags: 134217728
DEBUG util.py:479:  freecell-solver-4.16.0.tar.xz
DEBUG util.py:479:  freecell-solver.spec
DEBUG util.py:617:  Child return code was: 0
DEBUG util.py:636:  child environment: None
DEBUG util.py:317:  Unsharing. Flags: 1073741824
DEBUG util.py:317:  Unsharing. Flags: 134217728
DEBUG util.py:110:  ensuring that dir exists: /share/dev/mock/proc
DEBUG util.py:636:  child environment: None
DEBUG util.py:562:  Executing command: ['/bin/mount', '-n', '-t', 'proc', 'proc', '/share/dev/mock/proc'] with env {'TERM': 'vt100', 'HOSTNAME': 'mock', 'SHELL': '/bin/sh', 'HOME': '/builddir', 'PATH': '/usr/bin:/bin:/usr/sbin:/sbin', 'LANG': 'en_US.UTF-8'} and shell False
DEBUG util.py:617:  Child return code was: 0
DEBUG util.py:110:  ensuring that dir exists: /share/dev/mock/sys
DEBUG util.py:636:  child environment: None
DEBUG util.py:562:  Executing command: ['/bin/mount', '-n', '-t', 'sysfs', 'sysfs', '/share/dev/mock/sys'] with env {'TERM': 'vt100', 'HOSTNAME': 'mock', 'SHELL': '/bin/sh', 'HOME': '/builddir', 'PATH': '/usr/bin:/bin:/usr/sbin:/sbin', 'LANG': 'en_US.UTF-8'} and shell False
DEBUG util.py:617:  Child return code was: 0
DEBUG util.py:110:  ensuring that dir exists: /share/dev/mock/dev/shm
DEBUG util.py:636:  child environment: None
DEBUG util.py:562:  Executing command: ['/bin/mount', '-n', '-t', 'tmpfs', 'tmpfs', '/share/dev/mock/dev/shm'] with env {'TERM': 'vt100', 'HOSTNAME': 'mock', 'SHELL': '/bin/sh', 'HOME': '/builddir', 'PATH': '/usr/bin:/bin:/usr/sbin:/sbin', 'LANG': 'en_US.UTF-8'} and shell False
DEBUG util.py:617:  Child return code was: 0
DEBUG util.py:110:  ensuring that dir exists: /share/dev/mock/dev/pts
DEBUG util.py:636:  child environment: None
DEBUG util.py:562:  Executing command: ['/bin/mount', '-n', '-t', 'devpts', '-o', 'gid=5,mode=0620,ptmxmode=0666,newinstance', 'devpts', '/share/dev/mock/dev/pts'] with env {'TERM': 'vt100', 'HOSTNAME': 'mock', 'SHELL': '/bin/sh', 'HOME': '/builddir', 'PATH': '/usr/bin:/bin:/usr/sbin:/sbin', 'LANG': 'en_US.UTF-8'} and shell False
DEBUG util.py:617:  Child return code was: 0
DEBUG package_manager.py:111:  ['/usr/bin/dnf', 'builddep', '--installroot', '/share/dev/mock/', '--releasever', '7', '/share/dev/mock//builddir/build/SRPMS/freecell-solver-4.16.0-1.src.rpm']
DEBUG util.py:636:  child environment: None
DEBUG util.py:562:  Executing command: ['/usr/bin/dnf', 'builddep', '--installroot', '/share/dev/mock/', '--releasever', '7', '/share/dev/mock//builddir/build/SRPMS/freecell-solver-4.16.0-1.src.rpm'] with env {'LC_MESSAGES': 'C', 'TERM': 'vt100', 'LANG': 'en_US.UTF-8', 'HOSTNAME': 'mock', 'HOME': '/builddir', 'PROMPT_COMMAND': 'printf "\\033]0;<mock-chroot>\\007"', 'SHELL': '/bin/bash', 'PATH': '/usr/bin:/bin:/usr/sbin:/sbin', 'PS1': '<mock-chroot> \\s-\\v\\$ '} and shell False
DEBUG util.py:479:  Mageia Cauldron - x86_64                                                                                                    2.4 MB/s |  37 MB     00:15    
DEBUG util.py:479:  Last metadata expiration check: 0:00:15 ago on Sun 21 Jan 2018 12:30:03 AM CET.
DEBUG util.py:479:  Package perl-base-2:5.26.1-2.mga7.x86_64 is already installed, skipping.
DEBUG util.py:479:  Package perl-base-2:5.26.1-2.mga7.x86_64 is already installed, skipping.
DEBUG util.py:479:  Package perl-base-2:5.26.1-2.mga7.x86_64 is already installed, skipping.
DEBUG util.py:479:  Package perl-2:5.26.1-2.mga7.x86_64 is already installed, skipping.
DEBUG util.py:479:  Package perl-base-2:5.26.1-2.mga7.x86_64 is already installed, skipping.
DEBUG util.py:479:  Package perl-base-2:5.26.1-2.mga7.x86_64 is already installed, skipping.
DEBUG util.py:479:  Package perl-base-2:5.26.1-2.mga7.x86_64 is already installed, skipping.
DEBUG util.py:479:  Package perl-List-MoreUtils-0.428.0-1.mga7.noarch is already installed, skipping.
DEBUG util.py:479:  Package perl-base-2:5.26.1-2.mga7.x86_64 is already installed, skipping.
DEBUG util.py:479:  Package perl-2:5.26.1-2.mga7.x86_64 is already installed, skipping.
DEBUG util.py:479:  Package perl-base-2:5.26.1-2.mga7.x86_64 is already installed, skipping.
DEBUG util.py:479:  Package perl-base-2:5.26.1-2.mga7.x86_64 is already installed, skipping.
DEBUG util.py:479:  Package perl-base-2:5.26.1-2.mga7.x86_64 is already installed, skipping.
DEBUG util.py:479:  Package perl-base-2:5.26.1-2.mga7.x86_64 is already installed, skipping.
DEBUG util.py:479:  Package perl-base-2:5.26.1-2.mga7.x86_64 is already installed, skipping.
DEBUG util.py:479:  Error: 
DEBUG util.py:479:   Problem: package perl-2:5.26.1-1.mga7.x86_64 requires perl-base = 2:5.26.1-1.mga7, but none of the providers can be installed
DEBUG util.py:479:    - cannot install both perl-base-2:5.26.1-1.mga7.x86_64 and perl-base-2:5.26.1-2.mga7.x86_64
DEBUG util.py:479:    - package perl-devel-2:5.26.1-1.mga7.x86_64 requires perl = 2:5.26.1-1.mga7, but none of the providers can be installed
DEBUG util.py:479:    - cannot install the best candidate for the job
DEBUG util.py:479:    - conflicting requests
DEBUG util.py:479:  (try to add '--allowerasing' to command line to replace conflicting packages or '--skip-broken' to skip uninstallable packages)
DEBUG util.py:617:  Child return code was: 1
DEBUG util.py:636:  child environment: None
DEBUG util.py:562:  Executing command: ['/bin/umount', '-n', '-l', '/share/dev/mock/dev/pts'] with env {'TERM': 'vt100', 'HOSTNAME': 'mock', 'SHELL': '/bin/sh', 'HOME': '/builddir', 'PATH': '/usr/bin:/bin:/usr/sbin:/sbin', 'LANG': 'en_US.UTF-8'} and shell False
DEBUG util.py:617:  Child return code was: 0
DEBUG util.py:636:  child environment: None
DEBUG util.py:562:  Executing command: ['/bin/umount', '-n', '-l', '/share/dev/mock/dev/shm'] with env {'TERM': 'vt100', 'HOSTNAME': 'mock', 'SHELL': '/bin/sh', 'HOME': '/builddir', 'PATH': '/usr/bin:/bin:/usr/sbin:/sbin', 'LANG': 'en_US.UTF-8'} and shell False
DEBUG util.py:617:  Child return code was: 0
DEBUG util.py:636:  child environment: None
DEBUG util.py:562:  Executing command: ['/bin/umount', '-n', '-l', '/share/dev/mock/sys'] with env {'TERM': 'vt100', 'HOSTNAME': 'mock', 'SHELL': '/bin/sh', 'HOME': '/builddir', 'PATH': '/usr/bin:/bin:/usr/sbin:/sbin', 'LANG': 'en_US.UTF-8'} and shell False
DEBUG util.py:617:  Child return code was: 0
DEBUG util.py:636:  child environment: None
DEBUG util.py:562:  Executing command: ['/bin/umount', '-n', '-l', '/share/dev/mock/proc'] with env {'TERM': 'vt100', 'HOSTNAME': 'mock', 'SHELL': '/bin/sh', 'HOME': '/builddir', 'PATH': '/usr/bin:/bin:/usr/sbin:/sbin', 'LANG': 'en_US.UTF-8'} and shell False
DEBUG util.py:617:  Child return code was: 0
DEBUG util.py:222:  kill orphans
DEBUG util.py:636:  child environment: None
DEBUG util.py:562:  Executing command: ['/bin/umount', '-n', '/share/dev/mock/var/cache/dnf/'] with env {'TERM': 'vt100', 'HOSTNAME': 'mock', 'SHELL': '/bin/sh', 'HOME': '/builddir', 'PATH': '/usr/bin:/bin:/usr/sbin:/sbin', 'LANG': 'en_US.UTF-8'} and shell False
DEBUG util.py:617:  Child return code was: 0
DEBUG util.py:636:  child environment: None
DEBUG util.py:562:  Executing command: ['btrfs', 'subv', 'list', '/var/lib/mock'] with env {'TERM': 'vt100', 'HOSTNAME': 'mock', 'SHELL': '/bin/sh', 'HOME': '/builddir', 'PATH': '/usr/bin:/bin:/usr/sbin:/sbin', 'LANG': 'en_US.UTF-8'} and shell False
DEBUG util.py:479:  ERROR: not a btrfs filesystem: /var/lib/mock
DEBUG util.py:479:  ERROR: can't access '/var/lib/mock'
DEBUG util.py:617:  Child return code was: 1
DEBUG util.py:1339:  Please ignore the error above above about btrfs.
INFO buildroot.py:348:  Mock Version: 1.4.8
DEBUG util.py:110:  ensuring that dir exists: /share/dev/mock/dev/pts
DEBUG util.py:113:  creating dir: /share/dev/mock/dev/pts
DEBUG util.py:110:  ensuring that dir exists: /share/dev/mock/dev/shm
DEBUG util.py:113:  creating dir: /share/dev/mock/dev/shm
DEBUG buildroot.py:479:  kernel version == 4.9.77-ck1
DEBUG util.py:123:  touching file: /share/dev/mock/etc/fstab
DEBUG util.py:123:  touching file: /share/dev/mock/etc/yum/yum.conf
DEBUG util.py:123:  touching file: /share/dev/mock/etc/dnf/dnf.conf
DEBUG util.py:123:  touching file: /share/dev/mock/var/log/yum.log
DEBUG util.py:110:  ensuring that dir exists: /share/dev/mock/var/cache/dnf/
DEBUG util.py:636:  child environment: None
DEBUG util.py:562:  Executing command: ['/bin/mount', '-n', '--bind', '/var/cache/mock/mageia-cauldron-x86_64/dnf_cache/', '/share/dev/mock/var/cache/dnf/'] with env {'PATH': '/usr/bin:/bin:/usr/sbin:/sbin', 'SHELL': '/bin/sh', 'HOME': '/builddir', 'TERM': 'vt100', 'HOSTNAME': 'mock', 'LANG': 'en_US.UTF-8'} and shell False
DEBUG util.py:617:  Child return code was: 0
DEBUG buildroot.py:142:  rootdir = /share/dev/mock
DEBUG buildroot.py:143:  resultdir = mock
DEBUG util.py:110:  ensuring that dir exists: /share/dev/mock/etc/pki/mock
DEBUG util.py:110:  ensuring that dir exists: /share/dev/mock/etc/dnf
DEBUG util.py:636:  child environment: None
DEBUG util.py:562:  Executing command: ['/usr/bin/systemd-nspawn', '-q', '-M', '9e74a8a9bcb645b99fb6195983dbf874', '-D', '/share/dev/mock', '-a', '--setenv=HOME=/builddir', '--setenv=HOSTNAME=mock', '--setenv=PS1=<mock-chroot> \\s-\\v\\$ ', '--setenv=PATH=/usr/bin:/bin:/usr/sbin:/sbin', '--setenv=SHELL=/bin/bash', '--setenv=TERM=vt100', '--setenv=PROMPT_COMMAND=printf "\\033]0;<mock-chroot>\\007"', '--setenv=LANG=en_US.UTF-8', '/usr/sbin/userdel', '-r', '-f', 'mockbuild'] with env {'HOME': '/builddir', 'HOSTNAME': 'mock', 'PS1': '<mock-chroot> \\s-\\v\\$ ', 'PATH': '/usr/bin:/bin:/usr/sbin:/sbin', 'SHELL': '/bin/bash', 'TERM': 'vt100', 'PROMPT_COMMAND': 'printf "\\033]0;<mock-chroot>\\007"', 'LANG': 'en_US.UTF-8'} and shell False
DEBUG util.py:317:  Unsharing. Flags: 134217728
DEBUG util.py:479:  userdel: mockbuild mail spool (/var/spool/mail/mockbuild) not found
DEBUG util.py:617:  Child return code was: 0
DEBUG util.py:636:  child environment: None
DEBUG util.py:562:  Executing command: ['/usr/bin/systemd-nspawn', '-q', '-M', '35ab1a20591048359a75158970b11922', '-D', '/share/dev/mock', '-a', '--setenv=HOME=/builddir', '--setenv=HOSTNAME=mock', '--setenv=PS1=<mock-chroot> \\s-\\v\\$ ', '--setenv=PATH=/usr/bin:/bin:/usr/sbin:/sbin', '--setenv=SHELL=/bin/bash', '--setenv=TERM=vt100', '--setenv=PROMPT_COMMAND=printf "\\033]0;<mock-chroot>\\007"', '--setenv=LANG=en_US.UTF-8', '/usr/sbin/groupdel', 'mock'] with env {'HOME': '/builddir', 'HOSTNAME': 'mock', 'PS1': '<mock-chroot> \\s-\\v\\$ ', 'PATH': '/usr/bin:/bin:/usr/sbin:/sbin', 'SHELL': '/bin/bash', 'TERM': 'vt100', 'PROMPT_COMMAND': 'printf "\\033]0;<mock-chroot>\\007"', 'LANG': 'en_US.UTF-8'} and shell False
DEBUG util.py:317:  Unsharing. Flags: 134217728
DEBUG util.py:617:  Child return code was: 0
DEBUG util.py:636:  child environment: None
DEBUG util.py:562:  Executing command: ['/usr/bin/systemd-nspawn', '-q', '-M', 'a68539da6d9148efa200add7c909ef8f', '-D', '/share/dev/mock', '-a', '--setenv=HOME=/builddir', '--setenv=HOSTNAME=mock', '--setenv=PS1=<mock-chroot> \\s-\\v\\$ ', '--setenv=PATH=/usr/bin:/bin:/usr/sbin:/sbin', '--setenv=SHELL=/bin/bash', '--setenv=TERM=vt100', '--setenv=PROMPT_COMMAND=printf "\\033]0;<mock-chroot>\\007"', '--setenv=LANG=en_US.UTF-8', '/usr/sbin/groupadd', '-g', '135', 'mock'] with env {'HOME': '/builddir', 'HOSTNAME': 'mock', 'PS1': '<mock-chroot> \\s-\\v\\$ ', 'PATH': '/usr/bin:/bin:/usr/sbin:/sbin', 'SHELL': '/bin/bash', 'TERM': 'vt100', 'PROMPT_COMMAND': 'printf "\\033]0;<mock-chroot>\\007"', 'LANG': 'en_US.UTF-8'} and shell False
DEBUG util.py:317:  Unsharing. Flags: 134217728
DEBUG util.py:617:  Child return code was: 0
DEBUG util.py:636:  child environment: None
DEBUG util.py:562:  Executing command: ['/usr/bin/systemd-nspawn', '-q', '-M', 'd3343fd0419341908f5731682aec1793', '-D', '/share/dev/mock', '-a', '--setenv=HOME=/builddir', '--setenv=HOSTNAME=mock', '--setenv=PS1=<mock-chroot> \\s-\\v\\$ ', '--setenv=PATH=/usr/bin:/bin:/usr/sbin:/sbin', '--setenv=SHELL=/bin/bash', '--setenv=TERM=vt100', '--setenv=PROMPT_COMMAND=printf "\\033]0;<mock-chroot>\\007"', '--setenv=LANG=en_US.UTF-8', '/usr/sbin/useradd', '-o', '-m', '-u', '1000', '-g', '135', '-d', '/builddir', 'mockbuild'] with env {'HOME': '/builddir', 'HOSTNAME': 'mock', 'PS1': '<mock-chroot> \\s-\\v\\$ ', 'PATH': '/usr/bin:/bin:/usr/sbin:/sbin', 'SHELL': '/bin/bash', 'TERM': 'vt100', 'PROMPT_COMMAND': 'printf "\\033]0;<mock-chroot>\\007"', 'LANG': 'en_US.UTF-8'} and shell False
DEBUG util.py:317:  Unsharing. Flags: 134217728
DEBUG util.py:617:  Child return code was: 0
DEBUG util.py:110:  ensuring that dir exists: /share/dev/mock/builddir/build/RPMS
DEBUG util.py:113:  creating dir: /share/dev/mock/builddir/build/RPMS
DEBUG util.py:110:  ensuring that dir exists: /share/dev/mock/builddir/build/SPECS
DEBUG util.py:113:  creating dir: /share/dev/mock/builddir/build/SPECS
DEBUG util.py:110:  ensuring that dir exists: /share/dev/mock/builddir/build/SRPMS
DEBUG util.py:113:  creating dir: /share/dev/mock/builddir/build/SRPMS
DEBUG util.py:110:  ensuring that dir exists: /share/dev/mock/builddir/build/SOURCES
DEBUG util.py:113:  creating dir: /share/dev/mock/builddir/build/SOURCES
DEBUG util.py:110:  ensuring that dir exists: /share/dev/mock/builddir/build/BUILD
DEBUG util.py:113:  creating dir: /share/dev/mock/builddir/build/BUILD
DEBUG util.py:110:  ensuring that dir exists: /share/dev/mock/builddir/build/BUILDROOT
DEBUG util.py:113:  creating dir: /share/dev/mock/builddir/build/BUILDROOT
DEBUG util.py:110:  ensuring that dir exists: /share/dev/mock/builddir/build/originals
DEBUG util.py:113:  creating dir: /share/dev/mock/builddir/build/originals
DEBUG util.py:110:  ensuring that dir exists: /share/dev/mock/proc
DEBUG util.py:636:  child environment: None
DEBUG util.py:562:  Executing command: ['/bin/mount', '-n', '-t', 'proc', 'proc', '/share/dev/mock/proc'] with env {'PATH': '/usr/bin:/bin:/usr/sbin:/sbin', 'SHELL': '/bin/sh', 'HOME': '/builddir', 'TERM': 'vt100', 'HOSTNAME': 'mock', 'LANG': 'en_US.UTF-8'} and shell False
DEBUG util.py:617:  Child return code was: 0
DEBUG util.py:110:  ensuring that dir exists: /share/dev/mock/sys
DEBUG util.py:636:  child environment: None
DEBUG util.py:562:  Executing command: ['/bin/mount', '-n', '-t', 'sysfs', 'sysfs', '/share/dev/mock/sys'] with env {'PATH': '/usr/bin:/bin:/usr/sbin:/sbin', 'SHELL': '/bin/sh', 'HOME': '/builddir', 'TERM': 'vt100', 'HOSTNAME': 'mock', 'LANG': 'en_US.UTF-8'} and shell False
DEBUG util.py:617:  Child return code was: 0
DEBUG util.py:110:  ensuring that dir exists: /share/dev/mock/dev/shm
DEBUG util.py:636:  child environment: None
DEBUG util.py:562:  Executing command: ['/bin/mount', '-n', '-t', 'tmpfs', 'tmpfs', '/share/dev/mock/dev/shm'] with env {'PATH': '/usr/bin:/bin:/usr/sbin:/sbin', 'SHELL': '/bin/sh', 'HOME': '/builddir', 'TERM': 'vt100', 'HOSTNAME': 'mock', 'LANG': 'en_US.UTF-8'} and shell False
DEBUG util.py:617:  Child return code was: 0
DEBUG util.py:110:  ensuring that dir exists: /share/dev/mock/dev/pts
DEBUG util.py:636:  child environment: None
DEBUG util.py:562:  Executing command: ['/bin/mount', '-n', '-t', 'devpts', '-o', 'gid=5,mode=0620,ptmxmode=0666,newinstance', 'devpts', '/share/dev/mock/dev/pts'] with env {'PATH': '/usr/bin:/bin:/usr/sbin:/sbin', 'SHELL': '/bin/sh', 'HOME': '/builddir', 'TERM': 'vt100', 'HOSTNAME': 'mock', 'LANG': 'en_US.UTF-8'} and shell False
DEBUG util.py:617:  Child return code was: 0
DEBUG package_manager.py:111:  ['/usr/bin/dnf', '--installroot', '/share/dev/mock/', '-y', '--releasever', '7', '--disableplugin=local', '--setopt=deltarpm=False', 'update']
DEBUG util.py:636:  child environment: None
DEBUG util.py:562:  Executing command: ['/usr/bin/dnf', '--installroot', '/share/dev/mock/', '-y', '--releasever', '7', '--disableplugin=local', '--setopt=deltarpm=False', 'update'] with env {'HOME': '/builddir', 'LC_MESSAGES': 'C', 'HOSTNAME': 'mock', 'PS1': '<mock-chroot> \\s-\\v\\$ ', 'PATH': '/usr/bin:/bin:/usr/sbin:/sbin', 'SHELL': '/bin/bash', 'TERM': 'vt100', 'PROMPT_COMMAND': 'printf "\\033]0;<mock-chroot>\\007"', 'LANG': 'en_US.UTF-8'} and shell False
DEBUG util.py:479:  Mageia Cauldron - x86_64                                                                                                    4.0 MB/s |  36 MB     00:09    
DEBUG util.py:479:  Last metadata expiration check: 0:00:14 ago on Sun 21 Jan 2018 12:35:58 AM CET.
DEBUG util.py:479:  *** Please tell me who you are.
DEBUG util.py:479:  Run
DEBUG util.py:479:    git config --global user.email "you@example.com"
DEBUG util.py:479:    git config --global user.name "Your Name"
DEBUG util.py:479:  to set your account's default identity.
DEBUG util.py:479:  Omit --global to set the identity only in this repository.
DEBUG util.py:479:  fatal: unable to auto-detect email address (got 'root@dellirium.(none)')
DEBUG util.py:479:  warning: etckeeper failed to commit changes in /etc using git
DEBUG util.py:479:  Dependencies resolved.
DEBUG util.py:479:  Nothing to do.
DEBUG util.py:479:  Complete!
DEBUG util.py:617:  Child return code was: 0
DEBUG util.py:636:  child environment: None
DEBUG util.py:562:  Executing command: ['/bin/umount', '-n', '-l', '/share/dev/mock/dev/pts'] with env {'PATH': '/usr/bin:/bin:/usr/sbin:/sbin', 'SHELL': '/bin/sh', 'HOME': '/builddir', 'TERM': 'vt100', 'HOSTNAME': 'mock', 'LANG': 'en_US.UTF-8'} and shell False
DEBUG util.py:617:  Child return code was: 0
DEBUG util.py:636:  child environment: None
DEBUG util.py:562:  Executing command: ['/bin/umount', '-n', '-l', '/share/dev/mock/dev/shm'] with env {'PATH': '/usr/bin:/bin:/usr/sbin:/sbin', 'SHELL': '/bin/sh', 'HOME': '/builddir', 'TERM': 'vt100', 'HOSTNAME': 'mock', 'LANG': 'en_US.UTF-8'} and shell False
DEBUG util.py:617:  Child return code was: 0
DEBUG util.py:636:  child environment: None
DEBUG util.py:562:  Executing command: ['/bin/umount', '-n', '-l', '/share/dev/mock/sys'] with env {'PATH': '/usr/bin:/bin:/usr/sbin:/sbin', 'SHELL': '/bin/sh', 'HOME': '/builddir', 'TERM': 'vt100', 'HOSTNAME': 'mock', 'LANG': 'en_US.UTF-8'} and shell False
DEBUG util.py:617:  Child return code was: 0
DEBUG util.py:636:  child environment: None
DEBUG util.py:562:  Executing command: ['/bin/umount', '-n', '-l', '/share/dev/mock/proc'] with env {'PATH': '/usr/bin:/bin:/usr/sbin:/sbin', 'SHELL': '/bin/sh', 'HOME': '/builddir', 'TERM': 'vt100', 'HOSTNAME': 'mock', 'LANG': 'en_US.UTF-8'} and shell False
DEBUG util.py:617:  Child return code was: 0
DEBUG util.py:123:  touching file: /share/dev/mock/.initialized
DEBUG buildroot.py:367:  removing 3 rpm db files
DEBUG buildroot.py:372:  nuke_rpm_db: removing /share/dev/mock/var/lib/rpm/__db.001
DEBUG buildroot.py:372:  nuke_rpm_db: removing /share/dev/mock/var/lib/rpm/__db.002
DEBUG buildroot.py:372:  nuke_rpm_db: removing /share/dev/mock/var/lib/rpm/__db.003
DEBUG util.py:636:  child environment: None
DEBUG util.py:562:  Executing command: ['/usr/bin/systemd-nspawn', '-q', '-M', '52ec400ebed7497d8571168123c5872a', '-D', '/share/dev/mock', '-a', '--setenv=HOME=/builddir', '--setenv=HOSTNAME=mock', '--setenv=PS1=<mock-chroot> \\s-\\v\\$ ', '--setenv=PATH=/usr/bin:/bin:/usr/sbin:/sbin', '--setenv=SHELL=/bin/bash', '--setenv=TERM=vt100', '--setenv=PROMPT_COMMAND=printf "\\033]0;<mock-chroot>\\007"', '--setenv=LANG=en_US.UTF-8', '-u', 'mockbuild', '/bin/rpm', '-Uvh', '--nodeps', '/builddir/build/originals/freecell-solver-4.16.0-1.src.rpm'] with env {'HOME': '/builddir', 'HOSTNAME': 'mock', 'PS1': '<mock-chroot> \\s-\\v\\$ ', 'PATH': '/usr/bin:/bin:/usr/sbin:/sbin', 'SHELL': '/bin/bash', 'TERM': 'vt100', 'PROMPT_COMMAND': 'printf "\\033]0;<mock-chroot>\\007"', 'LANG': 'en_US.UTF-8'} and shell False
DEBUG util.py:317:  Unsharing. Flags: 1073741824
DEBUG util.py:317:  Unsharing. Flags: 134217728
DEBUG util.py:479:  Updating / installing...
DEBUG util.py:479:  freecell-solver-4.16.0-1              warning: user stig does not exist - using root
DEBUG util.py:479:  warning: group stig does not exist - using root
DEBUG util.py:479:  ########################################
DEBUG util.py:479:  warning: user stig does not exist - using root
DEBUG util.py:479:  warning: group stig does not exist - using root
DEBUG util.py:617:  Child return code was: 0
DEBUG util.py:636:  child environment: None
DEBUG util.py:562:  Executing command: ['/usr/bin/systemd-nspawn', '-q', '-M', '2607adadf1224091a7cdc2d4560f3d59', '-D', '/share/dev/mock', '-a', '--setenv=HOME=/builddir', '--setenv=HOSTNAME=mock', '--setenv=PS1=<mock-chroot> \\s-\\v\\$ ', '--setenv=PATH=/usr/bin:/bin:/usr/sbin:/sbin', '--setenv=SHELL=/bin/bash', '--setenv=TERM=vt100', '--setenv=PROMPT_COMMAND=printf "\\033]0;<mock-chroot>\\007"', '--setenv=LANG=en_US.UTF-8', '-u', 'mockbuild', '/bin/rpm', '-qpl', '/builddir/build/originals/freecell-solver-4.16.0-1.src.rpm'] with env {'HOME': '/builddir', 'HOSTNAME': 'mock', 'PS1': '<mock-chroot> \\s-\\v\\$ ', 'PATH': '/usr/bin:/bin:/usr/sbin:/sbin', 'SHELL': '/bin/bash', 'TERM': 'vt100', 'PROMPT_COMMAND': 'printf "\\033]0;<mock-chroot>\\007"', 'LANG': 'en_US.UTF-8'} and shell False
DEBUG util.py:317:  Unsharing. Flags: 1073741824
DEBUG util.py:317:  Unsharing. Flags: 134217728
DEBUG util.py:479:  freecell-solver-4.16.0.tar.xz
DEBUG util.py:479:  freecell-solver.spec
DEBUG util.py:617:  Child return code was: 0
DEBUG util.py:636:  child environment: None
DEBUG util.py:317:  Unsharing. Flags: 1073741824
DEBUG util.py:317:  Unsharing. Flags: 134217728
DEBUG util.py:110:  ensuring that dir exists: /share/dev/mock/proc
DEBUG util.py:636:  child environment: None
DEBUG util.py:562:  Executing command: ['/bin/mount', '-n', '-t', 'proc', 'proc', '/share/dev/mock/proc'] with env {'PATH': '/usr/bin:/bin:/usr/sbin:/sbin', 'SHELL': '/bin/sh', 'HOME': '/builddir', 'TERM': 'vt100', 'HOSTNAME': 'mock', 'LANG': 'en_US.UTF-8'} and shell False
DEBUG util.py:617:  Child return code was: 0
DEBUG util.py:110:  ensuring that dir exists: /share/dev/mock/sys
DEBUG util.py:636:  child environment: None
DEBUG util.py:562:  Executing command: ['/bin/mount', '-n', '-t', 'sysfs', 'sysfs', '/share/dev/mock/sys'] with env {'PATH': '/usr/bin:/bin:/usr/sbin:/sbin', 'SHELL': '/bin/sh', 'HOME': '/builddir', 'TERM': 'vt100', 'HOSTNAME': 'mock', 'LANG': 'en_US.UTF-8'} and shell False
DEBUG util.py:617:  Child return code was: 0
DEBUG util.py:110:  ensuring that dir exists: /share/dev/mock/dev/shm
DEBUG util.py:636:  child environment: None
DEBUG util.py:562:  Executing command: ['/bin/mount', '-n', '-t', 'tmpfs', 'tmpfs', '/share/dev/mock/dev/shm'] with env {'PATH': '/usr/bin:/bin:/usr/sbin:/sbin', 'SHELL': '/bin/sh', 'HOME': '/builddir', 'TERM': 'vt100', 'HOSTNAME': 'mock', 'LANG': 'en_US.UTF-8'} and shell False
DEBUG util.py:617:  Child return code was: 0
DEBUG util.py:110:  ensuring that dir exists: /share/dev/mock/dev/pts
DEBUG util.py:636:  child environment: None
DEBUG util.py:562:  Executing command: ['/bin/mount', '-n', '-t', 'devpts', '-o', 'gid=5,mode=0620,ptmxmode=0666,newinstance', 'devpts', '/share/dev/mock/dev/pts'] with env {'PATH': '/usr/bin:/bin:/usr/sbin:/sbin', 'SHELL': '/bin/sh', 'HOME': '/builddir', 'TERM': 'vt100', 'HOSTNAME': 'mock', 'LANG': 'en_US.UTF-8'} and shell False
DEBUG util.py:617:  Child return code was: 0
DEBUG package_manager.py:111:  ['/usr/bin/dnf', 'builddep', '--installroot', '/share/dev/mock/', '--releasever', '7', '/share/dev/mock//builddir/build/SRPMS/freecell-solver-4.16.0-1.src.rpm']
DEBUG util.py:636:  child environment: None
DEBUG util.py:562:  Executing command: ['/usr/bin/dnf', 'builddep', '--installroot', '/share/dev/mock/', '--releasever', '7', '/share/dev/mock//builddir/build/SRPMS/freecell-solver-4.16.0-1.src.rpm'] with env {'HOME': '/builddir', 'LC_MESSAGES': 'C', 'HOSTNAME': 'mock', 'PS1': '<mock-chroot> \\s-\\v\\$ ', 'PATH': '/usr/bin:/bin:/usr/sbin:/sbin', 'SHELL': '/bin/bash', 'TERM': 'vt100', 'PROMPT_COMMAND': 'printf "\\033]0;<mock-chroot>\\007"', 'LANG': 'en_US.UTF-8'} and shell False
DEBUG util.py:479:  Mageia Cauldron - x86_64                                                                                                    2.9 MB/s |  37 MB     00:12    
DEBUG util.py:479:  Last metadata expiration check: 0:00:14 ago on Sun 21 Jan 2018 12:36:26 AM CET.
DEBUG util.py:479:  Package perl-base-2:5.26.1-2.mga7.x86_64 is already installed, skipping.
DEBUG util.py:479:  Package perl-base-2:5.26.1-2.mga7.x86_64 is already installed, skipping.
DEBUG util.py:479:  Package perl-base-2:5.26.1-2.mga7.x86_64 is already installed, skipping.
DEBUG util.py:479:  Package perl-2:5.26.1-2.mga7.x86_64 is already installed, skipping.
DEBUG util.py:479:  Package perl-base-2:5.26.1-2.mga7.x86_64 is already installed, skipping.
DEBUG util.py:479:  Package perl-base-2:5.26.1-2.mga7.x86_64 is already installed, skipping.
DEBUG util.py:479:  Package perl-base-2:5.26.1-2.mga7.x86_64 is already installed, skipping.
DEBUG util.py:479:  Package perl-List-MoreUtils-0.428.0-1.mga7.noarch is already installed, skipping.
DEBUG util.py:479:  Package perl-base-2:5.26.1-2.mga7.x86_64 is already installed, skipping.
DEBUG util.py:479:  Package perl-2:5.26.1-2.mga7.x86_64 is already installed, skipping.
DEBUG util.py:479:  Package perl-base-2:5.26.1-2.mga7.x86_64 is already installed, skipping.
DEBUG util.py:479:  Package perl-base-2:5.26.1-2.mga7.x86_64 is already installed, skipping.
DEBUG util.py:479:  Package perl-base-2:5.26.1-2.mga7.x86_64 is already installed, skipping.
DEBUG util.py:479:  Package perl-base-2:5.26.1-2.mga7.x86_64 is already installed, skipping.
DEBUG util.py:479:  Error: 
DEBUG util.py:479:   Problem: package perl-2:5.26.1-1.mga7.x86_64 requires perl-base = 2:5.26.1-1.mga7, but none of the providers can be installed
DEBUG util.py:479:    - cannot install both perl-base-2:5.26.1-1.mga7.x86_64 and perl-base-2:5.26.1-2.mga7.x86_64
DEBUG util.py:479:    - package perl-devel-2:5.26.1-1.mga7.x86_64 requires perl = 2:5.26.1-1.mga7, but none of the providers can be installed
DEBUG util.py:479:    - cannot install the best candidate for the job
DEBUG util.py:479:    - conflicting requests
DEBUG util.py:479:  (try to add '--allowerasing' to command line to replace conflicting packages or '--skip-broken' to skip uninstallable packages)
DEBUG util.py:617:  Child return code was: 1
DEBUG util.py:636:  child environment: None
DEBUG util.py:562:  Executing command: ['/bin/umount', '-n', '-l', '/share/dev/mock/dev/pts'] with env {'PATH': '/usr/bin:/bin:/usr/sbin:/sbin', 'SHELL': '/bin/sh', 'HOME': '/builddir', 'TERM': 'vt100', 'HOSTNAME': 'mock', 'LANG': 'en_US.UTF-8'} and shell False
DEBUG util.py:617:  Child return code was: 0
DEBUG util.py:636:  child environment: None
DEBUG util.py:562:  Executing command: ['/bin/umount', '-n', '-l', '/share/dev/mock/dev/shm'] with env {'PATH': '/usr/bin:/bin:/usr/sbin:/sbin', 'SHELL': '/bin/sh', 'HOME': '/builddir', 'TERM': 'vt100', 'HOSTNAME': 'mock', 'LANG': 'en_US.UTF-8'} and shell False
DEBUG util.py:617:  Child return code was: 0
DEBUG util.py:636:  child environment: None
DEBUG util.py:562:  Executing command: ['/bin/umount', '-n', '-l', '/share/dev/mock/sys'] with env {'PATH': '/usr/bin:/bin:/usr/sbin:/sbin', 'SHELL': '/bin/sh', 'HOME': '/builddir', 'TERM': 'vt100', 'HOSTNAME': 'mock', 'LANG': 'en_US.UTF-8'} and shell False
DEBUG util.py:617:  Child return code was: 0
DEBUG util.py:636:  child environment: None
DEBUG util.py:562:  Executing command: ['/bin/umount', '-n', '-l', '/share/dev/mock/proc'] with env {'PATH': '/usr/bin:/bin:/usr/sbin:/sbin', 'SHELL': '/bin/sh', 'HOME': '/builddir', 'TERM': 'vt100', 'HOSTNAME': 'mock', 'LANG': 'en_US.UTF-8'} and shell False
DEBUG util.py:617:  Child return code was: 0
DEBUG util.py:222:  kill orphans
DEBUG util.py:636:  child environment: None
DEBUG util.py:562:  Executing command: ['/bin/umount', '-n', '/share/dev/mock/var/cache/dnf/'] with env {'PATH': '/usr/bin:/bin:/usr/sbin:/sbin', 'SHELL': '/bin/sh', 'HOME': '/builddir', 'TERM': 'vt100', 'HOSTNAME': 'mock', 'LANG': 'en_US.UTF-8'} and shell False
DEBUG util.py:617:  Child return code was: 0
DEBUG util.py:636:  child environment: None
DEBUG util.py:562:  Executing command: ['btrfs', 'subv', 'list', '/var/lib/mock'] with env {'PATH': '/usr/bin:/bin:/usr/sbin:/sbin', 'SHELL': '/bin/sh', 'HOME': '/builddir', 'TERM': 'vt100', 'HOSTNAME': 'mock', 'LANG': 'en_US.UTF-8'} and shell False
DEBUG util.py:479:  ERROR: not a btrfs filesystem: /var/lib/mock
DEBUG util.py:479:  ERROR: can't access '/var/lib/mock'
DEBUG util.py:617:  Child return code was: 1
DEBUG util.py:1339:  Please ignore the error above above about btrfs.
