2018-01-22 22:48:50,125 - Mock Version: 1.4.8
2018-01-22 22:48:50,239 - Start: dnf install
2018-01-22 22:50:24,555 - Finish: dnf install
2018-01-22 22:50:26,298 - Start: creating root cache
2018-01-22 22:50:31,386 - Finish: creating root cache
2018-01-22 22:50:31,389 - Finish: chroot init
2018-01-22 22:50:31,454 - Start: build phase for bazel-0.9.0-2.mga7.src.rpm
2018-01-22 22:50:31,456 - Start: build setup for bazel-0.9.0-2.mga7.src.rpm
2018-01-22 22:50:45,844 - Start: clean chroot
2018-01-22 22:50:50,843 - Finish: clean chroot
2018-01-22 22:52:36,803 - Mock Version: 1.4.8
2018-01-22 22:52:38,017 - Start: dnf update
2018-01-22 22:52:45,725 - Finish: dnf update
2018-01-22 22:52:45,748 - Finish: chroot init
2018-01-22 22:52:45,751 - Start: build phase for bazel-0.9.0-2.mga7.src.rpm
2018-01-22 22:52:45,752 - Start: build setup for bazel-0.9.0-2.mga7.src.rpm
2018-01-22 22:54:19,018 - Finish: build setup for bazel-0.9.0-2.mga7.src.rpm
2018-01-22 22:54:19,018 - Start: rpmbuild bazel-0.9.0-2.mga7.src.rpm
2018-01-22 22:54:19,020 - Start: Outputting list of installed packages
2018-01-22 22:54:19,106 - Finish: Outputting list of installed packages
2018-01-22 22:55:18,783 - Start: clean chroot
2018-01-22 22:55:28,194 - Finish: clean chroot
