2018-01-29 23:33:35,214 - Mock Version: 1.4.8
2018-01-29 23:33:37,824 - Start: dnf update
2018-01-29 23:33:53,865 - Finish: dnf update
2018-01-29 23:33:53,882 - Finish: chroot init
2018-01-29 23:33:53,885 - Start: build phase for yarock-1.3.0-1.6.mga7.src.rpm
2018-01-29 23:33:53,887 - Start: build setup for yarock-1.3.0-1.6.mga7.src.rpm
2018-01-29 23:34:50,443 - Finish: build setup for yarock-1.3.0-1.6.mga7.src.rpm
2018-01-29 23:34:50,444 - Start: rpmbuild yarock-1.3.0-1.6.mga7.src.rpm
2018-01-29 23:34:50,446 - Start: Outputting list of installed packages
2018-01-29 23:34:50,578 - Finish: Outputting list of installed packages
2018-01-29 23:36:52,569 - Start: clean chroot
2018-01-29 23:37:05,003 - Finish: clean chroot
2018-01-29 23:49:41,162 - Mock Version: 1.4.8
2018-01-29 23:49:42,453 - Start: dnf update
2018-01-29 23:49:43,500 - Finish: dnf update
2018-01-29 23:49:43,515 - Finish: chroot init
2018-01-29 23:49:43,518 - Start: build phase for yarock-1.3.0-1.6.mga7.src.rpm
2018-01-29 23:49:43,519 - Start: build setup for yarock-1.3.0-1.6.mga7.src.rpm
2018-01-29 23:50:31,473 - Finish: build setup for yarock-1.3.0-1.6.mga7.src.rpm
2018-01-29 23:50:31,473 - Start: rpmbuild yarock-1.3.0-1.6.mga7.src.rpm
2018-01-29 23:50:31,476 - Start: Outputting list of installed packages
2018-01-29 23:50:31,611 - Finish: Outputting list of installed packages
2018-01-29 23:52:31,949 - Start: clean chroot
2018-01-29 23:52:42,685 - Finish: clean chroot
2018-01-30 00:05:49,157 - Mock Version: 1.4.8
2018-01-30 00:05:50,314 - Start: dnf update
2018-01-30 00:05:51,301 - Finish: dnf update
2018-01-30 00:05:51,317 - Finish: chroot init
2018-01-30 00:05:51,321 - Start: build phase for yarock-1.3.0-1.6.mga7.src.rpm
2018-01-30 00:05:51,322 - Start: build setup for yarock-1.3.0-1.6.mga7.src.rpm
2018-01-30 00:06:37,463 - Finish: build setup for yarock-1.3.0-1.6.mga7.src.rpm
2018-01-30 00:06:37,463 - Start: rpmbuild yarock-1.3.0-1.6.mga7.src.rpm
2018-01-30 00:06:37,465 - Start: Outputting list of installed packages
2018-01-30 00:06:37,608 - Finish: Outputting list of installed packages
2018-01-30 00:08:36,199 - Start: clean chroot
2018-01-30 00:08:47,138 - Finish: clean chroot
2018-01-30 01:07:04,666 - Mock Version: 1.4.8
2018-01-30 01:07:05,815 - Start: dnf update
2018-01-30 01:07:25,581 - Finish: dnf update
2018-01-30 01:07:25,597 - Finish: chroot init
2018-01-30 01:07:25,600 - Start: build phase for yarock-1.3.0-1.7.mga7.src.rpm
2018-01-30 01:07:25,602 - Start: build setup for yarock-1.3.0-1.7.mga7.src.rpm
2018-01-30 01:08:24,533 - Finish: build setup for yarock-1.3.0-1.7.mga7.src.rpm
2018-01-30 01:08:24,533 - Start: rpmbuild yarock-1.3.0-1.7.mga7.src.rpm
2018-01-30 01:08:24,535 - Start: Outputting list of installed packages
2018-01-30 01:08:24,669 - Finish: Outputting list of installed packages
2018-01-30 01:10:22,340 - Start: clean chroot
2018-01-30 01:10:33,546 - Finish: clean chroot
2018-01-30 01:23:40,629 - Mock Version: 1.4.8
2018-01-30 01:23:41,841 - Start: dnf update
2018-01-30 01:23:42,870 - Finish: dnf update
2018-01-30 01:23:42,885 - Finish: chroot init
2018-01-30 01:23:42,889 - Start: build phase for yarock-1.3.0-1.8.mga7.src.rpm
2018-01-30 01:23:42,890 - Start: build setup for yarock-1.3.0-1.8.mga7.src.rpm
2018-01-30 01:24:28,083 - Finish: build setup for yarock-1.3.0-1.8.mga7.src.rpm
2018-01-30 01:24:28,083 - Start: rpmbuild yarock-1.3.0-1.8.mga7.src.rpm
2018-01-30 01:24:28,085 - Start: Outputting list of installed packages
2018-01-30 01:24:28,219 - Finish: Outputting list of installed packages
2018-01-30 01:27:01,648 - Finish: rpmbuild yarock-1.3.0-1.8.mga7.src.rpm
2018-01-30 01:27:01,651 - Finish: build phase for yarock-1.3.0-1.8.mga7.src.rpm
2018-01-30 01:27:01,653 - Start: clean chroot
2018-01-30 01:27:11,888 - Finish: clean chroot
2018-01-30 01:27:11,890 - Finish: run
