D: [iurt_root_command] chroot
Installing /home/stig/rpmbuild/SRPMS/wordgrinder-0.7.3-0.git20201018.1.1.mga8.src.rpm
Building target platforms: x86_64
Building for target x86_64
Executing(%prep): /bin/sh -e /home/stig/rpmbuild/tmp/rpm-tmp.bj5v2K
+ umask 022
+ cd /home/stig/rpmbuild/BUILD
+ '[' 1 -eq 1 ']'
+ '[' 1 -eq 1 ']'
+ '[' 1 -eq 1 ']'
+ cd /home/stig/rpmbuild/BUILD
+ rm -rf wordgrinder-master
+ /usr/bin/gzip -dc /home/stig/rpmbuild/SOURCES/wordgrinder-0.7.3.tar.gz
+ /usr/bin/tar -xof -
+ STATUS=0
+ '[' 0 -ne 0 ']'
+ cd wordgrinder-master
+ /usr/bin/chmod -Rf a+rX,u+w,g-w,o-w .
+ /usr/bin/cat /home/stig/rpmbuild/SOURCES/makefile.patch
+ /usr/bin/patch -p1 -s --fuzz=0 --no-backup-if-mismatch
+ RPM_EC=0
++ jobs -p
+ exit 0
Executing(%build): /bin/sh -e /home/stig/rpmbuild/tmp/rpm-tmp.eT6pcM
+ umask 022
+ cd /home/stig/rpmbuild/BUILD
+ cd wordgrinder-master
+ '[' 1 -eq 1 ']'
+ '[' 1 -eq 1 ']'
+ CFLAGS='-O2 -g -pipe -Wformat -Werror=format-security -Wp,-D_FORTIFY_SOURCE=2 -fstack-protector --param=ssp-buffer-size=4 -fasynchronous-unwind-tables'
+ export CFLAGS
+ CXXFLAGS='-O2 -g -pipe -Wformat -Werror=format-security -Wp,-D_FORTIFY_SOURCE=2 -fstack-protector --param=ssp-buffer-size=4 -fasynchronous-unwind-tables'
+ export CXXFLAGS
+ FFLAGS='-O2 -g -pipe -Wformat -Werror=format-security -Wp,-D_FORTIFY_SOURCE=2 -fstack-protector --param=ssp-buffer-size=4 -fasynchronous-unwind-tables '
+ export FFLAGS
+ FCFLAGS='-O2 -g -pipe -Wformat -Werror=format-security -Wp,-D_FORTIFY_SOURCE=2 -fstack-protector --param=ssp-buffer-size=4 -fasynchronous-unwind-tables '
+ export FCFLAGS
+ LDFLAGS=' -Wl,--as-needed -Wl,--no-undefined -Wl,-z,relro -Wl,-O1 -Wl,--build-id -Wl,--enable-new-dtags'
+ export LDFLAGS
+ export WANT_STRIPPED_BINARIES=no
+ WANT_STRIPPED_BINARIES=no
+ export 'CFLAG=S-O2 -g -pipe -Wformat -Werror=format-security -Wp,-D_FORTIFY_SOURCE=2 -fstack-protector --param=ssp-buffer-size=4 -fasynchronous-unwind-tables'
+ CFLAG='S-O2 -g -pipe -Wformat -Werror=format-security -Wp,-D_FORTIFY_SOURCE=2 -fstack-protector --param=ssp-buffer-size=4 -fasynchronous-unwind-tables'
+ export 'LDFLAGS= -Wl,--as-needed -Wl,--no-undefined -Wl,-z,relro -Wl,-O1 -Wl,--build-id -Wl,--enable-new-dtags'
+ LDFLAGS=' -Wl,--as-needed -Wl,--no-undefined -Wl,-z,relro -Wl,-O1 -Wl,--build-id -Wl,--enable-new-dtags'
+ /usr/bin/make -O -j8 V=1 VERBOSE=1 all PREFIX=/usr DESTDIR=/home/stig/rpmbuild/BUILDROOT/wordgrinder-0.7.3-0.git20201018.1.1.mga8.x86_64/usr OBJDIR=/home/stig/rpmbuild/BUILD/tmp LUA_PACKAGE=lua MINIZIP_PACKAGE=minizip 'UTHASH_PACKAGE=--cflags={} --libs={}'
Bootstrapping build
Windows toolchain: not found (WINCC=false, WINDRES=false, MAKENSIS=false)
Detecting Curses in package 'ncursesw': found
Detecting FreeType2 in package 'freetype2': found
Detecting Xft in package '--cflags={-I/usr/include/X11} --libs={-lX11 -lXft}': found
Detecting Minizip in package 'minizip': found
Detecting lpeg in package 'builtin': found
Detecting uthash in package '--cflags={} --libs={}': found
Detecting LuaBitOp in package 'builtin': found
Detecting Lua in package 'lua': found
Detecting Lua in package 'builtin': found
Detecting Lua in package 'lua-5.1': not found
Detecting Lua in package 'lua-5.2': not found
Detecting Lua in package 'lua-5.3': not found
Detecting Lua in package 'luajit': not found
The preferred Lua package is: 'lua'
[1/117] cc -MMD -MF /home/stig/rpmbuild/BUILD/tmp/lua-x11-release/src/c/emu/luabitop/lua-bitop.o.d -O2 -g -pipe -Wformat -Werror=format-security -Wp,-D_FORTIFY_SOURCE=2 -fstack-protector --param=ssp-buffer-size=4 -fasynchronous-unwind-tables -g -DVERSION='"0.8"' -DFILEFORMAT=8 -DNOUNCRYPT -DNOCRYPT -Isrc/c -Wall -Wno-unused-function -ffunction-sections -fdata-sections -Werror=implicit-function-declaration --std=gnu99 -I/usr/include/freetype2 -I/usr/include/libpng16 -I/usr/include/X11 -Os  -Isrc/c/emu/luabitop  -DARCH='"unix"' -I/usr/include/minizip -Isrc/c/emu/lpeg -c src/c/emu/luabitop/lua-bitop.c -o /home/stig/rpmbuild/BUILD/tmp/lua-x11-release/src/c/emu/luabitop/lua-bitop.o
[2/117] cc -MMD -MF /home/stig/rpmbuild/BUILD/tmp/lua-x11-release/src/c/main.o.d -O2 -g -pipe -Wformat -Werror=format-security -Wp,-D_FORTIFY_SOURCE=2 -fstack-protector --param=ssp-buffer-size=4 -fasynchronous-unwind-tables -g -DVERSION='"0.8"' -DFILEFORMAT=8 -DNOUNCRYPT -DNOCRYPT -Isrc/c -Wall -Wno-unused-function -ffunction-sections -fdata-sections -Werror=implicit-function-declaration --std=gnu99 -I/usr/include/freetype2 -I/usr/include/libpng16 -I/usr/include/X11 -Os  -Isrc/c/emu/luabitop  -DARCH='"unix"' -I/usr/include/minizip -Isrc/c/emu/lpeg -c src/c/main.c -o /home/stig/rpmbuild/BUILD/tmp/lua-x11-release/src/c/main.o
[3/117] cc -MMD -MF /home/stig/rpmbuild/BUILD/tmp/lua-x11-release/src/c/filesystem.o.d -O2 -g -pipe -Wformat -Werror=format-security -Wp,-D_FORTIFY_SOURCE=2 -fstack-protector --param=ssp-buffer-size=4 -fasynchronous-unwind-tables -g -DVERSION='"0.8"' -DFILEFORMAT=8 -DNOUNCRYPT -DNOCRYPT -Isrc/c -Wall -Wno-unused-function -ffunction-sections -fdata-sections -Werror=implicit-function-declaration --std=gnu99 -I/usr/include/freetype2 -I/usr/include/libpng16 -I/usr/include/X11 -Os  -Isrc/c/emu/luabitop  -DARCH='"unix"' -I/usr/include/minizip -Isrc/c/emu/lpeg -c src/c/filesystem.c -o /home/stig/rpmbuild/BUILD/tmp/lua-x11-release/src/c/filesystem.o
[4/117] cc -MMD -MF /home/stig/rpmbuild/BUILD/tmp/lua-x11-release/src/c/zip.o.d -O2 -g -pipe -Wformat -Werror=format-security -Wp,-D_FORTIFY_SOURCE=2 -fstack-protector --param=ssp-buffer-size=4 -fasynchronous-unwind-tables -g -DVERSION='"0.8"' -DFILEFORMAT=8 -DNOUNCRYPT -DNOCRYPT -Isrc/c -Wall -Wno-unused-function -ffunction-sections -fdata-sections -Werror=implicit-function-declaration --std=gnu99 -I/usr/include/freetype2 -I/usr/include/libpng16 -I/usr/include/X11 -Os  -Isrc/c/emu/luabitop  -DARCH='"unix"' -I/usr/include/minizip -Isrc/c/emu/lpeg -c src/c/zip.c -o /home/stig/rpmbuild/BUILD/tmp/lua-x11-release/src/c/zip.o
[5/117] cc -MMD -MF /home/stig/rpmbuild/BUILD/tmp/lua-x11-release/src/c/lua.o.d -O2 -g -pipe -Wformat -Werror=format-security -Wp,-D_FORTIFY_SOURCE=2 -fstack-protector --param=ssp-buffer-size=4 -fasynchronous-unwind-tables -g -DVERSION='"0.8"' -DFILEFORMAT=8 -DNOUNCRYPT -DNOCRYPT -Isrc/c -Wall -Wno-unused-function -ffunction-sections -fdata-sections -Werror=implicit-function-declaration --std=gnu99 -I/usr/include/freetype2 -I/usr/include/libpng16 -I/usr/include/X11 -Os  -Isrc/c/emu/luabitop  -DARCH='"unix"' -I/usr/include/minizip -Isrc/c/emu/lpeg -c src/c/lua.c -o /home/stig/rpmbuild/BUILD/tmp/lua-x11-release/src/c/lua.o
[6/117] cc -MMD -MF /home/stig/rpmbuild/BUILD/tmp/lua-x11-release/src/c/screen.o.d -O2 -g -pipe -Wformat -Werror=format-security -Wp,-D_FORTIFY_SOURCE=2 -fstack-protector --param=ssp-buffer-size=4 -fasynchronous-unwind-tables -g -DVERSION='"0.8"' -DFILEFORMAT=8 -DNOUNCRYPT -DNOCRYPT -Isrc/c -Wall -Wno-unused-function -ffunction-sections -fdata-sections -Werror=implicit-function-declaration --std=gnu99 -I/usr/include/freetype2 -I/usr/include/libpng16 -I/usr/include/X11 -Os  -Isrc/c/emu/luabitop  -DARCH='"unix"' -I/usr/include/minizip -Isrc/c/emu/lpeg -c src/c/screen.c -o /home/stig/rpmbuild/BUILD/tmp/lua-x11-release/src/c/screen.o
[7/117] cc -MMD -MF /home/stig/rpmbuild/BUILD/tmp/lua-x11-release/src/c/utils.o.d -O2 -g -pipe -Wformat -Werror=format-security -Wp,-D_FORTIFY_SOURCE=2 -fstack-protector --param=ssp-buffer-size=4 -fasynchronous-unwind-tables -g -DVERSION='"0.8"' -DFILEFORMAT=8 -DNOUNCRYPT -DNOCRYPT -Isrc/c -Wall -Wno-unused-function -ffunction-sections -fdata-sections -Werror=implicit-function-declaration --std=gnu99 -I/usr/include/freetype2 -I/usr/include/libpng16 -I/usr/include/X11 -Os  -Isrc/c/emu/luabitop  -DARCH='"unix"' -I/usr/include/minizip -Isrc/c/emu/lpeg -c src/c/utils.c -o /home/stig/rpmbuild/BUILD/tmp/lua-x11-release/src/c/utils.o
[8/117] cc -MMD -MF /home/stig/rpmbuild/BUILD/tmp/lua-x11-release/src/c/emu/lpeg/lpprint.o.d -O2 -g -pipe -Wformat -Werror=format-security -Wp,-D_FORTIFY_SOURCE=2 -fstack-protector --param=ssp-buffer-size=4 -fasynchronous-unwind-tables -g -DVERSION='"0.8"' -DFILEFORMAT=8 -DNOUNCRYPT -DNOCRYPT -Isrc/c -Wall -Wno-unused-function -ffunction-sections -fdata-sections -Werror=implicit-function-declaration --std=gnu99 -I/usr/include/freetype2 -I/usr/include/libpng16 -I/usr/include/X11 -Os  -Isrc/c/emu/luabitop  -DARCH='"unix"' -I/usr/include/minizip -Isrc/c/emu/lpeg -c src/c/emu/lpeg/lpprint.c -o /home/stig/rpmbuild/BUILD/tmp/lua-x11-release/src/c/emu/lpeg/lpprint.o
[9/117] cc -MMD -MF /home/stig/rpmbuild/BUILD/tmp/lua-x11-release/src/c/word.o.d -O2 -g -pipe -Wformat -Werror=format-security -Wp,-D_FORTIFY_SOURCE=2 -fstack-protector --param=ssp-buffer-size=4 -fasynchronous-unwind-tables -g -DVERSION='"0.8"' -DFILEFORMAT=8 -DNOUNCRYPT -DNOCRYPT -Isrc/c -Wall -Wno-unused-function -ffunction-sections -fdata-sections -Werror=implicit-function-declaration --std=gnu99 -I/usr/include/freetype2 -I/usr/include/libpng16 -I/usr/include/X11 -Os  -Isrc/c/emu/luabitop  -DARCH='"unix"' -I/usr/include/minizip -Isrc/c/emu/lpeg -c src/c/word.c -o /home/stig/rpmbuild/BUILD/tmp/lua-x11-release/src/c/word.o
[10/117] cc -MMD -MF /home/stig/rpmbuild/BUILD/tmp/lua-curses-release/src/c/filesystem.o.d -O2 -g -pipe -Wformat -Werror=format-security -Wp,-D_FORTIFY_SOURCE=2 -fstack-protector --param=ssp-buffer-size=4 -fasynchronous-unwind-tables -g -DVERSION='"0.8"' -DFILEFORMAT=8 -DNOUNCRYPT -DNOCRYPT -Isrc/c -Wall -Wno-unused-function -ffunction-sections -fdata-sections -Werror=implicit-function-declaration --std=gnu99 -D_DEFAULT_SOURCE -D_XOPEN_SOURCE=600 -Os  -Isrc/c/emu/luabitop  -DARCH='"unix"' -I/usr/include/minizip -Isrc/c/emu/lpeg -c src/c/filesystem.c -o /home/stig/rpmbuild/BUILD/tmp/lua-curses-release/src/c/filesystem.o
[11/117] cc -MMD -MF /home/stig/rpmbuild/BUILD/tmp/lua-x11-release/src/c/arch/unix/x11/x11.o.d -O2 -g -pipe -Wformat -Werror=format-security -Wp,-D_FORTIFY_SOURCE=2 -fstack-protector --param=ssp-buffer-size=4 -fasynchronous-unwind-tables -g -DVERSION='"0.8"' -DFILEFORMAT=8 -DNOUNCRYPT -DNOCRYPT -Isrc/c -Wall -Wno-unused-function -ffunction-sections -fdata-sections -Werror=implicit-function-declaration --std=gnu99 -I/usr/include/freetype2 -I/usr/include/libpng16 -I/usr/include/X11 -Os  -Isrc/c/emu/luabitop  -DARCH='"unix"' -I/usr/include/minizip -Isrc/c/emu/lpeg -c src/c/arch/unix/x11/x11.c -o /home/stig/rpmbuild/BUILD/tmp/lua-x11-release/src/c/arch/unix/x11/x11.o
[12/117] cc -MMD -MF /home/stig/rpmbuild/BUILD/tmp/lua-x11-release/src/c/arch/unix/x11/glyphcache.o.d -O2 -g -pipe -Wformat -Werror=format-security -Wp,-D_FORTIFY_SOURCE=2 -fstack-protector --param=ssp-buffer-size=4 -fasynchronous-unwind-tables -g -DVERSION='"0.8"' -DFILEFORMAT=8 -DNOUNCRYPT -DNOCRYPT -Isrc/c -Wall -Wno-unused-function -ffunction-sections -fdata-sections -Werror=implicit-function-declaration --std=gnu99 -I/usr/include/freetype2 -I/usr/include/libpng16 -I/usr/include/X11 -Os  -Isrc/c/emu/luabitop  -DARCH='"unix"' -I/usr/include/minizip -Isrc/c/emu/lpeg -c src/c/arch/unix/x11/glyphcache.c -o /home/stig/rpmbuild/BUILD/tmp/lua-x11-release/src/c/arch/unix/x11/glyphcache.o
[13/117] cc -MMD -MF /home/stig/rpmbuild/BUILD/tmp/lua-curses-release/src/c/utils.o.d -O2 -g -pipe -Wformat -Werror=format-security -Wp,-D_FORTIFY_SOURCE=2 -fstack-protector --param=ssp-buffer-size=4 -fasynchronous-unwind-tables -g -DVERSION='"0.8"' -DFILEFORMAT=8 -DNOUNCRYPT -DNOCRYPT -Isrc/c -Wall -Wno-unused-function -ffunction-sections -fdata-sections -Werror=implicit-function-declaration --std=gnu99 -D_DEFAULT_SOURCE -D_XOPEN_SOURCE=600 -Os  -Isrc/c/emu/luabitop  -DARCH='"unix"' -I/usr/include/minizip -Isrc/c/emu/lpeg -c src/c/utils.c -o /home/stig/rpmbuild/BUILD/tmp/lua-curses-release/src/c/utils.o
[14/117] cc -MMD -MF /home/stig/rpmbuild/BUILD/tmp/lua-curses-release/src/c/main.o.d -O2 -g -pipe -Wformat -Werror=format-security -Wp,-D_FORTIFY_SOURCE=2 -fstack-protector --param=ssp-buffer-size=4 -fasynchronous-unwind-tables -g -DVERSION='"0.8"' -DFILEFORMAT=8 -DNOUNCRYPT -DNOCRYPT -Isrc/c -Wall -Wno-unused-function -ffunction-sections -fdata-sections -Werror=implicit-function-declaration --std=gnu99 -D_DEFAULT_SOURCE -D_XOPEN_SOURCE=600 -Os  -Isrc/c/emu/luabitop  -DARCH='"unix"' -I/usr/include/minizip -Isrc/c/emu/lpeg -c src/c/main.c -o /home/stig/rpmbuild/BUILD/tmp/lua-curses-release/src/c/main.o
[15/117] cc -MMD -MF /home/stig/rpmbuild/BUILD/tmp/lua-x11-release/src/c/emu/lpeg/lpvm.o.d -O2 -g -pipe -Wformat -Werror=format-security -Wp,-D_FORTIFY_SOURCE=2 -fstack-protector --param=ssp-buffer-size=4 -fasynchronous-unwind-tables -g -DVERSION='"0.8"' -DFILEFORMAT=8 -DNOUNCRYPT -DNOCRYPT -Isrc/c -Wall -Wno-unused-function -ffunction-sections -fdata-sections -Werror=implicit-function-declaration --std=gnu99 -I/usr/include/freetype2 -I/usr/include/libpng16 -I/usr/include/X11 -Os  -Isrc/c/emu/luabitop  -DARCH='"unix"' -I/usr/include/minizip -Isrc/c/emu/lpeg -c src/c/emu/lpeg/lpvm.c -o /home/stig/rpmbuild/BUILD/tmp/lua-x11-release/src/c/emu/lpeg/lpvm.o
[16/117] cc -MMD -MF /home/stig/rpmbuild/BUILD/tmp/lua-curses-release/src/c/zip.o.d -O2 -g -pipe -Wformat -Werror=format-security -Wp,-D_FORTIFY_SOURCE=2 -fstack-protector --param=ssp-buffer-size=4 -fasynchronous-unwind-tables -g -DVERSION='"0.8"' -DFILEFORMAT=8 -DNOUNCRYPT -DNOCRYPT -Isrc/c -Wall -Wno-unused-function -ffunction-sections -fdata-sections -Werror=implicit-function-declaration --std=gnu99 -D_DEFAULT_SOURCE -D_XOPEN_SOURCE=600 -Os  -Isrc/c/emu/luabitop  -DARCH='"unix"' -I/usr/include/minizip -Isrc/c/emu/lpeg -c src/c/zip.c -o /home/stig/rpmbuild/BUILD/tmp/lua-curses-release/src/c/zip.o
[17/117] cc -MMD -MF /home/stig/rpmbuild/BUILD/tmp/lua-curses-release/src/c/emu/luabitop/lua-bitop.o.d -O2 -g -pipe -Wformat -Werror=format-security -Wp,-D_FORTIFY_SOURCE=2 -fstack-protector --param=ssp-buffer-size=4 -fasynchronous-unwind-tables -g -DVERSION='"0.8"' -DFILEFORMAT=8 -DNOUNCRYPT -DNOCRYPT -Isrc/c -Wall -Wno-unused-function -ffunction-sections -fdata-sections -Werror=implicit-function-declaration --std=gnu99 -D_DEFAULT_SOURCE -D_XOPEN_SOURCE=600 -Os  -Isrc/c/emu/luabitop  -DARCH='"unix"' -I/usr/include/minizip -Isrc/c/emu/lpeg -c src/c/emu/luabitop/lua-bitop.c -o /home/stig/rpmbuild/BUILD/tmp/lua-curses-release/src/c/emu/luabitop/lua-bitop.o
[18/117] cc -MMD -MF /home/stig/rpmbuild/BUILD/tmp/lua-x11-release/src/c/emu/lpeg/lpcap.o.d -O2 -g -pipe -Wformat -Werror=format-security -Wp,-D_FORTIFY_SOURCE=2 -fstack-protector --param=ssp-buffer-size=4 -fasynchronous-unwind-tables -g -DVERSION='"0.8"' -DFILEFORMAT=8 -DNOUNCRYPT -DNOCRYPT -Isrc/c -Wall -Wno-unused-function -ffunction-sections -fdata-sections -Werror=implicit-function-declaration --std=gnu99 -I/usr/include/freetype2 -I/usr/include/libpng16 -I/usr/include/X11 -Os  -Isrc/c/emu/luabitop  -DARCH='"unix"' -I/usr/include/minizip -Isrc/c/emu/lpeg -c src/c/emu/lpeg/lpcap.c -o /home/stig/rpmbuild/BUILD/tmp/lua-x11-release/src/c/emu/lpeg/lpcap.o
[19/117] cc -MMD -MF /home/stig/rpmbuild/BUILD/tmp/lua-curses-release/src/c/lua.o.d -O2 -g -pipe -Wformat -Werror=format-security -Wp,-D_FORTIFY_SOURCE=2 -fstack-protector --param=ssp-buffer-size=4 -fasynchronous-unwind-tables -g -DVERSION='"0.8"' -DFILEFORMAT=8 -DNOUNCRYPT -DNOCRYPT -Isrc/c -Wall -Wno-unused-function -ffunction-sections -fdata-sections -Werror=implicit-function-declaration --std=gnu99 -D_DEFAULT_SOURCE -D_XOPEN_SOURCE=600 -Os  -Isrc/c/emu/luabitop  -DARCH='"unix"' -I/usr/include/minizip -Isrc/c/emu/lpeg -c src/c/lua.c -o /home/stig/rpmbuild/BUILD/tmp/lua-curses-release/src/c/lua.o
[20/117] /home/stig/rpmbuild/BUILD/tmp/lua tools/multibin2c.lua script_table src/lua/_prologue.lua src/lua/events.lua src/lua/main.lua src/lua/xml.lua src/lua/utils.lua src/lua/redraw.lua src/lua/settings.lua src/lua/document.lua src/lua/forms.lua src/lua/ui.lua src/lua/browser.lua src/lua/html.lua src/lua/margin.lua src/lua/xpattern.lua src/lua/fileio.lua src/lua/export.lua src/lua/export/text.lua src/lua/export/html.lua src/lua/export/latex.lua src/lua/export/troff.lua src/lua/export/opendocument.lua src/lua/export/markdown.lua src/lua/import.lua src/lua/import/html.lua src/lua/import/text.lua src/lua/import/opendocument.lua src/lua/import/markdown.lua src/lua/navigate.lua src/lua/addons/goto.lua src/lua/addons/autosave.lua src/lua/addons/docsetman.lua src/lua/addons/scrapbook.lua src/lua/addons/statusbar_charstyle.lua src/lua/addons/statusbar_pagecount.lua src/lua/addons/statusbar_position.lua src/lua/addons/statusbar_wordcount.lua src/lua/addons/debug.lua src/lua/addons/look-and-feel.lua src/lua/addons/keymapoverride.lua src/lua/addons/smartquotes.lua src/lua/addons/undo.lua src/lua/addons/spillchocker.lua src/lua/addons/templates.lua src/lua/addons/directories.lua src/lua/addons/recents.lua src/lua/menu.lua src/lua/cli.lua src/lua/lunamark/util.lua src/lua/lunamark/entities.lua src/lua/lunamark/markdown.lua > /home/stig/rpmbuild/BUILD/tmp/luascripts.c
[21/117] cc -MMD -MF /home/stig/rpmbuild/BUILD/tmp/lua-curses-release/src/c/screen.o.d -O2 -g -pipe -Wformat -Werror=format-security -Wp,-D_FORTIFY_SOURCE=2 -fstack-protector --param=ssp-buffer-size=4 -fasynchronous-unwind-tables -g -DVERSION='"0.8"' -DFILEFORMAT=8 -DNOUNCRYPT -DNOCRYPT -Isrc/c -Wall -Wno-unused-function -ffunction-sections -fdata-sections -Werror=implicit-function-declaration --std=gnu99 -D_DEFAULT_SOURCE -D_XOPEN_SOURCE=600 -Os  -Isrc/c/emu/luabitop  -DARCH='"unix"' -I/usr/include/minizip -Isrc/c/emu/lpeg -c src/c/screen.c -o /home/stig/rpmbuild/BUILD/tmp/lua-curses-release/src/c/screen.o
[22/117] cc -MMD -MF /home/stig/rpmbuild/BUILD/tmp/lua-curses-release/src/c/arch/unix/cursesw/dpy.o.d -O2 -g -pipe -Wformat -Werror=format-security -Wp,-D_FORTIFY_SOURCE=2 -fstack-protector --param=ssp-buffer-size=4 -fasynchronous-unwind-tables -g -DVERSION='"0.8"' -DFILEFORMAT=8 -DNOUNCRYPT -DNOCRYPT -Isrc/c -Wall -Wno-unused-function -ffunction-sections -fdata-sections -Werror=implicit-function-declaration --std=gnu99 -D_DEFAULT_SOURCE -D_XOPEN_SOURCE=600 -Os  -Isrc/c/emu/luabitop  -DARCH='"unix"' -I/usr/include/minizip -Isrc/c/emu/lpeg -c src/c/arch/unix/cursesw/dpy.c -o /home/stig/rpmbuild/BUILD/tmp/lua-curses-release/src/c/arch/unix/cursesw/dpy.o
[23/117] cc -MMD -MF /home/stig/rpmbuild/BUILD/tmp/lua-curses-release/src/c/word.o.d -O2 -g -pipe -Wformat -Werror=format-security -Wp,-D_FORTIFY_SOURCE=2 -fstack-protector --param=ssp-buffer-size=4 -fasynchronous-unwind-tables -g -DVERSION='"0.8"' -DFILEFORMAT=8 -DNOUNCRYPT -DNOCRYPT -Isrc/c -Wall -Wno-unused-function -ffunction-sections -fdata-sections -Werror=implicit-function-declaration --std=gnu99 -D_DEFAULT_SOURCE -D_XOPEN_SOURCE=600 -Os  -Isrc/c/emu/luabitop  -DARCH='"unix"' -I/usr/include/minizip -Isrc/c/emu/lpeg -c src/c/word.c -o /home/stig/rpmbuild/BUILD/tmp/lua-curses-release/src/c/word.o
[24/117] cc -MMD -MF /home/stig/rpmbuild/BUILD/tmp/lua-curses-release/src/c/emu/lpeg/lpvm.o.d -O2 -g -pipe -Wformat -Werror=format-security -Wp,-D_FORTIFY_SOURCE=2 -fstack-protector --param=ssp-buffer-size=4 -fasynchronous-unwind-tables -g -DVERSION='"0.8"' -DFILEFORMAT=8 -DNOUNCRYPT -DNOCRYPT -Isrc/c -Wall -Wno-unused-function -ffunction-sections -fdata-sections -Werror=implicit-function-declaration --std=gnu99 -D_DEFAULT_SOURCE -D_XOPEN_SOURCE=600 -Os  -Isrc/c/emu/luabitop  -DARCH='"unix"' -I/usr/include/minizip -Isrc/c/emu/lpeg -c src/c/emu/lpeg/lpvm.c -o /home/stig/rpmbuild/BUILD/tmp/lua-curses-release/src/c/emu/lpeg/lpvm.o
[25/117] cc -MMD -MF /home/stig/rpmbuild/BUILD/tmp/lua-curses-release/src/c/emu/lpeg/lpprint.o.d -O2 -g -pipe -Wformat -Werror=format-security -Wp,-D_FORTIFY_SOURCE=2 -fstack-protector --param=ssp-buffer-size=4 -fasynchronous-unwind-tables -g -DVERSION='"0.8"' -DFILEFORMAT=8 -DNOUNCRYPT -DNOCRYPT -Isrc/c -Wall -Wno-unused-function -ffunction-sections -fdata-sections -Werror=implicit-function-declaration --std=gnu99 -D_DEFAULT_SOURCE -D_XOPEN_SOURCE=600 -Os  -Isrc/c/emu/luabitop  -DARCH='"unix"' -I/usr/include/minizip -Isrc/c/emu/lpeg -c src/c/emu/lpeg/lpprint.c -o /home/stig/rpmbuild/BUILD/tmp/lua-curses-release/src/c/emu/lpeg/lpprint.o
[26/117] cc -MMD -MF /home/stig/rpmbuild/BUILD/tmp/lua-curses-release/src/c/emu/lpeg/lpcap.o.d -O2 -g -pipe -Wformat -Werror=format-security -Wp,-D_FORTIFY_SOURCE=2 -fstack-protector --param=ssp-buffer-size=4 -fasynchronous-unwind-tables -g -DVERSION='"0.8"' -DFILEFORMAT=8 -DNOUNCRYPT -DNOCRYPT -Isrc/c -Wall -Wno-unused-function -ffunction-sections -fdata-sections -Werror=implicit-function-declaration --std=gnu99 -D_DEFAULT_SOURCE -D_XOPEN_SOURCE=600 -Os  -Isrc/c/emu/luabitop  -DARCH='"unix"' -I/usr/include/minizip -Isrc/c/emu/lpeg -c src/c/emu/lpeg/lpcap.c -o /home/stig/rpmbuild/BUILD/tmp/lua-curses-release/src/c/emu/lpeg/lpcap.o
[27/117] cc -MMD -MF /home/stig/rpmbuild/BUILD/tmp/lua-x11-release/src/c/emu/lpeg/lpcode.o.d -O2 -g -pipe -Wformat -Werror=format-security -Wp,-D_FORTIFY_SOURCE=2 -fstack-protector --param=ssp-buffer-size=4 -fasynchronous-unwind-tables -g -DVERSION='"0.8"' -DFILEFORMAT=8 -DNOUNCRYPT -DNOCRYPT -Isrc/c -Wall -Wno-unused-function -ffunction-sections -fdata-sections -Werror=implicit-function-declaration --std=gnu99 -I/usr/include/freetype2 -I/usr/include/libpng16 -I/usr/include/X11 -Os  -Isrc/c/emu/luabitop  -DARCH='"unix"' -I/usr/include/minizip -Isrc/c/emu/lpeg -c src/c/emu/lpeg/lpcode.c -o /home/stig/rpmbuild/BUILD/tmp/lua-x11-release/src/c/emu/lpeg/lpcode.o
[28/117] cc -MMD -MF /home/stig/rpmbuild/BUILD/tmp/lua-curses-debug/src/c/zip.o.d -O2 -g -pipe -Wformat -Werror=format-security -Wp,-D_FORTIFY_SOURCE=2 -fstack-protector --param=ssp-buffer-size=4 -fasynchronous-unwind-tables -g -DVERSION='"0.8"' -DFILEFORMAT=8 -DNOUNCRYPT -DNOCRYPT -Isrc/c -Wall -Wno-unused-function -ffunction-sections -fdata-sections -Werror=implicit-function-declaration --std=gnu99 -D_DEFAULT_SOURCE -D_XOPEN_SOURCE=600 -O0  -Isrc/c/emu/luabitop  -DARCH='"unix"' -I/usr/include/minizip -Isrc/c/emu/lpeg -c src/c/zip.c -o /home/stig/rpmbuild/BUILD/tmp/lua-curses-debug/src/c/zip.o
In file included from /usr/include/bits/libc-header-start.h:33,
                 from /usr/include/stdlib.h:25,
                 from src/c/globals.h:23,
                 from src/c/zip.c:6:
/usr/include/features.h:397:4: warning: #warning _FORTIFY_SOURCE requires compiling with optimization (-O) [-Wcpp]
  397 | #  warning _FORTIFY_SOURCE requires compiling with optimization (-O)
      |    ^~~~~~~
[29/117] cc -MMD -MF /home/stig/rpmbuild/BUILD/tmp/lua-curses-debug/src/c/utils.o.d -O2 -g -pipe -Wformat -Werror=format-security -Wp,-D_FORTIFY_SOURCE=2 -fstack-protector --param=ssp-buffer-size=4 -fasynchronous-unwind-tables -g -DVERSION='"0.8"' -DFILEFORMAT=8 -DNOUNCRYPT -DNOCRYPT -Isrc/c -Wall -Wno-unused-function -ffunction-sections -fdata-sections -Werror=implicit-function-declaration --std=gnu99 -D_DEFAULT_SOURCE -D_XOPEN_SOURCE=600 -O0  -Isrc/c/emu/luabitop  -DARCH='"unix"' -I/usr/include/minizip -Isrc/c/emu/lpeg -c src/c/utils.c -o /home/stig/rpmbuild/BUILD/tmp/lua-curses-debug/src/c/utils.o
In file included from /usr/include/bits/libc-header-start.h:33,
                 from /usr/include/stdlib.h:25,
                 from src/c/globals.h:23,
                 from src/c/utils.c:6:
/usr/include/features.h:397:4: warning: #warning _FORTIFY_SOURCE requires compiling with optimization (-O) [-Wcpp]
  397 | #  warning _FORTIFY_SOURCE requires compiling with optimization (-O)
      |    ^~~~~~~
[30/117] cc -MMD -MF /home/stig/rpmbuild/BUILD/tmp/lua-curses-debug/src/c/filesystem.o.d -O2 -g -pipe -Wformat -Werror=format-security -Wp,-D_FORTIFY_SOURCE=2 -fstack-protector --param=ssp-buffer-size=4 -fasynchronous-unwind-tables -g -DVERSION='"0.8"' -DFILEFORMAT=8 -DNOUNCRYPT -DNOCRYPT -Isrc/c -Wall -Wno-unused-function -ffunction-sections -fdata-sections -Werror=implicit-function-declaration --std=gnu99 -D_DEFAULT_SOURCE -D_XOPEN_SOURCE=600 -O0  -Isrc/c/emu/luabitop  -DARCH='"unix"' -I/usr/include/minizip -Isrc/c/emu/lpeg -c src/c/filesystem.c -o /home/stig/rpmbuild/BUILD/tmp/lua-curses-debug/src/c/filesystem.o
In file included from /usr/include/bits/libc-header-start.h:33,
                 from /usr/include/stdlib.h:25,
                 from src/c/globals.h:23,
                 from src/c/filesystem.c:6:
/usr/include/features.h:397:4: warning: #warning _FORTIFY_SOURCE requires compiling with optimization (-O) [-Wcpp]
  397 | #  warning _FORTIFY_SOURCE requires compiling with optimization (-O)
      |    ^~~~~~~
[31/117] cc -MMD -MF /home/stig/rpmbuild/BUILD/tmp/lua-curses-debug/src/c/main.o.d -O2 -g -pipe -Wformat -Werror=format-security -Wp,-D_FORTIFY_SOURCE=2 -fstack-protector --param=ssp-buffer-size=4 -fasynchronous-unwind-tables -g -DVERSION='"0.8"' -DFILEFORMAT=8 -DNOUNCRYPT -DNOCRYPT -Isrc/c -Wall -Wno-unused-function -ffunction-sections -fdata-sections -Werror=implicit-function-declaration --std=gnu99 -D_DEFAULT_SOURCE -D_XOPEN_SOURCE=600 -O0  -Isrc/c/emu/luabitop  -DARCH='"unix"' -I/usr/include/minizip -Isrc/c/emu/lpeg -c src/c/main.c -o /home/stig/rpmbuild/BUILD/tmp/lua-curses-debug/src/c/main.o
In file included from /usr/include/bits/libc-header-start.h:33,
                 from /usr/include/stdlib.h:25,
                 from src/c/main.c:6:
/usr/include/features.h:397:4: warning: #warning _FORTIFY_SOURCE requires compiling with optimization (-O) [-Wcpp]
  397 | #  warning _FORTIFY_SOURCE requires compiling with optimization (-O)
      |    ^~~~~~~
[32/117] cc -MMD -MF /home/stig/rpmbuild/BUILD/tmp/lua-curses-debug/src/c/lua.o.d -O2 -g -pipe -Wformat -Werror=format-security -Wp,-D_FORTIFY_SOURCE=2 -fstack-protector --param=ssp-buffer-size=4 -fasynchronous-unwind-tables -g -DVERSION='"0.8"' -DFILEFORMAT=8 -DNOUNCRYPT -DNOCRYPT -Isrc/c -Wall -Wno-unused-function -ffunction-sections -fdata-sections -Werror=implicit-function-declaration --std=gnu99 -D_DEFAULT_SOURCE -D_XOPEN_SOURCE=600 -O0  -Isrc/c/emu/luabitop  -DARCH='"unix"' -I/usr/include/minizip -Isrc/c/emu/lpeg -c src/c/lua.c -o /home/stig/rpmbuild/BUILD/tmp/lua-curses-debug/src/c/lua.o
In file included from /usr/include/bits/libc-header-start.h:33,
                 from /usr/include/stdlib.h:25,
                 from src/c/globals.h:23,
                 from src/c/lua.c:6:
/usr/include/features.h:397:4: warning: #warning _FORTIFY_SOURCE requires compiling with optimization (-O) [-Wcpp]
  397 | #  warning _FORTIFY_SOURCE requires compiling with optimization (-O)
      |    ^~~~~~~
[33/117] cc -MMD -MF /home/stig/rpmbuild/BUILD/tmp/lua-curses-debug/src/c/emu/luabitop/lua-bitop.o.d -O2 -g -pipe -Wformat -Werror=format-security -Wp,-D_FORTIFY_SOURCE=2 -fstack-protector --param=ssp-buffer-size=4 -fasynchronous-unwind-tables -g -DVERSION='"0.8"' -DFILEFORMAT=8 -DNOUNCRYPT -DNOCRYPT -Isrc/c -Wall -Wno-unused-function -ffunction-sections -fdata-sections -Werror=implicit-function-declaration --std=gnu99 -D_DEFAULT_SOURCE -D_XOPEN_SOURCE=600 -O0  -Isrc/c/emu/luabitop  -DARCH='"unix"' -I/usr/include/minizip -Isrc/c/emu/lpeg -c src/c/emu/luabitop/lua-bitop.c -o /home/stig/rpmbuild/BUILD/tmp/lua-curses-debug/src/c/emu/luabitop/lua-bitop.o
In file included from /usr/include/bits/libc-header-start.h:33,
                 from /usr/include/limits.h:26,
                 from /usr/lib/gcc/x86_64-mageia-linux-gnu/10/include/limits.h:195,
                 from /usr/lib/gcc/x86_64-mageia-linux-gnu/10/include/syslimits.h:7,
                 from /usr/lib/gcc/x86_64-mageia-linux-gnu/10/include/limits.h:34,
                 from /usr/include/luaconf.h:11,
                 from /usr/include/lua.h:16,
                 from src/c/emu/luabitop/lua-bitop.c:32:
/usr/include/features.h:397:4: warning: #warning _FORTIFY_SOURCE requires compiling with optimization (-O) [-Wcpp]
  397 | #  warning _FORTIFY_SOURCE requires compiling with optimization (-O)
      |    ^~~~~~~
[34/117] cc -MMD -MF /home/stig/rpmbuild/BUILD/tmp/lua-x11-release/src/c/emu/lpeg/lptree.o.d -O2 -g -pipe -Wformat -Werror=format-security -Wp,-D_FORTIFY_SOURCE=2 -fstack-protector --param=ssp-buffer-size=4 -fasynchronous-unwind-tables -g -DVERSION='"0.8"' -DFILEFORMAT=8 -DNOUNCRYPT -DNOCRYPT -Isrc/c -Wall -Wno-unused-function -ffunction-sections -fdata-sections -Werror=implicit-function-declaration --std=gnu99 -I/usr/include/freetype2 -I/usr/include/libpng16 -I/usr/include/X11 -Os  -Isrc/c/emu/luabitop  -DARCH='"unix"' -I/usr/include/minizip -Isrc/c/emu/lpeg -c src/c/emu/lpeg/lptree.c -o /home/stig/rpmbuild/BUILD/tmp/lua-x11-release/src/c/emu/lpeg/lptree.o
[35/117] cc -MMD -MF /home/stig/rpmbuild/BUILD/tmp/lua-curses-debug/src/c/screen.o.d -O2 -g -pipe -Wformat -Werror=format-security -Wp,-D_FORTIFY_SOURCE=2 -fstack-protector --param=ssp-buffer-size=4 -fasynchronous-unwind-tables -g -DVERSION='"0.8"' -DFILEFORMAT=8 -DNOUNCRYPT -DNOCRYPT -Isrc/c -Wall -Wno-unused-function -ffunction-sections -fdata-sections -Werror=implicit-function-declaration --std=gnu99 -D_DEFAULT_SOURCE -D_XOPEN_SOURCE=600 -O0  -Isrc/c/emu/luabitop  -DARCH='"unix"' -I/usr/include/minizip -Isrc/c/emu/lpeg -c src/c/screen.c -o /home/stig/rpmbuild/BUILD/tmp/lua-curses-debug/src/c/screen.o
In file included from /usr/include/bits/libc-header-start.h:33,
                 from /usr/include/stdlib.h:25,
                 from src/c/globals.h:23,
                 from src/c/screen.c:6:
/usr/include/features.h:397:4: warning: #warning _FORTIFY_SOURCE requires compiling with optimization (-O) [-Wcpp]
  397 | #  warning _FORTIFY_SOURCE requires compiling with optimization (-O)
      |    ^~~~~~~
[36/117] cc -MMD -MF /home/stig/rpmbuild/BUILD/tmp/lua-curses-debug/src/c/word.o.d -O2 -g -pipe -Wformat -Werror=format-security -Wp,-D_FORTIFY_SOURCE=2 -fstack-protector --param=ssp-buffer-size=4 -fasynchronous-unwind-tables -g -DVERSION='"0.8"' -DFILEFORMAT=8 -DNOUNCRYPT -DNOCRYPT -Isrc/c -Wall -Wno-unused-function -ffunction-sections -fdata-sections -Werror=implicit-function-declaration --std=gnu99 -D_DEFAULT_SOURCE -D_XOPEN_SOURCE=600 -O0  -Isrc/c/emu/luabitop  -DARCH='"unix"' -I/usr/include/minizip -Isrc/c/emu/lpeg -c src/c/word.c -o /home/stig/rpmbuild/BUILD/tmp/lua-curses-debug/src/c/word.o
In file included from /usr/include/bits/libc-header-start.h:33,
                 from /usr/include/stdlib.h:25,
                 from src/c/globals.h:23,
                 from src/c/word.c:6:
/usr/include/features.h:397:4: warning: #warning _FORTIFY_SOURCE requires compiling with optimization (-O) [-Wcpp]
  397 | #  warning _FORTIFY_SOURCE requires compiling with optimization (-O)
      |    ^~~~~~~
[37/117] cc -MMD -MF /home/stig/rpmbuild/BUILD/tmp/lua-curses-debug/src/c/arch/unix/cursesw/dpy.o.d -O2 -g -pipe -Wformat -Werror=format-security -Wp,-D_FORTIFY_SOURCE=2 -fstack-protector --param=ssp-buffer-size=4 -fasynchronous-unwind-tables -g -DVERSION='"0.8"' -DFILEFORMAT=8 -DNOUNCRYPT -DNOCRYPT -Isrc/c -Wall -Wno-unused-function -ffunction-sections -fdata-sections -Werror=implicit-function-declaration --std=gnu99 -D_DEFAULT_SOURCE -D_XOPEN_SOURCE=600 -O0  -Isrc/c/emu/luabitop  -DARCH='"unix"' -I/usr/include/minizip -Isrc/c/emu/lpeg -c src/c/arch/unix/cursesw/dpy.c -o /home/stig/rpmbuild/BUILD/tmp/lua-curses-debug/src/c/arch/unix/cursesw/dpy.o
In file included from /usr/include/bits/libc-header-start.h:33,
                 from /usr/include/stdlib.h:25,
                 from src/c/globals.h:23,
                 from src/c/arch/unix/cursesw/dpy.c:6:
/usr/include/features.h:397:4: warning: #warning _FORTIFY_SOURCE requires compiling with optimization (-O) [-Wcpp]
  397 | #  warning _FORTIFY_SOURCE requires compiling with optimization (-O)
      |    ^~~~~~~
[38/117] cc -MMD -MF /home/stig/rpmbuild/BUILD/tmp/lua-curses-debug/src/c/emu/lpeg/lpprint.o.d -O2 -g -pipe -Wformat -Werror=format-security -Wp,-D_FORTIFY_SOURCE=2 -fstack-protector --param=ssp-buffer-size=4 -fasynchronous-unwind-tables -g -DVERSION='"0.8"' -DFILEFORMAT=8 -DNOUNCRYPT -DNOCRYPT -Isrc/c -Wall -Wno-unused-function -ffunction-sections -fdata-sections -Werror=implicit-function-declaration --std=gnu99 -D_DEFAULT_SOURCE -D_XOPEN_SOURCE=600 -O0  -Isrc/c/emu/luabitop  -DARCH='"unix"' -I/usr/include/minizip -Isrc/c/emu/lpeg -c src/c/emu/lpeg/lpprint.c -o /home/stig/rpmbuild/BUILD/tmp/lua-curses-debug/src/c/emu/lpeg/lpprint.o
In file included from /usr/include/ctype.h:25,
                 from src/c/emu/lpeg/lpprint.c:6:
/usr/include/features.h:397:4: warning: #warning _FORTIFY_SOURCE requires compiling with optimization (-O) [-Wcpp]
  397 | #  warning _FORTIFY_SOURCE requires compiling with optimization (-O)
      |    ^~~~~~~
[39/117] sed 's/@@@DATE@@@/19 October 2020/g; s/@@@VERSION@@@/0.8/g' wordgrinder.man > bin/wordgrinder.1
[40/117] sed 's/@@@DATE@@@/19 October 2020/g; s/@@@VERSION@@@/0.8/g' xwordgrinder.man > bin/xwordgrinder.1
[41/117] cc -MMD -MF /home/stig/rpmbuild/BUILD/tmp/lua-curses-debug/src/c/emu/lpeg/lpcap.o.d -O2 -g -pipe -Wformat -Werror=format-security -Wp,-D_FORTIFY_SOURCE=2 -fstack-protector --param=ssp-buffer-size=4 -fasynchronous-unwind-tables -g -DVERSION='"0.8"' -DFILEFORMAT=8 -DNOUNCRYPT -DNOCRYPT -Isrc/c -Wall -Wno-unused-function -ffunction-sections -fdata-sections -Werror=implicit-function-declaration --std=gnu99 -D_DEFAULT_SOURCE -D_XOPEN_SOURCE=600 -O0  -Isrc/c/emu/luabitop  -DARCH='"unix"' -I/usr/include/minizip -Isrc/c/emu/lpeg -c src/c/emu/lpeg/lpcap.c -o /home/stig/rpmbuild/BUILD/tmp/lua-curses-debug/src/c/emu/lpeg/lpcap.o
In file included from /usr/include/bits/libc-header-start.h:33,
                 from /usr/include/limits.h:26,
                 from /usr/lib/gcc/x86_64-mageia-linux-gnu/10/include/limits.h:195,
                 from /usr/lib/gcc/x86_64-mageia-linux-gnu/10/include/syslimits.h:7,
                 from /usr/lib/gcc/x86_64-mageia-linux-gnu/10/include/limits.h:34,
                 from /usr/include/luaconf.h:11,
                 from /usr/include/lua.h:16,
                 from src/c/emu/lpeg/lpcap.c:6:
/usr/include/features.h:397:4: warning: #warning _FORTIFY_SOURCE requires compiling with optimization (-O) [-Wcpp]
  397 | #  warning _FORTIFY_SOURCE requires compiling with optimization (-O)
      |    ^~~~~~~
[42/117] cc -MMD -MF /home/stig/rpmbuild/BUILD/tmp/lua-curses-debug/src/c/emu/lpeg/lpvm.o.d -O2 -g -pipe -Wformat -Werror=format-security -Wp,-D_FORTIFY_SOURCE=2 -fstack-protector --param=ssp-buffer-size=4 -fasynchronous-unwind-tables -g -DVERSION='"0.8"' -DFILEFORMAT=8 -DNOUNCRYPT -DNOCRYPT -Isrc/c -Wall -Wno-unused-function -ffunction-sections -fdata-sections -Werror=implicit-function-declaration --std=gnu99 -D_DEFAULT_SOURCE -D_XOPEN_SOURCE=600 -O0  -Isrc/c/emu/luabitop  -DARCH='"unix"' -I/usr/include/minizip -Isrc/c/emu/lpeg -c src/c/emu/lpeg/lpvm.c -o /home/stig/rpmbuild/BUILD/tmp/lua-curses-debug/src/c/emu/lpeg/lpvm.o
In file included from /usr/include/bits/libc-header-start.h:33,
                 from /usr/include/limits.h:26,
                 from /usr/lib/gcc/x86_64-mageia-linux-gnu/10/include/limits.h:195,
                 from /usr/lib/gcc/x86_64-mageia-linux-gnu/10/include/syslimits.h:7,
                 from /usr/lib/gcc/x86_64-mageia-linux-gnu/10/include/limits.h:34,
                 from src/c/emu/lpeg/lpvm.c:6:
/usr/include/features.h:397:4: warning: #warning _FORTIFY_SOURCE requires compiling with optimization (-O) [-Wcpp]
  397 | #  warning _FORTIFY_SOURCE requires compiling with optimization (-O)
      |    ^~~~~~~
[43/117] cc -MMD -MF /home/stig/rpmbuild/BUILD/tmp/lua-curses-release/src/c/emu/lpeg/lpcode.o.d -O2 -g -pipe -Wformat -Werror=format-security -Wp,-D_FORTIFY_SOURCE=2 -fstack-protector --param=ssp-buffer-size=4 -fasynchronous-unwind-tables -g -DVERSION='"0.8"' -DFILEFORMAT=8 -DNOUNCRYPT -DNOCRYPT -Isrc/c -Wall -Wno-unused-function -ffunction-sections -fdata-sections -Werror=implicit-function-declaration --std=gnu99 -D_DEFAULT_SOURCE -D_XOPEN_SOURCE=600 -Os  -Isrc/c/emu/luabitop  -DARCH='"unix"' -I/usr/include/minizip -Isrc/c/emu/lpeg -c src/c/emu/lpeg/lpcode.c -o /home/stig/rpmbuild/BUILD/tmp/lua-curses-release/src/c/emu/lpeg/lpcode.o
[44/117] cc -MMD -MF /home/stig/rpmbuild/BUILD/tmp/lua-curses-debug/src/c/emu/lpeg/lpcode.o.d -O2 -g -pipe -Wformat -Werror=format-security -Wp,-D_FORTIFY_SOURCE=2 -fstack-protector --param=ssp-buffer-size=4 -fasynchronous-unwind-tables -g -DVERSION='"0.8"' -DFILEFORMAT=8 -DNOUNCRYPT -DNOCRYPT -Isrc/c -Wall -Wno-unused-function -ffunction-sections -fdata-sections -Werror=implicit-function-declaration --std=gnu99 -D_DEFAULT_SOURCE -D_XOPEN_SOURCE=600 -O0  -Isrc/c/emu/luabitop  -DARCH='"unix"' -I/usr/include/minizip -Isrc/c/emu/lpeg -c src/c/emu/lpeg/lpcode.c -o /home/stig/rpmbuild/BUILD/tmp/lua-curses-debug/src/c/emu/lpeg/lpcode.o
In file included from /usr/include/bits/libc-header-start.h:33,
                 from /usr/include/limits.h:26,
                 from /usr/lib/gcc/x86_64-mageia-linux-gnu/10/include/limits.h:195,
                 from /usr/lib/gcc/x86_64-mageia-linux-gnu/10/include/syslimits.h:7,
                 from /usr/lib/gcc/x86_64-mageia-linux-gnu/10/include/limits.h:34,
                 from src/c/emu/lpeg/lpcode.c:6:
/usr/include/features.h:397:4: warning: #warning _FORTIFY_SOURCE requires compiling with optimization (-O) [-Wcpp]
  397 | #  warning _FORTIFY_SOURCE requires compiling with optimization (-O)
      |    ^~~~~~~
[45/117] cc -MMD -MF /home/stig/rpmbuild/BUILD/tmp/lua-curses-debug/src/c/emu/lpeg/lptree.o.d -O2 -g -pipe -Wformat -Werror=format-security -Wp,-D_FORTIFY_SOURCE=2 -fstack-protector --param=ssp-buffer-size=4 -fasynchronous-unwind-tables -g -DVERSION='"0.8"' -DFILEFORMAT=8 -DNOUNCRYPT -DNOCRYPT -Isrc/c -Wall -Wno-unused-function -ffunction-sections -fdata-sections -Werror=implicit-function-declaration --std=gnu99 -D_DEFAULT_SOURCE -D_XOPEN_SOURCE=600 -O0  -Isrc/c/emu/luabitop  -DARCH='"unix"' -I/usr/include/minizip -Isrc/c/emu/lpeg -c src/c/emu/lpeg/lptree.c -o /home/stig/rpmbuild/BUILD/tmp/lua-curses-debug/src/c/emu/lpeg/lptree.o
In file included from /usr/include/ctype.h:25,
                 from src/c/emu/lpeg/lptree.c:6:
/usr/include/features.h:397:4: warning: #warning _FORTIFY_SOURCE requires compiling with optimization (-O) [-Wcpp]
  397 | #  warning _FORTIFY_SOURCE requires compiling with optimization (-O)
      |    ^~~~~~~
[46/117] cc -MMD -MF /home/stig/rpmbuild/BUILD/tmp/lua-curses-release/src/c/emu/lpeg/lptree.o.d -O2 -g -pipe -Wformat -Werror=format-security -Wp,-D_FORTIFY_SOURCE=2 -fstack-protector --param=ssp-buffer-size=4 -fasynchronous-unwind-tables -g -DVERSION='"0.8"' -DFILEFORMAT=8 -DNOUNCRYPT -DNOCRYPT -Isrc/c -Wall -Wno-unused-function -ffunction-sections -fdata-sections -Werror=implicit-function-declaration --std=gnu99 -D_DEFAULT_SOURCE -D_XOPEN_SOURCE=600 -Os  -Isrc/c/emu/luabitop  -DARCH='"unix"' -I/usr/include/minizip -Isrc/c/emu/lpeg -c src/c/emu/lpeg/lptree.c -o /home/stig/rpmbuild/BUILD/tmp/lua-curses-release/src/c/emu/lpeg/lptree.o
[47/117] cc -MMD -MF /home/stig/rpmbuild/BUILD/tmp/lua-curses-release/home/stig/rpmbuild/BUILD/tmp/luascripts.o.d -O2 -g -pipe -Wformat -Werror=format-security -Wp,-D_FORTIFY_SOURCE=2 -fstack-protector --param=ssp-buffer-size=4 -fasynchronous-unwind-tables -g -DVERSION='"0.8"' -DFILEFORMAT=8 -DNOUNCRYPT -DNOCRYPT -Isrc/c -Wall -Wno-unused-function -ffunction-sections -fdata-sections -Werror=implicit-function-declaration --std=gnu99 -D_DEFAULT_SOURCE -D_XOPEN_SOURCE=600 -Os  -Isrc/c/emu/luabitop  -DARCH='"unix"' -I/usr/include/minizip -Isrc/c/emu/lpeg -c /home/stig/rpmbuild/BUILD/tmp/luascripts.c -o /home/stig/rpmbuild/BUILD/tmp/lua-curses-release/home/stig/rpmbuild/BUILD/tmp/luascripts.o
[48/117] cc -MMD -MF /home/stig/rpmbuild/BUILD/tmp/lua-x11-release/home/stig/rpmbuild/BUILD/tmp/luascripts.o.d -O2 -g -pipe -Wformat -Werror=format-security -Wp,-D_FORTIFY_SOURCE=2 -fstack-protector --param=ssp-buffer-size=4 -fasynchronous-unwind-tables -g -DVERSION='"0.8"' -DFILEFORMAT=8 -DNOUNCRYPT -DNOCRYPT -Isrc/c -Wall -Wno-unused-function -ffunction-sections -fdata-sections -Werror=implicit-function-declaration --std=gnu99 -I/usr/include/freetype2 -I/usr/include/libpng16 -I/usr/include/X11 -Os  -Isrc/c/emu/luabitop  -DARCH='"unix"' -I/usr/include/minizip -Isrc/c/emu/lpeg -c /home/stig/rpmbuild/BUILD/tmp/luascripts.c -o /home/stig/rpmbuild/BUILD/tmp/lua-x11-release/home/stig/rpmbuild/BUILD/tmp/luascripts.o
[49/117] cc /home/stig/rpmbuild/BUILD/tmp/lua-curses-release/src/c/utils.o /home/stig/rpmbuild/BUILD/tmp/lua-curses-release/src/c/filesystem.o /home/stig/rpmbuild/BUILD/tmp/lua-curses-release/src/c/zip.o /home/stig/rpmbuild/BUILD/tmp/lua-curses-release/src/c/main.o /home/stig/rpmbuild/BUILD/tmp/lua-curses-release/src/c/lua.o /home/stig/rpmbuild/BUILD/tmp/lua-curses-release/src/c/word.o /home/stig/rpmbuild/BUILD/tmp/lua-curses-release/src/c/screen.o /home/stig/rpmbuild/BUILD/tmp/lua-curses-release/home/stig/rpmbuild/BUILD/tmp/luascripts.o /home/stig/rpmbuild/BUILD/tmp/lua-curses-release/src/c/emu/luabitop/lua-bitop.o /home/stig/rpmbuild/BUILD/tmp/lua-curses-release/src/c/arch/unix/cursesw/dpy.o /home/stig/rpmbuild/BUILD/tmp/lua-curses-release/src/c/emu/lpeg/lpvm.o /home/stig/rpmbuild/BUILD/tmp/lua-curses-release/src/c/emu/lpeg/lpcap.o /home/stig/rpmbuild/BUILD/tmp/lua-curses-release/src/c/emu/lpeg/lptree.o /home/stig/rpmbuild/BUILD/tmp/lua-curses-release/src/c/emu/lpeg/lpcode.o /home/stig/rpmbuild/BUILD/tmp/lua-curses-release/src/c/emu/lpeg/lpprint.o -o bin/wordgrinder-lua-curses-release -Wl,--as-needed -Wl,--no-undefined -Wl,-z,relro -Wl,-O1 -Wl,--build-id -Wl,--enable-new-dtags -lz -lm -g -lncursesw -ltinfo -llua -lm  -lminizip
[50/117] cc /home/stig/rpmbuild/BUILD/tmp/lua-x11-release/src/c/utils.o /home/stig/rpmbuild/BUILD/tmp/lua-x11-release/src/c/filesystem.o /home/stig/rpmbuild/BUILD/tmp/lua-x11-release/src/c/zip.o /home/stig/rpmbuild/BUILD/tmp/lua-x11-release/src/c/main.o /home/stig/rpmbuild/BUILD/tmp/lua-x11-release/src/c/lua.o /home/stig/rpmbuild/BUILD/tmp/lua-x11-release/src/c/word.o /home/stig/rpmbuild/BUILD/tmp/lua-x11-release/src/c/screen.o /home/stig/rpmbuild/BUILD/tmp/lua-x11-release/home/stig/rpmbuild/BUILD/tmp/luascripts.o /home/stig/rpmbuild/BUILD/tmp/lua-x11-release/src/c/emu/luabitop/lua-bitop.o /home/stig/rpmbuild/BUILD/tmp/lua-x11-release/src/c/arch/unix/x11/x11.o /home/stig/rpmbuild/BUILD/tmp/lua-x11-release/src/c/arch/unix/x11/glyphcache.o /home/stig/rpmbuild/BUILD/tmp/lua-x11-release/src/c/emu/lpeg/lpvm.o /home/stig/rpmbuild/BUILD/tmp/lua-x11-release/src/c/emu/lpeg/lpcap.o /home/stig/rpmbuild/BUILD/tmp/lua-x11-release/src/c/emu/lpeg/lptree.o /home/stig/rpmbuild/BUILD/tmp/lua-x11-release/src/c/emu/lpeg/lpcode.o /home/stig/rpmbuild/BUILD/tmp/lua-x11-release/src/c/emu/lpeg/lpprint.o -o bin/xwordgrinder-lua-x11-release -Wl,--as-needed -Wl,--no-undefined -Wl,-z,relro -Wl,-O1 -Wl,--build-id -Wl,--enable-new-dtags -lz -lm -g -lfreetype -lX11 -lXft -llua -lm  -lminizip
[51/117] cc -MMD -MF /home/stig/rpmbuild/BUILD/tmp/lua-curses-debug/home/stig/rpmbuild/BUILD/tmp/luascripts.o.d -O2 -g -pipe -Wformat -Werror=format-security -Wp,-D_FORTIFY_SOURCE=2 -fstack-protector --param=ssp-buffer-size=4 -fasynchronous-unwind-tables -g -DVERSION='"0.8"' -DFILEFORMAT=8 -DNOUNCRYPT -DNOCRYPT -Isrc/c -Wall -Wno-unused-function -ffunction-sections -fdata-sections -Werror=implicit-function-declaration --std=gnu99 -D_DEFAULT_SOURCE -D_XOPEN_SOURCE=600 -O0  -Isrc/c/emu/luabitop  -DARCH='"unix"' -I/usr/include/minizip -Isrc/c/emu/lpeg -c /home/stig/rpmbuild/BUILD/tmp/luascripts.c -o /home/stig/rpmbuild/BUILD/tmp/lua-curses-debug/home/stig/rpmbuild/BUILD/tmp/luascripts.o
In file included from /usr/include/bits/libc-header-start.h:33,
                 from /usr/include/stdlib.h:25,
                 from src/c/globals.h:23,
                 from /home/stig/rpmbuild/BUILD/tmp/luascripts.c:1:
/usr/include/features.h:397:4: warning: #warning _FORTIFY_SOURCE requires compiling with optimization (-O) [-Wcpp]
  397 | #  warning _FORTIFY_SOURCE requires compiling with optimization (-O)
      |    ^~~~~~~
[52/117] cc /home/stig/rpmbuild/BUILD/tmp/lua-curses-debug/src/c/utils.o /home/stig/rpmbuild/BUILD/tmp/lua-curses-debug/src/c/filesystem.o /home/stig/rpmbuild/BUILD/tmp/lua-curses-debug/src/c/zip.o /home/stig/rpmbuild/BUILD/tmp/lua-curses-debug/src/c/main.o /home/stig/rpmbuild/BUILD/tmp/lua-curses-debug/src/c/lua.o /home/stig/rpmbuild/BUILD/tmp/lua-curses-debug/src/c/word.o /home/stig/rpmbuild/BUILD/tmp/lua-curses-debug/src/c/screen.o /home/stig/rpmbuild/BUILD/tmp/lua-curses-debug/home/stig/rpmbuild/BUILD/tmp/luascripts.o /home/stig/rpmbuild/BUILD/tmp/lua-curses-debug/src/c/emu/luabitop/lua-bitop.o /home/stig/rpmbuild/BUILD/tmp/lua-curses-debug/src/c/arch/unix/cursesw/dpy.o /home/stig/rpmbuild/BUILD/tmp/lua-curses-debug/src/c/emu/lpeg/lpvm.o /home/stig/rpmbuild/BUILD/tmp/lua-curses-debug/src/c/emu/lpeg/lpcap.o /home/stig/rpmbuild/BUILD/tmp/lua-curses-debug/src/c/emu/lpeg/lptree.o /home/stig/rpmbuild/BUILD/tmp/lua-curses-debug/src/c/emu/lpeg/lpcode.o /home/stig/rpmbuild/BUILD/tmp/lua-curses-debug/src/c/emu/lpeg/lpprint.o -o bin/wordgrinder-lua-curses-debug -Wl,--as-needed -Wl,--no-undefined -Wl,-z,relro -Wl,-O1 -Wl,--build-id -Wl,--enable-new-dtags -lz -lm -g -lncursesw -ltinfo -llua -lm  -lminizip
[53/117] bin/wordgrinder-lua-curses-debug --lua tests/line-wrapping.lua && touch /home/stig/rpmbuild/BUILD/tmp/lua-curses-debug/tests/line-wrapping.lua.stamp
[54/117] bin/wordgrinder-lua-curses-debug --lua tests/io-open-enoent.lua && touch /home/stig/rpmbuild/BUILD/tmp/lua-curses-debug/tests/io-open-enoent.lua.stamp
[55/117] bin/wordgrinder-lua-curses-debug --lua tests/apply-markup.lua && touch /home/stig/rpmbuild/BUILD/tmp/lua-curses-debug/tests/apply-markup.lua.stamp
[56/117] bin/wordgrinder-lua-curses-debug --lua tests/load-0.1.lua && touch /home/stig/rpmbuild/BUILD/tmp/lua-curses-debug/tests/load-0.1.lua.stamp
[57/117] bin/wordgrinder-lua-curses-debug --lua tests/line-down-into-style.lua && touch /home/stig/rpmbuild/BUILD/tmp/lua-curses-debug/tests/line-down-into-style.lua.stamp
[58/117] bin/wordgrinder-lua-curses-debug --lua tests/line-up.lua && touch /home/stig/rpmbuild/BUILD/tmp/lua-curses-debug/tests/line-up.lua.stamp
[59/117] bin/wordgrinder-lua-curses-debug --lua tests/load-0.2.lua && touch /home/stig/rpmbuild/BUILD/tmp/lua-curses-debug/tests/load-0.2.lua.stamp
[60/117] bin/wordgrinder-lua-curses-debug --lua tests/load-0.3.3.lua && touch /home/stig/rpmbuild/BUILD/tmp/lua-curses-debug/tests/load-0.3.3.lua.stamp
[61/117] bin/wordgrinder-lua-curses-debug --lua tests/argument-parser.lua && touch /home/stig/rpmbuild/BUILD/tmp/lua-curses-debug/tests/argument-parser.lua.stamp
[62/117] bin/wordgrinder-lua-curses-debug --lua tests/change-paragraph-style.lua && touch /home/stig/rpmbuild/BUILD/tmp/lua-curses-debug/tests/change-paragraph-style.lua.stamp
[63/117] bin/wordgrinder-lua-curses-debug --lua tests/clipboard.lua && touch /home/stig/rpmbuild/BUILD/tmp/lua-curses-debug/tests/clipboard.lua.stamp
[64/117] bin/wordgrinder-lua-curses-debug --lua tests/delete-selection.lua && touch /home/stig/rpmbuild/BUILD/tmp/lua-curses-debug/tests/delete-selection.lua.stamp
[65/117] bin/wordgrinder-lua-curses-debug --lua tests/escape-strings.lua && touch /home/stig/rpmbuild/BUILD/tmp/lua-curses-debug/tests/escape-strings.lua.stamp
[66/117] bin/wordgrinder-lua-curses-debug --lua tests/export-to-html.lua && touch /home/stig/rpmbuild/BUILD/tmp/lua-curses-debug/tests/export-to-html.lua.stamp
[67/117] bin/wordgrinder-lua-curses-debug --lua tests/export-to-latex.lua && touch /home/stig/rpmbuild/BUILD/tmp/lua-curses-debug/tests/export-to-latex.lua.stamp
[68/117] bin/wordgrinder-lua-curses-debug --lua tests/export-to-markdown.lua && touch /home/stig/rpmbuild/BUILD/tmp/lua-curses-debug/tests/export-to-markdown.lua.stamp
[69/117] bin/wordgrinder-lua-curses-debug --lua tests/export-to-opendocument.lua && touch /home/stig/rpmbuild/BUILD/tmp/lua-curses-debug/tests/export-to-opendocument.lua.stamp
[70/117] bin/wordgrinder-lua-curses-debug --lua tests/export-to-text.lua && touch /home/stig/rpmbuild/BUILD/tmp/lua-curses-debug/tests/export-to-text.lua.stamp
[71/117] bin/wordgrinder-lua-curses-debug --lua tests/export-to-troff.lua && touch /home/stig/rpmbuild/BUILD/tmp/lua-curses-debug/tests/export-to-troff.lua.stamp
[72/117] bin/wordgrinder-lua-curses-debug --lua tests/immutable-paragraphs.lua && touch /home/stig/rpmbuild/BUILD/tmp/lua-curses-debug/tests/immutable-paragraphs.lua.stamp
[73/117] bin/wordgrinder-lua-curses-debug --lua tests/find-and-replace.lua && touch /home/stig/rpmbuild/BUILD/tmp/lua-curses-debug/tests/find-and-replace.lua.stamp
[74/117] bin/wordgrinder-lua-curses-debug --lua tests/import-from-html.lua && touch /home/stig/rpmbuild/BUILD/tmp/lua-curses-debug/tests/import-from-html.lua.stamp
[75/117] bin/wordgrinder-lua-curses-debug --lua tests/filesystem.lua && touch /home/stig/rpmbuild/BUILD/tmp/lua-curses-debug/tests/filesystem.lua.stamp
[76/117] bin/wordgrinder-lua-curses-debug --lua tests/get-style-from-word.lua && touch /home/stig/rpmbuild/BUILD/tmp/lua-curses-debug/tests/get-style-from-word.lua.stamp
[77/117] bin/wordgrinder-lua-curses-debug --lua tests/import-from-text.lua && touch /home/stig/rpmbuild/BUILD/tmp/lua-curses-debug/tests/import-from-text.lua.stamp
[78/117] bin/wordgrinder-lua-curses-debug --lua tests/insert-space-with-style-hint.lua && touch /home/stig/rpmbuild/BUILD/tmp/lua-curses-debug/tests/insert-space-with-style-hint.lua.stamp
[79/117] bin/wordgrinder-lua-curses-debug --lua tests/import-from-opendocument.lua && touch /home/stig/rpmbuild/BUILD/tmp/lua-curses-debug/tests/import-from-opendocument.lua.stamp
[80/117] bin/wordgrinder-lua-curses-debug --lua tests/load-0.5.3.lua && touch /home/stig/rpmbuild/BUILD/tmp/lua-curses-debug/tests/load-0.5.3.lua.stamp
[81/117] bin/wordgrinder-lua-curses-debug --lua tests/load-0.6.lua && touch /home/stig/rpmbuild/BUILD/tmp/lua-curses-debug/tests/load-0.6.lua.stamp
[82/117] bin/wordgrinder-lua-curses-debug --lua tests/load-0.4.1.lua && touch /home/stig/rpmbuild/BUILD/tmp/lua-curses-debug/tests/load-0.4.1.lua.stamp
[83/117] bin/wordgrinder-lua-curses-debug --lua tests/load-0.6-v6.lua && touch /home/stig/rpmbuild/BUILD/tmp/lua-curses-debug/tests/load-0.6-v6.lua.stamp
[84/117] bin/wordgrinder-lua-curses-debug --lua tests/load-0.7.2.lua && touch /home/stig/rpmbuild/BUILD/tmp/lua-curses-debug/tests/load-0.7.2.lua.stamp
[85/117] bin/wordgrinder-lua-curses-debug --lua tests/numbered-lists.lua && touch /home/stig/rpmbuild/BUILD/tmp/lua-curses-debug/tests/numbered-lists.lua.stamp
[86/117] bin/wordgrinder-lua-curses-debug --lua tests/parse-string-into-words.lua && touch /home/stig/rpmbuild/BUILD/tmp/lua-curses-debug/tests/parse-string-into-words.lua.stamp
[87/117] bin/wordgrinder-lua-curses-debug --lua tests/load-failed.lua && touch /home/stig/rpmbuild/BUILD/tmp/lua-curses-debug/tests/load-failed.lua.stamp
[88/117] bin/wordgrinder-lua-curses-debug --lua tests/save-format-escaped-strings.lua && touch /home/stig/rpmbuild/BUILD/tmp/lua-curses-debug/tests/save-format-escaped-strings.lua.stamp
[89/117] bin/wordgrinder-lua-curses-debug --lua tests/move-while-selected.lua && touch /home/stig/rpmbuild/BUILD/tmp/lua-curses-debug/tests/move-while-selected.lua.stamp
[90/117] bin/wordgrinder-lua-curses-debug --lua tests/import-from-markdown.lua && touch /home/stig/rpmbuild/BUILD/tmp/lua-curses-debug/tests/import-from-markdown.lua.stamp
[91/117] bin/wordgrinder-lua-curses-debug --lua tests/simple-editing.lua && touch /home/stig/rpmbuild/BUILD/tmp/lua-curses-debug/tests/simple-editing.lua.stamp
[92/117] bin/wordgrinder-lua-curses-debug --lua tests/smartquotes-selection.lua && touch /home/stig/rpmbuild/BUILD/tmp/lua-curses-debug/tests/smartquotes-selection.lua.stamp
[93/117] bin/wordgrinder-lua-curses-debug --lua tests/spellchecker.lua && touch /home/stig/rpmbuild/BUILD/tmp/lua-curses-debug/tests/spellchecker.lua.stamp
[94/117] bin/wordgrinder-lua-curses-debug --lua tests/tableio.lua && touch /home/stig/rpmbuild/BUILD/tmp/lua-curses-debug/tests/tableio.lua.stamp
[95/117] bin/wordgrinder-lua-curses-debug --lua tests/type-while-selected.lua && touch /home/stig/rpmbuild/BUILD/tmp/lua-curses-debug/tests/type-while-selected.lua.stamp
[96/117] bin/wordgrinder-lua-curses-debug --lua tests/utf8.lua && touch /home/stig/rpmbuild/BUILD/tmp/lua-curses-debug/tests/utf8.lua.stamp
[97/117] bin/wordgrinder-lua-curses-debug --lua tests/undo.lua && touch /home/stig/rpmbuild/BUILD/tmp/lua-curses-debug/tests/undo.lua.stamp
[98/117] bin/wordgrinder-lua-curses-debug --lua tests/utils.lua && touch /home/stig/rpmbuild/BUILD/tmp/lua-curses-debug/tests/utils.lua.stamp
[99/117] bin/wordgrinder-lua-curses-debug --lua tests/weirdness-combining-words.lua && touch /home/stig/rpmbuild/BUILD/tmp/lua-curses-debug/tests/weirdness-combining-words.lua.stamp
[100/117] bin/wordgrinder-lua-curses-debug --lua tests/weirdness-delete-word.lua && touch /home/stig/rpmbuild/BUILD/tmp/lua-curses-debug/tests/weirdness-delete-word.lua.stamp
[101/117] bin/wordgrinder-lua-curses-debug --lua tests/weirdness-globals-applied-on-startup.lua && touch /home/stig/rpmbuild/BUILD/tmp/lua-curses-debug/tests/weirdness-globals-applied-on-startup.lua.stamp
[102/117] bin/wordgrinder-lua-curses-debug --lua tests/weirdness-cannot-save-settings.lua && touch /home/stig/rpmbuild/BUILD/tmp/lua-curses-debug/tests/weirdness-cannot-save-settings.lua.stamp
[103/117] bin/wordgrinder-lua-curses-debug --lua tests/weirdness-deletion-with-multiple-spaces.lua && touch /home/stig/rpmbuild/BUILD/tmp/lua-curses-debug/tests/weirdness-deletion-with-multiple-spaces.lua.stamp
[104/117] bin/wordgrinder-lua-curses-debug --lua tests/weirdness-end-of-lines.lua && touch /home/stig/rpmbuild/BUILD/tmp/lua-curses-debug/tests/weirdness-end-of-lines.lua.stamp
[105/117] bin/wordgrinder-lua-curses-debug --lua tests/weirdness-splitting-lines-before-space.lua && touch /home/stig/rpmbuild/BUILD/tmp/lua-curses-debug/tests/weirdness-splitting-lines-before-space.lua.stamp
[106/117] bin/wordgrinder-lua-curses-debug --lua tests/weirdness-stray-control-char-in-export.lua && touch /home/stig/rpmbuild/BUILD/tmp/lua-curses-debug/tests/weirdness-stray-control-char-in-export.lua.stamp
[107/117] bin/wordgrinder-lua-curses-debug --lua tests/weirdness-save-new-document.lua && touch /home/stig/rpmbuild/BUILD/tmp/lua-curses-debug/tests/weirdness-save-new-document.lua.stamp
[108/117] bin/wordgrinder-lua-curses-debug --lua tests/weirdness-styled-clipboard.lua && touch /home/stig/rpmbuild/BUILD/tmp/lua-curses-debug/tests/weirdness-styled-clipboard.lua.stamp
[109/117] bin/wordgrinder-lua-curses-debug --lua tests/weirdness-replacing-words.lua && touch /home/stig/rpmbuild/BUILD/tmp/lua-curses-debug/tests/weirdness-replacing-words.lua.stamp
[110/117] bin/wordgrinder-lua-curses-debug --lua tests/weirdness-styling-unicode.lua && touch /home/stig/rpmbuild/BUILD/tmp/lua-curses-debug/tests/weirdness-styling-unicode.lua.stamp
[111/117] bin/wordgrinder-lua-curses-debug --lua tests/weirdness-missing-clipboard.lua && touch /home/stig/rpmbuild/BUILD/tmp/lua-curses-debug/tests/weirdness-missing-clipboard.lua.stamp
[112/117] bin/wordgrinder-lua-curses-debug --lua tests/smartquotes-typing.lua && touch /home/stig/rpmbuild/BUILD/tmp/lua-curses-debug/tests/smartquotes-typing.lua.stamp
[113/117] bin/wordgrinder-lua-curses-debug --lua tests/weirdness-upgrade-0.6-with-clipboard.lua && touch /home/stig/rpmbuild/BUILD/tmp/lua-curses-debug/tests/weirdness-upgrade-0.6-with-clipboard.lua.stamp
[114/117] bin/wordgrinder-lua-curses-debug --lua tests/weirdness-word-right-to-last-word-in-doc.lua && touch /home/stig/rpmbuild/BUILD/tmp/lua-curses-debug/tests/weirdness-word-right-to-last-word-in-doc.lua.stamp
[115/117] bin/wordgrinder-lua-curses-debug --lua tests/windows-installdir.lua && touch /home/stig/rpmbuild/BUILD/tmp/lua-curses-debug/tests/windows-installdir.lua.stamp
[116/117] bin/wordgrinder-lua-curses-debug --lua tests/weirdness-word-left-from-end-of-line.lua && touch /home/stig/rpmbuild/BUILD/tmp/lua-curses-debug/tests/weirdness-word-left-from-end-of-line.lua.stamp
[117/117] bin/wordgrinder-lua-curses-debug --lua tests/xpattern.lua && touch /home/stig/rpmbuild/BUILD/tmp/lua-curses-debug/tests/xpattern.lua.stamp
+ RPM_EC=0
++ jobs -p
+ exit 0
Executing(%install): /bin/sh -e /home/stig/rpmbuild/tmp/rpm-tmp.C7rULJ
+ umask 022
+ cd /home/stig/rpmbuild/BUILD
+ '[' 1 -eq 1 ']'
+ '[' /home/stig/rpmbuild/BUILDROOT/wordgrinder-0.7.3-0.git20201018.1.1.mga8.x86_64 '!=' / ']'
+ rm -rf /home/stig/rpmbuild/BUILDROOT/wordgrinder-0.7.3-0.git20201018.1.1.mga8.x86_64
++ dirname /home/stig/rpmbuild/BUILDROOT/wordgrinder-0.7.3-0.git20201018.1.1.mga8.x86_64
+ mkdir -p /home/stig/rpmbuild/BUILDROOT
+ mkdir /home/stig/rpmbuild/BUILDROOT/wordgrinder-0.7.3-0.git20201018.1.1.mga8.x86_64
+ cd wordgrinder-master
+ '[' 1 -eq 1 ']'
+ /usr/bin/make install DESTDIR=/home/stig/rpmbuild/BUILDROOT/wordgrinder-0.7.3-0.git20201018.1.1.mga8.x86_64 'INSTALL=/usr/bin/install -p' DESTDIR=/home/stig/rpmbuild/BUILDROOT/wordgrinder-0.7.3-0.git20201018.1.1.mga8.x86_64 PREFIX=/usr
Bootstrapping build
Windows toolchain: not found (WINCC=false, WINDRES=false, MAKENSIS=false)
Detecting Curses in package 'ncursesw': found
Detecting FreeType2 in package 'freetype2': found
Detecting Xft in package '--cflags={-I/usr/include/X11} --libs={-lX11 -lXft}': found
Detecting Minizip in package 'minizip': found
Detecting lpeg in package 'builtin': found
Detecting uthash in package 'builtin': found
Detecting LuaBitOp in package 'builtin': found
Detecting Lua in package 'lua': found
Detecting Lua in package 'builtin': found
Detecting Lua in package 'lua-5.1': not found
Detecting Lua in package 'lua-5.2': not found
Detecting Lua in package 'lua-5.3': not found
Detecting Lua in package 'luajit': not found
The preferred Lua package is: 'lua'
[1/120] cc -MMD -MF .obj/lua-x11-release/src/c/main.o.d  -g -DVERSION='"0.8"' -DFILEFORMAT=8 -DNOUNCRYPT -DNOCRYPT -Isrc/c -Wall -Wno-unused-function -ffunction-sections -fdata-sections -Werror=implicit-function-declaration --std=gnu99 -I/usr/include/freetype2 -I/usr/include/libpng16 -I/usr/include/X11 -Os  -Isrc/c/emu/luabitop -Isrc/c/emu/uthash -DARCH='"unix"' -I/usr/include/minizip -Isrc/c/emu/lpeg -c src/c/main.c -o .obj/lua-x11-release/src/c/main.o
[2/120] cc -MMD -MF .obj/lua-x11-release/src/c/emu/luabitop/lua-bitop.o.d  -g -DVERSION='"0.8"' -DFILEFORMAT=8 -DNOUNCRYPT -DNOCRYPT -Isrc/c -Wall -Wno-unused-function -ffunction-sections -fdata-sections -Werror=implicit-function-declaration --std=gnu99 -I/usr/include/freetype2 -I/usr/include/libpng16 -I/usr/include/X11 -Os  -Isrc/c/emu/luabitop -Isrc/c/emu/uthash -DARCH='"unix"' -I/usr/include/minizip -Isrc/c/emu/lpeg -c src/c/emu/luabitop/lua-bitop.c -o .obj/lua-x11-release/src/c/emu/luabitop/lua-bitop.o
[3/120] cc -MMD -MF .obj/lua-x11-release/src/c/lua.o.d  -g -DVERSION='"0.8"' -DFILEFORMAT=8 -DNOUNCRYPT -DNOCRYPT -Isrc/c -Wall -Wno-unused-function -ffunction-sections -fdata-sections -Werror=implicit-function-declaration --std=gnu99 -I/usr/include/freetype2 -I/usr/include/libpng16 -I/usr/include/X11 -Os  -Isrc/c/emu/luabitop -Isrc/c/emu/uthash -DARCH='"unix"' -I/usr/include/minizip -Isrc/c/emu/lpeg -c src/c/lua.c -o .obj/lua-x11-release/src/c/lua.o
[4/120] cc -MMD -MF .obj/lua-x11-release/src/c/filesystem.o.d  -g -DVERSION='"0.8"' -DFILEFORMAT=8 -DNOUNCRYPT -DNOCRYPT -Isrc/c -Wall -Wno-unused-function -ffunction-sections -fdata-sections -Werror=implicit-function-declaration --std=gnu99 -I/usr/include/freetype2 -I/usr/include/libpng16 -I/usr/include/X11 -Os  -Isrc/c/emu/luabitop -Isrc/c/emu/uthash -DARCH='"unix"' -I/usr/include/minizip -Isrc/c/emu/lpeg -c src/c/filesystem.c -o .obj/lua-x11-release/src/c/filesystem.o
[5/120] cc -MMD -MF .obj/lua-x11-release/src/c/zip.o.d  -g -DVERSION='"0.8"' -DFILEFORMAT=8 -DNOUNCRYPT -DNOCRYPT -Isrc/c -Wall -Wno-unused-function -ffunction-sections -fdata-sections -Werror=implicit-function-declaration --std=gnu99 -I/usr/include/freetype2 -I/usr/include/libpng16 -I/usr/include/X11 -Os  -Isrc/c/emu/luabitop -Isrc/c/emu/uthash -DARCH='"unix"' -I/usr/include/minizip -Isrc/c/emu/lpeg -c src/c/zip.c -o .obj/lua-x11-release/src/c/zip.o
[6/120] cc -MMD -MF .obj/lua-x11-release/src/c/utils.o.d  -g -DVERSION='"0.8"' -DFILEFORMAT=8 -DNOUNCRYPT -DNOCRYPT -Isrc/c -Wall -Wno-unused-function -ffunction-sections -fdata-sections -Werror=implicit-function-declaration --std=gnu99 -I/usr/include/freetype2 -I/usr/include/libpng16 -I/usr/include/X11 -Os  -Isrc/c/emu/luabitop -Isrc/c/emu/uthash -DARCH='"unix"' -I/usr/include/minizip -Isrc/c/emu/lpeg -c src/c/utils.c -o .obj/lua-x11-release/src/c/utils.o
[7/120] cc -MMD -MF .obj/lua-x11-release/src/c/screen.o.d  -g -DVERSION='"0.8"' -DFILEFORMAT=8 -DNOUNCRYPT -DNOCRYPT -Isrc/c -Wall -Wno-unused-function -ffunction-sections -fdata-sections -Werror=implicit-function-declaration --std=gnu99 -I/usr/include/freetype2 -I/usr/include/libpng16 -I/usr/include/X11 -Os  -Isrc/c/emu/luabitop -Isrc/c/emu/uthash -DARCH='"unix"' -I/usr/include/minizip -Isrc/c/emu/lpeg -c src/c/screen.c -o .obj/lua-x11-release/src/c/screen.o
[8/120] cc -MMD -MF .obj/lua-x11-release/src/c/emu/lpeg/lpprint.o.d  -g -DVERSION='"0.8"' -DFILEFORMAT=8 -DNOUNCRYPT -DNOCRYPT -Isrc/c -Wall -Wno-unused-function -ffunction-sections -fdata-sections -Werror=implicit-function-declaration --std=gnu99 -I/usr/include/freetype2 -I/usr/include/libpng16 -I/usr/include/X11 -Os  -Isrc/c/emu/luabitop -Isrc/c/emu/uthash -DARCH='"unix"' -I/usr/include/minizip -Isrc/c/emu/lpeg -c src/c/emu/lpeg/lpprint.c -o .obj/lua-x11-release/src/c/emu/lpeg/lpprint.o
[9/120] cc -MMD -MF .obj/lua-x11-release/src/c/word.o.d  -g -DVERSION='"0.8"' -DFILEFORMAT=8 -DNOUNCRYPT -DNOCRYPT -Isrc/c -Wall -Wno-unused-function -ffunction-sections -fdata-sections -Werror=implicit-function-declaration --std=gnu99 -I/usr/include/freetype2 -I/usr/include/libpng16 -I/usr/include/X11 -Os  -Isrc/c/emu/luabitop -Isrc/c/emu/uthash -DARCH='"unix"' -I/usr/include/minizip -Isrc/c/emu/lpeg -c src/c/word.c -o .obj/lua-x11-release/src/c/word.o
[10/120] cc -MMD -MF .obj/lua-x11-release/src/c/emu/lpeg/lpvm.o.d  -g -DVERSION='"0.8"' -DFILEFORMAT=8 -DNOUNCRYPT -DNOCRYPT -Isrc/c -Wall -Wno-unused-function -ffunction-sections -fdata-sections -Werror=implicit-function-declaration --std=gnu99 -I/usr/include/freetype2 -I/usr/include/libpng16 -I/usr/include/X11 -Os  -Isrc/c/emu/luabitop -Isrc/c/emu/uthash -DARCH='"unix"' -I/usr/include/minizip -Isrc/c/emu/lpeg -c src/c/emu/lpeg/lpvm.c -o .obj/lua-x11-release/src/c/emu/lpeg/lpvm.o
[11/120] cc -MMD -MF .obj/lua-x11-release/src/c/arch/unix/x11/glyphcache.o.d  -g -DVERSION='"0.8"' -DFILEFORMAT=8 -DNOUNCRYPT -DNOCRYPT -Isrc/c -Wall -Wno-unused-function -ffunction-sections -fdata-sections -Werror=implicit-function-declaration --std=gnu99 -I/usr/include/freetype2 -I/usr/include/libpng16 -I/usr/include/X11 -Os  -Isrc/c/emu/luabitop -Isrc/c/emu/uthash -DARCH='"unix"' -I/usr/include/minizip -Isrc/c/emu/lpeg -c src/c/arch/unix/x11/glyphcache.c -o .obj/lua-x11-release/src/c/arch/unix/x11/glyphcache.o
[12/120] cc -MMD -MF .obj/lua-x11-release/src/c/arch/unix/x11/x11.o.d  -g -DVERSION='"0.8"' -DFILEFORMAT=8 -DNOUNCRYPT -DNOCRYPT -Isrc/c -Wall -Wno-unused-function -ffunction-sections -fdata-sections -Werror=implicit-function-declaration --std=gnu99 -I/usr/include/freetype2 -I/usr/include/libpng16 -I/usr/include/X11 -Os  -Isrc/c/emu/luabitop -Isrc/c/emu/uthash -DARCH='"unix"' -I/usr/include/minizip -Isrc/c/emu/lpeg -c src/c/arch/unix/x11/x11.c -o .obj/lua-x11-release/src/c/arch/unix/x11/x11.o
[13/120] cc -MMD -MF .obj/lua-curses-release/src/c/filesystem.o.d  -g -DVERSION='"0.8"' -DFILEFORMAT=8 -DNOUNCRYPT -DNOCRYPT -Isrc/c -Wall -Wno-unused-function -ffunction-sections -fdata-sections -Werror=implicit-function-declaration --std=gnu99 -D_DEFAULT_SOURCE -D_XOPEN_SOURCE=600 -Os  -Isrc/c/emu/luabitop -Isrc/c/emu/uthash -DARCH='"unix"' -I/usr/include/minizip -Isrc/c/emu/lpeg -c src/c/filesystem.c -o .obj/lua-curses-release/src/c/filesystem.o
[14/120] cc -MMD -MF .obj/lua-curses-release/src/c/main.o.d  -g -DVERSION='"0.8"' -DFILEFORMAT=8 -DNOUNCRYPT -DNOCRYPT -Isrc/c -Wall -Wno-unused-function -ffunction-sections -fdata-sections -Werror=implicit-function-declaration --std=gnu99 -D_DEFAULT_SOURCE -D_XOPEN_SOURCE=600 -Os  -Isrc/c/emu/luabitop -Isrc/c/emu/uthash -DARCH='"unix"' -I/usr/include/minizip -Isrc/c/emu/lpeg -c src/c/main.c -o .obj/lua-curses-release/src/c/main.o
[15/120] cc -MMD -MF .obj/lua-curses-release/src/c/utils.o.d  -g -DVERSION='"0.8"' -DFILEFORMAT=8 -DNOUNCRYPT -DNOCRYPT -Isrc/c -Wall -Wno-unused-function -ffunction-sections -fdata-sections -Werror=implicit-function-declaration --std=gnu99 -D_DEFAULT_SOURCE -D_XOPEN_SOURCE=600 -Os  -Isrc/c/emu/luabitop -Isrc/c/emu/uthash -DARCH='"unix"' -I/usr/include/minizip -Isrc/c/emu/lpeg -c src/c/utils.c -o .obj/lua-curses-release/src/c/utils.o
[16/120] cc -MMD -MF .obj/lua-x11-release/src/c/emu/lpeg/lpcap.o.d  -g -DVERSION='"0.8"' -DFILEFORMAT=8 -DNOUNCRYPT -DNOCRYPT -Isrc/c -Wall -Wno-unused-function -ffunction-sections -fdata-sections -Werror=implicit-function-declaration --std=gnu99 -I/usr/include/freetype2 -I/usr/include/libpng16 -I/usr/include/X11 -Os  -Isrc/c/emu/luabitop -Isrc/c/emu/uthash -DARCH='"unix"' -I/usr/include/minizip -Isrc/c/emu/lpeg -c src/c/emu/lpeg/lpcap.c -o .obj/lua-x11-release/src/c/emu/lpeg/lpcap.o
[17/120] cc -MMD -MF .obj/lua-curses-release/src/c/emu/luabitop/lua-bitop.o.d  -g -DVERSION='"0.8"' -DFILEFORMAT=8 -DNOUNCRYPT -DNOCRYPT -Isrc/c -Wall -Wno-unused-function -ffunction-sections -fdata-sections -Werror=implicit-function-declaration --std=gnu99 -D_DEFAULT_SOURCE -D_XOPEN_SOURCE=600 -Os  -Isrc/c/emu/luabitop -Isrc/c/emu/uthash -DARCH='"unix"' -I/usr/include/minizip -Isrc/c/emu/lpeg -c src/c/emu/luabitop/lua-bitop.c -o .obj/lua-curses-release/src/c/emu/luabitop/lua-bitop.o
[18/120] cc -MMD -MF .obj/lua-curses-release/src/c/zip.o.d  -g -DVERSION='"0.8"' -DFILEFORMAT=8 -DNOUNCRYPT -DNOCRYPT -Isrc/c -Wall -Wno-unused-function -ffunction-sections -fdata-sections -Werror=implicit-function-declaration --std=gnu99 -D_DEFAULT_SOURCE -D_XOPEN_SOURCE=600 -Os  -Isrc/c/emu/luabitop -Isrc/c/emu/uthash -DARCH='"unix"' -I/usr/include/minizip -Isrc/c/emu/lpeg -c src/c/zip.c -o .obj/lua-curses-release/src/c/zip.o
[19/120] .obj/lua tools/multibin2c.lua script_table src/lua/_prologue.lua src/lua/events.lua src/lua/main.lua src/lua/xml.lua src/lua/utils.lua src/lua/redraw.lua src/lua/settings.lua src/lua/document.lua src/lua/forms.lua src/lua/ui.lua src/lua/browser.lua src/lua/html.lua src/lua/margin.lua src/lua/xpattern.lua src/lua/fileio.lua src/lua/export.lua src/lua/export/text.lua src/lua/export/html.lua src/lua/export/latex.lua src/lua/export/troff.lua src/lua/export/opendocument.lua src/lua/export/markdown.lua src/lua/import.lua src/lua/import/html.lua src/lua/import/text.lua src/lua/import/opendocument.lua src/lua/import/markdown.lua src/lua/navigate.lua src/lua/addons/goto.lua src/lua/addons/autosave.lua src/lua/addons/docsetman.lua src/lua/addons/scrapbook.lua src/lua/addons/statusbar_charstyle.lua src/lua/addons/statusbar_pagecount.lua src/lua/addons/statusbar_position.lua src/lua/addons/statusbar_wordcount.lua src/lua/addons/debug.lua src/lua/addons/look-and-feel.lua src/lua/addons/keymapoverride.lua src/lua/addons/smartquotes.lua src/lua/addons/undo.lua src/lua/addons/spillchocker.lua src/lua/addons/templates.lua src/lua/addons/directories.lua src/lua/addons/recents.lua src/lua/menu.lua src/lua/cli.lua src/lua/lunamark/util.lua src/lua/lunamark/entities.lua src/lua/lunamark/markdown.lua > .obj/luascripts.c
[20/120] cc -MMD -MF .obj/lua-curses-release/src/c/lua.o.d  -g -DVERSION='"0.8"' -DFILEFORMAT=8 -DNOUNCRYPT -DNOCRYPT -Isrc/c -Wall -Wno-unused-function -ffunction-sections -fdata-sections -Werror=implicit-function-declaration --std=gnu99 -D_DEFAULT_SOURCE -D_XOPEN_SOURCE=600 -Os  -Isrc/c/emu/luabitop -Isrc/c/emu/uthash -DARCH='"unix"' -I/usr/include/minizip -Isrc/c/emu/lpeg -c src/c/lua.c -o .obj/lua-curses-release/src/c/lua.o
[21/120] cc -MMD -MF .obj/lua-curses-release/src/c/screen.o.d  -g -DVERSION='"0.8"' -DFILEFORMAT=8 -DNOUNCRYPT -DNOCRYPT -Isrc/c -Wall -Wno-unused-function -ffunction-sections -fdata-sections -Werror=implicit-function-declaration --std=gnu99 -D_DEFAULT_SOURCE -D_XOPEN_SOURCE=600 -Os  -Isrc/c/emu/luabitop -Isrc/c/emu/uthash -DARCH='"unix"' -I/usr/include/minizip -Isrc/c/emu/lpeg -c src/c/screen.c -o .obj/lua-curses-release/src/c/screen.o
[22/120] cc -MMD -MF .obj/lua-curses-release/src/c/word.o.d  -g -DVERSION='"0.8"' -DFILEFORMAT=8 -DNOUNCRYPT -DNOCRYPT -Isrc/c -Wall -Wno-unused-function -ffunction-sections -fdata-sections -Werror=implicit-function-declaration --std=gnu99 -D_DEFAULT_SOURCE -D_XOPEN_SOURCE=600 -Os  -Isrc/c/emu/luabitop -Isrc/c/emu/uthash -DARCH='"unix"' -I/usr/include/minizip -Isrc/c/emu/lpeg -c src/c/word.c -o .obj/lua-curses-release/src/c/word.o
[23/120] cc -MMD -MF .obj/lua-curses-release/src/c/arch/unix/cursesw/dpy.o.d  -g -DVERSION='"0.8"' -DFILEFORMAT=8 -DNOUNCRYPT -DNOCRYPT -Isrc/c -Wall -Wno-unused-function -ffunction-sections -fdata-sections -Werror=implicit-function-declaration --std=gnu99 -D_DEFAULT_SOURCE -D_XOPEN_SOURCE=600 -Os  -Isrc/c/emu/luabitop -Isrc/c/emu/uthash -DARCH='"unix"' -I/usr/include/minizip -Isrc/c/emu/lpeg -c src/c/arch/unix/cursesw/dpy.c -o .obj/lua-curses-release/src/c/arch/unix/cursesw/dpy.o
[24/120] cc -MMD -MF .obj/lua-x11-release/src/c/emu/lpeg/lpcode.o.d  -g -DVERSION='"0.8"' -DFILEFORMAT=8 -DNOUNCRYPT -DNOCRYPT -Isrc/c -Wall -Wno-unused-function -ffunction-sections -fdata-sections -Werror=implicit-function-declaration --std=gnu99 -I/usr/include/freetype2 -I/usr/include/libpng16 -I/usr/include/X11 -Os  -Isrc/c/emu/luabitop -Isrc/c/emu/uthash -DARCH='"unix"' -I/usr/include/minizip -Isrc/c/emu/lpeg -c src/c/emu/lpeg/lpcode.c -o .obj/lua-x11-release/src/c/emu/lpeg/lpcode.o
[25/120] cc -MMD -MF .obj/lua-curses-release/src/c/emu/lpeg/lpvm.o.d  -g -DVERSION='"0.8"' -DFILEFORMAT=8 -DNOUNCRYPT -DNOCRYPT -Isrc/c -Wall -Wno-unused-function -ffunction-sections -fdata-sections -Werror=implicit-function-declaration --std=gnu99 -D_DEFAULT_SOURCE -D_XOPEN_SOURCE=600 -Os  -Isrc/c/emu/luabitop -Isrc/c/emu/uthash -DARCH='"unix"' -I/usr/include/minizip -Isrc/c/emu/lpeg -c src/c/emu/lpeg/lpvm.c -o .obj/lua-curses-release/src/c/emu/lpeg/lpvm.o
[26/120] cc -MMD -MF .obj/lua-curses-release/src/c/emu/lpeg/lpprint.o.d  -g -DVERSION='"0.8"' -DFILEFORMAT=8 -DNOUNCRYPT -DNOCRYPT -Isrc/c -Wall -Wno-unused-function -ffunction-sections -fdata-sections -Werror=implicit-function-declaration --std=gnu99 -D_DEFAULT_SOURCE -D_XOPEN_SOURCE=600 -Os  -Isrc/c/emu/luabitop -Isrc/c/emu/uthash -DARCH='"unix"' -I/usr/include/minizip -Isrc/c/emu/lpeg -c src/c/emu/lpeg/lpprint.c -o .obj/lua-curses-release/src/c/emu/lpeg/lpprint.o
[27/120] cc -MMD -MF .obj/lua-x11-release/src/c/emu/lpeg/lptree.o.d  -g -DVERSION='"0.8"' -DFILEFORMAT=8 -DNOUNCRYPT -DNOCRYPT -Isrc/c -Wall -Wno-unused-function -ffunction-sections -fdata-sections -Werror=implicit-function-declaration --std=gnu99 -I/usr/include/freetype2 -I/usr/include/libpng16 -I/usr/include/X11 -Os  -Isrc/c/emu/luabitop -Isrc/c/emu/uthash -DARCH='"unix"' -I/usr/include/minizip -Isrc/c/emu/lpeg -c src/c/emu/lpeg/lptree.c -o .obj/lua-x11-release/src/c/emu/lpeg/lptree.o
[28/120] cc -MMD -MF .obj/lua-curses-debug/src/c/filesystem.o.d  -g -DVERSION='"0.8"' -DFILEFORMAT=8 -DNOUNCRYPT -DNOCRYPT -Isrc/c -Wall -Wno-unused-function -ffunction-sections -fdata-sections -Werror=implicit-function-declaration --std=gnu99 -D_DEFAULT_SOURCE -D_XOPEN_SOURCE=600 -O0  -Isrc/c/emu/luabitop -Isrc/c/emu/uthash -DARCH='"unix"' -I/usr/include/minizip -Isrc/c/emu/lpeg -c src/c/filesystem.c -o .obj/lua-curses-debug/src/c/filesystem.o
[29/120] cc -MMD -MF .obj/lua-curses-debug/src/c/utils.o.d  -g -DVERSION='"0.8"' -DFILEFORMAT=8 -DNOUNCRYPT -DNOCRYPT -Isrc/c -Wall -Wno-unused-function -ffunction-sections -fdata-sections -Werror=implicit-function-declaration --std=gnu99 -D_DEFAULT_SOURCE -D_XOPEN_SOURCE=600 -O0  -Isrc/c/emu/luabitop -Isrc/c/emu/uthash -DARCH='"unix"' -I/usr/include/minizip -Isrc/c/emu/lpeg -c src/c/utils.c -o .obj/lua-curses-debug/src/c/utils.o
[30/120] cc -MMD -MF .obj/lua-curses-debug/src/c/main.o.d  -g -DVERSION='"0.8"' -DFILEFORMAT=8 -DNOUNCRYPT -DNOCRYPT -Isrc/c -Wall -Wno-unused-function -ffunction-sections -fdata-sections -Werror=implicit-function-declaration --std=gnu99 -D_DEFAULT_SOURCE -D_XOPEN_SOURCE=600 -O0  -Isrc/c/emu/luabitop -Isrc/c/emu/uthash -DARCH='"unix"' -I/usr/include/minizip -Isrc/c/emu/lpeg -c src/c/main.c -o .obj/lua-curses-debug/src/c/main.o
[31/120] cc -MMD -MF .obj/lua-curses-debug/src/c/lua.o.d  -g -DVERSION='"0.8"' -DFILEFORMAT=8 -DNOUNCRYPT -DNOCRYPT -Isrc/c -Wall -Wno-unused-function -ffunction-sections -fdata-sections -Werror=implicit-function-declaration --std=gnu99 -D_DEFAULT_SOURCE -D_XOPEN_SOURCE=600 -O0  -Isrc/c/emu/luabitop -Isrc/c/emu/uthash -DARCH='"unix"' -I/usr/include/minizip -Isrc/c/emu/lpeg -c src/c/lua.c -o .obj/lua-curses-debug/src/c/lua.o
[32/120] cc -MMD -MF .obj/lua-curses-release/src/c/emu/lpeg/lpcap.o.d  -g -DVERSION='"0.8"' -DFILEFORMAT=8 -DNOUNCRYPT -DNOCRYPT -Isrc/c -Wall -Wno-unused-function -ffunction-sections -fdata-sections -Werror=implicit-function-declaration --std=gnu99 -D_DEFAULT_SOURCE -D_XOPEN_SOURCE=600 -Os  -Isrc/c/emu/luabitop -Isrc/c/emu/uthash -DARCH='"unix"' -I/usr/include/minizip -Isrc/c/emu/lpeg -c src/c/emu/lpeg/lpcap.c -o .obj/lua-curses-release/src/c/emu/lpeg/lpcap.o
[33/120] cc -MMD -MF .obj/lua-curses-debug/src/c/emu/luabitop/lua-bitop.o.d  -g -DVERSION='"0.8"' -DFILEFORMAT=8 -DNOUNCRYPT -DNOCRYPT -Isrc/c -Wall -Wno-unused-function -ffunction-sections -fdata-sections -Werror=implicit-function-declaration --std=gnu99 -D_DEFAULT_SOURCE -D_XOPEN_SOURCE=600 -O0  -Isrc/c/emu/luabitop -Isrc/c/emu/uthash -DARCH='"unix"' -I/usr/include/minizip -Isrc/c/emu/lpeg -c src/c/emu/luabitop/lua-bitop.c -o .obj/lua-curses-debug/src/c/emu/luabitop/lua-bitop.o
[34/120] cc -MMD -MF .obj/lua-curses-debug/src/c/zip.o.d  -g -DVERSION='"0.8"' -DFILEFORMAT=8 -DNOUNCRYPT -DNOCRYPT -Isrc/c -Wall -Wno-unused-function -ffunction-sections -fdata-sections -Werror=implicit-function-declaration --std=gnu99 -D_DEFAULT_SOURCE -D_XOPEN_SOURCE=600 -O0  -Isrc/c/emu/luabitop -Isrc/c/emu/uthash -DARCH='"unix"' -I/usr/include/minizip -Isrc/c/emu/lpeg -c src/c/zip.c -o .obj/lua-curses-debug/src/c/zip.o
[35/120] cc -MMD -MF .obj/lua-curses-debug/src/c/word.o.d  -g -DVERSION='"0.8"' -DFILEFORMAT=8 -DNOUNCRYPT -DNOCRYPT -Isrc/c -Wall -Wno-unused-function -ffunction-sections -fdata-sections -Werror=implicit-function-declaration --std=gnu99 -D_DEFAULT_SOURCE -D_XOPEN_SOURCE=600 -O0  -Isrc/c/emu/luabitop -Isrc/c/emu/uthash -DARCH='"unix"' -I/usr/include/minizip -Isrc/c/emu/lpeg -c src/c/word.c -o .obj/lua-curses-debug/src/c/word.o
[36/120] cc -MMD -MF .obj/lua-curses-debug/src/c/screen.o.d  -g -DVERSION='"0.8"' -DFILEFORMAT=8 -DNOUNCRYPT -DNOCRYPT -Isrc/c -Wall -Wno-unused-function -ffunction-sections -fdata-sections -Werror=implicit-function-declaration --std=gnu99 -D_DEFAULT_SOURCE -D_XOPEN_SOURCE=600 -O0  -Isrc/c/emu/luabitop -Isrc/c/emu/uthash -DARCH='"unix"' -I/usr/include/minizip -Isrc/c/emu/lpeg -c src/c/screen.c -o .obj/lua-curses-debug/src/c/screen.o
[37/120] cc -MMD -MF .obj/lua-curses-debug/src/c/arch/unix/cursesw/dpy.o.d  -g -DVERSION='"0.8"' -DFILEFORMAT=8 -DNOUNCRYPT -DNOCRYPT -Isrc/c -Wall -Wno-unused-function -ffunction-sections -fdata-sections -Werror=implicit-function-declaration --std=gnu99 -D_DEFAULT_SOURCE -D_XOPEN_SOURCE=600 -O0  -Isrc/c/emu/luabitop -Isrc/c/emu/uthash -DARCH='"unix"' -I/usr/include/minizip -Isrc/c/emu/lpeg -c src/c/arch/unix/cursesw/dpy.c -o .obj/lua-curses-debug/src/c/arch/unix/cursesw/dpy.o
[38/120] cc -MMD -MF .obj/lua-curses-debug/src/c/emu/lpeg/lpvm.o.d  -g -DVERSION='"0.8"' -DFILEFORMAT=8 -DNOUNCRYPT -DNOCRYPT -Isrc/c -Wall -Wno-unused-function -ffunction-sections -fdata-sections -Werror=implicit-function-declaration --std=gnu99 -D_DEFAULT_SOURCE -D_XOPEN_SOURCE=600 -O0  -Isrc/c/emu/luabitop -Isrc/c/emu/uthash -DARCH='"unix"' -I/usr/include/minizip -Isrc/c/emu/lpeg -c src/c/emu/lpeg/lpvm.c -o .obj/lua-curses-debug/src/c/emu/lpeg/lpvm.o
[39/120] install -m 644 bin/wordgrinder.1 /home/stig/rpmbuild/BUILDROOT/wordgrinder-0.7.3-0.git20201018.1.1.mga8.x86_64/usr/share/man/man1/wordgrinder.1
[40/120] install -m 644 bin/xwordgrinder.1 /home/stig/rpmbuild/BUILDROOT/wordgrinder-0.7.3-0.git20201018.1.1.mga8.x86_64/usr/share/man/man1/xwordgrinder.1
[41/120] install -m 644 README.wg /home/stig/rpmbuild/BUILDROOT/wordgrinder-0.7.3-0.git20201018.1.1.mga8.x86_64/usr/share/doc/wordgrinder/README.wg
[42/120] cc -MMD -MF .obj/lua-curses-debug/src/c/emu/lpeg/lpcap.o.d  -g -DVERSION='"0.8"' -DFILEFORMAT=8 -DNOUNCRYPT -DNOCRYPT -Isrc/c -Wall -Wno-unused-function -ffunction-sections -fdata-sections -Werror=implicit-function-declaration --std=gnu99 -D_DEFAULT_SOURCE -D_XOPEN_SOURCE=600 -O0  -Isrc/c/emu/luabitop -Isrc/c/emu/uthash -DARCH='"unix"' -I/usr/include/minizip -Isrc/c/emu/lpeg -c src/c/emu/lpeg/lpcap.c -o .obj/lua-curses-debug/src/c/emu/lpeg/lpcap.o
[43/120] cc -MMD -MF .obj/lua-curses-debug/src/c/emu/lpeg/lpprint.o.d  -g -DVERSION='"0.8"' -DFILEFORMAT=8 -DNOUNCRYPT -DNOCRYPT -Isrc/c -Wall -Wno-unused-function -ffunction-sections -fdata-sections -Werror=implicit-function-declaration --std=gnu99 -D_DEFAULT_SOURCE -D_XOPEN_SOURCE=600 -O0  -Isrc/c/emu/luabitop -Isrc/c/emu/uthash -DARCH='"unix"' -I/usr/include/minizip -Isrc/c/emu/lpeg -c src/c/emu/lpeg/lpprint.c -o .obj/lua-curses-debug/src/c/emu/lpeg/lpprint.o
[44/120] cc -MMD -MF .obj/lua-curses-release/src/c/emu/lpeg/lpcode.o.d  -g -DVERSION='"0.8"' -DFILEFORMAT=8 -DNOUNCRYPT -DNOCRYPT -Isrc/c -Wall -Wno-unused-function -ffunction-sections -fdata-sections -Werror=implicit-function-declaration --std=gnu99 -D_DEFAULT_SOURCE -D_XOPEN_SOURCE=600 -Os  -Isrc/c/emu/luabitop -Isrc/c/emu/uthash -DARCH='"unix"' -I/usr/include/minizip -Isrc/c/emu/lpeg -c src/c/emu/lpeg/lpcode.c -o .obj/lua-curses-release/src/c/emu/lpeg/lpcode.o
[45/120] cc -MMD -MF .obj/lua-curses-debug/src/c/emu/lpeg/lpcode.o.d  -g -DVERSION='"0.8"' -DFILEFORMAT=8 -DNOUNCRYPT -DNOCRYPT -Isrc/c -Wall -Wno-unused-function -ffunction-sections -fdata-sections -Werror=implicit-function-declaration --std=gnu99 -D_DEFAULT_SOURCE -D_XOPEN_SOURCE=600 -O0  -Isrc/c/emu/luabitop -Isrc/c/emu/uthash -DARCH='"unix"' -I/usr/include/minizip -Isrc/c/emu/lpeg -c src/c/emu/lpeg/lpcode.c -o .obj/lua-curses-debug/src/c/emu/lpeg/lpcode.o
[46/120] cc -MMD -MF .obj/lua-curses-debug/src/c/emu/lpeg/lptree.o.d  -g -DVERSION='"0.8"' -DFILEFORMAT=8 -DNOUNCRYPT -DNOCRYPT -Isrc/c -Wall -Wno-unused-function -ffunction-sections -fdata-sections -Werror=implicit-function-declaration --std=gnu99 -D_DEFAULT_SOURCE -D_XOPEN_SOURCE=600 -O0  -Isrc/c/emu/luabitop -Isrc/c/emu/uthash -DARCH='"unix"' -I/usr/include/minizip -Isrc/c/emu/lpeg -c src/c/emu/lpeg/lptree.c -o .obj/lua-curses-debug/src/c/emu/lpeg/lptree.o
[47/120] cc -MMD -MF .obj/lua-curses-release/src/c/emu/lpeg/lptree.o.d  -g -DVERSION='"0.8"' -DFILEFORMAT=8 -DNOUNCRYPT -DNOCRYPT -Isrc/c -Wall -Wno-unused-function -ffunction-sections -fdata-sections -Werror=implicit-function-declaration --std=gnu99 -D_DEFAULT_SOURCE -D_XOPEN_SOURCE=600 -Os  -Isrc/c/emu/luabitop -Isrc/c/emu/uthash -DARCH='"unix"' -I/usr/include/minizip -Isrc/c/emu/lpeg -c src/c/emu/lpeg/lptree.c -o .obj/lua-curses-release/src/c/emu/lpeg/lptree.o
[48/120] cc -MMD -MF .obj/lua-curses-release/.obj/luascripts.o.d  -g -DVERSION='"0.8"' -DFILEFORMAT=8 -DNOUNCRYPT -DNOCRYPT -Isrc/c -Wall -Wno-unused-function -ffunction-sections -fdata-sections -Werror=implicit-function-declaration --std=gnu99 -D_DEFAULT_SOURCE -D_XOPEN_SOURCE=600 -Os  -Isrc/c/emu/luabitop -Isrc/c/emu/uthash -DARCH='"unix"' -I/usr/include/minizip -Isrc/c/emu/lpeg -c .obj/luascripts.c -o .obj/lua-curses-release/.obj/luascripts.o
[49/120] cc -MMD -MF .obj/lua-x11-release/.obj/luascripts.o.d  -g -DVERSION='"0.8"' -DFILEFORMAT=8 -DNOUNCRYPT -DNOCRYPT -Isrc/c -Wall -Wno-unused-function -ffunction-sections -fdata-sections -Werror=implicit-function-declaration --std=gnu99 -I/usr/include/freetype2 -I/usr/include/libpng16 -I/usr/include/X11 -Os  -Isrc/c/emu/luabitop -Isrc/c/emu/uthash -DARCH='"unix"' -I/usr/include/minizip -Isrc/c/emu/lpeg -c .obj/luascripts.c -o .obj/lua-x11-release/.obj/luascripts.o
[50/120] cc .obj/lua-curses-release/src/c/utils.o .obj/lua-curses-release/src/c/filesystem.o .obj/lua-curses-release/src/c/zip.o .obj/lua-curses-release/src/c/main.o .obj/lua-curses-release/src/c/lua.o .obj/lua-curses-release/src/c/word.o .obj/lua-curses-release/src/c/screen.o .obj/lua-curses-release/.obj/luascripts.o .obj/lua-curses-release/src/c/emu/luabitop/lua-bitop.o .obj/lua-curses-release/src/c/arch/unix/cursesw/dpy.o .obj/lua-curses-release/src/c/emu/lpeg/lpvm.o .obj/lua-curses-release/src/c/emu/lpeg/lpcap.o .obj/lua-curses-release/src/c/emu/lpeg/lptree.o .obj/lua-curses-release/src/c/emu/lpeg/lpcode.o .obj/lua-curses-release/src/c/emu/lpeg/lpprint.o -o bin/wordgrinder-lua-curses-release  -lz -lm -g -lncursesw -ltinfo -llua -lm -lminizip
[51/120] install -m 755 bin/wordgrinder-lua-curses-release /home/stig/rpmbuild/BUILDROOT/wordgrinder-0.7.3-0.git20201018.1.1.mga8.x86_64/usr/bin/wordgrinder
[52/120] cc .obj/lua-x11-release/src/c/utils.o .obj/lua-x11-release/src/c/filesystem.o .obj/lua-x11-release/src/c/zip.o .obj/lua-x11-release/src/c/main.o .obj/lua-x11-release/src/c/lua.o .obj/lua-x11-release/src/c/word.o .obj/lua-x11-release/src/c/screen.o .obj/lua-x11-release/.obj/luascripts.o .obj/lua-x11-release/src/c/emu/luabitop/lua-bitop.o .obj/lua-x11-release/src/c/arch/unix/x11/x11.o .obj/lua-x11-release/src/c/arch/unix/x11/glyphcache.o .obj/lua-x11-release/src/c/emu/lpeg/lpvm.o .obj/lua-x11-release/src/c/emu/lpeg/lpcap.o .obj/lua-x11-release/src/c/emu/lpeg/lptree.o .obj/lua-x11-release/src/c/emu/lpeg/lpcode.o .obj/lua-x11-release/src/c/emu/lpeg/lpprint.o -o bin/xwordgrinder-lua-x11-release  -lz -lm -g -lfreetype -lX11 -lXft -llua -lm -lminizip
[53/120] install -m 755 bin/xwordgrinder-lua-x11-release /home/stig/rpmbuild/BUILDROOT/wordgrinder-0.7.3-0.git20201018.1.1.mga8.x86_64/usr/bin/xwordgrinder
[54/120] cc -MMD -MF .obj/lua-curses-debug/.obj/luascripts.o.d  -g -DVERSION='"0.8"' -DFILEFORMAT=8 -DNOUNCRYPT -DNOCRYPT -Isrc/c -Wall -Wno-unused-function -ffunction-sections -fdata-sections -Werror=implicit-function-declaration --std=gnu99 -D_DEFAULT_SOURCE -D_XOPEN_SOURCE=600 -O0  -Isrc/c/emu/luabitop -Isrc/c/emu/uthash -DARCH='"unix"' -I/usr/include/minizip -Isrc/c/emu/lpeg -c .obj/luascripts.c -o .obj/lua-curses-debug/.obj/luascripts.o
[55/120] cc .obj/lua-curses-debug/src/c/utils.o .obj/lua-curses-debug/src/c/filesystem.o .obj/lua-curses-debug/src/c/zip.o .obj/lua-curses-debug/src/c/main.o .obj/lua-curses-debug/src/c/lua.o .obj/lua-curses-debug/src/c/word.o .obj/lua-curses-debug/src/c/screen.o .obj/lua-curses-debug/.obj/luascripts.o .obj/lua-curses-debug/src/c/emu/luabitop/lua-bitop.o .obj/lua-curses-debug/src/c/arch/unix/cursesw/dpy.o .obj/lua-curses-debug/src/c/emu/lpeg/lpvm.o .obj/lua-curses-debug/src/c/emu/lpeg/lpcap.o .obj/lua-curses-debug/src/c/emu/lpeg/lptree.o .obj/lua-curses-debug/src/c/emu/lpeg/lpcode.o .obj/lua-curses-debug/src/c/emu/lpeg/lpprint.o -o bin/wordgrinder-lua-curses-debug  -lz -lm -g -lncursesw -ltinfo -llua -lm -lminizip
[56/120] bin/wordgrinder-lua-curses-debug --lua tests/line-up.lua && touch .obj/lua-curses-debug/tests/line-up.lua.stamp
[57/120] bin/wordgrinder-lua-curses-debug --lua tests/line-wrapping.lua && touch .obj/lua-curses-debug/tests/line-wrapping.lua.stamp
[58/120] bin/wordgrinder-lua-curses-debug --lua tests/apply-markup.lua && touch .obj/lua-curses-debug/tests/apply-markup.lua.stamp
[59/120] bin/wordgrinder-lua-curses-debug --lua tests/argument-parser.lua && touch .obj/lua-curses-debug/tests/argument-parser.lua.stamp
[60/120] bin/wordgrinder-lua-curses-debug --lua tests/load-0.1.lua && touch .obj/lua-curses-debug/tests/load-0.1.lua.stamp
[61/120] bin/wordgrinder-lua-curses-debug --lua tests/io-open-enoent.lua && touch .obj/lua-curses-debug/tests/io-open-enoent.lua.stamp
[62/120] bin/wordgrinder-lua-curses-debug --lua tests/line-down-into-style.lua && touch .obj/lua-curses-debug/tests/line-down-into-style.lua.stamp
[63/120] bin/wordgrinder-lua-curses-debug --lua tests/load-0.2.lua && touch .obj/lua-curses-debug/tests/load-0.2.lua.stamp
[64/120] bin/wordgrinder-lua-curses-debug --lua tests/change-paragraph-style.lua && touch .obj/lua-curses-debug/tests/change-paragraph-style.lua.stamp
[65/120] bin/wordgrinder-lua-curses-debug --lua tests/clipboard.lua && touch .obj/lua-curses-debug/tests/clipboard.lua.stamp
[66/120] bin/wordgrinder-lua-curses-debug --lua tests/delete-selection.lua && touch .obj/lua-curses-debug/tests/delete-selection.lua.stamp
[67/120] bin/wordgrinder-lua-curses-debug --lua tests/escape-strings.lua && touch .obj/lua-curses-debug/tests/escape-strings.lua.stamp
[68/120] bin/wordgrinder-lua-curses-debug --lua tests/export-to-latex.lua && touch .obj/lua-curses-debug/tests/export-to-latex.lua.stamp
[69/120] bin/wordgrinder-lua-curses-debug --lua tests/export-to-markdown.lua && touch .obj/lua-curses-debug/tests/export-to-markdown.lua.stamp
[70/120] bin/wordgrinder-lua-curses-debug --lua tests/export-to-html.lua && touch .obj/lua-curses-debug/tests/export-to-html.lua.stamp
[71/120] bin/wordgrinder-lua-curses-debug --lua tests/export-to-opendocument.lua && touch .obj/lua-curses-debug/tests/export-to-opendocument.lua.stamp
[72/120] bin/wordgrinder-lua-curses-debug --lua tests/export-to-text.lua && touch .obj/lua-curses-debug/tests/export-to-text.lua.stamp
[73/120] bin/wordgrinder-lua-curses-debug --lua tests/get-style-from-word.lua && touch .obj/lua-curses-debug/tests/get-style-from-word.lua.stamp
[74/120] bin/wordgrinder-lua-curses-debug --lua tests/immutable-paragraphs.lua && touch .obj/lua-curses-debug/tests/immutable-paragraphs.lua.stamp
[75/120] bin/wordgrinder-lua-curses-debug --lua tests/import-from-html.lua && touch .obj/lua-curses-debug/tests/import-from-html.lua.stamp
[76/120] bin/wordgrinder-lua-curses-debug --lua tests/filesystem.lua && touch .obj/lua-curses-debug/tests/filesystem.lua.stamp
[77/120] bin/wordgrinder-lua-curses-debug --lua tests/find-and-replace.lua && touch .obj/lua-curses-debug/tests/find-and-replace.lua.stamp
[78/120] bin/wordgrinder-lua-curses-debug --lua tests/import-from-text.lua && touch .obj/lua-curses-debug/tests/import-from-text.lua.stamp
[79/120] bin/wordgrinder-lua-curses-debug --lua tests/export-to-troff.lua && touch .obj/lua-curses-debug/tests/export-to-troff.lua.stamp
[80/120] bin/wordgrinder-lua-curses-debug --lua tests/insert-space-with-style-hint.lua && touch .obj/lua-curses-debug/tests/insert-space-with-style-hint.lua.stamp
[81/120] bin/wordgrinder-lua-curses-debug --lua tests/import-from-opendocument.lua && touch .obj/lua-curses-debug/tests/import-from-opendocument.lua.stamp
[82/120] bin/wordgrinder-lua-curses-debug --lua tests/load-0.5.3.lua && touch .obj/lua-curses-debug/tests/load-0.5.3.lua.stamp
[83/120] bin/wordgrinder-lua-curses-debug --lua tests/load-0.4.1.lua && touch .obj/lua-curses-debug/tests/load-0.4.1.lua.stamp
[84/120] bin/wordgrinder-lua-curses-debug --lua tests/load-0.6-v6.lua && touch .obj/lua-curses-debug/tests/load-0.6-v6.lua.stamp
[85/120] bin/wordgrinder-lua-curses-debug --lua tests/load-0.6.lua && touch .obj/lua-curses-debug/tests/load-0.6.lua.stamp
[86/120] bin/wordgrinder-lua-curses-debug --lua tests/load-failed.lua && touch .obj/lua-curses-debug/tests/load-failed.lua.stamp
[87/120] bin/wordgrinder-lua-curses-debug --lua tests/parse-string-into-words.lua && touch .obj/lua-curses-debug/tests/parse-string-into-words.lua.stamp
[88/120] bin/wordgrinder-lua-curses-debug --lua tests/import-from-markdown.lua && touch .obj/lua-curses-debug/tests/import-from-markdown.lua.stamp
[89/120] bin/wordgrinder-lua-curses-debug --lua tests/move-while-selected.lua && touch .obj/lua-curses-debug/tests/move-while-selected.lua.stamp
[90/120] bin/wordgrinder-lua-curses-debug --lua tests/save-format-escaped-strings.lua && touch .obj/lua-curses-debug/tests/save-format-escaped-strings.lua.stamp
[91/120] bin/wordgrinder-lua-curses-debug --lua tests/numbered-lists.lua && touch .obj/lua-curses-debug/tests/numbered-lists.lua.stamp
[92/120] bin/wordgrinder-lua-curses-debug --lua tests/simple-editing.lua && touch .obj/lua-curses-debug/tests/simple-editing.lua.stamp
[93/120] bin/wordgrinder-lua-curses-debug --lua tests/load-0.3.3.lua && touch .obj/lua-curses-debug/tests/load-0.3.3.lua.stamp
[94/120] bin/wordgrinder-lua-curses-debug --lua tests/load-0.7.2.lua && touch .obj/lua-curses-debug/tests/load-0.7.2.lua.stamp
[95/120] bin/wordgrinder-lua-curses-debug --lua tests/smartquotes-selection.lua && touch .obj/lua-curses-debug/tests/smartquotes-selection.lua.stamp
[96/120] bin/wordgrinder-lua-curses-debug --lua tests/tableio.lua && touch .obj/lua-curses-debug/tests/tableio.lua.stamp
[97/120] bin/wordgrinder-lua-curses-debug --lua tests/spellchecker.lua && touch .obj/lua-curses-debug/tests/spellchecker.lua.stamp
[98/120] bin/wordgrinder-lua-curses-debug --lua tests/weirdness-cannot-save-settings.lua && touch .obj/lua-curses-debug/tests/weirdness-cannot-save-settings.lua.stamp
[99/120] bin/wordgrinder-lua-curses-debug --lua tests/weirdness-combining-words.lua && touch .obj/lua-curses-debug/tests/weirdness-combining-words.lua.stamp
[100/120] bin/wordgrinder-lua-curses-debug --lua tests/weirdness-delete-word.lua && touch .obj/lua-curses-debug/tests/weirdness-delete-word.lua.stamp
[101/120] bin/wordgrinder-lua-curses-debug --lua tests/type-while-selected.lua && touch .obj/lua-curses-debug/tests/type-while-selected.lua.stamp
[102/120] bin/wordgrinder-lua-curses-debug --lua tests/undo.lua && touch .obj/lua-curses-debug/tests/undo.lua.stamp
[103/120] bin/wordgrinder-lua-curses-debug --lua tests/utf8.lua && touch .obj/lua-curses-debug/tests/utf8.lua.stamp
[104/120] bin/wordgrinder-lua-curses-debug --lua tests/utils.lua && touch .obj/lua-curses-debug/tests/utils.lua.stamp
[105/120] bin/wordgrinder-lua-curses-debug --lua tests/weirdness-deletion-with-multiple-spaces.lua && touch .obj/lua-curses-debug/tests/weirdness-deletion-with-multiple-spaces.lua.stamp
[106/120] bin/wordgrinder-lua-curses-debug --lua tests/weirdness-end-of-lines.lua && touch .obj/lua-curses-debug/tests/weirdness-end-of-lines.lua.stamp
[107/120] bin/wordgrinder-lua-curses-debug --lua tests/weirdness-replacing-words.lua && touch .obj/lua-curses-debug/tests/weirdness-replacing-words.lua.stamp
[108/120] bin/wordgrinder-lua-curses-debug --lua tests/weirdness-splitting-lines-before-space.lua && touch .obj/lua-curses-debug/tests/weirdness-splitting-lines-before-space.lua.stamp
[109/120] bin/wordgrinder-lua-curses-debug --lua tests/weirdness-save-new-document.lua && touch .obj/lua-curses-debug/tests/weirdness-save-new-document.lua.stamp
[110/120] bin/wordgrinder-lua-curses-debug --lua tests/weirdness-globals-applied-on-startup.lua && touch .obj/lua-curses-debug/tests/weirdness-globals-applied-on-startup.lua.stamp
[111/120] bin/wordgrinder-lua-curses-debug --lua tests/weirdness-styled-clipboard.lua && touch .obj/lua-curses-debug/tests/weirdness-styled-clipboard.lua.stamp
[112/120] bin/wordgrinder-lua-curses-debug --lua tests/smartquotes-typing.lua && touch .obj/lua-curses-debug/tests/smartquotes-typing.lua.stamp
[113/120] bin/wordgrinder-lua-curses-debug --lua tests/weirdness-missing-clipboard.lua && touch .obj/lua-curses-debug/tests/weirdness-missing-clipboard.lua.stamp
[114/120] bin/wordgrinder-lua-curses-debug --lua tests/weirdness-upgrade-0.6-with-clipboard.lua && touch .obj/lua-curses-debug/tests/weirdness-upgrade-0.6-with-clipboard.lua.stamp
[115/120] bin/wordgrinder-lua-curses-debug --lua tests/weirdness-stray-control-char-in-export.lua && touch .obj/lua-curses-debug/tests/weirdness-stray-control-char-in-export.lua.stamp
[116/120] bin/wordgrinder-lua-curses-debug --lua tests/weirdness-word-right-to-last-word-in-doc.lua && touch .obj/lua-curses-debug/tests/weirdness-word-right-to-last-word-in-doc.lua.stamp
[117/120] bin/wordgrinder-lua-curses-debug --lua tests/weirdness-styling-unicode.lua && touch .obj/lua-curses-debug/tests/weirdness-styling-unicode.lua.stamp
[118/120] bin/wordgrinder-lua-curses-debug --lua tests/weirdness-word-left-from-end-of-line.lua && touch .obj/lua-curses-debug/tests/weirdness-word-left-from-end-of-line.lua.stamp
[119/120] bin/wordgrinder-lua-curses-debug --lua tests/windows-installdir.lua && touch .obj/lua-curses-debug/tests/windows-installdir.lua.stamp
[120/120] bin/wordgrinder-lua-curses-debug --lua tests/xpattern.lua && touch .obj/lua-curses-debug/tests/xpattern.lua.stamp
+ /usr/lib/rpm/find-debuginfo.sh -j8 --strict-build-id -m -i --build-id-seed 0.7.3-0.git20201018.1.1.mga8 --unique-debug-suffix -0.7.3-0.git20201018.1.1.mga8.x86_64 --unique-debug-src-base wordgrinder-0.7.3-0.git20201018.1.1.mga8.x86_64 --run-dwz --dwz-low-mem-die-limit 10000000 --dwz-max-die-limit 110000000 -S debugsourcefiles.list /home/stig/rpmbuild/BUILD/wordgrinder-master

explicitly decompress any DWARF compressed ELF sections in /home/stig/rpmbuild/BUILDROOT/wordgrinder-0.7.3-0.git20201018.1.1.mga8.x86_64/usr/bin/wordgrinder
explicitly decompress any DWARF compressed ELF sections in /home/stig/rpmbuild/BUILDROOT/wordgrinder-0.7.3-0.git20201018.1.1.mga8.x86_64/usr/bin/xwordgrinder
extracting debug info from /home/stig/rpmbuild/BUILDROOT/wordgrinder-0.7.3-0.git20201018.1.1.mga8.x86_64/usr/bin/xwordgrinder
extracting debug info from /home/stig/rpmbuild/BUILDROOT/wordgrinder-0.7.3-0.git20201018.1.1.mga8.x86_64/usr/bin/wordgrinder
original debug info size: 488kB, size after compression: 444kB
/usr/lib/rpm/sepdebugcrcfix: Updated 2 CRC32s, 0 CRC32s did match.
3706 blocks
+ /usr/lib/rpm/check-buildroot
+ '[' -n '' ']'
+ /usr/share/spec-helper/clean_files
+ '[' -n '' ']'
+ /usr/share/spec-helper/compress_files .xz
+ '[' -n '' ']'
+ /usr/share/spec-helper/relink_symlinks
+ '[' -n '' ']'
+ /usr/share/spec-helper/clean_perl
+ '[' -n '' ']'
+ /usr/share/spec-helper/lib_symlinks
+ '[' -n '' ']'
+ /usr/share/spec-helper/gprintify
+ '[' -n '' ']'
+ /usr/share/spec-helper/fix_mo
+ '[' -n '' ']'
+ /usr/share/spec-helper/fix_pamd
+ '[' -n '' ']'
+ /usr/share/spec-helper/remove_info_dir
+ '[' -n '' ']'
+ /usr/share/spec-helper/fix_eol
+ '[' -n '' ']'
+ /usr/share/spec-helper/check_desktop_files
+ '[' -n '' ']'
+ /usr/share/spec-helper/check_elf_files
Warning: unused libraries in /usr/bin/xwordgrinder: libfreetype.so.6

+ /usr/lib/rpm/brp-python-bytecompile /usr/bin/python3 1 1
+ /usr/lib/rpm/brp-python-hardlink
+ /usr/lib/rpm/redhat/brp-mangle-shebangs
Processing files: wordgrinder-0.7.3-0.git20201018.1.1.mga8.x86_64
Executing(%doc): /bin/sh -e /home/stig/rpmbuild/tmp/rpm-tmp.aRYLdM
+ umask 022
+ cd /home/stig/rpmbuild/BUILD
+ cd wordgrinder-master
+ DOCDIR=/home/stig/rpmbuild/BUILDROOT/wordgrinder-0.7.3-0.git20201018.1.1.mga8.x86_64/usr/share/doc/wordgrinder
+ export LC_ALL=C
+ LC_ALL=C
+ export DOCDIR
+ /usr/bin/mkdir -p /home/stig/rpmbuild/BUILDROOT/wordgrinder-0.7.3-0.git20201018.1.1.mga8.x86_64/usr/share/doc/wordgrinder
+ cp -pr README /home/stig/rpmbuild/BUILDROOT/wordgrinder-0.7.3-0.git20201018.1.1.mga8.x86_64/usr/share/doc/wordgrinder
+ cp -pr README.wg /home/stig/rpmbuild/BUILDROOT/wordgrinder-0.7.3-0.git20201018.1.1.mga8.x86_64/usr/share/doc/wordgrinder
+ RPM_EC=0
++ jobs -p
+ exit 0
Provides: wordgrinder = 0.7.3-0.git20201018.1.1.mga8 wordgrinder(x86-64) = 0.7.3-0.git20201018.1.1.mga8
Requires(rpmlib): rpmlib(CompressedFileNames) <= 3.0.4-1 rpmlib(FileDigests) <= 4.6.0-1 rpmlib(PayloadFilesHavePrefix) <= 4.0-1
Requires: libc.so.6()(64bit) libc.so.6(GLIBC_2.2.5)(64bit) liblua.so.5.3()(64bit) libm.so.6()(64bit) libminizip.so.1()(64bit) libncursesw.so.6()(64bit) libtinfo.so.6()(64bit) libz.so.1()(64bit)
Conflicts: wordgrinder < 0.7.2-2
Processing files: wordgrinder-gui-0.7.3-0.git20201018.1.1.mga8.x86_64
Provides: wordgrinder-gui = 0.7.3-0.git20201018.1.1.mga8 wordgrinder-gui(x86-64) = 0.7.3-0.git20201018.1.1.mga8
Requires(rpmlib): rpmlib(CompressedFileNames) <= 3.0.4-1 rpmlib(FileDigests) <= 4.6.0-1 rpmlib(PayloadFilesHavePrefix) <= 4.0-1
Requires: libX11.so.6()(64bit) libXft.so.2()(64bit) libc.so.6()(64bit) libc.so.6(GLIBC_2.2.5)(64bit) libfreetype.so.6()(64bit) liblua.so.5.3()(64bit) libm.so.6()(64bit) libminizip.so.1()(64bit) libz.so.1()(64bit)
Conflicts: wordgrinder < 0.7.2-2
Processing files: wordgrinder-debugsource-0.7.3-0.git20201018.1.1.mga8.x86_64
Provides: wordgrinder-debugsource = 0.7.3-0.git20201018.1.1.mga8 wordgrinder-debugsource(x86-64) = 0.7.3-0.git20201018.1.1.mga8
Requires(rpmlib): rpmlib(CompressedFileNames) <= 3.0.4-1 rpmlib(FileDigests) <= 4.6.0-1 rpmlib(PayloadFilesHavePrefix) <= 4.0-1
Processing files: wordgrinder-debuginfo-0.7.3-0.git20201018.1.1.mga8.x86_64
Provides: debuginfo(build-id) = 9e75ebbd7c887b108b761d435d962178f7856b62 wordgrinder-debuginfo = 0.7.3-0.git20201018.1.1.mga8 wordgrinder-debuginfo(x86-64) = 0.7.3-0.git20201018.1.1.mga8
Requires(rpmlib): rpmlib(CompressedFileNames) <= 3.0.4-1 rpmlib(FileDigests) <= 4.6.0-1 rpmlib(PayloadFilesHavePrefix) <= 4.0-1
Recommends: wordgrinder-debugsource(x86-64) = 0.7.3-0.git20201018.1.1.mga8
Processing files: wordgrinder-gui-debuginfo-0.7.3-0.git20201018.1.1.mga8.x86_64
Provides: debuginfo(build-id) = 11315792d65eb27dbe2e47eec6b540dd047629ec wordgrinder-gui-debuginfo = 0.7.3-0.git20201018.1.1.mga8 wordgrinder-gui-debuginfo(x86-64) = 0.7.3-0.git20201018.1.1.mga8
Requires(rpmlib): rpmlib(CompressedFileNames) <= 3.0.4-1 rpmlib(FileDigests) <= 4.6.0-1 rpmlib(PayloadFilesHavePrefix) <= 4.0-1
Recommends: wordgrinder-debugsource(x86-64) = 0.7.3-0.git20201018.1.1.mga8
Checking for unpackaged file(s): /usr/lib/rpm/check-files /home/stig/rpmbuild/BUILDROOT/wordgrinder-0.7.3-0.git20201018.1.1.mga8.x86_64
Wrote: /home/stig/rpmbuild/RPMS/x86_64/wordgrinder-gui-debuginfo-0.7.3-0.git20201018.1.1.mga8.x86_64.rpm
Wrote: /home/stig/rpmbuild/RPMS/x86_64/wordgrinder-debuginfo-0.7.3-0.git20201018.1.1.mga8.x86_64.rpm
Wrote: /home/stig/rpmbuild/RPMS/x86_64/wordgrinder-gui-0.7.3-0.git20201018.1.1.mga8.x86_64.rpm
Wrote: /home/stig/rpmbuild/RPMS/x86_64/wordgrinder-0.7.3-0.git20201018.1.1.mga8.x86_64.rpm
Wrote: /home/stig/rpmbuild/RPMS/x86_64/wordgrinder-debugsource-0.7.3-0.git20201018.1.1.mga8.x86_64.rpm
Executing(%clean): /bin/sh -e /home/stig/rpmbuild/tmp/rpm-tmp.I2MOHI
+ umask 022
+ cd /home/stig/rpmbuild/BUILD
+ cd wordgrinder-master
+ /usr/bin/rm -rf /home/stig/rpmbuild/BUILDROOT/wordgrinder-0.7.3-0.git20201018.1.1.mga8.x86_64
+ RPM_EC=0
++ jobs -p
+ exit 0
Executing(--clean): /bin/sh -e /home/stig/rpmbuild/tmp/rpm-tmp.xicp0L
+ umask 022
+ cd /home/stig/rpmbuild/BUILD
+ rm -rf wordgrinder-master
+ RPM_EC=0
++ jobs -p
+ exit 0
D: [iurt_root_command] Success!
