2018-02-11 00:04:27,070 - Mock Version: 1.4.8
2018-02-11 00:04:28,492 - Start: dnf update
2018-02-11 00:04:39,918 - Finish: dnf update
2018-02-11 00:04:39,943 - Finish: chroot init
2018-02-11 00:04:39,946 - Start: build phase for pure-ftpd-1.0.47-1.2.mga7.src.rpm
2018-02-11 00:04:39,948 - Start: build setup for pure-ftpd-1.0.47-1.2.mga7.src.rpm
2018-02-11 00:04:52,600 - Finish: build setup for pure-ftpd-1.0.47-1.2.mga7.src.rpm
2018-02-11 00:04:52,600 - Start: rpmbuild pure-ftpd-1.0.47-1.2.mga7.src.rpm
2018-02-11 00:04:52,602 - Start: Outputting list of installed packages
2018-02-11 00:04:52,652 - Finish: Outputting list of installed packages
2018-02-11 00:05:12,697 - Start: clean chroot
2018-02-11 00:05:16,476 - Finish: clean chroot
2018-02-11 00:06:28,416 - Mock Version: 1.4.8
2018-02-11 00:06:29,773 - Start: dnf update
2018-02-11 00:06:31,808 - Finish: dnf update
2018-02-11 00:06:31,832 - Finish: chroot init
2018-02-11 00:06:31,835 - Start: build phase for pure-ftpd-1.0.47-1.2.mga7.src.rpm
2018-02-11 00:06:31,837 - Start: build setup for pure-ftpd-1.0.47-1.2.mga7.src.rpm
2018-02-11 00:06:46,890 - Finish: build setup for pure-ftpd-1.0.47-1.2.mga7.src.rpm
2018-02-11 00:06:46,891 - Start: rpmbuild pure-ftpd-1.0.47-1.2.mga7.src.rpm
2018-02-11 00:06:46,893 - Start: Outputting list of installed packages
2018-02-11 00:06:46,942 - Finish: Outputting list of installed packages
2018-02-11 00:07:06,218 - Start: clean chroot
2018-02-11 00:07:09,681 - Finish: clean chroot
2018-02-11 00:09:18,606 - Mock Version: 1.4.8
2018-02-11 00:09:19,994 - Start: dnf update
2018-02-11 00:09:27,898 - Finish: dnf update
2018-02-11 00:09:27,922 - Finish: chroot init
2018-02-11 00:09:27,926 - Start: build phase for pure-ftpd-1.0.47-1.2.mga7.src.rpm
2018-02-11 00:09:27,928 - Start: build setup for pure-ftpd-1.0.47-1.2.mga7.src.rpm
2018-02-11 00:09:45,510 - Finish: build setup for pure-ftpd-1.0.47-1.2.mga7.src.rpm
2018-02-11 00:09:45,510 - Start: rpmbuild pure-ftpd-1.0.47-1.2.mga7.src.rpm
2018-02-11 00:09:45,512 - Start: Outputting list of installed packages
2018-02-11 00:09:45,560 - Finish: Outputting list of installed packages
2018-02-11 00:10:07,096 - Finish: rpmbuild pure-ftpd-1.0.47-1.2.mga7.src.rpm
2018-02-11 00:10:07,099 - Finish: build phase for pure-ftpd-1.0.47-1.2.mga7.src.rpm
2018-02-11 00:10:07,100 - Start: clean chroot
2018-02-11 00:10:10,430 - Finish: clean chroot
2018-02-11 00:10:10,431 - Finish: run
2018-02-11 00:17:14,844 - Mock Version: 1.4.8
2018-02-11 00:17:16,179 - Start: dnf update
2018-02-11 00:17:17,518 - Finish: dnf update
2018-02-11 00:17:17,543 - Finish: chroot init
2018-02-11 00:17:17,546 - Start: build phase for pure-ftpd-1.0.47-1.3.mga7.src.rpm
2018-02-11 00:17:17,548 - Start: build setup for pure-ftpd-1.0.47-1.3.mga7.src.rpm
2018-02-11 00:17:29,260 - Finish: build setup for pure-ftpd-1.0.47-1.3.mga7.src.rpm
2018-02-11 00:17:29,260 - Start: rpmbuild pure-ftpd-1.0.47-1.3.mga7.src.rpm
2018-02-11 00:17:29,262 - Start: Outputting list of installed packages
2018-02-11 00:17:29,309 - Finish: Outputting list of installed packages
2018-02-11 00:17:50,586 - Finish: rpmbuild pure-ftpd-1.0.47-1.3.mga7.src.rpm
2018-02-11 00:17:50,589 - Finish: build phase for pure-ftpd-1.0.47-1.3.mga7.src.rpm
2018-02-11 00:17:50,590 - Start: clean chroot
2018-02-11 00:17:53,826 - Finish: clean chroot
2018-02-11 00:17:53,827 - Finish: run
2018-02-11 11:43:15,332 - Mock Version: 1.4.8
2018-02-11 11:43:16,963 - Start: dnf update
2018-02-11 11:43:20,288 - Finish: dnf update
2018-02-11 11:43:20,313 - Finish: chroot init
2018-02-11 11:43:20,316 - Start: build phase for pure-ftpd-1.0.47-1.3.mga7.src.rpm
2018-02-11 11:43:20,318 - Start: build setup for pure-ftpd-1.0.47-1.3.mga7.src.rpm
2018-02-11 11:43:29,890 - Finish: build setup for pure-ftpd-1.0.47-1.3.mga7.src.rpm
2018-02-11 11:43:29,891 - Start: rpmbuild pure-ftpd-1.0.47-1.3.mga7.src.rpm
2018-02-11 11:43:29,893 - Start: Outputting list of installed packages
2018-02-11 11:43:29,947 - Finish: Outputting list of installed packages
2018-02-11 11:43:51,376 - Finish: rpmbuild pure-ftpd-1.0.47-1.3.mga7.src.rpm
2018-02-11 11:43:51,379 - Finish: build phase for pure-ftpd-1.0.47-1.3.mga7.src.rpm
2018-02-11 11:43:51,380 - Start: clean chroot
2018-02-11 11:43:54,696 - Finish: clean chroot
2018-02-11 11:43:54,698 - Finish: run
2018-02-11 12:15:55,942 - Mock Version: 1.4.8
2018-02-11 12:15:57,460 - Start: dnf update
2018-02-11 12:15:59,868 - Finish: dnf update
2018-02-11 12:15:59,894 - Finish: chroot init
2018-02-11 12:15:59,897 - Start: build phase for pure-ftpd-1.0.47-1.3.mga7.src.rpm
2018-02-11 12:15:59,899 - Start: build setup for pure-ftpd-1.0.47-1.3.mga7.src.rpm
2018-02-11 12:16:18,711 - Finish: build setup for pure-ftpd-1.0.47-1.3.mga7.src.rpm
2018-02-11 12:16:18,711 - Start: rpmbuild pure-ftpd-1.0.47-1.3.mga7.src.rpm
2018-02-11 12:16:18,713 - Start: Outputting list of installed packages
2018-02-11 12:16:18,760 - Finish: Outputting list of installed packages
2018-02-11 12:16:39,166 - Start: clean chroot
2018-02-11 12:16:42,504 - Finish: clean chroot
2018-02-11 12:19:29,779 - Mock Version: 1.4.8
2018-02-11 12:19:31,153 - Start: dnf update
2018-02-11 12:19:39,618 - Finish: dnf update
2018-02-11 12:19:39,648 - Finish: chroot init
2018-02-11 12:19:39,652 - Start: build phase for pure-ftpd-1.0.47-1.3.mga7.src.rpm
2018-02-11 12:19:39,654 - Start: build setup for pure-ftpd-1.0.47-1.3.mga7.src.rpm
2018-02-11 12:19:55,110 - Finish: build setup for pure-ftpd-1.0.47-1.3.mga7.src.rpm
2018-02-11 12:19:55,110 - Start: rpmbuild pure-ftpd-1.0.47-1.3.mga7.src.rpm
2018-02-11 12:19:55,112 - Start: Outputting list of installed packages
2018-02-11 12:19:55,159 - Finish: Outputting list of installed packages
2018-02-11 12:20:17,117 - Finish: rpmbuild pure-ftpd-1.0.47-1.3.mga7.src.rpm
2018-02-11 12:20:17,120 - Finish: build phase for pure-ftpd-1.0.47-1.3.mga7.src.rpm
2018-02-11 12:20:17,121 - Start: clean chroot
2018-02-11 12:20:20,325 - Finish: clean chroot
2018-02-11 12:20:20,326 - Finish: run
2018-02-11 12:24:45,364 - Mock Version: 1.4.8
2018-02-11 12:24:46,774 - Start: dnf update
2018-02-11 12:24:49,228 - Finish: dnf update
2018-02-11 12:24:49,252 - Finish: chroot init
2018-02-11 12:24:49,256 - Start: build phase for pure-ftpd-1.0.47-1.3.mga7.src.rpm
2018-02-11 12:24:49,258 - Start: build setup for pure-ftpd-1.0.47-1.3.mga7.src.rpm
2018-02-11 12:24:58,091 - Finish: build setup for pure-ftpd-1.0.47-1.3.mga7.src.rpm
2018-02-11 12:24:58,091 - Start: rpmbuild pure-ftpd-1.0.47-1.3.mga7.src.rpm
2018-02-11 12:24:58,093 - Start: Outputting list of installed packages
2018-02-11 12:24:58,142 - Finish: Outputting list of installed packages
2018-02-11 12:25:19,847 - Finish: rpmbuild pure-ftpd-1.0.47-1.3.mga7.src.rpm
2018-02-11 12:25:19,849 - Finish: build phase for pure-ftpd-1.0.47-1.3.mga7.src.rpm
2018-02-11 12:25:19,850 - Start: clean chroot
2018-02-11 12:25:23,091 - Finish: clean chroot
2018-02-11 12:25:23,093 - Finish: run
2018-02-11 12:26:08,186 - Mock Version: 1.4.8
2018-02-11 12:26:09,623 - Start: dnf update
2018-02-11 12:26:18,818 - Finish: dnf update
2018-02-11 12:26:18,842 - Finish: chroot init
2018-02-11 12:26:18,845 - Start: build phase for pure-ftpd-1.0.47-1.3.mga7.src.rpm
2018-02-11 12:26:18,847 - Start: build setup for pure-ftpd-1.0.47-1.3.mga7.src.rpm
2018-02-11 12:26:32,800 - Finish: build setup for pure-ftpd-1.0.47-1.3.mga7.src.rpm
2018-02-11 12:26:32,800 - Start: rpmbuild pure-ftpd-1.0.47-1.3.mga7.src.rpm
2018-02-11 12:26:32,802 - Start: Outputting list of installed packages
2018-02-11 12:26:32,849 - Finish: Outputting list of installed packages
2018-02-11 12:26:54,177 - Finish: rpmbuild pure-ftpd-1.0.47-1.3.mga7.src.rpm
2018-02-11 12:26:54,180 - Finish: build phase for pure-ftpd-1.0.47-1.3.mga7.src.rpm
2018-02-11 12:26:54,181 - Start: clean chroot
2018-02-11 12:26:57,430 - Finish: clean chroot
2018-02-11 12:26:57,431 - Finish: run
