lib64gvpr2-2.38.0-20.mga6.x86_64 1482267312 505152 99d8e0eb93c62d64e78951b7e587800d installed
python2-rpm-macros-3-4.mga6.noarch 1484743671 1485 18c1aaeb353a5e1dc86718492552e0b4 installed
lib64fontconfig1-2.12.1-2.mga6.x86_64 1484842486 285320 0e73f961bc9cfc604adadecc6508cde9 installed
mageia-repos-pkgprefs-6-1.mga6.noarch 1499371760 0 5e1d32abaef68a768bb843aa4d31914a installed
lib64graphite2_3-1.3.10-1.mga6.x86_64 1495520500 184624 929c2ad9ed22e37535e6136261ecba2e installed
popt-data-1:1.16-13.mga6.noarch 1456060419 60192 e2f0bbc20efb9468c20917ebbcaed90f installed
lib64avahi-common3-0.6.32-1.mga6.x86_64 1457800968 53496 fb522b2ce3829f482abb90162bf5d198 installed
sash-3.8-6.mga6.x86_64 1455302300 996788 c18a24d8c9f8951a6c7fcf9c2a84e5eb installed
lib64xau6-1.0.8-7.mga6.x86_64 1455233243 15424 123d054063ec80fde968fc5142acd250 installed
setup-2.7.24-1.mga6.noarch 1472710689 702922 db4e26b38ea982361479a37bf17416f8 installed
lib64xrender1-0.9.10-1.mga6.x86_64 1475692200 40432 a8c548991d30966c7d89df0d328012b1 installed
lib64pcre1-8.40-2.mga6.x86_64 1488122186 467984 371e767634e161cc355b76b0a336d447 installed
lib64xdamage1-1.1.4-8.mga6.x86_64 1454942656 11160 26779b424b6af213a6b73ae35a33278f installed
chkconfig-1.10-1.mga6.x86_64 1493453925 763353 bd74d2596d9af85acf2aef8c938a09a2 installed
lib64xcb-sync1-1.12-2.mga6.x86_64 1467524268 27648 90e208b2c580011164a87de96cf5a4d2 installed
lib64openssl-engines1.0.0-1.0.2l-1.mga6.x86_64 1495781253 297544 1f08b1293eeb1ab641cf950b36100b30 installed
lib64xinerama1-1.1.3-6.mga6.x86_64 1454367779 11288 0374645631ba41346bce09d45556cd61 installed
lib64uuid1-2.28.2-2.mga6.x86_64 1487848604 20200 52a7e0b3b44a524bb46693ac789bdb1c installed
lib64xcb-xfixes0-1.12-2.mga6.x86_64 1467524268 31648 c8fabb9f71be4a625dc9f39d2f92fdfe installed
lib64glib2.0_0-2.52.2-2.mga6.x86_64 1495174244 1516562 7458029bc3283aa8fb40e1ba31f41b45 installed
lib64xcb-shm0-1.12-2.mga6.x86_64 1467524268 11176 1057d918dd57fc242e74cbd50a00216a installed
lib64acl1-2.2.52-7.mga6.x86_64 1455119789 204951 8147b9e0c8a600b36d305376931a30e0 installed
lib64lzma-devel-5.2.3-1.mga6.x86_64 1483134182 1995462 6d4a277c35acf7ca7c1887b99d1ba9f0 installed
lib64nettle6-1:3.3-1.mga6.x86_64 1475498006 1003216 5758d37931b2ecb7a99f217beb29abe0 installed
lib64jbig1-2.1-4.mga6.x86_64 1455204088 104936 8a2af3fe3146ac1ff92496f76802b769 installed
lib64p11-kit0-0.23.2-2.mga6.x86_64 1463186562 422254 5e5097ce2f8d213c38c02914bb9d0fee installed
lib64gdk_pixbuf-gir2.0-2.36.6-1.mga6.x86_64 1490528650 17960 6a961225034ed5b7f11c50dc171ab260 installed
info-install-6.1-1.mga6.x86_64 1462821644 51402 373ae2a1345a813f1d1a4e30fdad28e6 installed
lib64wmf0.2_7-0.2.8.4-37.mga6.x86_64 1490103724 517656 b6bb77275b4155320d7e26189927e8ab installed
lib64crack2-2.9.6-5.mga6.x86_64 1481570481 44736 fb551ea493a955f0974443211907ef7c installed
lib64xkbcommon0-0.7.1-1.mga6.x86_64 1484850795 297352 ddb87edb5df0162b82ccc241bd46111c installed
lib64udev1-230-12.mga6.x86_64 1498764124 129984 9576cedf76a5bc9c0a8d1055ffde7983 installed
at-spi2-core-2.24.1-1.mga6.x86_64 1494283797 231714 ac2a352acdc24359bee8d747ec0ba9c3 installed
lib64gpg-error0-1.24-1.mga6.x86_64 1470926360 78808 d59d1793d97783e452b413b160672517 installed
lib64xcb-randr0-1.12-2.mga6.x86_64 1467524268 60576 281ae0021260b2de1f0bd3289cdd5fe3 installed
lib64expat1-2.2.1-1.mga6.x86_64 1497809427 177744 a3ab9363abbd726cd2449a2a63ca48d7 installed
lib64xcb-shape0-1.12-2.mga6.x86_64 1467524268 15264 aa3bda8333666757ff037ba368437510 installed
perl-JSON-2.900.0-5.mga6.noarch 1466303227 275252 72e86b4f1f08fdd4617ae6e9c6d0f195 installed
lib64xcb-xv0-1.12-2.mga6.x86_64 1467524268 27664 e1df06c2a97bebca92a3a5a096d97396 installed
lib64devmapper-event1.02-1.02.137-1.mga6.x86_64 1480623493 28136 544d3e8ed328bd76f7d32b6c813c25f6 installed
lib64avahi-client3-0.6.32-1.mga6.x86_64 1457800968 69928 1f4a45214fc4fb6f6b1e14908a892489 installed
lib64archive13-3.3.1-1.mga6.x86_64 1488391994 778575 5d11fe35ab6da4a8c2237ce81683df1a installed
graphite2-1.3.10-1.mga6.x86_64 1495520500 60261 f7944c6a7eee967d8ad2e587e9d9023c installed
rmt-0.4b46-1.mga6.x86_64 1478892844 41243 9353d181d993e91b1b6f31866a99353e installed
lib64vorbisfile3-1.3.5-2.mga6.x86_64 1455016029 36416 8ae0a754db749bbdcb230935f4593b7b installed
unzip-6.0-17.mga6.x86_64 1483736915 742718 7e21140f375b3071a7fe52d93894f8ca installed
lib64pixman-devel-0.34.0-1.mga6.x86_64 1455168541 50451 167772e74e7a2887e13c81c63b3ba5d6 installed
multiarch-utils-1.0.13-7.mga6.noarch 1455896961 12031 3cc0c1ce186edb678fe4b5fc716e0b53 installed
openjpeg2-2.1.2-3.mga6.x86_64 1486724848 298675 2eb148277cf5554d14eea50b3c3ba23b installed
ethtool-1:4.8-1.mga6.x86_64 1478892876 319162 794629159add894d875c2ca96522e078 installed
lib64slang2-2.3.0-1.mga6.x86_64 1451159447 1525560 c8c0a8eb18ba303a390d32c4abf162a2 installed
lib64pcre32_0-8.40-2.mga6.x86_64 1488122186 410560 184647a552270dc5b1fff664020738fb installed
lib64wayland-egl1-17.1.4-1.mga6.x86_64 1498848777 6840 1120c8dfd7dbd8a0d0d489a1f6083907 installed
lib64pam_userpass1-1.0.2-13.mga6.x86_64 1455253207 15315 3de2bdf93d5ef0c14b566ab3d101fce1 installed
mkfontdir-1.0.7-8.mga6.noarch 1455933457 65 d938b043e9f1c85433180c3b5ee00a42 installed
lib64daemon0-0.14-10.mga6.x86_64 1455208973 28088 571ae182431fb1dcf4e96a6294323b2f installed
lib64xt6-1.1.5-2.mga6.x86_64 1455234118 425672 ffc7441d0cf61c76d4faf4787a580f26 installed
lib64tasn1_6-4.12-1.mga6.x86_64 1496851685 78056 7f0fa433dae2b4c5cc5bf19d658972f3 installed
lib64aa1-1.4.0-0.rc5.31.mga6.x86_64 1454926075 125920 99ef92e0f7ab66eb8962d64af8fb14e7 installed
lib64verto1-0.2.6-6.mga6.x86_64 1487166750 27220 11fc96690638a2311bcd2191e1866b21 installed
lib64nl3_200-3.3.0-1.mga6.x86_64 1494346823 139112 7aa40d911db0bad4f12eac8296d80488 installed
libstdc++6-5.4.0-5.mga6.x86_64 1498866346 3074320 b23f993ad1de76fa5152656f7041a851 installed
lib64openmpi20-2.1.1-4.mga6.x86_64 1496138328 6193896 8c72b3c44a16da16bd787e95ea1ffbc1 installed
sed-4.2.2-9.mga6.x86_64 1455302816 686768 0d343b6bbc5a13c52c1ccd7b4f4f8e2e installed
lib64nl-idiag3_200-3.3.0-1.mga6.x86_64 1494346823 37720 a6f0f8e7c867d20dda88976704b745c7 installed
findutils-4.6.0-1.mga6.x86_64 1451426987 1682205 af9979ee197ced62509b3d3d69c14636 installed
lib64rdmacm-devel-1.0.15-9.mga6.x86_64 1454940441 87557 6e624300372c4169be8af013fa61eb73 installed
lib64mount1-2.28.2-2.mga6.x86_64 1487848604 295112 78d4b909bbc2c761410989272da6fab8 installed
lib64uuid-devel-2.28.2-2.mga6.x86_64 1487848604 113997 34d83000c2f089a0450ea1ef404307da installed
lib64user1-0.62-8.mga6.x86_64 1473494808 120128 d0825814dc5e2892a780158763fcc187 installed
x11-data-bitmaps-1.1.1-9.mga6.noarch 1476880946 183588 6c1b8ab564625d01dd777815745a6c07 installed
kbd-2.0.3-1.mga6.x86_64 1451607906 3354235 d5adad64f340f3a9fb266596715af861 installed
lib64atk-bridge2.0_0-2.24.1-1.mga6.x86_64 1494283777 193760 9a68f94077d295cf8778e0641fa0767a installed
less-487-1.mga6.x86_64 1490907633 567034 adec4c9e782c745968906451911b6750 installed
libdrm-common-2.4.81-1.mga6.x86_64 1496725319 56 8cdabcd54152d3235f2873b7d02701e4 installed
iproute2-4.9.0-1.mga6.x86_64 1483271807 1595949 6496e2846bb1ff0716c23e0242255c3f installed
lib64drm_amdgpu1-2.4.81-1.mga6.x86_64 1496725319 40688 518cd1cc3d0a3d37c84e638282cdb0ed installed
lib64fdisk1-2.28.2-2.mga6.x86_64 1487848604 342712 1f3f79b382ae77528cd13b8c406428fe installed
lib64dri-drivers-17.1.4-1.mga6.x86_64 1498848777 23126088 bafe5da91863d615e38af285356fb146 installed
lib64ldap2.4_2-2.4.45-2.mga6.x86_64 1496611863 751120 bec136b23198fb9c214e749bf49d7c2b installed
lib64pango1.0_0-1.40.6-1.mga6.x86_64 1495479318 493520 5f380a7c9bf6c733f2ad70ddfca8942c installed
logrotate-3.12.2-1.mga6.x86_64 1495518817 123127 c006df14190b7696fddf8d3a71fbf950 installed
gtk+3.0-3.22.16-1.mga6.x86_64 1498082182 24272217 83c83fa736e96676e7b7b99c1f48df92 installed
cpio-2.12-3.mga6.x86_64 1458058612 909720 dd1b933f25ec685464835e967fcfb499 installed
lib64pango-gir1.0-1.40.6-1.mga6.x86_64 1495479318 74916 d27a000f3bcbcce8404a74388c8cb606 installed
automake-1.15.1-1.mga6.noarch 1498285764 2468857 9da177d7d18fe324b5f98ed9fff9a830 installed
lib64gtk+-x11-2.0_0-2.24.31-3.mga6.x86_64 1499717487 5264456 61ee0df2cc24e84ce1d27c695aa0122e installed
ncurses-6.0-8.mga6.x86_64 1484305261 444382 1b174818eb7cf43b02399d49faf6b4ec installed
lib64devil1-1.7.8-25.mga6.x86_64 1489390525 881413 399c546d2e18aa14100b086a6edbdd10 installed
python-2.7.13-1.mga6.x86_64 1485625438 273734 fa6dd4222b89f4c4d1417cbcf3b3bfc7 installed
lib64gbm1-devel-17.1.4-1.mga6.x86_64 1498848777 14626 479bc79453aacb62b3ad121df52e7674 installed
gobject-introspection-1.52.1-1.mga6.x86_64 1491809889 2016407 46626dde3c8024f7bd7be78466a3b621 installed
ghostscript-fonts-8.11-21.mga6.noarch 1455910761 988175 9562e70fe1f420731456b1eec57c10f0 installed
lockdev-1.0.4-0.120111007git.12.mga6.x86_64 1455235590 8004 dc37189ee820fec85f88cd61aaa62966 installed
lib64x11-devel-1.6.5-1.mga6.x86_64 1488391850 1127274 b3f96d6d7a8e24564d41db3f594911f0 installed
pam-1.3.0-5.mga6.x86_64 1473494980 932773 d131208fafa1e531d540bb5e893f103f installed
lib64xdamage-devel-1.1.4-8.mga6.x86_64 1454942656 2563 20db1c28ab6333a79aa9536de83b23ba installed
systemd-230-12.mga6.x86_64 1498764124 27796662 54f963787ce8d93234e71ad38d701217 installed
lib64ilmbase-devel-2.2.0-5.mga6.x86_64 1455504294 550857 60bd7712cf8f686673effc05985222f4 installed
initscripts-9.55-24.mga6.x86_64 1489527386 6722329 e2cfbfd071db1a591b9bff62905a3c1e installed
lib64glib2.0-devel-2.52.2-2.mga6.x86_64 1495174244 22797148 cc7b69beca9b6d253441af94bb839904 installed
rpm-1:4.13.0.1-3.mga6.x86_64 1499683683 2180178 c137b6ce6318d96dbc2f375529738978 installed
lib64lqr0-0.4.2-5.mga6.x86_64 1454924246 103930 2ac59b74bfeacd99b43fc09984167f34 installed
passwd-0.79-6.mga6.x86_64 1455253903 395731 f4336b99eeb54b719bba079b8a6f537c installed
lib64jpeg-devel-1:1.5.1-1.mga6.x86_64 1474468111 164672 d24af6cf1e0fd5d564e09671521a4adc installed
gcc-cpp-5.4.0-5.mga6.x86_64 1498866346 20818521 0a6bb87dcd95bd5086e126db260d6ebf installed
lib64bzip2-devel-1.0.6-10.mga6.x86_64 1479977831 502137 4eb6049f88cf33eeb6bb26ebaf1cc11a installed
rpmlint-1.5-4.mga6.noarch 1455884865 1193261 7f313d6523d254e2ddab9a4d34a091f0 installed
lib64xft-devel-2.3.2-4.mga6.x86_64 1454603487 23381 7c7bb25c88ce52fa5f93277e70d60374 installed
spec-helper-0.31.11-1.mga6.noarch 1452376089 32435 2b14d3f147f0951754a0275a05968565 installed
lib64wmf-devel-0.2.8.4-37.mga6.x86_64 1490103724 2323507 8e8d18bc91e118b7fc56102489835e3c installed
lib64png16_16-2:1.6.29-1.mga6.x86_64 1490555011 380648 13a992d846f287c85496837130a549fe installed
lib64lqr-devel-0.4.2-5.mga6.x86_64 1454924246 705566 45ade349f47a1dc88ab95ee1ed50f7c6 installed
lib64zlib-devel-1.2.11-4.mga6.x86_64 1490774438 868322 b63b31973e9bbacb7d6072879469f27b installed
lib64openjpeg2-devel-2.1.2-3.mga6.x86_64 1486724848 66635 0d8ba3a4d4f5c98002f969d40bb6f0d1 installed
lib64cdt5-2.38.0-20.mga6.x86_64 1482267312 27912 1c3e533f80cfc2bb2683df662d721175 installed
chrpath-0.16-4.mga6.x86_64 1454374471 37594 87a89ad93c7a38eb1199208dbeccb15a installed
lib64xshmfence1-1.2-2.mga6.x86_64 1455234541 11096 f5685f4cc2d268465f27edfdac343fb8 installed
lib64fftwomp3-3.3.6-1.mga6.x86_64 1491237633 112528 8989c621ef51ef7482753ca041de2db7 installed
lib64x11-xcb1-1.6.5-1.mga6.x86_64 1488391850 6848 d5b5d7ebb6c34b72c9fcaa243fc09cbb installed
lib64fftw-devel-3.3.6-1.mga6.x86_64 1491237633 4023527 451e363fa165a26ba3cee19e69b98df0 installed
lib64qtcore4-4:4.8.7-15.mga6.x86_64 1489668734 3662704 2d2c5711206d0502f71eefe7dc14fad1 installed
lib64glapi0-17.1.4-1.mga6.x86_64 1498848777 199752 447aca689defa166a594ebf579652e3d installed
lib64pixman1_0-0.34.0-1.mga6.x86_64 1455168541 686320 b0e547b9beac082293eae79413113f20 installed
lib64pciaccess-devel-0.13.5-1.mga6.x86_64 1494969783 15314 e99d4ae9f5eeb15f9b49e0a34df77f9a installed
gpg-pubkey-80420f66-4d4fe123 1297080611 0 (none) installed
lib64xshmfence-devel-1.2-2.mga6.x86_64 1455234541 1937 717719c7a410f85c40f5204604b5ceac installed
python-rpm-macros-3-4.mga6.noarch 1484743671 3268 88f57476bada85917b920a96163dad92 installed
lib64mng2-2.0.3-1.mga6.x86_64 1451675628 519472 ac07bd019ad6ecfae1b6595cc96911d7 installed
icu58-data-1:58.2-3.mga6.noarch 1492654220 26213232 19877e7ed47da4560e4a88dd869cd1d7 installed
lib64jasper1-1.900.23-5.mga6.x86_64 1492606784 350792 9362d8db4bfc0f85b564f476d2f77600 installed
kernel-userspace-headers-4.9.35-1.mga6.x86_64 1498772064 4340613 b246c7fdd91748b2e9e828b57c7e1dc7 installed
fontconfig-2.12.1-2.mga6.x86_64 1484842486 349911 129bcb9b35fed6c71b13b691cc1abbc9 installed
mageia-repos-keys-6-1.mga6.noarch 1499371760 1666 36832091ab6cc9c82fe0a4ec9372f9f2 installed
lib64datrie1-0.2.10-1.mga6.x86_64 1451796432 32760 fcaa2e0e7534895f087da71b914218d5 installed
rootcerts-1:20170404.00-1.mga6.noarch 1492813793 3715337 fa57f560cd3ee08439115071e340d507 installed
lib64harfbuzz0-1.3.2-5.mga6.x86_64 1489754626 429443 56d5f5fceb97d20c7a6661e5e441a5b5 installed
dash-static-0.5.9-1.mga6.x86_64 1473485377 132931 27b15f6c6d3f0e4f0b5d5d8dca562e00 installed
lib64hwloc5-1.11.7-1.mga6.x86_64 1493745774 258984 d878934916f6d5b5d0cc08666ce1cfea installed
cmake-rpm-macros-1:3.7.2-3.mga6.x86_64 1496990563 4534 90673a3d155d90b66ad2a27dd85ed3d7 installed
lib64torque2-6.1.1.1-1.mga6.x86_64 1493745586 875821 9c6dc2fbc05ff6895a99881ea88a06d4 installed
rootfiles-11.0-14.mga6.noarch 1455897202 14813 d308f7699a1f3454de2d1b5371095355 installed
urw-fonts-2.4-7.mga6.noarch 1454922816 4595417 44947a3d1758d4617f69e0ded3c8dc33 installed
run-parts-1:4.4-7.mga6.x86_64 1455301833 93729 a8d8c564e895e3049e0aee4d6b372cba installed
lib64xcb1-1.12-2.mga6.x86_64 1467524268 155944 64d0cd7dbc980f0e6f476e8d3490f3a0 installed
filesystem-2.1.9-28.mga6.x86_64 1455178462 0 45b49454b231e86ab72c4fa32b62dc84 installed
lib64xext6-1:1.3.3-4.mga6.x86_64 1454941380 200671 b2347184adbf8deb1c3ea85ccd13df54 installed
glibc-6:2.22-25.mga6.x86_64 1498315217 27406343 5cc7d675da0fb0b95653a88e3a665f9e installed
lib64xfixes3-5.0.3-1.mga6.x86_64 1475692152 23472 3bbd4d5134f693dcb1d94444dc1033a7 installed
lib64zlib1-1.2.11-4.mga6.x86_64 1490774438 120355 a6f2878af6f9341c02292fab608027f9 installed
lib64xft2-2.3.2-4.mga6.x86_64 1454603487 91232 5a6ef687e5a0a2b7885c15f7b30ad64b installed
lib64popt0-1:1.16-13.mga6.x86_64 1456060419 54457 e1101a4814f951cbc5c337e52f7e59f5 installed
lib64xcb-dri2_0-1.12-2.mga6.x86_64 1467524268 19384 3dc09d212203d026c69b43498427d53a installed
lib64lzma5-5.2.3-1.mga6.x86_64 1483134182 221646 ce6fc1a39a86ebcfef7dda1256e3a3d8 installed
lib64xcb-present0-1.12-2.mga6.x86_64 1467524268 11176 c848cd7455b1f60f8ce2891e1e02d5df installed
lib64openssl1.0.0-1.0.2l-1.mga6.x86_64 1495781253 3224575 18ee668fdf8de94ce1f4816b0252d328 installed
lib64xrandr2-1.5.1-1.mga6.x86_64 1475692115 44320 e7efb53225f75da26174dd5c2acac366 installed
lib64elfutils1-0.169-1.mga6.x86_64 1494346810 99960 d6244320f23650a13ffa6494044d8a48 installed
lib64xi6-1.7.9-1.mga6.x86_64 1485536920 65712 185b6deef32e324775fcfbe7537f9f32 installed
lib64cap2-2.25-1.mga6.x86_64 1460387733 71216 0b8534a73aeabf685c76a1bac063adec installed
lib64xxf86dga1-1.1.4-6.mga6.x86_64 1454719417 28000 cbd6fddc1a8481a76d2cfee8277ed164 installed
lib64mpfr4-0:3.1.5-1.mga6.x86_64 1477500592 406256 8f8d63336796d9154e1e75c4ec8a2454 installed
lib64xcb-render0-1.12-2.mga6.x86_64 1467524268 52376 3a02fd465d0efb689524737eb419c706 installed
lib64ffi6-3.2.1-5.mga6.x86_64 1455209060 53623 193f7267b19db640409187a51e0026e0 installed
lib64gii1-1.0.2-21.mga6.x86_64 1454719341 181032 10729366dbf31bfa850c3d2d1cbb10c6 installed
lib64intl8-0.19.8.1-1.mga6.x86_64 1465844977 234489 83950cd2c4431e7e62cd840eb18324f9 installed
lib64xlib-gir2.0-1.52.1-1.mga6.x86_64 1491809889 836 6e28c4059008e7f5651193b74e510ecd installed
lib64attr1-2.4.47-7.mga6.x86_64 1455121420 71376 7b799fedc22fb16ec3b37bb5b33401f3 installed
lib64xcb-glx0-1.12-2.mga6.x86_64 1467524268 101336 39f9d778f0a3c36c5c82c53f40cf07ff installed
coreutils-8.25-3.mga6.x86_64 1493726892 13841961 eb7c16acd93f3c2250cb9b6a4ed4ee9f installed
lib64ffi-devel-3.2.1-5.mga6.x86_64 1455209060 27853 7859eec67f449d29ac3681874c07f736 installed
lib64sigsegv2-2.10-7.mga6.x86_64 1455214956 68787 f7bcb407d23e09f9fff70d01b1c81c1f installed
lib64xml2-devel-2.9.4-8.mga6.x86_64 1499406120 9931082 ea4cc90b4b4bc0060602498c004e0e4b installed
lib64unistring2-0.9.7-1.mga6.x86_64 1481193383 1555700 83448d3b5e53cafb5ea4fc9d06631647 installed
lib64gvc6-2.38.0-20.mga6.x86_64 1482267312 649640 65af0209111ed0fc20edd45f412112fb installed
gettext-base-0.19.8.1-1.mga6.x86_64 1465844977 3429413 d7a4e341a05dc64eef437d09f689a006 installed
lib64tiff5-4.0.8-3.mga6.x86_64 1499445422 509800 5c3569a8556f5099132443cc3ff4c4a3 installed
p11-kit-0.23.2-2.mga6.x86_64 1463186562 62480 ba7e0e93102dfaaaad6456c7d5070d7d installed
lib64gdk_pixbuf2.0_0-2.36.6-1.mga6.x86_64 1490528650 513240 c477134efbf72dc4c3672f5a925aca63 installed
xz-5.2.3-1.mga6.x86_64 1483134182 510975 106962849159d0a27d32da2cd2267fdd installed
lib64qtsvg4-4:4.8.7-15.mga6.x86_64 1489668734 412168 d77a143bd4b337d7cf56f5da20ccd72b installed
which-2.21-3.mga6.x86_64 1455308603 50534 744d1c75d1640178f7fe94bc9c775fdc installed
libquadmath-devel-5.4.0-5.mga6.x86_64 1498866346 3066899 a7223c9ac03b05c867a7223d6aaed5c6 installed
file-5.25-5.mga6.x86_64 1477005109 4761378 6a4a5313d0e28afa10f3529441bc2f5f installed
lib64gd3-2.2.4-3.mga6.x86_64 1498674805 416748 45233c80343834e58eb7a5f92973dc68 installed
hostname-3.18-1.mga6.x86_64 1470925066 37619 9d85525953b414224933f7ad6bd610fe installed
lib64jbig-devel-2.1-4.mga6.x86_64 1455204088 115725 bc4266ddfdbcb66d0ec9663776321142 installed
lib64audit1-2.7.7-1.mga6.x86_64 1498044133 111523 abe177585d4048ca8c2208fb49f206b9 installed
lib64xft-gir2.0-1.52.1-1.mga6.x86_64 1491809889 464 232194ac52ad28561ff7bbdaddfe2319 installed
lib64devmapper1.02-1.02.137-1.mga6.x86_64 1480623493 347064 c5ace08ab430db326b29b57749c9107a installed
lib64atspi0-2.24.1-1.mga6.x86_64 1494283797 200056 76c6c6f8b6239ffa30f26cdf1e3c23c7 installed
perl-2:5.22.3-3.mga6.x86_64 1496774556 42588284 4a04510e861435143732ae1cb0cbe8dc installed
lib64xcb-composite0-1.12-2.mga6.x86_64 1467524268 11176 fd2b0b6f43323cb22044263df1e26189 installed
lib64gcrypt20-1.7.8-1.mga6.x86_64 1499103269 1220106 3b6e5c7b6d3ad4d94a0dba7420f0e7d7 installed
lib64xcb-dpms0-1.12-2.mga6.x86_64 1467524268 11160 734e27560bc6a3693ce51bca47666929 installed
lib64nspr4-2:4.15-2.mga6.x86_64 1497423396 291560 dc1c3356ff22a727b44bf3c44d9c198f installed
lib64xcb-record0-1.12-2.mga6.x86_64 1467524268 19400 2d40511b2dd4784f7bcefe1c06be3236 installed
lib64procps6-3.3.12-1.mga6.x86_64 1471034217 99389 7163687c66559c87d52727fb39d5a01d installed
lib64xcb-screensaver0-1.12-2.mga6.x86_64 1467524268 15320 289b07f40c52bb238459a23147aaa417 installed
perl-YAML-Tiny-1.690.0-3.mga6.noarch 1466338609 167548 04f4acb3adc899d591dace2991079c34 installed
lib64xcb-xf86dri0-1.12-2.mga6.x86_64 1467524268 19392 169d7a217d68a26624fb62dc7ea1d1d6 installed
perl-File-Slurp-9999.190.0-8.mga6.noarch 1466296652 49678 42e71e36674d265d5226ec06fc832615 installed
lib64xcb-xtest0-1.12-2.mga6.x86_64 1467524268 11160 74139b064b09eb9ea5bb3ac2cb115f1a installed
perl-List-MoreUtils-0.415.0-1.mga6.x86_64 1462572808 162036 bfeda5edd530434780d8b55537b15270 installed
lib64xcb-xvmc0-1.12-2.mga6.x86_64 1467524268 15272 5a94e309a3ba335f0e07b2d2605ff73b installed
cracklib-dicts-2.9.6-5.mga6.x86_64 1481570481 9994892 0e53ab3d9db2591fd64741b3987e95e0 installed
lib64torque-devel-6.1.1.1-1.mga6.x86_64 1493745586 1409057 fd84efca55283e2d4af0a780d4d8fa9e installed
bzip2-1.0.6-10.mga6.x86_64 1479977831 141158 5a520627e206611de85b7c489497211b installed
lib64cups2-2.2.3-2.mga6.x86_64 1495807232 870984 ff117a578dc3a013f82a777f515deab5 installed
pkgconfig-0.29.1-3.mga6.x86_64 1487869169 168936 e0c6b4085578cfe017f517f3b49ac19f installed
lib64hwloc-devel-1.11.7-1.mga6.x86_64 1493745774 468609 247f55dd5a5334655b31ad3069435480 installed
dwz-0.12-2.mga6.x86_64 1455174740 225249 98b6fdf928f9a85196a3bd897b783894 installed
lib64graphite2-devel-1.3.10-1.mga6.x86_64 1495520500 48710 b57a70542309b93551bcf3494b263449 installed
lib64ssh2_1-1.7.0-2.mga6.x86_64 1460709217 384732 cd3e6d523eb507ce912ea809aa930d52 installed
lib64vorbis0-1.3.5-2.mga6.x86_64 1455016029 185383 aa4aba5713855841eda8355baae43823 installed
lib64natspec0-0.3.1-2.mga6.x86_64 1455540844 244713 200b98f3afb9567cb647e2f49415e32d installed
lib64fontconfig-gir2.0-1.52.1-1.mga6.x86_64 1491809889 348 96871338b2367cff9a2fc38c421d8caf installed
perl-YAML-1.150.0-3.mga6.noarch 1466338561 185041 0f5bb14772b08a41fde0dd3020594a5e installed
lib64svn0-2:1.9.5-2.mga6.x86_64 1484390232 4441941 331db4cd25f3eae767e5a1cfbb8e93eb installed
perl-MDK-Common-1.2.32-2.mga6.noarch 1466307101 122844 879496a6035b2b319f725c2c1fef7f74 installed
lib64glapi0-devel-17.1.4-1.mga6.x86_64 1498848777 0 777fe68ea72e82b3db9e1ec9f741b7e0 installed
lib64pcreposix1-8.40-2.mga6.x86_64 1488122186 11216 12de9bea1ac9a98f44f62b9c03745563 installed
lib64xdmcp-devel-1.1.2-5.mga6.x86_64 1488374738 105752 30e7fa1b4d9955701f95e6c339fc9245 installed
lib64fuse2-0:2.9.7-1.mga6.x86_64 1470851502 261224 ce4ace23ffd20814e9522112173280f8 installed
lib64webpdemux2-0.5.2-2.mga6.x86_64 1485096770 19672 014d077854ea938295ef1f8a5ffeb1b7 installed
ifmetric-0.3-17.mga6.x86_64 1455503911 16448 e979cd8efa3ae96ede6b157433f79a31 installed
lib64freetype-gir2.0-1.52.1-1.mga6.x86_64 1491809889 420 b09b07c86338230f71fc31d8ed1c1ae3 installed
lib64pcre16_0-8.40-2.mga6.x86_64 1488122186 431064 10804af445c5d4fdce93ec2be11c9465 installed
lib64usb1.0_0-1.0.21-1.mga6.x86_64 1478193234 143540 b72779d0aab170441f806ea394b77b25 installed
pcre-8.40-2.mga6.x86_64 1488122186 239973 29eb9c9dd163f93278e9e3c6e3c2261a installed
lib64colord2-1.3.4-1.mga6.x86_64 1480359976 434656 5ba8353498fd1e670ec542bbb813ea46 installed
lib64pam0-1.3.0-5.mga6.x86_64 1473494980 731896 f6b72326b05f92975c90e79c2e4fc73a installed
lib64epoxy0-1.4.1-1.mga6.x86_64 1490206599 962947 bcb6537fbcdbe79033d7939535eb78c8 installed
pam_tcb-1.1-7.mga6.x86_64 1455304952 40132 ac50aab20b6267d8bb252a47f3f0a4b4 installed
mkfontscale-1.1.2-3.mga6.x86_64 1455237935 34940 b4c3aa4f36ca106f66e8d40059a40875 installed
nss-myhostname-230-12.mga6.x86_64 1498764124 638284 0280a5d737d863684109749bdd9c714a installed
x11-font-daewoo-misc-1.0.3-6.mga6.noarch 1454949703 830644 134cea6236738bea1d3158f7892b8eef installed
ifplugd-0.28-20.mga6.x86_64 1455504116 114560 0853a7561355f4d848a3e83ae7570c4f installed
x11-font-jis-misc-1.0.3-6.mga6.noarch 1454695218 618999 e0f40914a845f75608895854bb9eea29 installed
lib64nghttp2_14-1.9.2-1.mga6.x86_64 1460240322 154772 37fc429b3dea3e9b2861d04f3414d857 installed
lib64xmu6-1.1.2-5.mga6.x86_64 1454933679 108776 9d2afcd1240b32f5de1ab4a5f4bc3aa2 installed
lib64gnutls30-3.5.13-1.mga6.x86_64 1497091215 1481704 e1970b1a83a04749260afb2f8b145d4f installed
lib64gpm2-1.20.7-7.mga6.x86_64 1454350692 81120 7356881972256ba9227502afc54e030c installed
lib64lockdev1-1.0.4-0.120111007git.12.mga6.x86_64 1455235590 29727 e89ab7fb01128f798fb70d2086235765 installed
lib64ggi2-2.2.2-24.mga6.x86_64 1455209335 561240 30b343c6ea701d65cf336b3266f43705 installed
lib64sasl2_3-2.1.26-12.mga6.x86_64 1455153375 128472 b1b1ff6de756d43c55371d74ccaf5040 installed
libnl3-config-3.3.0-1.mga6.noarch 1494347262 2662 e91663e1b1c9087489758eea30bce63e installed
crontabs-1.10-22.mga6.noarch 1455896779 677 cc30a7963a2bdc8c2a7e26bb3b2a6ff0 installed
lib64nl-route3_200-3.3.0-1.mga6.x86_64 1494346823 478776 2420317eaddcb46940733ba7ac5c55db installed
libgcc1-5.4.0-5.mga6.x86_64 1498866346 279136 5f3267761b2c2d18128e9946439cc7b7 installed
lib64rdmacm1-1.0.15-9.mga6.x86_64 1454940441 58195 e34e1fb3ba5fc80544f9fb8432336af2 installed
bash-4.3-48.3.mga6.x86_64 1483479000 4494842 e086ad574e1673f4e0a4e0984b2f8351 installed
lib64nl-nf3_200-3.3.0-1.mga6.x86_64 1494346823 104120 4fd5d3767c73246f9f2492e905a628e0 installed
shadow-utils-2:4.4-1.mga6.x86_64 1485206773 3634550 e797c97b74292e1db3222c5b70d5b7ac installed
gawk-4.1.4-1.mga6.x86_64 1472225032 2331709 30bae07c4f953d66ea56a2dc84df8dc9 installed
lib64ncursesw6-6.0-8.mga6.x86_64 1484305261 451544 9e151fbfb6e57f695babd4e40990fcde installed
e2fsprogs-1.43.4-1.mga6.x86_64 1486019023 4384994 b135e1c967d5d19183bd9dd3a916e9c7 installed
mageia-release-common-6-4.mga6.x86_64 1499719693 135621 e624767e4b449e84ce81a9c1002aa339 installed
mageia-repos-6-1.mga6.x86_64 1499371763 38571 67b31107cd3054fc0e422553dca1199a installed
libuser-0.62-8.mga6.x86_64 1473494808 1675138 f51b10f46dd6e4d0242fe13cd54f37c9 installed
lib64readline6-6.3-9.mga6.x86_64 1455300768 335552 cae9f5784dce2c0aaf963cdf2cc8db4e installed
tar-1.29-3.mga6.x86_64 1479307980 2820262 0618f69b7fea9f22fff51ec67baab77a installed
iputils-20161105-2.mga6.x86_64 1480335214 323382 53be525563c805ca3947d6935b59fa76 installed
psmisc-22.21-7.mga6.x86_64 1455297226 479566 4182fe9f38ccee0d48ca76c8ebb050d8 installed
gzip-1.8-1.mga6.x86_64 1461748738 250922 14eed7d8cae8a5308285eac96d697333 installed
lib64lua5.2-5.2.4-1.mga6.x86_64 1473282639 209752 2df3aa81082c5c3d2bc36242fbf78b8b installed
glibc-devel-6:2.22-25.mga6.x86_64 1498315217 5916724 cddf157a708bf29d0ab1c543c17f32d3 installed
libutempter-1.1.6-5.mga6.x86_64 1455215518 39893 21c29c359d56ff79b975cb67aab26837 installed
openldap-2.4.45-2.mga6.x86_64 1496611863 15507 b2b159e175e9195031ba2899257ca06e installed
lib64curl4-1:7.54.1-2.mga6.x86_64 1497892142 523624 80a690d306709086fa2365c97085a6a0 installed
etcskel-1.63-34.mga6.noarch 1455896840 4609 c0908ca80e979be1bd0c6405f7ca011b installed
time-1.7-45.mga6.x86_64 1455305815 22414 f7115f3406ca61ec1b0a63c5e3bc6692 installed
make-1:4.1-5.mga6.x86_64 1455236890 1402930 0c14ff6ad5093de8bc5749f7d105d3f4 installed
diffutils-3.3-6.mga6.x86_64 1455174128 951359 003b770cc1059a8713b1d8d9385140da installed
autoconf-1:2.69-8.mga6.noarch 1452947991 2211296 49262e2cc78b0fab85916f335243b766 installed
binutils-1:2.25.1-7.mga6.x86_64 1498928025 23586683 31b331c557a4d776e9af3118ed527076 installed
vim-minimal-8.0.388-1.mga6.x86_64 1488488982 809226 e88582d84bd5901defcfc6ab897195b6 installed
lib64gettextmisc-0.19.8.1-1.mga6.x86_64 1465844977 980193 b32d2ebfe4e8d967810ced20187f8c85 installed
lib64sqlite3_0-3.17.0-2.mga6.x86_64 1489620955 894768 c426f6f8dba71ac867e6e8006f023e16 installed
lib64python2.7-2.7.13-1.mga6.x86_64 1485625438 1858792 ef0f8b525509394e4616a5acf5e3a53e installed
lib64girepository1.0_1-1.52.1-1.mga6.x86_64 1491809889 217040 252a76de02fad2022ec7f9f664896eab installed
libstdc++-devel-5.4.0-5.mga6.x86_64 1498866346 10895224 6d2d56c940f8dcfd8d4d53f427bbdf6b installed
dbus-1.10.16-1.mga6.x86_64 1487347310 520614 804a0d8d0bd9426cfe23f0880e093ccb installed
procps-ng-3.3.12-1.mga6.x86_64 1471034217 1188740 a3db0f3e7db01bd0115cb6b05d1bec39 installed
rpm-helper-0.24.17-4.mga6.noarch 1455897261 42353 55e8ce673ce10a1585e768e0f94b2960 installed
nss_tcb-1.1-7.mga6.x86_64 1455304952 11208 b25dfe34dcb5fedeb8d49af486d4a03b installed
resolvconf-1.79-1.mga6.noarch 1464209425 69744 25253ceda5f48e51af4761bf85342de7 installed
systemd-units-230-12.mga6.x86_64 1498764124 960811 ced3d0c492cae484a40118987f0b1f1b installed
dmsetup-1.02.137-1.mga6.x86_64 1480623493 267886 a0d3db0de172868d7943470ab89f79cf installed
nss-2:3.28.5-1.mga6.x86_64 1496143514 16779486 29632c72224cbd6df57f27d8de4309ed installed
lib64rpm7-1:4.13.0.1-3.mga6.x86_64 1499683683 677128 336b47f2dcdb37c0408c99945a24dbb0 installed
lib64rpmbuild7-1:4.13.0.1-3.mga6.x86_64 1499683683 155504 f2b8df40d0a5566b0a436acbd95e8b79 installed
cronie-1.5.1-1.mga6.x86_64 1470931335 231559 cd522215a5ecc020324f320c6a76fca7 installed
python-pkg-resources-19.6.2-1.mga6.noarch 1454319792 388808 7f0a0983aa82f79718ee7c897cb11bef installed
lib64isl15-0.16.1-1.mga6.x86_64 1453661691 1694056 feec0ee8b973be4503705a4ab591befd installed
gcc-5.4.0-5.mga6.x86_64 1498866346 47928710 f093624cd8a45df4e0a858bb8e12bd78 installed
python-magic-5.25-5.mga6.noarch 1477005126 15642 f3ffe88f628bd4bf572dd3539641804a installed
rpmlint-mageia-policy-0.2.29-2.mga6.noarch 1455938179 11829 3fe05959532fa1cef2045e626466032d installed
gettext-0.19.8.1-1.mga6.x86_64 1465844977 1641775 7c49cef108a7217368dea80af0ff694c installed
rpm-mageia-setup-build-2.20-9.mga6.x86_64 1483714489 161915 563fb5d252767839a83978b1b4db02ae installed
basesystem-minimal-1:6-0.4.mga6.x86_64 1464642167 0 af4d83d2eb6e77eb7fa4f466c6f502fc installed
lib64freetype6-2.7.1-2.mga6.x86_64 1499453029 654192 a6823f5d54aa61a9716bb4623d951953 installed
x11-proto-devel-7.7-28.mga6.noarch 1487793311 2169107 158f9050bcf790f81ef9accb7d31b47e installed
lib64wayland-client0-1.11.0-1.mga6.x86_64 1464805661 62400 fff6854924a90475663d85bfb79c00a5 installed
lib64expat-devel-2.2.1-1.mga6.x86_64 1497809427 144895 c49bbf2fdd3a9153a4059198fc244806 installed
lib64cgraph6-2.38.0-20.mga6.x86_64 1482267312 93944 fbc630a1e23285ec03eba8f62366f778 installed
lib64glib-gir2.0-1.52.1-1.mga6.x86_64 1491809889 585528 139f540f6de09800658dceedfa55ecb0 installed
lib64apr1_0-1:1.5.2-2.mga6.x86_64 1457265924 259320 e8b38e9d276e9dd6cf96f2f1b3474ee9 installed
lib64openjp2_7-2.1.2-3.mga6.x86_64 1486724848 230792 068e4fa9be74a5116a7cd73a34e0e471 installed
hicolor-icon-theme-0.15-3.mga6.noarch 1455900862 27619 0192e756630ac450fee5d004b88bec4f installed
qt4-common-4:4.8.7-15.mga6.x86_64 1489668734 5255079 ac5f76b3f6dd9be2e418173012703920 installed
lib64bsd0-0.8.3-1.mga6.x86_64 1462891016 82592 d35b9fb3697d7f6098ea828b78193220 installed
lib64ilmbase12-2.2.0-5.mga6.x86_64 1455504294 520552 a33644bd423ac74dd35580b31b3171ba installed
lib64wayland-server0-1.11.0-1.mga6.x86_64 1464805661 75184 a369f25f988a491c10450a716c98bba0 installed
lib64pathplan4-2.38.0-20.mga6.x86_64 1482267312 36288 9e2223c5c3d6a5c7a38091432f2628bc installed
lib64ilmimf2_2_22-2.2.0-10.mga6.x86_64 1498895283 3127600 2b2727b08fe2ef7ab932e58b05685e4e installed
lib64xdmcp6-1.1.2-5.mga6.x86_64 1488374738 23888 d2691a33032fc462745d90a62ab020c1 installed
lib64nl-genl3_200-3.3.0-1.mga6.x86_64 1494346823 25472 5c0370d74fc3b924053c611d20ef38b9 installed
lib64nl-xfrm3_200-3.3.0-1.mga6.x86_64 1494346823 88896 4ec65fe2382c487fa1f0bbeeea2bdd34 installed
lib64ibverbs-devel-1.2.1-2.mga6.x86_64 1473503674 153385 d9eb679a64ef78f81de8f08e45d25706 installed
thai-data-0.1.26-1.mga6.x86_64 1483272563 567436 679eb5732d54ae7ddd3cd070287b9a7e installed
lib64thai-devel-0.1.26-1.mga6.x86_64 1483272563 52101 1b940364d251565a4ff624be4bf70d27 installed
lib64blkid-devel-2.28.2-2.mga6.x86_64 1487848604 15558 e0dda0d51495a3e79ee1fcbbbbedd27e installed
lib64icu-devel-1:58.2-3.mga6.x86_64 1492654214 4191375 0441dfd5b6a0ddc1ed232466fe13e915 installed
lib64xaw7-1.0.13-1.mga6.x86_64 1451798261 480024 5d9d17822347c1df897e79ca64bbe2f1 installed
lib64atk1.0_0-2.24.0-1.mga6.x86_64 1490127878 157440 f601177d23c8da3ec100d03a7c4dfb04 installed
lib64llvm3.9-3.9.1-6.mga6.x86_64 1493838401 39239816 96ff5e850bbfa54c1946ce8ce9465250 installed
lib64wayland-devel-1.11.0-1.mga6.x86_64 1464805661 443295 d565af81fa8a8c2ff1e1d5638d1fea30 installed
lib64drm2-2.4.81-1.mga6.x86_64 1496725319 66816 ea04d1338157ed77e06756e99b877f7e installed
lib64mesaegl1-17.1.4-1.mga6.x86_64 1498848777 220280 1faa69c21acfdc890a910b900b96a712 installed
lib64drm_intel1-2.4.81-1.mga6.x86_64 1496725319 146024 797e6433bb1e99eb776d6d606e882af6 installed
lib64drm_radeon1-2.4.81-1.mga6.x86_64 1496725319 48912 7f22a740732a1f189aaacb337bc6b30f installed
lib64mesagl1-17.1.4-1.mga6.x86_64 1498848777 896528 e1026dd580fdf3c981bcf570b5d6dfdf installed
lib64cairo2-1.14.10-1.mga6.x86_64 1498125220 1708260 5ec704b90947d22a6218cdaa4ff72cbd installed
lib64rsvg2_2-2.40.17-1.mga6.x86_64 1491620212 234576 a8433da5b150700321094db429c79919 installed
lib64gtk+3_0-3.22.16-1.mga6.x86_64 1498082182 8780031 60940ecdc4c07c58037ed0f12fdd0c54 installed
adwaita-icon-theme-3.24.0-1.mga6.noarch 1490213799 14903343 3169f061fbb22b1c35f1bc22b1a61d51 installed
lib64rsvg-gir2.0-2.40.17-1.mga6.x86_64 1491620212 4708 1c2b35405b3a3c5e7f1d33e189a183ef installed
xdg-user-dirs-gtk-0.10-5.mga6.x86_64 1454925118 187252 4ccb1bb9b45c52fc2d41fd8cf3ce9162 installed
gtk+2.0-2.24.31-3.mga6.x86_64 1499717487 19948352 9aaf74bb8a9b566ccffd79bffea8bbcf installed
lib64allegro4.4-4.4.2-10.mga6.x86_64 1489388875 1413296 6a30d5703124363cf918cf2a6bf0732b installed
lib64SDL1.2_0-1.2.15-19.mga6.x86_64 1488359445 692084 72cc3bddbd08ee1335e3ad55edfa000f installed
graphviz-2.38.0-20.mga6.x86_64 1482267312 63223261 539497bf2f5e969308ff0280390eaa8d installed
lib64drm-devel-2.4.81-1.mga6.x86_64 1496725319 476120 64b5cd428b82b2160317e54ecba19075 installed
lib64paper1-1.1.24-7.mga6.x86_64 1454712568 16768 2b1f0bf03c877e06d3ac71c36e3ba80d installed
lib64gs9-9.20-3.mga6.x86_64 1493490287 16059104 8fc10983113264bd7691fc7a541d8012 installed
ghostscript-common-9.20-3.mga6.x86_64 1493490287 18669977 5fa9b7ead69eb30a35e6e26c85c15102 installed
lib64xcb-devel-1.12-2.mga6.x86_64 1467524268 2798315 b88ef0d0f46995cdb6b6de5d5a701f0b installed
lib64xext-devel-1:1.3.3-4.mga6.x86_64 1454941380 103851 0525ab863ea1b65759c370ff882b0cb7 installed
lib64xfixes-devel-5.0.3-1.mga6.x86_64 1475692152 9302 405f4ba704743f9d303ac85881ade0d4 installed
lib64xxf86vm-devel-1.1.4-2.mga6.x86_64 1455234436 13124 a1529e9ad2f2cfa91cd5d33a8b982d51 installed
lib64mesaglu1-devel-9.0.0-6.mga6.x86_64 1454893977 20768 06a3fdcf65cc7a505953773feb29008a installed
lib64mesaegl1-devel-17.1.4-1.mga6.x86_64 1498848777 93646 5c40649dba2c0bab2362ed6d114ad838 installed
glib-gettextize-2.52.2-2.mga6.x86_64 1495174244 30107 cf80f412e2a54dbf233dec45620bb798 installed
lib64croco-devel-0.6.12-2.mga6.x86_64 1492961795 935960 dbf39756d21e7c626583abd58e252671 installed
lib64webpdecoder2-0.5.2-2.mga6.x86_64 1485096770 207888 49f04fd1328eb2125ae94ebd01a44703 installed
libtool-2.4.6-5.mga6.x86_64 1478034422 844394 a064d869dce918e94780b6acdcf6cfc2 installed
lib64turbojpeg0-1:1.5.1-1.mga6.x86_64 1474468111 477688 4bdc9ae97b43177019c0f3fdbf55d346 installed
lib64lcms1-1.19-15.mga6.x86_64 1454947981 232838 7c3578151efde5476a8c261c96705356 installed
libgomp-devel-5.4.0-5.mga6.x86_64 1498866346 2367972 42c15a1a0c664bbc30349c2be6728735 installed
lib64freetype6-devel-2.7.1-2.mga6.x86_64 1499453029 5126068 2e0f5c43d89973941d8603e454d6538e installed
lib64cairo-devel-1.14.10-1.mga6.x86_64 1498125220 4060445 1dbba973a3be60bc96ff3b99c4355095 installed
lib64harfbuzz-devel-1.3.2-5.mga6.x86_64 1489754626 1182159 dfae9a7a005b2f5d849955216466ef5c installed
lib64rsvg2-devel-2.40.17-1.mga6.x86_64 1491620212 273759 103d4eca80ff642f154189d04981cc90 installed
lib64graphviz-devel-2.38.0-20.mga6.x86_64 1482267312 130670 4a6278ff0f02d65646466af67b14eee1 installed
lib64tiff-devel-4.0.8-3.mga6.x86_64 1499445422 1534896 c70809c9b1ac6c2d63165e387d7a4609 installed
lib64webp-devel-0.5.2-2.mga6.x86_64 1485096770 93359 23e4283f8c2efb452b72886e787144b3 installed
ghostscript-9.20-3.mga6.x86_64 1493490287 11360 834eb4f9a415e3f45e0b32b3566599f7 installed
subversion-2:1.9.5-2.mga6.x86_64 1484390232 3817094 1ad2a080f23c3ed6702db61ae375974a installed
perl-devel-2:5.22.3-3.mga6.x86_64 1496774556 1924073 a0163a532ee3a9ece7066f8892e345a8 installed
libquadmath0-5.4.0-5.mga6.x86_64 1498866346 674028 d683ac999bdc90461c1f5ec42fb23143 installed
lib64fftwmpi3-3.3.6-1.mga6.x86_64 1491237633 272472 8b954e9c44c17b959485c60e8309877b installed
libgfortran3-5.4.0-5.mga6.x86_64 1498866346 2300442 22a1a5d05981386067d8ce37e641c18e installed
lib64openmpi-devel-2.1.1-4.mga6.x86_64 1496138328 1700278 eb52ae524950f300a93d87d69fc53b7d installed
lib64apr-util1_0-1.5.4-7.mga6.x86_64 1456929156 214494 6072c22195a304d63bda566c9182da49 installed
rpm-mageia-setup-2.20-9.mga6.x86_64 1483714489 7519 2984700f16891450ae4b49028727aa78 installed
lib64wayland-cursor0-1.11.0-1.mga6.x86_64 1464805661 32288 27a45d6a431d9163657b83f79558e471 installed
krb5-1.15.1-2.mga6.x86_64 1493057206 31897 0886276e3baffa91a68d989573f046a9 installed
lib64ogg0-1.3.2-4.mga6.x86_64 1454437242 33804 2206bfd76885f612718d979c00e3138e installed
libgpg-error-common-1.24-1.mga6.noarch 1470926308 420991 cd4bec36babd5823e25449115f9dba33 installed
lib64numa1-2.0.11-2.mga6.x86_64 1461679350 46056 d1d9adee6b6434330fab66175afbabb1 installed
python-srpm-macros-3-4.mga6.noarch 1484743671 621 10a11d4fbc2efcbe705321b144710d39 installed
pango-1.40.6-1.mga6.x86_64 1495479318 119994 1bf269e28b5f0d55e06d35ba3a2d1a7d installed
common-licenses-1.1-8.mga6.noarch 1455896735 167218 c6035793ecaec8366a181fa988e54405 installed
lib64x11_6-1.6.5-1.mga6.x86_64 1488391850 1314744 08994ac5c759b3212a29bd893a6517ca installed
grep-3.0-1.mga6.x86_64 1486892679 790453 8eaf5e2f9c0c0abb03741fa3e383a7f3 installed
lib64xcursor1-1.1.14-6.mga6.x86_64 1454708463 44920 76b270962e732f73e146528ed7d56b71 installed
perl-base-2:5.22.3-3.mga6.x86_64 1496774556 5912974 21cb0a02450754cecac5c1e31a029d73 installed
lib64xcb-dri3_0-1.12-2.mga6.x86_64 1467524268 11184 5beafa4d43f95049748989825c726200 installed
lib64gmp10-6.1.2-1.mga6.x86_64 1483268708 539455 9c652b4ddba2c84141c88e2ef5d2ab79 installed
lib64xxf86vm1-1.1.4-2.mga6.x86_64 1455234436 23608 6c85c8fa156beb9b04a10c9cf2fad06b installed
lib64bzip2_1-1.0.6-10.mga6.x86_64 1479977831 70133 e6c9849c84261541e10c2de11b49c362 installed
lib64xpm4-3.5.12-1.mga6.x86_64 1483126323 74448 f8fa9cdb8737219399e3ab593d745081 installed
lib64xml2_2-2.9.4-8.mga6.x86_64 1499406120 1505480 984e03e5e47609138b58578535a5e151 installed
lib64xcomposite1-0.4.4-8.mga6.x86_64 1454592389 11120 55e4d1762bfa9c4304657b8f5812af8c installed
lib64mpc3-1.0.3-1.mga6.x86_64 1451796601 107509 681985b17f436e29a44e506c2d7b07c2 installed
lib64xcb-xkb1-1.12-2.mga6.x86_64 1467524268 114104 49d9fc2de1e4d58922d808a9fa9e1f87 installed
lib64db5.3-5.3.28-10.mga6.x86_64 1458769489 1834342 341eb97e97c53d90b6f18001908ac7e6 installed
lib64ltdl7-2.4.6-5.mga6.x86_64 1478034422 41965 44915d33d0860481707c65a0aaae28f6 installed
lib64tcb0-1.1-7.mga6.x86_64 1455304952 25160 3a33ecf358decda0ce4d75a815343093 installed
gdk-pixbuf2.0-2.36.6-1.mga6.x86_64 1490528650 2373866 61918a41853ed6b3aedc4431d0c53d3b installed
kmod-24-2.mga6.x86_64 1495518618 196553 42a2af9eed0855c4502a39a0c0d75741 installed
lib64qtgui4-4:4.8.7-15.mga6.x86_64 1489668734 11613744 8f64d58ab3b86ad89bdfda28dd929082 installed
lib64magic1-5.25-5.mga6.x86_64 1477005109 137032 4eb4d6001d5f9c6955b8197649f70105 installed
lib64poppler66-0.52.0-3.mga6.x86_64 1499446021 2702672 27dd9c8beb1cdd1cb4fcc3fdcc5cdd64 installed
lib64cap-ng0-0.7.8-1.mga6.x86_64 1470856115 50310 7892cf6e4568a0e7a40ad3ea88ba204c installed
lib64xtst6-1.2.3-1.mga6.x86_64 1475692320 23904 54492e427b49ac0bbeafd5302c74cf41 installed
lib64gdbm4-1.12-1.mga6.x86_64 1463494331 75878 6589dcce6e01031cd186ca99f0761e1a installed
lib64xcb-damage0-1.12-2.mga6.x86_64 1467524268 11176 736f6a97fd987a19f2414e3bbac1ab5f installed
lib64systemd0-230-12.mga6.x86_64 1498764124 549232 374b6ef348c94ab2d0c4a1087103a5dc installed
lib64xcb-res0-1.12-2.mga6.x86_64 1467524268 15296 5dc4d62096ae16e94af22112028f12d4 installed
lib64cryptsetup4-1.7.5-1.mga6.x86_64 1493634028 166720 dc4ce80d81baf2f5d92145831bcfd5a2 installed
lib64xcb-xinerama0-1.12-2.mga6.x86_64 1467524268 11168 7ce8e783c347bab87f221f904a1b3afd installed
perl-Exporter-Tiny-0.42.0-3.mga6.noarch 1466294835 86885 cf0178df4f049504a8ff56c3f92e7e64 installed
lib64xau-devel-1.0.8-7.mga6.x86_64 1455233243 6843 e096aad5cdbb5f5f19ce1544a38cac97 installed
lib64hogweed4-1:3.3-1.mga6.x86_64 1475498006 834680 987bb8bb7d414bb2c5dc22df9689aa6e installed
lib64numa-devel-2.0.11-2.mga6.x86_64 1461679350 26628 ed98b1531d24c965a2807bdd4ccd0cee installed
lib64croco0.6_3-0.6.12-2.mga6.x86_64 1492961795 577875 14a4a369a5078b106b31e19d9b782636 installed
lib64datrie-devel-0.2.10-1.mga6.x86_64 1451796432 560161 8e9ad6a0a4f4fbb138d178d839ee6978 installed
lib64kmod2-24-2.mga6.x86_64 1495518618 91680 9543075d50a5d919433e3eb3b6c6fd7b installed
lib64serf2_2-1.4.0-0.3.mga6.x86_64 1480239286 274676 03692c1e4a20fa6627df72693a40d242 installed
perl-File-Sync-0.110.0-17.mga6.x86_64 1466296764 18658 5b43684b99c8d8833c42d93d15a90f62 installed
lib64bsd-devel-0.8.3-1.mga6.x86_64 1462891016 359313 8faabfec602791259b9f980073fd11e9 installed
patch-2.7.5-2.mga6.x86_64 1455254537 232560 fc8fa6e11ec7b200bde2b359156c1271 installed
lib64webpmux2-0.5.2-2.mga6.x86_64 1485096770 40880 1a32a44732aa81f850fc79f5d2048a46 installed
lib64smartcols1-2.28.2-2.mga6.x86_64 1487848604 151824 3f3d3be6c5fda10706639f0cc6230ca2 installed
lib64gusb2-0.2.10-1.mga6.x86_64 1492199143 111844 1f06af52b0b2450716243a3848a2aa78 installed
lib64dbnss5.3-5.3.28-10.mga6.x86_64 1458769489 1276808 0f5c21541471f4e27f484edfe9adcf02 installed
lib64fontenc1-1.1.3-2.mga6.x86_64 1455209062 31696 b0a1acf6c0cc0ff291dcd782624e8683 installed
lib64qrencode3-3.4.4-5.mga6.x86_64 1455300365 596113 e033ebcca9ed6699d9cb09c6ae62d4d0 installed
x11-font-isas-misc-1.0.3-6.mga6.noarch 1454895508 946438 c47a0e17c08e99b4dde8eab51b9587ab installed
traceroute-2.1.0-1.mga6.x86_64 1462555580 74099 e342987823b0e420831742e48510d352 installed
xdg-user-dirs-0.15-7.mga6.x86_64 1499682015 148872 67e2c0d8000b888c97b568acd1d87e4e installed
lib64microhttpd12-0.9.55-1.mga6.x86_64 1496938792 243275 82780462d4c95b85d8320bab7baa17d0 installed
libggi-2.2.2-24.mga6.x86_64 1455209335 1081214 83a6e9a59bbb3cf06ea580567e771193 installed
lsb-release-2.0-52.mga6.noarch 1499374806 19261 459aa42cc2e119dcf51cf527cbfeb66c installed
lib64ibverbs1-1.2.1-2.mga6.x86_64 1473503674 127443 ff0c902a92fca2eff6ea2a567e08c859 installed
lib64ncurses6-6.0-8.mga6.x86_64 1484305261 662984 32f74c999e8a391ec6d2c345d197d462 installed
lib64nl-cli3_200-3.3.0-1.mga6.x86_64 1494346823 138784 a69685af83dbec913d2f515ad00d585d installed
lib64blkid1-2.28.2-2.mga6.x86_64 1487848604 265728 5fa498846fb717d56aada946107865b5 installed
lib64nl3-devel-3.3.0-1.mga6.x86_64 1494346823 282833 e678abe6dcfd0cabf3bc6a81de391211 installed
lib64ext2fs2-1.43.4-1.mga6.x86_64 1486019023 426479 aa7ee7f195006b5869346ee09a4a79ce installed
lib64thai0-0.1.26-1.mga6.x86_64 1483272563 193858 d9be649f2112df5108cb6631d16c4dbd installed
mageia-release-Default-6-4.mga6.x86_64 1499719693 797 5ddb9d9599fad9c8f9b77cd43b02016b installed
lib64mount-devel-2.28.2-2.mga6.x86_64 1487848604 32304 bcae8f6b4485cffa5801ab1c04e6dfc9 installed
lib64gio2.0_0-2.52.2-2.mga6.x86_64 1495174244 1678456 52aeb6965667da6f6b1238f18b77e318 installed
atk1.0-common-2.24.0-1.mga6.noarch 1490127878 965842 6d7bf482afe98f4c726099679fedd3a0 installed
lib64idn11-1.33-1.mga6.x86_64 1469137035 251720 45b2915977e4f102cd47aa651b94bffd installed
wayland-tools-1.11.0-1.mga6.x86_64 1464805661 41064 5f568f00a98b1492504ab5ab4def8b9d installed
elfutils-0.169-1.mga6.x86_64 1494346810 2309742 1ff41c4cd38f94963bd6b6793fd62d8f installed
lib64gbm1-17.1.4-1.mga6.x86_64 1498848777 58656 18d095fbdd912782cb31ddc07a00082e installed
lib64krb53-1.15.1-2.mga6.x86_64 1493057206 2127952 9e74d138a317980f6e3cc59a8640e213 installed
lib64drm_nouveau2-2.4.81-1.mga6.x86_64 1496725319 32432 7fbf1105c2087c437f065bf978c1ea6d installed
makedev-4.4-21.mga6.noarch 1455897082 285810 3166dff6169a210b4c2ec1685fc6daba installed
mesa-17.1.4-1.mga6.x86_64 1498848777 6026 8c70310327706177a1bed370f67ecd0e installed
libtool-base-2.4.6-5.mga6.x86_64 1478034422 1929486 9e3eb804a2df51f4e3e2cdb6368ce18e installed
lib64mesaglu1-9.0.0-6.mga6.x86_64 1454893977 519760 f971657979459485b1f076690f88a30d installed
timezone-6:2017b-1.mga6.x86_64 1490470548 1344702 7c86443e3e0a8c3a5d79e6584702c85f installed
lib64cairo-gir1.0-1.52.1-1.mga6.x86_64 1491809889 1632 a45b7970cd039723e15f3124ca5feaa6 installed
m4-1.4.18-1.mga6.x86_64 1483272404 293307 4695c9954f4849a07497c819f5d39bc0 installed
lib64gtk+2.0_0-2.24.31-3.mga6.x86_64 1499717487 427923 52f82e2522d346d14730711bf7ef07c7 installed
desktop-file-utils-0.23-2.mga6.x86_64 1471486494 328020 9676a035e4a8dbcb96dcbafdd3027b2d installed
lib64poppler-glib8-0.52.0-3.mga6.x86_64 1499446021 379072 598f1cd9fc09f1052d305d71d743c4f3 installed
lib64icu58-1:58.2-3.mga6.x86_64 1492654214 4631400 48edc14f830842dd2850327ccd451049 installed
lib64kms1-2.4.81-1.mga6.x86_64 1496725319 15656 780b4d006be3e1fda1f958025027e670 installed
lib64python2.7-stdlib-2.7.13-1.mga6.x86_64 1485625438 20836731 32f5182d469abba557cb8b2332ff749f installed
lib64jbig2dec0-0.13-3.mga6.x86_64 1496606130 142183 d1470cbd9290cda6354c9accb3bbf9ce installed
lib64dbus1_3-1.10.16-1.mga6.x86_64 1487347310 333344 ea27da666355c11ea7dce763c90c78d5 installed
libpthread-stubs-0.3-7.mga6.x86_64 1455214609 156 32947b71abfffbc46b21dd8c2e4eeb6a installed
tcb-1.1-7.mga6.x86_64 1455304952 46677 b8b75a1c4262fecfa7ea4c29bbf70759 installed
lib64xrender-devel-0.9.10-1.mga6.x86_64 1475692200 30268 54e9c6d3507a9a03d9dd185be2bd4e97 installed
util-linux-2.28.2-2.mga6.x86_64 1487848604 10368994 dd2937b8555b630dd6c89d640cdbe46d installed
lib64mesagl1-devel-17.1.4-1.mga6.x86_64 1498848777 1407150 035924b725d3a116bd76136a0f334d01 installed
net-tools-2.0-0.20150915git.4.mga6.x86_64 1481358697 934275 d76b6f6826c41aef91398e42bfe28f1b installed
lib64pcre-devel-8.40-2.mga6.x86_64 1488122186 1279067 672928768a984c1976fdde982a3b4674 installed
lib64nss3-2:3.28.5-1.mga6.x86_64 1496143514 3469144 3598127764fd8cd50ac01f0d398a1ee5 installed
lib64gdk_pixbuf2.0-devel-2.36.6-1.mga6.x86_64 1490528650 1212746 89ff16f1ed52b5791910c4c122c39724 installed
python2-rpm-1:4.13.0.1-3.mga6.x86_64 1499683683 190410 61920c8c07c91f078f01662436876b8c installed
lib64ltdl-devel-2.4.6-5.mga6.x86_64 1478034422 17909 09462112d2ecc5844322beac131a7d2f installed
isl-0.16.1-1.mga6.x86_64 1453661691 16646 230e57f36d6703f4a7652e76c6f77070 installed
lib64xdot4-2.38.0-20.mga6.x86_64 1482267312 23800 25f2b7ef646d0ec5d955292beffb4254 installed
gcc-c++-5.4.0-5.mga6.x86_64 1498866346 21794410 39cf3783dd1dc6e74660b237040b995d installed
lib64fontconfig-devel-2.12.1-2.mga6.x86_64 1484842486 878136 ffef4013f243514b1c81b0e5bb95094c installed
libgomp1-5.4.0-5.mga6.x86_64 1498866346 315368 b20b0b863fd57ca70f1373ab620a1ba4 installed
lib64pango1.0-devel-1.40.6-1.mga6.x86_64 1495479318 1047798 d6e95ea603b2d29a688c4bae3d0fdb47 installed
rpm-build-1:4.13.0.1-3.mga6.x86_64 1499683683 419283 5ead867c991590908bacdd6ed619f45d installed
lib64lcms-devel-1.19-15.mga6.x86_64 1454947981 118291 d99a9466a51475b628246b629efdd312 installed
lib64jpeg8-1:1.5.1-1.mga6.x86_64 1474468111 711985 c2cc4d1a470f44f5f238f74b7602ae8a installed
lib64openexr-devel-2.2.0-10.mga6.x86_64 1498895283 557459 19736e74986dec64157f19fb79bc5d4e installed
lib64lcms2_2-2.8-2.mga6.x86_64 1471357642 377800 9562837c7894dc2b0d600f42b0f78515 installed
lib64lcms2-devel-2.8-2.mga6.x86_64 1471357642 2722391 efc021e070f394924e9495c1c1300b13 installed
lib64png-devel-2:1.6.29-1.mga6.x86_64 1490555011 1065169 aa50226ef490fe8a81f34e1c9ab75fbc installed
lib64fftw3-3.3.6-1.mga6.x86_64 1491237633 7327437 82458c0f0ac5a2aba8a4656584721598 installed
lib64webp6-0.5.2-2.mga6.x86_64 1485096770 434296 2bb87433da2a50134c5ea45c727409bd installed
gcc-gfortran-5.4.0-5.mga6.x86_64 1498866346 47579837 ab92d0cbec731e7332d93c2011921cfa installed
lib64pciaccess0-0.13.5-1.mga6.x86_64 1494969783 40880 be9304a6d1ce1a142ed3f72f6e9475a3 installed
lib64ice6-1.0.9-5.mga6.x86_64 1488374619 104608 0a4597414c48f894d5a7f670aed0444c installed
glib2.0-common-2.52.2-2.mga6.x86_64 1495174244 8257992 e9a56318032667599382cf2bcc34f091 installed
lib64sm6-1.2.2-6.mga6.x86_64 1455214956 31840 2249e546830ffdc62c53894fac244edc installed
