lib64ncurses6-6.0-8.1.mga6.x86_64 1514588989 671352 b85cef7688c9c9dc4ec06b5ad1c26913 installed
lib64icu58-1:58.2-3.2.mga6.x86_64 1514471393 4631384 151d93831cc5bfb157ccb854bf8fd203 installed
python2-rpm-macros-3-4.mga6.noarch 1484743671 1485 18c1aaeb353a5e1dc86718492552e0b4 installed
lib64python2.7-2.7.13-1.1.mga6.x86_64 1514680420 1858760 d47f409e07b2be9711980ad9de52411a installed
lib64python2.7-stdlib-2.7.13-1.1.mga6.x86_64 1514680420 20836747 31c8a466071dcce11cf670d36c33021c installed
mageia-repos-pkgprefs-6-1.mga6.noarch 1499371760 0 5e1d32abaef68a768bb843aa4d31914a installed
nss-2:3.28.6-1.3.mga6.x86_64 1516472651 16780166 6ba700f7b895d747e49e71e75cdd68ec installed
libgpg-error-common-1.24-1.mga6.noarch 1470926308 420991 cd4bec36babd5823e25449115f9dba33 installed
lib64rpm7-1:4.13.0.2-3.1.mga6.x86_64 1509022715 677144 0382048870dcc1dbac56e7df216ea924 installed
popt-data-1:1.16-13.mga6.noarch 1456060419 60192 e2f0bbc20efb9468c20917ebbcaed90f installed
rpm-1:4.13.0.2-3.1.mga6.x86_64 1509022715 2180178 6220b1e472fd55c1c1d880389a1768a9 installed
python-srpm-macros-3-4.mga6.noarch 1484743671 621 10a11d4fbc2efcbe705321b144710d39 installed
gcc-5.5.0-1.mga6.x86_64 1517745765 47948702 60500b9f9ae2979ba6150b2b8ff3e002 installed
sash-3.8-6.mga6.x86_64 1455302300 996788 c18a24d8c9f8951a6c7fcf9c2a84e5eb installed
rpm-mageia-setup-build-2.20.1-1.mga6.x86_64 1505752830 161924 f83d3eec4ec754ac8b09610d592dbfa6 installed
common-licenses-1.1-8.mga6.noarch 1455896735 167218 c6035793ecaec8366a181fa988e54405 installed
systemd-units-230-12.3.mga6.x86_64 1516497844 960803 6513d09965b5c0bcf4e0f7996afc53db installed
setup-2.7.24-1.mga6.noarch 1472710689 702922 db4e26b38ea982361479a37bf17416f8 installed
python2-rpm-1:4.13.0.2-3.1.mga6.x86_64 1509022715 190578 76fd8d07efd7264d56d8052e6687845e installed
grep-3.0-1.mga6.x86_64 1486892679 790453 8eaf5e2f9c0c0abb03741fa3e383a7f3 installed
lib64systemd0-230-12.3.mga6.x86_64 1516497844 549224 d0c9f06c3e42c8080472f0c0d4546bb7 installed
lib64dbnss5.3-5.3.28-10.1.mga6.x86_64 1502489052 1281776 ade63cd1870b78b1f63c1f78ec9e9d3b installed
lib64udev1-230-12.3.mga6.x86_64 1516497844 129984 cf47c45be6cf2f13face356f289511cb installed
chkconfig-1.10-1.mga6.x86_64 1493453925 763353 bd74d2596d9af85acf2aef8c938a09a2 installed
lib64zlib-devel-1.2.11-4.1.mga6.x86_64 1509029249 868768 16fed1ebf28cea62894c4f22115a56bd installed
lib64gmp10-6.1.2-1.mga6.x86_64 1483268708 539455 9c652b4ddba2c84141c88e2ef5d2ab79 installed
lib64pq5-9.6.7-1.mga6.x86_64 1518292689 213624 2802a9e1959debc17420e0e8928b59e0 installed
lib64clucene-shared1-2.3.3.4-10.mga6.x86_64 1457186522 131304 3bbb143fbc5b0ac4ef7aaa69c5629584 installed
lib64bzip2_1-1.0.6-10.mga6.x86_64 1479977831 70133 e6c9849c84261541e10c2de11b49c362 installed
postgresql9.6-9.6.7-1.mga6.x86_64 1518292689 5761349 3ff0ab6fb006fb9f8b8110033609c412 installed
lib64uuid1-2.28.2-2.mga6.x86_64 1487848604 20200 52a7e0b3b44a524bb46693ac789bdb1c installed
lib64mariadb18-10.1.30-1.mga6.x86_64 1516119499 3719696 6cb5881b964b2d132330e569961cd6ce installed
lib64ecpg9.6_6-9.6.7-1.mga6.x86_64 1518292689 183432 75702640ed5fc00567b17055b9212889 installed
lib64glib2.0_0-2.52.2-2.mga6.x86_64 1495174244 1516562 7458029bc3283aa8fb40e1ba31f41b45 installed
lib64gc1-7.4.2-8.mga6.x86_64 1496600903 204901 9de5e7bd7af147f6fa3639a0f656c9c7 installed
lib64mpc3-1.0.3-1.mga6.x86_64 1451796601 107509 681985b17f436e29a44e506c2d7b07c2 installed
lib64atomic_ops-devel-7.4.2-6.mga6.x86_64 1455532608 658461 0c8278993a3ef7b6140a2b0f03f53605 installed
lib64acl1-2.2.52-7.mga6.x86_64 1455119789 204951 8147b9e0c8a600b36d305376931a30e0 installed
lib64lzma-devel-5.2.3-1.mga6.x86_64 1483134182 1995462 6d4a277c35acf7ca7c1887b99d1ba9f0 installed
lib64pcre-devel-8.41-1.mga6.x86_64 1513457408 1283696 7c2dc943dc06a0ea9dca2f6d222984b9 installed
lib64nettle6-1:3.3-1.mga6.x86_64 1475498006 1003216 5758d37931b2ecb7a99f217beb29abe0 installed
lib64icu-devel-1:58.2-3.2.mga6.x86_64 1514471393 4191375 58d44500a72ed539dd2c726746f040d9 installed
lib64tcb0-1.1-7.mga6.x86_64 1455304952 25160 3a33ecf358decda0ce4d75a815343093 installed
lib64blkid-devel-2.28.2-2.mga6.x86_64 1487848604 15558 e0dda0d51495a3e79ee1fcbbbbedd27e installed
lib64p11-kit0-0.23.2-2.mga6.x86_64 1463186562 422254 5e5097ce2f8d213c38c02914bb9d0fee installed
lib64ffi-devel-3.2.1-5.mga6.x86_64 1455209060 27853 7859eec67f449d29ac3681874c07f736 installed
kmod-24-2.mga6.x86_64 1495518618 196553 42a2af9eed0855c4502a39a0c0d75741 installed
glib-gettextize-2.52.2-2.mga6.x86_64 1495174244 30107 cf80f412e2a54dbf233dec45620bb798 installed
info-install-6.1-1.mga6.x86_64 1462821644 51402 373ae2a1345a813f1d1a4e30fdad28e6 installed
lib64croco-devel-0.6.12-2.mga6.x86_64 1492961795 935960 dbf39756d21e7c626583abd58e252671 installed
lib64magic1-5.25-5.mga6.x86_64 1477005109 137032 4eb4d6001d5f9c6955b8197649f70105 installed
lib64lzo2_2-2.09-4.mga6.x86_64 1460720560 173492 7f97a94c0035cd0a11291686b3515f84 installed
lib64crack2-2.9.6-5.mga6.x86_64 1481570481 44736 fb551ea493a955f0974443211907ef7c installed
lib64jemalloc2-4.5.0-4.mga6.x86_64 1498674737 472537 3556be2631398bbfd8b6086794315cae installed
lib64cap-ng0-0.7.8-1.mga6.x86_64 1470856115 50310 7892cf6e4568a0e7a40ad3ea88ba204c installed
mariadb-client-10.1.30-1.mga6.x86_64 1516119499 54164882 25cb72c7d5af3c798bc402ee69df797f installed
lib64cap-ng-devel-0.7.8-1.mga6.x86_64 1470856115 15678 b959c7eea1a73773ace1691607e57a7e installed
lib64gdbm4-1.12-1.mga6.x86_64 1463494331 75878 6589dcce6e01031cd186ca99f0761e1a installed
lib64pam-devel-1.3.0-5.mga6.x86_64 1473494980 102093 d71f653542c7ace110fa30ac088eecea installed
lib64gpg-error0-1.24-1.mga6.x86_64 1470926360 78808 d59d1793d97783e452b413b160672517 installed
lib64ldap2.4_2-devel-2.4.45-2.mga6.x86_64 1496611863 1559732 0f0f956911a3f05cc9b1a657bd58d924 installed
lib64acl-devel-2.2.52-7.mga6.x86_64 1455119789 557866 50f88558a99c2cc9ad8db3a49d116e77 installed
lib64expat1-2.2.1-1.mga6.x86_64 1497809427 177744 a3ab9363abbd726cd2449a2a63ca48d7 installed
lib64ext2fs-devel-1.43.4-1.mga6.x86_64 1486019023 4216253 18e987db67d0c2dc1582e77ef0061ba0 installed
lib64cryptsetup4-1.7.5-1.mga6.x86_64 1493634028 166720 dc4ce80d81baf2f5d92145831bcfd5a2 installed
lib64nghttp2-devel-1.9.2-1.mga6.x86_64 1460240322 216204 a28040225a29688768ff791bf29a41c6 installed
perl-JSON-2.900.0-5.mga6.noarch 1466303227 275252 72e86b4f1f08fdd4617ae6e9c6d0f195 installed
lib64unistring-devel-0.9.7-1.mga6.x86_64 1481193383 751560 ff704a5781d828518a56628b4e3f46b6 installed
perl-Exporter-Tiny-0.42.0-3.mga6.noarch 1466294835 86885 cf0178df4f049504a8ff56c3f92e7e64 installed
lib64gssglue-devel-0.4-7.mga6.x86_64 1454927181 646841 e32727e16f83baa2e9638e50e742a454 installed
lib64devmapper-event1.02-1.02.137-1.mga6.x86_64 1480623493 28136 544d3e8ed328bd76f7d32b6c813c25f6 installed
lib64mariadb-devel-10.1.30-1.mga6.x86_64 1516119499 4139585 bf6f6d0e3bd45599b5774ccca457d77b installed
lib64hogweed4-1:3.3-1.mga6.x86_64 1475498006 834680 987bb8bb7d414bb2c5dc22df9689aa6e installed
lib64gc-devel-7.4.2-8.mga6.x86_64 1496600903 367105 99cf7816d64730a63988f6b14552acfe installed
postgresql9.6-devel-9.6.7-1.mga6.x86_64 1518292689 9295556 16e21af78beaa9432058a5e0ca4010dd installed
lib64croco0.6_3-0.6.12-2.mga6.x86_64 1492961795 577875 14a4a369a5078b106b31e19d9b782636 installed
lib64expat-devel-2.2.1-1.mga6.x86_64 1497809427 144895 c49bbf2fdd3a9153a4059198fc244806 installed
rmt-0.4b46-1.mga6.x86_64 1478892844 41243 9353d181d993e91b1b6f31866a99353e installed
lib64kmod2-24-2.mga6.x86_64 1495518618 91680 9543075d50a5d919433e3eb3b6c6fd7b installed
unzip-6.0-17.mga6.x86_64 1483736915 742718 7e21140f375b3071a7fe52d93894f8ca installed
perl-File-Sync-0.110.0-17.mga6.x86_64 1466296764 18658 5b43684b99c8d8833c42d93d15a90f62 installed
multiarch-utils-1.0.13-7.mga6.noarch 1455896961 12031 3cc0c1ce186edb678fe4b5fc716e0b53 installed
patch-2.7.5-2.mga6.x86_64 1455254537 232560 fc8fa6e11ec7b200bde2b359156c1271 installed
ethtool-1:4.8-1.mga6.x86_64 1478892876 319162 794629159add894d875c2ca96522e078 installed
lib64smartcols1-2.28.2-2.mga6.x86_64 1487848604 151824 3f3d3be6c5fda10706639f0cc6230ca2 installed
lib64pam_userpass1-1.0.2-13.mga6.x86_64 1455253207 15315 3de2bdf93d5ef0c14b566ab3d101fce1 installed
lib64qrencode3-3.4.4-5.mga6.x86_64 1455300365 596113 e033ebcca9ed6699d9cb09c6ae62d4d0 installed
lib64daemon0-0.14-10.mga6.x86_64 1455208973 28088 571ae182431fb1dcf4e96a6294323b2f installed
traceroute-2.1.0-1.mga6.x86_64 1462555580 74099 e342987823b0e420831742e48510d352 installed
lib64microhttpd12-0.9.55-1.mga6.x86_64 1496938792 243275 82780462d4c95b85d8320bab7baa17d0 installed
lib64verto1-0.2.6-6.mga6.x86_64 1487166750 27220 11fc96690638a2311bcd2191e1866b21 installed
lsb-release-2.0-52.mga6.noarch 1499374806 19261 459aa42cc2e119dcf51cf527cbfeb66c installed
sed-4.2.2-9.mga6.x86_64 1455302816 686768 0d343b6bbc5a13c52c1ccd7b4f4f8e2e installed
lib64blkid1-2.28.2-2.mga6.x86_64 1487848604 265728 5fa498846fb717d56aada946107865b5 installed
findutils-4.6.0-1.mga6.x86_64 1451426987 1682205 af9979ee197ced62509b3d3d69c14636 installed
lib64ext2fs2-1.43.4-1.mga6.x86_64 1486019023 426479 aa7ee7f195006b5869346ee09a4a79ce installed
lib64mount1-2.28.2-2.mga6.x86_64 1487848604 295112 78d4b909bbc2c761410989272da6fab8 installed
mageia-release-Default-6-4.mga6.x86_64 1499719693 797 5ddb9d9599fad9c8f9b77cd43b02016b installed
lib64gio2.0_0-2.52.2-2.mga6.x86_64 1495174244 1678456 52aeb6965667da6f6b1238f18b77e318 installed
kbd-2.0.3-1.mga6.x86_64 1451607906 3354235 d5adad64f340f3a9fb266596715af861 installed
less-487-1.mga6.x86_64 1490907633 567034 adec4c9e782c745968906451911b6750 installed
elfutils-0.169-1.mga6.x86_64 1494346810 2309742 1ff41c4cd38f94963bd6b6793fd62d8f installed
lib64fdisk1-2.28.2-2.mga6.x86_64 1487848604 342712 1f3f79b382ae77528cd13b8c406428fe installed
makedev-4.4-21.mga6.noarch 1455897082 285810 3166dff6169a210b4c2ec1685fc6daba installed
lib64ldap2.4_2-2.4.45-2.mga6.x86_64 1496611863 751120 bec136b23198fb9c214e749bf49d7c2b installed
libtool-base-2.4.6-5.mga6.x86_64 1478034422 1929486 9e3eb804a2df51f4e3e2cdb6368ce18e installed
logrotate-3.12.2-1.mga6.x86_64 1495518817 123127 c006df14190b7696fddf8d3a71fbf950 installed
timezone-6:2017b-1.mga6.x86_64 1490470548 1344702 7c86443e3e0a8c3a5d79e6584702c85f installed
cpio-2.12-3.mga6.x86_64 1458058612 909720 dd1b933f25ec685464835e967fcfb499 installed
m4-1.4.18-1.mga6.x86_64 1483272404 293307 4695c9954f4849a07497c819f5d39bc0 installed
automake-1.15.1-1.mga6.noarch 1498285764 2468857 9da177d7d18fe324b5f98ed9fff9a830 installed
desktop-file-utils-0.23-2.mga6.x86_64 1471486494 328020 9676a035e4a8dbcb96dcbafdd3027b2d installed
gobject-introspection-1.52.1-1.mga6.x86_64 1491809889 2016407 46626dde3c8024f7bd7be78466a3b621 installed
lib64dbus1_3-1.10.16-1.mga6.x86_64 1487347310 333344 ea27da666355c11ea7dce763c90c78d5 installed
lockdev-1.0.4-0.120111007git.12.mga6.x86_64 1455235590 8004 dc37189ee820fec85f88cd61aaa62966 installed
tcb-1.1-7.mga6.x86_64 1455304952 46677 b8b75a1c4262fecfa7ea4c29bbf70759 installed
pam-1.3.0-5.mga6.x86_64 1473494980 932773 d131208fafa1e531d540bb5e893f103f installed
util-linux-2.28.2-2.mga6.x86_64 1487848604 10368994 dd2937b8555b630dd6c89d640cdbe46d installed
net-tools-2.0-0.20150915git.4.mga6.x86_64 1481358697 934275 d76b6f6826c41aef91398e42bfe28f1b installed
initscripts-9.55-24.mga6.x86_64 1489527386 6722329 e2cfbfd071db1a591b9bff62905a3c1e installed
passwd-0.79-6.mga6.x86_64 1455253903 395731 f4336b99eeb54b719bba079b8a6f537c installed
isl-0.16.1-1.mga6.x86_64 1453661691 16646 230e57f36d6703f4a7652e76c6f77070 installed
rpmlint-1.5-4.mga6.noarch 1455884865 1193261 7f313d6523d254e2ddab9a4d34a091f0 installed
spec-helper-0.31.11-1.mga6.noarch 1452376089 32435 2b14d3f147f0951754a0275a05968565 installed
rpm-mageia-setup-2.20.1-1.mga6.x86_64 1505752830 7519 af7daa2dace3d53c03a696ef74f73b11 installed
krb5-1.15.1-2.2.mga6.x86_64 1510410037 31897 fd3fc16e57a6aa8dedbbb53d9993ae36 installed
icu58-data-1:58.2-3.2.mga6.noarch 1514471688 26213232 ea3189cd7c560ca8cadac3505115e162 installed
glibc-6:2.22-27.mga6.x86_64 1516478434 27406675 66716befa2f1be08548787dc46cb5524 installed
perl-base-2:5.22.3-3.1.mga6.x86_64 1507025557 5913014 effa7c35238b4886ffcf8513e6054539 installed
lib64gcrypt20-1.7.8-1.1.mga6.x86_64 1504882790 1220130 a19cfde8bdc4e8b6c5f25ba338c0e9b5 installed
lib64nspr4-2:4.18-1.mga6.x86_64 1516471840 291608 1f75217c966147821a91046c77420a91 installed
lib64pcreposix1-8.41-1.mga6.x86_64 1513457408 11216 da3df27865a1621c6318ee5136a3231a installed
lib64openssl-engines1.0.0-1.0.2n-1.mga6.x86_64 1513156831 297544 19a9de27ab290ab2611a5ac8a7a5716f installed
lib64xml2_2-2.9.7-1.mga6.x86_64 1514396114 1499120 b7cb925153c552f63e4adeab5ceb644d installed
glibc-devel-6:2.22-27.mga6.x86_64 1516478434 5917924 82e6e9c1edadd620efae7e19234cc476 installed
lib64krb53-1.15.1-2.2.mga6.x86_64 1510410037 2128032 b55b46f8435045cce65bacdab1b60909 installed
lib64pcre16_0-8.41-1.mga6.x86_64 1513457408 422840 4bb08e25bf9287442d8d8d152c738a61 installed
pcre-8.41-1.mga6.x86_64 1513457408 240111 1d2d2d3c1ab72085ec713d352d64183c installed
libuser-0.62-8.1.mga6.x86_64 1514746205 1674850 4a1169da0e0b85d222eb79c29b9e9e22 installed
shadow-utils-2:4.4-1.1.mga6.x86_64 1513867120 3634614 3f461612247f5f0522134ea6a9d493b4 installed
libstdc++6-5.5.0-1.mga6.x86_64 1517745765 3074336 a7ac52fce5b4445b39e367240eb59995 installed
gpg-pubkey-80420f66-4d4fe123 1297080611 0 (none) installed
lib64ncursesw6-6.0-8.1.mga6.x86_64 1514588989 464192 f107b5a7f24706bd9467a6215aa0a2b4 installed
python-rpm-macros-3-4.mga6.noarch 1484743671 3268 88f57476bada85917b920a96163dad92 installed
lib64sqlite3_0-3.17.0-2.1.mga6.x86_64 1501378771 894768 8c88c8f29deb2a5597522c06995ed90b installed
python-2.7.13-1.1.mga6.x86_64 1514680420 273742 46b0eb6fe458351d19847e8c06c24098 installed
libstdc++-devel-5.5.0-1.mga6.x86_64 1517745765 10900205 6fd5a9cf63e308cc7d5adb5027cd6b0c installed
mageia-repos-keys-6-1.mga6.noarch 1499371760 1666 36832091ab6cc9c82fe0a4ec9372f9f2 installed
lib64nss3-2:3.28.6-1.3.mga6.x86_64 1516472651 3353760 a1d0db39d70738a7d73aada998b98d60 installed
lib64rpmbuild7-1:4.13.0.2-3.1.mga6.x86_64 1509022715 155504 8ad924462cfdbe9134866f367400ee22 installed
dash-static-0.5.9-1.mga6.x86_64 1473485377 132931 27b15f6c6d3f0e4f0b5d5d8dca562e00 installed
lib64rpmsign7-1:4.13.0.2-3.1.mga6.x86_64 1509022715 19904 a8538ab21e2e1b2a3e9a854f820961ac installed
cmake-rpm-macros-1:3.7.2-3.mga6.x86_64 1496990563 4534 90673a3d155d90b66ad2a27dd85ed3d7 installed
gcc-c++-5.5.0-1.mga6.x86_64 1517745765 21807010 a901686672c9a2aa8fee3a945bdcd731 installed
rootfiles-11.0-14.mga6.noarch 1455897202 14813 d308f7699a1f3454de2d1b5371095355 installed
systemd-230-12.3.mga6.x86_64 1516497844 27800670 b1b9fb86fe16a1ba93e1e55495316f8b installed
run-parts-1:4.4-7.mga6.x86_64 1455301833 93729 a8d8c564e895e3049e0aee4d6b372cba installed
rpm-build-1:4.13.0.2-3.1.mga6.x86_64 1509022715 419347 e5d9f9ab92862cb4b820c8faa5034fc7 installed
filesystem-2.1.9-28.mga6.x86_64 1455178462 0 45b49454b231e86ab72c4fa32b62dc84 installed
ncurses-6.0-8.1.mga6.x86_64 1514588989 465471 c184429ad5f524451056cb6f28c108bc installed
iproute2-4.14.1-1.mga6.x86_64 1512928590 1781868 802d5aeca7df0ddd1970f1075382a71e installed
lib64tasn1_6-4.13-1.mga6.x86_64 1517174476 78048 0a182262b552f7c31b5a85e4a8492874 installed
lib64popt0-1:1.16-13.mga6.x86_64 1456060419 54457 e1101a4814f951cbc5c337e52f7e59f5 installed
libgomp1-5.5.0-1.mga6.x86_64 1517745765 315364 68fe774613859fa498d11fc435bbfd36 installed
lib64lzma5-5.2.3-1.mga6.x86_64 1483134182 221646 ce6fc1a39a86ebcfef7dda1256e3a3d8 installed
lib64openssl-devel-1.0.2n-1.mga6.x86_64 1513156831 5113157 9fd502a19ee5287ec867a629d3ae046c installed
lib64atomic_ops1-7.4.2-6.mga6.x86_64 1455532608 10984 dfb87ab0995017aace4430c2e5c64d09 installed
lib64elfutils1-0.169-1.mga6.x86_64 1494346810 99960 d6244320f23650a13ffa6494044d8a48 installed
lib64clucene-core1-2.3.3.4-10.mga6.x86_64 1457186522 1643912 9fab8a907e1eb4f21dd162f8953bfe41 installed
lib64cap2-2.25-1.mga6.x86_64 1460387733 71216 0b8534a73aeabf685c76a1bac063adec installed
lib64wrap0-7.6-47.mga6.x86_64 1454941284 90239 b7fb8dcecf774b188ee99cf08cb00343 installed
lib64mpfr4-0:3.1.5-1.mga6.x86_64 1477500592 406256 8f8d63336796d9154e1e75c4ec8a2454 installed
lib64wrap-devel-7.6-47.mga6.x86_64 1454941284 316144 279ec76de8e8ce10ba7ff2bdefe5db71 installed
lib64ffi6-3.2.1-5.mga6.x86_64 1455209060 53623 193f7267b19db640409187a51e0026e0 installed
lib64clucene-contribs-lib1-2.3.3.4-10.mga6.x86_64 1457186522 396848 a47f5258f2a996d16a2fe37553c31c31 installed
lib64intl8-0.19.8.1-1.mga6.x86_64 1465844977 234489 83950cd2c4431e7e62cd840eb18324f9 installed
lib64atomic_ops_gpl1-7.4.2-6.mga6.x86_64 1455532608 11104 11ac44d1f51890577d0e6af0835c0eba installed
lib64attr1-2.4.47-7.mga6.x86_64 1455121420 71376 7b799fedc22fb16ec3b37bb5b33401f3 installed
lib64ssh2-devel-1.7.0-2.mga6.x86_64 1460709217 1895317 1c9d16c2bd4f0945a2a957e38c4529f7 installed
coreutils-8.25-3.mga6.x86_64 1493726892 13841961 eb7c16acd93f3c2250cb9b6a4ed4ee9f installed
lib64xml2-devel-2.9.7-1.mga6.x86_64 1514396114 9966126 a9a132e5a9ea4829d72fd9815ac76935 installed
lib64sigsegv2-2.10-7.mga6.x86_64 1455214956 68787 f7bcb407d23e09f9fff70d01b1c81c1f installed
lib64ncurses-devel-6.0-8.1.mga6.x86_64 1514588989 12023613 def1e9589556011b0aa8273522893c1e installed
lib64unistring2-0.9.7-1.mga6.x86_64 1481193383 1555700 83448d3b5e53cafb5ea4fc9d06631647 installed
lib64uuid-devel-2.28.2-2.mga6.x86_64 1487848604 113997 34d83000c2f089a0450ea1ef404307da installed
gettext-base-0.19.8.1-1.mga6.x86_64 1465844977 3429413 d7a4e341a05dc64eef437d09f689a006 installed
lib64mount-devel-2.28.2-2.mga6.x86_64 1487848604 32304 bcae8f6b4485cffa5801ab1c04e6dfc9 installed
p11-kit-0.23.2-2.mga6.x86_64 1463186562 62480 ba7e0e93102dfaaaad6456c7d5070d7d installed
glib2.0-common-2.52.2-2.mga6.x86_64 1495174244 8257992 e9a56318032667599382cf2bcc34f091 installed
xz-5.2.3-1.mga6.x86_64 1483134182 510975 106962849159d0a27d32da2cd2267fdd installed
lib64glib2.0-devel-2.52.2-2.mga6.x86_64 1495174244 22797148 cc7b69beca9b6d253441af94bb839904 installed
which-2.21-3.mga6.x86_64 1455308603 50534 744d1c75d1640178f7fe94bc9c775fdc installed
perl-DBI-1.636.0-2.mga6.x86_64 1466287537 2009151 f21714c323f4912bf94e291d9f4b9e15 installed
file-5.25-5.mga6.x86_64 1477005109 4761378 6a4a5313d0e28afa10f3529441bc2f5f installed
lib64lz4_1-1.7.5-1.mga6.x86_64 1483732186 81792 6dd1186111d7fa7430e6b963607ddd5d installed
hostname-3.18-1.mga6.x86_64 1470925066 37619 9d85525953b414224933f7ad6bd610fe installed
lib64aio1-0.3.110-4.mga6.x86_64 1454443400 12448 9f542dbfaaed32ae8e3c49f2e900894a installed
lib64audit1-2.7.7-1.mga6.x86_64 1498044133 111523 abe177585d4048ca8c2208fb49f206b9 installed
mariadb-common-10.1.30-1.mga6.x86_64 1516119499 79157944 2f6069f2a3dcf4add969e9b1ee135314 installed
lib64devmapper1.02-1.02.137-1.mga6.x86_64 1480623493 347064 c5ace08ab430db326b29b57749c9107a installed
lib64audit-devel-2.7.7-1.mga6.x86_64 1498044133 92317 eb4d6c7f24a13033c8dadf8be4a93d88 installed
lib64sasl2-devel-2.1.26-12.mga6.x86_64 1455153375 192713 c8e2fdf39c7d733239b86572396b2746 installed
lib64attr-devel-2.4.47-7.mga6.x86_64 1455121420 31855 f5113c05baaeb485919d41eea18c2174 installed
lib64verto-devel-0.2.6-6.mga6.x86_64 1487166750 25976 557f32bdfae1aed844da54c93d1b2d4e installed
lib64procps6-3.3.12-1.mga6.x86_64 1471034217 99389 7163687c66559c87d52727fb39d5a01d installed
lib64krb53-devel-1.15.1-2.2.mga6.x86_64 1510410037 1073611 a9acd474b4e25aed1b1291b58512260a installed
perl-YAML-Tiny-1.690.0-3.mga6.noarch 1466338609 167548 04f4acb3adc899d591dace2991079c34 installed
lib64gssglue1-0.4-7.mga6.x86_64 1454927181 57441 b1a33c60476cc616fae995c28e3f9d0a installed
perl-File-Slurp-9999.190.0-8.mga6.noarch 1466296652 49678 42e71e36674d265d5226ec06fc832615 installed
gettext-devel-0.19.8.1-1.mga6.x86_64 1465844977 5427462 3cd1cd4a885f5e4b25fe67b0e1c31bb4 installed
perl-List-MoreUtils-0.415.0-1.mga6.x86_64 1462572808 162036 bfeda5edd530434780d8b55537b15270 installed
lib64curl-devel-1:7.54.1-2.5.mga6.x86_64 1516874946 1182357 417fb111a223d6d796f11b292f7b9905 installed
cracklib-dicts-2.9.6-5.mga6.x86_64 1481570481 9994892 0e53ab3d9db2591fd64741b3987e95e0 installed
lib64sqlite3-devel-3.17.0-2.1.mga6.x86_64 1501378771 527821 4577b76f5ab92787d8b1c97bcb90a777 installed
bzip2-1.0.6-10.mga6.x86_64 1479977831 141158 5a520627e206611de85b7c489497211b installed
lib64clucene-devel-2.3.3.4-10.mga6.x86_64 1457186522 634770 0065513911658df7326bdf7b69b20b22 installed
pkgconfig-0.29.1-3.mga6.x86_64 1487869169 168936 e0c6b4085578cfe017f517f3b49ac19f installed
lib64cap-devel-2.25-1.mga6.x86_64 1460387733 141772 30e74dca32a6f0b65a3aa69265ec6c1a installed
dwz-0.12-2.mga6.x86_64 1455174740 225249 98b6fdf928f9a85196a3bd897b783894 installed
lib64bzip2-devel-1.0.6-10.mga6.x86_64 1479977831 502137 4eb6049f88cf33eeb6bb26ebaf1cc11a installed
lib64ssh2_1-1.7.0-2.mga6.x86_64 1460709217 384732 cd3e6d523eb507ce912ea809aa930d52 installed
lib64natspec0-0.3.1-2.mga6.x86_64 1455540844 244713 200b98f3afb9567cb647e2f49415e32d installed
perl-YAML-1.150.0-3.mga6.noarch 1466338561 185041 0f5bb14772b08a41fde0dd3020594a5e installed
perl-MDK-Common-1.2.32-2.mga6.noarch 1466307101 122844 879496a6035b2b319f725c2c1fef7f74 installed
lib64fuse2-0:2.9.7-1.mga6.x86_64 1470851502 261224 ce4ace23ffd20814e9522112173280f8 installed
ifmetric-0.3-17.mga6.x86_64 1455503911 16448 e979cd8efa3ae96ede6b157433f79a31 installed
lib64pam0-1.3.0-5.mga6.x86_64 1473494980 731896 f6b72326b05f92975c90e79c2e4fc73a installed
pam_tcb-1.1-7.mga6.x86_64 1455304952 40132 ac50aab20b6267d8bb252a47f3f0a4b4 installed
ifplugd-0.28-20.mga6.x86_64 1455504116 114560 0853a7561355f4d848a3e83ae7570c4f installed
lib64nghttp2_14-1.9.2-1.mga6.x86_64 1460240322 154772 37fc429b3dea3e9b2861d04f3414d857 installed
lib64gnutls30-3.5.13-1.mga6.x86_64 1497091215 1481704 e1970b1a83a04749260afb2f8b145d4f installed
lib64lockdev1-1.0.4-0.120111007git.12.mga6.x86_64 1455235590 29727 e89ab7fb01128f798fb70d2086235765 installed
lib64sasl2_3-2.1.26-12.mga6.x86_64 1455153375 128472 b1b1ff6de756d43c55371d74ccaf5040 installed
crontabs-1.10-22.mga6.noarch 1455896779 677 cc30a7963a2bdc8c2a7e26bb3b2a6ff0 installed
bash-4.3-48.3.mga6.x86_64 1483479000 4494842 e086ad574e1673f4e0a4e0984b2f8351 installed
gawk-4.1.4-1.mga6.x86_64 1472225032 2331709 30bae07c4f953d66ea56a2dc84df8dc9 installed
e2fsprogs-1.43.4-1.mga6.x86_64 1486019023 4384994 b135e1c967d5d19183bd9dd3a916e9c7 installed
mageia-release-common-6-4.mga6.x86_64 1499719693 135621 e624767e4b449e84ce81a9c1002aa339 installed
mageia-repos-6-1.mga6.x86_64 1499371763 38571 67b31107cd3054fc0e422553dca1199a installed
lib64readline6-6.3-9.mga6.x86_64 1455300768 335552 cae9f5784dce2c0aaf963cdf2cc8db4e installed
tar-1.29-3.mga6.x86_64 1479307980 2820262 0618f69b7fea9f22fff51ec67baab77a installed
iputils-20161105-2.mga6.x86_64 1480335214 323382 53be525563c805ca3947d6935b59fa76 installed
psmisc-22.21-7.mga6.x86_64 1455297226 479566 4182fe9f38ccee0d48ca76c8ebb050d8 installed
gzip-1.8-1.mga6.x86_64 1461748738 250922 14eed7d8cae8a5308285eac96d697333 installed
lib64lua5.2-5.2.4-1.mga6.x86_64 1473282639 209752 2df3aa81082c5c3d2bc36242fbf78b8b installed
libutempter-1.1.6-5.mga6.x86_64 1455215518 39893 21c29c359d56ff79b975cb67aab26837 installed
openldap-2.4.45-2.mga6.x86_64 1496611863 15507 b2b159e175e9195031ba2899257ca06e installed
etcskel-1.63-34.mga6.noarch 1455896840 4609 c0908ca80e979be1bd0c6405f7ca011b installed
time-1.7-45.mga6.x86_64 1455305815 22414 f7115f3406ca61ec1b0a63c5e3bc6692 installed
make-1:4.1-5.mga6.x86_64 1455236890 1402930 0c14ff6ad5093de8bc5749f7d105d3f4 installed
diffutils-3.3-6.mga6.x86_64 1455174128 951359 003b770cc1059a8713b1d8d9385140da installed
autoconf-1:2.69-8.mga6.noarch 1452947991 2211296 49262e2cc78b0fab85916f335243b766 installed
binutils-1:2.25.1-7.mga6.x86_64 1498928025 23586683 31b331c557a4d776e9af3118ed527076 installed
vim-minimal-8.0.388-1.mga6.x86_64 1488488982 809226 e88582d84bd5901defcfc6ab897195b6 installed
lib64gettextmisc-0.19.8.1-1.mga6.x86_64 1465844977 980193 b32d2ebfe4e8d967810ced20187f8c85 installed
lib64girepository1.0_1-1.52.1-1.mga6.x86_64 1491809889 217040 252a76de02fad2022ec7f9f664896eab installed
dbus-1.10.16-1.mga6.x86_64 1487347310 520614 804a0d8d0bd9426cfe23f0880e093ccb installed
procps-ng-3.3.12-1.mga6.x86_64 1471034217 1188740 a3db0f3e7db01bd0115cb6b05d1bec39 installed
rpm-helper-0.24.17-4.mga6.noarch 1455897261 42353 55e8ce673ce10a1585e768e0f94b2960 installed
nss_tcb-1.1-7.mga6.x86_64 1455304952 11208 b25dfe34dcb5fedeb8d49af486d4a03b installed
resolvconf-1.79-1.mga6.noarch 1464209425 69744 25253ceda5f48e51af4761bf85342de7 installed
dmsetup-1.02.137-1.mga6.x86_64 1480623493 267886 a0d3db0de172868d7943470ab89f79cf installed
cronie-1.5.1-1.mga6.x86_64 1470931335 231559 cd522215a5ecc020324f320c6a76fca7 installed
python-pkg-resources-19.6.2-1.mga6.noarch 1454319792 388808 7f0a0983aa82f79718ee7c897cb11bef installed
lib64isl15-0.16.1-1.mga6.x86_64 1453661691 1694056 feec0ee8b973be4503705a4ab591befd installed
python-magic-5.25-5.mga6.noarch 1477005126 15642 f3ffe88f628bd4bf572dd3539641804a installed
rpmlint-mageia-policy-0.2.29-2.mga6.noarch 1455938179 11829 3fe05959532fa1cef2045e626466032d installed
gettext-0.19.8.1-1.mga6.x86_64 1465844977 1641775 7c49cef108a7217368dea80af0ff694c installed
basesystem-minimal-1:6-0.4.mga6.x86_64 1464642167 0 af4d83d2eb6e77eb7fa4f466c6f502fc installed
rootcerts-1:20180104.00-1.mga6.noarch 1516472007 2942320 1a6ba37a4aa62eeaab15081f7b740fd0 installed
kernel-userspace-headers-4.14.20-1.mga6.x86_64 1518913356 4364360 8be316ee6270e1e09d38b5a3644225a6 installed
rust-srpm-macros-4-1.mga6.noarch 1501182312 1131 cfb9ea018d7a52f89e7754c390ef2452 installed
lib64zlib1-1.2.11-4.1.mga6.x86_64 1509029249 120347 dadc9ba668ec59b88936da9fa3168567 installed
lib64db5.3-5.3.28-10.1.mga6.x86_64 1502489052 1845718 ded023acf2b090e7b69c0c60f4313cf4 installed
perl-2:5.22.3-3.1.mga6.x86_64 1507025557 42590428 0a563d658d7f4b0c831567eecca37112 installed
lib64pcre1-8.41-1.mga6.x86_64 1513457408 463904 a95d3ee430e7782a1a3e2a2061c2ceeb installed
gcc-cpp-5.5.0-1.mga6.x86_64 1517745765 20830921 3210bde5972a740ef9892799af669c3c installed
lib64openssl1.0.0-1.0.2n-1.mga6.x86_64 1513156831 3224856 e250c109a35d387a646139adf26e213b installed
lib64archive13-3.3.1-1.1.mga6.x86_64 1504818096 778583 264dd1c8a4817f370a5ea08869561da4 installed
lib64idn11-1.33-1.1.mga6.x86_64 1507120845 252004 90adbe707728cc56ff602cb4ed087321 installed
lib64curl4-1:7.54.1-2.5.mga6.x86_64 1516874946 523512 2c357d5197e1b03cf6faee47f9c4b695 installed
lib64pcre32_0-8.41-1.mga6.x86_64 1513457408 406456 51c098196eb0cfcfe7869583c8598b42 installed
lib64user1-0.62-8.1.mga6.x86_64 1514746205 120896 68c8ae083124cebd8a26cdfeb18c54d0 installed
nss-myhostname-230-12.3.mga6.x86_64 1516497844 638284 c853d15430897906daaf4c3603402959 installed
libgcc1-5.5.0-1.mga6.x86_64 1517745765 279140 bc02d94de1fd75f749e97b483808260b installed
