2018-02-10 22:23:30,680 - Mock Version: 1.4.8
2018-02-10 22:23:30,770 - Start: dnf install
2018-02-10 22:24:35,509 - Finish: dnf install
2018-02-10 22:24:37,877 - Start: creating root cache
2018-02-10 22:24:42,258 - Finish: creating root cache
2018-02-10 22:24:42,262 - Finish: chroot init
2018-02-10 22:24:42,309 - Start: build phase for dovecot-2.2.29.1-1.3.mga7.src.rpm
2018-02-10 22:24:42,311 - Start: build setup for dovecot-2.2.29.1-1.3.mga7.src.rpm
2018-02-10 22:25:00,590 - Finish: build setup for dovecot-2.2.29.1-1.3.mga7.src.rpm
2018-02-10 22:25:00,591 - Start: rpmbuild dovecot-2.2.29.1-1.3.mga7.src.rpm
2018-02-10 22:25:00,593 - Start: Outputting list of installed packages
2018-02-10 22:25:00,657 - Finish: Outputting list of installed packages
2018-02-10 22:28:34,406 - Finish: rpmbuild dovecot-2.2.29.1-1.3.mga7.src.rpm
2018-02-10 22:28:34,409 - Finish: build phase for dovecot-2.2.29.1-1.3.mga7.src.rpm
2018-02-10 22:28:34,410 - Start: clean chroot
2018-02-10 22:28:40,443 - Finish: clean chroot
2018-02-10 22:28:40,445 - Finish: run
2018-03-01 00:31:21,787 - Mock Version: 1.4.9
2018-03-01 00:31:23,358 - Start: dnf update
2018-03-01 00:32:22,585 - Finish: dnf update
2018-03-01 00:32:22,600 - Finish: chroot init
2018-03-01 00:32:22,603 - Start: build phase for dovecot-2.2.34-1.mga7.src.rpm
2018-03-01 00:32:22,605 - Start: build setup for dovecot-2.2.34-1.mga7.src.rpm
2018-03-01 00:32:53,857 - Finish: build setup for dovecot-2.2.34-1.mga7.src.rpm
2018-03-01 00:32:53,857 - Start: rpmbuild dovecot-2.2.34-1.mga7.src.rpm
2018-03-01 00:32:53,859 - Start: Outputting list of installed packages
2018-03-01 00:32:53,926 - Finish: Outputting list of installed packages
2018-03-01 00:32:54,674 - Start: clean chroot
2018-03-01 00:32:59,052 - Finish: clean chroot
2018-03-01 00:34:08,223 - Mock Version: 1.4.9
2018-03-01 00:34:09,861 - Start: dnf update
2018-03-01 00:34:27,105 - Finish: dnf update
2018-03-01 00:34:27,122 - Finish: chroot init
2018-03-01 00:34:27,126 - Start: build phase for dovecot-2.2.34-1.mga7.src.rpm
2018-03-01 00:34:27,128 - Start: build setup for dovecot-2.2.34-1.mga7.src.rpm
2018-03-01 00:34:40,507 - Finish: build setup for dovecot-2.2.34-1.mga7.src.rpm
2018-03-01 00:34:40,507 - Start: rpmbuild dovecot-2.2.34-1.mga7.src.rpm
2018-03-01 00:34:40,509 - Start: Outputting list of installed packages
2018-03-01 00:34:40,565 - Finish: Outputting list of installed packages
2018-03-01 00:38:32,675 - Finish: rpmbuild dovecot-2.2.34-1.mga7.src.rpm
2018-03-01 00:38:32,678 - Finish: build phase for dovecot-2.2.34-1.mga7.src.rpm
2018-03-01 00:38:32,680 - Start: clean chroot
2018-03-01 00:38:38,367 - Finish: clean chroot
2018-03-01 00:38:38,368 - Finish: run
