autoconf-2.69e-1.mga8
automake-1.16.3-1.mga8
basesystem-minimal-8-0.4.mga8
basesystem-minimal-core-8-0.4.mga8
bash-5.0-18.1.mga8
binutils-2.35.1-4.mga8
bzip2-1.0.8-2.mga8
chkconfig-1.14-1.mga8
cmake-3.19.1-2.mga8
cmake-rpm-macros-8-5.mga8
common-licenses-1.1-10.mga8
coreutils-8.32-1.mga8
cpio-2.13-5.mga8
cracklib-dicts-2.9.7-3.mga8
cronie-1.5.5-2.mga8
crontabs-1.10-24.mga8
crypto-policies-20200918-1.mga8
ctags-5.8-15.mga8
curl-7.73.0-1.mga8
dash-static-0.5.11.2-1.mga8
dbus-1.13.18-3.mga8
desktop-file-utils-0.26-1.mga8
diffutils-3.7-3.mga8
docbook-dtds-1.0-66.mga8
docbook-style-dsssl-1.79-19.mga8
docbook-style-xsl-1.79.2-5.mga8
docbook-utils-0.6.14-23.mga8
dwz-0.13-1.mga8
e2fsprogs-1.45.6-6.mga8
elfutils-0.182-1.mga8
etcskel-1.63-36.mga8
ethtool-5.9-1.mga8
file-5.39-3.mga8
filesystem-2.1.9-34.mga8
findutils-4.7.0-3.mga8
fontconfig-2.13.93-3.mga8
fonts-filesystem-2.0.5-5.mga8
fonts-srpm-macros-2.0.5-5.mga8
gawk-5.1.0-1.mga8
gcc-10.2.1-0.20201128.1.mga8
gcc-c++-10.2.1-0.20201128.1.mga8
gcc-cpp-10.2.1-0.20201128.1.mga8
gdb-headless-10.1-2.mga8
genhdlist2-7.12-2.mga8
gettext-0.21-5.mga8
gettext-base-0.21-5.mga8
gettext-devel-0.21-5.mga8
git-core-2.29.2-1.mga8
glib2.0-common-2.66.3-1.mga8
glibc-2.32-4.mga8
glibc-devel-2.32-4.mga8
glib-gettextize-2.66.3-1.mga8
glxinfo-8.4.0-4.mga8
gobject-introspection-1.66.1-1.mga8
go-srpm-macros-3.0.9-1.mga8
gpg-pubkey-80420f66-5d0d4576
grep-3.6-1.mga8
gtk-doc-1.32-4.mga8
guile3.0-runtime-3.0.4-3.mga8
gzip-1.10-4.mga8
help2man-1.47.16-1.mga8
hostname-3.23-2.mga8
icu68-data-68.1-1.mga8
ifmetric-0.3-19.mga8
ifplugd-0.28-23.mga8
info-install-6.7-3.mga8
initscripts-9.78-27.mga8
ipcalc-1.0.0-1.mga8
iproute2-5.9.0-1.mga8
iputils-20200821-2.mga8
isl-0.18-2.mga8
kbd-2.3.0-1.mga8
kernel-userspace-headers-5.9.12-1.mga8
kmod-27-3.mga8
krb5-1.18.3-1.mga8
less-563-1.mga8
lib64acl1-2.2.53-2.mga8
lib64acl-devel-2.2.53-2.mga8
lib64archive13-3.5.0-1.mga8
lib64argon2_1-20190702-3.mga8
lib64attr1-2.4.48-3.mga8
lib64audit1-2.8.5-4.mga8
lib64babeltrace1-1.5.8-1.mga8
lib64blas3-3.9.0-3.mga8
lib64blkid1-2.36.1-4.mga8
lib64blkid-devel-2.36.1-4.mga8
lib64boost_atomic1.73.0-1.73.0-9.mga8
lib64boost_chrono1.73.0-1.73.0-9.mga8
lib64boost_container1.73.0-1.73.0-9.mga8
lib64boost_context1.73.0-1.73.0-9.mga8
lib64boost_contract1.73.0-1.73.0-9.mga8
lib64boost_coroutine1.73.0-1.73.0-9.mga8
lib64boost_date_time1.73.0-1.73.0-9.mga8
lib64boost-devel-1.73.0-9.mga8
lib64boost_exception1.73.0-1.73.0-9.mga8
lib64boost_fiber1.73.0-1.73.0-9.mga8
lib64boost_filesystem1.73.0-1.73.0-9.mga8
lib64boost_graph1.73.0-1.73.0-9.mga8
lib64boost_iostreams1.73.0-1.73.0-9.mga8
lib64boost_locale1.73.0-1.73.0-9.mga8
lib64boost_log1.73.0-1.73.0-9.mga8
lib64boost_math1.73.0-1.73.0-9.mga8
lib64boost_nowide1.73.0-1.73.0-9.mga8
lib64boost_numpy38_1.73.0-1.73.0-9.mga8
lib64boost_openmpi1.73.0-1.73.0-9.mga8
lib64boost_prg_exec_monitor1.73.0-1.73.0-9.mga8
lib64boost_program_options1.73.0-1.73.0-9.mga8
lib64boost_python38_1.73.0-1.73.0-9.mga8
lib64boost_python3-devel-1.73.0-9.mga8
lib64boost_random1.73.0-1.73.0-9.mga8
lib64boost_regex1.73.0-1.73.0-9.mga8
lib64boost_serialization1.73.0-1.73.0-9.mga8
lib64boost_stacktrace1.73.0-1.73.0-9.mga8
lib64boost-static-devel-1.73.0-9.mga8
lib64boost_system1.73.0-1.73.0-9.mga8
lib64boost_thread1.73.0-1.73.0-9.mga8
lib64boost_timer1.73.0-1.73.0-9.mga8
lib64boost_type_erasure1.73.0-1.73.0-9.mga8
lib64boost_unit_test_framework1.73.0-1.73.0-9.mga8
lib64boost_wave1.73.0-1.73.0-9.mga8
lib64boost_wserialization1.73.0-1.73.0-9.mga8
lib64brotlicommon1-1.0.9-2.mga8
lib64brotlidec1-1.0.9-2.mga8
lib64bsd0-0.10.0-2.mga8
lib64bsd-devel-0.10.0-2.mga8
lib64bz2_1-1.0.8-2.mga8
lib64bz2-devel-1.0.8-2.mga8
lib64cap2-2.45-1.mga8
lib64cap-ng0-0.8.1-1.mga8
lib64com_err2-1.45.6-6.mga8
lib64com_err-devel-1.45.6-6.mga8
lib64crack2-2.9.7-3.mga8
lib64cryptsetup12-2.3.4-2.mga8
lib64curl4-7.73.0-1.mga8
lib64daemon0-0.14-13.mga8
lib64db5.3-5.3.28-24.mga8
lib64dbnss4.8-4.8.30-26.mga8
lib64dbus1_3-1.13.18-3.mga8
lib64dbus-devel-1.13.18-3.mga8
lib64devmapper1.02-1.02.173-3.mga8
lib64double-conversion3-3.1.5-2.mga8
lib64double-conversion-devel-3.1.5-2.mga8
lib64dri-drivers-20.3.0-1.mga8
lib64drm2-2.4.103-1.mga8
lib64drm_amdgpu1-2.4.103-1.mga8
lib64drm_intel1-2.4.103-1.mga8
lib64drm_nouveau2-2.4.103-1.mga8
lib64drm_radeon1-2.4.103-1.mga8
lib64edit0-3.1-0.20191231.2.mga8
lib64egl1-1.3.2-14.mga8
lib64elfutils1-0.182-1.mga8
lib64evdev2-1.10.0-1.mga8
lib64evdev-devel-1.10.0-1.mga8
lib64event7-2.1.12-1.mga8
lib64expat1-2.2.10-1.mga8
lib64exslt0-1.1.34-2.mga8
lib64ext2fs2-1.45.6-6.mga8
lib64fdisk1-2.36.1-4.mga8
lib64ffi7-3.3-2.mga8
lib64ffi-devel-3.3-2.mga8
lib64fontconfig1-2.13.93-3.mga8
lib64fontconfig-devel-2.13.93-3.mga8
lib64fontenc1-1.1.4-2.mga8
lib64freeglut3-3.2.1-3.mga8
lib64freetype2-devel-2.10.4-1.mga8
lib64freetype6-2.10.4-1.mga8
lib64fuse2-2.9.9-4.mga8
lib64gbm1-20.3.0-1.mga8
lib64gc1-8.0.4-2.mga8
lib64gcrypt20-1.8.7-1.mga8
lib64gcrypt-devel-1.8.7-1.mga8
lib64gdbm6-1.18.1-3.mga8
lib64gdbm_compat4-1.18.1-3.mga8
lib64gettextmisc-0.21-5.mga8
lib64gio2.0_0-2.66.3-1.mga8
lib64girepository1.0_1-1.66.1-1.mga8
lib64gl1-1.3.2-14.mga8
lib64glapi0-20.3.0-1.mga8
lib64gldispatch0-1.3.2-14.mga8
lib64glesv1_cm1-1.3.2-14.mga8
lib64glesv22-1.3.2-14.mga8
lib64glib2.0_0-2.66.3-1.mga8
lib64glib2.0-devel-2.66.3-1.mga8
lib64glib-gir2.0-1.66.1-1.mga8
lib64glvnd-devel-1.3.2-14.mga8
lib64glx0-1.3.2-14.mga8
lib64gmp10-6.2.1-1.mga8
lib64gnutls30-3.6.15-2.mga8
lib64gpg-error0-1.39-1.mga8
lib64gpg-error-devel-1.39-1.mga8
lib64graphite2_3-1.3.14-1.mga8
lib64graphite2-devel-1.3.14-1.mga8
lib64gudev1.0_0-234-1.mga8
lib64gudev1.0-devel-234-1.mga8
lib64gudev-gir1.0-234-1.mga8
lib64guile3.0_1-3.0.4-3.mga8
lib64harfbuzz0-2.7.2-2.mga8
lib64harfbuzz-devel-2.7.2-2.mga8
lib64harfbuzz-gir0.0-2.7.2-2.mga8
lib64hogweed6-3.6-1.mga8
lib64hwloc15-2.3.0-1.mga8
lib64ibverbs1-1.2.1-4.mga8
lib64ice6-1.0.10-2.mga8
lib64ice-devel-1.0.10-2.mga8
lib64icu68-68.1-1.mga8
lib64icu-devel-68.1-1.mga8
lib64idn2_0-2.3.0-4.mga8
lib64input10-1.16.4-1.mga8
lib64input-devel-1.16.4-1.mga8
lib64intl8-0.21-5.mga8
lib64ip4tc2-1.8.6-1.mga8
lib64ipt2-2.0.2-1.mga8
lib64iptables12-1.8.6-1.mga8
lib64isl15-0.18-2.mga8
lib64jpeg8-2.0.5-1.mga8
lib64json-c5-0.15-1.mga8
lib64jsoncpp24-1.9.4-1.mga8
lib64keyutils1-1.6.3-1.mga8
lib64keyutils-devel-1.6.3-1.mga8
lib64kmod2-27-3.mga8
lib64krb53-1.18.3-1.mga8
lib64krb53-devel-1.18.3-1.mga8
lib64lapack3-3.9.0-3.mga8
lib64ldap2.4_2-2.4.56-1.mga8
lib64llvm11.0-11.0.1-1.rc1.1.mga8
lib64lm_sensors5-3.6.0-2.mga8
lib64ltdl7-2.4.6-13.mga8
lib64lua5.3-5.3.5-5.mga8
lib64lz4_1-1.9.3-1.mga8
lib64lz4-devel-1.9.3-1.mga8
lib64lzma5-5.2.5-1.mga8
lib64lzma-devel-5.2.5-1.mga8
lib64lzo2_2-2.10-4.mga8
lib64magic1-5.39-3.mga8
lib64md4c0-0.4.6-1.mga8
lib64md4c-devel-0.4.6-1.mga8
lib64md4c-html0-0.4.6-1.mga8
lib64mesaegl1-20.3.0-1.mga8
lib64mesagl1-20.3.0-1.mga8
lib64mesaglu1-9.0.1-2.mga8
lib64mesavulkan-drivers-20.3.0-1.mga8
lib64microhttpd12-0.9.71-2.mga8
lib64mnl0-1.0.4-3.mga8
lib64mount1-2.36.1-4.mga8
lib64mount-devel-2.36.1-4.mga8
lib64mpc3-1.2.1-1.mga8
lib64mpfr6-4.1.0-1.mga8
lib64mtdev1-1.1.6-2.mga8
lib64mtdev-devel-1.1.6-2.mga8
lib64ncurses6-6.2-20201121.1.mga8
lib64ncurses-devel-6.2-20201121.1.mga8
lib64ncursesw6-6.2-20201121.1.mga8
lib64nettle8-3.6-1.mga8
lib64nghttp2_14-1.42.0-1.mga8
lib64nl3_200-3.5.0-2.mga8
lib64nl-route3_200-3.5.0-2.mga8
lib64nsl2-1.3.0-1.mga8
lib64nsl-devel-1.3.0-1.mga8
lib64opencl1-2.2.13-1.mga8
lib64opengl0-1.3.2-14.mga8
lib64openjade0-1.3.3-0.pre1.26.mga8
lib64openmpi40-4.0.5-2.mga8
lib64openpmix2-3.1.5-1.mga8
lib64openssl1.1-1.1.1h-1.mga8
lib64openssl-devel-1.1.1h-1.mga8
lib64osp5-1.5.2-21.mga8
lib64p11-kit0-0.23.21-1.mga8
lib64pam0-1.3.1-4.mga8
lib64pam_userpass1-1.0.2-15.mga8
lib64pciaccess0-0.16-2.mga8
lib64pcre16_0-8.44-1.mga8
lib64pcre1-8.44-1.mga8
lib64pcre2_0-10.35-2.mga8
lib64pcre2-devel-10.35-2.mga8
lib64pcre2posix2-10.35-2.mga8
lib64pcre32_0-8.44-1.mga8
lib64pcre-devel-8.44-1.mga8
lib64pcreposix1-8.44-1.mga8
lib64pkgconf3-1.7.3-1.mga8
lib64png16_16-1.6.37-2.mga8
lib64png-devel-1.6.37-2.mga8
lib64popt0-1.18-1.mga8
lib64procps8-3.3.16-2.mga8
lib64psl5-0.21.1-1.mga8
lib64python3.8-3.8.5-1.mga8
lib64python3.8-stdlib-3.8.5-1.mga8
lib64python3-devel-3.8.5-1.mga8
lib64qrencode4-4.1.1-1.mga8
lib64qt5charts5-5.15.1-1.mga8
lib64qt5charts-devel-5.15.1-1.mga8
lib64qt5core5-5.15.1-5.mga8
lib64qt5core-devel-5.15.1-5.mga8
lib64qt5dbus5-5.15.1-5.mga8
lib64qt5dbus-devel-5.15.1-5.mga8
lib64qt5eglfsdeviceintegration5-5.15.1-5.mga8
lib64qt5eglfsdeviceintegration-devel-5.15.1-5.mga8
lib64qt5eglfskmssupport5-5.15.1-5.mga8
lib64qt5gui5-5.15.1-5.mga8
lib64qt5gui-devel-5.15.1-5.mga8
lib64qt5network5-5.15.1-5.mga8
lib64qt5network-devel-5.15.1-5.mga8
lib64qt5qml5-5.15.1-2.mga8
lib64qt5qmlmodels5-5.15.1-2.mga8
lib64qt5quick5-5.15.1-2.mga8
lib64qt5svg5-5.15.1-1.mga8
lib64qt5svg-devel-5.15.1-1.mga8
lib64qt5waylandclient5-5.15.1-2.mga8
lib64qt5waylandcompositor5-5.15.1-2.mga8
lib64qt5widgets5-5.15.1-5.mga8
lib64qt5widgets-devel-5.15.1-5.mga8
lib64qt5x11extras5-5.15.1-1.mga8
lib64qt5x11extras-devel-5.15.1-1.mga8
lib64qt5xcbqpa5-5.15.1-5.mga8
lib64qt5xcbqpa-devel-5.15.1-5.mga8
lib64rdmacm1-1.1.0-4.mga8
lib64readline8-8.0-3.mga8
lib64rhash0-1.4.0-1.mga8
lib64rpm9-4.16.0-4.mga8
lib64rpmbuild9-4.16.0-4.mga8
lib64sasl2_3-2.1.27-3.mga8
lib64seccomp2-2.5.1-1.mga8
lib64sigsegv2-2.12-3.mga8
lib64sm6-1.2.3-2.mga8
lib64smartcols1-2.36.1-4.mga8
lib64sm-devel-1.2.3-2.mga8
lib64source-highlight4-3.1.9-6.mga8
lib64sqlite3_0-3.34.0-1.mga8
lib64ss2-1.45.6-6.mga8
lib64ssh4-0.9.5-1.mga8
lib64systemd0-246.6-2.mga8
lib64tasn1_6-4.16.0-4.mga8
lib64tcb0-1.1-10.mga8
lib64textstyle0-0.21-5.mga8
lib64tirpc3-1.3.1-1.mga8
lib64tirpc-devel-1.3.1-1.mga8
lib64ts0-1.22-1.mga8
lib64ts-devel-1.22-1.mga8
lib64udev1-246.6-2.mga8
lib64udev-devel-246.6-2.mga8
lib64unistring2-0.9.10-4.mga8
lib64unistring-devel-0.9.10-4.mga8
lib64user1-0.62-16.mga8
lib64uuid1-2.36.1-4.mga8
lib64uuid-devel-2.36.1-4.mga8
lib64uv1-1.40.0-1.mga8
lib64verto1-0.3.1-2.mga8
lib64verto-devel-0.3.1-2.mga8
lib64vulkan-loader1-1.2.154.1-2.mga8
lib64vulkan-loader-devel-1.2.154.1-2.mga8
lib64wacom2-1.6-1.mga8
lib64wacom-devel-1.6-1.mga8
lib64wayland-client0-1.18.0-3.mga8
lib64wayland-cursor0-1.18.0-3.mga8
lib64wayland-egl1-1.18.0-3.mga8
lib64wayland-server0-1.18.0-3.mga8
lib64x11_6-1.7.0-1.mga8
lib64x11-devel-1.7.0-1.mga8
lib64x11-xcb1-1.7.0-1.mga8
lib64xau6-1.0.9-2.mga8
lib64xau-devel-1.0.9-2.mga8
lib64xcb1-1.14-1.mga8
lib64xcb-composite0-1.14-1.mga8
lib64xcb-damage0-1.14-1.mga8
lib64xcb-devel-1.14-1.mga8
lib64xcb-dpms0-1.14-1.mga8
lib64xcb-dri2_0-1.14-1.mga8
lib64xcb-dri3_0-1.14-1.mga8
lib64xcb-ewmh2-0.4.1-6.mga8
lib64xcb-glx0-1.14-1.mga8
lib64xcb-icccm4-0.4.1-6.mga8
lib64xcb-present0-1.14-1.mga8
lib64xcb-randr0-1.14-1.mga8
lib64xcb-record0-1.14-1.mga8
lib64xcb-render0-1.14-1.mga8
lib64xcb-res0-1.14-1.mga8
lib64xcb-screensaver0-1.14-1.mga8
lib64xcb-shape0-1.14-1.mga8
lib64xcb-shm0-1.14-1.mga8
lib64xcb-sync1-1.14-1.mga8
lib64xcb-util1-0.4.0-4.mga8
lib64xcb-util-devel-0.4.0-4.mga8
lib64xcb-util-image0-0.4.0-4.mga8
lib64xcb-util-image-devel-0.4.0-4.mga8
lib64xcb-util-keysyms1-0.4.0-5.mga8
lib64xcb-util-keysyms-devel-0.4.0-5.mga8
lib64xcb-util-renderutil0-0.3.9-6.mga8
lib64xcb-util-renderutil-devel-0.3.9-6.mga8
lib64xcb-util-wm-devel-0.4.1-6.mga8
lib64xcb-xf86dri0-1.14-1.mga8
lib64xcb-xfixes0-1.14-1.mga8
lib64xcb-xinerama0-1.14-1.mga8
lib64xcb-xinput0-1.14-1.mga8
lib64xcb-xkb1-1.14-1.mga8
lib64xcb-xtest0-1.14-1.mga8
lib64xcb-xv0-1.14-1.mga8
lib64xcb-xvmc0-1.14-1.mga8
lib64xcomposite1-0.4.5-3.mga8
lib64xcrypt1-4.4.17-1.mga8
lib64xcrypt-devel-4.4.17-1.mga8
lib64xdamage1-1.1.5-2.mga8
lib64xdmcp6-1.1.3-2.mga8
lib64xdmcp-devel-1.1.3-2.mga8
lib64xext6-1.3.4-2.mga8
lib64xext-devel-1.3.4-2.mga8
lib64xfixes3-5.0.3-3.mga8
lib64xi6-1.7.10-2.mga8
lib64xkbcommon0-1.0.3-1.mga8
lib64xkbcommon-devel-1.0.3-1.mga8
lib64xkbregistry0-1.0.3-1.mga8
lib64xml2_2-2.9.10-5.mga8
lib64xml2-devel-2.9.10-5.mga8
lib64xpm4-3.5.13-2.mga8
lib64xpm-devel-3.5.13-2.mga8
lib64xshmfence1-1.3-3.mga8
lib64xslt1-1.1.34-2.mga8
lib64xt6-1.2.0-2.mga8
lib64xxf86vm1-1.1.4-4.mga8
lib64xxhash0-0.8.0-1.mga8
lib64zlib1-1.2.11-9.mga8
lib64zlib-devel-1.2.11-9.mga8
lib64zstd1-1.4.5-4.mga8
lib64zstd-devel-1.4.5-4.mga8
libdrm-common-2.4.103-1.mga8
libgcc1-10.2.1-0.20201128.1.mga8
libgfortran5-10.2.1-0.20201128.1.mga8
libglvnd-1.3.2-14.mga8
libgomp1-10.2.1-0.20201128.1.mga8
libgomp-devel-10.2.1-0.20201128.1.mga8
libgpg-error-common-1.39-1.mga8
libidn2-i18n-2.3.0-4.mga8
libinput-udev-1.16.4-1.mga8
libnl3-config-3.5.0-2.mga8
libpthread-stubs-0.4-3.mga8
libquadmath0-10.2.1-0.20201128.1.mga8
libstdc++6-10.2.1-0.20201128.1.mga8
libstdc++-devel-10.2.1-0.20201128.1.mga8
libtirpc-1.3.1-1.mga8
libtool-base-2.4.6-13.mga8
libuser-0.62-16.mga8
libutempter-1.2.1-1.mga8
libwacom-1.6-1.mga8
libxml2-utils-2.9.10-5.mga8
locales-2.32-2.mga8
logrotate-3.17.0-1.mga8
lsb-release-3.1-1.mga8
m4-1.4.18-3.mga8
mageia-release-common-8-0.16.mga8
mageia-release-Default-8-0.16.mga8
mageia-repos-8-0.0.4.mga8
mageia-repos-cauldron-8-0.0.4.mga8
mageia-repos-keys-8-0.0.4.mga8
mageia-repos-pkgprefs-8-0.0.4.mga8
make-4.3-2.mga8
makedev-4.4-26.mga8
mesa-20.3.0-1.mga8
meta-task-8-0.28.mga8
mkfontscale-1.2.1-2.mga8
multiarch-utils-1.0.14-3.mga8
ncurses-6.2-20201121.1.mga8
net-tools-2.0-0.20150915git.6.mga8
ninja-1.10.1-1.mga8
nss-myhostname-246.6-2.mga8
nss_tcb-1.1-10.mga8
ocaml-srpm-macros-6-2.mga8
openjade-1.3.3-0.pre1.26.mga8
openldap-2.4.56-1.mga8
opensp-1.5.2-21.mga8
openssh-8.4p1-2.mga8
openssh-clients-8.4p1-2.mga8
openssl-1.1.1h-1.mga8
p11-kit-0.23.21-1.mga8
p11-kit-trust-0.23.21-1.mga8
pam-1.3.1-4.mga8
pam_tcb-1.1-10.mga8
passwd-0.80-2.mga8
patch-2.7.6-6.mga8
pcre-8.44-1.mga8
perl-5.32.0-9.mga8
perl-base-5.32.0-9.mga8
perl-Config-IniFiles-3.0.3-1.mga8
perl-DBI-1.643.0-3.mga8
perl-Error-0.170.290-3.mga8
perl-Exporter-Tiny-1.2.2-1.mga8
perl-File-Slurp-9999.320.0-1.mga8
perl-File-Sync-0.110.0-31.mga8
perl-Filesys-Df-0.920.0-31.mga8
perl-Git-2.29.2-1.mga8
perl-IO-stringy-2.113.0-1.mga8
perl-JSON-4.20.0-2.mga8
perl-List-MoreUtils-0.430.0-1.mga8
perl-List-MoreUtils-XS-0.430-1.mga8
perl-Locale-gettext-1.70.0-13.mga8
perl-MDK-Common-1.2.34.2-4.mga8
perl-MDV-Distribconf-4.101.0-3.mga8
perl-MDV-Packdrakeng-1.130.0-6.mga8
perl-SGMLSpm-1.03ii-4.mga8
perl-srpm-macros-1-34.mga8
perl-Time-ZoneInfo-0.300.0-10.mga8
perl-URPM-5.123-1.mga8
perl-XML-LibXML-2.20.600-1.mga8
perl-XML-NamespaceSupport-1.120.0-3.mga8
perl-XML-SAX-1.20.0-2.mga8
perl-XML-SAX-Base-1.90.0-4.mga8
perl-YAML-1.300.0-2.mga8
perl-YAML-Tiny-1.730.0-3.mga8
pkgconf-1.7.3-1.mga8
pkgconf-m4-1.7.3-1.mga8
pkgconf-pkg-config-1.7.3-1.mga8
popt-data-1.18-1.mga8
procps-ng-3.3.16-2.mga8
psmisc-23.3-3.mga8
publicsuffix-list-dafsa-20201130-1.mga8
python3-3.8.5-1.mga8
python3-numpy-1.19.4-1.mga8
python3-numpy-devel-1.19.4-1.mga8
python3-pkg-resources-50.3.2-1.mga8
python3-pygments-2.7.2-1.mga8
python3-rpm-generators-11-4.mga8
python3-rpm-macros-3.9-5.mga8
python3-setuptools-50.3.2-1.mga8
python3-six-1.15.0-1.mga8
python-pip-wheel-20.1.1-1.mga8
python-rpm-macros-3.9-5.mga8
python-setuptools-wheel-50.3.2-1.mga8
python-srpm-macros-3.9-5.mga8
qtbase5-common-5.15.1-5.mga8
qtbase5-common-devel-5.15.1-5.mga8
qtcharts5-5.15.1-1.mga8
qtsvg5-5.15.1-1.mga8
qttranslations5-5.15.1-1.mga8
qtwayland5-5.15.1-2.mga8
resolvconf-1.79-5.mga8
rmt-0.4b46-8.mga8
rootcerts-20201201.00-2.mga8
rootfiles-11.0-16.mga8
rpm-4.16.0-4.mga8
rpm-build-4.16.0-4.mga8
rpm-helper-0.24.20-1.mga8
rpm-mageia-setup-2.57-2.mga8
rpm-mageia-setup-build-2.57-2.mga8
rsync-3.2.2-2.mga8
run-parts-4.8.4-3.mga8
rust-srpm-macros-16-1.mga8
sash-3.8-9.mga8
sed-4.8-3.mga8
setup-2.7.25-1.mga8
sgml-common-0.6.3-28.mga8
shadow-utils-4.6-2.mga8
shared-mime-info-2.0-2.mga8
source-highlight-3.1.9-6.mga8
spec-helper-0.31.23-1.mga8
sudo-1.9.4-1.mga8
systemd-246.6-2.mga8
systemd-devel-246.6-2.mga8
tar-1.32-3.mga8
tcb-1.1-10.mga8
time-1.9-4.mga8
timezone-2020d-2.mga8
traceroute-2.1.0-3.mga8
tslib-common-1.22-1.mga8
unzip-6.1c-8.mga8
urpmi-8.124-1.mga8
util-linux-2.36.1-4.mga8
vim-minimal-8.2.2086-2.mga8
vulkan-headers-1.2.154.0-1.mga8
which-2.21-6.mga8
x11-font-daewoo-misc-1.0.3-9.mga8
x11-font-isas-misc-1.0.3-9.mga8
x11-font-jis-misc-1.0.3-9.mga8
x11-proto-devel-2020.1-2.mga8
xsltproc-1.1.34-2.mga8
xz-5.2.5-1.mga8
zstd-1.4.5-4.mga8
