INFO buildroot.py:348:  Mock Version: 1.4.8
DEBUG util.py:110:  ensuring that dir exists: /mock/cauldron/x64/dev/pts
DEBUG util.py:113:  creating dir: /mock/cauldron/x64/dev/pts
DEBUG util.py:110:  ensuring that dir exists: /mock/cauldron/x64/dev/shm
DEBUG util.py:113:  creating dir: /mock/cauldron/x64/dev/shm
DEBUG buildroot.py:479:  kernel version == 4.9.77-ck1
DEBUG util.py:123:  touching file: /mock/cauldron/x64/etc/fstab
DEBUG util.py:123:  touching file: /mock/cauldron/x64/etc/yum/yum.conf
DEBUG util.py:123:  touching file: /mock/cauldron/x64/etc/dnf/dnf.conf
DEBUG util.py:123:  touching file: /mock/cauldron/x64/var/log/yum.log
DEBUG util.py:110:  ensuring that dir exists: /mock/cauldron/x64/var/cache/dnf/
DEBUG util.py:636:  child environment: None
DEBUG util.py:562:  Executing command: ['/bin/mount', '-n', '--bind', '/var/cache/mock/mageia-cauldron-x86_64/dnf_cache/', '/mock/cauldron/x64/var/cache/dnf/'] with env {'HOME': '/builddir', 'LANG': 'en_US.UTF-8', 'SHELL': '/bin/sh', 'TERM': 'vt100', 'HOSTNAME': 'mock', 'PATH': '/usr/bin:/bin:/usr/sbin:/sbin'} and shell False
DEBUG util.py:617:  Child return code was: 0
DEBUG buildroot.py:142:  rootdir = /mock/cauldron/x64
DEBUG buildroot.py:143:  resultdir = mock
DEBUG util.py:110:  ensuring that dir exists: /mock/cauldron/x64/etc/pki/mock
DEBUG util.py:110:  ensuring that dir exists: /mock/cauldron/x64/etc/dnf
DEBUG util.py:636:  child environment: None
DEBUG util.py:562:  Executing command: ['/usr/bin/systemd-nspawn', '-q', '-M', '986df099deab4c98ae4dd87d346f6b24', '-D', '/mock/cauldron/x64', '-a', '--setenv=HOME=/builddir', '--setenv=PROMPT_COMMAND=printf "\\033]0;<mock-chroot>\\007"', '--setenv=HOSTNAME=mock', '--setenv=PATH=/usr/bin:/bin:/usr/sbin:/sbin', '--setenv=LANG=en_US.UTF-8', '--setenv=SHELL=/bin/bash', '--setenv=TERM=vt100', '--setenv=PS1=<mock-chroot> \\s-\\v\\$ ', '/usr/sbin/userdel', '-r', '-f', 'mockbuild'] with env {'HOME': '/builddir', 'PROMPT_COMMAND': 'printf "\\033]0;<mock-chroot>\\007"', 'HOSTNAME': 'mock', 'PATH': '/usr/bin:/bin:/usr/sbin:/sbin', 'LANG': 'en_US.UTF-8', 'SHELL': '/bin/bash', 'TERM': 'vt100', 'PS1': '<mock-chroot> \\s-\\v\\$ '} and shell False
DEBUG util.py:317:  Unsharing. Flags: 134217728
DEBUG util.py:479:  userdel: mockbuild mail spool (/var/spool/mail/mockbuild) not found
DEBUG util.py:617:  Child return code was: 0
DEBUG util.py:636:  child environment: None
DEBUG util.py:562:  Executing command: ['/usr/bin/systemd-nspawn', '-q', '-M', '959485f782f6404ea6f8c699fa9d716c', '-D', '/mock/cauldron/x64', '-a', '--setenv=HOME=/builddir', '--setenv=PROMPT_COMMAND=printf "\\033]0;<mock-chroot>\\007"', '--setenv=HOSTNAME=mock', '--setenv=PATH=/usr/bin:/bin:/usr/sbin:/sbin', '--setenv=LANG=en_US.UTF-8', '--setenv=SHELL=/bin/bash', '--setenv=TERM=vt100', '--setenv=PS1=<mock-chroot> \\s-\\v\\$ ', '/usr/sbin/groupdel', 'mock'] with env {'HOME': '/builddir', 'PROMPT_COMMAND': 'printf "\\033]0;<mock-chroot>\\007"', 'HOSTNAME': 'mock', 'PATH': '/usr/bin:/bin:/usr/sbin:/sbin', 'LANG': 'en_US.UTF-8', 'SHELL': '/bin/bash', 'TERM': 'vt100', 'PS1': '<mock-chroot> \\s-\\v\\$ '} and shell False
DEBUG util.py:317:  Unsharing. Flags: 134217728
DEBUG util.py:617:  Child return code was: 0
DEBUG util.py:636:  child environment: None
DEBUG util.py:562:  Executing command: ['/usr/bin/systemd-nspawn', '-q', '-M', '2ec18d70da8a484ba159a7d5b6167ab3', '-D', '/mock/cauldron/x64', '-a', '--setenv=HOME=/builddir', '--setenv=PROMPT_COMMAND=printf "\\033]0;<mock-chroot>\\007"', '--setenv=HOSTNAME=mock', '--setenv=PATH=/usr/bin:/bin:/usr/sbin:/sbin', '--setenv=LANG=en_US.UTF-8', '--setenv=SHELL=/bin/bash', '--setenv=TERM=vt100', '--setenv=PS1=<mock-chroot> \\s-\\v\\$ ', '/usr/sbin/groupadd', '-g', '135', 'mock'] with env {'HOME': '/builddir', 'PROMPT_COMMAND': 'printf "\\033]0;<mock-chroot>\\007"', 'HOSTNAME': 'mock', 'PATH': '/usr/bin:/bin:/usr/sbin:/sbin', 'LANG': 'en_US.UTF-8', 'SHELL': '/bin/bash', 'TERM': 'vt100', 'PS1': '<mock-chroot> \\s-\\v\\$ '} and shell False
DEBUG util.py:317:  Unsharing. Flags: 134217728
DEBUG util.py:617:  Child return code was: 0
DEBUG util.py:636:  child environment: None
DEBUG util.py:562:  Executing command: ['/usr/bin/systemd-nspawn', '-q', '-M', 'b4a01903a3a0447993b1e27b5ae3bc4e', '-D', '/mock/cauldron/x64', '-a', '--setenv=HOME=/builddir', '--setenv=PROMPT_COMMAND=printf "\\033]0;<mock-chroot>\\007"', '--setenv=HOSTNAME=mock', '--setenv=PATH=/usr/bin:/bin:/usr/sbin:/sbin', '--setenv=LANG=en_US.UTF-8', '--setenv=SHELL=/bin/bash', '--setenv=TERM=vt100', '--setenv=PS1=<mock-chroot> \\s-\\v\\$ ', '/usr/sbin/useradd', '-o', '-m', '-u', '1000', '-g', '135', '-d', '/builddir', 'mockbuild'] with env {'HOME': '/builddir', 'PROMPT_COMMAND': 'printf "\\033]0;<mock-chroot>\\007"', 'HOSTNAME': 'mock', 'PATH': '/usr/bin:/bin:/usr/sbin:/sbin', 'LANG': 'en_US.UTF-8', 'SHELL': '/bin/bash', 'TERM': 'vt100', 'PS1': '<mock-chroot> \\s-\\v\\$ '} and shell False
DEBUG util.py:317:  Unsharing. Flags: 134217728
DEBUG util.py:617:  Child return code was: 0
DEBUG util.py:110:  ensuring that dir exists: /mock/cauldron/x64/builddir/build/RPMS
DEBUG util.py:113:  creating dir: /mock/cauldron/x64/builddir/build/RPMS
DEBUG util.py:110:  ensuring that dir exists: /mock/cauldron/x64/builddir/build/SPECS
DEBUG util.py:113:  creating dir: /mock/cauldron/x64/builddir/build/SPECS
DEBUG util.py:110:  ensuring that dir exists: /mock/cauldron/x64/builddir/build/SRPMS
DEBUG util.py:113:  creating dir: /mock/cauldron/x64/builddir/build/SRPMS
DEBUG util.py:110:  ensuring that dir exists: /mock/cauldron/x64/builddir/build/SOURCES
DEBUG util.py:113:  creating dir: /mock/cauldron/x64/builddir/build/SOURCES
DEBUG util.py:110:  ensuring that dir exists: /mock/cauldron/x64/builddir/build/BUILD
DEBUG util.py:113:  creating dir: /mock/cauldron/x64/builddir/build/BUILD
DEBUG util.py:110:  ensuring that dir exists: /mock/cauldron/x64/builddir/build/BUILDROOT
DEBUG util.py:113:  creating dir: /mock/cauldron/x64/builddir/build/BUILDROOT
DEBUG util.py:110:  ensuring that dir exists: /mock/cauldron/x64/builddir/build/originals
DEBUG util.py:113:  creating dir: /mock/cauldron/x64/builddir/build/originals
DEBUG util.py:110:  ensuring that dir exists: /mock/cauldron/x64/proc
DEBUG util.py:636:  child environment: None
DEBUG util.py:562:  Executing command: ['/bin/mount', '-n', '-t', 'proc', 'proc', '/mock/cauldron/x64/proc'] with env {'HOME': '/builddir', 'LANG': 'en_US.UTF-8', 'SHELL': '/bin/sh', 'TERM': 'vt100', 'HOSTNAME': 'mock', 'PATH': '/usr/bin:/bin:/usr/sbin:/sbin'} and shell False
DEBUG util.py:617:  Child return code was: 0
DEBUG util.py:110:  ensuring that dir exists: /mock/cauldron/x64/sys
DEBUG util.py:636:  child environment: None
DEBUG util.py:562:  Executing command: ['/bin/mount', '-n', '-t', 'sysfs', 'sysfs', '/mock/cauldron/x64/sys'] with env {'HOME': '/builddir', 'LANG': 'en_US.UTF-8', 'SHELL': '/bin/sh', 'TERM': 'vt100', 'HOSTNAME': 'mock', 'PATH': '/usr/bin:/bin:/usr/sbin:/sbin'} and shell False
DEBUG util.py:617:  Child return code was: 0
DEBUG util.py:110:  ensuring that dir exists: /mock/cauldron/x64/dev/shm
DEBUG util.py:636:  child environment: None
DEBUG util.py:562:  Executing command: ['/bin/mount', '-n', '-t', 'tmpfs', 'tmpfs', '/mock/cauldron/x64/dev/shm'] with env {'HOME': '/builddir', 'LANG': 'en_US.UTF-8', 'SHELL': '/bin/sh', 'TERM': 'vt100', 'HOSTNAME': 'mock', 'PATH': '/usr/bin:/bin:/usr/sbin:/sbin'} and shell False
DEBUG util.py:617:  Child return code was: 0
DEBUG util.py:110:  ensuring that dir exists: /mock/cauldron/x64/dev/pts
DEBUG util.py:636:  child environment: None
DEBUG util.py:562:  Executing command: ['/bin/mount', '-n', '-t', 'devpts', '-o', 'gid=5,mode=0620,ptmxmode=0666,newinstance', 'devpts', '/mock/cauldron/x64/dev/pts'] with env {'HOME': '/builddir', 'LANG': 'en_US.UTF-8', 'SHELL': '/bin/sh', 'TERM': 'vt100', 'HOSTNAME': 'mock', 'PATH': '/usr/bin:/bin:/usr/sbin:/sbin'} and shell False
DEBUG util.py:617:  Child return code was: 0
DEBUG package_manager.py:111:  ['/usr/bin/dnf', '--installroot', '/mock/cauldron/x64/', '-y', '--releasever', '7', '--disableplugin=local', '--setopt=deltarpm=False', 'update']
DEBUG util.py:636:  child environment: None
DEBUG util.py:562:  Executing command: ['/usr/bin/dnf', '--installroot', '/mock/cauldron/x64/', '-y', '--releasever', '7', '--disableplugin=local', '--setopt=deltarpm=False', 'update'] with env {'HOME': '/builddir', 'PROMPT_COMMAND': 'printf "\\033]0;<mock-chroot>\\007"', 'HOSTNAME': 'mock', 'PATH': '/usr/bin:/bin:/usr/sbin:/sbin', 'LANG': 'en_US.UTF-8', 'SHELL': '/bin/bash', 'TERM': 'vt100', 'LC_MESSAGES': 'C', 'PS1': '<mock-chroot> \\s-\\v\\$ '} and shell False
DEBUG util.py:479:  Mageia Cauldron - x86_64                                                                     4.0 MB/s |  37 MB     00:09    
DEBUG util.py:479:  Last metadata expiration check: 0:00:12 ago on Mon 22 Jan 2018 08:19:35 PM CET.
DEBUG util.py:479:  *** Please tell me who you are.
DEBUG util.py:479:  Run
DEBUG util.py:479:    git config --global user.email "you@example.com"
DEBUG util.py:479:    git config --global user.name "Your Name"
DEBUG util.py:479:  to set your account's default identity.
DEBUG util.py:479:  Omit --global to set the identity only in this repository.
DEBUG util.py:479:  fatal: unable to auto-detect email address (got 'root@dellirium.(none)')
DEBUG util.py:479:  warning: etckeeper failed to commit changes in /etc using git
DEBUG util.py:479:  Dependencies resolved.
DEBUG util.py:479:  =============================================================================================================================
DEBUG util.py:479:   Package                               Arch              Version                            Repository                  Size
DEBUG util.py:479:  =============================================================================================================================
DEBUG util.py:479:  Upgrading:
DEBUG util.py:479:   glibc                                 x86_64            6:2.22-27.mga7                     mageia-cauldron            5.5 M
DEBUG util.py:479:   glibc-devel                           x86_64            6:2.22-27.mga7                     mageia-cauldron            2.9 M
DEBUG util.py:479:   kbd                                   x86_64            2.0.4-1.mga7                       mageia-cauldron            1.6 M
DEBUG util.py:479:   kernel-userspace-headers              x86_64            4.14.14-4.mga7                     mageia-cauldron            1.0 M
DEBUG util.py:479:   lib64gdbm4                            x86_64            1.14-1.mga7                        mageia-cauldron             42 k
DEBUG util.py:479:   lib64rpm8                             x86_64            1:4.14.1-3.mga7                    mageia-cauldron            270 k
DEBUG util.py:479:   lib64rpmbuild8                        x86_64            1:4.14.1-3.mga7                    mageia-cauldron             92 k
DEBUG util.py:479:   lib64rpmsign8                         x86_64            1:4.14.1-3.mga7                    mageia-cauldron             31 k
DEBUG util.py:479:   publicsuffix-list-dafsa               noarch            20180111-1.mga7                    mageia-cauldron             44 k
DEBUG util.py:479:   python3-rpm                           x86_64            1:4.14.1-3.mga7                    mageia-cauldron             76 k
DEBUG util.py:479:   rootcerts                             noarch            1:20180104.00-1.mga7               mageia-cauldron            555 k
DEBUG util.py:479:   rpm                                   x86_64            1:4.14.1-3.mga7                    mageia-cauldron            464 k
DEBUG util.py:479:   rpm-build                             x86_64            1:4.14.1-3.mga7                    mageia-cauldron            120 k
DEBUG util.py:479:   rpm-plugin-syslog                     x86_64            1:4.14.1-3.mga7                    mageia-cauldron             27 k
DEBUG util.py:479:   rpm-plugin-systemd-inhibit            x86_64            1:4.14.1-3.mga7                    mageia-cauldron             28 k
DEBUG util.py:479:  Transaction Summary
DEBUG util.py:479:  =============================================================================================================================
DEBUG util.py:479:  Upgrade  15 Packages
DEBUG util.py:479:  Total size: 13 M
DEBUG util.py:479:  Total download size: 1.0 M
DEBUG util.py:479:  Downloading Packages:
DEBUG util.py:479:  [SKIPPED] glibc-2.22-27.mga7.x86_64.rpm: Already downloaded                                                                 
DEBUG util.py:479:  [SKIPPED] glibc-devel-2.22-27.mga7.x86_64.rpm: Already downloaded                                                           
DEBUG util.py:479:  [SKIPPED] kbd-2.0.4-1.mga7.x86_64.rpm: Already downloaded                                                                   
DEBUG util.py:479:  [SKIPPED] lib64gdbm4-1.14-1.mga7.x86_64.rpm: Already downloaded                                                             
DEBUG util.py:479:  [SKIPPED] lib64rpm8-4.14.1-3.mga7.x86_64.rpm: Already downloaded                                                            
DEBUG util.py:479:  [SKIPPED] lib64rpmbuild8-4.14.1-3.mga7.x86_64.rpm: Already downloaded                                                       
DEBUG util.py:479:  [SKIPPED] lib64rpmsign8-4.14.1-3.mga7.x86_64.rpm: Already downloaded                                                        
DEBUG util.py:479:  [SKIPPED] publicsuffix-list-dafsa-20180111-1.mga7.noarch.rpm: Already downloaded                                            
DEBUG util.py:479:  [SKIPPED] python3-rpm-4.14.1-3.mga7.x86_64.rpm: Already downloaded                                                          
DEBUG util.py:479:  [SKIPPED] rootcerts-20180104.00-1.mga7.noarch.rpm: Already downloaded                                                       
DEBUG util.py:479:  [SKIPPED] rpm-4.14.1-3.mga7.x86_64.rpm: Already downloaded                                                                  
DEBUG util.py:479:  [SKIPPED] rpm-build-4.14.1-3.mga7.x86_64.rpm: Already downloaded                                                            
DEBUG util.py:479:  [SKIPPED] rpm-plugin-syslog-4.14.1-3.mga7.x86_64.rpm: Already downloaded                                                    
DEBUG util.py:479:  [SKIPPED] rpm-plugin-systemd-inhibit-4.14.1-3.mga7.x86_64.rpm: Already downloaded                                           
DEBUG util.py:479:  [MIRROR] kernel-userspace-headers-4.14.14-4.mga7.x86_64.rpm: Status code: 404 for http://mirrors.netix.net/mageia/distrib/cauldron/x86_64/media/core/release/kernel-userspace-headers-4.14.14-4.mga7.x86_64.rpm
DEBUG util.py:479:  [MIRROR] kernel-userspace-headers-4.14.14-4.mga7.x86_64.rpm: Curl error (78): Remote file not found for ftp://ftp5.gwdg.de/pub/linux/mageia/distrib/cauldron/x86_64/media/core/release/kernel-userspace-headers-4.14.14-4.mga7.x86_64.rpm [RETR response: 550]
DEBUG util.py:479:  [MIRROR] kernel-userspace-headers-4.14.14-4.mga7.x86_64.rpm: Status code: 404 for https://ftp.fau.de/mageia/distrib/cauldron/x86_64/media/core/release/kernel-userspace-headers-4.14.14-4.mga7.x86_64.rpm
DEBUG util.py:479:  [MIRROR] kernel-userspace-headers-4.14.14-4.mga7.x86_64.rpm: Curl error (78): Remote file not found for ftp://mirror.onet.pl/pub/mirrors/mageia/distrib/cauldron/x86_64/media/core/release/kernel-userspace-headers-4.14.14-4.mga7.x86_64.rpm [RETR response: 550]
DEBUG util.py:479:  [MIRROR] kernel-userspace-headers-4.14.14-4.mga7.x86_64.rpm: Status code: 404 for http://ftp.snt.utwente.nl/pub/os/linux/mageia/distrib/cauldron/x86_64/media/core/release/kernel-userspace-headers-4.14.14-4.mga7.x86_64.rpm
DEBUG util.py:479:  (15/15): kernel-userspace-headers-4.14.14-4.mga7.x86_64.rpm                                  226 kB/s | 1.0 MB     00:04    
DEBUG util.py:479:  -----------------------------------------------------------------------------------------------------------------------------
DEBUG util.py:479:  Total                                                                                        210 kB/s | 1.0 MB     00:04     
DEBUG util.py:479:  Running transaction check
DEBUG util.py:479:  Transaction check succeeded.
DEBUG util.py:479:  Running transaction test
DEBUG util.py:479:  Transaction test succeeded.
DEBUG util.py:479:  Running transaction
DEBUG util.py:479:    Preparing        :                                                                                                     1/1 
DEBUG util.py:479:    Running scriptlet: glibc-6:2.22-27.mga7.x86_64                                                                        1/30 
DEBUG util.py:479:    Upgrading        : glibc-6:2.22-27.mga7.x86_64                                                                        1/30 
DEBUG util.py:479:    Running scriptlet: glibc-6:2.22-27.mga7.x86_64                                                                        1/30 
DEBUG util.py:479:  Running in chroot, ignoring request.
DEBUG util.py:479:    Upgrading        : lib64rpm8-1:4.14.1-3.mga7.x86_64                                                                   2/30 
DEBUG util.py:479:    Upgrading        : lib64rpmbuild8-1:4.14.1-3.mga7.x86_64                                                              3/30 
DEBUG util.py:479:    Running scriptlet: rpm-1:4.14.1-3.mga7.x86_64                                                                         4/30 
DEBUG util.py:479:    Upgrading        : rpm-1:4.14.1-3.mga7.x86_64                                                                         4/30 
DEBUG util.py:479:    Running scriptlet: rpm-1:4.14.1-3.mga7.x86_64                                                                         4/30 
DEBUG util.py:479:    Upgrading        : lib64rpmsign8-1:4.14.1-3.mga7.x86_64                                                               5/30 
DEBUG util.py:479:    Upgrading        : kernel-userspace-headers-4.14.14-4.mga7.x86_64                                                     6/30 
DEBUG util.py:479:    Running scriptlet: glibc-devel-6:2.22-27.mga7.x86_64                                                                  7/30 
DEBUG util.py:479:    Upgrading        : glibc-devel-6:2.22-27.mga7.x86_64                                                                  7/30 
DEBUG util.py:479:    Upgrading        : python3-rpm-1:4.14.1-3.mga7.x86_64                                                                 8/30 
DEBUG util.py:479:    Upgrading        : rpm-build-1:4.14.1-3.mga7.x86_64                                                                   9/30 
DEBUG util.py:479:    Upgrading        : rpm-plugin-syslog-1:4.14.1-3.mga7.x86_64                                                          10/30 
DEBUG util.py:479:    Upgrading        : rpm-plugin-systemd-inhibit-1:4.14.1-3.mga7.x86_64                                                 11/30 
DEBUG util.py:479:    Upgrading        : kbd-2.0.4-1.mga7.x86_64                                                                           12/30 
DEBUG util.py:479:    Upgrading        : lib64gdbm4-1.14-1.mga7.x86_64                                                                     13/30 
DEBUG util.py:479:    Upgrading        : rootcerts-1:20180104.00-1.mga7.noarch                                                             14/30 
DEBUG util.py:479:    Upgrading        : publicsuffix-list-dafsa-20180111-1.mga7.noarch                                                    15/30 
DEBUG util.py:479:    Cleanup          : glibc-devel-6:2.22-26.mga7.x86_64                                                                 16/30 
DEBUG util.py:479:    Cleanup          : rpm-build-1:4.14.1-1.mga7.x86_64                                                                  17/30 
DEBUG util.py:479:    Cleanup          : python3-rpm-1:4.14.1-1.mga7.x86_64                                                                18/30 
DEBUG util.py:479:    Cleanup          : rpm-1:4.14.1-1.mga7.x86_64                                                                        19/30 
DEBUG util.py:479:    Running scriptlet: rpm-1:4.14.1-1.mga7.x86_64                                                                        19/30 
DEBUG util.py:479:    Cleanup          : rpm-plugin-systemd-inhibit-1:4.14.1-1.mga7.x86_64                                                 20/30 
DEBUG util.py:479:    Cleanup          : rpm-plugin-syslog-1:4.14.1-1.mga7.x86_64                                                          21/30 
DEBUG util.py:479:    Cleanup          : lib64rpmbuild8-1:4.14.1-1.mga7.x86_64                                                             22/30 
DEBUG util.py:479:    Cleanup          : lib64rpmsign8-1:4.14.1-1.mga7.x86_64                                                              23/30 
DEBUG util.py:479:    Cleanup          : lib64rpm8-1:4.14.1-1.mga7.x86_64                                                                  24/30 
DEBUG util.py:479:    Cleanup          : lib64gdbm4-1.13-1.mga7.x86_64                                                                     25/30 
DEBUG util.py:479:    Cleanup          : kbd-2.0.3-1.mga6.x86_64                                                                           26/30 
DEBUG util.py:479:    Cleanup          : glibc-6:2.22-26.mga7.x86_64                                                                       27/30 
DEBUG util.py:479:    Cleanup          : kernel-userspace-headers-4.14.14-2.mga7.x86_64                                                    28/30 
DEBUG util.py:479:    Cleanup          : rootcerts-1:20171122.00-1.mga7.noarch                                                             29/30 
DEBUG util.py:479:    Cleanup          : publicsuffix-list-dafsa-20171028-1.mga7.noarch                                                    30/30 
DEBUG util.py:479:    Running scriptlet: glibc-6:2.22-27.mga7.x86_64                                                                       30/30 
DEBUG util.py:479:    Verifying        : glibc-6:2.22-27.mga7.x86_64                                                                        1/30 
DEBUG util.py:479:    Verifying        : glibc-devel-6:2.22-27.mga7.x86_64                                                                  2/30 
DEBUG util.py:479:    Verifying        : kbd-2.0.4-1.mga7.x86_64                                                                            3/30 
DEBUG util.py:479:    Verifying        : kernel-userspace-headers-4.14.14-4.mga7.x86_64                                                     4/30 
DEBUG util.py:479:    Verifying        : lib64gdbm4-1.14-1.mga7.x86_64                                                                      5/30 
DEBUG util.py:479:    Verifying        : lib64rpm8-1:4.14.1-3.mga7.x86_64                                                                   6/30 
DEBUG util.py:479:    Verifying        : lib64rpmbuild8-1:4.14.1-3.mga7.x86_64                                                              7/30 
DEBUG util.py:479:    Verifying        : lib64rpmsign8-1:4.14.1-3.mga7.x86_64                                                               8/30 
DEBUG util.py:479:    Verifying        : publicsuffix-list-dafsa-20180111-1.mga7.noarch                                                     9/30 
DEBUG util.py:479:    Verifying        : python3-rpm-1:4.14.1-3.mga7.x86_64                                                                10/30 
DEBUG util.py:479:    Verifying        : rootcerts-1:20180104.00-1.mga7.noarch                                                             11/30 
DEBUG util.py:479:    Verifying        : rpm-1:4.14.1-3.mga7.x86_64                                                                        12/30 
DEBUG util.py:479:    Verifying        : rpm-build-1:4.14.1-3.mga7.x86_64                                                                  13/30 
DEBUG util.py:479:    Verifying        : rpm-plugin-syslog-1:4.14.1-3.mga7.x86_64                                                          14/30 
DEBUG util.py:479:    Verifying        : rpm-plugin-systemd-inhibit-1:4.14.1-3.mga7.x86_64                                                 15/30 
DEBUG util.py:479:    Verifying        : lib64rpmbuild8-1:4.14.1-1.mga7.x86_64                                                             16/30 
DEBUG util.py:479:    Verifying        : lib64rpmsign8-1:4.14.1-1.mga7.x86_64                                                              17/30 
DEBUG util.py:479:    Verifying        : python3-rpm-1:4.14.1-1.mga7.x86_64                                                                18/30 
DEBUG util.py:479:    Verifying        : lib64gdbm4-1.13-1.mga7.x86_64                                                                     19/30 
DEBUG util.py:479:    Verifying        : rootcerts-1:20171122.00-1.mga7.noarch                                                             20/30 
DEBUG util.py:479:    Verifying        : rpm-1:4.14.1-1.mga7.x86_64                                                                        21/30 
DEBUG util.py:479:    Verifying        : rpm-build-1:4.14.1-1.mga7.x86_64                                                                  22/30 
DEBUG util.py:479:    Verifying        : glibc-6:2.22-26.mga7.x86_64                                                                       23/30 
DEBUG util.py:479:    Verifying        : glibc-devel-6:2.22-26.mga7.x86_64                                                                 24/30 
DEBUG util.py:479:    Verifying        : publicsuffix-list-dafsa-20171028-1.mga7.noarch                                                    25/30 
DEBUG util.py:479:    Verifying        : rpm-plugin-syslog-1:4.14.1-1.mga7.x86_64                                                          26/30 
DEBUG util.py:479:    Verifying        : rpm-plugin-systemd-inhibit-1:4.14.1-1.mga7.x86_64                                                 27/30 
DEBUG util.py:479:    Verifying        : kernel-userspace-headers-4.14.14-2.mga7.x86_64                                                    28/30 
DEBUG util.py:479:    Verifying        : kbd-2.0.3-1.mga6.x86_64                                                                           29/30 
DEBUG util.py:479:    Verifying        : lib64rpm8-1:4.14.1-1.mga7.x86_64                                                                  30/30 
DEBUG util.py:479:  *** Please tell me who you are.
DEBUG util.py:479:  Run
DEBUG util.py:479:    git config --global user.email "you@example.com"
DEBUG util.py:479:    git config --global user.name "Your Name"
DEBUG util.py:479:  to set your account's default identity.
DEBUG util.py:479:  Omit --global to set the identity only in this repository.
DEBUG util.py:479:  fatal: unable to auto-detect email address (got 'root@dellirium.(none)')
DEBUG util.py:479:  warning: etckeeper failed to commit changes in /etc using git
DEBUG util.py:479:  Upgraded:
DEBUG util.py:479:    glibc.x86_64 6:2.22-27.mga7                                    glibc-devel.x86_64 6:2.22-27.mga7                          
DEBUG util.py:479:    kbd.x86_64 2.0.4-1.mga7                                        kernel-userspace-headers.x86_64 4.14.14-4.mga7             
DEBUG util.py:479:    lib64gdbm4.x86_64 1.14-1.mga7                                  lib64rpm8.x86_64 1:4.14.1-3.mga7                           
DEBUG util.py:479:    lib64rpmbuild8.x86_64 1:4.14.1-3.mga7                          lib64rpmsign8.x86_64 1:4.14.1-3.mga7                       
DEBUG util.py:479:    publicsuffix-list-dafsa.noarch 20180111-1.mga7                 python3-rpm.x86_64 1:4.14.1-3.mga7                         
DEBUG util.py:479:    rootcerts.noarch 1:20180104.00-1.mga7                          rpm.x86_64 1:4.14.1-3.mga7                                 
DEBUG util.py:479:    rpm-build.x86_64 1:4.14.1-3.mga7                               rpm-plugin-syslog.x86_64 1:4.14.1-3.mga7                   
DEBUG util.py:479:    rpm-plugin-systemd-inhibit.x86_64 1:4.14.1-3.mga7             
DEBUG util.py:479:  Complete!
DEBUG util.py:617:  Child return code was: 0
DEBUG util.py:636:  child environment: None
DEBUG util.py:562:  Executing command: ['/bin/umount', '-n', '-l', '/mock/cauldron/x64/dev/pts'] with env {'HOME': '/builddir', 'LANG': 'en_US.UTF-8', 'SHELL': '/bin/sh', 'TERM': 'vt100', 'HOSTNAME': 'mock', 'PATH': '/usr/bin:/bin:/usr/sbin:/sbin'} and shell False
DEBUG util.py:617:  Child return code was: 0
DEBUG util.py:636:  child environment: None
DEBUG util.py:562:  Executing command: ['/bin/umount', '-n', '-l', '/mock/cauldron/x64/dev/shm'] with env {'HOME': '/builddir', 'LANG': 'en_US.UTF-8', 'SHELL': '/bin/sh', 'TERM': 'vt100', 'HOSTNAME': 'mock', 'PATH': '/usr/bin:/bin:/usr/sbin:/sbin'} and shell False
DEBUG util.py:617:  Child return code was: 0
DEBUG util.py:636:  child environment: None
DEBUG util.py:562:  Executing command: ['/bin/umount', '-n', '-l', '/mock/cauldron/x64/sys'] with env {'HOME': '/builddir', 'LANG': 'en_US.UTF-8', 'SHELL': '/bin/sh', 'TERM': 'vt100', 'HOSTNAME': 'mock', 'PATH': '/usr/bin:/bin:/usr/sbin:/sbin'} and shell False
DEBUG util.py:617:  Child return code was: 0
DEBUG util.py:636:  child environment: None
DEBUG util.py:562:  Executing command: ['/bin/umount', '-n', '-l', '/mock/cauldron/x64/proc'] with env {'HOME': '/builddir', 'LANG': 'en_US.UTF-8', 'SHELL': '/bin/sh', 'TERM': 'vt100', 'HOSTNAME': 'mock', 'PATH': '/usr/bin:/bin:/usr/sbin:/sbin'} and shell False
DEBUG util.py:617:  Child return code was: 0
DEBUG util.py:123:  touching file: /mock/cauldron/x64/.initialized
DEBUG util.py:636:  child environment: None
DEBUG util.py:562:  Executing command: ['/usr/bin/systemd-nspawn', '-q', '-M', '21980b5204c449dc9f58dd0d567e9593', '-D', '/mock/cauldron/x64', '-a', '--setenv=HOME=/builddir', '--setenv=PROMPT_COMMAND=printf "\\033]0;<mock-chroot>\\007"', '--setenv=HOSTNAME=mock', '--setenv=PATH=/usr/bin:/bin:/usr/sbin:/sbin', '--setenv=LANG=en_US.UTF-8', '--setenv=SHELL=/bin/bash', '--setenv=TERM=vt100', '--setenv=PS1=<mock-chroot> \\s-\\v\\$ ', '-u', 'mockbuild', '/bin/rpm', '-Uvh', '--nodeps', '/builddir/build/originals/bazel-0.9.0-2.mga7.src.rpm'] with env {'HOME': '/builddir', 'PROMPT_COMMAND': 'printf "\\033]0;<mock-chroot>\\007"', 'HOSTNAME': 'mock', 'PATH': '/usr/bin:/bin:/usr/sbin:/sbin', 'LANG': 'en_US.UTF-8', 'SHELL': '/bin/bash', 'TERM': 'vt100', 'PS1': '<mock-chroot> \\s-\\v\\$ '} and shell False
DEBUG util.py:317:  Unsharing. Flags: 1073741824
DEBUG util.py:317:  Unsharing. Flags: 134217728
DEBUG util.py:479:  Updating / installing...
DEBUG util.py:479:  bazel-0.9.0-2.mga7                    warning: user stig does not exist - using root
DEBUG util.py:479:  warning: group stig does not exist - using root
DEBUG util.py:479:  ########################################
DEBUG util.py:479:  warning: user stig does not exist - using root
DEBUG util.py:479:  warning: group stig does not exist - using root
DEBUG util.py:479:  warning: user stig does not exist - using root
DEBUG util.py:479:  warning: group stig does not exist - using root
DEBUG util.py:617:  Child return code was: 0
DEBUG util.py:636:  child environment: None
DEBUG util.py:562:  Executing command: ['/usr/bin/systemd-nspawn', '-q', '-M', '29def2f3d05f4710aff0a3f51ac1851a', '-D', '/mock/cauldron/x64', '-a', '--setenv=HOME=/builddir', '--setenv=PROMPT_COMMAND=printf "\\033]0;<mock-chroot>\\007"', '--setenv=HOSTNAME=mock', '--setenv=PATH=/usr/bin:/bin:/usr/sbin:/sbin', '--setenv=LANG=en_US.UTF-8', '--setenv=SHELL=/bin/bash', '--setenv=TERM=vt100', '--setenv=PS1=<mock-chroot> \\s-\\v\\$ ', '-u', 'mockbuild', '/bin/rpm', '-qpl', '/builddir/build/originals/bazel-0.9.0-2.mga7.src.rpm'] with env {'HOME': '/builddir', 'PROMPT_COMMAND': 'printf "\\033]0;<mock-chroot>\\007"', 'HOSTNAME': 'mock', 'PATH': '/usr/bin:/bin:/usr/sbin:/sbin', 'LANG': 'en_US.UTF-8', 'SHELL': '/bin/bash', 'TERM': 'vt100', 'PS1': '<mock-chroot> \\s-\\v\\$ '} and shell False
DEBUG util.py:317:  Unsharing. Flags: 1073741824
DEBUG util.py:317:  Unsharing. Flags: 134217728
DEBUG util.py:479:  bazel-0.9.0-dist.zip
DEBUG util.py:479:  bazel-0.9.0-mga-fix-32bit-build.patch
DEBUG util.py:479:  bazel.spec
DEBUG util.py:617:  Child return code was: 0
DEBUG util.py:636:  child environment: None
DEBUG util.py:317:  Unsharing. Flags: 1073741824
DEBUG util.py:317:  Unsharing. Flags: 134217728
DEBUG util.py:110:  ensuring that dir exists: /mock/cauldron/x64/proc
DEBUG util.py:636:  child environment: None
DEBUG util.py:562:  Executing command: ['/bin/mount', '-n', '-t', 'proc', 'proc', '/mock/cauldron/x64/proc'] with env {'HOME': '/builddir', 'LANG': 'en_US.UTF-8', 'SHELL': '/bin/sh', 'TERM': 'vt100', 'HOSTNAME': 'mock', 'PATH': '/usr/bin:/bin:/usr/sbin:/sbin'} and shell False
DEBUG util.py:617:  Child return code was: 0
DEBUG util.py:110:  ensuring that dir exists: /mock/cauldron/x64/sys
DEBUG util.py:636:  child environment: None
DEBUG util.py:562:  Executing command: ['/bin/mount', '-n', '-t', 'sysfs', 'sysfs', '/mock/cauldron/x64/sys'] with env {'HOME': '/builddir', 'LANG': 'en_US.UTF-8', 'SHELL': '/bin/sh', 'TERM': 'vt100', 'HOSTNAME': 'mock', 'PATH': '/usr/bin:/bin:/usr/sbin:/sbin'} and shell False
DEBUG util.py:617:  Child return code was: 0
DEBUG util.py:110:  ensuring that dir exists: /mock/cauldron/x64/dev/shm
DEBUG util.py:636:  child environment: None
DEBUG util.py:562:  Executing command: ['/bin/mount', '-n', '-t', 'tmpfs', 'tmpfs', '/mock/cauldron/x64/dev/shm'] with env {'HOME': '/builddir', 'LANG': 'en_US.UTF-8', 'SHELL': '/bin/sh', 'TERM': 'vt100', 'HOSTNAME': 'mock', 'PATH': '/usr/bin:/bin:/usr/sbin:/sbin'} and shell False
DEBUG util.py:617:  Child return code was: 0
DEBUG util.py:110:  ensuring that dir exists: /mock/cauldron/x64/dev/pts
DEBUG util.py:636:  child environment: None
DEBUG util.py:562:  Executing command: ['/bin/mount', '-n', '-t', 'devpts', '-o', 'gid=5,mode=0620,ptmxmode=0666,newinstance', 'devpts', '/mock/cauldron/x64/dev/pts'] with env {'HOME': '/builddir', 'LANG': 'en_US.UTF-8', 'SHELL': '/bin/sh', 'TERM': 'vt100', 'HOSTNAME': 'mock', 'PATH': '/usr/bin:/bin:/usr/sbin:/sbin'} and shell False
DEBUG util.py:617:  Child return code was: 0
DEBUG package_manager.py:111:  ['/usr/bin/dnf', 'builddep', '--installroot', '/mock/cauldron/x64/', '--releasever', '7', '/mock/cauldron/x64//builddir/build/SRPMS/bazel-0.9.0-2.mga7.src.rpm']
DEBUG util.py:636:  child environment: None
DEBUG util.py:562:  Executing command: ['/usr/bin/dnf', 'builddep', '--installroot', '/mock/cauldron/x64/', '--releasever', '7', '/mock/cauldron/x64//builddir/build/SRPMS/bazel-0.9.0-2.mga7.src.rpm'] with env {'HOME': '/builddir', 'PROMPT_COMMAND': 'printf "\\033]0;<mock-chroot>\\007"', 'HOSTNAME': 'mock', 'PATH': '/usr/bin:/bin:/usr/sbin:/sbin', 'LANG': 'en_US.UTF-8', 'SHELL': '/bin/bash', 'TERM': 'vt100', 'LC_MESSAGES': 'C', 'PS1': '<mock-chroot> \\s-\\v\\$ '} and shell False
DEBUG util.py:479:  Mageia Cauldron - x86_64                                                                     4.0 MB/s |  37 MB     00:09    
DEBUG util.py:479:  Last metadata expiration check: 0:00:14 ago on Mon 22 Jan 2018 08:20:20 PM CET.
DEBUG util.py:479:  No matching package to install: 'bazel'
DEBUG util.py:479:  Not all dependencies satisfied
DEBUG util.py:479:  Error: Some packages could not be found.
DEBUG util.py:617:  Child return code was: 1
DEBUG util.py:636:  child environment: None
DEBUG util.py:562:  Executing command: ['/bin/umount', '-n', '-l', '/mock/cauldron/x64/dev/pts'] with env {'HOME': '/builddir', 'LANG': 'en_US.UTF-8', 'SHELL': '/bin/sh', 'TERM': 'vt100', 'HOSTNAME': 'mock', 'PATH': '/usr/bin:/bin:/usr/sbin:/sbin'} and shell False
DEBUG util.py:617:  Child return code was: 0
DEBUG util.py:636:  child environment: None
DEBUG util.py:562:  Executing command: ['/bin/umount', '-n', '-l', '/mock/cauldron/x64/dev/shm'] with env {'HOME': '/builddir', 'LANG': 'en_US.UTF-8', 'SHELL': '/bin/sh', 'TERM': 'vt100', 'HOSTNAME': 'mock', 'PATH': '/usr/bin:/bin:/usr/sbin:/sbin'} and shell False
DEBUG util.py:617:  Child return code was: 0
DEBUG util.py:636:  child environment: None
DEBUG util.py:562:  Executing command: ['/bin/umount', '-n', '-l', '/mock/cauldron/x64/sys'] with env {'HOME': '/builddir', 'LANG': 'en_US.UTF-8', 'SHELL': '/bin/sh', 'TERM': 'vt100', 'HOSTNAME': 'mock', 'PATH': '/usr/bin:/bin:/usr/sbin:/sbin'} and shell False
DEBUG util.py:617:  Child return code was: 0
DEBUG util.py:636:  child environment: None
DEBUG util.py:562:  Executing command: ['/bin/umount', '-n', '-l', '/mock/cauldron/x64/proc'] with env {'HOME': '/builddir', 'LANG': 'en_US.UTF-8', 'SHELL': '/bin/sh', 'TERM': 'vt100', 'HOSTNAME': 'mock', 'PATH': '/usr/bin:/bin:/usr/sbin:/sbin'} and shell False
DEBUG util.py:617:  Child return code was: 0
DEBUG util.py:222:  kill orphans
DEBUG util.py:636:  child environment: None
DEBUG util.py:562:  Executing command: ['/bin/umount', '-n', '/mock/cauldron/x64/var/cache/dnf/'] with env {'HOME': '/builddir', 'LANG': 'en_US.UTF-8', 'SHELL': '/bin/sh', 'TERM': 'vt100', 'HOSTNAME': 'mock', 'PATH': '/usr/bin:/bin:/usr/sbin:/sbin'} and shell False
DEBUG util.py:617:  Child return code was: 0
DEBUG util.py:636:  child environment: None
DEBUG util.py:562:  Executing command: ['btrfs', 'subv', 'list', '/var/lib/mock'] with env {'HOME': '/builddir', 'LANG': 'en_US.UTF-8', 'SHELL': '/bin/sh', 'TERM': 'vt100', 'HOSTNAME': 'mock', 'PATH': '/usr/bin:/bin:/usr/sbin:/sbin'} and shell False
DEBUG util.py:479:  ERROR: not a btrfs filesystem: /var/lib/mock
DEBUG util.py:479:  ERROR: can't access '/var/lib/mock'
DEBUG util.py:617:  Child return code was: 1
DEBUG util.py:1339:  Please ignore the error above above about btrfs.
